Copyright 1986-2018 Xilinx, Inc. All Rights Reserved.
------------------------------------------------------------------------------------
| Tool Version : Vivado v.2018.3 (lin64) Build 2405991 Thu Dec  6 23:36:41 MST 2018
| Date         : Wed Mar  4 05:35:39 2020
| Host         : GCS running 64-bit Ubuntu 18.04.4 LTS
| Command      : report_timing -file post_synth_timing.rpt
| Design       : conv1
| Device       : 7vx690t-ffg1157
| Speed File   : -3  PRODUCTION 1.11 2014-09-11
------------------------------------------------------------------------------------

Timing Report

Slack (VIOLATED) :        -0.564ns  (required time - arrival time)
  Source:                 u_1/o1_reg_0_0/CLKARDCLK
                            (rising edge-triggered cell RAMB36E1 clocked by clk  {rise@0.000ns fall@2.500ns period=5.000ns})
  Destination:            genblk1[0].mac_i/mul_out_reg/A[0]
                            (rising edge-triggered cell DSP48E1 clocked by clk  {rise@0.000ns fall@2.500ns period=5.000ns})
  Path Group:             clk
  Path Type:              Setup (Max at Slow Process Corner)
  Requirement:            5.000ns  (clk rise@5.000ns - clk rise@0.000ns)
  Data Path Delay:        3.183ns  (logic 2.249ns (70.660%)  route 0.934ns (29.340%))
  Logic Levels:           2  (LUT6=1 RAMB36E1=1)
  Clock Path Skew:        -0.025ns (DCD - SCD + CPR)
    Destination Clock Delay (DCD):    0.483ns = ( 5.483 - 5.000 ) 
    Source Clock Delay      (SCD):    0.508ns
    Clock Pessimism Removal (CPR):    0.000ns
  Clock Uncertainty:      0.035ns  ((TSJ^2 + TIJ^2)^1/2 + DJ) / 2 + PE
    Total System Jitter     (TSJ):    0.071ns
    Total Input Jitter      (TIJ):    0.000ns
    Discrete Jitter          (DJ):    0.000ns
    Phase Error              (PE):    0.000ns

    Location             Delay type                Incr(ns)  Path(ns)    Netlist Resource(s)
  -------------------------------------------------------------------    -------------------
                         (clock clk rise edge)        0.000     0.000 r  
                                                      0.000     0.000 r  clk (IN)
                         net (fo=1375, unset)         0.508     0.508    u_1/clk
                         RAMB36E1                                     r  u_1/o1_reg_0_0/CLKARDCLK
  -------------------------------------------------------------------    -------------------
                         RAMB36E1 (Prop_ramb36e1_CLKARDCLK_CASCADEOUTA)
                                                      1.915     2.423 r  u_1/o1_reg_0_0/CASCADEOUTA
                         net (fo=1, unplaced)         0.065     2.488    u_1/o1_reg_0_0_n_0
                         RAMB36E1 (Prop_ramb36e1_CASCADEINA_DOADO[0])
                                                      0.291     2.779 r  u_1/o1_reg_1_0/DOADO[0]
                         net (fo=1, unplaced)         0.434     3.213    u_1/o1_reg_1_0_n_35
                         LUT6 (Prop_lut6_I5_O)        0.043     3.256 r  u_1/mul_out_reg_i_17/O
                         net (fo=64, unplaced)        0.434     3.691    genblk1[0].mac_i/A[0]
                         DSP48E1                                      r  genblk1[0].mac_i/mul_out_reg/A[0]
  -------------------------------------------------------------------    -------------------

                         (clock clk rise edge)        5.000     5.000 r  
                                                      0.000     5.000 r  clk (IN)
                         net (fo=1375, unset)         0.483     5.483    genblk1[0].mac_i/clk
                         DSP48E1                                      r  genblk1[0].mac_i/mul_out_reg/CLK
                         clock pessimism              0.000     5.483    
                         clock uncertainty           -0.035     5.447    
                         DSP48E1 (Setup_dsp48e1_CLK_A[0])
                                                     -2.320     3.127    genblk1[0].mac_i/mul_out_reg
  -------------------------------------------------------------------
                         required time                          3.127    
                         arrival time                          -3.691    
  -------------------------------------------------------------------
                         slack                                 -0.564    




