#-----------------------------------------------------------
# Vivado v2018.3 (64-bit)
# SW Build 2405991 on Thu Dec  6 23:36:41 MST 2018
# IP Build 2404404 on Fri Dec  7 01:43:56 MST 2018
# Start of session at: Thu Mar  5 04:15:56 2020
# Process ID: 6916
# Current directory: /home/gsaied/Desktop/old_rtl/first_layer
# Command line: vivado -project project_1/project_1.xpr
# Log file: /home/gsaied/Desktop/old_rtl/first_layer/vivado.log
# Journal file: /home/gsaied/Desktop/old_rtl/first_layer/vivado.jou
#-----------------------------------------------------------
start_gui
open_project project_1/project_1.xpr
Scanning sources...
Finished scanning sources
INFO: [IP_Flow 19-234] Refreshing IP repositories
INFO: [IP_Flow 19-1704] No user IP repositories specified
INFO: [IP_Flow 19-2313] Loaded Vivado IP repository '/tools/Xilinx/Vivado/2018.3/data/ip'.
open_project: Time (s): cpu = 00:00:18 ; elapsed = 00:00:07 . Memory (MB): peak = 6408.785 ; gain = 97.863 ; free physical = 2019 ; free virtual = 7161
update_compile_order -fileset sources_1
launch_simulation
INFO: [Vivado 12-5682] Launching behavioral simulation in '/home/gsaied/Desktop/old_rtl/first_layer/project_1/project_1.sim/sim_1/behav/xsim'
INFO: [SIM-utils-51] Simulation object is 'sim_1'
INFO: [SIM-utils-54] Inspecting design source files for 'conv1' in fileset 'sim_1'...
INFO: [SIM-utils-43] Exported '/home/gsaied/Desktop/old_rtl/first_layer/project_1/project_1.sim/sim_1/behav/xsim/file_58.mem'
INFO: [SIM-utils-43] Exported '/home/gsaied/Desktop/old_rtl/first_layer/project_1/project_1.sim/sim_1/behav/xsim/file_23.mem'
INFO: [SIM-utils-43] Exported '/home/gsaied/Desktop/old_rtl/first_layer/project_1/project_1.sim/sim_1/behav/xsim/file_3.mem'
INFO: [SIM-utils-43] Exported '/home/gsaied/Desktop/old_rtl/first_layer/project_1/project_1.sim/sim_1/behav/xsim/file_24.mem'
INFO: [SIM-utils-43] Exported '/home/gsaied/Desktop/old_rtl/first_layer/project_1/project_1.sim/sim_1/behav/xsim/file_32.mem'
INFO: [SIM-utils-43] Exported '/home/gsaied/Desktop/old_rtl/first_layer/project_1/project_1.sim/sim_1/behav/xsim/file_2.mem'
INFO: [SIM-utils-43] Exported '/home/gsaied/Desktop/old_rtl/first_layer/project_1/project_1.sim/sim_1/behav/xsim/file_15.mem'
INFO: [SIM-utils-43] Exported '/home/gsaied/Desktop/old_rtl/first_layer/project_1/project_1.sim/sim_1/behav/xsim/file_4.mem'
INFO: [SIM-utils-43] Exported '/home/gsaied/Desktop/old_rtl/first_layer/project_1/project_1.sim/sim_1/behav/xsim/file_22.mem'
INFO: [SIM-utils-43] Exported '/home/gsaied/Desktop/old_rtl/first_layer/project_1/project_1.sim/sim_1/behav/xsim/file_41.mem'
INFO: [SIM-utils-43] Exported '/home/gsaied/Desktop/old_rtl/first_layer/project_1/project_1.sim/sim_1/behav/xsim/file_48.mem'
INFO: [SIM-utils-43] Exported '/home/gsaied/Desktop/old_rtl/first_layer/project_1/project_1.sim/sim_1/behav/xsim/file_31.mem'
INFO: [SIM-utils-43] Exported '/home/gsaied/Desktop/old_rtl/first_layer/project_1/project_1.sim/sim_1/behav/xsim/file_49.mem'
INFO: [SIM-utils-43] Exported '/home/gsaied/Desktop/old_rtl/first_layer/project_1/project_1.sim/sim_1/behav/xsim/file_14.mem'
INFO: [SIM-utils-43] Exported '/home/gsaied/Desktop/old_rtl/first_layer/project_1/project_1.sim/sim_1/behav/xsim/file_40.mem'
INFO: [SIM-utils-43] Exported '/home/gsaied/Desktop/old_rtl/first_layer/project_1/project_1.sim/sim_1/behav/xsim/file_57.mem'
INFO: [SIM-utils-43] Exported '/home/gsaied/Desktop/old_rtl/first_layer/project_1/project_1.sim/sim_1/behav/xsim/file_64.mem'
INFO: [SIM-utils-43] Exported '/home/gsaied/Desktop/old_rtl/first_layer/project_1/project_1.sim/sim_1/behav/xsim/second_part.mem'
INFO: [SIM-utils-43] Exported '/home/gsaied/Desktop/old_rtl/first_layer/project_1/project_1.sim/sim_1/behav/xsim/file_34.mem'
INFO: [SIM-utils-43] Exported '/home/gsaied/Desktop/old_rtl/first_layer/project_1/project_1.sim/sim_1/behav/xsim/file_47.mem'
INFO: [SIM-utils-43] Exported '/home/gsaied/Desktop/old_rtl/first_layer/project_1/project_1.sim/sim_1/behav/xsim/file_21.mem'
INFO: [SIM-utils-43] Exported '/home/gsaied/Desktop/old_rtl/first_layer/project_1/project_1.sim/sim_1/behav/xsim/weights.mem'
INFO: [SIM-utils-43] Exported '/home/gsaied/Desktop/old_rtl/first_layer/project_1/project_1.sim/sim_1/behav/xsim/file_63.mem'
INFO: [SIM-utils-43] Exported '/home/gsaied/Desktop/old_rtl/first_layer/project_1/project_1.sim/sim_1/behav/xsim/file_50.mem'
INFO: [SIM-utils-43] Exported '/home/gsaied/Desktop/old_rtl/first_layer/project_1/project_1.sim/sim_1/behav/xsim/file_17.mem'
INFO: [SIM-utils-43] Exported '/home/gsaied/Desktop/old_rtl/first_layer/project_1/project_1.sim/sim_1/behav/xsim/file_59.mem'
INFO: [SIM-utils-43] Exported '/home/gsaied/Desktop/old_rtl/first_layer/project_1/project_1.sim/sim_1/behav/xsim/file_16.mem'
INFO: [SIM-utils-43] Exported '/home/gsaied/Desktop/old_rtl/first_layer/project_1/project_1.sim/sim_1/behav/xsim/file_46.mem'
INFO: [SIM-utils-43] Exported '/home/gsaied/Desktop/old_rtl/first_layer/project_1/project_1.sim/sim_1/behav/xsim/file_20.mem'
INFO: [SIM-utils-43] Exported '/home/gsaied/Desktop/old_rtl/first_layer/project_1/project_1.sim/sim_1/behav/xsim/file_9.mem'
INFO: [SIM-utils-43] Exported '/home/gsaied/Desktop/old_rtl/first_layer/project_1/project_1.sim/sim_1/behav/xsim/file_33.mem'
INFO: [SIM-utils-43] Exported '/home/gsaied/Desktop/old_rtl/first_layer/project_1/project_1.sim/sim_1/behav/xsim/file_29.mem'
INFO: [SIM-utils-43] Exported '/home/gsaied/Desktop/old_rtl/first_layer/project_1/project_1.sim/sim_1/behav/xsim/file_1.mem'
INFO: [SIM-utils-43] Exported '/home/gsaied/Desktop/old_rtl/first_layer/project_1/project_1.sim/sim_1/behav/xsim/file_51.mem'
INFO: [SIM-utils-43] Exported '/home/gsaied/Desktop/old_rtl/first_layer/project_1/project_1.sim/sim_1/behav/xsim/file_10.mem'
INFO: [SIM-utils-43] Exported '/home/gsaied/Desktop/old_rtl/first_layer/project_1/project_1.sim/sim_1/behav/xsim/bias.mem'
INFO: [SIM-utils-43] Exported '/home/gsaied/Desktop/old_rtl/first_layer/project_1/project_1.sim/sim_1/behav/xsim/file_8.mem'
INFO: [SIM-utils-43] Exported '/home/gsaied/Desktop/old_rtl/first_layer/project_1/project_1.sim/sim_1/behav/xsim/file_53.mem'
INFO: [SIM-utils-43] Exported '/home/gsaied/Desktop/old_rtl/first_layer/project_1/project_1.sim/sim_1/behav/xsim/file_36.mem'
INFO: [SIM-utils-43] Exported '/home/gsaied/Desktop/old_rtl/first_layer/project_1/project_1.sim/sim_1/behav/xsim/file_61.mem'
INFO: [SIM-utils-43] Exported '/home/gsaied/Desktop/old_rtl/first_layer/project_1/project_1.sim/sim_1/behav/xsim/file_45.mem'
INFO: [SIM-utils-43] Exported '/home/gsaied/Desktop/old_rtl/first_layer/project_1/project_1.sim/sim_1/behav/xsim/file_19.mem'
INFO: [SIM-utils-43] Exported '/home/gsaied/Desktop/old_rtl/first_layer/project_1/project_1.sim/sim_1/behav/xsim/file_37.mem'
INFO: [SIM-utils-43] Exported '/home/gsaied/Desktop/old_rtl/first_layer/project_1/project_1.sim/sim_1/behav/xsim/file_28.mem'
INFO: [SIM-utils-43] Exported '/home/gsaied/Desktop/old_rtl/first_layer/project_1/project_1.sim/sim_1/behav/xsim/file_54.mem'
INFO: [SIM-utils-43] Exported '/home/gsaied/Desktop/old_rtl/first_layer/project_1/project_1.sim/sim_1/behav/xsim/file_52.mem'
INFO: [SIM-utils-43] Exported '/home/gsaied/Desktop/old_rtl/first_layer/project_1/project_1.sim/sim_1/behav/xsim/file_35.mem'
INFO: [SIM-utils-43] Exported '/home/gsaied/Desktop/old_rtl/first_layer/project_1/project_1.sim/sim_1/behav/xsim/file_7.mem'
INFO: [SIM-utils-43] Exported '/home/gsaied/Desktop/old_rtl/first_layer/project_1/project_1.sim/sim_1/behav/xsim/file_44.mem'
INFO: [SIM-utils-43] Exported '/home/gsaied/Desktop/old_rtl/first_layer/project_1/project_1.sim/sim_1/behav/xsim/file_18.mem'
INFO: [SIM-utils-43] Exported '/home/gsaied/Desktop/old_rtl/first_layer/project_1/project_1.sim/sim_1/behav/xsim/file_62.mem'
INFO: [SIM-utils-43] Exported '/home/gsaied/Desktop/old_rtl/first_layer/project_1/project_1.sim/sim_1/behav/xsim/file_27.mem'
INFO: [SIM-utils-43] Exported '/home/gsaied/Desktop/old_rtl/first_layer/project_1/project_1.sim/sim_1/behav/xsim/file_39.mem'
INFO: [SIM-utils-43] Exported '/home/gsaied/Desktop/old_rtl/first_layer/project_1/project_1.sim/sim_1/behav/xsim/third_part.mem'
INFO: [SIM-utils-43] Exported '/home/gsaied/Desktop/old_rtl/first_layer/project_1/project_1.sim/sim_1/behav/xsim/first_part.mem'
INFO: [SIM-utils-43] Exported '/home/gsaied/Desktop/old_rtl/first_layer/project_1/project_1.sim/sim_1/behav/xsim/file_6.mem'
INFO: [SIM-utils-43] Exported '/home/gsaied/Desktop/old_rtl/first_layer/project_1/project_1.sim/sim_1/behav/xsim/file_43.mem'
INFO: [SIM-utils-43] Exported '/home/gsaied/Desktop/old_rtl/first_layer/project_1/project_1.sim/sim_1/behav/xsim/file_56.mem'
INFO: [SIM-utils-43] Exported '/home/gsaied/Desktop/old_rtl/first_layer/project_1/project_1.sim/sim_1/behav/xsim/file_13.mem'
INFO: [SIM-utils-43] Exported '/home/gsaied/Desktop/old_rtl/first_layer/project_1/project_1.sim/sim_1/behav/xsim/file_26.mem'
INFO: [SIM-utils-43] Exported '/home/gsaied/Desktop/old_rtl/first_layer/project_1/project_1.sim/sim_1/behav/xsim/file_30.mem'
INFO: [SIM-utils-43] Exported '/home/gsaied/Desktop/old_rtl/first_layer/project_1/project_1.sim/sim_1/behav/xsim/file_11.mem'
INFO: [SIM-utils-43] Exported '/home/gsaied/Desktop/old_rtl/first_layer/project_1/project_1.sim/sim_1/behav/xsim/file_60.mem'
INFO: [SIM-utils-43] Exported '/home/gsaied/Desktop/old_rtl/first_layer/project_1/project_1.sim/sim_1/behav/xsim/file_38.mem'
INFO: [SIM-utils-43] Exported '/home/gsaied/Desktop/old_rtl/first_layer/project_1/project_1.sim/sim_1/behav/xsim/img.mem'
INFO: [SIM-utils-43] Exported '/home/gsaied/Desktop/old_rtl/first_layer/project_1/project_1.sim/sim_1/behav/xsim/file_5.mem'
INFO: [SIM-utils-43] Exported '/home/gsaied/Desktop/old_rtl/first_layer/project_1/project_1.sim/sim_1/behav/xsim/file_25.mem'
INFO: [SIM-utils-43] Exported '/home/gsaied/Desktop/old_rtl/first_layer/project_1/project_1.sim/sim_1/behav/xsim/file_55.mem'
INFO: [SIM-utils-43] Exported '/home/gsaied/Desktop/old_rtl/first_layer/project_1/project_1.sim/sim_1/behav/xsim/file_12.mem'
INFO: [SIM-utils-43] Exported '/home/gsaied/Desktop/old_rtl/first_layer/project_1/project_1.sim/sim_1/behav/xsim/file_42.mem'
INFO: [USF-XSim-97] Finding global include files...
INFO: [USF-XSim-98] Fetching design files from 'sim_1'...
INFO: [USF-XSim-2] XSim::Compile design
INFO: [USF-XSim-61] Executing 'COMPILE and ANALYZE' step in '/home/gsaied/Desktop/old_rtl/first_layer/project_1/project_1.sim/sim_1/behav/xsim'
xvlog --incr --relax -prj conv1_vlog.prj
INFO: [VRFC 10-2263] Analyzing SystemVerilog file "/home/gsaied/Desktop/old_rtl/first_layer/biasing.sv" into library xil_defaultlib
INFO: [VRFC 10-311] analyzing module biasing_rom
INFO: [VRFC 10-2263] Analyzing SystemVerilog file "/home/gsaied/Desktop/old_rtl/first_layer/conv_mac.sv" into library xil_defaultlib
INFO: [VRFC 10-311] analyzing module conv_mac
INFO: [VRFC 10-2263] Analyzing SystemVerilog file "/home/gsaied/Desktop/old_rtl/first_layer/rom.sv" into library xil_defaultlib
INFO: [VRFC 10-311] analyzing module rom_array_layer_1
INFO: [VRFC 10-2263] Analyzing SystemVerilog file "/home/gsaied/Desktop/old_rtl/first_layer/wrapper_image.sv" into library xil_defaultlib
INFO: [VRFC 10-311] analyzing module wrapper_image
INFO: [VRFC 10-2263] Analyzing SystemVerilog file "/home/gsaied/Desktop/old_rtl/first_layer/conv1.sv" into library xil_defaultlib
INFO: [VRFC 10-311] analyzing module conv1
WARNING: [VRFC 10-3380] identifier 'row_end' is used before its declaration [/home/gsaied/Desktop/old_rtl/first_layer/conv1.sv:62]
WARNING: [VRFC 10-3380] identifier 'conv1_timer' is used before its declaration [/home/gsaied/Desktop/old_rtl/first_layer/conv1.sv:63]
WARNING: [VRFC 10-3380] identifier 'img_addr_counter' is used before its declaration [/home/gsaied/Desktop/old_rtl/first_layer/conv1.sv:67]
WARNING: [VRFC 10-3380] identifier 'img_rom_address' is used before its declaration [/home/gsaied/Desktop/old_rtl/first_layer/conv1.sv:68]
WARNING: [VRFC 10-3380] identifier 'ref_address' is used before its declaration [/home/gsaied/Desktop/old_rtl/first_layer/conv1.sv:69]
INFO: [USF-XSim-69] 'compile' step finished in '1' seconds
INFO: [USF-XSim-3] XSim::Elaborate design
INFO: [USF-XSim-61] Executing 'ELABORATE' step in '/home/gsaied/Desktop/old_rtl/first_layer/project_1/project_1.sim/sim_1/behav/xsim'
Vivado Simulator 2018.3
Copyright 1986-1999, 2001-2018 Xilinx, Inc. All Rights Reserved.
Running: /tools/Xilinx/Vivado/2018.3/bin/unwrapped/lnx64.o/xelab -wto 885b19abcd6a4a0d87675f3119c3f1cb --incr --debug typical --relax --mt 8 -L xil_defaultlib -L unisims_ver -L unimacro_ver -L secureip --snapshot conv1_behav xil_defaultlib.conv1 xil_defaultlib.glbl -log elaborate.log 
Using 8 slave threads.
Starting static elaboration
Completed static elaboration
Starting simulation data flow analysis
WARNING: [XSIM 43-4100] "/home/gsaied/Desktop/old_rtl/first_layer/project_1/project_1.sim/sim_1/behav/xsim/glbl.v" Line 6. Module glbl has a timescale but at least one module in design doesn't have timescale.
Completed simulation data flow analysis
Time Resolution for simulation is 1ps
Compiling module xil_defaultlib.biasing_rom
Compiling module xil_defaultlib.rom_array_layer_1
Compiling module xil_defaultlib.wrapper_image
Compiling module xil_defaultlib.conv_mac
Compiling module xil_defaultlib.conv1
Compiling module xil_defaultlib.glbl
Built simulation snapshot conv1_behav
INFO: [USF-XSim-69] 'elaborate' step finished in '2' seconds
INFO: [USF-XSim-4] XSim::Simulate design
INFO: [USF-XSim-61] Executing 'SIMULATE' step in '/home/gsaied/Desktop/old_rtl/first_layer/project_1/project_1.sim/sim_1/behav/xsim'
INFO: [USF-XSim-98] *** Running xsim
   with args "conv1_behav -key {Behavioral:sim_1:Functional:conv1} -tclbatch {conv1.tcl} -log {simulate.log}"
INFO: [USF-XSim-8] Loading simulator feature
Vivado Simulator 2018.3
Time resolution is 1 ps
source conv1.tcl
# set curr_wave [current_wave_config]
# if { [string length $curr_wave] == 0 } {
#   if { [llength [get_objects]] > 0} {
#     add_wave /
#     set_property needs_save false [current_wave_config]
#   } else {
#      send_msg_id Add_Wave-1 WARNING "No top level signals found. Simulator will start without a wave window. If you want to open a wave window go to 'File->New Waveform Configuration' or type 'create_wave_config' in the TCL console."
#   }
# }
# run 1000ns
xsim: Time (s): cpu = 00:00:13 ; elapsed = 00:00:05 . Memory (MB): peak = 6998.074 ; gain = 0.000 ; free physical = 1951 ; free virtual = 7093
INFO: [USF-XSim-96] XSim completed. Design snapshot 'conv1_behav' loaded.
INFO: [USF-XSim-97] XSim simulation ran for 1000ns
launch_simulation: Time (s): cpu = 00:00:20 ; elapsed = 00:00:09 . Memory (MB): peak = 6998.074 ; gain = 0.000 ; free physical = 1951 ; free virtual = 7093
add_force {/conv1/clk} -radix hex {1 0ns} {0 50000ps} -repeat_every 100000ps
run 100 ns
run 100 ns
add_force {/conv1/conv1_en} -radix hex {1 0ns}
run 1000 ns
run 1000 ns
run 1000 ns
run 1000 ns
relaunch_sim
INFO: [Vivado 12-5682] Launching behavioral simulation in '/home/gsaied/Desktop/old_rtl/first_layer/project_1/project_1.sim/sim_1/behav/xsim'
INFO: [SIM-utils-51] Simulation object is 'sim_1'
INFO: [SIM-utils-54] Inspecting design source files for 'conv1' in fileset 'sim_1'...
INFO: [SIM-utils-43] Exported '/home/gsaied/Desktop/old_rtl/first_layer/project_1/project_1.sim/sim_1/behav/xsim/file_58.mem'
INFO: [SIM-utils-43] Exported '/home/gsaied/Desktop/old_rtl/first_layer/project_1/project_1.sim/sim_1/behav/xsim/file_23.mem'
INFO: [SIM-utils-43] Exported '/home/gsaied/Desktop/old_rtl/first_layer/project_1/project_1.sim/sim_1/behav/xsim/file_3.mem'
INFO: [SIM-utils-43] Exported '/home/gsaied/Desktop/old_rtl/first_layer/project_1/project_1.sim/sim_1/behav/xsim/file_24.mem'
INFO: [SIM-utils-43] Exported '/home/gsaied/Desktop/old_rtl/first_layer/project_1/project_1.sim/sim_1/behav/xsim/file_32.mem'
INFO: [SIM-utils-43] Exported '/home/gsaied/Desktop/old_rtl/first_layer/project_1/project_1.sim/sim_1/behav/xsim/file_2.mem'
INFO: [SIM-utils-43] Exported '/home/gsaied/Desktop/old_rtl/first_layer/project_1/project_1.sim/sim_1/behav/xsim/file_15.mem'
INFO: [SIM-utils-43] Exported '/home/gsaied/Desktop/old_rtl/first_layer/project_1/project_1.sim/sim_1/behav/xsim/file_4.mem'
INFO: [SIM-utils-43] Exported '/home/gsaied/Desktop/old_rtl/first_layer/project_1/project_1.sim/sim_1/behav/xsim/file_22.mem'
INFO: [SIM-utils-43] Exported '/home/gsaied/Desktop/old_rtl/first_layer/project_1/project_1.sim/sim_1/behav/xsim/file_41.mem'
INFO: [SIM-utils-43] Exported '/home/gsaied/Desktop/old_rtl/first_layer/project_1/project_1.sim/sim_1/behav/xsim/file_48.mem'
INFO: [SIM-utils-43] Exported '/home/gsaied/Desktop/old_rtl/first_layer/project_1/project_1.sim/sim_1/behav/xsim/file_31.mem'
INFO: [SIM-utils-43] Exported '/home/gsaied/Desktop/old_rtl/first_layer/project_1/project_1.sim/sim_1/behav/xsim/file_49.mem'
INFO: [SIM-utils-43] Exported '/home/gsaied/Desktop/old_rtl/first_layer/project_1/project_1.sim/sim_1/behav/xsim/file_14.mem'
INFO: [SIM-utils-43] Exported '/home/gsaied/Desktop/old_rtl/first_layer/project_1/project_1.sim/sim_1/behav/xsim/file_40.mem'
INFO: [SIM-utils-43] Exported '/home/gsaied/Desktop/old_rtl/first_layer/project_1/project_1.sim/sim_1/behav/xsim/file_57.mem'
INFO: [SIM-utils-43] Exported '/home/gsaied/Desktop/old_rtl/first_layer/project_1/project_1.sim/sim_1/behav/xsim/file_64.mem'
INFO: [SIM-utils-43] Exported '/home/gsaied/Desktop/old_rtl/first_layer/project_1/project_1.sim/sim_1/behav/xsim/second_part.mem'
INFO: [SIM-utils-43] Exported '/home/gsaied/Desktop/old_rtl/first_layer/project_1/project_1.sim/sim_1/behav/xsim/file_34.mem'
INFO: [SIM-utils-43] Exported '/home/gsaied/Desktop/old_rtl/first_layer/project_1/project_1.sim/sim_1/behav/xsim/file_47.mem'
INFO: [SIM-utils-43] Exported '/home/gsaied/Desktop/old_rtl/first_layer/project_1/project_1.sim/sim_1/behav/xsim/file_21.mem'
INFO: [SIM-utils-43] Exported '/home/gsaied/Desktop/old_rtl/first_layer/project_1/project_1.sim/sim_1/behav/xsim/weights.mem'
INFO: [SIM-utils-43] Exported '/home/gsaied/Desktop/old_rtl/first_layer/project_1/project_1.sim/sim_1/behav/xsim/file_63.mem'
INFO: [SIM-utils-43] Exported '/home/gsaied/Desktop/old_rtl/first_layer/project_1/project_1.sim/sim_1/behav/xsim/file_50.mem'
INFO: [SIM-utils-43] Exported '/home/gsaied/Desktop/old_rtl/first_layer/project_1/project_1.sim/sim_1/behav/xsim/file_17.mem'
INFO: [SIM-utils-43] Exported '/home/gsaied/Desktop/old_rtl/first_layer/project_1/project_1.sim/sim_1/behav/xsim/file_59.mem'
INFO: [SIM-utils-43] Exported '/home/gsaied/Desktop/old_rtl/first_layer/project_1/project_1.sim/sim_1/behav/xsim/file_16.mem'
INFO: [SIM-utils-43] Exported '/home/gsaied/Desktop/old_rtl/first_layer/project_1/project_1.sim/sim_1/behav/xsim/file_46.mem'
INFO: [SIM-utils-43] Exported '/home/gsaied/Desktop/old_rtl/first_layer/project_1/project_1.sim/sim_1/behav/xsim/file_20.mem'
INFO: [SIM-utils-43] Exported '/home/gsaied/Desktop/old_rtl/first_layer/project_1/project_1.sim/sim_1/behav/xsim/file_9.mem'
INFO: [SIM-utils-43] Exported '/home/gsaied/Desktop/old_rtl/first_layer/project_1/project_1.sim/sim_1/behav/xsim/file_33.mem'
INFO: [SIM-utils-43] Exported '/home/gsaied/Desktop/old_rtl/first_layer/project_1/project_1.sim/sim_1/behav/xsim/file_29.mem'
INFO: [SIM-utils-43] Exported '/home/gsaied/Desktop/old_rtl/first_layer/project_1/project_1.sim/sim_1/behav/xsim/file_1.mem'
INFO: [SIM-utils-43] Exported '/home/gsaied/Desktop/old_rtl/first_layer/project_1/project_1.sim/sim_1/behav/xsim/file_51.mem'
INFO: [SIM-utils-43] Exported '/home/gsaied/Desktop/old_rtl/first_layer/project_1/project_1.sim/sim_1/behav/xsim/file_10.mem'
INFO: [SIM-utils-43] Exported '/home/gsaied/Desktop/old_rtl/first_layer/project_1/project_1.sim/sim_1/behav/xsim/bias.mem'
INFO: [SIM-utils-43] Exported '/home/gsaied/Desktop/old_rtl/first_layer/project_1/project_1.sim/sim_1/behav/xsim/file_8.mem'
INFO: [SIM-utils-43] Exported '/home/gsaied/Desktop/old_rtl/first_layer/project_1/project_1.sim/sim_1/behav/xsim/file_53.mem'
INFO: [SIM-utils-43] Exported '/home/gsaied/Desktop/old_rtl/first_layer/project_1/project_1.sim/sim_1/behav/xsim/file_36.mem'
INFO: [SIM-utils-43] Exported '/home/gsaied/Desktop/old_rtl/first_layer/project_1/project_1.sim/sim_1/behav/xsim/file_61.mem'
INFO: [SIM-utils-43] Exported '/home/gsaied/Desktop/old_rtl/first_layer/project_1/project_1.sim/sim_1/behav/xsim/file_45.mem'
INFO: [SIM-utils-43] Exported '/home/gsaied/Desktop/old_rtl/first_layer/project_1/project_1.sim/sim_1/behav/xsim/file_19.mem'
INFO: [SIM-utils-43] Exported '/home/gsaied/Desktop/old_rtl/first_layer/project_1/project_1.sim/sim_1/behav/xsim/file_37.mem'
INFO: [SIM-utils-43] Exported '/home/gsaied/Desktop/old_rtl/first_layer/project_1/project_1.sim/sim_1/behav/xsim/file_28.mem'
INFO: [SIM-utils-43] Exported '/home/gsaied/Desktop/old_rtl/first_layer/project_1/project_1.sim/sim_1/behav/xsim/file_54.mem'
INFO: [SIM-utils-43] Exported '/home/gsaied/Desktop/old_rtl/first_layer/project_1/project_1.sim/sim_1/behav/xsim/file_52.mem'
INFO: [SIM-utils-43] Exported '/home/gsaied/Desktop/old_rtl/first_layer/project_1/project_1.sim/sim_1/behav/xsim/file_35.mem'
INFO: [SIM-utils-43] Exported '/home/gsaied/Desktop/old_rtl/first_layer/project_1/project_1.sim/sim_1/behav/xsim/file_7.mem'
INFO: [SIM-utils-43] Exported '/home/gsaied/Desktop/old_rtl/first_layer/project_1/project_1.sim/sim_1/behav/xsim/file_44.mem'
INFO: [SIM-utils-43] Exported '/home/gsaied/Desktop/old_rtl/first_layer/project_1/project_1.sim/sim_1/behav/xsim/file_18.mem'
INFO: [SIM-utils-43] Exported '/home/gsaied/Desktop/old_rtl/first_layer/project_1/project_1.sim/sim_1/behav/xsim/file_62.mem'
INFO: [SIM-utils-43] Exported '/home/gsaied/Desktop/old_rtl/first_layer/project_1/project_1.sim/sim_1/behav/xsim/file_27.mem'
INFO: [SIM-utils-43] Exported '/home/gsaied/Desktop/old_rtl/first_layer/project_1/project_1.sim/sim_1/behav/xsim/file_39.mem'
INFO: [SIM-utils-43] Exported '/home/gsaied/Desktop/old_rtl/first_layer/project_1/project_1.sim/sim_1/behav/xsim/third_part.mem'
INFO: [SIM-utils-43] Exported '/home/gsaied/Desktop/old_rtl/first_layer/project_1/project_1.sim/sim_1/behav/xsim/first_part.mem'
INFO: [SIM-utils-43] Exported '/home/gsaied/Desktop/old_rtl/first_layer/project_1/project_1.sim/sim_1/behav/xsim/file_6.mem'
INFO: [SIM-utils-43] Exported '/home/gsaied/Desktop/old_rtl/first_layer/project_1/project_1.sim/sim_1/behav/xsim/file_43.mem'
INFO: [SIM-utils-43] Exported '/home/gsaied/Desktop/old_rtl/first_layer/project_1/project_1.sim/sim_1/behav/xsim/file_56.mem'
INFO: [SIM-utils-43] Exported '/home/gsaied/Desktop/old_rtl/first_layer/project_1/project_1.sim/sim_1/behav/xsim/file_13.mem'
INFO: [SIM-utils-43] Exported '/home/gsaied/Desktop/old_rtl/first_layer/project_1/project_1.sim/sim_1/behav/xsim/file_26.mem'
INFO: [SIM-utils-43] Exported '/home/gsaied/Desktop/old_rtl/first_layer/project_1/project_1.sim/sim_1/behav/xsim/file_30.mem'
INFO: [SIM-utils-43] Exported '/home/gsaied/Desktop/old_rtl/first_layer/project_1/project_1.sim/sim_1/behav/xsim/file_11.mem'
INFO: [SIM-utils-43] Exported '/home/gsaied/Desktop/old_rtl/first_layer/project_1/project_1.sim/sim_1/behav/xsim/file_60.mem'
INFO: [SIM-utils-43] Exported '/home/gsaied/Desktop/old_rtl/first_layer/project_1/project_1.sim/sim_1/behav/xsim/file_38.mem'
INFO: [SIM-utils-43] Exported '/home/gsaied/Desktop/old_rtl/first_layer/project_1/project_1.sim/sim_1/behav/xsim/img.mem'
INFO: [SIM-utils-43] Exported '/home/gsaied/Desktop/old_rtl/first_layer/project_1/project_1.sim/sim_1/behav/xsim/file_5.mem'
INFO: [SIM-utils-43] Exported '/home/gsaied/Desktop/old_rtl/first_layer/project_1/project_1.sim/sim_1/behav/xsim/file_25.mem'
INFO: [SIM-utils-43] Exported '/home/gsaied/Desktop/old_rtl/first_layer/project_1/project_1.sim/sim_1/behav/xsim/file_55.mem'
INFO: [SIM-utils-43] Exported '/home/gsaied/Desktop/old_rtl/first_layer/project_1/project_1.sim/sim_1/behav/xsim/file_12.mem'
INFO: [SIM-utils-43] Exported '/home/gsaied/Desktop/old_rtl/first_layer/project_1/project_1.sim/sim_1/behav/xsim/file_42.mem'
INFO: [USF-XSim-97] Finding global include files...
INFO: [USF-XSim-98] Fetching design files from 'sim_1'...
INFO: [USF-XSim-2] XSim::Compile design
INFO: [USF-XSim-61] Executing 'COMPILE and ANALYZE' step in '/home/gsaied/Desktop/old_rtl/first_layer/project_1/project_1.sim/sim_1/behav/xsim'
xvlog --incr --relax -prj conv1_vlog.prj
INFO: [VRFC 10-2263] Analyzing SystemVerilog file "/home/gsaied/Desktop/old_rtl/first_layer/biasing.sv" into library xil_defaultlib
INFO: [VRFC 10-311] analyzing module biasing_rom
INFO: [VRFC 10-2263] Analyzing SystemVerilog file "/home/gsaied/Desktop/old_rtl/first_layer/conv_mac.sv" into library xil_defaultlib
INFO: [VRFC 10-311] analyzing module conv_mac
INFO: [VRFC 10-2263] Analyzing SystemVerilog file "/home/gsaied/Desktop/old_rtl/first_layer/rom.sv" into library xil_defaultlib
INFO: [VRFC 10-311] analyzing module rom_array_layer_1
INFO: [VRFC 10-2263] Analyzing SystemVerilog file "/home/gsaied/Desktop/old_rtl/first_layer/wrapper_image.sv" into library xil_defaultlib
INFO: [VRFC 10-311] analyzing module wrapper_image
INFO: [VRFC 10-2263] Analyzing SystemVerilog file "/home/gsaied/Desktop/old_rtl/first_layer/conv1.sv" into library xil_defaultlib
INFO: [VRFC 10-311] analyzing module conv1
WARNING: [VRFC 10-3380] identifier 'row_end' is used before its declaration [/home/gsaied/Desktop/old_rtl/first_layer/conv1.sv:62]
WARNING: [VRFC 10-3380] identifier 'conv1_timer' is used before its declaration [/home/gsaied/Desktop/old_rtl/first_layer/conv1.sv:63]
WARNING: [VRFC 10-3380] identifier 'img_addr_counter' is used before its declaration [/home/gsaied/Desktop/old_rtl/first_layer/conv1.sv:67]
WARNING: [VRFC 10-3380] identifier 'img_rom_address' is used before its declaration [/home/gsaied/Desktop/old_rtl/first_layer/conv1.sv:68]
WARNING: [VRFC 10-3380] identifier 'ref_address' is used before its declaration [/home/gsaied/Desktop/old_rtl/first_layer/conv1.sv:69]
INFO: [USF-XSim-69] 'compile' step finished in '2' seconds
launch_simulation: Time (s): cpu = 00:00:07 ; elapsed = 00:00:05 . Memory (MB): peak = 7376.910 ; gain = 378.836 ; free physical = 1912 ; free virtual = 7060
INFO: [Vivado 12-5682] Launching behavioral simulation in '/home/gsaied/Desktop/old_rtl/first_layer/project_1/project_1.sim/sim_1/behav/xsim'
INFO: [USF-XSim-3] XSim::Elaborate design
INFO: [USF-XSim-61] Executing 'ELABORATE' step in '/home/gsaied/Desktop/old_rtl/first_layer/project_1/project_1.sim/sim_1/behav/xsim'
Vivado Simulator 2018.3
Copyright 1986-1999, 2001-2018 Xilinx, Inc. All Rights Reserved.
Running: /tools/Xilinx/Vivado/2018.3/bin/unwrapped/lnx64.o/xelab -wto 885b19abcd6a4a0d87675f3119c3f1cb --incr --debug typical --relax --mt 8 -L xil_defaultlib -L unisims_ver -L unimacro_ver -L secureip --snapshot conv1_behav xil_defaultlib.conv1 xil_defaultlib.glbl -log elaborate.log 
Using 8 slave threads.
Starting static elaboration
Completed static elaboration
Starting simulation data flow analysis
WARNING: [XSIM 43-4100] "/home/gsaied/Desktop/old_rtl/first_layer/project_1/project_1.sim/sim_1/behav/xsim/glbl.v" Line 6. Module glbl has a timescale but at least one module in design doesn't have timescale.
Completed simulation data flow analysis
Time Resolution for simulation is 1ps
Compiling module xil_defaultlib.biasing_rom
Compiling module xil_defaultlib.rom_array_layer_1
Compiling module xil_defaultlib.wrapper_image
Compiling module xil_defaultlib.conv_mac
Compiling module xil_defaultlib.conv1
Compiling module xil_defaultlib.glbl
Built simulation snapshot conv1_behav
INFO: [USF-XSim-69] 'elaborate' step finished in '3' seconds
Vivado Simulator 2018.3
Time resolution is 1 ps
relaunch_sim: Time (s): cpu = 00:00:15 ; elapsed = 00:00:12 . Memory (MB): peak = 7376.910 ; gain = 378.836 ; free physical = 1885 ; free virtual = 7049
add_force {/conv1/clk} -radix hex {1 0ns} {0 50000ps} -repeat_every 100000ps
run 1000 ns
add_force {/conv1/conv1_en} -radix hex {1 0ns}
run 1000 ns
run 1000 ns
run 1000 ns
run 1000 ns
relaunch_sim
INFO: [Vivado 12-5682] Launching behavioral simulation in '/home/gsaied/Desktop/old_rtl/first_layer/project_1/project_1.sim/sim_1/behav/xsim'
INFO: [SIM-utils-51] Simulation object is 'sim_1'
INFO: [SIM-utils-54] Inspecting design source files for 'conv1' in fileset 'sim_1'...
INFO: [SIM-utils-43] Exported '/home/gsaied/Desktop/old_rtl/first_layer/project_1/project_1.sim/sim_1/behav/xsim/file_58.mem'
INFO: [SIM-utils-43] Exported '/home/gsaied/Desktop/old_rtl/first_layer/project_1/project_1.sim/sim_1/behav/xsim/file_23.mem'
INFO: [SIM-utils-43] Exported '/home/gsaied/Desktop/old_rtl/first_layer/project_1/project_1.sim/sim_1/behav/xsim/file_3.mem'
INFO: [SIM-utils-43] Exported '/home/gsaied/Desktop/old_rtl/first_layer/project_1/project_1.sim/sim_1/behav/xsim/file_24.mem'
INFO: [SIM-utils-43] Exported '/home/gsaied/Desktop/old_rtl/first_layer/project_1/project_1.sim/sim_1/behav/xsim/file_32.mem'
INFO: [SIM-utils-43] Exported '/home/gsaied/Desktop/old_rtl/first_layer/project_1/project_1.sim/sim_1/behav/xsim/file_2.mem'
INFO: [SIM-utils-43] Exported '/home/gsaied/Desktop/old_rtl/first_layer/project_1/project_1.sim/sim_1/behav/xsim/file_15.mem'
INFO: [SIM-utils-43] Exported '/home/gsaied/Desktop/old_rtl/first_layer/project_1/project_1.sim/sim_1/behav/xsim/file_4.mem'
INFO: [SIM-utils-43] Exported '/home/gsaied/Desktop/old_rtl/first_layer/project_1/project_1.sim/sim_1/behav/xsim/file_22.mem'
INFO: [SIM-utils-43] Exported '/home/gsaied/Desktop/old_rtl/first_layer/project_1/project_1.sim/sim_1/behav/xsim/file_41.mem'
INFO: [SIM-utils-43] Exported '/home/gsaied/Desktop/old_rtl/first_layer/project_1/project_1.sim/sim_1/behav/xsim/file_48.mem'
INFO: [SIM-utils-43] Exported '/home/gsaied/Desktop/old_rtl/first_layer/project_1/project_1.sim/sim_1/behav/xsim/file_31.mem'
INFO: [SIM-utils-43] Exported '/home/gsaied/Desktop/old_rtl/first_layer/project_1/project_1.sim/sim_1/behav/xsim/file_49.mem'
INFO: [SIM-utils-43] Exported '/home/gsaied/Desktop/old_rtl/first_layer/project_1/project_1.sim/sim_1/behav/xsim/file_14.mem'
INFO: [SIM-utils-43] Exported '/home/gsaied/Desktop/old_rtl/first_layer/project_1/project_1.sim/sim_1/behav/xsim/file_40.mem'
INFO: [SIM-utils-43] Exported '/home/gsaied/Desktop/old_rtl/first_layer/project_1/project_1.sim/sim_1/behav/xsim/file_57.mem'
INFO: [SIM-utils-43] Exported '/home/gsaied/Desktop/old_rtl/first_layer/project_1/project_1.sim/sim_1/behav/xsim/file_64.mem'
INFO: [SIM-utils-43] Exported '/home/gsaied/Desktop/old_rtl/first_layer/project_1/project_1.sim/sim_1/behav/xsim/second_part.mem'
INFO: [SIM-utils-43] Exported '/home/gsaied/Desktop/old_rtl/first_layer/project_1/project_1.sim/sim_1/behav/xsim/file_34.mem'
INFO: [SIM-utils-43] Exported '/home/gsaied/Desktop/old_rtl/first_layer/project_1/project_1.sim/sim_1/behav/xsim/file_47.mem'
INFO: [SIM-utils-43] Exported '/home/gsaied/Desktop/old_rtl/first_layer/project_1/project_1.sim/sim_1/behav/xsim/file_21.mem'
INFO: [SIM-utils-43] Exported '/home/gsaied/Desktop/old_rtl/first_layer/project_1/project_1.sim/sim_1/behav/xsim/weights.mem'
INFO: [SIM-utils-43] Exported '/home/gsaied/Desktop/old_rtl/first_layer/project_1/project_1.sim/sim_1/behav/xsim/file_63.mem'
INFO: [SIM-utils-43] Exported '/home/gsaied/Desktop/old_rtl/first_layer/project_1/project_1.sim/sim_1/behav/xsim/file_50.mem'
INFO: [SIM-utils-43] Exported '/home/gsaied/Desktop/old_rtl/first_layer/project_1/project_1.sim/sim_1/behav/xsim/file_17.mem'
INFO: [SIM-utils-43] Exported '/home/gsaied/Desktop/old_rtl/first_layer/project_1/project_1.sim/sim_1/behav/xsim/file_59.mem'
INFO: [SIM-utils-43] Exported '/home/gsaied/Desktop/old_rtl/first_layer/project_1/project_1.sim/sim_1/behav/xsim/file_16.mem'
INFO: [SIM-utils-43] Exported '/home/gsaied/Desktop/old_rtl/first_layer/project_1/project_1.sim/sim_1/behav/xsim/file_46.mem'
INFO: [SIM-utils-43] Exported '/home/gsaied/Desktop/old_rtl/first_layer/project_1/project_1.sim/sim_1/behav/xsim/file_20.mem'
INFO: [SIM-utils-43] Exported '/home/gsaied/Desktop/old_rtl/first_layer/project_1/project_1.sim/sim_1/behav/xsim/file_9.mem'
INFO: [SIM-utils-43] Exported '/home/gsaied/Desktop/old_rtl/first_layer/project_1/project_1.sim/sim_1/behav/xsim/file_33.mem'
INFO: [SIM-utils-43] Exported '/home/gsaied/Desktop/old_rtl/first_layer/project_1/project_1.sim/sim_1/behav/xsim/file_29.mem'
INFO: [SIM-utils-43] Exported '/home/gsaied/Desktop/old_rtl/first_layer/project_1/project_1.sim/sim_1/behav/xsim/file_1.mem'
INFO: [SIM-utils-43] Exported '/home/gsaied/Desktop/old_rtl/first_layer/project_1/project_1.sim/sim_1/behav/xsim/file_51.mem'
INFO: [SIM-utils-43] Exported '/home/gsaied/Desktop/old_rtl/first_layer/project_1/project_1.sim/sim_1/behav/xsim/file_10.mem'
INFO: [SIM-utils-43] Exported '/home/gsaied/Desktop/old_rtl/first_layer/project_1/project_1.sim/sim_1/behav/xsim/bias.mem'
INFO: [SIM-utils-43] Exported '/home/gsaied/Desktop/old_rtl/first_layer/project_1/project_1.sim/sim_1/behav/xsim/file_8.mem'
INFO: [SIM-utils-43] Exported '/home/gsaied/Desktop/old_rtl/first_layer/project_1/project_1.sim/sim_1/behav/xsim/file_53.mem'
INFO: [SIM-utils-43] Exported '/home/gsaied/Desktop/old_rtl/first_layer/project_1/project_1.sim/sim_1/behav/xsim/file_36.mem'
INFO: [SIM-utils-43] Exported '/home/gsaied/Desktop/old_rtl/first_layer/project_1/project_1.sim/sim_1/behav/xsim/file_61.mem'
INFO: [SIM-utils-43] Exported '/home/gsaied/Desktop/old_rtl/first_layer/project_1/project_1.sim/sim_1/behav/xsim/file_45.mem'
INFO: [SIM-utils-43] Exported '/home/gsaied/Desktop/old_rtl/first_layer/project_1/project_1.sim/sim_1/behav/xsim/file_19.mem'
INFO: [SIM-utils-43] Exported '/home/gsaied/Desktop/old_rtl/first_layer/project_1/project_1.sim/sim_1/behav/xsim/file_37.mem'
INFO: [SIM-utils-43] Exported '/home/gsaied/Desktop/old_rtl/first_layer/project_1/project_1.sim/sim_1/behav/xsim/file_28.mem'
INFO: [SIM-utils-43] Exported '/home/gsaied/Desktop/old_rtl/first_layer/project_1/project_1.sim/sim_1/behav/xsim/file_54.mem'
INFO: [SIM-utils-43] Exported '/home/gsaied/Desktop/old_rtl/first_layer/project_1/project_1.sim/sim_1/behav/xsim/file_52.mem'
INFO: [SIM-utils-43] Exported '/home/gsaied/Desktop/old_rtl/first_layer/project_1/project_1.sim/sim_1/behav/xsim/file_35.mem'
INFO: [SIM-utils-43] Exported '/home/gsaied/Desktop/old_rtl/first_layer/project_1/project_1.sim/sim_1/behav/xsim/file_7.mem'
INFO: [SIM-utils-43] Exported '/home/gsaied/Desktop/old_rtl/first_layer/project_1/project_1.sim/sim_1/behav/xsim/file_44.mem'
INFO: [SIM-utils-43] Exported '/home/gsaied/Desktop/old_rtl/first_layer/project_1/project_1.sim/sim_1/behav/xsim/file_18.mem'
INFO: [SIM-utils-43] Exported '/home/gsaied/Desktop/old_rtl/first_layer/project_1/project_1.sim/sim_1/behav/xsim/file_62.mem'
INFO: [SIM-utils-43] Exported '/home/gsaied/Desktop/old_rtl/first_layer/project_1/project_1.sim/sim_1/behav/xsim/file_27.mem'
INFO: [SIM-utils-43] Exported '/home/gsaied/Desktop/old_rtl/first_layer/project_1/project_1.sim/sim_1/behav/xsim/file_39.mem'
INFO: [SIM-utils-43] Exported '/home/gsaied/Desktop/old_rtl/first_layer/project_1/project_1.sim/sim_1/behav/xsim/third_part.mem'
INFO: [SIM-utils-43] Exported '/home/gsaied/Desktop/old_rtl/first_layer/project_1/project_1.sim/sim_1/behav/xsim/first_part.mem'
INFO: [SIM-utils-43] Exported '/home/gsaied/Desktop/old_rtl/first_layer/project_1/project_1.sim/sim_1/behav/xsim/file_6.mem'
INFO: [SIM-utils-43] Exported '/home/gsaied/Desktop/old_rtl/first_layer/project_1/project_1.sim/sim_1/behav/xsim/file_43.mem'
INFO: [SIM-utils-43] Exported '/home/gsaied/Desktop/old_rtl/first_layer/project_1/project_1.sim/sim_1/behav/xsim/file_56.mem'
INFO: [SIM-utils-43] Exported '/home/gsaied/Desktop/old_rtl/first_layer/project_1/project_1.sim/sim_1/behav/xsim/file_13.mem'
INFO: [SIM-utils-43] Exported '/home/gsaied/Desktop/old_rtl/first_layer/project_1/project_1.sim/sim_1/behav/xsim/file_26.mem'
INFO: [SIM-utils-43] Exported '/home/gsaied/Desktop/old_rtl/first_layer/project_1/project_1.sim/sim_1/behav/xsim/file_30.mem'
INFO: [SIM-utils-43] Exported '/home/gsaied/Desktop/old_rtl/first_layer/project_1/project_1.sim/sim_1/behav/xsim/file_11.mem'
INFO: [SIM-utils-43] Exported '/home/gsaied/Desktop/old_rtl/first_layer/project_1/project_1.sim/sim_1/behav/xsim/file_60.mem'
INFO: [SIM-utils-43] Exported '/home/gsaied/Desktop/old_rtl/first_layer/project_1/project_1.sim/sim_1/behav/xsim/file_38.mem'
INFO: [SIM-utils-43] Exported '/home/gsaied/Desktop/old_rtl/first_layer/project_1/project_1.sim/sim_1/behav/xsim/img.mem'
INFO: [SIM-utils-43] Exported '/home/gsaied/Desktop/old_rtl/first_layer/project_1/project_1.sim/sim_1/behav/xsim/file_5.mem'
INFO: [SIM-utils-43] Exported '/home/gsaied/Desktop/old_rtl/first_layer/project_1/project_1.sim/sim_1/behav/xsim/file_25.mem'
INFO: [SIM-utils-43] Exported '/home/gsaied/Desktop/old_rtl/first_layer/project_1/project_1.sim/sim_1/behav/xsim/file_55.mem'
INFO: [SIM-utils-43] Exported '/home/gsaied/Desktop/old_rtl/first_layer/project_1/project_1.sim/sim_1/behav/xsim/file_12.mem'
INFO: [SIM-utils-43] Exported '/home/gsaied/Desktop/old_rtl/first_layer/project_1/project_1.sim/sim_1/behav/xsim/file_42.mem'
INFO: [USF-XSim-97] Finding global include files...
INFO: [USF-XSim-98] Fetching design files from 'sim_1'...
INFO: [USF-XSim-2] XSim::Compile design
INFO: [USF-XSim-61] Executing 'COMPILE and ANALYZE' step in '/home/gsaied/Desktop/old_rtl/first_layer/project_1/project_1.sim/sim_1/behav/xsim'
xvlog --incr --relax -prj conv1_vlog.prj
INFO: [VRFC 10-2263] Analyzing SystemVerilog file "/home/gsaied/Desktop/old_rtl/first_layer/biasing.sv" into library xil_defaultlib
INFO: [VRFC 10-311] analyzing module biasing_rom
INFO: [VRFC 10-2263] Analyzing SystemVerilog file "/home/gsaied/Desktop/old_rtl/first_layer/conv_mac.sv" into library xil_defaultlib
INFO: [VRFC 10-311] analyzing module conv_mac
INFO: [VRFC 10-2263] Analyzing SystemVerilog file "/home/gsaied/Desktop/old_rtl/first_layer/rom.sv" into library xil_defaultlib
INFO: [VRFC 10-311] analyzing module rom_array_layer_1
INFO: [VRFC 10-2263] Analyzing SystemVerilog file "/home/gsaied/Desktop/old_rtl/first_layer/wrapper_image.sv" into library xil_defaultlib
INFO: [VRFC 10-311] analyzing module wrapper_image
INFO: [VRFC 10-2263] Analyzing SystemVerilog file "/home/gsaied/Desktop/old_rtl/first_layer/conv1.sv" into library xil_defaultlib
INFO: [VRFC 10-311] analyzing module conv1
WARNING: [VRFC 10-3380] identifier 'row_end' is used before its declaration [/home/gsaied/Desktop/old_rtl/first_layer/conv1.sv:62]
WARNING: [VRFC 10-3380] identifier 'conv1_timer' is used before its declaration [/home/gsaied/Desktop/old_rtl/first_layer/conv1.sv:63]
WARNING: [VRFC 10-3380] identifier 'img_addr_counter' is used before its declaration [/home/gsaied/Desktop/old_rtl/first_layer/conv1.sv:67]
WARNING: [VRFC 10-3380] identifier 'img_rom_address' is used before its declaration [/home/gsaied/Desktop/old_rtl/first_layer/conv1.sv:68]
WARNING: [VRFC 10-3380] identifier 'ref_address' is used before its declaration [/home/gsaied/Desktop/old_rtl/first_layer/conv1.sv:69]
INFO: [USF-XSim-69] 'compile' step finished in '2' seconds
INFO: [Vivado 12-5682] Launching behavioral simulation in '/home/gsaied/Desktop/old_rtl/first_layer/project_1/project_1.sim/sim_1/behav/xsim'
INFO: [USF-XSim-3] XSim::Elaborate design
INFO: [USF-XSim-61] Executing 'ELABORATE' step in '/home/gsaied/Desktop/old_rtl/first_layer/project_1/project_1.sim/sim_1/behav/xsim'
Vivado Simulator 2018.3
Copyright 1986-1999, 2001-2018 Xilinx, Inc. All Rights Reserved.
Running: /tools/Xilinx/Vivado/2018.3/bin/unwrapped/lnx64.o/xelab -wto 885b19abcd6a4a0d87675f3119c3f1cb --incr --debug typical --relax --mt 8 -L xil_defaultlib -L unisims_ver -L unimacro_ver -L secureip --snapshot conv1_behav xil_defaultlib.conv1 xil_defaultlib.glbl -log elaborate.log 
Using 8 slave threads.
Starting static elaboration
Completed static elaboration
Starting simulation data flow analysis
WARNING: [XSIM 43-4100] "/home/gsaied/Desktop/old_rtl/first_layer/project_1/project_1.sim/sim_1/behav/xsim/glbl.v" Line 6. Module glbl has a timescale but at least one module in design doesn't have timescale.
Completed simulation data flow analysis
Time Resolution for simulation is 1ps
Compiling module xil_defaultlib.biasing_rom
Compiling module xil_defaultlib.rom_array_layer_1
Compiling module xil_defaultlib.wrapper_image
Compiling module xil_defaultlib.conv_mac
Compiling module xil_defaultlib.conv1
Compiling module xil_defaultlib.glbl
Built simulation snapshot conv1_behav
INFO: [USF-XSim-69] 'elaborate' step finished in '3' seconds
Vivado Simulator 2018.3
Time resolution is 1 ps
relaunch_sim: Time (s): cpu = 00:00:12 ; elapsed = 00:00:11 . Memory (MB): peak = 7376.910 ; gain = 0.000 ; free physical = 1970 ; free virtual = 7143
add_force clk {1 0ns} {0 50ns} -repeat_every 100ns
force5
run 100 ns
run 100 ns
add_force conv1_en 1
force6
run 100
run 2700
run 100
run 100
run 100
run 100
current_wave_config {Untitled 1}
Untitled 1
add_wave {{/conv1/\genblk1[0].mac_i }} 
relaunch_sim
INFO: [Vivado 12-5682] Launching behavioral simulation in '/home/gsaied/Desktop/old_rtl/first_layer/project_1/project_1.sim/sim_1/behav/xsim'
INFO: [SIM-utils-51] Simulation object is 'sim_1'
INFO: [SIM-utils-54] Inspecting design source files for 'conv1' in fileset 'sim_1'...
INFO: [SIM-utils-43] Exported '/home/gsaied/Desktop/old_rtl/first_layer/project_1/project_1.sim/sim_1/behav/xsim/file_58.mem'
INFO: [SIM-utils-43] Exported '/home/gsaied/Desktop/old_rtl/first_layer/project_1/project_1.sim/sim_1/behav/xsim/file_23.mem'
INFO: [SIM-utils-43] Exported '/home/gsaied/Desktop/old_rtl/first_layer/project_1/project_1.sim/sim_1/behav/xsim/file_3.mem'
INFO: [SIM-utils-43] Exported '/home/gsaied/Desktop/old_rtl/first_layer/project_1/project_1.sim/sim_1/behav/xsim/file_24.mem'
INFO: [SIM-utils-43] Exported '/home/gsaied/Desktop/old_rtl/first_layer/project_1/project_1.sim/sim_1/behav/xsim/file_32.mem'
INFO: [SIM-utils-43] Exported '/home/gsaied/Desktop/old_rtl/first_layer/project_1/project_1.sim/sim_1/behav/xsim/file_2.mem'
INFO: [SIM-utils-43] Exported '/home/gsaied/Desktop/old_rtl/first_layer/project_1/project_1.sim/sim_1/behav/xsim/file_15.mem'
INFO: [SIM-utils-43] Exported '/home/gsaied/Desktop/old_rtl/first_layer/project_1/project_1.sim/sim_1/behav/xsim/file_4.mem'
INFO: [SIM-utils-43] Exported '/home/gsaied/Desktop/old_rtl/first_layer/project_1/project_1.sim/sim_1/behav/xsim/file_22.mem'
INFO: [SIM-utils-43] Exported '/home/gsaied/Desktop/old_rtl/first_layer/project_1/project_1.sim/sim_1/behav/xsim/file_41.mem'
INFO: [SIM-utils-43] Exported '/home/gsaied/Desktop/old_rtl/first_layer/project_1/project_1.sim/sim_1/behav/xsim/file_48.mem'
INFO: [SIM-utils-43] Exported '/home/gsaied/Desktop/old_rtl/first_layer/project_1/project_1.sim/sim_1/behav/xsim/file_31.mem'
INFO: [SIM-utils-43] Exported '/home/gsaied/Desktop/old_rtl/first_layer/project_1/project_1.sim/sim_1/behav/xsim/file_49.mem'
INFO: [SIM-utils-43] Exported '/home/gsaied/Desktop/old_rtl/first_layer/project_1/project_1.sim/sim_1/behav/xsim/file_14.mem'
INFO: [SIM-utils-43] Exported '/home/gsaied/Desktop/old_rtl/first_layer/project_1/project_1.sim/sim_1/behav/xsim/file_40.mem'
INFO: [SIM-utils-43] Exported '/home/gsaied/Desktop/old_rtl/first_layer/project_1/project_1.sim/sim_1/behav/xsim/file_57.mem'
INFO: [SIM-utils-43] Exported '/home/gsaied/Desktop/old_rtl/first_layer/project_1/project_1.sim/sim_1/behav/xsim/file_64.mem'
INFO: [SIM-utils-43] Exported '/home/gsaied/Desktop/old_rtl/first_layer/project_1/project_1.sim/sim_1/behav/xsim/second_part.mem'
INFO: [SIM-utils-43] Exported '/home/gsaied/Desktop/old_rtl/first_layer/project_1/project_1.sim/sim_1/behav/xsim/file_34.mem'
INFO: [SIM-utils-43] Exported '/home/gsaied/Desktop/old_rtl/first_layer/project_1/project_1.sim/sim_1/behav/xsim/file_47.mem'
INFO: [SIM-utils-43] Exported '/home/gsaied/Desktop/old_rtl/first_layer/project_1/project_1.sim/sim_1/behav/xsim/file_21.mem'
INFO: [SIM-utils-43] Exported '/home/gsaied/Desktop/old_rtl/first_layer/project_1/project_1.sim/sim_1/behav/xsim/weights.mem'
INFO: [SIM-utils-43] Exported '/home/gsaied/Desktop/old_rtl/first_layer/project_1/project_1.sim/sim_1/behav/xsim/file_63.mem'
INFO: [SIM-utils-43] Exported '/home/gsaied/Desktop/old_rtl/first_layer/project_1/project_1.sim/sim_1/behav/xsim/file_50.mem'
INFO: [SIM-utils-43] Exported '/home/gsaied/Desktop/old_rtl/first_layer/project_1/project_1.sim/sim_1/behav/xsim/file_17.mem'
INFO: [SIM-utils-43] Exported '/home/gsaied/Desktop/old_rtl/first_layer/project_1/project_1.sim/sim_1/behav/xsim/file_59.mem'
INFO: [SIM-utils-43] Exported '/home/gsaied/Desktop/old_rtl/first_layer/project_1/project_1.sim/sim_1/behav/xsim/file_16.mem'
INFO: [SIM-utils-43] Exported '/home/gsaied/Desktop/old_rtl/first_layer/project_1/project_1.sim/sim_1/behav/xsim/file_46.mem'
INFO: [SIM-utils-43] Exported '/home/gsaied/Desktop/old_rtl/first_layer/project_1/project_1.sim/sim_1/behav/xsim/file_20.mem'
INFO: [SIM-utils-43] Exported '/home/gsaied/Desktop/old_rtl/first_layer/project_1/project_1.sim/sim_1/behav/xsim/file_9.mem'
INFO: [Common 17-14] Message 'SIM-utils 43' appears 100 times and further instances of the messages will be disabled. Use the Tcl command set_msg_config to change the current settings.
INFO: [USF-XSim-97] Finding global include files...
INFO: [USF-XSim-98] Fetching design files from 'sim_1'...
INFO: [USF-XSim-2] XSim::Compile design
INFO: [USF-XSim-61] Executing 'COMPILE and ANALYZE' step in '/home/gsaied/Desktop/old_rtl/first_layer/project_1/project_1.sim/sim_1/behav/xsim'
xvlog --incr --relax -prj conv1_vlog.prj
INFO: [USF-XSim-69] 'compile' step finished in '1' seconds
INFO: [Vivado 12-5682] Launching behavioral simulation in '/home/gsaied/Desktop/old_rtl/first_layer/project_1/project_1.sim/sim_1/behav/xsim'
INFO: [USF-XSim-3] XSim::Elaborate design
INFO: [USF-XSim-61] Executing 'ELABORATE' step in '/home/gsaied/Desktop/old_rtl/first_layer/project_1/project_1.sim/sim_1/behav/xsim'
Vivado Simulator 2018.3
Copyright 1986-1999, 2001-2018 Xilinx, Inc. All Rights Reserved.
Running: /tools/Xilinx/Vivado/2018.3/bin/unwrapped/lnx64.o/xelab -wto 885b19abcd6a4a0d87675f3119c3f1cb --incr --debug typical --relax --mt 8 -L xil_defaultlib -L unisims_ver -L unimacro_ver -L secureip --snapshot conv1_behav xil_defaultlib.conv1 xil_defaultlib.glbl -log elaborate.log 
Using 8 slave threads.
Starting static elaboration
Completed static elaboration
INFO: [XSIM 43-4323] No Change in HDL. Linking previously generated obj files to create kernel
INFO: [USF-XSim-69] 'elaborate' step finished in '2' seconds
Vivado Simulator 2018.3
Time resolution is 1 ps
relaunch_sim: Time (s): cpu = 00:00:05 ; elapsed = 00:00:06 . Memory (MB): peak = 7376.910 ; gain = 0.000 ; free physical = 1926 ; free virtual = 7126
add_force clk {1 0ns} {0 50ns} -repeat_every 100ns
force7
run 100
run 100
run 100
relaunch_sim
INFO: [Vivado 12-5682] Launching behavioral simulation in '/home/gsaied/Desktop/old_rtl/first_layer/project_1/project_1.sim/sim_1/behav/xsim'
INFO: [SIM-utils-51] Simulation object is 'sim_1'
INFO: [SIM-utils-54] Inspecting design source files for 'conv1' in fileset 'sim_1'...
INFO: [SIM-utils-43] Exported '/home/gsaied/Desktop/old_rtl/first_layer/project_1/project_1.sim/sim_1/behav/xsim/file_58.mem'
INFO: [SIM-utils-43] Exported '/home/gsaied/Desktop/old_rtl/first_layer/project_1/project_1.sim/sim_1/behav/xsim/file_23.mem'
INFO: [SIM-utils-43] Exported '/home/gsaied/Desktop/old_rtl/first_layer/project_1/project_1.sim/sim_1/behav/xsim/file_3.mem'
INFO: [SIM-utils-43] Exported '/home/gsaied/Desktop/old_rtl/first_layer/project_1/project_1.sim/sim_1/behav/xsim/file_24.mem'
INFO: [SIM-utils-43] Exported '/home/gsaied/Desktop/old_rtl/first_layer/project_1/project_1.sim/sim_1/behav/xsim/file_32.mem'
INFO: [SIM-utils-43] Exported '/home/gsaied/Desktop/old_rtl/first_layer/project_1/project_1.sim/sim_1/behav/xsim/file_2.mem'
INFO: [SIM-utils-43] Exported '/home/gsaied/Desktop/old_rtl/first_layer/project_1/project_1.sim/sim_1/behav/xsim/file_15.mem'
INFO: [SIM-utils-43] Exported '/home/gsaied/Desktop/old_rtl/first_layer/project_1/project_1.sim/sim_1/behav/xsim/file_4.mem'
INFO: [SIM-utils-43] Exported '/home/gsaied/Desktop/old_rtl/first_layer/project_1/project_1.sim/sim_1/behav/xsim/file_22.mem'
INFO: [SIM-utils-43] Exported '/home/gsaied/Desktop/old_rtl/first_layer/project_1/project_1.sim/sim_1/behav/xsim/file_41.mem'
INFO: [SIM-utils-43] Exported '/home/gsaied/Desktop/old_rtl/first_layer/project_1/project_1.sim/sim_1/behav/xsim/file_48.mem'
INFO: [SIM-utils-43] Exported '/home/gsaied/Desktop/old_rtl/first_layer/project_1/project_1.sim/sim_1/behav/xsim/file_31.mem'
INFO: [SIM-utils-43] Exported '/home/gsaied/Desktop/old_rtl/first_layer/project_1/project_1.sim/sim_1/behav/xsim/file_49.mem'
INFO: [SIM-utils-43] Exported '/home/gsaied/Desktop/old_rtl/first_layer/project_1/project_1.sim/sim_1/behav/xsim/file_14.mem'
INFO: [SIM-utils-43] Exported '/home/gsaied/Desktop/old_rtl/first_layer/project_1/project_1.sim/sim_1/behav/xsim/file_40.mem'
INFO: [SIM-utils-43] Exported '/home/gsaied/Desktop/old_rtl/first_layer/project_1/project_1.sim/sim_1/behav/xsim/file_57.mem'
INFO: [SIM-utils-43] Exported '/home/gsaied/Desktop/old_rtl/first_layer/project_1/project_1.sim/sim_1/behav/xsim/file_64.mem'
INFO: [SIM-utils-43] Exported '/home/gsaied/Desktop/old_rtl/first_layer/project_1/project_1.sim/sim_1/behav/xsim/second_part.mem'
INFO: [SIM-utils-43] Exported '/home/gsaied/Desktop/old_rtl/first_layer/project_1/project_1.sim/sim_1/behav/xsim/file_34.mem'
INFO: [SIM-utils-43] Exported '/home/gsaied/Desktop/old_rtl/first_layer/project_1/project_1.sim/sim_1/behav/xsim/file_47.mem'
INFO: [SIM-utils-43] Exported '/home/gsaied/Desktop/old_rtl/first_layer/project_1/project_1.sim/sim_1/behav/xsim/file_21.mem'
INFO: [SIM-utils-43] Exported '/home/gsaied/Desktop/old_rtl/first_layer/project_1/project_1.sim/sim_1/behav/xsim/weights.mem'
INFO: [SIM-utils-43] Exported '/home/gsaied/Desktop/old_rtl/first_layer/project_1/project_1.sim/sim_1/behav/xsim/file_63.mem'
INFO: [SIM-utils-43] Exported '/home/gsaied/Desktop/old_rtl/first_layer/project_1/project_1.sim/sim_1/behav/xsim/file_50.mem'
INFO: [SIM-utils-43] Exported '/home/gsaied/Desktop/old_rtl/first_layer/project_1/project_1.sim/sim_1/behav/xsim/file_17.mem'
INFO: [SIM-utils-43] Exported '/home/gsaied/Desktop/old_rtl/first_layer/project_1/project_1.sim/sim_1/behav/xsim/file_59.mem'
INFO: [SIM-utils-43] Exported '/home/gsaied/Desktop/old_rtl/first_layer/project_1/project_1.sim/sim_1/behav/xsim/file_16.mem'
INFO: [SIM-utils-43] Exported '/home/gsaied/Desktop/old_rtl/first_layer/project_1/project_1.sim/sim_1/behav/xsim/file_46.mem'
INFO: [SIM-utils-43] Exported '/home/gsaied/Desktop/old_rtl/first_layer/project_1/project_1.sim/sim_1/behav/xsim/file_20.mem'
INFO: [SIM-utils-43] Exported '/home/gsaied/Desktop/old_rtl/first_layer/project_1/project_1.sim/sim_1/behav/xsim/file_9.mem'
INFO: [SIM-utils-43] Exported '/home/gsaied/Desktop/old_rtl/first_layer/project_1/project_1.sim/sim_1/behav/xsim/file_33.mem'
INFO: [SIM-utils-43] Exported '/home/gsaied/Desktop/old_rtl/first_layer/project_1/project_1.sim/sim_1/behav/xsim/file_29.mem'
INFO: [SIM-utils-43] Exported '/home/gsaied/Desktop/old_rtl/first_layer/project_1/project_1.sim/sim_1/behav/xsim/file_1.mem'
INFO: [SIM-utils-43] Exported '/home/gsaied/Desktop/old_rtl/first_layer/project_1/project_1.sim/sim_1/behav/xsim/file_51.mem'
INFO: [SIM-utils-43] Exported '/home/gsaied/Desktop/old_rtl/first_layer/project_1/project_1.sim/sim_1/behav/xsim/file_10.mem'
INFO: [SIM-utils-43] Exported '/home/gsaied/Desktop/old_rtl/first_layer/project_1/project_1.sim/sim_1/behav/xsim/bias.mem'
INFO: [SIM-utils-43] Exported '/home/gsaied/Desktop/old_rtl/first_layer/project_1/project_1.sim/sim_1/behav/xsim/file_8.mem'
INFO: [SIM-utils-43] Exported '/home/gsaied/Desktop/old_rtl/first_layer/project_1/project_1.sim/sim_1/behav/xsim/file_53.mem'
INFO: [SIM-utils-43] Exported '/home/gsaied/Desktop/old_rtl/first_layer/project_1/project_1.sim/sim_1/behav/xsim/file_36.mem'
INFO: [SIM-utils-43] Exported '/home/gsaied/Desktop/old_rtl/first_layer/project_1/project_1.sim/sim_1/behav/xsim/file_61.mem'
INFO: [SIM-utils-43] Exported '/home/gsaied/Desktop/old_rtl/first_layer/project_1/project_1.sim/sim_1/behav/xsim/file_45.mem'
INFO: [SIM-utils-43] Exported '/home/gsaied/Desktop/old_rtl/first_layer/project_1/project_1.sim/sim_1/behav/xsim/file_19.mem'
INFO: [SIM-utils-43] Exported '/home/gsaied/Desktop/old_rtl/first_layer/project_1/project_1.sim/sim_1/behav/xsim/file_37.mem'
INFO: [SIM-utils-43] Exported '/home/gsaied/Desktop/old_rtl/first_layer/project_1/project_1.sim/sim_1/behav/xsim/file_28.mem'
INFO: [SIM-utils-43] Exported '/home/gsaied/Desktop/old_rtl/first_layer/project_1/project_1.sim/sim_1/behav/xsim/file_54.mem'
INFO: [SIM-utils-43] Exported '/home/gsaied/Desktop/old_rtl/first_layer/project_1/project_1.sim/sim_1/behav/xsim/file_52.mem'
INFO: [SIM-utils-43] Exported '/home/gsaied/Desktop/old_rtl/first_layer/project_1/project_1.sim/sim_1/behav/xsim/file_35.mem'
INFO: [SIM-utils-43] Exported '/home/gsaied/Desktop/old_rtl/first_layer/project_1/project_1.sim/sim_1/behav/xsim/file_7.mem'
INFO: [SIM-utils-43] Exported '/home/gsaied/Desktop/old_rtl/first_layer/project_1/project_1.sim/sim_1/behav/xsim/file_44.mem'
INFO: [SIM-utils-43] Exported '/home/gsaied/Desktop/old_rtl/first_layer/project_1/project_1.sim/sim_1/behav/xsim/file_18.mem'
INFO: [SIM-utils-43] Exported '/home/gsaied/Desktop/old_rtl/first_layer/project_1/project_1.sim/sim_1/behav/xsim/file_62.mem'
INFO: [SIM-utils-43] Exported '/home/gsaied/Desktop/old_rtl/first_layer/project_1/project_1.sim/sim_1/behav/xsim/file_27.mem'
INFO: [SIM-utils-43] Exported '/home/gsaied/Desktop/old_rtl/first_layer/project_1/project_1.sim/sim_1/behav/xsim/file_39.mem'
INFO: [SIM-utils-43] Exported '/home/gsaied/Desktop/old_rtl/first_layer/project_1/project_1.sim/sim_1/behav/xsim/third_part.mem'
INFO: [SIM-utils-43] Exported '/home/gsaied/Desktop/old_rtl/first_layer/project_1/project_1.sim/sim_1/behav/xsim/first_part.mem'
INFO: [SIM-utils-43] Exported '/home/gsaied/Desktop/old_rtl/first_layer/project_1/project_1.sim/sim_1/behav/xsim/file_6.mem'
INFO: [SIM-utils-43] Exported '/home/gsaied/Desktop/old_rtl/first_layer/project_1/project_1.sim/sim_1/behav/xsim/file_43.mem'
INFO: [SIM-utils-43] Exported '/home/gsaied/Desktop/old_rtl/first_layer/project_1/project_1.sim/sim_1/behav/xsim/file_56.mem'
INFO: [SIM-utils-43] Exported '/home/gsaied/Desktop/old_rtl/first_layer/project_1/project_1.sim/sim_1/behav/xsim/file_13.mem'
INFO: [SIM-utils-43] Exported '/home/gsaied/Desktop/old_rtl/first_layer/project_1/project_1.sim/sim_1/behav/xsim/file_26.mem'
INFO: [SIM-utils-43] Exported '/home/gsaied/Desktop/old_rtl/first_layer/project_1/project_1.sim/sim_1/behav/xsim/file_30.mem'
INFO: [SIM-utils-43] Exported '/home/gsaied/Desktop/old_rtl/first_layer/project_1/project_1.sim/sim_1/behav/xsim/file_11.mem'
INFO: [SIM-utils-43] Exported '/home/gsaied/Desktop/old_rtl/first_layer/project_1/project_1.sim/sim_1/behav/xsim/file_60.mem'
INFO: [SIM-utils-43] Exported '/home/gsaied/Desktop/old_rtl/first_layer/project_1/project_1.sim/sim_1/behav/xsim/file_38.mem'
INFO: [SIM-utils-43] Exported '/home/gsaied/Desktop/old_rtl/first_layer/project_1/project_1.sim/sim_1/behav/xsim/img.mem'
INFO: [SIM-utils-43] Exported '/home/gsaied/Desktop/old_rtl/first_layer/project_1/project_1.sim/sim_1/behav/xsim/file_5.mem'
INFO: [SIM-utils-43] Exported '/home/gsaied/Desktop/old_rtl/first_layer/project_1/project_1.sim/sim_1/behav/xsim/file_25.mem'
INFO: [SIM-utils-43] Exported '/home/gsaied/Desktop/old_rtl/first_layer/project_1/project_1.sim/sim_1/behav/xsim/file_55.mem'
INFO: [SIM-utils-43] Exported '/home/gsaied/Desktop/old_rtl/first_layer/project_1/project_1.sim/sim_1/behav/xsim/file_12.mem'
INFO: [SIM-utils-43] Exported '/home/gsaied/Desktop/old_rtl/first_layer/project_1/project_1.sim/sim_1/behav/xsim/file_42.mem'
INFO: [USF-XSim-97] Finding global include files...
INFO: [USF-XSim-98] Fetching design files from 'sim_1'...
INFO: [USF-XSim-2] XSim::Compile design
INFO: [USF-XSim-61] Executing 'COMPILE and ANALYZE' step in '/home/gsaied/Desktop/old_rtl/first_layer/project_1/project_1.sim/sim_1/behav/xsim'
xvlog --incr --relax -prj conv1_vlog.prj
INFO: [VRFC 10-2263] Analyzing SystemVerilog file "/home/gsaied/Desktop/old_rtl/first_layer/biasing.sv" into library xil_defaultlib
INFO: [VRFC 10-311] analyzing module biasing_rom
INFO: [VRFC 10-2263] Analyzing SystemVerilog file "/home/gsaied/Desktop/old_rtl/first_layer/conv_mac.sv" into library xil_defaultlib
INFO: [VRFC 10-311] analyzing module conv_mac
INFO: [VRFC 10-2263] Analyzing SystemVerilog file "/home/gsaied/Desktop/old_rtl/first_layer/rom.sv" into library xil_defaultlib
INFO: [VRFC 10-311] analyzing module rom_array_layer_1
INFO: [VRFC 10-2263] Analyzing SystemVerilog file "/home/gsaied/Desktop/old_rtl/first_layer/wrapper_image.sv" into library xil_defaultlib
INFO: [VRFC 10-311] analyzing module wrapper_image
INFO: [VRFC 10-2263] Analyzing SystemVerilog file "/home/gsaied/Desktop/old_rtl/first_layer/conv1.sv" into library xil_defaultlib
INFO: [VRFC 10-311] analyzing module conv1
WARNING: [VRFC 10-3380] identifier 'row_end' is used before its declaration [/home/gsaied/Desktop/old_rtl/first_layer/conv1.sv:62]
WARNING: [VRFC 10-3380] identifier 'conv1_timer' is used before its declaration [/home/gsaied/Desktop/old_rtl/first_layer/conv1.sv:63]
WARNING: [VRFC 10-3380] identifier 'img_addr_counter' is used before its declaration [/home/gsaied/Desktop/old_rtl/first_layer/conv1.sv:67]
WARNING: [VRFC 10-3380] identifier 'img_rom_address' is used before its declaration [/home/gsaied/Desktop/old_rtl/first_layer/conv1.sv:68]
WARNING: [VRFC 10-3380] identifier 'ref_address' is used before its declaration [/home/gsaied/Desktop/old_rtl/first_layer/conv1.sv:69]
INFO: [USF-XSim-69] 'compile' step finished in '1' seconds
INFO: [Vivado 12-5682] Launching behavioral simulation in '/home/gsaied/Desktop/old_rtl/first_layer/project_1/project_1.sim/sim_1/behav/xsim'
INFO: [USF-XSim-3] XSim::Elaborate design
INFO: [USF-XSim-61] Executing 'ELABORATE' step in '/home/gsaied/Desktop/old_rtl/first_layer/project_1/project_1.sim/sim_1/behav/xsim'
Vivado Simulator 2018.3
Copyright 1986-1999, 2001-2018 Xilinx, Inc. All Rights Reserved.
Running: /tools/Xilinx/Vivado/2018.3/bin/unwrapped/lnx64.o/xelab -wto 885b19abcd6a4a0d87675f3119c3f1cb --incr --debug typical --relax --mt 8 -L xil_defaultlib -L unisims_ver -L unimacro_ver -L secureip --snapshot conv1_behav xil_defaultlib.conv1 xil_defaultlib.glbl -log elaborate.log 
Using 8 slave threads.
Starting static elaboration
Completed static elaboration
Starting simulation data flow analysis
WARNING: [XSIM 43-4100] "/home/gsaied/Desktop/old_rtl/first_layer/project_1/project_1.sim/sim_1/behav/xsim/glbl.v" Line 6. Module glbl has a timescale but at least one module in design doesn't have timescale.
Completed simulation data flow analysis
Time Resolution for simulation is 1ps
Compiling module xil_defaultlib.biasing_rom
Compiling module xil_defaultlib.rom_array_layer_1
Compiling module xil_defaultlib.wrapper_image
Compiling module xil_defaultlib.conv_mac
Compiling module xil_defaultlib.conv1
Compiling module xil_defaultlib.glbl
Built simulation snapshot conv1_behav
INFO: [USF-XSim-69] 'elaborate' step finished in '2' seconds
Vivado Simulator 2018.3
Time resolution is 1 ps
relaunch_sim: Time (s): cpu = 00:00:08 ; elapsed = 00:00:08 . Memory (MB): peak = 7376.910 ; gain = 0.000 ; free physical = 1917 ; free virtual = 7121
add_force clk {1 0ns} {0 50ns} -repeat_every 100ns
force8
run 100
run 100
relaunch_sim
INFO: [Vivado 12-5682] Launching behavioral simulation in '/home/gsaied/Desktop/old_rtl/first_layer/project_1/project_1.sim/sim_1/behav/xsim'
INFO: [SIM-utils-51] Simulation object is 'sim_1'
INFO: [SIM-utils-54] Inspecting design source files for 'conv1' in fileset 'sim_1'...
INFO: [SIM-utils-43] Exported '/home/gsaied/Desktop/old_rtl/first_layer/project_1/project_1.sim/sim_1/behav/xsim/file_58.mem'
INFO: [SIM-utils-43] Exported '/home/gsaied/Desktop/old_rtl/first_layer/project_1/project_1.sim/sim_1/behav/xsim/file_23.mem'
INFO: [SIM-utils-43] Exported '/home/gsaied/Desktop/old_rtl/first_layer/project_1/project_1.sim/sim_1/behav/xsim/file_3.mem'
INFO: [SIM-utils-43] Exported '/home/gsaied/Desktop/old_rtl/first_layer/project_1/project_1.sim/sim_1/behav/xsim/file_24.mem'
INFO: [SIM-utils-43] Exported '/home/gsaied/Desktop/old_rtl/first_layer/project_1/project_1.sim/sim_1/behav/xsim/file_32.mem'
INFO: [SIM-utils-43] Exported '/home/gsaied/Desktop/old_rtl/first_layer/project_1/project_1.sim/sim_1/behav/xsim/file_2.mem'
INFO: [SIM-utils-43] Exported '/home/gsaied/Desktop/old_rtl/first_layer/project_1/project_1.sim/sim_1/behav/xsim/file_15.mem'
INFO: [SIM-utils-43] Exported '/home/gsaied/Desktop/old_rtl/first_layer/project_1/project_1.sim/sim_1/behav/xsim/file_4.mem'
INFO: [SIM-utils-43] Exported '/home/gsaied/Desktop/old_rtl/first_layer/project_1/project_1.sim/sim_1/behav/xsim/file_22.mem'
INFO: [SIM-utils-43] Exported '/home/gsaied/Desktop/old_rtl/first_layer/project_1/project_1.sim/sim_1/behav/xsim/file_41.mem'
INFO: [SIM-utils-43] Exported '/home/gsaied/Desktop/old_rtl/first_layer/project_1/project_1.sim/sim_1/behav/xsim/file_48.mem'
INFO: [SIM-utils-43] Exported '/home/gsaied/Desktop/old_rtl/first_layer/project_1/project_1.sim/sim_1/behav/xsim/file_31.mem'
INFO: [SIM-utils-43] Exported '/home/gsaied/Desktop/old_rtl/first_layer/project_1/project_1.sim/sim_1/behav/xsim/file_49.mem'
INFO: [SIM-utils-43] Exported '/home/gsaied/Desktop/old_rtl/first_layer/project_1/project_1.sim/sim_1/behav/xsim/file_14.mem'
INFO: [SIM-utils-43] Exported '/home/gsaied/Desktop/old_rtl/first_layer/project_1/project_1.sim/sim_1/behav/xsim/file_40.mem'
INFO: [SIM-utils-43] Exported '/home/gsaied/Desktop/old_rtl/first_layer/project_1/project_1.sim/sim_1/behav/xsim/file_57.mem'
INFO: [SIM-utils-43] Exported '/home/gsaied/Desktop/old_rtl/first_layer/project_1/project_1.sim/sim_1/behav/xsim/file_64.mem'
INFO: [SIM-utils-43] Exported '/home/gsaied/Desktop/old_rtl/first_layer/project_1/project_1.sim/sim_1/behav/xsim/second_part.mem'
INFO: [SIM-utils-43] Exported '/home/gsaied/Desktop/old_rtl/first_layer/project_1/project_1.sim/sim_1/behav/xsim/file_34.mem'
INFO: [SIM-utils-43] Exported '/home/gsaied/Desktop/old_rtl/first_layer/project_1/project_1.sim/sim_1/behav/xsim/file_47.mem'
INFO: [SIM-utils-43] Exported '/home/gsaied/Desktop/old_rtl/first_layer/project_1/project_1.sim/sim_1/behav/xsim/file_21.mem'
INFO: [SIM-utils-43] Exported '/home/gsaied/Desktop/old_rtl/first_layer/project_1/project_1.sim/sim_1/behav/xsim/weights.mem'
INFO: [SIM-utils-43] Exported '/home/gsaied/Desktop/old_rtl/first_layer/project_1/project_1.sim/sim_1/behav/xsim/file_63.mem'
INFO: [SIM-utils-43] Exported '/home/gsaied/Desktop/old_rtl/first_layer/project_1/project_1.sim/sim_1/behav/xsim/file_50.mem'
INFO: [SIM-utils-43] Exported '/home/gsaied/Desktop/old_rtl/first_layer/project_1/project_1.sim/sim_1/behav/xsim/file_17.mem'
INFO: [SIM-utils-43] Exported '/home/gsaied/Desktop/old_rtl/first_layer/project_1/project_1.sim/sim_1/behav/xsim/file_59.mem'
INFO: [SIM-utils-43] Exported '/home/gsaied/Desktop/old_rtl/first_layer/project_1/project_1.sim/sim_1/behav/xsim/file_16.mem'
INFO: [SIM-utils-43] Exported '/home/gsaied/Desktop/old_rtl/first_layer/project_1/project_1.sim/sim_1/behav/xsim/file_46.mem'
INFO: [SIM-utils-43] Exported '/home/gsaied/Desktop/old_rtl/first_layer/project_1/project_1.sim/sim_1/behav/xsim/file_20.mem'
INFO: [SIM-utils-43] Exported '/home/gsaied/Desktop/old_rtl/first_layer/project_1/project_1.sim/sim_1/behav/xsim/file_9.mem'
INFO: [SIM-utils-43] Exported '/home/gsaied/Desktop/old_rtl/first_layer/project_1/project_1.sim/sim_1/behav/xsim/file_33.mem'
INFO: [SIM-utils-43] Exported '/home/gsaied/Desktop/old_rtl/first_layer/project_1/project_1.sim/sim_1/behav/xsim/file_29.mem'
INFO: [SIM-utils-43] Exported '/home/gsaied/Desktop/old_rtl/first_layer/project_1/project_1.sim/sim_1/behav/xsim/file_1.mem'
INFO: [SIM-utils-43] Exported '/home/gsaied/Desktop/old_rtl/first_layer/project_1/project_1.sim/sim_1/behav/xsim/file_51.mem'
INFO: [SIM-utils-43] Exported '/home/gsaied/Desktop/old_rtl/first_layer/project_1/project_1.sim/sim_1/behav/xsim/file_10.mem'
INFO: [SIM-utils-43] Exported '/home/gsaied/Desktop/old_rtl/first_layer/project_1/project_1.sim/sim_1/behav/xsim/bias.mem'
INFO: [SIM-utils-43] Exported '/home/gsaied/Desktop/old_rtl/first_layer/project_1/project_1.sim/sim_1/behav/xsim/file_8.mem'
INFO: [SIM-utils-43] Exported '/home/gsaied/Desktop/old_rtl/first_layer/project_1/project_1.sim/sim_1/behav/xsim/file_53.mem'
INFO: [SIM-utils-43] Exported '/home/gsaied/Desktop/old_rtl/first_layer/project_1/project_1.sim/sim_1/behav/xsim/file_36.mem'
INFO: [SIM-utils-43] Exported '/home/gsaied/Desktop/old_rtl/first_layer/project_1/project_1.sim/sim_1/behav/xsim/file_61.mem'
INFO: [SIM-utils-43] Exported '/home/gsaied/Desktop/old_rtl/first_layer/project_1/project_1.sim/sim_1/behav/xsim/file_45.mem'
INFO: [SIM-utils-43] Exported '/home/gsaied/Desktop/old_rtl/first_layer/project_1/project_1.sim/sim_1/behav/xsim/file_19.mem'
INFO: [SIM-utils-43] Exported '/home/gsaied/Desktop/old_rtl/first_layer/project_1/project_1.sim/sim_1/behav/xsim/file_37.mem'
INFO: [SIM-utils-43] Exported '/home/gsaied/Desktop/old_rtl/first_layer/project_1/project_1.sim/sim_1/behav/xsim/file_28.mem'
INFO: [SIM-utils-43] Exported '/home/gsaied/Desktop/old_rtl/first_layer/project_1/project_1.sim/sim_1/behav/xsim/file_54.mem'
INFO: [SIM-utils-43] Exported '/home/gsaied/Desktop/old_rtl/first_layer/project_1/project_1.sim/sim_1/behav/xsim/file_52.mem'
INFO: [SIM-utils-43] Exported '/home/gsaied/Desktop/old_rtl/first_layer/project_1/project_1.sim/sim_1/behav/xsim/file_35.mem'
INFO: [SIM-utils-43] Exported '/home/gsaied/Desktop/old_rtl/first_layer/project_1/project_1.sim/sim_1/behav/xsim/file_7.mem'
INFO: [SIM-utils-43] Exported '/home/gsaied/Desktop/old_rtl/first_layer/project_1/project_1.sim/sim_1/behav/xsim/file_44.mem'
INFO: [SIM-utils-43] Exported '/home/gsaied/Desktop/old_rtl/first_layer/project_1/project_1.sim/sim_1/behav/xsim/file_18.mem'
INFO: [SIM-utils-43] Exported '/home/gsaied/Desktop/old_rtl/first_layer/project_1/project_1.sim/sim_1/behav/xsim/file_62.mem'
INFO: [SIM-utils-43] Exported '/home/gsaied/Desktop/old_rtl/first_layer/project_1/project_1.sim/sim_1/behav/xsim/file_27.mem'
INFO: [SIM-utils-43] Exported '/home/gsaied/Desktop/old_rtl/first_layer/project_1/project_1.sim/sim_1/behav/xsim/file_39.mem'
INFO: [SIM-utils-43] Exported '/home/gsaied/Desktop/old_rtl/first_layer/project_1/project_1.sim/sim_1/behav/xsim/third_part.mem'
INFO: [SIM-utils-43] Exported '/home/gsaied/Desktop/old_rtl/first_layer/project_1/project_1.sim/sim_1/behav/xsim/first_part.mem'
INFO: [SIM-utils-43] Exported '/home/gsaied/Desktop/old_rtl/first_layer/project_1/project_1.sim/sim_1/behav/xsim/file_6.mem'
INFO: [SIM-utils-43] Exported '/home/gsaied/Desktop/old_rtl/first_layer/project_1/project_1.sim/sim_1/behav/xsim/file_43.mem'
INFO: [SIM-utils-43] Exported '/home/gsaied/Desktop/old_rtl/first_layer/project_1/project_1.sim/sim_1/behav/xsim/file_56.mem'
INFO: [SIM-utils-43] Exported '/home/gsaied/Desktop/old_rtl/first_layer/project_1/project_1.sim/sim_1/behav/xsim/file_13.mem'
INFO: [SIM-utils-43] Exported '/home/gsaied/Desktop/old_rtl/first_layer/project_1/project_1.sim/sim_1/behav/xsim/file_26.mem'
INFO: [SIM-utils-43] Exported '/home/gsaied/Desktop/old_rtl/first_layer/project_1/project_1.sim/sim_1/behav/xsim/file_30.mem'
INFO: [SIM-utils-43] Exported '/home/gsaied/Desktop/old_rtl/first_layer/project_1/project_1.sim/sim_1/behav/xsim/file_11.mem'
INFO: [SIM-utils-43] Exported '/home/gsaied/Desktop/old_rtl/first_layer/project_1/project_1.sim/sim_1/behav/xsim/file_60.mem'
INFO: [SIM-utils-43] Exported '/home/gsaied/Desktop/old_rtl/first_layer/project_1/project_1.sim/sim_1/behav/xsim/file_38.mem'
INFO: [SIM-utils-43] Exported '/home/gsaied/Desktop/old_rtl/first_layer/project_1/project_1.sim/sim_1/behav/xsim/img.mem'
INFO: [SIM-utils-43] Exported '/home/gsaied/Desktop/old_rtl/first_layer/project_1/project_1.sim/sim_1/behav/xsim/file_5.mem'
INFO: [SIM-utils-43] Exported '/home/gsaied/Desktop/old_rtl/first_layer/project_1/project_1.sim/sim_1/behav/xsim/file_25.mem'
INFO: [SIM-utils-43] Exported '/home/gsaied/Desktop/old_rtl/first_layer/project_1/project_1.sim/sim_1/behav/xsim/file_55.mem'
INFO: [SIM-utils-43] Exported '/home/gsaied/Desktop/old_rtl/first_layer/project_1/project_1.sim/sim_1/behav/xsim/file_12.mem'
INFO: [SIM-utils-43] Exported '/home/gsaied/Desktop/old_rtl/first_layer/project_1/project_1.sim/sim_1/behav/xsim/file_42.mem'
INFO: [USF-XSim-97] Finding global include files...
INFO: [USF-XSim-98] Fetching design files from 'sim_1'...
INFO: [USF-XSim-2] XSim::Compile design
INFO: [USF-XSim-61] Executing 'COMPILE and ANALYZE' step in '/home/gsaied/Desktop/old_rtl/first_layer/project_1/project_1.sim/sim_1/behav/xsim'
xvlog --incr --relax -prj conv1_vlog.prj
INFO: [VRFC 10-2263] Analyzing SystemVerilog file "/home/gsaied/Desktop/old_rtl/first_layer/biasing.sv" into library xil_defaultlib
INFO: [VRFC 10-311] analyzing module biasing_rom
INFO: [VRFC 10-2263] Analyzing SystemVerilog file "/home/gsaied/Desktop/old_rtl/first_layer/conv_mac.sv" into library xil_defaultlib
INFO: [VRFC 10-311] analyzing module conv_mac
INFO: [VRFC 10-2263] Analyzing SystemVerilog file "/home/gsaied/Desktop/old_rtl/first_layer/rom.sv" into library xil_defaultlib
INFO: [VRFC 10-311] analyzing module rom_array_layer_1
INFO: [VRFC 10-2263] Analyzing SystemVerilog file "/home/gsaied/Desktop/old_rtl/first_layer/wrapper_image.sv" into library xil_defaultlib
INFO: [VRFC 10-311] analyzing module wrapper_image
INFO: [VRFC 10-2263] Analyzing SystemVerilog file "/home/gsaied/Desktop/old_rtl/first_layer/conv1.sv" into library xil_defaultlib
INFO: [VRFC 10-311] analyzing module conv1
WARNING: [VRFC 10-3380] identifier 'row_end' is used before its declaration [/home/gsaied/Desktop/old_rtl/first_layer/conv1.sv:62]
WARNING: [VRFC 10-3380] identifier 'conv1_timer' is used before its declaration [/home/gsaied/Desktop/old_rtl/first_layer/conv1.sv:63]
WARNING: [VRFC 10-3380] identifier 'img_addr_counter' is used before its declaration [/home/gsaied/Desktop/old_rtl/first_layer/conv1.sv:67]
WARNING: [VRFC 10-3380] identifier 'img_rom_address' is used before its declaration [/home/gsaied/Desktop/old_rtl/first_layer/conv1.sv:68]
WARNING: [VRFC 10-3380] identifier 'ref_address' is used before its declaration [/home/gsaied/Desktop/old_rtl/first_layer/conv1.sv:69]
INFO: [USF-XSim-69] 'compile' step finished in '1' seconds
INFO: [Vivado 12-5682] Launching behavioral simulation in '/home/gsaied/Desktop/old_rtl/first_layer/project_1/project_1.sim/sim_1/behav/xsim'
INFO: [USF-XSim-3] XSim::Elaborate design
INFO: [USF-XSim-61] Executing 'ELABORATE' step in '/home/gsaied/Desktop/old_rtl/first_layer/project_1/project_1.sim/sim_1/behav/xsim'
Vivado Simulator 2018.3
Copyright 1986-1999, 2001-2018 Xilinx, Inc. All Rights Reserved.
Running: /tools/Xilinx/Vivado/2018.3/bin/unwrapped/lnx64.o/xelab -wto 885b19abcd6a4a0d87675f3119c3f1cb --incr --debug typical --relax --mt 8 -L xil_defaultlib -L unisims_ver -L unimacro_ver -L secureip --snapshot conv1_behav xil_defaultlib.conv1 xil_defaultlib.glbl -log elaborate.log 
Using 8 slave threads.
Starting static elaboration
Completed static elaboration
Starting simulation data flow analysis
WARNING: [XSIM 43-4100] "/home/gsaied/Desktop/old_rtl/first_layer/project_1/project_1.sim/sim_1/behav/xsim/glbl.v" Line 6. Module glbl has a timescale but at least one module in design doesn't have timescale.
Completed simulation data flow analysis
Time Resolution for simulation is 1ps
Compiling module xil_defaultlib.biasing_rom
Compiling module xil_defaultlib.rom_array_layer_1
Compiling module xil_defaultlib.wrapper_image
Compiling module xil_defaultlib.conv_mac
Compiling module xil_defaultlib.conv1
Compiling module xil_defaultlib.glbl
Built simulation snapshot conv1_behav
INFO: [USF-XSim-69] 'elaborate' step finished in '1' seconds
Vivado Simulator 2018.3
Time resolution is 1 ps
relaunch_sim: Time (s): cpu = 00:00:06 ; elapsed = 00:00:06 . Memory (MB): peak = 7422.684 ; gain = 0.000 ; free physical = 1910 ; free virtual = 7126
add_force clk {1 0ns} {0 50ns} -repeat_every 100ns
force9
run 100
run 100
run 100
relaunch_sim
INFO: [Vivado 12-5682] Launching behavioral simulation in '/home/gsaied/Desktop/old_rtl/first_layer/project_1/project_1.sim/sim_1/behav/xsim'
INFO: [SIM-utils-51] Simulation object is 'sim_1'
INFO: [SIM-utils-54] Inspecting design source files for 'conv1' in fileset 'sim_1'...
INFO: [SIM-utils-43] Exported '/home/gsaied/Desktop/old_rtl/first_layer/project_1/project_1.sim/sim_1/behav/xsim/file_58.mem'
INFO: [SIM-utils-43] Exported '/home/gsaied/Desktop/old_rtl/first_layer/project_1/project_1.sim/sim_1/behav/xsim/file_23.mem'
INFO: [SIM-utils-43] Exported '/home/gsaied/Desktop/old_rtl/first_layer/project_1/project_1.sim/sim_1/behav/xsim/file_3.mem'
INFO: [SIM-utils-43] Exported '/home/gsaied/Desktop/old_rtl/first_layer/project_1/project_1.sim/sim_1/behav/xsim/file_24.mem'
INFO: [SIM-utils-43] Exported '/home/gsaied/Desktop/old_rtl/first_layer/project_1/project_1.sim/sim_1/behav/xsim/file_32.mem'
INFO: [SIM-utils-43] Exported '/home/gsaied/Desktop/old_rtl/first_layer/project_1/project_1.sim/sim_1/behav/xsim/file_2.mem'
INFO: [SIM-utils-43] Exported '/home/gsaied/Desktop/old_rtl/first_layer/project_1/project_1.sim/sim_1/behav/xsim/file_15.mem'
INFO: [SIM-utils-43] Exported '/home/gsaied/Desktop/old_rtl/first_layer/project_1/project_1.sim/sim_1/behav/xsim/file_4.mem'
INFO: [SIM-utils-43] Exported '/home/gsaied/Desktop/old_rtl/first_layer/project_1/project_1.sim/sim_1/behav/xsim/file_22.mem'
INFO: [SIM-utils-43] Exported '/home/gsaied/Desktop/old_rtl/first_layer/project_1/project_1.sim/sim_1/behav/xsim/file_41.mem'
INFO: [SIM-utils-43] Exported '/home/gsaied/Desktop/old_rtl/first_layer/project_1/project_1.sim/sim_1/behav/xsim/file_48.mem'
INFO: [SIM-utils-43] Exported '/home/gsaied/Desktop/old_rtl/first_layer/project_1/project_1.sim/sim_1/behav/xsim/file_31.mem'
INFO: [SIM-utils-43] Exported '/home/gsaied/Desktop/old_rtl/first_layer/project_1/project_1.sim/sim_1/behav/xsim/file_49.mem'
INFO: [SIM-utils-43] Exported '/home/gsaied/Desktop/old_rtl/first_layer/project_1/project_1.sim/sim_1/behav/xsim/file_14.mem'
INFO: [SIM-utils-43] Exported '/home/gsaied/Desktop/old_rtl/first_layer/project_1/project_1.sim/sim_1/behav/xsim/file_40.mem'
INFO: [SIM-utils-43] Exported '/home/gsaied/Desktop/old_rtl/first_layer/project_1/project_1.sim/sim_1/behav/xsim/file_57.mem'
INFO: [SIM-utils-43] Exported '/home/gsaied/Desktop/old_rtl/first_layer/project_1/project_1.sim/sim_1/behav/xsim/file_64.mem'
INFO: [SIM-utils-43] Exported '/home/gsaied/Desktop/old_rtl/first_layer/project_1/project_1.sim/sim_1/behav/xsim/second_part.mem'
INFO: [SIM-utils-43] Exported '/home/gsaied/Desktop/old_rtl/first_layer/project_1/project_1.sim/sim_1/behav/xsim/file_34.mem'
INFO: [SIM-utils-43] Exported '/home/gsaied/Desktop/old_rtl/first_layer/project_1/project_1.sim/sim_1/behav/xsim/file_47.mem'
INFO: [SIM-utils-43] Exported '/home/gsaied/Desktop/old_rtl/first_layer/project_1/project_1.sim/sim_1/behav/xsim/file_21.mem'
INFO: [SIM-utils-43] Exported '/home/gsaied/Desktop/old_rtl/first_layer/project_1/project_1.sim/sim_1/behav/xsim/weights.mem'
INFO: [SIM-utils-43] Exported '/home/gsaied/Desktop/old_rtl/first_layer/project_1/project_1.sim/sim_1/behav/xsim/file_63.mem'
INFO: [SIM-utils-43] Exported '/home/gsaied/Desktop/old_rtl/first_layer/project_1/project_1.sim/sim_1/behav/xsim/file_50.mem'
INFO: [SIM-utils-43] Exported '/home/gsaied/Desktop/old_rtl/first_layer/project_1/project_1.sim/sim_1/behav/xsim/file_17.mem'
INFO: [SIM-utils-43] Exported '/home/gsaied/Desktop/old_rtl/first_layer/project_1/project_1.sim/sim_1/behav/xsim/file_59.mem'
INFO: [SIM-utils-43] Exported '/home/gsaied/Desktop/old_rtl/first_layer/project_1/project_1.sim/sim_1/behav/xsim/file_16.mem'
INFO: [SIM-utils-43] Exported '/home/gsaied/Desktop/old_rtl/first_layer/project_1/project_1.sim/sim_1/behav/xsim/file_46.mem'
INFO: [SIM-utils-43] Exported '/home/gsaied/Desktop/old_rtl/first_layer/project_1/project_1.sim/sim_1/behav/xsim/file_20.mem'
INFO: [SIM-utils-43] Exported '/home/gsaied/Desktop/old_rtl/first_layer/project_1/project_1.sim/sim_1/behav/xsim/file_9.mem'
INFO: [Common 17-14] Message 'SIM-utils 43' appears 100 times and further instances of the messages will be disabled. Use the Tcl command set_msg_config to change the current settings.
INFO: [USF-XSim-97] Finding global include files...
INFO: [USF-XSim-98] Fetching design files from 'sim_1'...
INFO: [USF-XSim-2] XSim::Compile design
INFO: [USF-XSim-61] Executing 'COMPILE and ANALYZE' step in '/home/gsaied/Desktop/old_rtl/first_layer/project_1/project_1.sim/sim_1/behav/xsim'
xvlog --incr --relax -prj conv1_vlog.prj
INFO: [USF-XSim-69] 'compile' step finished in '1' seconds
INFO: [Vivado 12-5682] Launching behavioral simulation in '/home/gsaied/Desktop/old_rtl/first_layer/project_1/project_1.sim/sim_1/behav/xsim'
INFO: [USF-XSim-3] XSim::Elaborate design
INFO: [USF-XSim-61] Executing 'ELABORATE' step in '/home/gsaied/Desktop/old_rtl/first_layer/project_1/project_1.sim/sim_1/behav/xsim'
Vivado Simulator 2018.3
Copyright 1986-1999, 2001-2018 Xilinx, Inc. All Rights Reserved.
Running: /tools/Xilinx/Vivado/2018.3/bin/unwrapped/lnx64.o/xelab -wto 885b19abcd6a4a0d87675f3119c3f1cb --incr --debug typical --relax --mt 8 -L xil_defaultlib -L unisims_ver -L unimacro_ver -L secureip --snapshot conv1_behav xil_defaultlib.conv1 xil_defaultlib.glbl -log elaborate.log 
Using 8 slave threads.
Starting static elaboration
Completed static elaboration
INFO: [XSIM 43-4323] No Change in HDL. Linking previously generated obj files to create kernel
INFO: [USF-XSim-69] 'elaborate' step finished in '1' seconds
Vivado Simulator 2018.3
Time resolution is 1 ps
relaunch_sim: Time (s): cpu = 00:00:06 ; elapsed = 00:00:06 . Memory (MB): peak = 7422.684 ; gain = 0.000 ; free physical = 1867 ; free virtual = 7081
add_force clk {0 0ns} {0 50ns} -repeat_every 100ns
ERROR: [Simtcl 6-179] Couldn't add force for the following reason: Value '0' is present in two consecutive events.
add_force clk {0 1ns} {0 50ns} -repeat_every 100ns
ERROR: [Simtcl 6-179] Couldn't add force for the following reason: Value '0' is present in two consecutive events.
add_force {/conv1/clk} -radix hex {1 0ns} {0 50000ps} -repeat_every 100000ps
run 1000 ns
add_force {/conv1/conv1_en} -radix hex {1 0ns}
relaunch_sim
INFO: [Vivado 12-5682] Launching behavioral simulation in '/home/gsaied/Desktop/old_rtl/first_layer/project_1/project_1.sim/sim_1/behav/xsim'
INFO: [SIM-utils-51] Simulation object is 'sim_1'
INFO: [SIM-utils-54] Inspecting design source files for 'conv1' in fileset 'sim_1'...
INFO: [USF-XSim-97] Finding global include files...
INFO: [USF-XSim-98] Fetching design files from 'sim_1'...
INFO: [USF-XSim-2] XSim::Compile design
INFO: [USF-XSim-61] Executing 'COMPILE and ANALYZE' step in '/home/gsaied/Desktop/old_rtl/first_layer/project_1/project_1.sim/sim_1/behav/xsim'
xvlog --incr --relax -prj conv1_vlog.prj
INFO: [USF-XSim-69] 'compile' step finished in '1' seconds
INFO: [Vivado 12-5682] Launching behavioral simulation in '/home/gsaied/Desktop/old_rtl/first_layer/project_1/project_1.sim/sim_1/behav/xsim'
INFO: [USF-XSim-3] XSim::Elaborate design
INFO: [USF-XSim-61] Executing 'ELABORATE' step in '/home/gsaied/Desktop/old_rtl/first_layer/project_1/project_1.sim/sim_1/behav/xsim'
Vivado Simulator 2018.3
Copyright 1986-1999, 2001-2018 Xilinx, Inc. All Rights Reserved.
Running: /tools/Xilinx/Vivado/2018.3/bin/unwrapped/lnx64.o/xelab -wto 885b19abcd6a4a0d87675f3119c3f1cb --incr --debug typical --relax --mt 8 -L xil_defaultlib -L unisims_ver -L unimacro_ver -L secureip --snapshot conv1_behav xil_defaultlib.conv1 xil_defaultlib.glbl -log elaborate.log 
Using 8 slave threads.
Starting static elaboration
Completed static elaboration
INFO: [XSIM 43-4323] No Change in HDL. Linking previously generated obj files to create kernel
INFO: [USF-XSim-69] 'elaborate' step finished in '1' seconds
Vivado Simulator 2018.3
Time resolution is 1 ps
relaunch_sim: Time (s): cpu = 00:00:05 ; elapsed = 00:00:06 . Memory (MB): peak = 7422.684 ; gain = 0.000 ; free physical = 1885 ; free virtual = 7105
add_force clk {1 0ns} {0 50ns} -repeat_every 100ns
force12
run 100
run 1000 ns
relaunch_sim
INFO: [Vivado 12-5682] Launching behavioral simulation in '/home/gsaied/Desktop/old_rtl/first_layer/project_1/project_1.sim/sim_1/behav/xsim'
INFO: [SIM-utils-51] Simulation object is 'sim_1'
INFO: [SIM-utils-54] Inspecting design source files for 'conv1' in fileset 'sim_1'...
INFO: [SIM-utils-43] Exported '/home/gsaied/Desktop/old_rtl/first_layer/project_1/project_1.sim/sim_1/behav/xsim/file_58.mem'
INFO: [SIM-utils-43] Exported '/home/gsaied/Desktop/old_rtl/first_layer/project_1/project_1.sim/sim_1/behav/xsim/file_23.mem'
INFO: [SIM-utils-43] Exported '/home/gsaied/Desktop/old_rtl/first_layer/project_1/project_1.sim/sim_1/behav/xsim/file_3.mem'
INFO: [SIM-utils-43] Exported '/home/gsaied/Desktop/old_rtl/first_layer/project_1/project_1.sim/sim_1/behav/xsim/file_24.mem'
INFO: [SIM-utils-43] Exported '/home/gsaied/Desktop/old_rtl/first_layer/project_1/project_1.sim/sim_1/behav/xsim/file_32.mem'
INFO: [SIM-utils-43] Exported '/home/gsaied/Desktop/old_rtl/first_layer/project_1/project_1.sim/sim_1/behav/xsim/file_2.mem'
INFO: [SIM-utils-43] Exported '/home/gsaied/Desktop/old_rtl/first_layer/project_1/project_1.sim/sim_1/behav/xsim/file_15.mem'
INFO: [SIM-utils-43] Exported '/home/gsaied/Desktop/old_rtl/first_layer/project_1/project_1.sim/sim_1/behav/xsim/file_4.mem'
INFO: [SIM-utils-43] Exported '/home/gsaied/Desktop/old_rtl/first_layer/project_1/project_1.sim/sim_1/behav/xsim/file_22.mem'
INFO: [SIM-utils-43] Exported '/home/gsaied/Desktop/old_rtl/first_layer/project_1/project_1.sim/sim_1/behav/xsim/file_41.mem'
INFO: [SIM-utils-43] Exported '/home/gsaied/Desktop/old_rtl/first_layer/project_1/project_1.sim/sim_1/behav/xsim/file_48.mem'
INFO: [SIM-utils-43] Exported '/home/gsaied/Desktop/old_rtl/first_layer/project_1/project_1.sim/sim_1/behav/xsim/file_31.mem'
INFO: [SIM-utils-43] Exported '/home/gsaied/Desktop/old_rtl/first_layer/project_1/project_1.sim/sim_1/behav/xsim/file_49.mem'
INFO: [SIM-utils-43] Exported '/home/gsaied/Desktop/old_rtl/first_layer/project_1/project_1.sim/sim_1/behav/xsim/file_14.mem'
INFO: [SIM-utils-43] Exported '/home/gsaied/Desktop/old_rtl/first_layer/project_1/project_1.sim/sim_1/behav/xsim/file_40.mem'
INFO: [SIM-utils-43] Exported '/home/gsaied/Desktop/old_rtl/first_layer/project_1/project_1.sim/sim_1/behav/xsim/file_57.mem'
INFO: [SIM-utils-43] Exported '/home/gsaied/Desktop/old_rtl/first_layer/project_1/project_1.sim/sim_1/behav/xsim/file_64.mem'
INFO: [SIM-utils-43] Exported '/home/gsaied/Desktop/old_rtl/first_layer/project_1/project_1.sim/sim_1/behav/xsim/second_part.mem'
INFO: [SIM-utils-43] Exported '/home/gsaied/Desktop/old_rtl/first_layer/project_1/project_1.sim/sim_1/behav/xsim/file_34.mem'
INFO: [SIM-utils-43] Exported '/home/gsaied/Desktop/old_rtl/first_layer/project_1/project_1.sim/sim_1/behav/xsim/file_47.mem'
INFO: [SIM-utils-43] Exported '/home/gsaied/Desktop/old_rtl/first_layer/project_1/project_1.sim/sim_1/behav/xsim/file_21.mem'
INFO: [SIM-utils-43] Exported '/home/gsaied/Desktop/old_rtl/first_layer/project_1/project_1.sim/sim_1/behav/xsim/weights.mem'
INFO: [SIM-utils-43] Exported '/home/gsaied/Desktop/old_rtl/first_layer/project_1/project_1.sim/sim_1/behav/xsim/file_63.mem'
INFO: [SIM-utils-43] Exported '/home/gsaied/Desktop/old_rtl/first_layer/project_1/project_1.sim/sim_1/behav/xsim/file_50.mem'
INFO: [SIM-utils-43] Exported '/home/gsaied/Desktop/old_rtl/first_layer/project_1/project_1.sim/sim_1/behav/xsim/file_17.mem'
INFO: [SIM-utils-43] Exported '/home/gsaied/Desktop/old_rtl/first_layer/project_1/project_1.sim/sim_1/behav/xsim/file_59.mem'
INFO: [SIM-utils-43] Exported '/home/gsaied/Desktop/old_rtl/first_layer/project_1/project_1.sim/sim_1/behav/xsim/file_16.mem'
INFO: [SIM-utils-43] Exported '/home/gsaied/Desktop/old_rtl/first_layer/project_1/project_1.sim/sim_1/behav/xsim/file_46.mem'
INFO: [SIM-utils-43] Exported '/home/gsaied/Desktop/old_rtl/first_layer/project_1/project_1.sim/sim_1/behav/xsim/file_20.mem'
INFO: [SIM-utils-43] Exported '/home/gsaied/Desktop/old_rtl/first_layer/project_1/project_1.sim/sim_1/behav/xsim/file_9.mem'
INFO: [SIM-utils-43] Exported '/home/gsaied/Desktop/old_rtl/first_layer/project_1/project_1.sim/sim_1/behav/xsim/file_33.mem'
INFO: [SIM-utils-43] Exported '/home/gsaied/Desktop/old_rtl/first_layer/project_1/project_1.sim/sim_1/behav/xsim/file_29.mem'
INFO: [SIM-utils-43] Exported '/home/gsaied/Desktop/old_rtl/first_layer/project_1/project_1.sim/sim_1/behav/xsim/file_1.mem'
INFO: [SIM-utils-43] Exported '/home/gsaied/Desktop/old_rtl/first_layer/project_1/project_1.sim/sim_1/behav/xsim/file_51.mem'
INFO: [SIM-utils-43] Exported '/home/gsaied/Desktop/old_rtl/first_layer/project_1/project_1.sim/sim_1/behav/xsim/file_10.mem'
INFO: [SIM-utils-43] Exported '/home/gsaied/Desktop/old_rtl/first_layer/project_1/project_1.sim/sim_1/behav/xsim/bias.mem'
INFO: [SIM-utils-43] Exported '/home/gsaied/Desktop/old_rtl/first_layer/project_1/project_1.sim/sim_1/behav/xsim/file_8.mem'
INFO: [SIM-utils-43] Exported '/home/gsaied/Desktop/old_rtl/first_layer/project_1/project_1.sim/sim_1/behav/xsim/file_53.mem'
INFO: [SIM-utils-43] Exported '/home/gsaied/Desktop/old_rtl/first_layer/project_1/project_1.sim/sim_1/behav/xsim/file_36.mem'
INFO: [SIM-utils-43] Exported '/home/gsaied/Desktop/old_rtl/first_layer/project_1/project_1.sim/sim_1/behav/xsim/file_61.mem'
INFO: [SIM-utils-43] Exported '/home/gsaied/Desktop/old_rtl/first_layer/project_1/project_1.sim/sim_1/behav/xsim/file_45.mem'
INFO: [SIM-utils-43] Exported '/home/gsaied/Desktop/old_rtl/first_layer/project_1/project_1.sim/sim_1/behav/xsim/file_19.mem'
INFO: [SIM-utils-43] Exported '/home/gsaied/Desktop/old_rtl/first_layer/project_1/project_1.sim/sim_1/behav/xsim/file_37.mem'
INFO: [SIM-utils-43] Exported '/home/gsaied/Desktop/old_rtl/first_layer/project_1/project_1.sim/sim_1/behav/xsim/file_28.mem'
INFO: [SIM-utils-43] Exported '/home/gsaied/Desktop/old_rtl/first_layer/project_1/project_1.sim/sim_1/behav/xsim/file_54.mem'
INFO: [SIM-utils-43] Exported '/home/gsaied/Desktop/old_rtl/first_layer/project_1/project_1.sim/sim_1/behav/xsim/file_52.mem'
INFO: [SIM-utils-43] Exported '/home/gsaied/Desktop/old_rtl/first_layer/project_1/project_1.sim/sim_1/behav/xsim/file_35.mem'
INFO: [SIM-utils-43] Exported '/home/gsaied/Desktop/old_rtl/first_layer/project_1/project_1.sim/sim_1/behav/xsim/file_7.mem'
INFO: [SIM-utils-43] Exported '/home/gsaied/Desktop/old_rtl/first_layer/project_1/project_1.sim/sim_1/behav/xsim/file_44.mem'
INFO: [SIM-utils-43] Exported '/home/gsaied/Desktop/old_rtl/first_layer/project_1/project_1.sim/sim_1/behav/xsim/file_18.mem'
INFO: [SIM-utils-43] Exported '/home/gsaied/Desktop/old_rtl/first_layer/project_1/project_1.sim/sim_1/behav/xsim/file_62.mem'
INFO: [SIM-utils-43] Exported '/home/gsaied/Desktop/old_rtl/first_layer/project_1/project_1.sim/sim_1/behav/xsim/file_27.mem'
INFO: [SIM-utils-43] Exported '/home/gsaied/Desktop/old_rtl/first_layer/project_1/project_1.sim/sim_1/behav/xsim/file_39.mem'
INFO: [SIM-utils-43] Exported '/home/gsaied/Desktop/old_rtl/first_layer/project_1/project_1.sim/sim_1/behav/xsim/third_part.mem'
INFO: [SIM-utils-43] Exported '/home/gsaied/Desktop/old_rtl/first_layer/project_1/project_1.sim/sim_1/behav/xsim/first_part.mem'
INFO: [SIM-utils-43] Exported '/home/gsaied/Desktop/old_rtl/first_layer/project_1/project_1.sim/sim_1/behav/xsim/file_6.mem'
INFO: [SIM-utils-43] Exported '/home/gsaied/Desktop/old_rtl/first_layer/project_1/project_1.sim/sim_1/behav/xsim/file_43.mem'
INFO: [SIM-utils-43] Exported '/home/gsaied/Desktop/old_rtl/first_layer/project_1/project_1.sim/sim_1/behav/xsim/file_56.mem'
INFO: [SIM-utils-43] Exported '/home/gsaied/Desktop/old_rtl/first_layer/project_1/project_1.sim/sim_1/behav/xsim/file_13.mem'
INFO: [SIM-utils-43] Exported '/home/gsaied/Desktop/old_rtl/first_layer/project_1/project_1.sim/sim_1/behav/xsim/file_26.mem'
INFO: [SIM-utils-43] Exported '/home/gsaied/Desktop/old_rtl/first_layer/project_1/project_1.sim/sim_1/behav/xsim/file_30.mem'
INFO: [SIM-utils-43] Exported '/home/gsaied/Desktop/old_rtl/first_layer/project_1/project_1.sim/sim_1/behav/xsim/file_11.mem'
INFO: [SIM-utils-43] Exported '/home/gsaied/Desktop/old_rtl/first_layer/project_1/project_1.sim/sim_1/behav/xsim/file_60.mem'
INFO: [SIM-utils-43] Exported '/home/gsaied/Desktop/old_rtl/first_layer/project_1/project_1.sim/sim_1/behav/xsim/file_38.mem'
INFO: [SIM-utils-43] Exported '/home/gsaied/Desktop/old_rtl/first_layer/project_1/project_1.sim/sim_1/behav/xsim/img.mem'
INFO: [SIM-utils-43] Exported '/home/gsaied/Desktop/old_rtl/first_layer/project_1/project_1.sim/sim_1/behav/xsim/file_5.mem'
INFO: [SIM-utils-43] Exported '/home/gsaied/Desktop/old_rtl/first_layer/project_1/project_1.sim/sim_1/behav/xsim/file_25.mem'
INFO: [SIM-utils-43] Exported '/home/gsaied/Desktop/old_rtl/first_layer/project_1/project_1.sim/sim_1/behav/xsim/file_55.mem'
INFO: [SIM-utils-43] Exported '/home/gsaied/Desktop/old_rtl/first_layer/project_1/project_1.sim/sim_1/behav/xsim/file_12.mem'
INFO: [SIM-utils-43] Exported '/home/gsaied/Desktop/old_rtl/first_layer/project_1/project_1.sim/sim_1/behav/xsim/file_42.mem'
INFO: [USF-XSim-97] Finding global include files...
INFO: [USF-XSim-98] Fetching design files from 'sim_1'...
INFO: [USF-XSim-2] XSim::Compile design
INFO: [USF-XSim-61] Executing 'COMPILE and ANALYZE' step in '/home/gsaied/Desktop/old_rtl/first_layer/project_1/project_1.sim/sim_1/behav/xsim'
xvlog --incr --relax -prj conv1_vlog.prj
INFO: [VRFC 10-2263] Analyzing SystemVerilog file "/home/gsaied/Desktop/old_rtl/first_layer/biasing.sv" into library xil_defaultlib
INFO: [VRFC 10-311] analyzing module biasing_rom
INFO: [VRFC 10-2263] Analyzing SystemVerilog file "/home/gsaied/Desktop/old_rtl/first_layer/conv_mac.sv" into library xil_defaultlib
INFO: [VRFC 10-311] analyzing module conv_mac
INFO: [VRFC 10-2263] Analyzing SystemVerilog file "/home/gsaied/Desktop/old_rtl/first_layer/rom.sv" into library xil_defaultlib
INFO: [VRFC 10-311] analyzing module rom_array_layer_1
INFO: [VRFC 10-2263] Analyzing SystemVerilog file "/home/gsaied/Desktop/old_rtl/first_layer/wrapper_image.sv" into library xil_defaultlib
INFO: [VRFC 10-311] analyzing module wrapper_image
INFO: [VRFC 10-2263] Analyzing SystemVerilog file "/home/gsaied/Desktop/old_rtl/first_layer/conv1.sv" into library xil_defaultlib
INFO: [VRFC 10-311] analyzing module conv1
WARNING: [VRFC 10-3380] identifier 'row_end' is used before its declaration [/home/gsaied/Desktop/old_rtl/first_layer/conv1.sv:62]
WARNING: [VRFC 10-3380] identifier 'conv1_timer' is used before its declaration [/home/gsaied/Desktop/old_rtl/first_layer/conv1.sv:63]
WARNING: [VRFC 10-3380] identifier 'img_addr_counter' is used before its declaration [/home/gsaied/Desktop/old_rtl/first_layer/conv1.sv:67]
WARNING: [VRFC 10-3380] identifier 'img_rom_address' is used before its declaration [/home/gsaied/Desktop/old_rtl/first_layer/conv1.sv:68]
WARNING: [VRFC 10-3380] identifier 'ref_address' is used before its declaration [/home/gsaied/Desktop/old_rtl/first_layer/conv1.sv:69]
INFO: [USF-XSim-69] 'compile' step finished in '1' seconds
INFO: [Vivado 12-5682] Launching behavioral simulation in '/home/gsaied/Desktop/old_rtl/first_layer/project_1/project_1.sim/sim_1/behav/xsim'
INFO: [USF-XSim-3] XSim::Elaborate design
INFO: [USF-XSim-61] Executing 'ELABORATE' step in '/home/gsaied/Desktop/old_rtl/first_layer/project_1/project_1.sim/sim_1/behav/xsim'
Vivado Simulator 2018.3
Copyright 1986-1999, 2001-2018 Xilinx, Inc. All Rights Reserved.
Running: /tools/Xilinx/Vivado/2018.3/bin/unwrapped/lnx64.o/xelab -wto 885b19abcd6a4a0d87675f3119c3f1cb --incr --debug typical --relax --mt 8 -L xil_defaultlib -L unisims_ver -L unimacro_ver -L secureip --snapshot conv1_behav xil_defaultlib.conv1 xil_defaultlib.glbl -log elaborate.log 
Using 8 slave threads.
Starting static elaboration
Completed static elaboration
Starting simulation data flow analysis
WARNING: [XSIM 43-4100] "/home/gsaied/Desktop/old_rtl/first_layer/project_1/project_1.sim/sim_1/behav/xsim/glbl.v" Line 6. Module glbl has a timescale but at least one module in design doesn't have timescale.
Completed simulation data flow analysis
Time Resolution for simulation is 1ps
Compiling module xil_defaultlib.biasing_rom
Compiling module xil_defaultlib.rom_array_layer_1
Compiling module xil_defaultlib.wrapper_image
Compiling module xil_defaultlib.conv_mac
Compiling module xil_defaultlib.conv1
Compiling module xil_defaultlib.glbl
Built simulation snapshot conv1_behav
INFO: [USF-XSim-69] 'elaborate' step finished in '2' seconds
Vivado Simulator 2018.3
Time resolution is 1 ps
relaunch_sim: Time (s): cpu = 00:00:05 ; elapsed = 00:00:06 . Memory (MB): peak = 7462.699 ; gain = 0.000 ; free physical = 1877 ; free virtual = 7113
add_force clk {1 0ns} {0 50ns} -repeat_every 100ns
force13
run 100
run 100
add_force conv1_en {1 0ns}
force14
run 100
run 2900
close_sim
INFO: [Simtcl 6-16] Simulation closed
exit
INFO: [Common 17-206] Exiting Vivado at Thu Mar  5 04:38:37 2020...
