#-----------------------------------------------------------
# Vivado v2018.3 (64-bit)
# SW Build 2405991 on Thu Dec  6 23:36:41 MST 2018
# IP Build 2404404 on Fri Dec  7 01:43:56 MST 2018
# Start of session at: Fri Feb  7 17:03:04 2020
# Process ID: 21521
# Current directory: /home/gsaied/Desktop/old_rtl/first_layer
# Command line: vivado
# Log file: /home/gsaied/Desktop/old_rtl/first_layer/vivado.log
# Journal file: /home/gsaied/Desktop/old_rtl/first_layer/vivado.jou
#-----------------------------------------------------------
start_gui
open_project /home/gsaied/Desktop/old_rtl/first_layer/project_1/project_1.xpr
Scanning sources...
Finished scanning sources
INFO: [IP_Flow 19-234] Refreshing IP repositories
INFO: [IP_Flow 19-1704] No user IP repositories specified
INFO: [IP_Flow 19-2313] Loaded Vivado IP repository '/tools/Xilinx/Vivado/2018.3/data/ip'.
open_project: Time (s): cpu = 00:00:16 ; elapsed = 00:00:07 . Memory (MB): peak = 6409.562 ; gain = 87.605 ; free physical = 1472 ; free virtual = 5914
update_compile_order -fileset sources_1
