Copyright 1986-2018 Xilinx, Inc. All Rights Reserved.
------------------------------------------------------------------------------------
| Tool Version : Vivado v.2018.3 (lin64) Build 2405991 Thu Dec  6 23:36:41 MST 2018
| Date         : Sat Mar 14 13:24:27 2020
| Host         : GCS running 64-bit Ubuntu 18.04.4 LTS
| Command      : report_timing -file slack.rpt
| Design       : conv1
| Device       : 7vx690t-ffg1157
| Speed File   : -3  PRODUCTION 1.11 2014-09-11
------------------------------------------------------------------------------------

Timing Report

Slack (VIOLATED) :        -0.318ns  (required time - arrival time)
  Source:                 u_1/o3_reg_1/CLKARDCLK
                            (rising edge-triggered cell RAMB36E1 clocked by clk  {rise@0.000ns fall@1.600ns period=3.200ns})
  Destination:            genblk1[50].mac_i/mul_out_reg/A[12]
                            (rising edge-triggered cell DSP48E1 clocked by clk  {rise@0.000ns fall@1.600ns period=3.200ns})
  Path Group:             clk
  Path Type:              Setup (Max at Slow Process Corner)
  Requirement:            3.200ns  (clk rise@3.200ns - clk rise@0.000ns)
  Data Path Delay:        3.225ns  (logic 0.582ns (18.047%)  route 2.643ns (81.953%))
  Logic Levels:           1  (LUT5=1)
  Clock Path Skew:        -0.025ns (DCD - SCD + CPR)
    Destination Clock Delay (DCD):    0.483ns = ( 3.683 - 3.200 ) 
    Source Clock Delay      (SCD):    0.508ns
    Clock Pessimism Removal (CPR):    0.000ns
  Clock Uncertainty:      0.035ns  ((TSJ^2 + TIJ^2)^1/2 + DJ) / 2 + PE
    Total System Jitter     (TSJ):    0.071ns
    Total Input Jitter      (TIJ):    0.000ns
    Discrete Jitter          (DJ):    0.000ns
    Phase Error              (PE):    0.000ns

    Location             Delay type                Incr(ns)  Path(ns)    Netlist Resource(s)
  -------------------------------------------------------------------    -------------------
                         (clock clk rise edge)        0.000     0.000 r  
                                                      0.000     0.000 r  clk (IN)
                         net (fo=1374, unset)         0.508     0.508    u_1/clk
    RAMB36_X3Y23         RAMB36E1                                     r  u_1/o3_reg_1/CLKARDCLK
  -------------------------------------------------------------------    -------------------
    RAMB36_X3Y23         RAMB36E1 (Prop_ramb36e1_CLKARDCLK_DOADO[4])
                                                      0.539     1.047 r  u_1/o3_reg_1/DOADO[4]
                         net (fo=1, estimated)        1.307     2.354    u_1/o31[12]
    SLICE_X53Y127        LUT5 (Prop_lut5_I0_O)        0.043     2.397 r  u_1/mul_out_reg_i_5/O
                         net (fo=64, estimated)       1.336     3.733    genblk1[50].mac_i/A[12]
    DSP48_X1Y37          DSP48E1                                      r  genblk1[50].mac_i/mul_out_reg/A[12]
  -------------------------------------------------------------------    -------------------

                         (clock clk rise edge)        3.200     3.200 r  
                                                      0.000     3.200 r  clk (IN)
                         net (fo=1374, unset)         0.483     3.683    genblk1[50].mac_i/clk
    DSP48_X1Y37          DSP48E1                                      r  genblk1[50].mac_i/mul_out_reg/CLK
                         clock pessimism              0.000     3.683    
                         clock uncertainty           -0.035     3.647    
    DSP48_X1Y37          DSP48E1 (Setup_dsp48e1_CLK_A[12])
                                                     -0.232     3.415    genblk1[50].mac_i/mul_out_reg
  -------------------------------------------------------------------
                         required time                          3.415    
                         arrival time                          -3.733    
  -------------------------------------------------------------------
                         slack                                 -0.318    




