Copyright 1986-2018 Xilinx, Inc. All Rights Reserved.
------------------------------------------------------------------------------------------
| Tool Version : Vivado v.2018.3 (lin64) Build 2405991 Thu Dec  6 23:36:41 MST 2018
| Date         : Fri Mar  6 19:59:16 2020
| Host         : GCS running 64-bit Ubuntu 18.04.4 LTS
| Command      : report_utilization -hierarchical -file post_hierarchical_utilization.rpt
| Design       : acc_array
| Device       : 7vx690tffg1157-3
| Design State : Synthesized
------------------------------------------------------------------------------------------

Utilization Design Information

Table of Contents
-----------------
1. Utilization by Hierarchy

1. Utilization by Hierarchy
---------------------------

+---------------------+---------+------------+------------+---------+------+-------+--------+--------+--------------+
|       Instance      |  Module | Total LUTs | Logic LUTs | LUTRAMs | SRLs |  FFs  | RAMB36 | RAMB18 | DSP48 Blocks |
+---------------------+---------+------------+------------+---------+------+-------+--------+--------+--------------+
| acc_array           |   (top) |      10939 |      10939 |       0 |    0 | 18455 |      0 |      0 |            0 |
|   (acc_array)       |   (top) |       2746 |       2746 |       0 |    0 | 10263 |      0 |      0 |            0 |
|   half_acc[0].u_i   |     acc |         16 |         16 |       0 |    0 |    16 |      0 |      0 |            0 |
|   half_acc[100].u_i |   acc_0 |         16 |         16 |       0 |    0 |    16 |      0 |      0 |            0 |
|   half_acc[101].u_i |   acc_1 |         16 |         16 |       0 |    0 |    16 |      0 |      0 |            0 |
|   half_acc[102].u_i |   acc_2 |         16 |         16 |       0 |    0 |    16 |      0 |      0 |            0 |
|   half_acc[103].u_i |   acc_3 |         16 |         16 |       0 |    0 |    16 |      0 |      0 |            0 |
|   half_acc[104].u_i |   acc_4 |         16 |         16 |       0 |    0 |    16 |      0 |      0 |            0 |
|   half_acc[105].u_i |   acc_5 |         16 |         16 |       0 |    0 |    16 |      0 |      0 |            0 |
|   half_acc[106].u_i |   acc_6 |         16 |         16 |       0 |    0 |    16 |      0 |      0 |            0 |
|   half_acc[107].u_i |   acc_7 |         16 |         16 |       0 |    0 |    16 |      0 |      0 |            0 |
|   half_acc[108].u_i |   acc_8 |         16 |         16 |       0 |    0 |    16 |      0 |      0 |            0 |
|   half_acc[109].u_i |   acc_9 |         16 |         16 |       0 |    0 |    16 |      0 |      0 |            0 |
|   half_acc[10].u_i  |  acc_10 |         16 |         16 |       0 |    0 |    16 |      0 |      0 |            0 |
|   half_acc[110].u_i |  acc_11 |         16 |         16 |       0 |    0 |    16 |      0 |      0 |            0 |
|   half_acc[111].u_i |  acc_12 |         16 |         16 |       0 |    0 |    16 |      0 |      0 |            0 |
|   half_acc[112].u_i |  acc_13 |         16 |         16 |       0 |    0 |    16 |      0 |      0 |            0 |
|   half_acc[113].u_i |  acc_14 |         16 |         16 |       0 |    0 |    16 |      0 |      0 |            0 |
|   half_acc[114].u_i |  acc_15 |         16 |         16 |       0 |    0 |    16 |      0 |      0 |            0 |
|   half_acc[115].u_i |  acc_16 |         16 |         16 |       0 |    0 |    16 |      0 |      0 |            0 |
|   half_acc[116].u_i |  acc_17 |         16 |         16 |       0 |    0 |    16 |      0 |      0 |            0 |
|   half_acc[117].u_i |  acc_18 |         16 |         16 |       0 |    0 |    16 |      0 |      0 |            0 |
|   half_acc[118].u_i |  acc_19 |         16 |         16 |       0 |    0 |    16 |      0 |      0 |            0 |
|   half_acc[119].u_i |  acc_20 |         16 |         16 |       0 |    0 |    16 |      0 |      0 |            0 |
|   half_acc[11].u_i  |  acc_21 |         16 |         16 |       0 |    0 |    16 |      0 |      0 |            0 |
|   half_acc[120].u_i |  acc_22 |         16 |         16 |       0 |    0 |    16 |      0 |      0 |            0 |
|   half_acc[121].u_i |  acc_23 |         16 |         16 |       0 |    0 |    16 |      0 |      0 |            0 |
|   half_acc[122].u_i |  acc_24 |         16 |         16 |       0 |    0 |    16 |      0 |      0 |            0 |
|   half_acc[123].u_i |  acc_25 |         16 |         16 |       0 |    0 |    16 |      0 |      0 |            0 |
|   half_acc[124].u_i |  acc_26 |         16 |         16 |       0 |    0 |    16 |      0 |      0 |            0 |
|   half_acc[125].u_i |  acc_27 |         16 |         16 |       0 |    0 |    16 |      0 |      0 |            0 |
|   half_acc[126].u_i |  acc_28 |         16 |         16 |       0 |    0 |    16 |      0 |      0 |            0 |
|   half_acc[127].u_i |  acc_29 |         16 |         16 |       0 |    0 |    16 |      0 |      0 |            0 |
|   half_acc[128].u_i |  acc_30 |         16 |         16 |       0 |    0 |    16 |      0 |      0 |            0 |
|   half_acc[129].u_i |  acc_31 |         16 |         16 |       0 |    0 |    16 |      0 |      0 |            0 |
|   half_acc[12].u_i  |  acc_32 |         16 |         16 |       0 |    0 |    16 |      0 |      0 |            0 |
|   half_acc[130].u_i |  acc_33 |         16 |         16 |       0 |    0 |    16 |      0 |      0 |            0 |
|   half_acc[131].u_i |  acc_34 |         16 |         16 |       0 |    0 |    16 |      0 |      0 |            0 |
|   half_acc[132].u_i |  acc_35 |         16 |         16 |       0 |    0 |    16 |      0 |      0 |            0 |
|   half_acc[133].u_i |  acc_36 |         16 |         16 |       0 |    0 |    16 |      0 |      0 |            0 |
|   half_acc[134].u_i |  acc_37 |         16 |         16 |       0 |    0 |    16 |      0 |      0 |            0 |
|   half_acc[135].u_i |  acc_38 |         16 |         16 |       0 |    0 |    16 |      0 |      0 |            0 |
|   half_acc[136].u_i |  acc_39 |         16 |         16 |       0 |    0 |    16 |      0 |      0 |            0 |
|   half_acc[137].u_i |  acc_40 |         16 |         16 |       0 |    0 |    16 |      0 |      0 |            0 |
|   half_acc[138].u_i |  acc_41 |         16 |         16 |       0 |    0 |    16 |      0 |      0 |            0 |
|   half_acc[139].u_i |  acc_42 |         16 |         16 |       0 |    0 |    16 |      0 |      0 |            0 |
|   half_acc[13].u_i  |  acc_43 |         16 |         16 |       0 |    0 |    16 |      0 |      0 |            0 |
|   half_acc[140].u_i |  acc_44 |         16 |         16 |       0 |    0 |    16 |      0 |      0 |            0 |
|   half_acc[141].u_i |  acc_45 |         16 |         16 |       0 |    0 |    16 |      0 |      0 |            0 |
|   half_acc[142].u_i |  acc_46 |         16 |         16 |       0 |    0 |    16 |      0 |      0 |            0 |
|   half_acc[143].u_i |  acc_47 |         16 |         16 |       0 |    0 |    16 |      0 |      0 |            0 |
|   half_acc[144].u_i |  acc_48 |         16 |         16 |       0 |    0 |    16 |      0 |      0 |            0 |
|   half_acc[145].u_i |  acc_49 |         16 |         16 |       0 |    0 |    16 |      0 |      0 |            0 |
|   half_acc[146].u_i |  acc_50 |         16 |         16 |       0 |    0 |    16 |      0 |      0 |            0 |
|   half_acc[147].u_i |  acc_51 |         16 |         16 |       0 |    0 |    16 |      0 |      0 |            0 |
|   half_acc[148].u_i |  acc_52 |         16 |         16 |       0 |    0 |    16 |      0 |      0 |            0 |
|   half_acc[149].u_i |  acc_53 |         16 |         16 |       0 |    0 |    16 |      0 |      0 |            0 |
|   half_acc[14].u_i  |  acc_54 |         16 |         16 |       0 |    0 |    16 |      0 |      0 |            0 |
|   half_acc[150].u_i |  acc_55 |         16 |         16 |       0 |    0 |    16 |      0 |      0 |            0 |
|   half_acc[151].u_i |  acc_56 |         16 |         16 |       0 |    0 |    16 |      0 |      0 |            0 |
|   half_acc[152].u_i |  acc_57 |         16 |         16 |       0 |    0 |    16 |      0 |      0 |            0 |
|   half_acc[153].u_i |  acc_58 |         16 |         16 |       0 |    0 |    16 |      0 |      0 |            0 |
|   half_acc[154].u_i |  acc_59 |         16 |         16 |       0 |    0 |    16 |      0 |      0 |            0 |
|   half_acc[155].u_i |  acc_60 |         16 |         16 |       0 |    0 |    16 |      0 |      0 |            0 |
|   half_acc[156].u_i |  acc_61 |         16 |         16 |       0 |    0 |    16 |      0 |      0 |            0 |
|   half_acc[157].u_i |  acc_62 |         16 |         16 |       0 |    0 |    16 |      0 |      0 |            0 |
|   half_acc[158].u_i |  acc_63 |         16 |         16 |       0 |    0 |    16 |      0 |      0 |            0 |
|   half_acc[159].u_i |  acc_64 |         16 |         16 |       0 |    0 |    16 |      0 |      0 |            0 |
|   half_acc[15].u_i  |  acc_65 |         16 |         16 |       0 |    0 |    16 |      0 |      0 |            0 |
|   half_acc[160].u_i |  acc_66 |         16 |         16 |       0 |    0 |    16 |      0 |      0 |            0 |
|   half_acc[161].u_i |  acc_67 |         16 |         16 |       0 |    0 |    16 |      0 |      0 |            0 |
|   half_acc[162].u_i |  acc_68 |         16 |         16 |       0 |    0 |    16 |      0 |      0 |            0 |
|   half_acc[163].u_i |  acc_69 |         16 |         16 |       0 |    0 |    16 |      0 |      0 |            0 |
|   half_acc[164].u_i |  acc_70 |         16 |         16 |       0 |    0 |    16 |      0 |      0 |            0 |
|   half_acc[165].u_i |  acc_71 |         16 |         16 |       0 |    0 |    16 |      0 |      0 |            0 |
|   half_acc[166].u_i |  acc_72 |         16 |         16 |       0 |    0 |    16 |      0 |      0 |            0 |
|   half_acc[167].u_i |  acc_73 |         16 |         16 |       0 |    0 |    16 |      0 |      0 |            0 |
|   half_acc[168].u_i |  acc_74 |         16 |         16 |       0 |    0 |    16 |      0 |      0 |            0 |
|   half_acc[169].u_i |  acc_75 |         16 |         16 |       0 |    0 |    16 |      0 |      0 |            0 |
|   half_acc[16].u_i  |  acc_76 |         16 |         16 |       0 |    0 |    16 |      0 |      0 |            0 |
|   half_acc[170].u_i |  acc_77 |         16 |         16 |       0 |    0 |    16 |      0 |      0 |            0 |
|   half_acc[171].u_i |  acc_78 |         16 |         16 |       0 |    0 |    16 |      0 |      0 |            0 |
|   half_acc[172].u_i |  acc_79 |         16 |         16 |       0 |    0 |    16 |      0 |      0 |            0 |
|   half_acc[173].u_i |  acc_80 |         16 |         16 |       0 |    0 |    16 |      0 |      0 |            0 |
|   half_acc[174].u_i |  acc_81 |         16 |         16 |       0 |    0 |    16 |      0 |      0 |            0 |
|   half_acc[175].u_i |  acc_82 |         16 |         16 |       0 |    0 |    16 |      0 |      0 |            0 |
|   half_acc[176].u_i |  acc_83 |         16 |         16 |       0 |    0 |    16 |      0 |      0 |            0 |
|   half_acc[177].u_i |  acc_84 |         16 |         16 |       0 |    0 |    16 |      0 |      0 |            0 |
|   half_acc[178].u_i |  acc_85 |         16 |         16 |       0 |    0 |    16 |      0 |      0 |            0 |
|   half_acc[179].u_i |  acc_86 |         16 |         16 |       0 |    0 |    16 |      0 |      0 |            0 |
|   half_acc[17].u_i  |  acc_87 |         16 |         16 |       0 |    0 |    16 |      0 |      0 |            0 |
|   half_acc[180].u_i |  acc_88 |         16 |         16 |       0 |    0 |    16 |      0 |      0 |            0 |
|   half_acc[181].u_i |  acc_89 |         16 |         16 |       0 |    0 |    16 |      0 |      0 |            0 |
|   half_acc[182].u_i |  acc_90 |         16 |         16 |       0 |    0 |    16 |      0 |      0 |            0 |
|   half_acc[183].u_i |  acc_91 |         16 |         16 |       0 |    0 |    16 |      0 |      0 |            0 |
|   half_acc[184].u_i |  acc_92 |         16 |         16 |       0 |    0 |    16 |      0 |      0 |            0 |
|   half_acc[185].u_i |  acc_93 |         16 |         16 |       0 |    0 |    16 |      0 |      0 |            0 |
|   half_acc[186].u_i |  acc_94 |         16 |         16 |       0 |    0 |    16 |      0 |      0 |            0 |
|   half_acc[187].u_i |  acc_95 |         16 |         16 |       0 |    0 |    16 |      0 |      0 |            0 |
|   half_acc[188].u_i |  acc_96 |         16 |         16 |       0 |    0 |    16 |      0 |      0 |            0 |
|   half_acc[189].u_i |  acc_97 |         16 |         16 |       0 |    0 |    16 |      0 |      0 |            0 |
|   half_acc[18].u_i  |  acc_98 |         16 |         16 |       0 |    0 |    16 |      0 |      0 |            0 |
|   half_acc[190].u_i |  acc_99 |         16 |         16 |       0 |    0 |    16 |      0 |      0 |            0 |
|   half_acc[191].u_i | acc_100 |         16 |         16 |       0 |    0 |    16 |      0 |      0 |            0 |
|   half_acc[192].u_i | acc_101 |         16 |         16 |       0 |    0 |    16 |      0 |      0 |            0 |
|   half_acc[193].u_i | acc_102 |         16 |         16 |       0 |    0 |    16 |      0 |      0 |            0 |
|   half_acc[194].u_i | acc_103 |         16 |         16 |       0 |    0 |    16 |      0 |      0 |            0 |
|   half_acc[195].u_i | acc_104 |         16 |         16 |       0 |    0 |    16 |      0 |      0 |            0 |
|   half_acc[196].u_i | acc_105 |         16 |         16 |       0 |    0 |    16 |      0 |      0 |            0 |
|   half_acc[197].u_i | acc_106 |         16 |         16 |       0 |    0 |    16 |      0 |      0 |            0 |
|   half_acc[198].u_i | acc_107 |         16 |         16 |       0 |    0 |    16 |      0 |      0 |            0 |
|   half_acc[199].u_i | acc_108 |         16 |         16 |       0 |    0 |    16 |      0 |      0 |            0 |
|   half_acc[19].u_i  | acc_109 |         16 |         16 |       0 |    0 |    16 |      0 |      0 |            0 |
|   half_acc[1].u_i   | acc_110 |         16 |         16 |       0 |    0 |    16 |      0 |      0 |            0 |
|   half_acc[200].u_i | acc_111 |         16 |         16 |       0 |    0 |    16 |      0 |      0 |            0 |
|   half_acc[201].u_i | acc_112 |         16 |         16 |       0 |    0 |    16 |      0 |      0 |            0 |
|   half_acc[202].u_i | acc_113 |         16 |         16 |       0 |    0 |    16 |      0 |      0 |            0 |
|   half_acc[203].u_i | acc_114 |         16 |         16 |       0 |    0 |    16 |      0 |      0 |            0 |
|   half_acc[204].u_i | acc_115 |         16 |         16 |       0 |    0 |    16 |      0 |      0 |            0 |
|   half_acc[205].u_i | acc_116 |         16 |         16 |       0 |    0 |    16 |      0 |      0 |            0 |
|   half_acc[206].u_i | acc_117 |         16 |         16 |       0 |    0 |    16 |      0 |      0 |            0 |
|   half_acc[207].u_i | acc_118 |         16 |         16 |       0 |    0 |    16 |      0 |      0 |            0 |
|   half_acc[208].u_i | acc_119 |         16 |         16 |       0 |    0 |    16 |      0 |      0 |            0 |
|   half_acc[209].u_i | acc_120 |         16 |         16 |       0 |    0 |    16 |      0 |      0 |            0 |
|   half_acc[20].u_i  | acc_121 |         16 |         16 |       0 |    0 |    16 |      0 |      0 |            0 |
|   half_acc[210].u_i | acc_122 |         16 |         16 |       0 |    0 |    16 |      0 |      0 |            0 |
|   half_acc[211].u_i | acc_123 |         16 |         16 |       0 |    0 |    16 |      0 |      0 |            0 |
|   half_acc[212].u_i | acc_124 |         16 |         16 |       0 |    0 |    16 |      0 |      0 |            0 |
|   half_acc[213].u_i | acc_125 |         16 |         16 |       0 |    0 |    16 |      0 |      0 |            0 |
|   half_acc[214].u_i | acc_126 |         16 |         16 |       0 |    0 |    16 |      0 |      0 |            0 |
|   half_acc[215].u_i | acc_127 |         16 |         16 |       0 |    0 |    16 |      0 |      0 |            0 |
|   half_acc[216].u_i | acc_128 |         16 |         16 |       0 |    0 |    16 |      0 |      0 |            0 |
|   half_acc[217].u_i | acc_129 |         16 |         16 |       0 |    0 |    16 |      0 |      0 |            0 |
|   half_acc[218].u_i | acc_130 |         16 |         16 |       0 |    0 |    16 |      0 |      0 |            0 |
|   half_acc[219].u_i | acc_131 |         16 |         16 |       0 |    0 |    16 |      0 |      0 |            0 |
|   half_acc[21].u_i  | acc_132 |         16 |         16 |       0 |    0 |    16 |      0 |      0 |            0 |
|   half_acc[220].u_i | acc_133 |         16 |         16 |       0 |    0 |    16 |      0 |      0 |            0 |
|   half_acc[221].u_i | acc_134 |         16 |         16 |       0 |    0 |    16 |      0 |      0 |            0 |
|   half_acc[222].u_i | acc_135 |         16 |         16 |       0 |    0 |    16 |      0 |      0 |            0 |
|   half_acc[223].u_i | acc_136 |         16 |         16 |       0 |    0 |    16 |      0 |      0 |            0 |
|   half_acc[224].u_i | acc_137 |         16 |         16 |       0 |    0 |    16 |      0 |      0 |            0 |
|   half_acc[225].u_i | acc_138 |         16 |         16 |       0 |    0 |    16 |      0 |      0 |            0 |
|   half_acc[226].u_i | acc_139 |         16 |         16 |       0 |    0 |    16 |      0 |      0 |            0 |
|   half_acc[227].u_i | acc_140 |         16 |         16 |       0 |    0 |    16 |      0 |      0 |            0 |
|   half_acc[228].u_i | acc_141 |         16 |         16 |       0 |    0 |    16 |      0 |      0 |            0 |
|   half_acc[229].u_i | acc_142 |         16 |         16 |       0 |    0 |    16 |      0 |      0 |            0 |
|   half_acc[22].u_i  | acc_143 |         16 |         16 |       0 |    0 |    16 |      0 |      0 |            0 |
|   half_acc[230].u_i | acc_144 |         16 |         16 |       0 |    0 |    16 |      0 |      0 |            0 |
|   half_acc[231].u_i | acc_145 |         16 |         16 |       0 |    0 |    16 |      0 |      0 |            0 |
|   half_acc[232].u_i | acc_146 |         16 |         16 |       0 |    0 |    16 |      0 |      0 |            0 |
|   half_acc[233].u_i | acc_147 |         16 |         16 |       0 |    0 |    16 |      0 |      0 |            0 |
|   half_acc[234].u_i | acc_148 |         16 |         16 |       0 |    0 |    16 |      0 |      0 |            0 |
|   half_acc[235].u_i | acc_149 |         16 |         16 |       0 |    0 |    16 |      0 |      0 |            0 |
|   half_acc[236].u_i | acc_150 |         16 |         16 |       0 |    0 |    16 |      0 |      0 |            0 |
|   half_acc[237].u_i | acc_151 |         17 |         17 |       0 |    0 |    16 |      0 |      0 |            0 |
|   half_acc[238].u_i | acc_152 |         16 |         16 |       0 |    0 |    16 |      0 |      0 |            0 |
|   half_acc[239].u_i | acc_153 |         16 |         16 |       0 |    0 |    16 |      0 |      0 |            0 |
|   half_acc[23].u_i  | acc_154 |         16 |         16 |       0 |    0 |    16 |      0 |      0 |            0 |
|   half_acc[240].u_i | acc_155 |         16 |         16 |       0 |    0 |    16 |      0 |      0 |            0 |
|   half_acc[241].u_i | acc_156 |         16 |         16 |       0 |    0 |    16 |      0 |      0 |            0 |
|   half_acc[242].u_i | acc_157 |         16 |         16 |       0 |    0 |    16 |      0 |      0 |            0 |
|   half_acc[243].u_i | acc_158 |         16 |         16 |       0 |    0 |    16 |      0 |      0 |            0 |
|   half_acc[244].u_i | acc_159 |         16 |         16 |       0 |    0 |    16 |      0 |      0 |            0 |
|   half_acc[245].u_i | acc_160 |         16 |         16 |       0 |    0 |    16 |      0 |      0 |            0 |
|   half_acc[246].u_i | acc_161 |         16 |         16 |       0 |    0 |    16 |      0 |      0 |            0 |
|   half_acc[247].u_i | acc_162 |         16 |         16 |       0 |    0 |    16 |      0 |      0 |            0 |
|   half_acc[248].u_i | acc_163 |         16 |         16 |       0 |    0 |    16 |      0 |      0 |            0 |
|   half_acc[249].u_i | acc_164 |         16 |         16 |       0 |    0 |    16 |      0 |      0 |            0 |
|   half_acc[24].u_i  | acc_165 |         16 |         16 |       0 |    0 |    16 |      0 |      0 |            0 |
|   half_acc[250].u_i | acc_166 |         16 |         16 |       0 |    0 |    16 |      0 |      0 |            0 |
|   half_acc[251].u_i | acc_167 |         16 |         16 |       0 |    0 |    16 |      0 |      0 |            0 |
|   half_acc[252].u_i | acc_168 |         16 |         16 |       0 |    0 |    16 |      0 |      0 |            0 |
|   half_acc[253].u_i | acc_169 |         16 |         16 |       0 |    0 |    16 |      0 |      0 |            0 |
|   half_acc[254].u_i | acc_170 |         16 |         16 |       0 |    0 |    16 |      0 |      0 |            0 |
|   half_acc[255].u_i | acc_171 |         16 |         16 |       0 |    0 |    16 |      0 |      0 |            0 |
|   half_acc[256].u_i | acc_172 |         16 |         16 |       0 |    0 |    16 |      0 |      0 |            0 |
|   half_acc[257].u_i | acc_173 |         16 |         16 |       0 |    0 |    16 |      0 |      0 |            0 |
|   half_acc[258].u_i | acc_174 |         16 |         16 |       0 |    0 |    16 |      0 |      0 |            0 |
|   half_acc[259].u_i | acc_175 |         16 |         16 |       0 |    0 |    16 |      0 |      0 |            0 |
|   half_acc[25].u_i  | acc_176 |         16 |         16 |       0 |    0 |    16 |      0 |      0 |            0 |
|   half_acc[260].u_i | acc_177 |         16 |         16 |       0 |    0 |    16 |      0 |      0 |            0 |
|   half_acc[261].u_i | acc_178 |         16 |         16 |       0 |    0 |    16 |      0 |      0 |            0 |
|   half_acc[262].u_i | acc_179 |         16 |         16 |       0 |    0 |    16 |      0 |      0 |            0 |
|   half_acc[263].u_i | acc_180 |         16 |         16 |       0 |    0 |    16 |      0 |      0 |            0 |
|   half_acc[264].u_i | acc_181 |         16 |         16 |       0 |    0 |    16 |      0 |      0 |            0 |
|   half_acc[265].u_i | acc_182 |         16 |         16 |       0 |    0 |    16 |      0 |      0 |            0 |
|   half_acc[266].u_i | acc_183 |         16 |         16 |       0 |    0 |    16 |      0 |      0 |            0 |
|   half_acc[267].u_i | acc_184 |         16 |         16 |       0 |    0 |    16 |      0 |      0 |            0 |
|   half_acc[268].u_i | acc_185 |         16 |         16 |       0 |    0 |    16 |      0 |      0 |            0 |
|   half_acc[269].u_i | acc_186 |         16 |         16 |       0 |    0 |    16 |      0 |      0 |            0 |
|   half_acc[26].u_i  | acc_187 |         16 |         16 |       0 |    0 |    16 |      0 |      0 |            0 |
|   half_acc[270].u_i | acc_188 |         16 |         16 |       0 |    0 |    16 |      0 |      0 |            0 |
|   half_acc[271].u_i | acc_189 |         16 |         16 |       0 |    0 |    16 |      0 |      0 |            0 |
|   half_acc[272].u_i | acc_190 |         16 |         16 |       0 |    0 |    16 |      0 |      0 |            0 |
|   half_acc[273].u_i | acc_191 |         16 |         16 |       0 |    0 |    16 |      0 |      0 |            0 |
|   half_acc[274].u_i | acc_192 |         16 |         16 |       0 |    0 |    16 |      0 |      0 |            0 |
|   half_acc[275].u_i | acc_193 |         16 |         16 |       0 |    0 |    16 |      0 |      0 |            0 |
|   half_acc[276].u_i | acc_194 |         16 |         16 |       0 |    0 |    16 |      0 |      0 |            0 |
|   half_acc[277].u_i | acc_195 |         16 |         16 |       0 |    0 |    16 |      0 |      0 |            0 |
|   half_acc[278].u_i | acc_196 |         16 |         16 |       0 |    0 |    16 |      0 |      0 |            0 |
|   half_acc[279].u_i | acc_197 |         16 |         16 |       0 |    0 |    16 |      0 |      0 |            0 |
|   half_acc[27].u_i  | acc_198 |         16 |         16 |       0 |    0 |    16 |      0 |      0 |            0 |
|   half_acc[280].u_i | acc_199 |         16 |         16 |       0 |    0 |    16 |      0 |      0 |            0 |
|   half_acc[281].u_i | acc_200 |         16 |         16 |       0 |    0 |    16 |      0 |      0 |            0 |
|   half_acc[282].u_i | acc_201 |         16 |         16 |       0 |    0 |    16 |      0 |      0 |            0 |
|   half_acc[283].u_i | acc_202 |         16 |         16 |       0 |    0 |    16 |      0 |      0 |            0 |
|   half_acc[284].u_i | acc_203 |         16 |         16 |       0 |    0 |    16 |      0 |      0 |            0 |
|   half_acc[285].u_i | acc_204 |         16 |         16 |       0 |    0 |    16 |      0 |      0 |            0 |
|   half_acc[286].u_i | acc_205 |         16 |         16 |       0 |    0 |    16 |      0 |      0 |            0 |
|   half_acc[287].u_i | acc_206 |         16 |         16 |       0 |    0 |    16 |      0 |      0 |            0 |
|   half_acc[288].u_i | acc_207 |         16 |         16 |       0 |    0 |    16 |      0 |      0 |            0 |
|   half_acc[289].u_i | acc_208 |         16 |         16 |       0 |    0 |    16 |      0 |      0 |            0 |
|   half_acc[28].u_i  | acc_209 |         16 |         16 |       0 |    0 |    16 |      0 |      0 |            0 |
|   half_acc[290].u_i | acc_210 |         16 |         16 |       0 |    0 |    16 |      0 |      0 |            0 |
|   half_acc[291].u_i | acc_211 |         16 |         16 |       0 |    0 |    16 |      0 |      0 |            0 |
|   half_acc[292].u_i | acc_212 |         16 |         16 |       0 |    0 |    16 |      0 |      0 |            0 |
|   half_acc[293].u_i | acc_213 |         16 |         16 |       0 |    0 |    16 |      0 |      0 |            0 |
|   half_acc[294].u_i | acc_214 |         16 |         16 |       0 |    0 |    16 |      0 |      0 |            0 |
|   half_acc[295].u_i | acc_215 |         16 |         16 |       0 |    0 |    16 |      0 |      0 |            0 |
|   half_acc[296].u_i | acc_216 |         16 |         16 |       0 |    0 |    16 |      0 |      0 |            0 |
|   half_acc[297].u_i | acc_217 |         16 |         16 |       0 |    0 |    16 |      0 |      0 |            0 |
|   half_acc[298].u_i | acc_218 |         16 |         16 |       0 |    0 |    16 |      0 |      0 |            0 |
|   half_acc[299].u_i | acc_219 |         16 |         16 |       0 |    0 |    16 |      0 |      0 |            0 |
|   half_acc[29].u_i  | acc_220 |         16 |         16 |       0 |    0 |    16 |      0 |      0 |            0 |
|   half_acc[2].u_i   | acc_221 |         16 |         16 |       0 |    0 |    16 |      0 |      0 |            0 |
|   half_acc[300].u_i | acc_222 |         16 |         16 |       0 |    0 |    16 |      0 |      0 |            0 |
|   half_acc[301].u_i | acc_223 |         16 |         16 |       0 |    0 |    16 |      0 |      0 |            0 |
|   half_acc[302].u_i | acc_224 |         16 |         16 |       0 |    0 |    16 |      0 |      0 |            0 |
|   half_acc[303].u_i | acc_225 |         16 |         16 |       0 |    0 |    16 |      0 |      0 |            0 |
|   half_acc[304].u_i | acc_226 |         16 |         16 |       0 |    0 |    16 |      0 |      0 |            0 |
|   half_acc[305].u_i | acc_227 |         16 |         16 |       0 |    0 |    16 |      0 |      0 |            0 |
|   half_acc[306].u_i | acc_228 |         16 |         16 |       0 |    0 |    16 |      0 |      0 |            0 |
|   half_acc[307].u_i | acc_229 |         16 |         16 |       0 |    0 |    16 |      0 |      0 |            0 |
|   half_acc[308].u_i | acc_230 |         16 |         16 |       0 |    0 |    16 |      0 |      0 |            0 |
|   half_acc[309].u_i | acc_231 |         16 |         16 |       0 |    0 |    16 |      0 |      0 |            0 |
|   half_acc[30].u_i  | acc_232 |         16 |         16 |       0 |    0 |    16 |      0 |      0 |            0 |
|   half_acc[310].u_i | acc_233 |         16 |         16 |       0 |    0 |    16 |      0 |      0 |            0 |
|   half_acc[311].u_i | acc_234 |         16 |         16 |       0 |    0 |    16 |      0 |      0 |            0 |
|   half_acc[312].u_i | acc_235 |         16 |         16 |       0 |    0 |    16 |      0 |      0 |            0 |
|   half_acc[313].u_i | acc_236 |         16 |         16 |       0 |    0 |    16 |      0 |      0 |            0 |
|   half_acc[314].u_i | acc_237 |         16 |         16 |       0 |    0 |    16 |      0 |      0 |            0 |
|   half_acc[315].u_i | acc_238 |         16 |         16 |       0 |    0 |    16 |      0 |      0 |            0 |
|   half_acc[316].u_i | acc_239 |         16 |         16 |       0 |    0 |    16 |      0 |      0 |            0 |
|   half_acc[317].u_i | acc_240 |         16 |         16 |       0 |    0 |    16 |      0 |      0 |            0 |
|   half_acc[318].u_i | acc_241 |         16 |         16 |       0 |    0 |    16 |      0 |      0 |            0 |
|   half_acc[319].u_i | acc_242 |         16 |         16 |       0 |    0 |    16 |      0 |      0 |            0 |
|   half_acc[31].u_i  | acc_243 |         16 |         16 |       0 |    0 |    16 |      0 |      0 |            0 |
|   half_acc[320].u_i | acc_244 |         16 |         16 |       0 |    0 |    16 |      0 |      0 |            0 |
|   half_acc[321].u_i | acc_245 |         16 |         16 |       0 |    0 |    16 |      0 |      0 |            0 |
|   half_acc[322].u_i | acc_246 |         16 |         16 |       0 |    0 |    16 |      0 |      0 |            0 |
|   half_acc[323].u_i | acc_247 |         16 |         16 |       0 |    0 |    16 |      0 |      0 |            0 |
|   half_acc[324].u_i | acc_248 |         16 |         16 |       0 |    0 |    16 |      0 |      0 |            0 |
|   half_acc[325].u_i | acc_249 |         16 |         16 |       0 |    0 |    16 |      0 |      0 |            0 |
|   half_acc[326].u_i | acc_250 |         16 |         16 |       0 |    0 |    16 |      0 |      0 |            0 |
|   half_acc[327].u_i | acc_251 |         16 |         16 |       0 |    0 |    16 |      0 |      0 |            0 |
|   half_acc[328].u_i | acc_252 |         16 |         16 |       0 |    0 |    16 |      0 |      0 |            0 |
|   half_acc[329].u_i | acc_253 |         16 |         16 |       0 |    0 |    16 |      0 |      0 |            0 |
|   half_acc[32].u_i  | acc_254 |         16 |         16 |       0 |    0 |    16 |      0 |      0 |            0 |
|   half_acc[330].u_i | acc_255 |         16 |         16 |       0 |    0 |    16 |      0 |      0 |            0 |
|   half_acc[331].u_i | acc_256 |         16 |         16 |       0 |    0 |    16 |      0 |      0 |            0 |
|   half_acc[332].u_i | acc_257 |         16 |         16 |       0 |    0 |    16 |      0 |      0 |            0 |
|   half_acc[333].u_i | acc_258 |         16 |         16 |       0 |    0 |    16 |      0 |      0 |            0 |
|   half_acc[334].u_i | acc_259 |         16 |         16 |       0 |    0 |    16 |      0 |      0 |            0 |
|   half_acc[335].u_i | acc_260 |         16 |         16 |       0 |    0 |    16 |      0 |      0 |            0 |
|   half_acc[336].u_i | acc_261 |         16 |         16 |       0 |    0 |    16 |      0 |      0 |            0 |
|   half_acc[337].u_i | acc_262 |         16 |         16 |       0 |    0 |    16 |      0 |      0 |            0 |
|   half_acc[338].u_i | acc_263 |         16 |         16 |       0 |    0 |    16 |      0 |      0 |            0 |
|   half_acc[339].u_i | acc_264 |         16 |         16 |       0 |    0 |    16 |      0 |      0 |            0 |
|   half_acc[33].u_i  | acc_265 |         16 |         16 |       0 |    0 |    16 |      0 |      0 |            0 |
|   half_acc[340].u_i | acc_266 |         16 |         16 |       0 |    0 |    16 |      0 |      0 |            0 |
|   half_acc[341].u_i | acc_267 |         16 |         16 |       0 |    0 |    16 |      0 |      0 |            0 |
|   half_acc[342].u_i | acc_268 |         16 |         16 |       0 |    0 |    16 |      0 |      0 |            0 |
|   half_acc[343].u_i | acc_269 |         16 |         16 |       0 |    0 |    16 |      0 |      0 |            0 |
|   half_acc[344].u_i | acc_270 |         16 |         16 |       0 |    0 |    16 |      0 |      0 |            0 |
|   half_acc[345].u_i | acc_271 |         16 |         16 |       0 |    0 |    16 |      0 |      0 |            0 |
|   half_acc[346].u_i | acc_272 |         16 |         16 |       0 |    0 |    16 |      0 |      0 |            0 |
|   half_acc[347].u_i | acc_273 |         16 |         16 |       0 |    0 |    16 |      0 |      0 |            0 |
|   half_acc[348].u_i | acc_274 |         16 |         16 |       0 |    0 |    16 |      0 |      0 |            0 |
|   half_acc[349].u_i | acc_275 |         16 |         16 |       0 |    0 |    16 |      0 |      0 |            0 |
|   half_acc[34].u_i  | acc_276 |         16 |         16 |       0 |    0 |    16 |      0 |      0 |            0 |
|   half_acc[350].u_i | acc_277 |         16 |         16 |       0 |    0 |    16 |      0 |      0 |            0 |
|   half_acc[351].u_i | acc_278 |         16 |         16 |       0 |    0 |    16 |      0 |      0 |            0 |
|   half_acc[352].u_i | acc_279 |         16 |         16 |       0 |    0 |    16 |      0 |      0 |            0 |
|   half_acc[353].u_i | acc_280 |         16 |         16 |       0 |    0 |    16 |      0 |      0 |            0 |
|   half_acc[354].u_i | acc_281 |         16 |         16 |       0 |    0 |    16 |      0 |      0 |            0 |
|   half_acc[355].u_i | acc_282 |         16 |         16 |       0 |    0 |    16 |      0 |      0 |            0 |
|   half_acc[356].u_i | acc_283 |         16 |         16 |       0 |    0 |    16 |      0 |      0 |            0 |
|   half_acc[357].u_i | acc_284 |         16 |         16 |       0 |    0 |    16 |      0 |      0 |            0 |
|   half_acc[358].u_i | acc_285 |         16 |         16 |       0 |    0 |    16 |      0 |      0 |            0 |
|   half_acc[359].u_i | acc_286 |         16 |         16 |       0 |    0 |    16 |      0 |      0 |            0 |
|   half_acc[35].u_i  | acc_287 |         16 |         16 |       0 |    0 |    16 |      0 |      0 |            0 |
|   half_acc[360].u_i | acc_288 |         16 |         16 |       0 |    0 |    16 |      0 |      0 |            0 |
|   half_acc[361].u_i | acc_289 |         16 |         16 |       0 |    0 |    16 |      0 |      0 |            0 |
|   half_acc[362].u_i | acc_290 |         16 |         16 |       0 |    0 |    16 |      0 |      0 |            0 |
|   half_acc[363].u_i | acc_291 |         16 |         16 |       0 |    0 |    16 |      0 |      0 |            0 |
|   half_acc[364].u_i | acc_292 |         16 |         16 |       0 |    0 |    16 |      0 |      0 |            0 |
|   half_acc[365].u_i | acc_293 |         16 |         16 |       0 |    0 |    16 |      0 |      0 |            0 |
|   half_acc[366].u_i | acc_294 |         16 |         16 |       0 |    0 |    16 |      0 |      0 |            0 |
|   half_acc[367].u_i | acc_295 |         16 |         16 |       0 |    0 |    16 |      0 |      0 |            0 |
|   half_acc[368].u_i | acc_296 |         16 |         16 |       0 |    0 |    16 |      0 |      0 |            0 |
|   half_acc[369].u_i | acc_297 |         16 |         16 |       0 |    0 |    16 |      0 |      0 |            0 |
|   half_acc[36].u_i  | acc_298 |         16 |         16 |       0 |    0 |    16 |      0 |      0 |            0 |
|   half_acc[370].u_i | acc_299 |         16 |         16 |       0 |    0 |    16 |      0 |      0 |            0 |
|   half_acc[371].u_i | acc_300 |         16 |         16 |       0 |    0 |    16 |      0 |      0 |            0 |
|   half_acc[372].u_i | acc_301 |         16 |         16 |       0 |    0 |    16 |      0 |      0 |            0 |
|   half_acc[373].u_i | acc_302 |         16 |         16 |       0 |    0 |    16 |      0 |      0 |            0 |
|   half_acc[374].u_i | acc_303 |         16 |         16 |       0 |    0 |    16 |      0 |      0 |            0 |
|   half_acc[375].u_i | acc_304 |         16 |         16 |       0 |    0 |    16 |      0 |      0 |            0 |
|   half_acc[376].u_i | acc_305 |         16 |         16 |       0 |    0 |    16 |      0 |      0 |            0 |
|   half_acc[377].u_i | acc_306 |         16 |         16 |       0 |    0 |    16 |      0 |      0 |            0 |
|   half_acc[378].u_i | acc_307 |         16 |         16 |       0 |    0 |    16 |      0 |      0 |            0 |
|   half_acc[379].u_i | acc_308 |         16 |         16 |       0 |    0 |    16 |      0 |      0 |            0 |
|   half_acc[37].u_i  | acc_309 |         16 |         16 |       0 |    0 |    16 |      0 |      0 |            0 |
|   half_acc[380].u_i | acc_310 |         16 |         16 |       0 |    0 |    16 |      0 |      0 |            0 |
|   half_acc[381].u_i | acc_311 |         16 |         16 |       0 |    0 |    16 |      0 |      0 |            0 |
|   half_acc[382].u_i | acc_312 |         16 |         16 |       0 |    0 |    16 |      0 |      0 |            0 |
|   half_acc[383].u_i | acc_313 |         16 |         16 |       0 |    0 |    16 |      0 |      0 |            0 |
|   half_acc[384].u_i | acc_314 |         16 |         16 |       0 |    0 |    16 |      0 |      0 |            0 |
|   half_acc[385].u_i | acc_315 |         16 |         16 |       0 |    0 |    16 |      0 |      0 |            0 |
|   half_acc[386].u_i | acc_316 |         16 |         16 |       0 |    0 |    16 |      0 |      0 |            0 |
|   half_acc[387].u_i | acc_317 |         16 |         16 |       0 |    0 |    16 |      0 |      0 |            0 |
|   half_acc[388].u_i | acc_318 |         16 |         16 |       0 |    0 |    16 |      0 |      0 |            0 |
|   half_acc[389].u_i | acc_319 |         16 |         16 |       0 |    0 |    16 |      0 |      0 |            0 |
|   half_acc[38].u_i  | acc_320 |         16 |         16 |       0 |    0 |    16 |      0 |      0 |            0 |
|   half_acc[390].u_i | acc_321 |         16 |         16 |       0 |    0 |    16 |      0 |      0 |            0 |
|   half_acc[391].u_i | acc_322 |         16 |         16 |       0 |    0 |    16 |      0 |      0 |            0 |
|   half_acc[392].u_i | acc_323 |         16 |         16 |       0 |    0 |    16 |      0 |      0 |            0 |
|   half_acc[393].u_i | acc_324 |         16 |         16 |       0 |    0 |    16 |      0 |      0 |            0 |
|   half_acc[394].u_i | acc_325 |         16 |         16 |       0 |    0 |    16 |      0 |      0 |            0 |
|   half_acc[395].u_i | acc_326 |         16 |         16 |       0 |    0 |    16 |      0 |      0 |            0 |
|   half_acc[396].u_i | acc_327 |         16 |         16 |       0 |    0 |    16 |      0 |      0 |            0 |
|   half_acc[397].u_i | acc_328 |         16 |         16 |       0 |    0 |    16 |      0 |      0 |            0 |
|   half_acc[398].u_i | acc_329 |         16 |         16 |       0 |    0 |    16 |      0 |      0 |            0 |
|   half_acc[399].u_i | acc_330 |         16 |         16 |       0 |    0 |    16 |      0 |      0 |            0 |
|   half_acc[39].u_i  | acc_331 |         16 |         16 |       0 |    0 |    16 |      0 |      0 |            0 |
|   half_acc[3].u_i   | acc_332 |         16 |         16 |       0 |    0 |    16 |      0 |      0 |            0 |
|   half_acc[400].u_i | acc_333 |         16 |         16 |       0 |    0 |    16 |      0 |      0 |            0 |
|   half_acc[401].u_i | acc_334 |         16 |         16 |       0 |    0 |    16 |      0 |      0 |            0 |
|   half_acc[402].u_i | acc_335 |         16 |         16 |       0 |    0 |    16 |      0 |      0 |            0 |
|   half_acc[403].u_i | acc_336 |         16 |         16 |       0 |    0 |    16 |      0 |      0 |            0 |
|   half_acc[404].u_i | acc_337 |         16 |         16 |       0 |    0 |    16 |      0 |      0 |            0 |
|   half_acc[405].u_i | acc_338 |         16 |         16 |       0 |    0 |    16 |      0 |      0 |            0 |
|   half_acc[406].u_i | acc_339 |         16 |         16 |       0 |    0 |    16 |      0 |      0 |            0 |
|   half_acc[407].u_i | acc_340 |         16 |         16 |       0 |    0 |    16 |      0 |      0 |            0 |
|   half_acc[408].u_i | acc_341 |         16 |         16 |       0 |    0 |    16 |      0 |      0 |            0 |
|   half_acc[409].u_i | acc_342 |         16 |         16 |       0 |    0 |    16 |      0 |      0 |            0 |
|   half_acc[40].u_i  | acc_343 |         16 |         16 |       0 |    0 |    16 |      0 |      0 |            0 |
|   half_acc[410].u_i | acc_344 |         16 |         16 |       0 |    0 |    16 |      0 |      0 |            0 |
|   half_acc[411].u_i | acc_345 |         16 |         16 |       0 |    0 |    16 |      0 |      0 |            0 |
|   half_acc[412].u_i | acc_346 |         16 |         16 |       0 |    0 |    16 |      0 |      0 |            0 |
|   half_acc[413].u_i | acc_347 |         16 |         16 |       0 |    0 |    16 |      0 |      0 |            0 |
|   half_acc[414].u_i | acc_348 |         16 |         16 |       0 |    0 |    16 |      0 |      0 |            0 |
|   half_acc[415].u_i | acc_349 |         16 |         16 |       0 |    0 |    16 |      0 |      0 |            0 |
|   half_acc[416].u_i | acc_350 |         16 |         16 |       0 |    0 |    16 |      0 |      0 |            0 |
|   half_acc[417].u_i | acc_351 |         16 |         16 |       0 |    0 |    16 |      0 |      0 |            0 |
|   half_acc[418].u_i | acc_352 |         16 |         16 |       0 |    0 |    16 |      0 |      0 |            0 |
|   half_acc[419].u_i | acc_353 |         16 |         16 |       0 |    0 |    16 |      0 |      0 |            0 |
|   half_acc[41].u_i  | acc_354 |         16 |         16 |       0 |    0 |    16 |      0 |      0 |            0 |
|   half_acc[420].u_i | acc_355 |         16 |         16 |       0 |    0 |    16 |      0 |      0 |            0 |
|   half_acc[421].u_i | acc_356 |         16 |         16 |       0 |    0 |    16 |      0 |      0 |            0 |
|   half_acc[422].u_i | acc_357 |         16 |         16 |       0 |    0 |    16 |      0 |      0 |            0 |
|   half_acc[423].u_i | acc_358 |         16 |         16 |       0 |    0 |    16 |      0 |      0 |            0 |
|   half_acc[424].u_i | acc_359 |         16 |         16 |       0 |    0 |    16 |      0 |      0 |            0 |
|   half_acc[425].u_i | acc_360 |         16 |         16 |       0 |    0 |    16 |      0 |      0 |            0 |
|   half_acc[426].u_i | acc_361 |         16 |         16 |       0 |    0 |    16 |      0 |      0 |            0 |
|   half_acc[427].u_i | acc_362 |         16 |         16 |       0 |    0 |    16 |      0 |      0 |            0 |
|   half_acc[428].u_i | acc_363 |         16 |         16 |       0 |    0 |    16 |      0 |      0 |            0 |
|   half_acc[429].u_i | acc_364 |         16 |         16 |       0 |    0 |    16 |      0 |      0 |            0 |
|   half_acc[42].u_i  | acc_365 |         16 |         16 |       0 |    0 |    16 |      0 |      0 |            0 |
|   half_acc[430].u_i | acc_366 |         16 |         16 |       0 |    0 |    16 |      0 |      0 |            0 |
|   half_acc[431].u_i | acc_367 |         16 |         16 |       0 |    0 |    16 |      0 |      0 |            0 |
|   half_acc[432].u_i | acc_368 |         16 |         16 |       0 |    0 |    16 |      0 |      0 |            0 |
|   half_acc[433].u_i | acc_369 |         16 |         16 |       0 |    0 |    16 |      0 |      0 |            0 |
|   half_acc[434].u_i | acc_370 |         16 |         16 |       0 |    0 |    16 |      0 |      0 |            0 |
|   half_acc[435].u_i | acc_371 |         16 |         16 |       0 |    0 |    16 |      0 |      0 |            0 |
|   half_acc[436].u_i | acc_372 |         16 |         16 |       0 |    0 |    16 |      0 |      0 |            0 |
|   half_acc[437].u_i | acc_373 |         16 |         16 |       0 |    0 |    16 |      0 |      0 |            0 |
|   half_acc[438].u_i | acc_374 |         16 |         16 |       0 |    0 |    16 |      0 |      0 |            0 |
|   half_acc[439].u_i | acc_375 |         16 |         16 |       0 |    0 |    16 |      0 |      0 |            0 |
|   half_acc[43].u_i  | acc_376 |         16 |         16 |       0 |    0 |    16 |      0 |      0 |            0 |
|   half_acc[440].u_i | acc_377 |         16 |         16 |       0 |    0 |    16 |      0 |      0 |            0 |
|   half_acc[441].u_i | acc_378 |         16 |         16 |       0 |    0 |    16 |      0 |      0 |            0 |
|   half_acc[442].u_i | acc_379 |         16 |         16 |       0 |    0 |    16 |      0 |      0 |            0 |
|   half_acc[443].u_i | acc_380 |         16 |         16 |       0 |    0 |    16 |      0 |      0 |            0 |
|   half_acc[444].u_i | acc_381 |         16 |         16 |       0 |    0 |    16 |      0 |      0 |            0 |
|   half_acc[445].u_i | acc_382 |         16 |         16 |       0 |    0 |    16 |      0 |      0 |            0 |
|   half_acc[446].u_i | acc_383 |         16 |         16 |       0 |    0 |    16 |      0 |      0 |            0 |
|   half_acc[447].u_i | acc_384 |         16 |         16 |       0 |    0 |    16 |      0 |      0 |            0 |
|   half_acc[448].u_i | acc_385 |         16 |         16 |       0 |    0 |    16 |      0 |      0 |            0 |
|   half_acc[449].u_i | acc_386 |         16 |         16 |       0 |    0 |    16 |      0 |      0 |            0 |
|   half_acc[44].u_i  | acc_387 |         16 |         16 |       0 |    0 |    16 |      0 |      0 |            0 |
|   half_acc[450].u_i | acc_388 |         16 |         16 |       0 |    0 |    16 |      0 |      0 |            0 |
|   half_acc[451].u_i | acc_389 |         16 |         16 |       0 |    0 |    16 |      0 |      0 |            0 |
|   half_acc[452].u_i | acc_390 |         16 |         16 |       0 |    0 |    16 |      0 |      0 |            0 |
|   half_acc[453].u_i | acc_391 |         16 |         16 |       0 |    0 |    16 |      0 |      0 |            0 |
|   half_acc[454].u_i | acc_392 |         16 |         16 |       0 |    0 |    16 |      0 |      0 |            0 |
|   half_acc[455].u_i | acc_393 |         16 |         16 |       0 |    0 |    16 |      0 |      0 |            0 |
|   half_acc[456].u_i | acc_394 |         16 |         16 |       0 |    0 |    16 |      0 |      0 |            0 |
|   half_acc[457].u_i | acc_395 |         16 |         16 |       0 |    0 |    16 |      0 |      0 |            0 |
|   half_acc[458].u_i | acc_396 |         16 |         16 |       0 |    0 |    16 |      0 |      0 |            0 |
|   half_acc[459].u_i | acc_397 |         16 |         16 |       0 |    0 |    16 |      0 |      0 |            0 |
|   half_acc[45].u_i  | acc_398 |         16 |         16 |       0 |    0 |    16 |      0 |      0 |            0 |
|   half_acc[460].u_i | acc_399 |         16 |         16 |       0 |    0 |    16 |      0 |      0 |            0 |
|   half_acc[461].u_i | acc_400 |         16 |         16 |       0 |    0 |    16 |      0 |      0 |            0 |
|   half_acc[462].u_i | acc_401 |         16 |         16 |       0 |    0 |    16 |      0 |      0 |            0 |
|   half_acc[463].u_i | acc_402 |         16 |         16 |       0 |    0 |    16 |      0 |      0 |            0 |
|   half_acc[464].u_i | acc_403 |         16 |         16 |       0 |    0 |    16 |      0 |      0 |            0 |
|   half_acc[465].u_i | acc_404 |         16 |         16 |       0 |    0 |    16 |      0 |      0 |            0 |
|   half_acc[466].u_i | acc_405 |         16 |         16 |       0 |    0 |    16 |      0 |      0 |            0 |
|   half_acc[467].u_i | acc_406 |         16 |         16 |       0 |    0 |    16 |      0 |      0 |            0 |
|   half_acc[468].u_i | acc_407 |         16 |         16 |       0 |    0 |    16 |      0 |      0 |            0 |
|   half_acc[469].u_i | acc_408 |         16 |         16 |       0 |    0 |    16 |      0 |      0 |            0 |
|   half_acc[46].u_i  | acc_409 |         16 |         16 |       0 |    0 |    16 |      0 |      0 |            0 |
|   half_acc[470].u_i | acc_410 |         16 |         16 |       0 |    0 |    16 |      0 |      0 |            0 |
|   half_acc[471].u_i | acc_411 |         16 |         16 |       0 |    0 |    16 |      0 |      0 |            0 |
|   half_acc[472].u_i | acc_412 |         16 |         16 |       0 |    0 |    16 |      0 |      0 |            0 |
|   half_acc[473].u_i | acc_413 |         16 |         16 |       0 |    0 |    16 |      0 |      0 |            0 |
|   half_acc[474].u_i | acc_414 |         16 |         16 |       0 |    0 |    16 |      0 |      0 |            0 |
|   half_acc[475].u_i | acc_415 |         16 |         16 |       0 |    0 |    16 |      0 |      0 |            0 |
|   half_acc[476].u_i | acc_416 |         16 |         16 |       0 |    0 |    16 |      0 |      0 |            0 |
|   half_acc[477].u_i | acc_417 |         16 |         16 |       0 |    0 |    16 |      0 |      0 |            0 |
|   half_acc[478].u_i | acc_418 |         16 |         16 |       0 |    0 |    16 |      0 |      0 |            0 |
|   half_acc[479].u_i | acc_419 |         16 |         16 |       0 |    0 |    16 |      0 |      0 |            0 |
|   half_acc[47].u_i  | acc_420 |         16 |         16 |       0 |    0 |    16 |      0 |      0 |            0 |
|   half_acc[480].u_i | acc_421 |         16 |         16 |       0 |    0 |    16 |      0 |      0 |            0 |
|   half_acc[481].u_i | acc_422 |         16 |         16 |       0 |    0 |    16 |      0 |      0 |            0 |
|   half_acc[482].u_i | acc_423 |         16 |         16 |       0 |    0 |    16 |      0 |      0 |            0 |
|   half_acc[483].u_i | acc_424 |         16 |         16 |       0 |    0 |    16 |      0 |      0 |            0 |
|   half_acc[484].u_i | acc_425 |         16 |         16 |       0 |    0 |    16 |      0 |      0 |            0 |
|   half_acc[485].u_i | acc_426 |         16 |         16 |       0 |    0 |    16 |      0 |      0 |            0 |
|   half_acc[486].u_i | acc_427 |         16 |         16 |       0 |    0 |    16 |      0 |      0 |            0 |
|   half_acc[487].u_i | acc_428 |         16 |         16 |       0 |    0 |    16 |      0 |      0 |            0 |
|   half_acc[488].u_i | acc_429 |         16 |         16 |       0 |    0 |    16 |      0 |      0 |            0 |
|   half_acc[489].u_i | acc_430 |         16 |         16 |       0 |    0 |    16 |      0 |      0 |            0 |
|   half_acc[48].u_i  | acc_431 |         16 |         16 |       0 |    0 |    16 |      0 |      0 |            0 |
|   half_acc[490].u_i | acc_432 |         16 |         16 |       0 |    0 |    16 |      0 |      0 |            0 |
|   half_acc[491].u_i | acc_433 |         16 |         16 |       0 |    0 |    16 |      0 |      0 |            0 |
|   half_acc[492].u_i | acc_434 |         16 |         16 |       0 |    0 |    16 |      0 |      0 |            0 |
|   half_acc[493].u_i | acc_435 |         16 |         16 |       0 |    0 |    16 |      0 |      0 |            0 |
|   half_acc[494].u_i | acc_436 |         16 |         16 |       0 |    0 |    16 |      0 |      0 |            0 |
|   half_acc[495].u_i | acc_437 |         16 |         16 |       0 |    0 |    16 |      0 |      0 |            0 |
|   half_acc[496].u_i | acc_438 |         16 |         16 |       0 |    0 |    16 |      0 |      0 |            0 |
|   half_acc[497].u_i | acc_439 |         16 |         16 |       0 |    0 |    16 |      0 |      0 |            0 |
|   half_acc[498].u_i | acc_440 |         16 |         16 |       0 |    0 |    16 |      0 |      0 |            0 |
|   half_acc[499].u_i | acc_441 |         16 |         16 |       0 |    0 |    16 |      0 |      0 |            0 |
|   half_acc[49].u_i  | acc_442 |         16 |         16 |       0 |    0 |    16 |      0 |      0 |            0 |
|   half_acc[4].u_i   | acc_443 |         16 |         16 |       0 |    0 |    16 |      0 |      0 |            0 |
|   half_acc[500].u_i | acc_444 |         16 |         16 |       0 |    0 |    16 |      0 |      0 |            0 |
|   half_acc[501].u_i | acc_445 |         16 |         16 |       0 |    0 |    16 |      0 |      0 |            0 |
|   half_acc[502].u_i | acc_446 |         16 |         16 |       0 |    0 |    16 |      0 |      0 |            0 |
|   half_acc[503].u_i | acc_447 |         16 |         16 |       0 |    0 |    16 |      0 |      0 |            0 |
|   half_acc[504].u_i | acc_448 |         16 |         16 |       0 |    0 |    16 |      0 |      0 |            0 |
|   half_acc[505].u_i | acc_449 |         16 |         16 |       0 |    0 |    16 |      0 |      0 |            0 |
|   half_acc[506].u_i | acc_450 |         16 |         16 |       0 |    0 |    16 |      0 |      0 |            0 |
|   half_acc[507].u_i | acc_451 |         16 |         16 |       0 |    0 |    16 |      0 |      0 |            0 |
|   half_acc[508].u_i | acc_452 |         16 |         16 |       0 |    0 |    16 |      0 |      0 |            0 |
|   half_acc[509].u_i | acc_453 |         16 |         16 |       0 |    0 |    16 |      0 |      0 |            0 |
|   half_acc[50].u_i  | acc_454 |         16 |         16 |       0 |    0 |    16 |      0 |      0 |            0 |
|   half_acc[510].u_i | acc_455 |         16 |         16 |       0 |    0 |    16 |      0 |      0 |            0 |
|   half_acc[511].u_i | acc_456 |         16 |         16 |       0 |    0 |    16 |      0 |      0 |            0 |
|   half_acc[51].u_i  | acc_457 |         16 |         16 |       0 |    0 |    16 |      0 |      0 |            0 |
|   half_acc[52].u_i  | acc_458 |         16 |         16 |       0 |    0 |    16 |      0 |      0 |            0 |
|   half_acc[53].u_i  | acc_459 |         16 |         16 |       0 |    0 |    16 |      0 |      0 |            0 |
|   half_acc[54].u_i  | acc_460 |         16 |         16 |       0 |    0 |    16 |      0 |      0 |            0 |
|   half_acc[55].u_i  | acc_461 |         16 |         16 |       0 |    0 |    16 |      0 |      0 |            0 |
|   half_acc[56].u_i  | acc_462 |         16 |         16 |       0 |    0 |    16 |      0 |      0 |            0 |
|   half_acc[57].u_i  | acc_463 |         16 |         16 |       0 |    0 |    16 |      0 |      0 |            0 |
|   half_acc[58].u_i  | acc_464 |         16 |         16 |       0 |    0 |    16 |      0 |      0 |            0 |
|   half_acc[59].u_i  | acc_465 |         16 |         16 |       0 |    0 |    16 |      0 |      0 |            0 |
|   half_acc[5].u_i   | acc_466 |         16 |         16 |       0 |    0 |    16 |      0 |      0 |            0 |
|   half_acc[60].u_i  | acc_467 |         16 |         16 |       0 |    0 |    16 |      0 |      0 |            0 |
|   half_acc[61].u_i  | acc_468 |         16 |         16 |       0 |    0 |    16 |      0 |      0 |            0 |
|   half_acc[62].u_i  | acc_469 |         16 |         16 |       0 |    0 |    16 |      0 |      0 |            0 |
|   half_acc[63].u_i  | acc_470 |         16 |         16 |       0 |    0 |    16 |      0 |      0 |            0 |
|   half_acc[64].u_i  | acc_471 |         16 |         16 |       0 |    0 |    16 |      0 |      0 |            0 |
|   half_acc[65].u_i  | acc_472 |         16 |         16 |       0 |    0 |    16 |      0 |      0 |            0 |
|   half_acc[66].u_i  | acc_473 |         16 |         16 |       0 |    0 |    16 |      0 |      0 |            0 |
|   half_acc[67].u_i  | acc_474 |         16 |         16 |       0 |    0 |    16 |      0 |      0 |            0 |
|   half_acc[68].u_i  | acc_475 |         16 |         16 |       0 |    0 |    16 |      0 |      0 |            0 |
|   half_acc[69].u_i  | acc_476 |         16 |         16 |       0 |    0 |    16 |      0 |      0 |            0 |
|   half_acc[6].u_i   | acc_477 |         16 |         16 |       0 |    0 |    16 |      0 |      0 |            0 |
|   half_acc[70].u_i  | acc_478 |         16 |         16 |       0 |    0 |    16 |      0 |      0 |            0 |
|   half_acc[71].u_i  | acc_479 |         16 |         16 |       0 |    0 |    16 |      0 |      0 |            0 |
|   half_acc[72].u_i  | acc_480 |         16 |         16 |       0 |    0 |    16 |      0 |      0 |            0 |
|   half_acc[73].u_i  | acc_481 |         16 |         16 |       0 |    0 |    16 |      0 |      0 |            0 |
|   half_acc[74].u_i  | acc_482 |         16 |         16 |       0 |    0 |    16 |      0 |      0 |            0 |
|   half_acc[75].u_i  | acc_483 |         16 |         16 |       0 |    0 |    16 |      0 |      0 |            0 |
|   half_acc[76].u_i  | acc_484 |         16 |         16 |       0 |    0 |    16 |      0 |      0 |            0 |
|   half_acc[77].u_i  | acc_485 |         16 |         16 |       0 |    0 |    16 |      0 |      0 |            0 |
|   half_acc[78].u_i  | acc_486 |         16 |         16 |       0 |    0 |    16 |      0 |      0 |            0 |
|   half_acc[79].u_i  | acc_487 |         16 |         16 |       0 |    0 |    16 |      0 |      0 |            0 |
|   half_acc[7].u_i   | acc_488 |         16 |         16 |       0 |    0 |    16 |      0 |      0 |            0 |
|   half_acc[80].u_i  | acc_489 |         16 |         16 |       0 |    0 |    16 |      0 |      0 |            0 |
|   half_acc[81].u_i  | acc_490 |         16 |         16 |       0 |    0 |    16 |      0 |      0 |            0 |
|   half_acc[82].u_i  | acc_491 |         16 |         16 |       0 |    0 |    16 |      0 |      0 |            0 |
|   half_acc[83].u_i  | acc_492 |         16 |         16 |       0 |    0 |    16 |      0 |      0 |            0 |
|   half_acc[84].u_i  | acc_493 |         16 |         16 |       0 |    0 |    16 |      0 |      0 |            0 |
|   half_acc[85].u_i  | acc_494 |         16 |         16 |       0 |    0 |    16 |      0 |      0 |            0 |
|   half_acc[86].u_i  | acc_495 |         16 |         16 |       0 |    0 |    16 |      0 |      0 |            0 |
|   half_acc[87].u_i  | acc_496 |         16 |         16 |       0 |    0 |    16 |      0 |      0 |            0 |
|   half_acc[88].u_i  | acc_497 |         16 |         16 |       0 |    0 |    16 |      0 |      0 |            0 |
|   half_acc[89].u_i  | acc_498 |         16 |         16 |       0 |    0 |    16 |      0 |      0 |            0 |
|   half_acc[8].u_i   | acc_499 |         16 |         16 |       0 |    0 |    16 |      0 |      0 |            0 |
|   half_acc[90].u_i  | acc_500 |         16 |         16 |       0 |    0 |    16 |      0 |      0 |            0 |
|   half_acc[91].u_i  | acc_501 |         16 |         16 |       0 |    0 |    16 |      0 |      0 |            0 |
|   half_acc[92].u_i  | acc_502 |         16 |         16 |       0 |    0 |    16 |      0 |      0 |            0 |
|   half_acc[93].u_i  | acc_503 |         16 |         16 |       0 |    0 |    16 |      0 |      0 |            0 |
|   half_acc[94].u_i  | acc_504 |         16 |         16 |       0 |    0 |    16 |      0 |      0 |            0 |
|   half_acc[95].u_i  | acc_505 |         16 |         16 |       0 |    0 |    16 |      0 |      0 |            0 |
|   half_acc[96].u_i  | acc_506 |         16 |         16 |       0 |    0 |    16 |      0 |      0 |            0 |
|   half_acc[97].u_i  | acc_507 |         16 |         16 |       0 |    0 |    16 |      0 |      0 |            0 |
|   half_acc[98].u_i  | acc_508 |         16 |         16 |       0 |    0 |    16 |      0 |      0 |            0 |
|   half_acc[99].u_i  | acc_509 |         16 |         16 |       0 |    0 |    16 |      0 |      0 |            0 |
|   half_acc[9].u_i   | acc_510 |         16 |         16 |       0 |    0 |    16 |      0 |      0 |            0 |
+---------------------+---------+------------+------------+---------+------+-------+--------+--------+--------------+


