Copyright 1986-2018 Xilinx, Inc. All Rights Reserved.
------------------------------------------------------------------------------------------
| Tool Version : Vivado v.2018.3 (lin64) Build 2405991 Thu Dec  6 23:36:41 MST 2018
| Date         : Sat Mar  7 02:10:09 2020
| Host         : GCS running 64-bit Ubuntu 18.04.4 LTS
| Command      : report_utilization -hierarchical -file post_hierarchical_utilization.rpt
| Design       : fire7_expand1
| Device       : 7vx690tffg1157-3
| Design State : Synthesized
------------------------------------------------------------------------------------------

Utilization Design Information

Table of Contents
-----------------
1. Utilization by Hierarchy

1. Utilization by Hierarchy
---------------------------

+----------------------+---------+------------+------------+---------+------+------+--------+--------+--------------+
|       Instance       |  Module | Total LUTs | Logic LUTs | LUTRAMs | SRLs |  FFs | RAMB36 | RAMB18 | DSP48 Blocks |
+----------------------+---------+------------+------------+---------+------+------+--------+--------+--------------+
| fire7_expand1        |   (top) |       4382 |       4382 |       0 |    0 | 2910 |      0 |      0 |          192 |
|   (fire7_expand1)    |   (top) |        219 |        219 |       0 |    0 | 2910 |      0 |      0 |            0 |
|   genblk1[0].mac_i   |     mac |         15 |         15 |       0 |    0 |    0 |      0 |      0 |            1 |
|   genblk1[100].mac_i |   mac_0 |         42 |         42 |       0 |    0 |    0 |      0 |      0 |            1 |
|   genblk1[101].mac_i |   mac_1 |         16 |         16 |       0 |    0 |    0 |      0 |      0 |            1 |
|   genblk1[102].mac_i |   mac_2 |         17 |         17 |       0 |    0 |    0 |      0 |      0 |            1 |
|   genblk1[103].mac_i |   mac_3 |         17 |         17 |       0 |    0 |    0 |      0 |      0 |            1 |
|   genblk1[104].mac_i |   mac_4 |         18 |         18 |       0 |    0 |    0 |      0 |      0 |            1 |
|   genblk1[105].mac_i |   mac_5 |         19 |         19 |       0 |    0 |    0 |      0 |      0 |            1 |
|   genblk1[106].mac_i |   mac_6 |         43 |         43 |       0 |    0 |    0 |      0 |      0 |            1 |
|   genblk1[107].mac_i |   mac_7 |         17 |         17 |       0 |    0 |    0 |      0 |      0 |            1 |
|   genblk1[108].mac_i |   mac_8 |         15 |         15 |       0 |    0 |    0 |      0 |      0 |            1 |
|   genblk1[109].mac_i |   mac_9 |         17 |         17 |       0 |    0 |    0 |      0 |      0 |            1 |
|   genblk1[10].mac_i  |  mac_10 |         18 |         18 |       0 |    0 |    0 |      0 |      0 |            1 |
|   genblk1[110].mac_i |  mac_11 |         14 |         14 |       0 |    0 |    0 |      0 |      0 |            1 |
|   genblk1[111].mac_i |  mac_12 |         43 |         43 |       0 |    0 |    0 |      0 |      0 |            1 |
|   genblk1[112].mac_i |  mac_13 |         41 |         41 |       0 |    0 |    0 |      0 |      0 |            1 |
|   genblk1[113].mac_i |  mac_14 |         16 |         16 |       0 |    0 |    0 |      0 |      0 |            1 |
|   genblk1[114].mac_i |  mac_15 |         42 |         42 |       0 |    0 |    0 |      0 |      0 |            1 |
|   genblk1[115].mac_i |  mac_16 |         16 |         16 |       0 |    0 |    0 |      0 |      0 |            1 |
|   genblk1[116].mac_i |  mac_17 |         16 |         16 |       0 |    0 |    0 |      0 |      0 |            1 |
|   genblk1[117].mac_i |  mac_18 |         16 |         16 |       0 |    0 |    0 |      0 |      0 |            1 |
|   genblk1[118].mac_i |  mac_19 |         42 |         42 |       0 |    0 |    0 |      0 |      0 |            1 |
|   genblk1[119].mac_i |  mac_20 |         18 |         18 |       0 |    0 |    0 |      0 |      0 |            1 |
|   genblk1[11].mac_i  |  mac_21 |         39 |         39 |       0 |    0 |    0 |      0 |      0 |            1 |
|   genblk1[120].mac_i |  mac_22 |         40 |         40 |       0 |    0 |    0 |      0 |      0 |            1 |
|   genblk1[121].mac_i |  mac_23 |         17 |         17 |       0 |    0 |    0 |      0 |      0 |            1 |
|   genblk1[122].mac_i |  mac_24 |         16 |         16 |       0 |    0 |    0 |      0 |      0 |            1 |
|   genblk1[123].mac_i |  mac_25 |         18 |         18 |       0 |    0 |    0 |      0 |      0 |            1 |
|   genblk1[124].mac_i |  mac_26 |         16 |         16 |       0 |    0 |    0 |      0 |      0 |            1 |
|   genblk1[125].mac_i |  mac_27 |         18 |         18 |       0 |    0 |    0 |      0 |      0 |            1 |
|   genblk1[126].mac_i |  mac_28 |         17 |         17 |       0 |    0 |    0 |      0 |      0 |            1 |
|   genblk1[127].mac_i |  mac_29 |         18 |         18 |       0 |    0 |    0 |      0 |      0 |            1 |
|   genblk1[128].mac_i |  mac_30 |         14 |         14 |       0 |    0 |    0 |      0 |      0 |            1 |
|   genblk1[129].mac_i |  mac_31 |         16 |         16 |       0 |    0 |    0 |      0 |      0 |            1 |
|   genblk1[12].mac_i  |  mac_32 |         17 |         17 |       0 |    0 |    0 |      0 |      0 |            1 |
|   genblk1[130].mac_i |  mac_33 |         20 |         20 |       0 |    0 |    0 |      0 |      0 |            1 |
|   genblk1[131].mac_i |  mac_34 |         18 |         18 |       0 |    0 |    0 |      0 |      0 |            1 |
|   genblk1[132].mac_i |  mac_35 |         16 |         16 |       0 |    0 |    0 |      0 |      0 |            1 |
|   genblk1[133].mac_i |  mac_36 |         42 |         42 |       0 |    0 |    0 |      0 |      0 |            1 |
|   genblk1[134].mac_i |  mac_37 |         16 |         16 |       0 |    0 |    0 |      0 |      0 |            1 |
|   genblk1[135].mac_i |  mac_38 |         15 |         15 |       0 |    0 |    0 |      0 |      0 |            1 |
|   genblk1[136].mac_i |  mac_39 |         17 |         17 |       0 |    0 |    0 |      0 |      0 |            1 |
|   genblk1[137].mac_i |  mac_40 |         18 |         18 |       0 |    0 |    0 |      0 |      0 |            1 |
|   genblk1[138].mac_i |  mac_41 |         43 |         43 |       0 |    0 |    0 |      0 |      0 |            1 |
|   genblk1[139].mac_i |  mac_42 |         14 |         14 |       0 |    0 |    0 |      0 |      0 |            1 |
|   genblk1[13].mac_i  |  mac_43 |         16 |         16 |       0 |    0 |    0 |      0 |      0 |            1 |
|   genblk1[140].mac_i |  mac_44 |         39 |         39 |       0 |    0 |    0 |      0 |      0 |            1 |
|   genblk1[141].mac_i |  mac_45 |         17 |         17 |       0 |    0 |    0 |      0 |      0 |            1 |
|   genblk1[142].mac_i |  mac_46 |         15 |         15 |       0 |    0 |    0 |      0 |      0 |            1 |
|   genblk1[143].mac_i |  mac_47 |         19 |         19 |       0 |    0 |    0 |      0 |      0 |            1 |
|   genblk1[144].mac_i |  mac_48 |         15 |         15 |       0 |    0 |    0 |      0 |      0 |            1 |
|   genblk1[145].mac_i |  mac_49 |         15 |         15 |       0 |    0 |    0 |      0 |      0 |            1 |
|   genblk1[146].mac_i |  mac_50 |         14 |         14 |       0 |    0 |    0 |      0 |      0 |            1 |
|   genblk1[147].mac_i |  mac_51 |         16 |         16 |       0 |    0 |    0 |      0 |      0 |            1 |
|   genblk1[148].mac_i |  mac_52 |         17 |         17 |       0 |    0 |    0 |      0 |      0 |            1 |
|   genblk1[149].mac_i |  mac_53 |         17 |         17 |       0 |    0 |    0 |      0 |      0 |            1 |
|   genblk1[14].mac_i  |  mac_54 |         15 |         15 |       0 |    0 |    0 |      0 |      0 |            1 |
|   genblk1[150].mac_i |  mac_55 |         17 |         17 |       0 |    0 |    0 |      0 |      0 |            1 |
|   genblk1[151].mac_i |  mac_56 |         18 |         18 |       0 |    0 |    0 |      0 |      0 |            1 |
|   genblk1[152].mac_i |  mac_57 |         18 |         18 |       0 |    0 |    0 |      0 |      0 |            1 |
|   genblk1[153].mac_i |  mac_58 |         15 |         15 |       0 |    0 |    0 |      0 |      0 |            1 |
|   genblk1[154].mac_i |  mac_59 |         40 |         40 |       0 |    0 |    0 |      0 |      0 |            1 |
|   genblk1[155].mac_i |  mac_60 |         17 |         17 |       0 |    0 |    0 |      0 |      0 |            1 |
|   genblk1[156].mac_i |  mac_61 |         16 |         16 |       0 |    0 |    0 |      0 |      0 |            1 |
|   genblk1[157].mac_i |  mac_62 |         40 |         40 |       0 |    0 |    0 |      0 |      0 |            1 |
|   genblk1[158].mac_i |  mac_63 |         42 |         42 |       0 |    0 |    0 |      0 |      0 |            1 |
|   genblk1[159].mac_i |  mac_64 |         16 |         16 |       0 |    0 |    0 |      0 |      0 |            1 |
|   genblk1[15].mac_i  |  mac_65 |         15 |         15 |       0 |    0 |    0 |      0 |      0 |            1 |
|   genblk1[160].mac_i |  mac_66 |         16 |         16 |       0 |    0 |    0 |      0 |      0 |            1 |
|   genblk1[161].mac_i |  mac_67 |         16 |         16 |       0 |    0 |    0 |      0 |      0 |            1 |
|   genblk1[162].mac_i |  mac_68 |         19 |         19 |       0 |    0 |    0 |      0 |      0 |            1 |
|   genblk1[163].mac_i |  mac_69 |         17 |         17 |       0 |    0 |    0 |      0 |      0 |            1 |
|   genblk1[164].mac_i |  mac_70 |         16 |         16 |       0 |    0 |    0 |      0 |      0 |            1 |
|   genblk1[165].mac_i |  mac_71 |         19 |         19 |       0 |    0 |    0 |      0 |      0 |            1 |
|   genblk1[166].mac_i |  mac_72 |         18 |         18 |       0 |    0 |    0 |      0 |      0 |            1 |
|   genblk1[167].mac_i |  mac_73 |         16 |         16 |       0 |    0 |    0 |      0 |      0 |            1 |
|   genblk1[168].mac_i |  mac_74 |         16 |         16 |       0 |    0 |    0 |      0 |      0 |            1 |
|   genblk1[169].mac_i |  mac_75 |         16 |         16 |       0 |    0 |    0 |      0 |      0 |            1 |
|   genblk1[16].mac_i  |  mac_76 |         17 |         17 |       0 |    0 |    0 |      0 |      0 |            1 |
|   genblk1[170].mac_i |  mac_77 |         41 |         41 |       0 |    0 |    0 |      0 |      0 |            1 |
|   genblk1[171].mac_i |  mac_78 |         16 |         16 |       0 |    0 |    0 |      0 |      0 |            1 |
|   genblk1[172].mac_i |  mac_79 |         41 |         41 |       0 |    0 |    0 |      0 |      0 |            1 |
|   genblk1[173].mac_i |  mac_80 |         17 |         17 |       0 |    0 |    0 |      0 |      0 |            1 |
|   genblk1[174].mac_i |  mac_81 |         17 |         17 |       0 |    0 |    0 |      0 |      0 |            1 |
|   genblk1[175].mac_i |  mac_82 |         17 |         17 |       0 |    0 |    0 |      0 |      0 |            1 |
|   genblk1[176].mac_i |  mac_83 |         41 |         41 |       0 |    0 |    0 |      0 |      0 |            1 |
|   genblk1[177].mac_i |  mac_84 |         18 |         18 |       0 |    0 |    0 |      0 |      0 |            1 |
|   genblk1[178].mac_i |  mac_85 |         15 |         15 |       0 |    0 |    0 |      0 |      0 |            1 |
|   genblk1[179].mac_i |  mac_86 |         16 |         16 |       0 |    0 |    0 |      0 |      0 |            1 |
|   genblk1[17].mac_i  |  mac_87 |         42 |         42 |       0 |    0 |    0 |      0 |      0 |            1 |
|   genblk1[180].mac_i |  mac_88 |         41 |         41 |       0 |    0 |    0 |      0 |      0 |            1 |
|   genblk1[181].mac_i |  mac_89 |         17 |         17 |       0 |    0 |    0 |      0 |      0 |            1 |
|   genblk1[182].mac_i |  mac_90 |         14 |         14 |       0 |    0 |    0 |      0 |      0 |            1 |
|   genblk1[183].mac_i |  mac_91 |         20 |         20 |       0 |    0 |    0 |      0 |      0 |            1 |
|   genblk1[184].mac_i |  mac_92 |         17 |         17 |       0 |    0 |    0 |      0 |      0 |            1 |
|   genblk1[185].mac_i |  mac_93 |         15 |         15 |       0 |    0 |    0 |      0 |      0 |            1 |
|   genblk1[186].mac_i |  mac_94 |         17 |         17 |       0 |    0 |    0 |      0 |      0 |            1 |
|   genblk1[187].mac_i |  mac_95 |         18 |         18 |       0 |    0 |    0 |      0 |      0 |            1 |
|   genblk1[188].mac_i |  mac_96 |         17 |         17 |       0 |    0 |    0 |      0 |      0 |            1 |
|   genblk1[189].mac_i |  mac_97 |         15 |         15 |       0 |    0 |    0 |      0 |      0 |            1 |
|   genblk1[18].mac_i  |  mac_98 |         42 |         42 |       0 |    0 |    0 |      0 |      0 |            1 |
|   genblk1[190].mac_i |  mac_99 |         18 |         18 |       0 |    0 |    0 |      0 |      0 |            1 |
|   genblk1[191].mac_i | mac_100 |         15 |         15 |       0 |    0 |    0 |      0 |      0 |            1 |
|   genblk1[19].mac_i  | mac_101 |         18 |         18 |       0 |    0 |    0 |      0 |      0 |            1 |
|   genblk1[1].mac_i   | mac_102 |         40 |         40 |       0 |    0 |    0 |      0 |      0 |            1 |
|   genblk1[20].mac_i  | mac_103 |         15 |         15 |       0 |    0 |    0 |      0 |      0 |            1 |
|   genblk1[21].mac_i  | mac_104 |         17 |         17 |       0 |    0 |    0 |      0 |      0 |            1 |
|   genblk1[22].mac_i  | mac_105 |         16 |         16 |       0 |    0 |    0 |      0 |      0 |            1 |
|   genblk1[23].mac_i  | mac_106 |         18 |         18 |       0 |    0 |    0 |      0 |      0 |            1 |
|   genblk1[24].mac_i  | mac_107 |         42 |         42 |       0 |    0 |    0 |      0 |      0 |            1 |
|   genblk1[25].mac_i  | mac_108 |         42 |         42 |       0 |    0 |    0 |      0 |      0 |            1 |
|   genblk1[26].mac_i  | mac_109 |         18 |         18 |       0 |    0 |    0 |      0 |      0 |            1 |
|   genblk1[27].mac_i  | mac_110 |         40 |         40 |       0 |    0 |    0 |      0 |      0 |            1 |
|   genblk1[28].mac_i  | mac_111 |         18 |         18 |       0 |    0 |    0 |      0 |      0 |            1 |
|   genblk1[29].mac_i  | mac_112 |         17 |         17 |       0 |    0 |    0 |      0 |      0 |            1 |
|   genblk1[2].mac_i   | mac_113 |         15 |         15 |       0 |    0 |    0 |      0 |      0 |            1 |
|   genblk1[30].mac_i  | mac_114 |         39 |         39 |       0 |    0 |    0 |      0 |      0 |            1 |
|   genblk1[31].mac_i  | mac_115 |         18 |         18 |       0 |    0 |    0 |      0 |      0 |            1 |
|   genblk1[32].mac_i  | mac_116 |         16 |         16 |       0 |    0 |    0 |      0 |      0 |            1 |
|   genblk1[33].mac_i  | mac_117 |         16 |         16 |       0 |    0 |    0 |      0 |      0 |            1 |
|   genblk1[34].mac_i  | mac_118 |         19 |         19 |       0 |    0 |    0 |      0 |      0 |            1 |
|   genblk1[35].mac_i  | mac_119 |         17 |         17 |       0 |    0 |    0 |      0 |      0 |            1 |
|   genblk1[36].mac_i  | mac_120 |         39 |         39 |       0 |    0 |    0 |      0 |      0 |            1 |
|   genblk1[37].mac_i  | mac_121 |         17 |         17 |       0 |    0 |    0 |      0 |      0 |            1 |
|   genblk1[38].mac_i  | mac_122 |         18 |         18 |       0 |    0 |    0 |      0 |      0 |            1 |
|   genblk1[39].mac_i  | mac_123 |         16 |         16 |       0 |    0 |    0 |      0 |      0 |            1 |
|   genblk1[3].mac_i   | mac_124 |         41 |         41 |       0 |    0 |    0 |      0 |      0 |            1 |
|   genblk1[40].mac_i  | mac_125 |         17 |         17 |       0 |    0 |    0 |      0 |      0 |            1 |
|   genblk1[41].mac_i  | mac_126 |         17 |         17 |       0 |    0 |    0 |      0 |      0 |            1 |
|   genblk1[42].mac_i  | mac_127 |         44 |         44 |       0 |    0 |    0 |      0 |      0 |            1 |
|   genblk1[43].mac_i  | mac_128 |         15 |         15 |       0 |    0 |    0 |      0 |      0 |            1 |
|   genblk1[44].mac_i  | mac_129 |         18 |         18 |       0 |    0 |    0 |      0 |      0 |            1 |
|   genblk1[45].mac_i  | mac_130 |         15 |         15 |       0 |    0 |    0 |      0 |      0 |            1 |
|   genblk1[46].mac_i  | mac_131 |         15 |         15 |       0 |    0 |    0 |      0 |      0 |            1 |
|   genblk1[47].mac_i  | mac_132 |         16 |         16 |       0 |    0 |    0 |      0 |      0 |            1 |
|   genblk1[48].mac_i  | mac_133 |         17 |         17 |       0 |    0 |    0 |      0 |      0 |            1 |
|   genblk1[49].mac_i  | mac_134 |         19 |         19 |       0 |    0 |    0 |      0 |      0 |            1 |
|   genblk1[4].mac_i   | mac_135 |         42 |         42 |       0 |    0 |    0 |      0 |      0 |            1 |
|   genblk1[50].mac_i  | mac_136 |         20 |         20 |       0 |    0 |    0 |      0 |      0 |            1 |
|   genblk1[51].mac_i  | mac_137 |         18 |         18 |       0 |    0 |    0 |      0 |      0 |            1 |
|   genblk1[52].mac_i  | mac_138 |         40 |         40 |       0 |    0 |    0 |      0 |      0 |            1 |
|   genblk1[53].mac_i  | mac_139 |         40 |         40 |       0 |    0 |    0 |      0 |      0 |            1 |
|   genblk1[54].mac_i  | mac_140 |         15 |         15 |       0 |    0 |    0 |      0 |      0 |            1 |
|   genblk1[55].mac_i  | mac_141 |         42 |         42 |       0 |    0 |    0 |      0 |      0 |            1 |
|   genblk1[56].mac_i  | mac_142 |         16 |         16 |       0 |    0 |    0 |      0 |      0 |            1 |
|   genblk1[57].mac_i  | mac_143 |         16 |         16 |       0 |    0 |    0 |      0 |      0 |            1 |
|   genblk1[58].mac_i  | mac_144 |         17 |         17 |       0 |    0 |    0 |      0 |      0 |            1 |
|   genblk1[59].mac_i  | mac_145 |         16 |         16 |       0 |    0 |    0 |      0 |      0 |            1 |
|   genblk1[5].mac_i   | mac_146 |         39 |         39 |       0 |    0 |    0 |      0 |      0 |            1 |
|   genblk1[60].mac_i  | mac_147 |         17 |         17 |       0 |    0 |    0 |      0 |      0 |            1 |
|   genblk1[61].mac_i  | mac_148 |         16 |         16 |       0 |    0 |    0 |      0 |      0 |            1 |
|   genblk1[62].mac_i  | mac_149 |         18 |         18 |       0 |    0 |    0 |      0 |      0 |            1 |
|   genblk1[63].mac_i  | mac_150 |         18 |         18 |       0 |    0 |    0 |      0 |      0 |            1 |
|   genblk1[64].mac_i  | mac_151 |         16 |         16 |       0 |    0 |    0 |      0 |      0 |            1 |
|   genblk1[65].mac_i  | mac_152 |         43 |         43 |       0 |    0 |    0 |      0 |      0 |            1 |
|   genblk1[66].mac_i  | mac_153 |         16 |         16 |       0 |    0 |    0 |      0 |      0 |            1 |
|   genblk1[67].mac_i  | mac_154 |         43 |         43 |       0 |    0 |    0 |      0 |      0 |            1 |
|   genblk1[68].mac_i  | mac_155 |         15 |         15 |       0 |    0 |    0 |      0 |      0 |            1 |
|   genblk1[69].mac_i  | mac_156 |         16 |         16 |       0 |    0 |    0 |      0 |      0 |            1 |
|   genblk1[6].mac_i   | mac_157 |         18 |         18 |       0 |    0 |    0 |      0 |      0 |            1 |
|   genblk1[70].mac_i  | mac_158 |         15 |         15 |       0 |    0 |    0 |      0 |      0 |            1 |
|   genblk1[71].mac_i  | mac_159 |         17 |         17 |       0 |    0 |    0 |      0 |      0 |            1 |
|   genblk1[72].mac_i  | mac_160 |         40 |         40 |       0 |    0 |    0 |      0 |      0 |            1 |
|   genblk1[73].mac_i  | mac_161 |         42 |         42 |       0 |    0 |    0 |      0 |      0 |            1 |
|   genblk1[74].mac_i  | mac_162 |         17 |         17 |       0 |    0 |    0 |      0 |      0 |            1 |
|   genblk1[75].mac_i  | mac_163 |         39 |         39 |       0 |    0 |    0 |      0 |      0 |            1 |
|   genblk1[76].mac_i  | mac_164 |         17 |         17 |       0 |    0 |    0 |      0 |      0 |            1 |
|   genblk1[77].mac_i  | mac_165 |         16 |         16 |       0 |    0 |    0 |      0 |      0 |            1 |
|   genblk1[78].mac_i  | mac_166 |         15 |         15 |       0 |    0 |    0 |      0 |      0 |            1 |
|   genblk1[79].mac_i  | mac_167 |         16 |         16 |       0 |    0 |    0 |      0 |      0 |            1 |
|   genblk1[7].mac_i   | mac_168 |         15 |         15 |       0 |    0 |    0 |      0 |      0 |            1 |
|   genblk1[80].mac_i  | mac_169 |         16 |         16 |       0 |    0 |    0 |      0 |      0 |            1 |
|   genblk1[81].mac_i  | mac_170 |         17 |         17 |       0 |    0 |    0 |      0 |      0 |            1 |
|   genblk1[82].mac_i  | mac_171 |         16 |         16 |       0 |    0 |    0 |      0 |      0 |            1 |
|   genblk1[83].mac_i  | mac_172 |         18 |         18 |       0 |    0 |    0 |      0 |      0 |            1 |
|   genblk1[84].mac_i  | mac_173 |         17 |         17 |       0 |    0 |    0 |      0 |      0 |            1 |
|   genblk1[85].mac_i  | mac_174 |         15 |         15 |       0 |    0 |    0 |      0 |      0 |            1 |
|   genblk1[86].mac_i  | mac_175 |         17 |         17 |       0 |    0 |    0 |      0 |      0 |            1 |
|   genblk1[87].mac_i  | mac_176 |         19 |         19 |       0 |    0 |    0 |      0 |      0 |            1 |
|   genblk1[88].mac_i  | mac_177 |         41 |         41 |       0 |    0 |    0 |      0 |      0 |            1 |
|   genblk1[89].mac_i  | mac_178 |         14 |         14 |       0 |    0 |    0 |      0 |      0 |            1 |
|   genblk1[8].mac_i   | mac_179 |         16 |         16 |       0 |    0 |    0 |      0 |      0 |            1 |
|   genblk1[90].mac_i  | mac_180 |         15 |         15 |       0 |    0 |    0 |      0 |      0 |            1 |
|   genblk1[91].mac_i  | mac_181 |         14 |         14 |       0 |    0 |    0 |      0 |      0 |            1 |
|   genblk1[92].mac_i  | mac_182 |         40 |         40 |       0 |    0 |    0 |      0 |      0 |            1 |
|   genblk1[93].mac_i  | mac_183 |         16 |         16 |       0 |    0 |    0 |      0 |      0 |            1 |
|   genblk1[94].mac_i  | mac_184 |         18 |         18 |       0 |    0 |    0 |      0 |      0 |            1 |
|   genblk1[95].mac_i  | mac_185 |         16 |         16 |       0 |    0 |    0 |      0 |      0 |            1 |
|   genblk1[96].mac_i  | mac_186 |         17 |         17 |       0 |    0 |    0 |      0 |      0 |            1 |
|   genblk1[97].mac_i  | mac_187 |         16 |         16 |       0 |    0 |    0 |      0 |      0 |            1 |
|   genblk1[98].mac_i  | mac_188 |         17 |         17 |       0 |    0 |    0 |      0 |      0 |            1 |
|   genblk1[99].mac_i  | mac_189 |         17 |         17 |       0 |    0 |    0 |      0 |      0 |            1 |
|   genblk1[9].mac_i   | mac_190 |         15 |         15 |       0 |    0 |    0 |      0 |      0 |            1 |
+----------------------+---------+------------+------------+---------+------+------+--------+--------+--------------+


