#-----------------------------------------------------------
# Vivado v2018.3 (64-bit)
# SW Build 2405991 on Thu Dec  6 23:36:41 MST 2018
# IP Build 2404404 on Fri Dec  7 01:43:56 MST 2018
# Start of session at: Mon Feb 24 23:01:42 2020
# Process ID: 15271
# Current directory: /home/gsaied/Desktop/old_rtl/fire7_expand1
# Command line: vivado -mode tcl -source synth.tcl
# Log file: /home/gsaied/Desktop/old_rtl/fire7_expand1/vivado.log
# Journal file: /home/gsaied/Desktop/old_rtl/fire7_expand1/vivado.jou
#-----------------------------------------------------------
source synth.tcl
# read_verilog -sv [ glob *.sv ] 
# create_fileset -constrset constr
# add_files -fileset constr expand1_fire7.xdc
# synth_design -top fire7_expand1 -part xc7vx690t -keep_equivalent_registers  -quiet -constrset constr
# write_checkpoint -force post_synth.dcp
Netlist sorting complete. Time (s): cpu = 00:00:00.01 ; elapsed = 00:00:00.01 . Memory (MB): peak = 2096.395 ; gain = 0.000 ; free physical = 222 ; free virtual = 2205
INFO: [Timing 38-480] Writing timing data to binary archive.
Netlist sorting complete. Time (s): cpu = 00:00:00.01 ; elapsed = 00:00:00 . Memory (MB): peak = 2128.410 ; gain = 0.000 ; free physical = 211 ; free virtual = 2205
INFO: [Common 17-1381] The checkpoint '/home/gsaied/Desktop/old_rtl/fire7_expand1/post_synth.dcp' has been generated.
# report_utilization -file utiliziation.rpt
# report_utilization -hierarchical -file hierarchical_utilization.rpt
# report_timing -max_paths 50 -file timing.rpt
INFO: [Timing 38-91] UpdateTimingParams: Speed grade: -3, Delay Type: max.
INFO: [Timing 38-191] Multithreading enabled for timing update using a maximum of 4 CPUs
WARNING: [Constraints 18-96] Setting input delay on a clock pin 'clk' is not supported, ignoring it [/home/gsaied/Desktop/old_rtl/fire7_expand1/expand1_fire7.xdc:2]
WARNING: [Constraints 18-96] Setting input delay on a clock pin 'clk' is not supported, ignoring it [/home/gsaied/Desktop/old_rtl/fire7_expand1/expand1_fire7.xdc:3]
INFO: [Timing 38-35] Done setting XDC timing constraints.
INFO: [Timing 38-78] ReportTimingParams: -max_paths 50 -nworst 1 -delay_type max -sort_by slack.
report_timing: Time (s): cpu = 00:00:18 ; elapsed = 00:00:13 . Memory (MB): peak = 2636.398 ; gain = 507.988 ; free physical = 123 ; free virtual = 1668
# report_design_analysis -file design.rpt
vi utiliziation.rpt 
WARNING: [Common 17-259] Unknown Tcl command 'vi utiliziation.rpt' sending command to the OS shell for execution. It is recommended to use 'exec' to send the command to the OS shell.
couldn't fork child process: not enough memory
vi utiliziation.rpt
WARNING: [Common 17-259] Unknown Tcl command 'vi utiliziation.rpt' sending command to the OS shell for execution. It is recommended to use 'exec' to send the command to the OS shell.
