Copyright 1986-2018 Xilinx, Inc. All Rights Reserved.
-------------------------------------------------------------------------------------
| Tool Version : Vivado v.2018.3 (lin64) Build 2405991 Thu Dec  6 23:36:41 MST 2018
| Date         : Sat Feb 29 03:41:43 2020
| Host         : GCS running 64-bit Ubuntu 18.04.4 LTS
| Command      : report_utilization -hierarchical -file hierarchical_utilization.rpt
| Design       : fire7_expand3
| Device       : 7vx690tffg1157-3
| Design State : Synthesized
-------------------------------------------------------------------------------------

Utilization Design Information

Table of Contents
-----------------
1. Utilization by Hierarchy

1. Utilization by Hierarchy
---------------------------

+---------------+--------+------------+------------+---------+------+------+--------+--------+--------------+
|    Instance   | Module | Total LUTs | Logic LUTs | LUTRAMs | SRLs |  FFs | RAMB36 | RAMB18 | DSP48 Blocks |
+---------------+--------+------------+------------+---------+------+------+--------+--------+--------------+
| fire7_expand3 |  (top) |      27898 |      27898 |       0 |    0 | 3515 |      0 |      0 |          192 |
+---------------+--------+------------+------------+---------+------+------+--------+--------+--------------+


