#-----------------------------------------------------------
# Vivado v2018.3 (64-bit)
# SW Build 2405991 on Thu Dec  6 23:36:41 MST 2018
# IP Build 2404404 on Fri Dec  7 01:43:56 MST 2018
# Start of session at: Fri Jan 17 20:22:23 2020
# Process ID: 13646
# Current directory: /home/gsaied/Desktop/verilog_rtl/fire6/expand3
# Command line: vivado -mode tcl -source synth.tcl
# Log file: /home/gsaied/Desktop/verilog_rtl/fire6/expand3/vivado.log
# Journal file: /home/gsaied/Desktop/verilog_rtl/fire6/expand3/vivado.jou
#-----------------------------------------------------------
source synth.tcl
# set dirt /home/gsaied/Desktop/verilog_rtl/fire6/expand3
# cd $dirt
# read_verilog -sv [ glob *.sv ] 
# synth_design -top  fire6_expand_3 -part xc7vx690t -keep_equivalent_registers  
Command: synth_design -top fire6_expand_3 -part xc7vx690t -keep_equivalent_registers
Starting synth_design
Attempting to get a license for feature 'Synthesis' and/or device 'xc7vx690t'
INFO: [Common 17-349] Got license for feature 'Synthesis' and/or device 'xc7vx690t'
INFO: Launching helper process for spawning children vivado processes
INFO: Helper process launched with PID 13661 
---------------------------------------------------------------------------------
Starting Synthesize : Time (s): cpu = 00:00:02 ; elapsed = 00:00:03 . Memory (MB): peak = 1426.637 ; gain = 92.000 ; free physical = 4016 ; free virtual = 6678
---------------------------------------------------------------------------------
INFO: [Synth 8-6157] synthesizing module 'fire6_expand_3' [/home/gsaied/Desktop/verilog_rtl/fire6/expand3/fire6_expand_3.sv:2]
	Parameter DSP_NO bound to: 256 - type: integer 
	Parameter W_IN bound to: 16 - type: integer 
	Parameter WIDTH bound to: 16 - type: integer 
	Parameter CHIN bound to: 64 - type: integer 
	Parameter KERNEL_DIM bound to: 3 - type: integer 
ERROR: [Synth 8-439] module 'mac' not found [/home/gsaied/Desktop/verilog_rtl/fire6/expand3/fire6_expand_3.sv:87]
ERROR: [Synth 8-196] conditional expression could not be resolved to a constant [/home/gsaied/Desktop/verilog_rtl/fire6/expand3/fire6_expand_3.sv:86]
ERROR: [Synth 8-6156] failed synthesizing module 'fire6_expand_3' [/home/gsaied/Desktop/verilog_rtl/fire6/expand3/fire6_expand_3.sv:2]
---------------------------------------------------------------------------------
Finished Synthesize : Time (s): cpu = 00:00:03 ; elapsed = 00:00:04 . Memory (MB): peak = 1472.387 ; gain = 137.750 ; free physical = 4023 ; free virtual = 6690
---------------------------------------------------------------------------------
synthesize failed
INFO: [Common 17-83] Releasing license: Synthesis
3 Infos, 0 Warnings, 0 Critical Warnings and 4 Errors encountered.
synth_design failed
ERROR: [Common 17-69] Command failed: Vivado Synthesis failed
cp ../expand1/mac.sv .
WARNING: [Common 17-259] Unknown Tcl command 'cp ../expand1/mac.sv .' sending command to the OS shell for execution. It is recommended to use 'exec' to send the command to the OS shell.
INFO: [Common 17-206] Exiting Vivado at Fri Jan 17 20:23:28 2020...
