Copyright 1986-2018 Xilinx, Inc. All Rights Reserved.
-------------------------------------------------------------------------------------
| Tool Version : Vivado v.2018.3 (lin64) Build 2405991 Thu Dec  6 23:36:41 MST 2018
| Date         : Mon Mar 16 14:28:29 2020
| Host         : GCS running 64-bit Ubuntu 18.04.4 LTS
| Command      : report_utilization -hierarchical -file hierarchical_utilization.rpt
| Design       : fire4_5_expand_3
| Device       : 7vx690tffg1157-3
| Design State : Synthesized
-------------------------------------------------------------------------------------

Utilization Design Information

Table of Contents
-----------------
1. Utilization by Hierarchy

1. Utilization by Hierarchy
---------------------------

+----------------------+-------------------+------------+------------+---------+------+------+--------+--------+--------------+
|       Instance       |       Module      | Total LUTs | Logic LUTs | LUTRAMs | SRLs |  FFs | RAMB36 | RAMB18 | DSP48 Blocks |
+----------------------+-------------------+------------+------------+---------+------+------+--------+--------+--------------+
| fire4_5_expand_3     |             (top) |      20872 |      20872 |       0 |    0 | 3244 |      0 |      0 |          128 |
|   (fire4_5_expand_3) |             (top) |        126 |        126 |       0 |    0 | 3244 |      0 |      0 |            0 |
|   genblk1[0].mac_i   |               mac |         86 |         86 |       0 |    0 |    0 |      0 |      0 |            1 |
|   genblk1[100].mac_i |             mac_0 |         63 |         63 |       0 |    0 |    0 |      0 |      0 |            1 |
|   genblk1[101].mac_i |             mac_1 |         59 |         59 |       0 |    0 |    0 |      0 |      0 |            1 |
|   genblk1[102].mac_i |             mac_2 |         58 |         58 |       0 |    0 |    0 |      0 |      0 |            1 |
|   genblk1[103].mac_i |             mac_3 |        156 |        156 |       0 |    0 |    0 |      0 |      0 |            1 |
|   genblk1[104].mac_i |             mac_4 |         86 |         86 |       0 |    0 |    0 |      0 |      0 |            1 |
|   genblk1[105].mac_i |             mac_5 |         61 |         61 |       0 |    0 |    0 |      0 |      0 |            1 |
|   genblk1[106].mac_i |             mac_6 |         62 |         62 |       0 |    0 |    0 |      0 |      0 |            1 |
|   genblk1[107].mac_i |             mac_7 |         89 |         89 |       0 |    0 |    0 |      0 |      0 |            1 |
|   genblk1[108].mac_i |             mac_8 |         87 |         87 |       0 |    0 |    0 |      0 |      0 |            1 |
|   genblk1[109].mac_i |             mac_9 |         87 |         87 |       0 |    0 |    0 |      0 |      0 |            1 |
|   genblk1[10].mac_i  |            mac_10 |         88 |         88 |       0 |    0 |    0 |      0 |      0 |            1 |
|   genblk1[110].mac_i |            mac_11 |         82 |         82 |       0 |    0 |    0 |      0 |      0 |            1 |
|   genblk1[111].mac_i |            mac_12 |         36 |         36 |       0 |    0 |    0 |      0 |      0 |            1 |
|   genblk1[112].mac_i |            mac_13 |         62 |         62 |       0 |    0 |    0 |      0 |      0 |            1 |
|   genblk1[113].mac_i |            mac_14 |        160 |        160 |       0 |    0 |    0 |      0 |      0 |            1 |
|   genblk1[114].mac_i |            mac_15 |         62 |         62 |       0 |    0 |    0 |      0 |      0 |            1 |
|   genblk1[115].mac_i |            mac_16 |         86 |         86 |       0 |    0 |    0 |      0 |      0 |            1 |
|   genblk1[116].mac_i |            mac_17 |         63 |         63 |       0 |    0 |    0 |      0 |      0 |            1 |
|   genblk1[117].mac_i |            mac_18 |         86 |         86 |       0 |    0 |    0 |      0 |      0 |            1 |
|   genblk1[118].mac_i |            mac_19 |         59 |         59 |       0 |    0 |    0 |      0 |      0 |            1 |
|   genblk1[119].mac_i |            mac_20 |         63 |         63 |       0 |    0 |    0 |      0 |      0 |            1 |
|   genblk1[11].mac_i  |            mac_21 |         60 |         60 |       0 |    0 |    0 |      0 |      0 |            1 |
|   genblk1[120].mac_i |            mac_22 |         90 |         90 |       0 |    0 |    0 |      0 |      0 |            1 |
|   genblk1[121].mac_i |            mac_23 |         89 |         89 |       0 |    0 |    0 |      0 |      0 |            1 |
|   genblk1[122].mac_i |            mac_24 |         87 |         87 |       0 |    0 |    0 |      0 |      0 |            1 |
|   genblk1[123].mac_i |            mac_25 |         85 |         85 |       0 |    0 |    0 |      0 |      0 |            1 |
|   genblk1[124].mac_i |            mac_26 |         63 |         63 |       0 |    0 |    0 |      0 |      0 |            1 |
|   genblk1[125].mac_i |            mac_27 |         62 |         62 |       0 |    0 |    0 |      0 |      0 |            1 |
|   genblk1[126].mac_i |            mac_28 |         58 |         58 |       0 |    0 |    0 |      0 |      0 |            1 |
|   genblk1[127].mac_i |            mac_29 |         91 |         91 |       0 |    0 |    0 |      0 |      0 |            1 |
|   genblk1[12].mac_i  |            mac_30 |         89 |         89 |       0 |    0 |    0 |      0 |      0 |            1 |
|   genblk1[13].mac_i  |            mac_31 |         85 |         85 |       0 |    0 |    0 |      0 |      0 |            1 |
|   genblk1[14].mac_i  |            mac_32 |         89 |         89 |       0 |    0 |    0 |      0 |      0 |            1 |
|   genblk1[15].mac_i  |            mac_33 |         88 |         88 |       0 |    0 |    0 |      0 |      0 |            1 |
|   genblk1[16].mac_i  |            mac_34 |         64 |         64 |       0 |    0 |    0 |      0 |      0 |            1 |
|   genblk1[17].mac_i  |            mac_35 |         90 |         90 |       0 |    0 |    0 |      0 |      0 |            1 |
|   genblk1[18].mac_i  |            mac_36 |         62 |         62 |       0 |    0 |    0 |      0 |      0 |            1 |
|   genblk1[19].mac_i  |            mac_37 |         61 |         61 |       0 |    0 |    0 |      0 |      0 |            1 |
|   genblk1[1].mac_i   |            mac_38 |         63 |         63 |       0 |    0 |    0 |      0 |      0 |            1 |
|   genblk1[20].mac_i  |            mac_39 |         87 |         87 |       0 |    0 |    0 |      0 |      0 |            1 |
|   genblk1[21].mac_i  |            mac_40 |         85 |         85 |       0 |    0 |    0 |      0 |      0 |            1 |
|   genblk1[22].mac_i  |            mac_41 |         84 |         84 |       0 |    0 |    0 |      0 |      0 |            1 |
|   genblk1[23].mac_i  |            mac_42 |         55 |         55 |       0 |    0 |    0 |      0 |      0 |            1 |
|   genblk1[24].mac_i  |            mac_43 |         87 |         87 |       0 |    0 |    0 |      0 |      0 |            1 |
|   genblk1[25].mac_i  |            mac_44 |         86 |         86 |       0 |    0 |    0 |      0 |      0 |            1 |
|   genblk1[26].mac_i  |            mac_45 |         85 |         85 |       0 |    0 |    0 |      0 |      0 |            1 |
|   genblk1[27].mac_i  |            mac_46 |        147 |        147 |       0 |    0 |    0 |      0 |      0 |            1 |
|   genblk1[28].mac_i  |            mac_47 |         90 |         90 |       0 |    0 |    0 |      0 |      0 |            1 |
|   genblk1[29].mac_i  |            mac_48 |         86 |         86 |       0 |    0 |    0 |      0 |      0 |            1 |
|   genblk1[2].mac_i   |            mac_49 |         86 |         86 |       0 |    0 |    0 |      0 |      0 |            1 |
|   genblk1[30].mac_i  |            mac_50 |         85 |         85 |       0 |    0 |    0 |      0 |      0 |            1 |
|   genblk1[31].mac_i  |            mac_51 |         88 |         88 |       0 |    0 |    0 |      0 |      0 |            1 |
|   genblk1[32].mac_i  |            mac_52 |         90 |         90 |       0 |    0 |    0 |      0 |      0 |            1 |
|   genblk1[33].mac_i  |            mac_53 |         37 |         37 |       0 |    0 |    0 |      0 |      0 |            1 |
|   genblk1[34].mac_i  |            mac_54 |         85 |         85 |       0 |    0 |    0 |      0 |      0 |            1 |
|   genblk1[35].mac_i  |            mac_55 |         62 |         62 |       0 |    0 |    0 |      0 |      0 |            1 |
|   genblk1[36].mac_i  |            mac_56 |         87 |         87 |       0 |    0 |    0 |      0 |      0 |            1 |
|   genblk1[37].mac_i  |            mac_57 |         12 |         12 |       0 |    0 |    0 |      0 |      0 |            1 |
|   genblk1[38].mac_i  |            mac_58 |         61 |         61 |       0 |    0 |    0 |      0 |      0 |            1 |
|   genblk1[39].mac_i  |            mac_59 |         90 |         90 |       0 |    0 |    0 |      0 |      0 |            1 |
|   genblk1[3].mac_i   |            mac_60 |         65 |         65 |       0 |    0 |    0 |      0 |      0 |            1 |
|   genblk1[40].mac_i  |            mac_61 |         63 |         63 |       0 |    0 |    0 |      0 |      0 |            1 |
|   genblk1[41].mac_i  |            mac_62 |         89 |         89 |       0 |    0 |    0 |      0 |      0 |            1 |
|   genblk1[42].mac_i  |            mac_63 |         85 |         85 |       0 |    0 |    0 |      0 |      0 |            1 |
|   genblk1[43].mac_i  |            mac_64 |         60 |         60 |       0 |    0 |    0 |      0 |      0 |            1 |
|   genblk1[44].mac_i  |            mac_65 |         90 |         90 |       0 |    0 |    0 |      0 |      0 |            1 |
|   genblk1[45].mac_i  |            mac_66 |         93 |         93 |       0 |    0 |    0 |      0 |      0 |            1 |
|   genblk1[46].mac_i  |            mac_67 |         58 |         58 |       0 |    0 |    0 |      0 |      0 |            1 |
|   genblk1[47].mac_i  |            mac_68 |         62 |         62 |       0 |    0 |    0 |      0 |      0 |            1 |
|   genblk1[48].mac_i  |            mac_69 |         85 |         85 |       0 |    0 |    0 |      0 |      0 |            1 |
|   genblk1[49].mac_i  |            mac_70 |         87 |         87 |       0 |    0 |    0 |      0 |      0 |            1 |
|   genblk1[4].mac_i   |            mac_71 |         59 |         59 |       0 |    0 |    0 |      0 |      0 |            1 |
|   genblk1[50].mac_i  |            mac_72 |         85 |         85 |       0 |    0 |    0 |      0 |      0 |            1 |
|   genblk1[51].mac_i  |            mac_73 |         61 |         61 |       0 |    0 |    0 |      0 |      0 |            1 |
|   genblk1[52].mac_i  |            mac_74 |         61 |         61 |       0 |    0 |    0 |      0 |      0 |            1 |
|   genblk1[53].mac_i  |            mac_75 |         90 |         90 |       0 |    0 |    0 |      0 |      0 |            1 |
|   genblk1[54].mac_i  |            mac_76 |         62 |         62 |       0 |    0 |    0 |      0 |      0 |            1 |
|   genblk1[55].mac_i  |            mac_77 |         64 |         64 |       0 |    0 |    0 |      0 |      0 |            1 |
|   genblk1[56].mac_i  |            mac_78 |         86 |         86 |       0 |    0 |    0 |      0 |      0 |            1 |
|   genblk1[57].mac_i  |            mac_79 |         87 |         87 |       0 |    0 |    0 |      0 |      0 |            1 |
|   genblk1[58].mac_i  |            mac_80 |         62 |         62 |       0 |    0 |    0 |      0 |      0 |            1 |
|   genblk1[59].mac_i  |            mac_81 |         88 |         88 |       0 |    0 |    0 |      0 |      0 |            1 |
|   genblk1[5].mac_i   |            mac_82 |         88 |         88 |       0 |    0 |    0 |      0 |      0 |            1 |
|   genblk1[60].mac_i  |            mac_83 |         88 |         88 |       0 |    0 |    0 |      0 |      0 |            1 |
|   genblk1[61].mac_i  |            mac_84 |         89 |         89 |       0 |    0 |    0 |      0 |      0 |            1 |
|   genblk1[62].mac_i  |            mac_85 |         91 |         91 |       0 |    0 |    0 |      0 |      0 |            1 |
|   genblk1[63].mac_i  |            mac_86 |         87 |         87 |       0 |    0 |    0 |      0 |      0 |            1 |
|   genblk1[64].mac_i  |            mac_87 |         90 |         90 |       0 |    0 |    0 |      0 |      0 |            1 |
|   genblk1[65].mac_i  |            mac_88 |         88 |         88 |       0 |    0 |    0 |      0 |      0 |            1 |
|   genblk1[66].mac_i  |            mac_89 |         65 |         65 |       0 |    0 |    0 |      0 |      0 |            1 |
|   genblk1[67].mac_i  |            mac_90 |         60 |         60 |       0 |    0 |    0 |      0 |      0 |            1 |
|   genblk1[68].mac_i  |            mac_91 |         86 |         86 |       0 |    0 |    0 |      0 |      0 |            1 |
|   genblk1[69].mac_i  |            mac_92 |         63 |         63 |       0 |    0 |    0 |      0 |      0 |            1 |
|   genblk1[6].mac_i   |            mac_93 |         86 |         86 |       0 |    0 |    0 |      0 |      0 |            1 |
|   genblk1[70].mac_i  |            mac_94 |         84 |         84 |       0 |    0 |    0 |      0 |      0 |            1 |
|   genblk1[71].mac_i  |            mac_95 |         61 |         61 |       0 |    0 |    0 |      0 |      0 |            1 |
|   genblk1[72].mac_i  |            mac_96 |        156 |        156 |       0 |    0 |    0 |      0 |      0 |            1 |
|   genblk1[73].mac_i  |            mac_97 |         86 |         86 |       0 |    0 |    0 |      0 |      0 |            1 |
|   genblk1[74].mac_i  |            mac_98 |         86 |         86 |       0 |    0 |    0 |      0 |      0 |            1 |
|   genblk1[75].mac_i  |            mac_99 |         37 |         37 |       0 |    0 |    0 |      0 |      0 |            1 |
|   genblk1[76].mac_i  |           mac_100 |         83 |         83 |       0 |    0 |    0 |      0 |      0 |            1 |
|   genblk1[77].mac_i  |           mac_101 |         88 |         88 |       0 |    0 |    0 |      0 |      0 |            1 |
|   genblk1[78].mac_i  |           mac_102 |         61 |         61 |       0 |    0 |    0 |      0 |      0 |            1 |
|   genblk1[79].mac_i  |           mac_103 |         85 |         85 |       0 |    0 |    0 |      0 |      0 |            1 |
|   genblk1[7].mac_i   |           mac_104 |        155 |        155 |       0 |    0 |    0 |      0 |      0 |            1 |
|   genblk1[80].mac_i  |           mac_105 |         88 |         88 |       0 |    0 |    0 |      0 |      0 |            1 |
|   genblk1[81].mac_i  |           mac_106 |         58 |         58 |       0 |    0 |    0 |      0 |      0 |            1 |
|   genblk1[82].mac_i  |           mac_107 |         88 |         88 |       0 |    0 |    0 |      0 |      0 |            1 |
|   genblk1[83].mac_i  |           mac_108 |         86 |         86 |       0 |    0 |    0 |      0 |      0 |            1 |
|   genblk1[84].mac_i  |           mac_109 |         90 |         90 |       0 |    0 |    0 |      0 |      0 |            1 |
|   genblk1[85].mac_i  |           mac_110 |         91 |         91 |       0 |    0 |    0 |      0 |      0 |            1 |
|   genblk1[86].mac_i  |           mac_111 |         63 |         63 |       0 |    0 |    0 |      0 |      0 |            1 |
|   genblk1[87].mac_i  |           mac_112 |         85 |         85 |       0 |    0 |    0 |      0 |      0 |            1 |
|   genblk1[88].mac_i  |           mac_113 |         85 |         85 |       0 |    0 |    0 |      0 |      0 |            1 |
|   genblk1[89].mac_i  |           mac_114 |         90 |         90 |       0 |    0 |    0 |      0 |      0 |            1 |
|   genblk1[8].mac_i   |           mac_115 |         83 |         83 |       0 |    0 |    0 |      0 |      0 |            1 |
|   genblk1[90].mac_i  |           mac_116 |         64 |         64 |       0 |    0 |    0 |      0 |      0 |            1 |
|   genblk1[91].mac_i  |           mac_117 |         86 |         86 |       0 |    0 |    0 |      0 |      0 |            1 |
|   genblk1[92].mac_i  |           mac_118 |         61 |         61 |       0 |    0 |    0 |      0 |      0 |            1 |
|   genblk1[93].mac_i  |           mac_119 |         85 |         85 |       0 |    0 |    0 |      0 |      0 |            1 |
|   genblk1[94].mac_i  |           mac_120 |         89 |         89 |       0 |    0 |    0 |      0 |      0 |            1 |
|   genblk1[95].mac_i  |           mac_121 |         64 |         64 |       0 |    0 |    0 |      0 |      0 |            1 |
|   genblk1[96].mac_i  |           mac_122 |         88 |         88 |       0 |    0 |    0 |      0 |      0 |            1 |
|   genblk1[97].mac_i  |           mac_123 |         61 |         61 |       0 |    0 |    0 |      0 |      0 |            1 |
|   genblk1[98].mac_i  |           mac_124 |         62 |         62 |       0 |    0 |    0 |      0 |      0 |            1 |
|   genblk1[99].mac_i  |           mac_125 |        157 |        157 |       0 |    0 |    0 |      0 |      0 |            1 |
|   genblk1[9].mac_i   |           mac_126 |         89 |         89 |       0 |    0 |    0 |      0 |      0 |            1 |
|   u_2                | wrapper_rom_fire4 |      10047 |      10047 |       0 |    0 |    0 |      0 |      0 |            0 |
|     (u_2)            | wrapper_rom_fire4 |       9818 |       9818 |       0 |    0 |    0 |      0 |      0 |            0 |
|     u1               | rom_fire4_expand3 |        229 |        229 |       0 |    0 |    0 |      0 |      0 |            0 |
|   u_3                | wrapper_rom_fire5 |        489 |        489 |       0 |    0 |    0 |      0 |      0 |            0 |
|     u1               | rom_fire5_expand3 |        489 |        489 |       0 |    0 |    0 |      0 |      0 |            0 |
+----------------------+-------------------+------------+------------+---------+------+------+--------+--------+--------------+


