#-----------------------------------------------------------
# Vivado v2018.3 (64-bit)
# SW Build 2405991 on Thu Dec  6 23:36:41 MST 2018
# IP Build 2404404 on Fri Dec  7 01:43:56 MST 2018
# Start of session at: Mon Mar 16 22:32:58 2020
# Process ID: 6430
# Current directory: /home/gsaied/Desktop/old_rtl/scripts/flows
# Command line: vivado -mode tcl
# Log file: /home/gsaied/Desktop/old_rtl/scripts/flows/vivado.log
# Journal file: /home/gsaied/Desktop/old_rtl/scripts/flows/vivado.jou
#-----------------------------------------------------------
[get_property NAME [get_filesets constr]]
WARNING: [Vivado 12-1022] No filesets matching 'constr'
ERROR: [Common 17-161] Invalid option value '' specified for 'object'.
read_verilog ../../conv1/conv1.sv
/home/gsaied/Desktop/old_rtl/conv1/conv1.sv
create_fileset constr
constr
create_fileset constr2
constr2
get_filesets -regexp const
WARNING: [Vivado 12-1022] No filesets matching 'const'
get_filesets -regexp const*
WARNING: [Vivado 12-1022] No filesets matching 'const*'
get_filesets -regexp c.*
constrs_1 constr constr2
get_filesets -regexp c*
WARNING: [Vivado 12-1022] No filesets matching 'c*'
get_filesets -regexp const*
WARNING: [Vivado 12-1022] No filesets matching 'const*'
get_filesets -regexp constr*
constr
get_filesets -regexp const..
constr2
get_filesets -regexp const.
constr
get_filesets -regexp const.?
constr
get_filesets -regexp const.*
constrs_1 constr constr2
get_filesets c.*
WARNING: [Vivado 12-1022] No filesets matching 'c.*'
get_filesets -regexp c.*
constrs_1 constr constr2
get_filesets -regexp c.* -filter {constr2}
get_filesets -regexp c.* -filter {constr}
get_filesets -regexp c.* -filter {const}
get_filesets -regexp c.* -filter {const*}
ERROR: [Common 17-263] There was a syntax error while parsing filter expression: 'const*' at position '5'
get_filesets -regexp c.* -filter {IS_PRIMITIVE}
get_filesets de
WARNING: [Vivado 12-1022] No filesets matching 'de'
[get_property NAME [get_filestes -regexp constr]]
invalid command name "get_filestes"
[get_property NAME [get_filesets -regexp constr]]
invalid command name "constr"
[get_property NAME [get_filesets -regexp constr ]]
invalid command name "constr"
[get_property NAME [get_filesets  constr]]
invalid command name "constr"
[get_filesets constr]
invalid command name "constr"
get_filesets constr
constr
get_property NAME [get_filesets  constr]
constr
if {get_property NAME [get_filesets  constr]} {puts "1"}
invalid bareword "get_property"
in expression "get_property NAME [get_filesets  c...";
should be "$get_property" or "{get_property}" or "get_property(...)" or ...
if {[get_property NAME [get_filesets  constr]]} {puts "1"}
expected boolean value but got "constr"
if {[get_property NAME [get_filesets  constr]] == "constr" } {puts "1"}
1
if {[get_property NAME [get_filesets  constr]] == "constr3" } {puts "1"}
vi po
WARNING: [Common 17-259] Unknown Tcl command 'vi po' sending command to the OS shell for execution. It is recommended to use 'exec' to send the command to the OS shell.
get_property NAME [get_filesets constr]
constr
get_filesets constr
constr
if {[get_filesets constr]} {puts "1"}
expected boolean value but got "constr"
if {[get_filesets constr] -filter {IS_TRUE}} {puts "1"}
invalid bareword "filter"
in expression "[get_filesets constr] -filter {IS_TRUE}";
should be "$filter" or "{filter}" or "filter(...)" or ...
if {[get_filesets constr -filter {IS_TRUE}]} {puts "1"}
expected boolean value but got ""
if {[get_filesets constr -filter {IS_TRUE}]} {puts "1"}
expected boolean value but got ""
if {[get_filesets constr -filter {IS_TRUE} ]} {puts "1"}
expected boolean value but got ""
if {[get_filesets -filter {IS_TRUE} constr ]} {puts "1"}
expected boolean value but got ""
if {[get_filesets -filter {EXIST} constr ]} {puts "1"}
expected boolean value but got ""
if {[get_filesets constr] == "constr"} {puts "1"}
1
if {[get_filesets constr] == "constr"} {puts "1"} else { puts "2"}
1
if {[get_filesets constr] == "constrd"} {puts "1"} else { puts "2"}
2
source ../flows/aya.tcl 
# if {[get_filesets constr] == "constr" } {
# 	puts "Constraints fileset exists, continuing.." }
Constraints fileset exists, continuing..
# else {
# 	puts "Creating Constraints fileset"
# 	create_fileset -constrset constr
# 	add_files -fileset constr temp.xdc
# }
invalid command name "else"
    while executing
"else {
	puts "Creating Constraints fileset"
	create_fileset -constrset constr
	add_files -fileset constr temp.xdc
}"
    (file "../flows/aya.tcl" line 3)
source ../flows/aya.tcl
# if {[get_filesets constr] == "constr" } {
# 	puts "Constraints fileset exists, continuing.." } else {
# 	puts "Creating Constraints fileset"
# 	create_fileset -constrset constr
# 	add_files -fileset constr temp.xdc
# }
Constraints fileset exists, continuing..
# set_param synth.elaboration.rodinMoreOptions "rt::set_parameter var_size_limit 4194304"
rt::set_parameter var_size_limit 4194304
vi pop
WARNING: [Common 17-259] Unknown Tcl command 'vi pop' sending command to the OS shell for execution. It is recommended to use 'exec' to send the command to the OS shell.
source pop
# set name aa
can't read "name_2": no such variable
    while executing
"puts $name_2 "
    (file "pop" line 2)
vi po
WARNING: [Common 17-259] Unknown Tcl command 'vi po' sending command to the OS shell for execution. It is recommended to use 'exec' to send the command to the OS shell.
vi po
WARNING: [Common 17-259] Unknown Tcl command 'vi po' sending command to the OS shell for execution. It is recommended to use 'exec' to send the command to the OS shell.
rm po
WARNING: [Common 17-259] Unknown Tcl command 'rm po' sending command to the OS shell for execution. It is recommended to use 'exec' to send the command to the OS shell.
WARNING: [Common 17-259] Unknown Tcl command 'vi pop' sending command to the OS shell for execution. It is recommended to use 'exec' to send the command to the OS shell.
source pop
# set name aa
extra characters after close-quote
    while executing
"puts "$name"_2 ;
"
    (file "pop" line 2)
vi pop
WARNING: [Common 17-259] Unknown Tcl command 'vi pop' sending command to the OS shell for execution. It is recommended to use 'exec' to send the command to the OS shell.
source pop
# set name aa
# puts "$name" ;
aa
vi pop
WARNING: [Common 17-259] Unknown Tcl command 'vi pop' sending command to the OS shell for execution. It is recommended to use 'exec' to send the command to the OS shell.
source pop
# set name aa
extra characters after close-quote
    while executing
"puts "$name"+"asd" ;
"
    (file "pop" line 2)
vi pop
WARNING: [Common 17-259] Unknown Tcl command 'vi pop' sending command to the OS shell for execution. It is recommended to use 'exec' to send the command to the OS shell.
source pop
# set name aa
can't read "name_asd": no such variable
    while executing
"puts "$name_asd" "
    (file "pop" line 2)
vi pop
WARNING: [Common 17-259] Unknown Tcl command 'vi pop' sending command to the OS shell for execution. It is recommended to use 'exec' to send the command to the OS shell.
source pop 
# set name aa
extra characters after close-quote
    while executing
"puts ""$name"_asd" ;
"
    (file "pop" line 2)
vi pop
WARNING: [Common 17-259] Unknown Tcl command 'vi pop' sending command to the OS shell for execution. It is recommended to use 'exec' to send the command to the OS shell.
source pop 
# set name aa
can't read "name_asd": no such variable
    while executing
"$name_asd"
    invoked from within
"puts [$name_asd] "
    (file "pop" line 2)
vi pop 
WARNING: [Common 17-259] Unknown Tcl command 'vi pop' sending command to the OS shell for execution. It is recommended to use 'exec' to send the command to the OS shell.
source pop
# set name aa
extra characters after close-quote
    while executing
"puts ["$name"_asd] ;
"
    (file "pop" line 2)
vi pop 
WARNING: [Common 17-259] Unknown Tcl command 'vi pop' sending command to the OS shell for execution. It is recommended to use 'exec' to send the command to the OS shell.
