#-----------------------------------------------------------
# Vivado v2018.3 (64-bit)
# SW Build 2405991 on Thu Dec  6 23:36:41 MST 2018
# IP Build 2404404 on Fri Dec  7 01:43:56 MST 2018
# Start of session at: Mon Mar 16 22:18:08 2020
# Process ID: 6272
# Current directory: /home/gsaied/Desktop/old_rtl/scripts/flows
# Command line: vivado -mode tcl
# Log file: /home/gsaied/Desktop/old_rtl/scripts/flows/vivado.log
# Journal file: /home/gsaied/Desktop/old_rtl/scripts/flows/vivado.jou
#-----------------------------------------------------------
create_fileset st
ERROR: [Common 17-53] User Exception: No open project. Please create or open a project before executing this command.
read_verilog ../../conv1/conv1.sv
/home/gsaied/Desktop/old_rtl/conv1/conv1.sv
current_fileset 
sources_1
create_fileset st
st
current_fileset 
sources_1
get_property NAME [current_fileset]
sources_1
get_property NAME [all_filesets]
invalid command name "all_filesets"
read_xdc -fileset st ../../conv1/temp.xdc 
ERROR: [Common 17-170] Unknown option '-fileset', please type 'read_xdc -help' for usage info.
vi ../synth.tcl 
WARNING: [Common 17-259] Unknown Tcl command 'vi ../synth.tcl' sending command to the OS shell for execution. It is recommended to use 'exec' to send the command to the OS shell.
child process exited abnormally
add_files -fileset st ../../conv1/temp.xdc 
/home/gsaied/Desktop/old_rtl/conv1/temp.xdc
current_fileset -constrset
constrs_1
get_filesets vivado
WARNING: [Vivado 12-1022] No filesets matching 'vivado'
get_filesets 
sources_1 constrs_1 sim_1 utils_1 st
get_filesets -filter s*
ERROR: [Common 17-263] There was a syntax error while parsing filter expression: 's*' at position '1'
get_filesets -regexp s*
WARNING: [Vivado 12-1022] No filesets matching 's*'
get_filesets -regexp s.
st
create_fileset constr
constr
get_filesets -regexp constr
constr
if {1}{ puts "1" }
extra characters after close-brace
if {1} { puts "1" }
1
if {[get_fileset -regexp constr]} { puts "1" }
expected boolean value but got "constr"
list_property
ERROR: [Common 17-56] 'list_property' expects exactly one object got '0'.
list_property [current_fileset]
CLASS DESIGN_MODE EDIF_EXTRA_SEARCH_PATHS ELAB_LINK_DCPS ELAB_LOAD_TIMING_CONSTRAINTS FILESET_TYPE GENERIC INCLUDE_DIRS LIB_MAP_FILE LOOP_COUNT NAME NEEDS_REFRESH TOP VERILOG_DEFINE VERILOG_UPPERCASE VERILOG_VERSION VHDL_VERSION
list_property [get_fileset]
ERROR: [Common 17-56] 'list_property' expects exactly one object got '6'.
list_property [get_filesets]
ERROR: [Common 17-56] 'list_property' expects exactly one object got '6'.
list_property [get_filesets constr]
CLASS CONSTRS_TYPE FILESET_TYPE NAME NEEDS_REFRESH TARGET_CONSTRS_FILE TARGET_PART
[get_property NAME [get_filesets constr] == constr ]
ERROR: [Common 17-165] Too many positional options when parsing 'constr', please type 'get_property -help' for usage info.
if {[get_property NAME [get_filesets constr] == "constr" ]} {puts "1"}
ERROR: [Common 17-165] Too many positional options when parsing 'constr', please type 'get_property -help' for usage info.
get_filesets constr
constr
