Copyright 1986-2018 Xilinx, Inc. All Rights Reserved.
------------------------------------------------------------------------------------
| Tool Version : Vivado v.2018.3 (lin64) Build 2405991 Thu Dec  6 23:36:41 MST 2018
| Date         : Sat Mar 14 15:43:57 2020
| Host         : GCS running 64-bit unknown
| Command      : report_timing -file final_slack.rpt
| Design       : fire2_3_expand_3
| Device       : 7vx690t-ffg1157
| Speed File   : -3  PRODUCTION 1.11 2014-09-11
------------------------------------------------------------------------------------

Timing Report

Slack (VIOLATED) :        -0.911ns  (required time - arrival time)
  Source:                 fire2_expand_3_en_reg_rep__9_replica/C
                            (rising edge-triggered cell FDRE clocked by clk  {rise@0.000ns fall@1.600ns period=3.200ns})
  Destination:            genblk1[20].mac_i/mul_out_reg/A[9]
                            (rising edge-triggered cell DSP48E1 clocked by clk  {rise@0.000ns fall@1.600ns period=3.200ns})
  Path Group:             clk
  Path Type:              Setup (Max at Slow Process Corner)
  Requirement:            3.200ns  (clk rise@3.200ns - clk rise@0.000ns)
  Data Path Delay:        1.730ns  (logic 0.259ns (14.972%)  route 1.471ns (85.028%))
  Logic Levels:           1  (LUT3=1)
  Clock Path Skew:        -0.025ns (DCD - SCD + CPR)
    Destination Clock Delay (DCD):    0.483ns = ( 3.683 - 3.200 ) 
    Source Clock Delay      (SCD):    0.508ns
    Clock Pessimism Removal (CPR):    0.000ns
  Clock Uncertainty:      0.035ns  ((TSJ^2 + TIJ^2)^1/2 + DJ) / 2 + PE
    Total System Jitter     (TSJ):    0.071ns
    Total Input Jitter      (TIJ):    0.000ns
    Discrete Jitter          (DJ):    0.000ns
    Phase Error              (PE):    0.000ns

    Location             Delay type                Incr(ns)  Path(ns)    Netlist Resource(s)
  -------------------------------------------------------------------    -------------------
                         (clock clk rise edge)        0.000     0.000 r  
                                                      0.000     0.000 r  clk (IN)
                         net (fo=3389, unset)         0.508     0.508    clk
    SLICE_X51Y55         FDRE                                         r  fire2_expand_3_en_reg_rep__9_replica/C
  -------------------------------------------------------------------    -------------------
    SLICE_X51Y55         FDRE (Prop_fdre_C_Q)         0.216     0.724 r  fire2_expand_3_en_reg_rep__9_replica/Q
                         net (fo=33, routed)          0.431     1.155    genblk1[41].mac_i/fire2_expand_3_en_reg_rep__9_n_0_repN_alias
    SLICE_X48Y53         LUT3 (Prop_lut3_I2_O)        0.043     1.198 r  genblk1[41].mac_i/mul_out_reg_i_23__38_replica_3/O
                         net (fo=1, routed)           1.040     2.238    genblk1[20].mac_i/ifm_2_reg[14][9]_repN_3_alias
    DSP48_X4Y31          DSP48E1                                      r  genblk1[20].mac_i/mul_out_reg/A[9]
  -------------------------------------------------------------------    -------------------

                         (clock clk rise edge)        3.200     3.200 r  
                                                      0.000     3.200 r  clk (IN)
                         net (fo=3389, unset)         0.483     3.683    genblk1[20].mac_i/clk
    DSP48_X4Y31          DSP48E1                                      r  genblk1[20].mac_i/mul_out_reg/CLK
                         clock pessimism              0.000     3.683    
                         clock uncertainty           -0.035     3.647    
    DSP48_X4Y31          DSP48E1 (Setup_dsp48e1_CLK_A[9])
                                                     -2.320     1.327    genblk1[20].mac_i/mul_out_reg
  -------------------------------------------------------------------
                         required time                          1.327    
                         arrival time                          -2.238    
  -------------------------------------------------------------------
                         slack                                 -0.911    




