Copyright 1986-2018 Xilinx, Inc. All Rights Reserved.
------------------------------------------------------------------------------------
| Tool Version : Vivado v.2018.3 (lin64) Build 2405991 Thu Dec  6 23:36:41 MST 2018
| Date         : Thu Mar  5 15:14:22 2020
| Host         : GCS running 64-bit Ubuntu 18.04.4 LTS
| Command      : report_timing -file post_opt_timing.rpt
| Design       : fire6_expand3
| Device       : 7vx690t-ffg1157
| Speed File   : -3  PRODUCTION 1.11 2014-09-11
------------------------------------------------------------------------------------

Timing Report

Slack (MET) :             0.254ns  (required time - arrival time)
  Source:                 u_2/rom_out_reg[0]/CLKARDCLK
                            (rising edge-triggered cell RAMB18E1 clocked by clk  {rise@0.000ns fall@2.500ns period=5.000ns})
  Destination:            genblk1[0].mac_i/mul_out_reg/B[0]
                            (rising edge-triggered cell DSP48E1 clocked by clk  {rise@0.000ns fall@2.500ns period=5.000ns})
  Path Group:             clk
  Path Type:              Setup (Max at Slow Process Corner)
  Requirement:            5.000ns  (clk rise@5.000ns - clk rise@0.000ns)
  Data Path Delay:        2.476ns  (logic 1.607ns (64.907%)  route 0.869ns (35.093%))
  Logic Levels:           1  (LUT6=1)
  Clock Path Skew:        -0.025ns (DCD - SCD + CPR)
    Destination Clock Delay (DCD):    0.483ns = ( 5.483 - 5.000 ) 
    Source Clock Delay      (SCD):    0.508ns
    Clock Pessimism Removal (CPR):    0.000ns
  Clock Uncertainty:      0.035ns  ((TSJ^2 + TIJ^2)^1/2 + DJ) / 2 + PE
    Total System Jitter     (TSJ):    0.071ns
    Total Input Jitter      (TIJ):    0.000ns
    Discrete Jitter          (DJ):    0.000ns
    Phase Error              (PE):    0.000ns

    Location             Delay type                Incr(ns)  Path(ns)    Netlist Resource(s)
  -------------------------------------------------------------------    -------------------
                         (clock clk rise edge)        0.000     0.000 r  
                                                      0.000     0.000 r  clk (IN)
                         net (fo=7635, unset)         0.508     0.508    u_2/clk
                         RAMB18E1                                     r  u_2/rom_out_reg[0]/CLKARDCLK
  -------------------------------------------------------------------    -------------------
                         RAMB18E1 (Prop_ramb18e1_CLKARDCLK_DOADO[0])
                                                      1.564     2.072 r  u_2/rom_out_reg[0]/DOADO[0]
                         net (fo=1, unplaced)         0.434     2.506    genblk1[0].mac_i/rom_out[0][0]
                         LUT6 (Prop_lut6_I5_O)        0.043     2.549 r  genblk1[0].mac_i/mul_out_reg_i_16/O
                         net (fo=1, unplaced)         0.434     2.984    genblk1[0].mac_i/B[0]
                         DSP48E1                                      r  genblk1[0].mac_i/mul_out_reg/B[0]
  -------------------------------------------------------------------    -------------------

                         (clock clk rise edge)        5.000     5.000 r  
                                                      0.000     5.000 r  clk (IN)
                         net (fo=7635, unset)         0.483     5.483    genblk1[0].mac_i/clk
                         DSP48E1                                      r  genblk1[0].mac_i/mul_out_reg/CLK
                         clock pessimism              0.000     5.483    
                         clock uncertainty           -0.035     5.447    
                         DSP48E1 (Setup_dsp48e1_CLK_B[0])
                                                     -2.209     3.238    genblk1[0].mac_i/mul_out_reg
  -------------------------------------------------------------------
                         required time                          3.238    
                         arrival time                          -2.984    
  -------------------------------------------------------------------
                         slack                                  0.254    




