Copyright 1986-2018 Xilinx, Inc. All Rights Reserved.
------------------------------------------------------------------------------------
| Tool Version : Vivado v.2018.3 (lin64) Build 2405991 Thu Dec  6 23:36:41 MST 2018
| Date         : Thu Mar 12 15:10:23 2020
| Host         : GCS running 64-bit Ubuntu 18.04.4 LTS
| Command      : report_timing -file slack.rpt
| Design       : fire2_squeeze
| Device       : 7vx690t-ffg1157
| Speed File   : -3  PRODUCTION 1.11 2014-09-11
------------------------------------------------------------------------------------

Timing Report

Slack (VIOLATED) :        -0.043ns  (required time - arrival time)
  Source:                 u_2/rom_out_reg[0]/CLKARDCLK
                            (rising edge-triggered cell RAMB18E1 clocked by clk  {rise@0.000ns fall@1.600ns period=3.200ns})
  Destination:            genblk1[0].mac_k/mul_out_reg/B[0]
                            (rising edge-triggered cell DSP48E1 clocked by clk  {rise@0.000ns fall@1.600ns period=3.200ns})
  Path Group:             clk
  Path Type:              Setup (Max at Slow Process Corner)
  Requirement:            3.200ns  (clk rise@3.200ns - clk rise@0.000ns)
  Data Path Delay:        0.973ns  (logic 0.539ns (55.371%)  route 0.434ns (44.629%))
  Logic Levels:           0  
  Clock Path Skew:        -0.025ns (DCD - SCD + CPR)
    Destination Clock Delay (DCD):    0.483ns = ( 3.683 - 3.200 ) 
    Source Clock Delay      (SCD):    0.508ns
    Clock Pessimism Removal (CPR):    0.000ns
  Clock Uncertainty:      0.035ns  ((TSJ^2 + TIJ^2)^1/2 + DJ) / 2 + PE
    Total System Jitter     (TSJ):    0.071ns
    Total Input Jitter      (TIJ):    0.000ns
    Discrete Jitter          (DJ):    0.000ns
    Phase Error              (PE):    0.000ns

    Location             Delay type                Incr(ns)  Path(ns)    Netlist Resource(s)
  -------------------------------------------------------------------    -------------------
                         (clock clk rise edge)        0.000     0.000 r  
                                                      0.000     0.000 r  clk (IN)
                         net (fo=329, unset)          0.508     0.508    u_2/clk
                         RAMB18E1                                     r  u_2/rom_out_reg[0]/CLKARDCLK
  -------------------------------------------------------------------    -------------------
                         RAMB18E1 (Prop_ramb18e1_CLKARDCLK_DOADO[0])
                                                      0.539     1.047 r  u_2/rom_out_reg[0]/DOADO[0]
                         net (fo=1, unplaced)         0.434     1.481    genblk1[0].mac_k/kernels[0][0]
                         DSP48E1                                      r  genblk1[0].mac_k/mul_out_reg/B[0]
  -------------------------------------------------------------------    -------------------

                         (clock clk rise edge)        3.200     3.200 r  
                                                      0.000     3.200 r  clk (IN)
                         net (fo=329, unset)          0.483     3.683    genblk1[0].mac_k/clk
                         DSP48E1                                      r  genblk1[0].mac_k/mul_out_reg/CLK
                         clock pessimism              0.000     3.683    
                         clock uncertainty           -0.035     3.647    
                         DSP48E1 (Setup_dsp48e1_CLK_B[0])
                                                     -2.209     1.438    genblk1[0].mac_k/mul_out_reg
  -------------------------------------------------------------------
                         required time                          1.438    
                         arrival time                          -1.481    
  -------------------------------------------------------------------
                         slack                                 -0.043    




