Copyright 1986-2018 Xilinx, Inc. All Rights Reserved.
------------------------------------------------------------------------------------
| Tool Version : Vivado v.2018.3 (lin64) Build 2405991 Thu Dec  6 23:36:41 MST 2018
| Date         : Mon Feb 24 20:20:56 2020
| Host         : GCS running 64-bit Ubuntu 18.04.4 LTS
| Command      : report_timing -file timi.rpt
| Design       : fire2_squeeze
| Device       : 7vx690t-ffg1157
| Speed File   : -3  PRODUCTION 1.11 2014-09-11
------------------------------------------------------------------------------------

Timing Report

Slack (VIOLATED) :        -1.066ns  (required time - arrival time)
  Source:                 fire2_squeeze_end_reg/C
                            (rising edge-triggered cell FDCE clocked by clk  {rise@0.000ns fall@2.500ns period=5.000ns})
  Destination:            fire2_squeeze_finish
                            (output port clocked by clk  {rise@0.000ns fall@2.500ns period=5.000ns})
  Path Group:             clk
  Path Type:              Max at Slow Process Corner
  Requirement:            5.000ns  (clk rise@5.000ns - clk rise@0.000ns)
  Data Path Delay:        2.874ns  (logic 2.140ns (74.480%)  route 0.733ns (25.520%))
  Logic Levels:           2  (LUT2=1 OBUF=1)
  Output Delay:           1.500ns
  Clock Path Skew:        -1.657ns (DCD - SCD + CPR)
    Destination Clock Delay (DCD):    0.000ns = ( 5.000 - 5.000 ) 
    Source Clock Delay      (SCD):    1.657ns
    Clock Pessimism Removal (CPR):    0.000ns
  Clock Uncertainty:      0.035ns  ((TSJ^2 + TIJ^2)^1/2 + DJ) / 2 + PE
    Total System Jitter     (TSJ):    0.071ns
    Total Input Jitter      (TIJ):    0.000ns
    Discrete Jitter          (DJ):    0.000ns
    Phase Error              (PE):    0.000ns

    Location             Delay type                Incr(ns)  Path(ns)    Netlist Resource(s)
  -------------------------------------------------------------------    -------------------
                         (clock clk rise edge)        0.000     0.000 r  
                                                      0.000     0.000 r  clk (IN)
                         net (fo=0)                   0.000     0.000    clk
                         IBUF (Prop_ibuf_I_O)         0.558     0.558 r  clk_IBUF_inst/O
                         net (fo=1, unplaced)         0.434     0.993    clk_IBUF
                         BUFG (Prop_bufg_I_O)         0.080     1.073 r  clk_IBUF_BUFG_inst/O
                         net (fo=326, unplaced)       0.584     1.657    clk_IBUF_BUFG
                         FDCE                                         r  fire2_squeeze_end_reg/C
  -------------------------------------------------------------------    -------------------
                         FDCE (Prop_fdce_C_Q)         0.226     1.883 r  fire2_squeeze_end_reg/Q
                         net (fo=20, unplaced)        0.299     2.182    fire2_squeeze_end_reg_n_0
                         LUT2 (Prop_lut2_I0_O)        0.119     2.301 r  fire2_squeeze_finish_OBUF_inst_i_1/O
                         net (fo=1, unplaced)         0.434     2.735    fire2_squeeze_finish_OBUF
                         OBUF (Prop_obuf_I_O)         1.795     4.531 r  fire2_squeeze_finish_OBUF_inst/O
                         net (fo=0)                   0.000     4.531    fire2_squeeze_finish
                                                                      r  fire2_squeeze_finish (OUT)
  -------------------------------------------------------------------    -------------------

                         (clock clk rise edge)        5.000     5.000 r  
                         clock pessimism              0.000     5.000    
                         clock uncertainty           -0.035     4.965    
                         output delay                -1.500     3.465    
  -------------------------------------------------------------------
                         required time                          3.465    
                         arrival time                          -4.531    
  -------------------------------------------------------------------
                         slack                                 -1.066    




