#-----------------------------------------------------------
# Vivado v2018.3 (64-bit)
# SW Build 2405991 on Thu Dec  6 23:36:41 MST 2018
# IP Build 2404404 on Fri Dec  7 01:43:56 MST 2018
# Start of session at: Sat Feb 29 01:11:44 2020
# Process ID: 19881
# Current directory: /home/gsaied/Desktop/old_rtl/fire2_squeeze
# Command line: vivado -mode tcl -source synth.tcl
# Log file: /home/gsaied/Desktop/old_rtl/fire2_squeeze/vivado.log
# Journal file: /home/gsaied/Desktop/old_rtl/fire2_squeeze/vivado.jou
#-----------------------------------------------------------
source synth.tcl
# read_verilog -sv [ glob *.sv ] 
# create_fileset -constrset constr
# add_files -fileset constr squeeze_fire2.xdc
# synth_design -top fire2_squeeze -part xc7vx690t -keep_equivalent_registers  -constrset constr
Command: synth_design -top fire2_squeeze -part xc7vx690t -keep_equivalent_registers -constrset constr
Starting synth_design
Attempting to get a license for feature 'Synthesis' and/or device 'xc7vx690t'
INFO: [Common 17-349] Got license for feature 'Synthesis' and/or device 'xc7vx690t'
INFO: Launching helper process for spawning children vivado processes
INFO: Helper process launched with PID 19888 
---------------------------------------------------------------------------------
Starting RTL Elaboration : Time (s): cpu = 00:00:03 ; elapsed = 00:00:04 . Memory (MB): peak = 1424.996 ; gain = 27.000 ; free physical = 4035 ; free virtual = 7292
---------------------------------------------------------------------------------
INFO: [Synth 8-6157] synthesizing module 'fire2_squeeze' [/home/gsaied/Desktop/old_rtl/fire2_squeeze/fire2_squeeze.sv:2]
	Parameter WOUT bound to: 64 - type: integer 
	Parameter DSP_NO bound to: 16 - type: integer 
	Parameter W_IN bound to: 128 - type: integer 
	Parameter WIDTH bound to: 16 - type: integer 
	Parameter CHIN bound to: 64 - type: integer 
	Parameter KERNEL_DIM bound to: 3 - type: integer 
INFO: [Synth 8-6157] synthesizing module 'mac' [/home/gsaied/Desktop/old_rtl/fire2_squeeze/mac.sv:1]
INFO: [Synth 8-6155] done synthesizing module 'mac' (1#1) [/home/gsaied/Desktop/old_rtl/fire2_squeeze/mac.sv:1]
INFO: [Synth 8-6157] synthesizing module 'biasing_fire2_squeeze' [/home/gsaied/Desktop/old_rtl/fire2_squeeze/biasing_fire2_squeeze.sv:2]
INFO: [Synth 8-6155] done synthesizing module 'biasing_fire2_squeeze' (2#1) [/home/gsaied/Desktop/old_rtl/fire2_squeeze/biasing_fire2_squeeze.sv:2]
INFO: [Synth 8-6157] synthesizing module 'rom_fire2_squeeze' [/home/gsaied/Desktop/old_rtl/fire2_squeeze/rom_fire2_squeeze.sv:3]
	Parameter WIDTH bound to: 16 - type: integer 
	Parameter KERNEL bound to: 3 - type: integer 
	Parameter ADDR bound to: 10 - type: integer 
	Parameter NUM bound to: 16 - type: integer 
INFO: [Synth 8-5534] Detected attribute (* rom_style = "{block}" *) [/home/gsaied/Desktop/old_rtl/fire2_squeeze/rom_fire2_squeeze.sv:16]
INFO: [Synth 8-5534] Detected attribute (* rom_style = "{block}" *) [/home/gsaied/Desktop/old_rtl/fire2_squeeze/rom_fire2_squeeze.sv:19]
INFO: [Synth 8-5534] Detected attribute (* rom_style = "{block}" *) [/home/gsaied/Desktop/old_rtl/fire2_squeeze/rom_fire2_squeeze.sv:22]
INFO: [Synth 8-5534] Detected attribute (* rom_style = "{block}" *) [/home/gsaied/Desktop/old_rtl/fire2_squeeze/rom_fire2_squeeze.sv:25]
INFO: [Synth 8-5534] Detected attribute (* rom_style = "{block}" *) [/home/gsaied/Desktop/old_rtl/fire2_squeeze/rom_fire2_squeeze.sv:28]
INFO: [Synth 8-5534] Detected attribute (* rom_style = "{block}" *) [/home/gsaied/Desktop/old_rtl/fire2_squeeze/rom_fire2_squeeze.sv:31]
INFO: [Synth 8-5534] Detected attribute (* rom_style = "{block}" *) [/home/gsaied/Desktop/old_rtl/fire2_squeeze/rom_fire2_squeeze.sv:34]
INFO: [Synth 8-5534] Detected attribute (* rom_style = "{block}" *) [/home/gsaied/Desktop/old_rtl/fire2_squeeze/rom_fire2_squeeze.sv:37]
INFO: [Synth 8-5534] Detected attribute (* rom_style = "{block}" *) [/home/gsaied/Desktop/old_rtl/fire2_squeeze/rom_fire2_squeeze.sv:40]
INFO: [Synth 8-5534] Detected attribute (* rom_style = "{block}" *) [/home/gsaied/Desktop/old_rtl/fire2_squeeze/rom_fire2_squeeze.sv:43]
INFO: [Synth 8-5534] Detected attribute (* rom_style = "{block}" *) [/home/gsaied/Desktop/old_rtl/fire2_squeeze/rom_fire2_squeeze.sv:46]
INFO: [Synth 8-5534] Detected attribute (* rom_style = "{block}" *) [/home/gsaied/Desktop/old_rtl/fire2_squeeze/rom_fire2_squeeze.sv:49]
INFO: [Synth 8-5534] Detected attribute (* rom_style = "{block}" *) [/home/gsaied/Desktop/old_rtl/fire2_squeeze/rom_fire2_squeeze.sv:52]
INFO: [Synth 8-5534] Detected attribute (* rom_style = "{block}" *) [/home/gsaied/Desktop/old_rtl/fire2_squeeze/rom_fire2_squeeze.sv:55]
INFO: [Synth 8-5534] Detected attribute (* rom_style = "{block}" *) [/home/gsaied/Desktop/old_rtl/fire2_squeeze/rom_fire2_squeeze.sv:58]
INFO: [Synth 8-5534] Detected attribute (* rom_style = "{block}" *) [/home/gsaied/Desktop/old_rtl/fire2_squeeze/rom_fire2_squeeze.sv:61]
INFO: [Synth 8-3876] $readmem data file 'file_fire2_squeeze_1.mem' is read successfully [/home/gsaied/Desktop/old_rtl/fire2_squeeze/rom_fire2_squeeze.sv:63]
INFO: [Synth 8-3876] $readmem data file 'file_fire2_squeeze_2.mem' is read successfully [/home/gsaied/Desktop/old_rtl/fire2_squeeze/rom_fire2_squeeze.sv:64]
INFO: [Synth 8-3876] $readmem data file 'file_fire2_squeeze_3.mem' is read successfully [/home/gsaied/Desktop/old_rtl/fire2_squeeze/rom_fire2_squeeze.sv:65]
INFO: [Synth 8-3876] $readmem data file 'file_fire2_squeeze_4.mem' is read successfully [/home/gsaied/Desktop/old_rtl/fire2_squeeze/rom_fire2_squeeze.sv:66]
INFO: [Synth 8-3876] $readmem data file 'file_fire2_squeeze_5.mem' is read successfully [/home/gsaied/Desktop/old_rtl/fire2_squeeze/rom_fire2_squeeze.sv:67]
INFO: [Synth 8-3876] $readmem data file 'file_fire2_squeeze_6.mem' is read successfully [/home/gsaied/Desktop/old_rtl/fire2_squeeze/rom_fire2_squeeze.sv:68]
INFO: [Synth 8-3876] $readmem data file 'file_fire2_squeeze_7.mem' is read successfully [/home/gsaied/Desktop/old_rtl/fire2_squeeze/rom_fire2_squeeze.sv:69]
INFO: [Synth 8-3876] $readmem data file 'file_fire2_squeeze_8.mem' is read successfully [/home/gsaied/Desktop/old_rtl/fire2_squeeze/rom_fire2_squeeze.sv:70]
INFO: [Synth 8-3876] $readmem data file 'file_fire2_squeeze_9.mem' is read successfully [/home/gsaied/Desktop/old_rtl/fire2_squeeze/rom_fire2_squeeze.sv:71]
INFO: [Synth 8-3876] $readmem data file 'file_fire2_squeeze_10.mem' is read successfully [/home/gsaied/Desktop/old_rtl/fire2_squeeze/rom_fire2_squeeze.sv:72]
INFO: [Synth 8-3876] $readmem data file 'file_fire2_squeeze_11.mem' is read successfully [/home/gsaied/Desktop/old_rtl/fire2_squeeze/rom_fire2_squeeze.sv:73]
INFO: [Synth 8-3876] $readmem data file 'file_fire2_squeeze_12.mem' is read successfully [/home/gsaied/Desktop/old_rtl/fire2_squeeze/rom_fire2_squeeze.sv:74]
INFO: [Synth 8-3876] $readmem data file 'file_fire2_squeeze_13.mem' is read successfully [/home/gsaied/Desktop/old_rtl/fire2_squeeze/rom_fire2_squeeze.sv:75]
INFO: [Synth 8-3876] $readmem data file 'file_fire2_squeeze_14.mem' is read successfully [/home/gsaied/Desktop/old_rtl/fire2_squeeze/rom_fire2_squeeze.sv:76]
INFO: [Synth 8-3876] $readmem data file 'file_fire2_squeeze_15.mem' is read successfully [/home/gsaied/Desktop/old_rtl/fire2_squeeze/rom_fire2_squeeze.sv:77]
INFO: [Synth 8-3876] $readmem data file 'file_fire2_squeeze_16.mem' is read successfully [/home/gsaied/Desktop/old_rtl/fire2_squeeze/rom_fire2_squeeze.sv:78]
INFO: [Synth 8-6155] done synthesizing module 'rom_fire2_squeeze' (3#1) [/home/gsaied/Desktop/old_rtl/fire2_squeeze/rom_fire2_squeeze.sv:3]
WARNING: [Synth 8-3936] Found unconnected internal register 'ofmw2_reg[0]' and it is trimmed from '33' to '32' bits. [/home/gsaied/Desktop/old_rtl/fire2_squeeze/fire2_squeeze.sv:108]
WARNING: [Synth 8-3936] Found unconnected internal register 'ofmw2_reg[1]' and it is trimmed from '33' to '32' bits. [/home/gsaied/Desktop/old_rtl/fire2_squeeze/fire2_squeeze.sv:108]
WARNING: [Synth 8-3936] Found unconnected internal register 'ofmw2_reg[2]' and it is trimmed from '33' to '32' bits. [/home/gsaied/Desktop/old_rtl/fire2_squeeze/fire2_squeeze.sv:108]
WARNING: [Synth 8-3936] Found unconnected internal register 'ofmw2_reg[3]' and it is trimmed from '33' to '32' bits. [/home/gsaied/Desktop/old_rtl/fire2_squeeze/fire2_squeeze.sv:108]
WARNING: [Synth 8-3936] Found unconnected internal register 'ofmw2_reg[4]' and it is trimmed from '33' to '32' bits. [/home/gsaied/Desktop/old_rtl/fire2_squeeze/fire2_squeeze.sv:108]
WARNING: [Synth 8-3936] Found unconnected internal register 'ofmw2_reg[5]' and it is trimmed from '33' to '32' bits. [/home/gsaied/Desktop/old_rtl/fire2_squeeze/fire2_squeeze.sv:108]
WARNING: [Synth 8-3936] Found unconnected internal register 'ofmw2_reg[6]' and it is trimmed from '33' to '32' bits. [/home/gsaied/Desktop/old_rtl/fire2_squeeze/fire2_squeeze.sv:108]
WARNING: [Synth 8-3936] Found unconnected internal register 'ofmw2_reg[7]' and it is trimmed from '33' to '32' bits. [/home/gsaied/Desktop/old_rtl/fire2_squeeze/fire2_squeeze.sv:108]
WARNING: [Synth 8-3936] Found unconnected internal register 'ofmw2_reg[8]' and it is trimmed from '33' to '32' bits. [/home/gsaied/Desktop/old_rtl/fire2_squeeze/fire2_squeeze.sv:108]
WARNING: [Synth 8-3936] Found unconnected internal register 'ofmw2_reg[9]' and it is trimmed from '33' to '32' bits. [/home/gsaied/Desktop/old_rtl/fire2_squeeze/fire2_squeeze.sv:108]
WARNING: [Synth 8-3936] Found unconnected internal register 'ofmw2_reg[10]' and it is trimmed from '33' to '32' bits. [/home/gsaied/Desktop/old_rtl/fire2_squeeze/fire2_squeeze.sv:108]
WARNING: [Synth 8-3936] Found unconnected internal register 'ofmw2_reg[11]' and it is trimmed from '33' to '32' bits. [/home/gsaied/Desktop/old_rtl/fire2_squeeze/fire2_squeeze.sv:108]
WARNING: [Synth 8-3936] Found unconnected internal register 'ofmw2_reg[12]' and it is trimmed from '33' to '32' bits. [/home/gsaied/Desktop/old_rtl/fire2_squeeze/fire2_squeeze.sv:108]
WARNING: [Synth 8-3936] Found unconnected internal register 'ofmw2_reg[13]' and it is trimmed from '33' to '32' bits. [/home/gsaied/Desktop/old_rtl/fire2_squeeze/fire2_squeeze.sv:108]
WARNING: [Synth 8-3936] Found unconnected internal register 'ofmw2_reg[14]' and it is trimmed from '33' to '32' bits. [/home/gsaied/Desktop/old_rtl/fire2_squeeze/fire2_squeeze.sv:108]
WARNING: [Synth 8-3936] Found unconnected internal register 'ofmw2_reg[15]' and it is trimmed from '33' to '32' bits. [/home/gsaied/Desktop/old_rtl/fire2_squeeze/fire2_squeeze.sv:108]
INFO: [Synth 8-6155] done synthesizing module 'fire2_squeeze' (4#1) [/home/gsaied/Desktop/old_rtl/fire2_squeeze/fire2_squeeze.sv:2]
---------------------------------------------------------------------------------
Finished RTL Elaboration : Time (s): cpu = 00:00:04 ; elapsed = 00:00:05 . Memory (MB): peak = 1471.746 ; gain = 73.750 ; free physical = 4033 ; free virtual = 7298
---------------------------------------------------------------------------------

Report Check Netlist: 
+------+------------------+-------+---------+-------+------------------+
|      |Item              |Errors |Warnings |Status |Description       |
+------+------------------+-------+---------+-------+------------------+
|1     |multi_driven_nets |      0|        0|Passed |Multi driven nets |
+------+------------------+-------+---------+-------+------------------+
---------------------------------------------------------------------------------
Start Handling Custom Attributes
---------------------------------------------------------------------------------
---------------------------------------------------------------------------------
Finished Handling Custom Attributes : Time (s): cpu = 00:00:04 ; elapsed = 00:00:05 . Memory (MB): peak = 1471.746 ; gain = 73.750 ; free physical = 4035 ; free virtual = 7300
---------------------------------------------------------------------------------
---------------------------------------------------------------------------------
Finished RTL Optimization Phase 1 : Time (s): cpu = 00:00:04 ; elapsed = 00:00:05 . Memory (MB): peak = 1471.746 ; gain = 73.750 ; free physical = 4035 ; free virtual = 7300
---------------------------------------------------------------------------------
INFO: [Device 21-403] Loading part xc7vx690tffg1157-3
INFO: [Project 1-570] Preparing netlist for logic optimization

Processing XDC Constraints
Initializing timing engine
Parsing XDC File [/home/gsaied/Desktop/old_rtl/fire2_squeeze/squeeze_fire2.xdc]
Finished Parsing XDC File [/home/gsaied/Desktop/old_rtl/fire2_squeeze/squeeze_fire2.xdc]
Completed Processing XDC Constraints

Netlist sorting complete. Time (s): cpu = 00:00:00 ; elapsed = 00:00:00 . Memory (MB): peak = 1988.363 ; gain = 0.000 ; free physical = 3577 ; free virtual = 6839
INFO: [Project 1-111] Unisim Transformation Summary:
No Unisim elements were transformed.

Netlist sorting complete. Time (s): cpu = 00:00:00 ; elapsed = 00:00:00 . Memory (MB): peak = 1988.363 ; gain = 0.000 ; free physical = 3577 ; free virtual = 6839
Constraint Validation Runtime : Time (s): cpu = 00:00:00.02 ; elapsed = 00:00:00.01 . Memory (MB): peak = 1988.363 ; gain = 0.000 ; free physical = 3577 ; free virtual = 6839
---------------------------------------------------------------------------------
Finished Constraint Validation : Time (s): cpu = 00:00:23 ; elapsed = 00:00:26 . Memory (MB): peak = 1988.363 ; gain = 590.367 ; free physical = 3673 ; free virtual = 6930
---------------------------------------------------------------------------------
---------------------------------------------------------------------------------
Start Loading Part and Timing Information
---------------------------------------------------------------------------------
Loading part: xc7vx690tffg1157-3
---------------------------------------------------------------------------------
Finished Loading Part and Timing Information : Time (s): cpu = 00:00:23 ; elapsed = 00:00:26 . Memory (MB): peak = 1988.363 ; gain = 590.367 ; free physical = 3673 ; free virtual = 6930
---------------------------------------------------------------------------------
---------------------------------------------------------------------------------
Start Applying 'set_property' XDC Constraints
---------------------------------------------------------------------------------
---------------------------------------------------------------------------------
Finished applying 'set_property' XDC Constraints : Time (s): cpu = 00:00:23 ; elapsed = 00:00:26 . Memory (MB): peak = 1988.363 ; gain = 590.367 ; free physical = 3669 ; free virtual = 6932
---------------------------------------------------------------------------------
INFO: [Synth 8-5546] ROM "rom_6" won't be mapped to RAM because it is too sparse
INFO: [Synth 8-5546] ROM "rom_clr_pulse" won't be mapped to RAM because it is too sparse
INFO: [Synth 8-5546] ROM "fire2_squeeze_end" won't be mapped to RAM because it is too sparse
---------------------------------------------------------------------------------
Finished RTL Optimization Phase 2 : Time (s): cpu = 00:00:24 ; elapsed = 00:00:27 . Memory (MB): peak = 1988.363 ; gain = 590.367 ; free physical = 3653 ; free virtual = 6919
---------------------------------------------------------------------------------

Report RTL Partitions: 
+-+--------------+------------+----------+
| |RTL Partition |Replication |Instances |
+-+--------------+------------+----------+
+-+--------------+------------+----------+
---------------------------------------------------------------------------------
Start RTL Component Statistics 
---------------------------------------------------------------------------------
Detailed RTL Component Info : 
+---Adders : 
	   2 Input     32 Bit       Adders := 16    
	   2 Input     11 Bit       Adders := 1     
	   2 Input     10 Bit       Adders := 1     
+---Registers : 
	               33 Bit    Registers := 16    
	               16 Bit    Registers := 32    
	               11 Bit    Registers := 1     
	               10 Bit    Registers := 1     
	                1 Bit    Registers := 5     
+---ROMs : 
	                              ROMs := 15    
+---Muxes : 
	 577 Input     16 Bit        Muxes := 1     
	   3 Input     11 Bit        Muxes := 1     
	   2 Input     11 Bit        Muxes := 1     
	   2 Input     10 Bit        Muxes := 1     
	   3 Input      2 Bit        Muxes := 1     
	   2 Input      1 Bit        Muxes := 4     
---------------------------------------------------------------------------------
Finished RTL Component Statistics 
---------------------------------------------------------------------------------
---------------------------------------------------------------------------------
Start RTL Hierarchical Component Statistics 
---------------------------------------------------------------------------------
Hierarchical RTL Component report 
Module fire2_squeeze 
Detailed RTL Component Info : 
+---Adders : 
	   2 Input     32 Bit       Adders := 16    
	   2 Input     11 Bit       Adders := 1     
	   2 Input     10 Bit       Adders := 1     
+---Registers : 
	               16 Bit    Registers := 16    
	               11 Bit    Registers := 1     
	               10 Bit    Registers := 1     
	                1 Bit    Registers := 5     
+---Muxes : 
	   3 Input     11 Bit        Muxes := 1     
	   2 Input     11 Bit        Muxes := 1     
	   2 Input     10 Bit        Muxes := 1     
	   3 Input      2 Bit        Muxes := 1     
	   2 Input      1 Bit        Muxes := 4     
Module rom_fire2_squeeze 
Detailed RTL Component Info : 
+---Registers : 
	               16 Bit    Registers := 16    
+---ROMs : 
	                              ROMs := 15    
+---Muxes : 
	 577 Input     16 Bit        Muxes := 1     
Module mac 
Detailed RTL Component Info : 
+---Registers : 
	               33 Bit    Registers := 1     
---------------------------------------------------------------------------------
Finished RTL Hierarchical Component Statistics
---------------------------------------------------------------------------------
---------------------------------------------------------------------------------
Start Part Resource Summary
---------------------------------------------------------------------------------
Part Resources:
DSPs: 3600 (col length:200)
BRAMs: 2940 (col length: RAMB18 200 RAMB36 100)
---------------------------------------------------------------------------------
Finished Part Resource Summary
---------------------------------------------------------------------------------
---------------------------------------------------------------------------------
Start Cross Boundary and Area Optimization
---------------------------------------------------------------------------------
Warning: Parallel synthesis criteria is not met 
INFO: [Synth 8-5546] ROM "fire2_squeeze_end" won't be mapped to RAM because it is too sparse
INFO: [Synth 8-5546] ROM "rom_clr_pulse" won't be mapped to RAM because it is too sparse
DSP Report: Generating DSP genblk1[0].mac_i/mul_out_reg, operation Mode is: (P+A*B)'.
DSP Report: register genblk1[0].mac_i/mul_out_reg is absorbed into DSP genblk1[0].mac_i/mul_out_reg.
DSP Report: operator genblk1[0].mac_i/intermed is absorbed into DSP genblk1[0].mac_i/mul_out_reg.
DSP Report: operator genblk1[0].mac_i/intermed0 is absorbed into DSP genblk1[0].mac_i/mul_out_reg.
DSP Report: Generating DSP genblk1[1].mac_i/mul_out_reg, operation Mode is: (P+A*B)'.
DSP Report: register genblk1[1].mac_i/mul_out_reg is absorbed into DSP genblk1[1].mac_i/mul_out_reg.
DSP Report: operator genblk1[1].mac_i/intermed is absorbed into DSP genblk1[1].mac_i/mul_out_reg.
DSP Report: operator genblk1[1].mac_i/intermed0 is absorbed into DSP genblk1[1].mac_i/mul_out_reg.
DSP Report: Generating DSP genblk1[2].mac_i/mul_out_reg, operation Mode is: (P+A*B)'.
DSP Report: register genblk1[2].mac_i/mul_out_reg is absorbed into DSP genblk1[2].mac_i/mul_out_reg.
DSP Report: operator genblk1[2].mac_i/intermed is absorbed into DSP genblk1[2].mac_i/mul_out_reg.
DSP Report: operator genblk1[2].mac_i/intermed0 is absorbed into DSP genblk1[2].mac_i/mul_out_reg.
DSP Report: Generating DSP genblk1[3].mac_i/mul_out_reg, operation Mode is: (P+A*B)'.
DSP Report: register genblk1[3].mac_i/mul_out_reg is absorbed into DSP genblk1[3].mac_i/mul_out_reg.
DSP Report: operator genblk1[3].mac_i/intermed is absorbed into DSP genblk1[3].mac_i/mul_out_reg.
DSP Report: operator genblk1[3].mac_i/intermed0 is absorbed into DSP genblk1[3].mac_i/mul_out_reg.
DSP Report: Generating DSP genblk1[4].mac_i/mul_out_reg, operation Mode is: (P+A*B)'.
DSP Report: register genblk1[4].mac_i/mul_out_reg is absorbed into DSP genblk1[4].mac_i/mul_out_reg.
DSP Report: operator genblk1[4].mac_i/intermed is absorbed into DSP genblk1[4].mac_i/mul_out_reg.
DSP Report: operator genblk1[4].mac_i/intermed0 is absorbed into DSP genblk1[4].mac_i/mul_out_reg.
DSP Report: Generating DSP genblk1[5].mac_i/mul_out_reg, operation Mode is: (P+A*B)'.
DSP Report: register genblk1[5].mac_i/mul_out_reg is absorbed into DSP genblk1[5].mac_i/mul_out_reg.
DSP Report: operator genblk1[5].mac_i/intermed is absorbed into DSP genblk1[5].mac_i/mul_out_reg.
DSP Report: operator genblk1[5].mac_i/intermed0 is absorbed into DSP genblk1[5].mac_i/mul_out_reg.
DSP Report: Generating DSP genblk1[6].mac_i/mul_out_reg, operation Mode is: (P+A*B)'.
DSP Report: register genblk1[6].mac_i/mul_out_reg is absorbed into DSP genblk1[6].mac_i/mul_out_reg.
DSP Report: operator genblk1[6].mac_i/intermed is absorbed into DSP genblk1[6].mac_i/mul_out_reg.
DSP Report: operator genblk1[6].mac_i/intermed0 is absorbed into DSP genblk1[6].mac_i/mul_out_reg.
DSP Report: Generating DSP genblk1[7].mac_i/mul_out_reg, operation Mode is: (P+A*B)'.
DSP Report: register genblk1[7].mac_i/mul_out_reg is absorbed into DSP genblk1[7].mac_i/mul_out_reg.
DSP Report: operator genblk1[7].mac_i/intermed is absorbed into DSP genblk1[7].mac_i/mul_out_reg.
DSP Report: operator genblk1[7].mac_i/intermed0 is absorbed into DSP genblk1[7].mac_i/mul_out_reg.
DSP Report: Generating DSP genblk1[8].mac_i/mul_out_reg, operation Mode is: (P+A*B)'.
DSP Report: register genblk1[8].mac_i/mul_out_reg is absorbed into DSP genblk1[8].mac_i/mul_out_reg.
DSP Report: operator genblk1[8].mac_i/intermed is absorbed into DSP genblk1[8].mac_i/mul_out_reg.
DSP Report: operator genblk1[8].mac_i/intermed0 is absorbed into DSP genblk1[8].mac_i/mul_out_reg.
DSP Report: Generating DSP genblk1[9].mac_i/mul_out_reg, operation Mode is: (P+A*B)'.
DSP Report: register genblk1[9].mac_i/mul_out_reg is absorbed into DSP genblk1[9].mac_i/mul_out_reg.
DSP Report: operator genblk1[9].mac_i/intermed is absorbed into DSP genblk1[9].mac_i/mul_out_reg.
DSP Report: operator genblk1[9].mac_i/intermed0 is absorbed into DSP genblk1[9].mac_i/mul_out_reg.
DSP Report: Generating DSP genblk1[10].mac_i/mul_out_reg, operation Mode is: (P+A*B)'.
DSP Report: register genblk1[10].mac_i/mul_out_reg is absorbed into DSP genblk1[10].mac_i/mul_out_reg.
DSP Report: operator genblk1[10].mac_i/intermed is absorbed into DSP genblk1[10].mac_i/mul_out_reg.
DSP Report: operator genblk1[10].mac_i/intermed0 is absorbed into DSP genblk1[10].mac_i/mul_out_reg.
DSP Report: Generating DSP genblk1[11].mac_i/mul_out_reg, operation Mode is: (P+A*B)'.
DSP Report: register genblk1[11].mac_i/mul_out_reg is absorbed into DSP genblk1[11].mac_i/mul_out_reg.
DSP Report: operator genblk1[11].mac_i/intermed is absorbed into DSP genblk1[11].mac_i/mul_out_reg.
DSP Report: operator genblk1[11].mac_i/intermed0 is absorbed into DSP genblk1[11].mac_i/mul_out_reg.
DSP Report: Generating DSP genblk1[12].mac_i/mul_out_reg, operation Mode is: (P+A*B)'.
DSP Report: register genblk1[12].mac_i/mul_out_reg is absorbed into DSP genblk1[12].mac_i/mul_out_reg.
DSP Report: operator genblk1[12].mac_i/intermed is absorbed into DSP genblk1[12].mac_i/mul_out_reg.
DSP Report: operator genblk1[12].mac_i/intermed0 is absorbed into DSP genblk1[12].mac_i/mul_out_reg.
DSP Report: Generating DSP genblk1[13].mac_i/mul_out_reg, operation Mode is: (P+A*B)'.
DSP Report: register genblk1[13].mac_i/mul_out_reg is absorbed into DSP genblk1[13].mac_i/mul_out_reg.
DSP Report: operator genblk1[13].mac_i/intermed is absorbed into DSP genblk1[13].mac_i/mul_out_reg.
DSP Report: operator genblk1[13].mac_i/intermed0 is absorbed into DSP genblk1[13].mac_i/mul_out_reg.
DSP Report: Generating DSP genblk1[14].mac_i/mul_out_reg, operation Mode is: (P+A*B)'.
DSP Report: register genblk1[14].mac_i/mul_out_reg is absorbed into DSP genblk1[14].mac_i/mul_out_reg.
DSP Report: operator genblk1[14].mac_i/intermed is absorbed into DSP genblk1[14].mac_i/mul_out_reg.
DSP Report: operator genblk1[14].mac_i/intermed0 is absorbed into DSP genblk1[14].mac_i/mul_out_reg.
DSP Report: Generating DSP genblk1[15].mac_i/mul_out_reg, operation Mode is: (P+A*B)'.
DSP Report: register genblk1[15].mac_i/mul_out_reg is absorbed into DSP genblk1[15].mac_i/mul_out_reg.
DSP Report: operator genblk1[15].mac_i/intermed is absorbed into DSP genblk1[15].mac_i/mul_out_reg.
DSP Report: operator genblk1[15].mac_i/intermed0 is absorbed into DSP genblk1[15].mac_i/mul_out_reg.
---------------------------------------------------------------------------------
Finished Cross Boundary and Area Optimization : Time (s): cpu = 00:00:27 ; elapsed = 00:00:31 . Memory (MB): peak = 1988.363 ; gain = 590.367 ; free physical = 3640 ; free virtual = 6904
---------------------------------------------------------------------------------
---------------------------------------------------------------------------------
Start ROM, RAM, DSP and Shift Register Reporting
---------------------------------------------------------------------------------

ROM:
+------------------+-----------------+---------------+----------------+
|Module Name       | RTL Object      | Depth x Width | Implemented As | 
+------------------+-----------------+---------------+----------------+
|rom_fire2_squeeze | rom_out_reg[0]  | 1024x16       | Block RAM      | 
|rom_fire2_squeeze | rom_out_reg[1]  | 1024x16       | Block RAM      | 
|rom_fire2_squeeze | rom_out_reg[2]  | 1024x16       | Block RAM      | 
|rom_fire2_squeeze | rom_out_reg[3]  | 1024x16       | Block RAM      | 
|rom_fire2_squeeze | rom_out_reg[4]  | 1024x16       | Block RAM      | 
|rom_fire2_squeeze | rom_out_reg[6]  | 1024x16       | Block RAM      | 
|rom_fire2_squeeze | rom_out_reg[7]  | 1024x16       | Block RAM      | 
|rom_fire2_squeeze | rom_out_reg[8]  | 1024x16       | Block RAM      | 
|rom_fire2_squeeze | rom_out_reg[9]  | 1024x16       | Block RAM      | 
|rom_fire2_squeeze | rom_out_reg[10] | 1024x16       | Block RAM      | 
|rom_fire2_squeeze | rom_out_reg[11] | 1024x16       | Block RAM      | 
|rom_fire2_squeeze | rom_out_reg[12] | 1024x16       | Block RAM      | 
|rom_fire2_squeeze | rom_out_reg[13] | 1024x16       | Block RAM      | 
|rom_fire2_squeeze | rom_out_reg[14] | 1024x16       | Block RAM      | 
|rom_fire2_squeeze | rom_out_reg[15] | 1024x16       | Block RAM      | 
+------------------+-----------------+---------------+----------------+


DSP: Preliminary Mapping  Report (see note below)
+------------+-------------+--------+--------+--------+--------+--------+------+------+------+------+-------+------+------+
|Module Name | DSP Mapping | A Size | B Size | C Size | D Size | P Size | AREG | BREG | CREG | DREG | ADREG | MREG | PREG | 
+------------+-------------+--------+--------+--------+--------+--------+------+------+------+------+-------+------+------+
|mac         | (P+A*B)'    | 16     | 16     | -      | -      | 33     | 0    | 0    | -    | -    | -     | 0    | 1    | 
|mac         | (P+A*B)'    | 16     | 16     | -      | -      | 33     | 0    | 0    | -    | -    | -     | 0    | 1    | 
|mac         | (P+A*B)'    | 16     | 16     | -      | -      | 33     | 0    | 0    | -    | -    | -     | 0    | 1    | 
|mac         | (P+A*B)'    | 16     | 16     | -      | -      | 33     | 0    | 0    | -    | -    | -     | 0    | 1    | 
|mac         | (P+A*B)'    | 16     | 16     | -      | -      | 33     | 0    | 0    | -    | -    | -     | 0    | 1    | 
|mac         | (P+A*B)'    | 16     | 16     | -      | -      | 33     | 0    | 0    | -    | -    | -     | 0    | 1    | 
|mac         | (P+A*B)'    | 16     | 16     | -      | -      | 33     | 0    | 0    | -    | -    | -     | 0    | 1    | 
|mac         | (P+A*B)'    | 16     | 16     | -      | -      | 33     | 0    | 0    | -    | -    | -     | 0    | 1    | 
|mac         | (P+A*B)'    | 16     | 16     | -      | -      | 33     | 0    | 0    | -    | -    | -     | 0    | 1    | 
|mac         | (P+A*B)'    | 16     | 16     | -      | -      | 33     | 0    | 0    | -    | -    | -     | 0    | 1    | 
|mac         | (P+A*B)'    | 16     | 16     | -      | -      | 33     | 0    | 0    | -    | -    | -     | 0    | 1    | 
|mac         | (P+A*B)'    | 16     | 16     | -      | -      | 33     | 0    | 0    | -    | -    | -     | 0    | 1    | 
|mac         | (P+A*B)'    | 16     | 16     | -      | -      | 33     | 0    | 0    | -    | -    | -     | 0    | 1    | 
|mac         | (P+A*B)'    | 16     | 16     | -      | -      | 33     | 0    | 0    | -    | -    | -     | 0    | 1    | 
|mac         | (P+A*B)'    | 16     | 16     | -      | -      | 33     | 0    | 0    | -    | -    | -     | 0    | 1    | 
|mac         | (P+A*B)'    | 16     | 16     | -      | -      | 33     | 0    | 0    | -    | -    | -     | 0    | 1    | 
+------------+-------------+--------+--------+--------+--------+--------+------+------+------+------+-------+------+------+

Note: The table above is a preliminary report that shows the DSPs inferred at the current stage of the synthesis flow. Some DSP may be reimplemented as non DSP primitives later in the synthesis flow. Multiple instantiated DSPs are reported only once.
---------------------------------------------------------------------------------
Finished ROM, RAM, DSP and Shift Register Reporting
---------------------------------------------------------------------------------
INFO: [Synth 8-6837] The timing for the instance u_2/i_0/rom_out_reg[0] (implemented as a Block RAM) might be sub-optimal as no optional output register could be merged into the block ram. Providing additional output register may help in improving timing.
INFO: [Synth 8-6837] The timing for the instance u_2/i_1/rom_out_reg[1] (implemented as a Block RAM) might be sub-optimal as no optional output register could be merged into the block ram. Providing additional output register may help in improving timing.
INFO: [Synth 8-6837] The timing for the instance u_2/i_2/rom_out_reg[2] (implemented as a Block RAM) might be sub-optimal as no optional output register could be merged into the block ram. Providing additional output register may help in improving timing.
INFO: [Synth 8-6837] The timing for the instance u_2/i_3/rom_out_reg[3] (implemented as a Block RAM) might be sub-optimal as no optional output register could be merged into the block ram. Providing additional output register may help in improving timing.
INFO: [Synth 8-6837] The timing for the instance u_2/i_4/rom_out_reg[4] (implemented as a Block RAM) might be sub-optimal as no optional output register could be merged into the block ram. Providing additional output register may help in improving timing.
INFO: [Synth 8-6837] The timing for the instance u_2/i_6/rom_out_reg[6] (implemented as a Block RAM) might be sub-optimal as no optional output register could be merged into the block ram. Providing additional output register may help in improving timing.
INFO: [Synth 8-6837] The timing for the instance u_2/i_7/rom_out_reg[7] (implemented as a Block RAM) might be sub-optimal as no optional output register could be merged into the block ram. Providing additional output register may help in improving timing.
INFO: [Synth 8-6837] The timing for the instance u_2/i_8/rom_out_reg[8] (implemented as a Block RAM) might be sub-optimal as no optional output register could be merged into the block ram. Providing additional output register may help in improving timing.
INFO: [Synth 8-6837] The timing for the instance u_2/i_9/rom_out_reg[9] (implemented as a Block RAM) might be sub-optimal as no optional output register could be merged into the block ram. Providing additional output register may help in improving timing.
INFO: [Synth 8-6837] The timing for the instance u_2/i_10/rom_out_reg[10] (implemented as a Block RAM) might be sub-optimal as no optional output register could be merged into the block ram. Providing additional output register may help in improving timing.
INFO: [Synth 8-6837] The timing for the instance u_2/i_11/rom_out_reg[11] (implemented as a Block RAM) might be sub-optimal as no optional output register could be merged into the block ram. Providing additional output register may help in improving timing.
INFO: [Synth 8-6837] The timing for the instance u_2/i_12/rom_out_reg[12] (implemented as a Block RAM) might be sub-optimal as no optional output register could be merged into the block ram. Providing additional output register may help in improving timing.
INFO: [Synth 8-6837] The timing for the instance u_2/i_13/rom_out_reg[13] (implemented as a Block RAM) might be sub-optimal as no optional output register could be merged into the block ram. Providing additional output register may help in improving timing.
INFO: [Synth 8-6837] The timing for the instance u_2/i_14/rom_out_reg[14] (implemented as a Block RAM) might be sub-optimal as no optional output register could be merged into the block ram. Providing additional output register may help in improving timing.
INFO: [Synth 8-6837] The timing for the instance u_2/i_15/rom_out_reg[15] (implemented as a Block RAM) might be sub-optimal as no optional output register could be merged into the block ram. Providing additional output register may help in improving timing.

Report RTL Partitions: 
+-+--------------+------------+----------+
| |RTL Partition |Replication |Instances |
+-+--------------+------------+----------+
+-+--------------+------------+----------+
---------------------------------------------------------------------------------
Start Applying XDC Timing Constraints
---------------------------------------------------------------------------------
---------------------------------------------------------------------------------
Finished Applying XDC Timing Constraints : Time (s): cpu = 00:00:36 ; elapsed = 00:00:39 . Memory (MB): peak = 1988.363 ; gain = 590.367 ; free physical = 3484 ; free virtual = 6741
---------------------------------------------------------------------------------
---------------------------------------------------------------------------------
Start Timing Optimization
---------------------------------------------------------------------------------
---------------------------------------------------------------------------------
Finished Timing Optimization : Time (s): cpu = 00:01:49 ; elapsed = 00:01:55 . Memory (MB): peak = 2219.879 ; gain = 821.883 ; free physical = 3311 ; free virtual = 6574
---------------------------------------------------------------------------------

Report RTL Partitions: 
+-+--------------+------------+----------+
| |RTL Partition |Replication |Instances |
+-+--------------+------------+----------+
+-+--------------+------------+----------+
---------------------------------------------------------------------------------
Start Technology Mapping
---------------------------------------------------------------------------------
---------------------------------------------------------------------------------
Finished Technology Mapping : Time (s): cpu = 00:01:52 ; elapsed = 00:01:58 . Memory (MB): peak = 2219.879 ; gain = 821.883 ; free physical = 3341 ; free virtual = 6603
---------------------------------------------------------------------------------

Report RTL Partitions: 
+-+--------------+------------+----------+
| |RTL Partition |Replication |Instances |
+-+--------------+------------+----------+
+-+--------------+------------+----------+
---------------------------------------------------------------------------------
Start IO Insertion
---------------------------------------------------------------------------------
---------------------------------------------------------------------------------
Start Flattening Before IO Insertion
---------------------------------------------------------------------------------
---------------------------------------------------------------------------------
Finished Flattening Before IO Insertion
---------------------------------------------------------------------------------
---------------------------------------------------------------------------------
Start Final Netlist Cleanup
---------------------------------------------------------------------------------
---------------------------------------------------------------------------------
Finished Final Netlist Cleanup
---------------------------------------------------------------------------------
---------------------------------------------------------------------------------
Finished IO Insertion : Time (s): cpu = 00:01:53 ; elapsed = 00:01:59 . Memory (MB): peak = 2219.879 ; gain = 821.883 ; free physical = 3323 ; free virtual = 6601
---------------------------------------------------------------------------------

Report Check Netlist: 
+------+------------------+-------+---------+-------+------------------+
|      |Item              |Errors |Warnings |Status |Description       |
+------+------------------+-------+---------+-------+------------------+
|1     |multi_driven_nets |      0|        0|Passed |Multi driven nets |
+------+------------------+-------+---------+-------+------------------+
---------------------------------------------------------------------------------
Start Renaming Generated Instances
---------------------------------------------------------------------------------
---------------------------------------------------------------------------------
Finished Renaming Generated Instances : Time (s): cpu = 00:01:53 ; elapsed = 00:01:59 . Memory (MB): peak = 2219.879 ; gain = 821.883 ; free physical = 3323 ; free virtual = 6601
---------------------------------------------------------------------------------

Report RTL Partitions: 
+-+--------------+------------+----------+
| |RTL Partition |Replication |Instances |
+-+--------------+------------+----------+
+-+--------------+------------+----------+
---------------------------------------------------------------------------------
Start Rebuilding User Hierarchy
---------------------------------------------------------------------------------
---------------------------------------------------------------------------------
Finished Rebuilding User Hierarchy : Time (s): cpu = 00:01:54 ; elapsed = 00:02:00 . Memory (MB): peak = 2219.879 ; gain = 821.883 ; free physical = 3323 ; free virtual = 6601
---------------------------------------------------------------------------------
---------------------------------------------------------------------------------
Start Renaming Generated Ports
---------------------------------------------------------------------------------
---------------------------------------------------------------------------------
Finished Renaming Generated Ports : Time (s): cpu = 00:01:54 ; elapsed = 00:02:00 . Memory (MB): peak = 2219.879 ; gain = 821.883 ; free physical = 3323 ; free virtual = 6601
---------------------------------------------------------------------------------
---------------------------------------------------------------------------------
Start Handling Custom Attributes
---------------------------------------------------------------------------------
---------------------------------------------------------------------------------
Finished Handling Custom Attributes : Time (s): cpu = 00:01:54 ; elapsed = 00:02:00 . Memory (MB): peak = 2219.879 ; gain = 821.883 ; free physical = 3322 ; free virtual = 6600
---------------------------------------------------------------------------------
---------------------------------------------------------------------------------
Start Renaming Generated Nets
---------------------------------------------------------------------------------
---------------------------------------------------------------------------------
Finished Renaming Generated Nets : Time (s): cpu = 00:01:54 ; elapsed = 00:02:00 . Memory (MB): peak = 2219.879 ; gain = 821.883 ; free physical = 3322 ; free virtual = 6600
---------------------------------------------------------------------------------
---------------------------------------------------------------------------------
Start Writing Synthesis Report
---------------------------------------------------------------------------------

Report BlackBoxes: 
+-+--------------+----------+
| |BlackBox name |Instances |
+-+--------------+----------+
+-+--------------+----------+

Report Cell Usage: 
+------+--------+------+
|      |Cell    |Count |
+------+--------+------+
|1     |BUFG    |     1|
|2     |CARRY4  |    99|
|3     |DSP48E1 |    16|
|4     |LUT1    |   180|
|5     |LUT2    |     7|
|6     |LUT3    |     6|
|7     |LUT4    |   151|
|8     |LUT5    |    39|
|9     |LUT6    |  1380|
|10    |MUXF7   |   592|
|11    |MUXF8   |     8|
|12    |FDCE    |    37|
|13    |FDRE    |   514|
|14    |IBUF    |    20|
|15    |OBUF    |   258|
+------+--------+------+

Report Instance Areas: 
+------+----------------------+------------------+------+
|      |Instance              |Module            |Cells |
+------+----------------------+------------------+------+
|1     |top                   |                  |  3308|
|2     |  u_2                 |rom_fire2_squeeze |  2383|
|3     |  \genblk1[0].mac_i   |mac               |     2|
|4     |  \genblk1[10].mac_i  |mac_0             |    13|
|5     |  \genblk1[11].mac_i  |mac_1             |     2|
|6     |  \genblk1[12].mac_i  |mac_2             |    16|
|7     |  \genblk1[13].mac_i  |mac_3             |    13|
|8     |  \genblk1[14].mac_i  |mac_4             |    15|
|9     |  \genblk1[15].mac_i  |mac_5             |    41|
|10    |  \genblk1[1].mac_i   |mac_6             |    14|
|11    |  \genblk1[2].mac_i   |mac_7             |    14|
|12    |  \genblk1[3].mac_i   |mac_8             |    32|
|13    |  \genblk1[4].mac_i   |mac_9             |    13|
|14    |  \genblk1[5].mac_i   |mac_10            |    40|
|15    |  \genblk1[6].mac_i   |mac_11            |     2|
|16    |  \genblk1[7].mac_i   |mac_12            |    40|
|17    |  \genblk1[8].mac_i   |mac_13            |     2|
|18    |  \genblk1[9].mac_i   |mac_14            |    35|
+------+----------------------+------------------+------+
---------------------------------------------------------------------------------
Finished Writing Synthesis Report : Time (s): cpu = 00:01:54 ; elapsed = 00:02:00 . Memory (MB): peak = 2219.879 ; gain = 821.883 ; free physical = 3322 ; free virtual = 6600
---------------------------------------------------------------------------------
Synthesis finished with 0 errors, 0 critical warnings and 0 warnings.
Synthesis Optimization Runtime : Time (s): cpu = 00:01:38 ; elapsed = 00:01:42 . Memory (MB): peak = 2219.879 ; gain = 305.266 ; free physical = 3390 ; free virtual = 6668
Synthesis Optimization Complete : Time (s): cpu = 00:01:54 ; elapsed = 00:02:00 . Memory (MB): peak = 2219.887 ; gain = 821.883 ; free physical = 3390 ; free virtual = 6668
INFO: [Project 1-571] Translating synthesized netlist
INFO: [Netlist 29-17] Analyzing 715 Unisim elements for replacement
INFO: [Netlist 29-28] Unisim Transformation completed in 0 CPU seconds
INFO: [Project 1-570] Preparing netlist for logic optimization
Parsing XDC File [/home/gsaied/Desktop/old_rtl/fire2_squeeze/squeeze_fire2.xdc]
Finished Parsing XDC File [/home/gsaied/Desktop/old_rtl/fire2_squeeze/squeeze_fire2.xdc]
INFO: [Opt 31-138] Pushed 0 inverter(s) to 0 load pin(s).
Netlist sorting complete. Time (s): cpu = 00:00:00 ; elapsed = 00:00:00.01 . Memory (MB): peak = 2219.887 ; gain = 0.000 ; free physical = 3330 ; free virtual = 6599
INFO: [Project 1-111] Unisim Transformation Summary:
No Unisim elements were transformed.

INFO: [Common 17-83] Releasing license: Synthesis
71 Infos, 16 Warnings, 0 Critical Warnings and 0 Errors encountered.
synth_design completed successfully
synth_design: Time (s): cpu = 00:01:59 ; elapsed = 00:02:04 . Memory (MB): peak = 2219.887 ; gain = 829.895 ; free physical = 3521 ; free virtual = 6791
# write_checkpoint -force post_synth.dcp
Netlist sorting complete. Time (s): cpu = 00:00:00 ; elapsed = 00:00:00 . Memory (MB): peak = 2219.887 ; gain = 0.000 ; free physical = 3521 ; free virtual = 6791
INFO: [Timing 38-480] Writing timing data to binary archive.
Netlist sorting complete. Time (s): cpu = 00:00:00 ; elapsed = 00:00:00 . Memory (MB): peak = 2251.895 ; gain = 0.000 ; free physical = 3517 ; free virtual = 6789
INFO: [Common 17-1381] The checkpoint '/home/gsaied/Desktop/old_rtl/fire2_squeeze/post_synth.dcp' has been generated.
# report_utilization -file utiliziation.rpt
# report_utilization -hierarchical -file hierarchical_utilization.rpt
# report_timing -max_paths 50 -file timing.rpt
INFO: [Timing 38-91] UpdateTimingParams: Speed grade: -3, Delay Type: max.
INFO: [Timing 38-191] Multithreading enabled for timing update using a maximum of 4 CPUs
INFO: [Timing 38-35] Done setting XDC timing constraints.
INFO: [Timing 38-78] ReportTimingParams: -max_paths 50 -nworst 1 -delay_type max -sort_by slack.
report_timing: Time (s): cpu = 00:00:14 ; elapsed = 00:00:14 . Memory (MB): peak = 2558.664 ; gain = 306.770 ; free physical = 2988 ; free virtual = 6270
# report_design_analysis -file design.rpt
vi utiliziation.rpt 
WARNING: [Common 17-259] Unknown Tcl command 'vi utiliziation.rpt' sending command to the OS shell for execution. It is recommended to use 'exec' to send the command to the OS shell.
exit
INFO: [Common 17-206] Exiting Vivado at Sat Feb 29 01:15:11 2020...
