#-----------------------------------------------------------
# Vivado v2018.3 (64-bit)
# SW Build 2405991 on Thu Dec  6 23:36:41 MST 2018
# IP Build 2404404 on Fri Dec  7 01:43:56 MST 2018
# Start of session at: Mon Feb 24 20:03:48 2020
# Process ID: 11152
# Current directory: /home/gsaied/Desktop/old_rtl/fire2_squeeze
# Command line: vivado -mode tcl
# Log file: /home/gsaied/Desktop/old_rtl/fire2_squeeze/vivado.log
# Journal file: /home/gsaied/Desktop/old_rtl/fire2_squeeze/vivado.jou
#-----------------------------------------------------------
read_verilog -sv [ glob *.sv ]
/home/gsaied/Desktop/old_rtl/fire2_squeeze/mac.sv /home/gsaied/Desktop/old_rtl/fire2_squeeze/rom_fire2_squeeze.sv /home/gsaied/Desktop/old_rtl/fire2_squeeze/biasing_fire2_squeeze.sv /home/gsaied/Desktop/old_rtl/fire2_squeeze/top_fire2_squeeze.sv /home/gsaied/Desktop/old_rtl/fire2_squeeze/fire2_squeeze.sv
create_fileset -constrset cstr
cstr
add_files squeeze_fire2.xdc 
/home/gsaied/Desktop/old_rtl/fire2_squeeze/squeeze_fire2.xdc
synth_design -top [lindex [find_top] 0] -part xc7vx690t -flatten_hierarchy rebuilt
Command: synth_design -top top_squeeze_2 -part xc7vx690t -flatten_hierarchy rebuilt
Starting synth_design
Attempting to get a license for feature 'Synthesis' and/or device 'xc7vx690t'
INFO: [Common 17-349] Got license for feature 'Synthesis' and/or device 'xc7vx690t'
INFO: Launching helper process for spawning children vivado processes
INFO: Helper process launched with PID 11166 
---------------------------------------------------------------------------------
Starting RTL Elaboration : Time (s): cpu = 00:00:02 ; elapsed = 00:00:03 . Memory (MB): peak = 1424.996 ; gain = 41.793 ; free physical = 1265 ; free virtual = 4542
---------------------------------------------------------------------------------
INFO: [Synth 8-6157] synthesizing module 'top_squeeze_2' [/home/gsaied/Desktop/old_rtl/fire2_squeeze/top_fire2_squeeze.sv:1]
	Parameter WOUT bound to: 64 - type: integer 
	Parameter DSP_NO bound to: 16 - type: integer 
	Parameter W_IN bound to: 128 - type: integer 
	Parameter WIDTH bound to: 16 - type: integer 
	Parameter CHIN bound to: 64 - type: integer 
	Parameter KERNEL_DIM bound to: 3 - type: integer 
INFO: [Synth 8-6157] synthesizing module 'fire2_squeeze' [/home/gsaied/Desktop/old_rtl/fire2_squeeze/fire2_squeeze.sv:2]
	Parameter WOUT bound to: 64 - type: integer 
	Parameter DSP_NO bound to: 16 - type: integer 
	Parameter W_IN bound to: 128 - type: integer 
	Parameter WIDTH bound to: 16 - type: integer 
	Parameter CHIN bound to: 64 - type: integer 
	Parameter KERNEL_DIM bound to: 3 - type: integer 
INFO: [Synth 8-6157] synthesizing module 'mac' [/home/gsaied/Desktop/old_rtl/fire2_squeeze/mac.sv:1]
INFO: [Synth 8-6155] done synthesizing module 'mac' (1#1) [/home/gsaied/Desktop/old_rtl/fire2_squeeze/mac.sv:1]
INFO: [Synth 8-6157] synthesizing module 'biasing_fire2_squeeze' [/home/gsaied/Desktop/old_rtl/fire2_squeeze/biasing_fire2_squeeze.sv:2]
INFO: [Synth 8-6155] done synthesizing module 'biasing_fire2_squeeze' (2#1) [/home/gsaied/Desktop/old_rtl/fire2_squeeze/biasing_fire2_squeeze.sv:2]
INFO: [Synth 8-6157] synthesizing module 'rom_fire2_squeeze' [/home/gsaied/Desktop/old_rtl/fire2_squeeze/rom_fire2_squeeze.sv:3]
	Parameter WIDTH bound to: 16 - type: integer 
	Parameter KERNEL bound to: 3 - type: integer 
	Parameter ADDR bound to: 10 - type: integer 
	Parameter NUM bound to: 16 - type: integer 
INFO: [Synth 8-5534] Detected attribute (* rom_style = "{block}" *) [/home/gsaied/Desktop/old_rtl/fire2_squeeze/rom_fire2_squeeze.sv:16]
INFO: [Synth 8-5534] Detected attribute (* rom_style = "{block}" *) [/home/gsaied/Desktop/old_rtl/fire2_squeeze/rom_fire2_squeeze.sv:19]
INFO: [Synth 8-5534] Detected attribute (* rom_style = "{block}" *) [/home/gsaied/Desktop/old_rtl/fire2_squeeze/rom_fire2_squeeze.sv:22]
INFO: [Synth 8-5534] Detected attribute (* rom_style = "{block}" *) [/home/gsaied/Desktop/old_rtl/fire2_squeeze/rom_fire2_squeeze.sv:25]
INFO: [Synth 8-5534] Detected attribute (* rom_style = "{block}" *) [/home/gsaied/Desktop/old_rtl/fire2_squeeze/rom_fire2_squeeze.sv:28]
INFO: [Synth 8-5534] Detected attribute (* rom_style = "{block}" *) [/home/gsaied/Desktop/old_rtl/fire2_squeeze/rom_fire2_squeeze.sv:31]
INFO: [Synth 8-5534] Detected attribute (* rom_style = "{block}" *) [/home/gsaied/Desktop/old_rtl/fire2_squeeze/rom_fire2_squeeze.sv:34]
INFO: [Synth 8-5534] Detected attribute (* rom_style = "{block}" *) [/home/gsaied/Desktop/old_rtl/fire2_squeeze/rom_fire2_squeeze.sv:37]
INFO: [Synth 8-5534] Detected attribute (* rom_style = "{block}" *) [/home/gsaied/Desktop/old_rtl/fire2_squeeze/rom_fire2_squeeze.sv:40]
INFO: [Synth 8-5534] Detected attribute (* rom_style = "{block}" *) [/home/gsaied/Desktop/old_rtl/fire2_squeeze/rom_fire2_squeeze.sv:43]
INFO: [Synth 8-5534] Detected attribute (* rom_style = "{block}" *) [/home/gsaied/Desktop/old_rtl/fire2_squeeze/rom_fire2_squeeze.sv:46]
INFO: [Synth 8-5534] Detected attribute (* rom_style = "{block}" *) [/home/gsaied/Desktop/old_rtl/fire2_squeeze/rom_fire2_squeeze.sv:49]
INFO: [Synth 8-5534] Detected attribute (* rom_style = "{block}" *) [/home/gsaied/Desktop/old_rtl/fire2_squeeze/rom_fire2_squeeze.sv:52]
INFO: [Synth 8-5534] Detected attribute (* rom_style = "{block}" *) [/home/gsaied/Desktop/old_rtl/fire2_squeeze/rom_fire2_squeeze.sv:55]
INFO: [Synth 8-5534] Detected attribute (* rom_style = "{block}" *) [/home/gsaied/Desktop/old_rtl/fire2_squeeze/rom_fire2_squeeze.sv:58]
INFO: [Synth 8-5534] Detected attribute (* rom_style = "{block}" *) [/home/gsaied/Desktop/old_rtl/fire2_squeeze/rom_fire2_squeeze.sv:61]
INFO: [Synth 8-3876] $readmem data file 'file_fire2_squeeze_1.mem' is read successfully [/home/gsaied/Desktop/old_rtl/fire2_squeeze/rom_fire2_squeeze.sv:63]
INFO: [Synth 8-3876] $readmem data file 'file_fire2_squeeze_2.mem' is read successfully [/home/gsaied/Desktop/old_rtl/fire2_squeeze/rom_fire2_squeeze.sv:64]
INFO: [Synth 8-3876] $readmem data file 'file_fire2_squeeze_3.mem' is read successfully [/home/gsaied/Desktop/old_rtl/fire2_squeeze/rom_fire2_squeeze.sv:65]
INFO: [Synth 8-3876] $readmem data file 'file_fire2_squeeze_4.mem' is read successfully [/home/gsaied/Desktop/old_rtl/fire2_squeeze/rom_fire2_squeeze.sv:66]
INFO: [Synth 8-3876] $readmem data file 'file_fire2_squeeze_5.mem' is read successfully [/home/gsaied/Desktop/old_rtl/fire2_squeeze/rom_fire2_squeeze.sv:67]
INFO: [Synth 8-3876] $readmem data file 'file_fire2_squeeze_6.mem' is read successfully [/home/gsaied/Desktop/old_rtl/fire2_squeeze/rom_fire2_squeeze.sv:68]
INFO: [Synth 8-3876] $readmem data file 'file_fire2_squeeze_7.mem' is read successfully [/home/gsaied/Desktop/old_rtl/fire2_squeeze/rom_fire2_squeeze.sv:69]
INFO: [Synth 8-3876] $readmem data file 'file_fire2_squeeze_8.mem' is read successfully [/home/gsaied/Desktop/old_rtl/fire2_squeeze/rom_fire2_squeeze.sv:70]
INFO: [Synth 8-3876] $readmem data file 'file_fire2_squeeze_9.mem' is read successfully [/home/gsaied/Desktop/old_rtl/fire2_squeeze/rom_fire2_squeeze.sv:71]
INFO: [Synth 8-3876] $readmem data file 'file_fire2_squeeze_10.mem' is read successfully [/home/gsaied/Desktop/old_rtl/fire2_squeeze/rom_fire2_squeeze.sv:72]
INFO: [Synth 8-3876] $readmem data file 'file_fire2_squeeze_11.mem' is read successfully [/home/gsaied/Desktop/old_rtl/fire2_squeeze/rom_fire2_squeeze.sv:73]
INFO: [Synth 8-3876] $readmem data file 'file_fire2_squeeze_12.mem' is read successfully [/home/gsaied/Desktop/old_rtl/fire2_squeeze/rom_fire2_squeeze.sv:74]
INFO: [Synth 8-3876] $readmem data file 'file_fire2_squeeze_13.mem' is read successfully [/home/gsaied/Desktop/old_rtl/fire2_squeeze/rom_fire2_squeeze.sv:75]
INFO: [Synth 8-3876] $readmem data file 'file_fire2_squeeze_14.mem' is read successfully [/home/gsaied/Desktop/old_rtl/fire2_squeeze/rom_fire2_squeeze.sv:76]
INFO: [Synth 8-3876] $readmem data file 'file_fire2_squeeze_15.mem' is read successfully [/home/gsaied/Desktop/old_rtl/fire2_squeeze/rom_fire2_squeeze.sv:77]
INFO: [Synth 8-3876] $readmem data file 'file_fire2_squeeze_16.mem' is read successfully [/home/gsaied/Desktop/old_rtl/fire2_squeeze/rom_fire2_squeeze.sv:78]
INFO: [Synth 8-6155] done synthesizing module 'rom_fire2_squeeze' (3#1) [/home/gsaied/Desktop/old_rtl/fire2_squeeze/rom_fire2_squeeze.sv:3]
WARNING: [Synth 8-3936] Found unconnected internal register 'ofmw2_reg[0]' and it is trimmed from '33' to '32' bits. [/home/gsaied/Desktop/old_rtl/fire2_squeeze/fire2_squeeze.sv:107]
WARNING: [Synth 8-3936] Found unconnected internal register 'ofmw2_reg[1]' and it is trimmed from '33' to '32' bits. [/home/gsaied/Desktop/old_rtl/fire2_squeeze/fire2_squeeze.sv:107]
WARNING: [Synth 8-3936] Found unconnected internal register 'ofmw2_reg[2]' and it is trimmed from '33' to '32' bits. [/home/gsaied/Desktop/old_rtl/fire2_squeeze/fire2_squeeze.sv:107]
WARNING: [Synth 8-3936] Found unconnected internal register 'ofmw2_reg[3]' and it is trimmed from '33' to '32' bits. [/home/gsaied/Desktop/old_rtl/fire2_squeeze/fire2_squeeze.sv:107]
WARNING: [Synth 8-3936] Found unconnected internal register 'ofmw2_reg[4]' and it is trimmed from '33' to '32' bits. [/home/gsaied/Desktop/old_rtl/fire2_squeeze/fire2_squeeze.sv:107]
WARNING: [Synth 8-3936] Found unconnected internal register 'ofmw2_reg[5]' and it is trimmed from '33' to '32' bits. [/home/gsaied/Desktop/old_rtl/fire2_squeeze/fire2_squeeze.sv:107]
WARNING: [Synth 8-3936] Found unconnected internal register 'ofmw2_reg[6]' and it is trimmed from '33' to '32' bits. [/home/gsaied/Desktop/old_rtl/fire2_squeeze/fire2_squeeze.sv:107]
WARNING: [Synth 8-3936] Found unconnected internal register 'ofmw2_reg[7]' and it is trimmed from '33' to '32' bits. [/home/gsaied/Desktop/old_rtl/fire2_squeeze/fire2_squeeze.sv:107]
WARNING: [Synth 8-3936] Found unconnected internal register 'ofmw2_reg[8]' and it is trimmed from '33' to '32' bits. [/home/gsaied/Desktop/old_rtl/fire2_squeeze/fire2_squeeze.sv:107]
WARNING: [Synth 8-3936] Found unconnected internal register 'ofmw2_reg[9]' and it is trimmed from '33' to '32' bits. [/home/gsaied/Desktop/old_rtl/fire2_squeeze/fire2_squeeze.sv:107]
WARNING: [Synth 8-3936] Found unconnected internal register 'ofmw2_reg[10]' and it is trimmed from '33' to '32' bits. [/home/gsaied/Desktop/old_rtl/fire2_squeeze/fire2_squeeze.sv:107]
WARNING: [Synth 8-3936] Found unconnected internal register 'ofmw2_reg[11]' and it is trimmed from '33' to '32' bits. [/home/gsaied/Desktop/old_rtl/fire2_squeeze/fire2_squeeze.sv:107]
WARNING: [Synth 8-3936] Found unconnected internal register 'ofmw2_reg[12]' and it is trimmed from '33' to '32' bits. [/home/gsaied/Desktop/old_rtl/fire2_squeeze/fire2_squeeze.sv:107]
WARNING: [Synth 8-3936] Found unconnected internal register 'ofmw2_reg[13]' and it is trimmed from '33' to '32' bits. [/home/gsaied/Desktop/old_rtl/fire2_squeeze/fire2_squeeze.sv:107]
WARNING: [Synth 8-3936] Found unconnected internal register 'ofmw2_reg[14]' and it is trimmed from '33' to '32' bits. [/home/gsaied/Desktop/old_rtl/fire2_squeeze/fire2_squeeze.sv:107]
WARNING: [Synth 8-3936] Found unconnected internal register 'ofmw2_reg[15]' and it is trimmed from '33' to '32' bits. [/home/gsaied/Desktop/old_rtl/fire2_squeeze/fire2_squeeze.sv:107]
INFO: [Synth 8-6155] done synthesizing module 'fire2_squeeze' (4#1) [/home/gsaied/Desktop/old_rtl/fire2_squeeze/fire2_squeeze.sv:2]
INFO: [Synth 8-6155] done synthesizing module 'top_squeeze_2' (5#1) [/home/gsaied/Desktop/old_rtl/fire2_squeeze/top_fire2_squeeze.sv:1]
---------------------------------------------------------------------------------
Finished RTL Elaboration : Time (s): cpu = 00:00:03 ; elapsed = 00:00:04 . Memory (MB): peak = 1471.746 ; gain = 88.543 ; free physical = 1256 ; free virtual = 4543
---------------------------------------------------------------------------------

Report Check Netlist: 
+------+------------------+-------+---------+-------+------------------+
|      |Item              |Errors |Warnings |Status |Description       |
+------+------------------+-------+---------+-------+------------------+
|1     |multi_driven_nets |      0|        0|Passed |Multi driven nets |
+------+------------------+-------+---------+-------+------------------+
---------------------------------------------------------------------------------
Start Handling Custom Attributes
---------------------------------------------------------------------------------
---------------------------------------------------------------------------------
Finished Handling Custom Attributes : Time (s): cpu = 00:00:04 ; elapsed = 00:00:04 . Memory (MB): peak = 1471.746 ; gain = 88.543 ; free physical = 1259 ; free virtual = 4545
---------------------------------------------------------------------------------
---------------------------------------------------------------------------------
Finished RTL Optimization Phase 1 : Time (s): cpu = 00:00:04 ; elapsed = 00:00:04 . Memory (MB): peak = 1471.746 ; gain = 88.543 ; free physical = 1259 ; free virtual = 4545
---------------------------------------------------------------------------------
INFO: [Device 21-403] Loading part xc7vx690tffg1157-3
INFO: [Project 1-570] Preparing netlist for logic optimization

Processing XDC Constraints
Initializing timing engine
Parsing XDC File [/home/gsaied/Desktop/old_rtl/fire2_squeeze/squeeze_fire2.xdc]
CRITICAL WARNING: [Common 17-1548] Command failed: wrong # args: should be "set varName ?newValue?"
 [/home/gsaied/Desktop/old_rtl/fire2_squeeze/squeeze_fire2.xdc:2]
CRITICAL WARNING: [Common 17-1548] Command failed: wrong # args: should be "set varName ?newValue?"
 [/home/gsaied/Desktop/old_rtl/fire2_squeeze/squeeze_fire2.xdc:3]
Finished Parsing XDC File [/home/gsaied/Desktop/old_rtl/fire2_squeeze/squeeze_fire2.xdc]
Completed Processing XDC Constraints

Netlist sorting complete. Time (s): cpu = 00:00:00 ; elapsed = 00:00:00.01 . Memory (MB): peak = 1989.035 ; gain = 0.000 ; free physical = 711 ; free virtual = 4095
INFO: [Project 1-111] Unisim Transformation Summary:
No Unisim elements were transformed.

Netlist sorting complete. Time (s): cpu = 00:00:00 ; elapsed = 00:00:00 . Memory (MB): peak = 1989.035 ; gain = 0.000 ; free physical = 711 ; free virtual = 4094
Constraint Validation Runtime : Time (s): cpu = 00:00:00.03 ; elapsed = 00:00:00.03 . Memory (MB): peak = 1989.035 ; gain = 0.000 ; free physical = 711 ; free virtual = 4094
---------------------------------------------------------------------------------
Finished Constraint Validation : Time (s): cpu = 00:00:19 ; elapsed = 00:00:22 . Memory (MB): peak = 1989.035 ; gain = 605.832 ; free physical = 810 ; free virtual = 4186
---------------------------------------------------------------------------------
---------------------------------------------------------------------------------
Start Loading Part and Timing Information
---------------------------------------------------------------------------------
Loading part: xc7vx690tffg1157-3
---------------------------------------------------------------------------------
Finished Loading Part and Timing Information : Time (s): cpu = 00:00:19 ; elapsed = 00:00:22 . Memory (MB): peak = 1989.035 ; gain = 605.832 ; free physical = 810 ; free virtual = 4186
---------------------------------------------------------------------------------
---------------------------------------------------------------------------------
Start Applying 'set_property' XDC Constraints
---------------------------------------------------------------------------------
---------------------------------------------------------------------------------
Finished applying 'set_property' XDC Constraints : Time (s): cpu = 00:00:19 ; elapsed = 00:00:22 . Memory (MB): peak = 1989.035 ; gain = 605.832 ; free physical = 808 ; free virtual = 4188
---------------------------------------------------------------------------------
INFO: [Synth 8-5546] ROM "rom_6" won't be mapped to RAM because it is too sparse
INFO: [Synth 8-5546] ROM "clr_pulse" won't be mapped to RAM because it is too sparse
INFO: [Synth 8-5546] ROM "clr_pulse" won't be mapped to RAM because it is too sparse
INFO: [Synth 8-5546] ROM "rom_clr_pulse" won't be mapped to RAM because it is too sparse
INFO: [Synth 8-5546] ROM "fire2_squeeze_end" won't be mapped to RAM because it is too sparse
---------------------------------------------------------------------------------
Finished RTL Optimization Phase 2 : Time (s): cpu = 00:00:20 ; elapsed = 00:00:23 . Memory (MB): peak = 1989.035 ; gain = 605.832 ; free physical = 784 ; free virtual = 4168
---------------------------------------------------------------------------------

Report RTL Partitions: 
+-+--------------+------------+----------+
| |RTL Partition |Replication |Instances |
+-+--------------+------------+----------+
+-+--------------+------------+----------+
---------------------------------------------------------------------------------
Start RTL Component Statistics 
---------------------------------------------------------------------------------
Detailed RTL Component Info : 
+---Adders : 
	   2 Input     32 Bit       Adders := 16    
	   2 Input     11 Bit       Adders := 1     
	   2 Input     10 Bit       Adders := 1     
+---Registers : 
	               33 Bit    Registers := 16    
	               16 Bit    Registers := 48    
	               11 Bit    Registers := 1     
	               10 Bit    Registers := 1     
	                1 Bit    Registers := 5     
+---ROMs : 
	                              ROMs := 15    
+---Muxes : 
	 577 Input     16 Bit        Muxes := 1     
	   3 Input     11 Bit        Muxes := 1     
	   2 Input     11 Bit        Muxes := 1     
	   2 Input     10 Bit        Muxes := 1     
	   3 Input      2 Bit        Muxes := 1     
	   2 Input      1 Bit        Muxes := 6     
---------------------------------------------------------------------------------
Finished RTL Component Statistics 
---------------------------------------------------------------------------------
---------------------------------------------------------------------------------
Start RTL Hierarchical Component Statistics 
---------------------------------------------------------------------------------
Hierarchical RTL Component report 
Module rom_fire2_squeeze 
Detailed RTL Component Info : 
+---Registers : 
	               16 Bit    Registers := 16    
+---ROMs : 
	                              ROMs := 15    
+---Muxes : 
	 577 Input     16 Bit        Muxes := 1     
Module mac 
Detailed RTL Component Info : 
+---Registers : 
	               33 Bit    Registers := 1     
Module fire2_squeeze 
Detailed RTL Component Info : 
+---Adders : 
	   2 Input     32 Bit       Adders := 16    
	   2 Input     11 Bit       Adders := 1     
	   2 Input     10 Bit       Adders := 1     
+---Registers : 
	               16 Bit    Registers := 32    
	               11 Bit    Registers := 1     
	               10 Bit    Registers := 1     
	                1 Bit    Registers := 5     
+---Muxes : 
	   3 Input     11 Bit        Muxes := 1     
	   2 Input     11 Bit        Muxes := 1     
	   2 Input     10 Bit        Muxes := 1     
	   3 Input      2 Bit        Muxes := 1     
	   2 Input      1 Bit        Muxes := 6     
---------------------------------------------------------------------------------
Finished RTL Hierarchical Component Statistics
---------------------------------------------------------------------------------
---------------------------------------------------------------------------------
Start Part Resource Summary
---------------------------------------------------------------------------------
Part Resources:
DSPs: 3600 (col length:200)
BRAMs: 2940 (col length: RAMB18 200 RAMB36 100)
---------------------------------------------------------------------------------
Finished Part Resource Summary
---------------------------------------------------------------------------------
---------------------------------------------------------------------------------
Start Cross Boundary and Area Optimization
---------------------------------------------------------------------------------
Warning: Parallel synthesis criteria is not met 
INFO: [Synth 8-5546] ROM "ug/fire2_squeeze_end" won't be mapped to RAM because it is too sparse
INFO: [Synth 8-5546] ROM "ug/clr_pulse" won't be mapped to RAM because it is too sparse
INFO: [Synth 8-5546] ROM "ug/clr_pulse" won't be mapped to RAM because it is too sparse
INFO: [Synth 8-5546] ROM "ug/rom_clr_pulse" won't be mapped to RAM because it is too sparse
DSP Report: Generating DSP ug/genblk1[0].mac_i/mul_out_reg, operation Mode is: (P+A*B2)'.
DSP Report: register ug/kernel_regs_reg[0] is absorbed into DSP ug/genblk1[0].mac_i/mul_out_reg.
DSP Report: register ug/genblk1[0].mac_i/mul_out_reg is absorbed into DSP ug/genblk1[0].mac_i/mul_out_reg.
DSP Report: operator ug/genblk1[0].mac_i/intermed is absorbed into DSP ug/genblk1[0].mac_i/mul_out_reg.
DSP Report: operator ug/genblk1[0].mac_i/intermed0 is absorbed into DSP ug/genblk1[0].mac_i/mul_out_reg.
DSP Report: Generating DSP ug/genblk1[1].mac_i/mul_out_reg, operation Mode is: (P+A*B2)'.
DSP Report: register ug/kernel_regs_reg[1] is absorbed into DSP ug/genblk1[1].mac_i/mul_out_reg.
DSP Report: register ug/genblk1[1].mac_i/mul_out_reg is absorbed into DSP ug/genblk1[1].mac_i/mul_out_reg.
DSP Report: operator ug/genblk1[1].mac_i/intermed is absorbed into DSP ug/genblk1[1].mac_i/mul_out_reg.
DSP Report: operator ug/genblk1[1].mac_i/intermed0 is absorbed into DSP ug/genblk1[1].mac_i/mul_out_reg.
DSP Report: Generating DSP ug/genblk1[2].mac_i/mul_out_reg, operation Mode is: (P+A*B2)'.
DSP Report: register ug/kernel_regs_reg[2] is absorbed into DSP ug/genblk1[2].mac_i/mul_out_reg.
DSP Report: register ug/genblk1[2].mac_i/mul_out_reg is absorbed into DSP ug/genblk1[2].mac_i/mul_out_reg.
DSP Report: operator ug/genblk1[2].mac_i/intermed is absorbed into DSP ug/genblk1[2].mac_i/mul_out_reg.
DSP Report: operator ug/genblk1[2].mac_i/intermed0 is absorbed into DSP ug/genblk1[2].mac_i/mul_out_reg.
DSP Report: Generating DSP ug/genblk1[3].mac_i/mul_out_reg, operation Mode is: (P+A*B2)'.
DSP Report: register ug/kernel_regs_reg[3] is absorbed into DSP ug/genblk1[3].mac_i/mul_out_reg.
DSP Report: register ug/genblk1[3].mac_i/mul_out_reg is absorbed into DSP ug/genblk1[3].mac_i/mul_out_reg.
DSP Report: operator ug/genblk1[3].mac_i/intermed is absorbed into DSP ug/genblk1[3].mac_i/mul_out_reg.
DSP Report: operator ug/genblk1[3].mac_i/intermed0 is absorbed into DSP ug/genblk1[3].mac_i/mul_out_reg.
DSP Report: Generating DSP ug/genblk1[4].mac_i/mul_out_reg, operation Mode is: (P+A*B2)'.
DSP Report: register ug/kernel_regs_reg[4] is absorbed into DSP ug/genblk1[4].mac_i/mul_out_reg.
DSP Report: register ug/genblk1[4].mac_i/mul_out_reg is absorbed into DSP ug/genblk1[4].mac_i/mul_out_reg.
DSP Report: operator ug/genblk1[4].mac_i/intermed is absorbed into DSP ug/genblk1[4].mac_i/mul_out_reg.
DSP Report: operator ug/genblk1[4].mac_i/intermed0 is absorbed into DSP ug/genblk1[4].mac_i/mul_out_reg.
DSP Report: Generating DSP ug/genblk1[5].mac_i/mul_out_reg, operation Mode is: (P+A*B2)'.
DSP Report: register ug/kernel_regs_reg[5] is absorbed into DSP ug/genblk1[5].mac_i/mul_out_reg.
DSP Report: register ug/genblk1[5].mac_i/mul_out_reg is absorbed into DSP ug/genblk1[5].mac_i/mul_out_reg.
DSP Report: operator ug/genblk1[5].mac_i/intermed is absorbed into DSP ug/genblk1[5].mac_i/mul_out_reg.
DSP Report: operator ug/genblk1[5].mac_i/intermed0 is absorbed into DSP ug/genblk1[5].mac_i/mul_out_reg.
DSP Report: Generating DSP ug/genblk1[6].mac_i/mul_out_reg, operation Mode is: (P+A*B2)'.
DSP Report: register ug/kernel_regs_reg[6] is absorbed into DSP ug/genblk1[6].mac_i/mul_out_reg.
DSP Report: register ug/genblk1[6].mac_i/mul_out_reg is absorbed into DSP ug/genblk1[6].mac_i/mul_out_reg.
DSP Report: operator ug/genblk1[6].mac_i/intermed is absorbed into DSP ug/genblk1[6].mac_i/mul_out_reg.
DSP Report: operator ug/genblk1[6].mac_i/intermed0 is absorbed into DSP ug/genblk1[6].mac_i/mul_out_reg.
DSP Report: Generating DSP ug/genblk1[7].mac_i/mul_out_reg, operation Mode is: (P+A*B2)'.
DSP Report: register ug/kernel_regs_reg[7] is absorbed into DSP ug/genblk1[7].mac_i/mul_out_reg.
DSP Report: register ug/genblk1[7].mac_i/mul_out_reg is absorbed into DSP ug/genblk1[7].mac_i/mul_out_reg.
DSP Report: operator ug/genblk1[7].mac_i/intermed is absorbed into DSP ug/genblk1[7].mac_i/mul_out_reg.
DSP Report: operator ug/genblk1[7].mac_i/intermed0 is absorbed into DSP ug/genblk1[7].mac_i/mul_out_reg.
DSP Report: Generating DSP ug/genblk1[8].mac_i/mul_out_reg, operation Mode is: (P+A*B2)'.
DSP Report: register ug/kernel_regs_reg[8] is absorbed into DSP ug/genblk1[8].mac_i/mul_out_reg.
DSP Report: register ug/genblk1[8].mac_i/mul_out_reg is absorbed into DSP ug/genblk1[8].mac_i/mul_out_reg.
DSP Report: operator ug/genblk1[8].mac_i/intermed is absorbed into DSP ug/genblk1[8].mac_i/mul_out_reg.
DSP Report: operator ug/genblk1[8].mac_i/intermed0 is absorbed into DSP ug/genblk1[8].mac_i/mul_out_reg.
DSP Report: Generating DSP ug/genblk1[9].mac_i/mul_out_reg, operation Mode is: (P+A*B2)'.
DSP Report: register ug/kernel_regs_reg[9] is absorbed into DSP ug/genblk1[9].mac_i/mul_out_reg.
DSP Report: register ug/genblk1[9].mac_i/mul_out_reg is absorbed into DSP ug/genblk1[9].mac_i/mul_out_reg.
DSP Report: operator ug/genblk1[9].mac_i/intermed is absorbed into DSP ug/genblk1[9].mac_i/mul_out_reg.
DSP Report: operator ug/genblk1[9].mac_i/intermed0 is absorbed into DSP ug/genblk1[9].mac_i/mul_out_reg.
DSP Report: Generating DSP ug/genblk1[10].mac_i/mul_out_reg, operation Mode is: (P+A*B2)'.
DSP Report: register ug/kernel_regs_reg[10] is absorbed into DSP ug/genblk1[10].mac_i/mul_out_reg.
DSP Report: register ug/genblk1[10].mac_i/mul_out_reg is absorbed into DSP ug/genblk1[10].mac_i/mul_out_reg.
DSP Report: operator ug/genblk1[10].mac_i/intermed is absorbed into DSP ug/genblk1[10].mac_i/mul_out_reg.
DSP Report: operator ug/genblk1[10].mac_i/intermed0 is absorbed into DSP ug/genblk1[10].mac_i/mul_out_reg.
DSP Report: Generating DSP ug/genblk1[11].mac_i/mul_out_reg, operation Mode is: (P+A*B2)'.
DSP Report: register ug/kernel_regs_reg[11] is absorbed into DSP ug/genblk1[11].mac_i/mul_out_reg.
DSP Report: register ug/genblk1[11].mac_i/mul_out_reg is absorbed into DSP ug/genblk1[11].mac_i/mul_out_reg.
DSP Report: operator ug/genblk1[11].mac_i/intermed is absorbed into DSP ug/genblk1[11].mac_i/mul_out_reg.
DSP Report: operator ug/genblk1[11].mac_i/intermed0 is absorbed into DSP ug/genblk1[11].mac_i/mul_out_reg.
DSP Report: Generating DSP ug/genblk1[12].mac_i/mul_out_reg, operation Mode is: (P+A*B2)'.
DSP Report: register ug/kernel_regs_reg[12] is absorbed into DSP ug/genblk1[12].mac_i/mul_out_reg.
DSP Report: register ug/genblk1[12].mac_i/mul_out_reg is absorbed into DSP ug/genblk1[12].mac_i/mul_out_reg.
DSP Report: operator ug/genblk1[12].mac_i/intermed is absorbed into DSP ug/genblk1[12].mac_i/mul_out_reg.
DSP Report: operator ug/genblk1[12].mac_i/intermed0 is absorbed into DSP ug/genblk1[12].mac_i/mul_out_reg.
DSP Report: Generating DSP ug/genblk1[13].mac_i/mul_out_reg, operation Mode is: (P+A*B2)'.
DSP Report: register ug/kernel_regs_reg[13] is absorbed into DSP ug/genblk1[13].mac_i/mul_out_reg.
DSP Report: register ug/genblk1[13].mac_i/mul_out_reg is absorbed into DSP ug/genblk1[13].mac_i/mul_out_reg.
DSP Report: operator ug/genblk1[13].mac_i/intermed is absorbed into DSP ug/genblk1[13].mac_i/mul_out_reg.
DSP Report: operator ug/genblk1[13].mac_i/intermed0 is absorbed into DSP ug/genblk1[13].mac_i/mul_out_reg.
DSP Report: Generating DSP ug/genblk1[14].mac_i/mul_out_reg, operation Mode is: (P+A*B2)'.
DSP Report: register ug/kernel_regs_reg[14] is absorbed into DSP ug/genblk1[14].mac_i/mul_out_reg.
DSP Report: register ug/genblk1[14].mac_i/mul_out_reg is absorbed into DSP ug/genblk1[14].mac_i/mul_out_reg.
DSP Report: operator ug/genblk1[14].mac_i/intermed is absorbed into DSP ug/genblk1[14].mac_i/mul_out_reg.
DSP Report: operator ug/genblk1[14].mac_i/intermed0 is absorbed into DSP ug/genblk1[14].mac_i/mul_out_reg.
DSP Report: Generating DSP ug/genblk1[15].mac_i/mul_out_reg, operation Mode is: (P+A*B2)'.
DSP Report: register ug/kernel_regs_reg[15] is absorbed into DSP ug/genblk1[15].mac_i/mul_out_reg.
DSP Report: register ug/genblk1[15].mac_i/mul_out_reg is absorbed into DSP ug/genblk1[15].mac_i/mul_out_reg.
DSP Report: operator ug/genblk1[15].mac_i/intermed is absorbed into DSP ug/genblk1[15].mac_i/mul_out_reg.
DSP Report: operator ug/genblk1[15].mac_i/intermed0 is absorbed into DSP ug/genblk1[15].mac_i/mul_out_reg.
---------------------------------------------------------------------------------
Finished Cross Boundary and Area Optimization : Time (s): cpu = 00:00:24 ; elapsed = 00:00:27 . Memory (MB): peak = 1989.035 ; gain = 605.832 ; free physical = 782 ; free virtual = 4172
---------------------------------------------------------------------------------
---------------------------------------------------------------------------------
Start ROM, RAM, DSP and Shift Register Reporting
---------------------------------------------------------------------------------

ROM:
+------------------+-----------------+---------------+----------------+
|Module Name       | RTL Object      | Depth x Width | Implemented As | 
+------------------+-----------------+---------------+----------------+
|rom_fire2_squeeze | rom_out_reg[0]  | 1024x16       | Block RAM      | 
|rom_fire2_squeeze | rom_out_reg[1]  | 1024x16       | Block RAM      | 
|rom_fire2_squeeze | rom_out_reg[2]  | 1024x16       | Block RAM      | 
|rom_fire2_squeeze | rom_out_reg[3]  | 1024x16       | Block RAM      | 
|rom_fire2_squeeze | rom_out_reg[4]  | 1024x16       | Block RAM      | 
|rom_fire2_squeeze | rom_out_reg[6]  | 1024x16       | Block RAM      | 
|rom_fire2_squeeze | rom_out_reg[7]  | 1024x16       | Block RAM      | 
|rom_fire2_squeeze | rom_out_reg[8]  | 1024x16       | Block RAM      | 
|rom_fire2_squeeze | rom_out_reg[9]  | 1024x16       | Block RAM      | 
|rom_fire2_squeeze | rom_out_reg[10] | 1024x16       | Block RAM      | 
|rom_fire2_squeeze | rom_out_reg[11] | 1024x16       | Block RAM      | 
|rom_fire2_squeeze | rom_out_reg[12] | 1024x16       | Block RAM      | 
|rom_fire2_squeeze | rom_out_reg[13] | 1024x16       | Block RAM      | 
|rom_fire2_squeeze | rom_out_reg[14] | 1024x16       | Block RAM      | 
|rom_fire2_squeeze | rom_out_reg[15] | 1024x16       | Block RAM      | 
+------------------+-----------------+---------------+----------------+


DSP: Preliminary Mapping  Report (see note below)
+--------------+-------------+--------+--------+--------+--------+--------+------+------+------+------+-------+------+------+
|Module Name   | DSP Mapping | A Size | B Size | C Size | D Size | P Size | AREG | BREG | CREG | DREG | ADREG | MREG | PREG | 
+--------------+-------------+--------+--------+--------+--------+--------+------+------+------+------+-------+------+------+
|top_squeeze_2 | (P+A*B2)'   | 16     | 16     | -      | -      | 33     | 0    | 1    | -    | -    | -     | 0    | 1    | 
|top_squeeze_2 | (P+A*B2)'   | 16     | 16     | -      | -      | 33     | 0    | 1    | -    | -    | -     | 0    | 1    | 
|top_squeeze_2 | (P+A*B2)'   | 16     | 16     | -      | -      | 33     | 0    | 1    | -    | -    | -     | 0    | 1    | 
|top_squeeze_2 | (P+A*B2)'   | 16     | 16     | -      | -      | 33     | 0    | 1    | -    | -    | -     | 0    | 1    | 
|top_squeeze_2 | (P+A*B2)'   | 16     | 16     | -      | -      | 33     | 0    | 1    | -    | -    | -     | 0    | 1    | 
|top_squeeze_2 | (P+A*B2)'   | 16     | 16     | -      | -      | 33     | 0    | 1    | -    | -    | -     | 0    | 1    | 
|top_squeeze_2 | (P+A*B2)'   | 16     | 16     | -      | -      | 33     | 0    | 1    | -    | -    | -     | 0    | 1    | 
|top_squeeze_2 | (P+A*B2)'   | 16     | 16     | -      | -      | 33     | 0    | 1    | -    | -    | -     | 0    | 1    | 
|top_squeeze_2 | (P+A*B2)'   | 16     | 16     | -      | -      | 33     | 0    | 1    | -    | -    | -     | 0    | 1    | 
|top_squeeze_2 | (P+A*B2)'   | 16     | 16     | -      | -      | 33     | 0    | 1    | -    | -    | -     | 0    | 1    | 
|top_squeeze_2 | (P+A*B2)'   | 16     | 16     | -      | -      | 33     | 0    | 1    | -    | -    | -     | 0    | 1    | 
|top_squeeze_2 | (P+A*B2)'   | 16     | 16     | -      | -      | 33     | 0    | 1    | -    | -    | -     | 0    | 1    | 
|top_squeeze_2 | (P+A*B2)'   | 16     | 16     | -      | -      | 33     | 0    | 1    | -    | -    | -     | 0    | 1    | 
|top_squeeze_2 | (P+A*B2)'   | 16     | 16     | -      | -      | 33     | 0    | 1    | -    | -    | -     | 0    | 1    | 
|top_squeeze_2 | (P+A*B2)'   | 16     | 16     | -      | -      | 33     | 0    | 1    | -    | -    | -     | 0    | 1    | 
|top_squeeze_2 | (P+A*B2)'   | 16     | 16     | -      | -      | 33     | 0    | 1    | -    | -    | -     | 0    | 1    | 
+--------------+-------------+--------+--------+--------+--------+--------+------+------+------+------+-------+------+------+

Note: The table above is a preliminary report that shows the DSPs inferred at the current stage of the synthesis flow. Some DSP may be reimplemented as non DSP primitives later in the synthesis flow. Multiple instantiated DSPs are reported only once.
---------------------------------------------------------------------------------
Finished ROM, RAM, DSP and Shift Register Reporting
---------------------------------------------------------------------------------

Report RTL Partitions: 
+-+--------------+------------+----------+
| |RTL Partition |Replication |Instances |
+-+--------------+------------+----------+
+-+--------------+------------+----------+
---------------------------------------------------------------------------------
Start Applying XDC Timing Constraints
---------------------------------------------------------------------------------
---------------------------------------------------------------------------------
Finished Applying XDC Timing Constraints : Time (s): cpu = 00:00:30 ; elapsed = 00:00:33 . Memory (MB): peak = 1989.035 ; gain = 605.832 ; free physical = 669 ; free virtual = 4058
---------------------------------------------------------------------------------
---------------------------------------------------------------------------------
Start Timing Optimization
---------------------------------------------------------------------------------
---------------------------------------------------------------------------------
Finished Timing Optimization : Time (s): cpu = 00:00:30 ; elapsed = 00:00:34 . Memory (MB): peak = 1989.035 ; gain = 605.832 ; free physical = 663 ; free virtual = 4056
---------------------------------------------------------------------------------

Report RTL Partitions: 
+-+--------------+------------+----------+
| |RTL Partition |Replication |Instances |
+-+--------------+------------+----------+
+-+--------------+------------+----------+
---------------------------------------------------------------------------------
Start Technology Mapping
---------------------------------------------------------------------------------
---------------------------------------------------------------------------------
Finished Technology Mapping : Time (s): cpu = 00:00:30 ; elapsed = 00:00:34 . Memory (MB): peak = 1989.035 ; gain = 605.832 ; free physical = 664 ; free virtual = 4056
---------------------------------------------------------------------------------

Report RTL Partitions: 
+-+--------------+------------+----------+
| |RTL Partition |Replication |Instances |
+-+--------------+------------+----------+
+-+--------------+------------+----------+
---------------------------------------------------------------------------------
Start IO Insertion
---------------------------------------------------------------------------------
---------------------------------------------------------------------------------
Start Flattening Before IO Insertion
---------------------------------------------------------------------------------
---------------------------------------------------------------------------------
Finished Flattening Before IO Insertion
---------------------------------------------------------------------------------
---------------------------------------------------------------------------------
Start Final Netlist Cleanup
---------------------------------------------------------------------------------
---------------------------------------------------------------------------------
Finished Final Netlist Cleanup
---------------------------------------------------------------------------------
---------------------------------------------------------------------------------
Finished IO Insertion : Time (s): cpu = 00:00:31 ; elapsed = 00:00:35 . Memory (MB): peak = 1989.035 ; gain = 605.832 ; free physical = 664 ; free virtual = 4058
---------------------------------------------------------------------------------

Report Check Netlist: 
+------+------------------+-------+---------+-------+------------------+
|      |Item              |Errors |Warnings |Status |Description       |
+------+------------------+-------+---------+-------+------------------+
|1     |multi_driven_nets |      0|        0|Passed |Multi driven nets |
+------+------------------+-------+---------+-------+------------------+
---------------------------------------------------------------------------------
Start Renaming Generated Instances
---------------------------------------------------------------------------------
---------------------------------------------------------------------------------
Finished Renaming Generated Instances : Time (s): cpu = 00:00:31 ; elapsed = 00:00:35 . Memory (MB): peak = 1989.035 ; gain = 605.832 ; free physical = 664 ; free virtual = 4058
---------------------------------------------------------------------------------

Report RTL Partitions: 
+-+--------------+------------+----------+
| |RTL Partition |Replication |Instances |
+-+--------------+------------+----------+
+-+--------------+------------+----------+
---------------------------------------------------------------------------------
Start Rebuilding User Hierarchy
---------------------------------------------------------------------------------
---------------------------------------------------------------------------------
Finished Rebuilding User Hierarchy : Time (s): cpu = 00:00:31 ; elapsed = 00:00:35 . Memory (MB): peak = 1989.035 ; gain = 605.832 ; free physical = 664 ; free virtual = 4058
---------------------------------------------------------------------------------
---------------------------------------------------------------------------------
Start Renaming Generated Ports
---------------------------------------------------------------------------------
---------------------------------------------------------------------------------
Finished Renaming Generated Ports : Time (s): cpu = 00:00:31 ; elapsed = 00:00:35 . Memory (MB): peak = 1989.035 ; gain = 605.832 ; free physical = 664 ; free virtual = 4058
---------------------------------------------------------------------------------
---------------------------------------------------------------------------------
Start Handling Custom Attributes
---------------------------------------------------------------------------------
---------------------------------------------------------------------------------
Finished Handling Custom Attributes : Time (s): cpu = 00:00:31 ; elapsed = 00:00:35 . Memory (MB): peak = 1989.035 ; gain = 605.832 ; free physical = 664 ; free virtual = 4058
---------------------------------------------------------------------------------
---------------------------------------------------------------------------------
Start Renaming Generated Nets
---------------------------------------------------------------------------------
---------------------------------------------------------------------------------
Finished Renaming Generated Nets : Time (s): cpu = 00:00:31 ; elapsed = 00:00:35 . Memory (MB): peak = 1989.035 ; gain = 605.832 ; free physical = 664 ; free virtual = 4058
---------------------------------------------------------------------------------
---------------------------------------------------------------------------------
Start Writing Synthesis Report
---------------------------------------------------------------------------------

Report BlackBoxes: 
+-+--------------+----------+
| |BlackBox name |Instances |
+-+--------------+----------+
+-+--------------+----------+

Report Cell Usage: 
+------+-------+------+
|      |Cell   |Count |
+------+-------+------+
|1     |BUFG   |     1|
|2     |CARRY4 |     4|
|3     |LUT1   |     2|
|4     |LUT2   |     3|
|5     |LUT3   |     2|
|6     |LUT4   |     4|
|7     |LUT5   |     2|
|8     |LUT6   |    13|
|9     |FDCE   |    27|
|10    |FDRE   |     1|
|11    |IBUF   |     4|
|12    |OBUF   |     2|
+------+-------+------+

Report Instance Areas: 
+------+---------+--------------+------+
|      |Instance |Module        |Cells |
+------+---------+--------------+------+
|1     |top      |              |    65|
|2     |  ug     |fire2_squeeze |    58|
+------+---------+--------------+------+
---------------------------------------------------------------------------------
Finished Writing Synthesis Report : Time (s): cpu = 00:00:31 ; elapsed = 00:00:35 . Memory (MB): peak = 1989.035 ; gain = 605.832 ; free physical = 664 ; free virtual = 4057
---------------------------------------------------------------------------------
Synthesis finished with 0 errors, 0 critical warnings and 0 warnings.
Synthesis Optimization Runtime : Time (s): cpu = 00:00:18 ; elapsed = 00:00:20 . Memory (MB): peak = 1989.035 ; gain = 88.543 ; free physical = 717 ; free virtual = 4110
Synthesis Optimization Complete : Time (s): cpu = 00:00:32 ; elapsed = 00:00:35 . Memory (MB): peak = 1989.043 ; gain = 605.832 ; free physical = 717 ; free virtual = 4110
INFO: [Project 1-571] Translating synthesized netlist
INFO: [Netlist 29-17] Analyzing 4 Unisim elements for replacement
INFO: [Netlist 29-28] Unisim Transformation completed in 0 CPU seconds
INFO: [Project 1-570] Preparing netlist for logic optimization
Parsing XDC File [/home/gsaied/Desktop/old_rtl/fire2_squeeze/squeeze_fire2.xdc]
CRITICAL WARNING: [Common 17-1548] Command failed: wrong # args: should be "set varName ?newValue?"
 [/home/gsaied/Desktop/old_rtl/fire2_squeeze/squeeze_fire2.xdc:2]
CRITICAL WARNING: [Common 17-1548] Command failed: wrong # args: should be "set varName ?newValue?"
 [/home/gsaied/Desktop/old_rtl/fire2_squeeze/squeeze_fire2.xdc:3]
Finished Parsing XDC File [/home/gsaied/Desktop/old_rtl/fire2_squeeze/squeeze_fire2.xdc]
INFO: [Opt 31-138] Pushed 0 inverter(s) to 0 load pin(s).
Netlist sorting complete. Time (s): cpu = 00:00:00 ; elapsed = 00:00:00.01 . Memory (MB): peak = 1989.043 ; gain = 0.000 ; free physical = 658 ; free virtual = 4046
INFO: [Project 1-111] Unisim Transformation Summary:
No Unisim elements were transformed.

INFO: [Common 17-83] Releasing license: Synthesis
62 Infos, 16 Warnings, 4 Critical Warnings and 0 Errors encountered.
synth_design completed successfully
synth_design: Time (s): cpu = 00:00:35 ; elapsed = 00:00:38 . Memory (MB): peak = 1989.043 ; gain = 606.047 ; free physical = 715 ; free virtual = 4104
design_1
vi squeeze_fire2.xdc 
WARNING: [Common 17-259] Unknown Tcl command 'vi squeeze_fire2.xdc' sending command to the OS shell for execution. It is recommended to use 'exec' to send the command to the OS shell.
exit
INFO: [Common 17-206] Exiting Vivado at Mon Feb 24 20:08:33 2020...
