#-----------------------------------------------------------
# Vivado v2018.3 (64-bit)
# SW Build 2405991 on Thu Dec  6 23:36:41 MST 2018
# IP Build 2404404 on Fri Dec  7 01:43:56 MST 2018
# Start of session at: Sat Feb 29 01:07:34 2020
# Process ID: 19661
# Current directory: /home/gsaied/Desktop/old_rtl/fire2_squeeze
# Command line: vivado -mode tcl -source synth.tcl
# Log file: /home/gsaied/Desktop/old_rtl/fire2_squeeze/vivado.log
# Journal file: /home/gsaied/Desktop/old_rtl/fire2_squeeze/vivado.jou
#-----------------------------------------------------------
source synth.tcl
# read_verilog -sv [ glob *.sv ] 
# create_fileset -constrset constr
# add_files -fileset constr squeeze_fire2.xdc
# synth_design -top fire2_squeeze -part xc7vx690t -keep_equivalent_registers  -quiet -constrset constr
# write_checkpoint -force post_synth.dcp
Netlist sorting complete. Time (s): cpu = 00:00:00 ; elapsed = 00:00:00 . Memory (MB): peak = 2220.004 ; gain = 0.000 ; free physical = 3452 ; free virtual = 6702
INFO: [Timing 38-480] Writing timing data to binary archive.
Netlist sorting complete. Time (s): cpu = 00:00:00.01 ; elapsed = 00:00:00 . Memory (MB): peak = 2252.012 ; gain = 0.000 ; free physical = 3436 ; free virtual = 6701
INFO: [Common 17-1381] The checkpoint '/home/gsaied/Desktop/old_rtl/fire2_squeeze/post_synth.dcp' has been generated.
# report_utilization -file utiliziation.rpt
# report_utilization -hierarchical -file hierarchical_utilization.rpt
# report_timing -max_paths 50 -file timing.rpt
INFO: [Timing 38-91] UpdateTimingParams: Speed grade: -3, Delay Type: max.
INFO: [Timing 38-191] Multithreading enabled for timing update using a maximum of 4 CPUs
INFO: [Timing 38-35] Done setting XDC timing constraints.
INFO: [Timing 38-78] ReportTimingParams: -max_paths 50 -nworst 1 -delay_type max -sort_by slack.
report_timing: Time (s): cpu = 00:00:10 ; elapsed = 00:00:10 . Memory (MB): peak = 2558.781 ; gain = 306.770 ; free physical = 2967 ; free virtual = 6224
# report_design_analysis -file design.rpt
vi utiliziation.rpt 
WARNING: [Common 17-259] Unknown Tcl command 'vi utiliziation.rpt' sending command to the OS shell for execution. It is recommended to use 'exec' to send the command to the OS shell.
INFO: [Common 17-206] Exiting Vivado at Sat Feb 29 01:10:11 2020...
