#-----------------------------------------------------------
# Vivado v2018.3 (64-bit)
# SW Build 2405991 on Thu Dec  6 23:36:41 MST 2018
# IP Build 2404404 on Fri Dec  7 01:43:56 MST 2018
# Start of session at: Mon Mar  9 12:20:43 2020
# Process ID: 3733
# Current directory: /home/gsaied/Desktop/old_rtl/fire3_squeeze
# Command line: vivado -mode tcl -source synth.tcl
# Log file: /home/gsaied/Desktop/old_rtl/fire3_squeeze/vivado.log
# Journal file: /home/gsaied/Desktop/old_rtl/fire3_squeeze/vivado.jou
#-----------------------------------------------------------
source synth.tcl
# read_verilog -sv [ glob *.sv ] 
# create_fileset -constrset constr
# add_files -fileset constr temp.xdc
# set_param synth.elaboration.rodinMoreOptions "rt::set_parameter var_size_limit 4194304"
# synth_design -top [lindex [find_top] 0] -part xc7vx690t -flatten_hierarchy rebuilt -directive AreaOptimized_high -constrset constr -mode out_of_context
Command: synth_design -top fire3_squeeze -part xc7vx690t -flatten_hierarchy rebuilt -directive AreaOptimized_high -constrset constr -mode out_of_context
Starting synth_design
Attempting to get a license for feature 'Synthesis' and/or device 'xc7vx690t'
INFO: [Common 17-349] Got license for feature 'Synthesis' and/or device 'xc7vx690t'
INFO: Launching helper process for spawning children vivado processes
INFO: Helper process launched with PID 3760 
---------------------------------------------------------------------------------
Starting RTL Elaboration : Time (s): cpu = 00:00:02 ; elapsed = 00:00:02 . Memory (MB): peak = 1441.645 ; gain = 91.000 ; free physical = 2767 ; free virtual = 7956
---------------------------------------------------------------------------------
INFO: [Synth 8-6157] synthesizing module 'fire3_squeeze' [/home/gsaied/Desktop/old_rtl/fire3_squeeze/fire3_squeeze.sv:2]
	Parameter WOUT bound to: 64 - type: integer 
	Parameter DSP_NO bound to: 16 - type: integer 
	Parameter W_IN bound to: 64 - type: integer 
	Parameter WIDTH bound to: 16 - type: integer 
	Parameter CHIN bound to: 128 - type: integer 
	Parameter KERNEL_DIM bound to: 1 - type: integer 
INFO: [Synth 8-6157] synthesizing module 'mac' [/home/gsaied/Desktop/old_rtl/fire3_squeeze/mac.sv:1]
INFO: [Synth 8-6155] done synthesizing module 'mac' (1#1) [/home/gsaied/Desktop/old_rtl/fire3_squeeze/mac.sv:1]
INFO: [Synth 8-5534] Detected attribute (* dont_touch = "yes" *) [/home/gsaied/Desktop/old_rtl/fire3_squeeze/fire3_squeeze.sv:149]
INFO: [Synth 8-6157] synthesizing module 'biasing_fire3_squeeze' [/home/gsaied/Desktop/old_rtl/fire3_squeeze/biasing_fire3_squeeze.sv:2]
INFO: [Synth 8-6155] done synthesizing module 'biasing_fire3_squeeze' (2#1) [/home/gsaied/Desktop/old_rtl/fire3_squeeze/biasing_fire3_squeeze.sv:2]
INFO: [Synth 8-6157] synthesizing module 'rom_fire3_squeeze' [/home/gsaied/Desktop/old_rtl/fire3_squeeze/rom_fire3_squeeze.sv:3]
	Parameter WIDTH bound to: 16 - type: integer 
	Parameter KERNEL bound to: 1 - type: integer 
	Parameter ADDR bound to: 7 - type: integer 
	Parameter NUM bound to: 16 - type: integer 
INFO: [Synth 8-5534] Detected attribute (* rom_style = "{distributed}" *) [/home/gsaied/Desktop/old_rtl/fire3_squeeze/rom_fire3_squeeze.sv:16]
INFO: [Synth 8-5534] Detected attribute (* rom_style = "{distributed}" *) [/home/gsaied/Desktop/old_rtl/fire3_squeeze/rom_fire3_squeeze.sv:19]
INFO: [Synth 8-5534] Detected attribute (* rom_style = "{distributed}" *) [/home/gsaied/Desktop/old_rtl/fire3_squeeze/rom_fire3_squeeze.sv:22]
INFO: [Synth 8-5534] Detected attribute (* rom_style = "{distributed}" *) [/home/gsaied/Desktop/old_rtl/fire3_squeeze/rom_fire3_squeeze.sv:25]
INFO: [Synth 8-5534] Detected attribute (* rom_style = "{distributed}" *) [/home/gsaied/Desktop/old_rtl/fire3_squeeze/rom_fire3_squeeze.sv:28]
INFO: [Synth 8-5534] Detected attribute (* rom_style = "{distributed}" *) [/home/gsaied/Desktop/old_rtl/fire3_squeeze/rom_fire3_squeeze.sv:31]
INFO: [Synth 8-5534] Detected attribute (* rom_style = "{distributed}" *) [/home/gsaied/Desktop/old_rtl/fire3_squeeze/rom_fire3_squeeze.sv:34]
INFO: [Synth 8-5534] Detected attribute (* rom_style = "{distributed}" *) [/home/gsaied/Desktop/old_rtl/fire3_squeeze/rom_fire3_squeeze.sv:37]
INFO: [Synth 8-5534] Detected attribute (* rom_style = "{distributed}" *) [/home/gsaied/Desktop/old_rtl/fire3_squeeze/rom_fire3_squeeze.sv:40]
INFO: [Synth 8-5534] Detected attribute (* rom_style = "{distributed}" *) [/home/gsaied/Desktop/old_rtl/fire3_squeeze/rom_fire3_squeeze.sv:43]
INFO: [Synth 8-5534] Detected attribute (* rom_style = "{distributed}" *) [/home/gsaied/Desktop/old_rtl/fire3_squeeze/rom_fire3_squeeze.sv:46]
INFO: [Synth 8-5534] Detected attribute (* rom_style = "{distributed}" *) [/home/gsaied/Desktop/old_rtl/fire3_squeeze/rom_fire3_squeeze.sv:49]
INFO: [Synth 8-5534] Detected attribute (* rom_style = "{distributed}" *) [/home/gsaied/Desktop/old_rtl/fire3_squeeze/rom_fire3_squeeze.sv:52]
INFO: [Synth 8-5534] Detected attribute (* rom_style = "{distributed}" *) [/home/gsaied/Desktop/old_rtl/fire3_squeeze/rom_fire3_squeeze.sv:55]
INFO: [Synth 8-5534] Detected attribute (* rom_style = "{distributed}" *) [/home/gsaied/Desktop/old_rtl/fire3_squeeze/rom_fire3_squeeze.sv:58]
INFO: [Synth 8-5534] Detected attribute (* rom_style = "{distributed}" *) [/home/gsaied/Desktop/old_rtl/fire3_squeeze/rom_fire3_squeeze.sv:61]
INFO: [Synth 8-3876] $readmem data file 'file_fire3_squeeze_1.mem' is read successfully [/home/gsaied/Desktop/old_rtl/fire3_squeeze/rom_fire3_squeeze.sv:63]
INFO: [Synth 8-3876] $readmem data file 'file_fire3_squeeze_2.mem' is read successfully [/home/gsaied/Desktop/old_rtl/fire3_squeeze/rom_fire3_squeeze.sv:64]
INFO: [Synth 8-3876] $readmem data file 'file_fire3_squeeze_3.mem' is read successfully [/home/gsaied/Desktop/old_rtl/fire3_squeeze/rom_fire3_squeeze.sv:65]
INFO: [Synth 8-3876] $readmem data file 'file_fire3_squeeze_4.mem' is read successfully [/home/gsaied/Desktop/old_rtl/fire3_squeeze/rom_fire3_squeeze.sv:66]
INFO: [Synth 8-3876] $readmem data file 'file_fire3_squeeze_5.mem' is read successfully [/home/gsaied/Desktop/old_rtl/fire3_squeeze/rom_fire3_squeeze.sv:67]
INFO: [Synth 8-3876] $readmem data file 'file_fire3_squeeze_6.mem' is read successfully [/home/gsaied/Desktop/old_rtl/fire3_squeeze/rom_fire3_squeeze.sv:68]
INFO: [Synth 8-3876] $readmem data file 'file_fire3_squeeze_7.mem' is read successfully [/home/gsaied/Desktop/old_rtl/fire3_squeeze/rom_fire3_squeeze.sv:69]
INFO: [Synth 8-3876] $readmem data file 'file_fire3_squeeze_8.mem' is read successfully [/home/gsaied/Desktop/old_rtl/fire3_squeeze/rom_fire3_squeeze.sv:70]
INFO: [Synth 8-3876] $readmem data file 'file_fire3_squeeze_9.mem' is read successfully [/home/gsaied/Desktop/old_rtl/fire3_squeeze/rom_fire3_squeeze.sv:71]
INFO: [Synth 8-3876] $readmem data file 'file_fire3_squeeze_10.mem' is read successfully [/home/gsaied/Desktop/old_rtl/fire3_squeeze/rom_fire3_squeeze.sv:72]
INFO: [Synth 8-3876] $readmem data file 'file_fire3_squeeze_11.mem' is read successfully [/home/gsaied/Desktop/old_rtl/fire3_squeeze/rom_fire3_squeeze.sv:73]
INFO: [Synth 8-3876] $readmem data file 'file_fire3_squeeze_12.mem' is read successfully [/home/gsaied/Desktop/old_rtl/fire3_squeeze/rom_fire3_squeeze.sv:74]
INFO: [Synth 8-3876] $readmem data file 'file_fire3_squeeze_13.mem' is read successfully [/home/gsaied/Desktop/old_rtl/fire3_squeeze/rom_fire3_squeeze.sv:75]
INFO: [Synth 8-3876] $readmem data file 'file_fire3_squeeze_14.mem' is read successfully [/home/gsaied/Desktop/old_rtl/fire3_squeeze/rom_fire3_squeeze.sv:76]
INFO: [Synth 8-3876] $readmem data file 'file_fire3_squeeze_15.mem' is read successfully [/home/gsaied/Desktop/old_rtl/fire3_squeeze/rom_fire3_squeeze.sv:77]
INFO: [Synth 8-3876] $readmem data file 'file_fire3_squeeze_16.mem' is read successfully [/home/gsaied/Desktop/old_rtl/fire3_squeeze/rom_fire3_squeeze.sv:78]
INFO: [Synth 8-6155] done synthesizing module 'rom_fire3_squeeze' (3#1) [/home/gsaied/Desktop/old_rtl/fire3_squeeze/rom_fire3_squeeze.sv:3]
INFO: [Synth 8-6155] done synthesizing module 'fire3_squeeze' (4#1) [/home/gsaied/Desktop/old_rtl/fire3_squeeze/fire3_squeeze.sv:2]
---------------------------------------------------------------------------------
Finished RTL Elaboration : Time (s): cpu = 00:00:03 ; elapsed = 00:00:04 . Memory (MB): peak = 1486.395 ; gain = 135.750 ; free physical = 2768 ; free virtual = 7967
---------------------------------------------------------------------------------

Report Check Netlist: 
+------+------------------+-------+---------+-------+------------------+
|      |Item              |Errors |Warnings |Status |Description       |
+------+------------------+-------+---------+-------+------------------+
|1     |multi_driven_nets |      0|        0|Passed |Multi driven nets |
+------+------------------+-------+---------+-------+------------------+
---------------------------------------------------------------------------------
Start Handling Custom Attributes
---------------------------------------------------------------------------------
---------------------------------------------------------------------------------
Finished Handling Custom Attributes : Time (s): cpu = 00:00:03 ; elapsed = 00:00:04 . Memory (MB): peak = 1486.395 ; gain = 135.750 ; free physical = 2768 ; free virtual = 7967
---------------------------------------------------------------------------------
---------------------------------------------------------------------------------
Finished RTL Optimization Phase 1 : Time (s): cpu = 00:00:03 ; elapsed = 00:00:04 . Memory (MB): peak = 1486.395 ; gain = 135.750 ; free physical = 2768 ; free virtual = 7967
---------------------------------------------------------------------------------
INFO: [Device 21-403] Loading part xc7vx690tffg1157-3
INFO: [Project 1-570] Preparing netlist for logic optimization

Processing XDC Constraints
Initializing timing engine
Parsing XDC File [/home/gsaied/Desktop/old_rtl/fire3_squeeze/temp.xdc]
Finished Parsing XDC File [/home/gsaied/Desktop/old_rtl/fire3_squeeze/temp.xdc]
Completed Processing XDC Constraints

Netlist sorting complete. Time (s): cpu = 00:00:00 ; elapsed = 00:00:00 . Memory (MB): peak = 2000.676 ; gain = 0.000 ; free physical = 2386 ; free virtual = 7694
INFO: [Project 1-111] Unisim Transformation Summary:
No Unisim elements were transformed.

Netlist sorting complete. Time (s): cpu = 00:00:00 ; elapsed = 00:00:00.01 . Memory (MB): peak = 2000.676 ; gain = 0.000 ; free physical = 2386 ; free virtual = 7693
Constraint Validation Runtime : Time (s): cpu = 00:00:00.01 ; elapsed = 00:00:00.01 . Memory (MB): peak = 2000.676 ; gain = 0.000 ; free physical = 2386 ; free virtual = 7693
---------------------------------------------------------------------------------
Finished Constraint Validation : Time (s): cpu = 00:00:18 ; elapsed = 00:00:20 . Memory (MB): peak = 2000.676 ; gain = 650.031 ; free physical = 2516 ; free virtual = 7816
---------------------------------------------------------------------------------
---------------------------------------------------------------------------------
Start Loading Part and Timing Information
---------------------------------------------------------------------------------
Loading part: xc7vx690tffg1157-3
---------------------------------------------------------------------------------
Finished Loading Part and Timing Information : Time (s): cpu = 00:00:18 ; elapsed = 00:00:20 . Memory (MB): peak = 2000.676 ; gain = 650.031 ; free physical = 2516 ; free virtual = 7816
---------------------------------------------------------------------------------
---------------------------------------------------------------------------------
Start Applying 'set_property' XDC Constraints
---------------------------------------------------------------------------------
---------------------------------------------------------------------------------
Finished applying 'set_property' XDC Constraints : Time (s): cpu = 00:00:18 ; elapsed = 00:00:20 . Memory (MB): peak = 2000.676 ; gain = 650.031 ; free physical = 2510 ; free virtual = 7818
---------------------------------------------------------------------------------
INFO: [Synth 8-5546] ROM "rom_clr_pulse" won't be mapped to RAM because it is too sparse
---------------------------------------------------------------------------------
Finished RTL Optimization Phase 2 : Time (s): cpu = 00:00:18 ; elapsed = 00:00:21 . Memory (MB): peak = 2000.676 ; gain = 650.031 ; free physical = 2501 ; free virtual = 7809
---------------------------------------------------------------------------------

Report RTL Partitions: 
+-+--------------+------------+----------+
| |RTL Partition |Replication |Instances |
+-+--------------+------------+----------+
+-+--------------+------------+----------+
---------------------------------------------------------------------------------
Start RTL Component Statistics 
---------------------------------------------------------------------------------
Detailed RTL Component Info : 
+---Adders : 
	   2 Input     32 Bit       Adders := 16    
	   2 Input      8 Bit       Adders := 1     
	   2 Input      7 Bit       Adders := 1     
+---Registers : 
	               32 Bit    Registers := 16    
	               16 Bit    Registers := 32    
	                8 Bit    Registers := 1     
	                7 Bit    Registers := 1     
	                1 Bit    Registers := 6     
+---Muxes : 
	   3 Input      8 Bit        Muxes := 1     
	   3 Input      2 Bit        Muxes := 1     
	   2 Input      1 Bit        Muxes := 1     
---------------------------------------------------------------------------------
Finished RTL Component Statistics 
---------------------------------------------------------------------------------
---------------------------------------------------------------------------------
Start RTL Hierarchical Component Statistics 
---------------------------------------------------------------------------------
Hierarchical RTL Component report 
Module fire3_squeeze 
Detailed RTL Component Info : 
+---Adders : 
	   2 Input     32 Bit       Adders := 16    
	   2 Input      8 Bit       Adders := 1     
	   2 Input      7 Bit       Adders := 1     
+---Registers : 
	               16 Bit    Registers := 32    
	                8 Bit    Registers := 1     
	                7 Bit    Registers := 1     
	                1 Bit    Registers := 6     
+---Muxes : 
	   3 Input      8 Bit        Muxes := 1     
	   3 Input      2 Bit        Muxes := 1     
	   2 Input      1 Bit        Muxes := 1     
Module mac 
Detailed RTL Component Info : 
+---Registers : 
	               32 Bit    Registers := 1     
---------------------------------------------------------------------------------
Finished RTL Hierarchical Component Statistics
---------------------------------------------------------------------------------
---------------------------------------------------------------------------------
Start Part Resource Summary
---------------------------------------------------------------------------------
Part Resources:
DSPs: 3600 (col length:200)
BRAMs: 2940 (col length: RAMB18 200 RAMB36 100)
---------------------------------------------------------------------------------
Finished Part Resource Summary
---------------------------------------------------------------------------------
---------------------------------------------------------------------------------
Start Cross Boundary and Area Optimization
---------------------------------------------------------------------------------
Warning: Parallel synthesis criteria is not met 
INFO: [Synth 8-5546] ROM "rom_clr_pulse" won't be mapped to RAM because it is too sparse
WARNING: [Synth 8-6040] Register weight_rom_address_reg_rep driving address of a ROM cannot be packed in BRAM/URAM because of presence of initial value.
WARNING: [Synth 8-6040] Register weight_rom_address_reg_rep driving address of a ROM cannot be packed in BRAM/URAM because of presence of initial value.
WARNING: [Synth 8-6040] Register weight_rom_address_reg_rep driving address of a ROM cannot be packed in BRAM/URAM because of presence of initial value.
WARNING: [Synth 8-6040] Register weight_rom_address_reg_rep driving address of a ROM cannot be packed in BRAM/URAM because of presence of initial value.
WARNING: [Synth 8-6040] Register weight_rom_address_reg_rep driving address of a ROM cannot be packed in BRAM/URAM because of presence of initial value.
WARNING: [Synth 8-6040] Register weight_rom_address_reg_rep driving address of a ROM cannot be packed in BRAM/URAM because of presence of initial value.
WARNING: [Synth 8-6040] Register weight_rom_address_reg_rep driving address of a ROM cannot be packed in BRAM/URAM because of presence of initial value.
WARNING: [Synth 8-6040] Register weight_rom_address_reg_rep driving address of a ROM cannot be packed in BRAM/URAM because of presence of initial value.
WARNING: [Synth 8-6040] Register weight_rom_address_reg_rep driving address of a ROM cannot be packed in BRAM/URAM because of presence of initial value.
WARNING: [Synth 8-6040] Register weight_rom_address_reg_rep driving address of a ROM cannot be packed in BRAM/URAM because of presence of initial value.
WARNING: [Synth 8-6040] Register weight_rom_address_reg_rep driving address of a ROM cannot be packed in BRAM/URAM because of presence of initial value.
WARNING: [Synth 8-6040] Register weight_rom_address_reg_rep driving address of a ROM cannot be packed in BRAM/URAM because of presence of initial value.
WARNING: [Synth 8-6040] Register weight_rom_address_reg_rep driving address of a ROM cannot be packed in BRAM/URAM because of presence of initial value.
WARNING: [Synth 8-6040] Register weight_rom_address_reg_rep driving address of a ROM cannot be packed in BRAM/URAM because of presence of initial value.
WARNING: [Synth 8-6040] Register weight_rom_address_reg_rep driving address of a ROM cannot be packed in BRAM/URAM because of presence of initial value.
WARNING: [Synth 8-6040] Register weight_rom_address_reg_rep driving address of a ROM cannot be packed in BRAM/URAM because of presence of initial value.
DSP Report: Generating DSP genblk1[0].mac_i/mul_out_reg, operation Mode is: (P+A*B2)'.
DSP Report: register kernel_regs_reg[0] is absorbed into DSP genblk1[0].mac_i/mul_out_reg.
DSP Report: register genblk1[0].mac_i/mul_out_reg is absorbed into DSP genblk1[0].mac_i/mul_out_reg.
DSP Report: operator genblk1[0].mac_i/intermed is absorbed into DSP genblk1[0].mac_i/mul_out_reg.
DSP Report: operator genblk1[0].mac_i/intermed0 is absorbed into DSP genblk1[0].mac_i/mul_out_reg.
DSP Report: Generating DSP genblk1[1].mac_i/mul_out_reg, operation Mode is: (P+A*B2)'.
DSP Report: register kernel_regs_reg[1] is absorbed into DSP genblk1[1].mac_i/mul_out_reg.
DSP Report: register genblk1[1].mac_i/mul_out_reg is absorbed into DSP genblk1[1].mac_i/mul_out_reg.
DSP Report: operator genblk1[1].mac_i/intermed is absorbed into DSP genblk1[1].mac_i/mul_out_reg.
DSP Report: operator genblk1[1].mac_i/intermed0 is absorbed into DSP genblk1[1].mac_i/mul_out_reg.
DSP Report: Generating DSP genblk1[2].mac_i/mul_out_reg, operation Mode is: (P+A*B2)'.
DSP Report: register kernel_regs_reg[2] is absorbed into DSP genblk1[2].mac_i/mul_out_reg.
DSP Report: register genblk1[2].mac_i/mul_out_reg is absorbed into DSP genblk1[2].mac_i/mul_out_reg.
DSP Report: operator genblk1[2].mac_i/intermed is absorbed into DSP genblk1[2].mac_i/mul_out_reg.
DSP Report: operator genblk1[2].mac_i/intermed0 is absorbed into DSP genblk1[2].mac_i/mul_out_reg.
DSP Report: Generating DSP genblk1[3].mac_i/mul_out_reg, operation Mode is: (P+A*B2)'.
DSP Report: register kernel_regs_reg[3] is absorbed into DSP genblk1[3].mac_i/mul_out_reg.
DSP Report: register genblk1[3].mac_i/mul_out_reg is absorbed into DSP genblk1[3].mac_i/mul_out_reg.
DSP Report: operator genblk1[3].mac_i/intermed is absorbed into DSP genblk1[3].mac_i/mul_out_reg.
DSP Report: operator genblk1[3].mac_i/intermed0 is absorbed into DSP genblk1[3].mac_i/mul_out_reg.
DSP Report: Generating DSP genblk1[4].mac_i/mul_out_reg, operation Mode is: (P+A*B2)'.
DSP Report: register kernel_regs_reg[4] is absorbed into DSP genblk1[4].mac_i/mul_out_reg.
DSP Report: register genblk1[4].mac_i/mul_out_reg is absorbed into DSP genblk1[4].mac_i/mul_out_reg.
DSP Report: operator genblk1[4].mac_i/intermed is absorbed into DSP genblk1[4].mac_i/mul_out_reg.
DSP Report: operator genblk1[4].mac_i/intermed0 is absorbed into DSP genblk1[4].mac_i/mul_out_reg.
DSP Report: Generating DSP genblk1[5].mac_i/mul_out_reg, operation Mode is: (P+A*B2)'.
DSP Report: register kernel_regs_reg[5] is absorbed into DSP genblk1[5].mac_i/mul_out_reg.
DSP Report: register genblk1[5].mac_i/mul_out_reg is absorbed into DSP genblk1[5].mac_i/mul_out_reg.
DSP Report: operator genblk1[5].mac_i/intermed is absorbed into DSP genblk1[5].mac_i/mul_out_reg.
DSP Report: operator genblk1[5].mac_i/intermed0 is absorbed into DSP genblk1[5].mac_i/mul_out_reg.
DSP Report: Generating DSP genblk1[6].mac_i/mul_out_reg, operation Mode is: (P+A*B2)'.
DSP Report: register kernel_regs_reg[6] is absorbed into DSP genblk1[6].mac_i/mul_out_reg.
DSP Report: register genblk1[6].mac_i/mul_out_reg is absorbed into DSP genblk1[6].mac_i/mul_out_reg.
DSP Report: operator genblk1[6].mac_i/intermed is absorbed into DSP genblk1[6].mac_i/mul_out_reg.
DSP Report: operator genblk1[6].mac_i/intermed0 is absorbed into DSP genblk1[6].mac_i/mul_out_reg.
DSP Report: Generating DSP genblk1[7].mac_i/mul_out_reg, operation Mode is: (P+A*B2)'.
DSP Report: register kernel_regs_reg[7] is absorbed into DSP genblk1[7].mac_i/mul_out_reg.
DSP Report: register genblk1[7].mac_i/mul_out_reg is absorbed into DSP genblk1[7].mac_i/mul_out_reg.
DSP Report: operator genblk1[7].mac_i/intermed is absorbed into DSP genblk1[7].mac_i/mul_out_reg.
DSP Report: operator genblk1[7].mac_i/intermed0 is absorbed into DSP genblk1[7].mac_i/mul_out_reg.
DSP Report: Generating DSP genblk1[8].mac_i/mul_out_reg, operation Mode is: (P+A*B2)'.
DSP Report: register kernel_regs_reg[8] is absorbed into DSP genblk1[8].mac_i/mul_out_reg.
DSP Report: register genblk1[8].mac_i/mul_out_reg is absorbed into DSP genblk1[8].mac_i/mul_out_reg.
DSP Report: operator genblk1[8].mac_i/intermed is absorbed into DSP genblk1[8].mac_i/mul_out_reg.
DSP Report: operator genblk1[8].mac_i/intermed0 is absorbed into DSP genblk1[8].mac_i/mul_out_reg.
DSP Report: Generating DSP genblk1[9].mac_i/mul_out_reg, operation Mode is: (P+A*B2)'.
DSP Report: register kernel_regs_reg[9] is absorbed into DSP genblk1[9].mac_i/mul_out_reg.
DSP Report: register genblk1[9].mac_i/mul_out_reg is absorbed into DSP genblk1[9].mac_i/mul_out_reg.
DSP Report: operator genblk1[9].mac_i/intermed is absorbed into DSP genblk1[9].mac_i/mul_out_reg.
DSP Report: operator genblk1[9].mac_i/intermed0 is absorbed into DSP genblk1[9].mac_i/mul_out_reg.
DSP Report: Generating DSP genblk1[10].mac_i/mul_out_reg, operation Mode is: (P+A*B2)'.
DSP Report: register kernel_regs_reg[10] is absorbed into DSP genblk1[10].mac_i/mul_out_reg.
DSP Report: register genblk1[10].mac_i/mul_out_reg is absorbed into DSP genblk1[10].mac_i/mul_out_reg.
DSP Report: operator genblk1[10].mac_i/intermed is absorbed into DSP genblk1[10].mac_i/mul_out_reg.
DSP Report: operator genblk1[10].mac_i/intermed0 is absorbed into DSP genblk1[10].mac_i/mul_out_reg.
DSP Report: Generating DSP genblk1[11].mac_i/mul_out_reg, operation Mode is: (P+A*B2)'.
DSP Report: register kernel_regs_reg[11] is absorbed into DSP genblk1[11].mac_i/mul_out_reg.
DSP Report: register genblk1[11].mac_i/mul_out_reg is absorbed into DSP genblk1[11].mac_i/mul_out_reg.
DSP Report: operator genblk1[11].mac_i/intermed is absorbed into DSP genblk1[11].mac_i/mul_out_reg.
DSP Report: operator genblk1[11].mac_i/intermed0 is absorbed into DSP genblk1[11].mac_i/mul_out_reg.
DSP Report: Generating DSP genblk1[12].mac_i/mul_out_reg, operation Mode is: (P+A*B2)'.
DSP Report: register kernel_regs_reg[12] is absorbed into DSP genblk1[12].mac_i/mul_out_reg.
DSP Report: register genblk1[12].mac_i/mul_out_reg is absorbed into DSP genblk1[12].mac_i/mul_out_reg.
DSP Report: operator genblk1[12].mac_i/intermed is absorbed into DSP genblk1[12].mac_i/mul_out_reg.
DSP Report: operator genblk1[12].mac_i/intermed0 is absorbed into DSP genblk1[12].mac_i/mul_out_reg.
DSP Report: Generating DSP genblk1[13].mac_i/mul_out_reg, operation Mode is: (P+A*B2)'.
DSP Report: register kernel_regs_reg[13] is absorbed into DSP genblk1[13].mac_i/mul_out_reg.
DSP Report: register genblk1[13].mac_i/mul_out_reg is absorbed into DSP genblk1[13].mac_i/mul_out_reg.
DSP Report: operator genblk1[13].mac_i/intermed is absorbed into DSP genblk1[13].mac_i/mul_out_reg.
DSP Report: operator genblk1[13].mac_i/intermed0 is absorbed into DSP genblk1[13].mac_i/mul_out_reg.
DSP Report: Generating DSP genblk1[14].mac_i/mul_out_reg, operation Mode is: (P+A*B2)'.
DSP Report: register kernel_regs_reg[14] is absorbed into DSP genblk1[14].mac_i/mul_out_reg.
DSP Report: register genblk1[14].mac_i/mul_out_reg is absorbed into DSP genblk1[14].mac_i/mul_out_reg.
DSP Report: operator genblk1[14].mac_i/intermed is absorbed into DSP genblk1[14].mac_i/mul_out_reg.
DSP Report: operator genblk1[14].mac_i/intermed0 is absorbed into DSP genblk1[14].mac_i/mul_out_reg.
DSP Report: Generating DSP genblk1[15].mac_i/mul_out_reg, operation Mode is: (P+A*B2)'.
DSP Report: register kernel_regs_reg[15] is absorbed into DSP genblk1[15].mac_i/mul_out_reg.
DSP Report: register genblk1[15].mac_i/mul_out_reg is absorbed into DSP genblk1[15].mac_i/mul_out_reg.
DSP Report: operator genblk1[15].mac_i/intermed is absorbed into DSP genblk1[15].mac_i/mul_out_reg.
DSP Report: operator genblk1[15].mac_i/intermed0 is absorbed into DSP genblk1[15].mac_i/mul_out_reg.
---------------------------------------------------------------------------------
Finished Cross Boundary and Area Optimization : Time (s): cpu = 00:00:37 ; elapsed = 00:00:41 . Memory (MB): peak = 2000.676 ; gain = 650.031 ; free physical = 2472 ; free virtual = 7761
---------------------------------------------------------------------------------
---------------------------------------------------------------------------------
Start ROM, RAM, DSP and Shift Register Reporting
---------------------------------------------------------------------------------

ROM:
+------------------+------------+---------------+----------------+
|Module Name       | RTL Object | Depth x Width | Implemented As | 
+------------------+------------+---------------+----------------+
|rom_fire3_squeeze | p_0_out    | 128x16        | LUT            | 
|rom_fire3_squeeze | p_0_out    | 128x16        | LUT            | 
|rom_fire3_squeeze | p_0_out    | 128x16        | LUT            | 
|rom_fire3_squeeze | p_0_out    | 128x16        | LUT            | 
|rom_fire3_squeeze | p_0_out    | 128x16        | LUT            | 
|rom_fire3_squeeze | p_0_out    | 128x16        | LUT            | 
|rom_fire3_squeeze | p_0_out    | 128x16        | LUT            | 
|rom_fire3_squeeze | p_0_out    | 128x16        | LUT            | 
|rom_fire3_squeeze | p_0_out    | 128x16        | LUT            | 
|rom_fire3_squeeze | p_0_out    | 128x16        | LUT            | 
|rom_fire3_squeeze | p_0_out    | 128x16        | LUT            | 
|rom_fire3_squeeze | p_0_out    | 128x16        | LUT            | 
|rom_fire3_squeeze | p_0_out    | 128x16        | LUT            | 
|rom_fire3_squeeze | p_0_out    | 128x16        | LUT            | 
|rom_fire3_squeeze | p_0_out    | 128x16        | LUT            | 
|rom_fire3_squeeze | p_0_out    | 128x16        | LUT            | 
|fire3_squeeze     | p_0_out    | 128x16        | LUT            | 
|fire3_squeeze     | p_0_out    | 128x16        | LUT            | 
|fire3_squeeze     | p_0_out    | 128x16        | LUT            | 
|fire3_squeeze     | p_0_out    | 128x16        | LUT            | 
|fire3_squeeze     | p_0_out    | 128x16        | LUT            | 
|fire3_squeeze     | p_0_out    | 128x16        | LUT            | 
|fire3_squeeze     | p_0_out    | 128x16        | LUT            | 
|fire3_squeeze     | p_0_out    | 128x16        | LUT            | 
|fire3_squeeze     | p_0_out    | 128x16        | LUT            | 
|fire3_squeeze     | p_0_out    | 128x16        | LUT            | 
|fire3_squeeze     | p_0_out    | 128x16        | LUT            | 
|fire3_squeeze     | p_0_out    | 128x16        | LUT            | 
|fire3_squeeze     | p_0_out    | 128x16        | LUT            | 
|fire3_squeeze     | p_0_out    | 128x16        | LUT            | 
+------------------+------------+---------------+----------------+


DSP: Preliminary Mapping  Report (see note below)
+--------------+-------------+--------+--------+--------+--------+--------+------+------+------+------+-------+------+------+
|Module Name   | DSP Mapping | A Size | B Size | C Size | D Size | P Size | AREG | BREG | CREG | DREG | ADREG | MREG | PREG | 
+--------------+-------------+--------+--------+--------+--------+--------+------+------+------+------+-------+------+------+
|fire3_squeeze | (P+A*B2)'   | 16     | 16     | -      | -      | 32     | 0    | 1    | -    | -    | -     | 0    | 1    | 
|fire3_squeeze | (P+A*B2)'   | 16     | 16     | -      | -      | 32     | 0    | 1    | -    | -    | -     | 0    | 1    | 
|fire3_squeeze | (P+A*B2)'   | 16     | 16     | -      | -      | 32     | 0    | 1    | -    | -    | -     | 0    | 1    | 
|fire3_squeeze | (P+A*B2)'   | 16     | 16     | -      | -      | 32     | 0    | 1    | -    | -    | -     | 0    | 1    | 
|fire3_squeeze | (P+A*B2)'   | 16     | 16     | -      | -      | 32     | 0    | 1    | -    | -    | -     | 0    | 1    | 
|fire3_squeeze | (P+A*B2)'   | 16     | 16     | -      | -      | 32     | 0    | 1    | -    | -    | -     | 0    | 1    | 
|fire3_squeeze | (P+A*B2)'   | 16     | 16     | -      | -      | 32     | 0    | 1    | -    | -    | -     | 0    | 1    | 
|fire3_squeeze | (P+A*B2)'   | 16     | 16     | -      | -      | 32     | 0    | 1    | -    | -    | -     | 0    | 1    | 
|fire3_squeeze | (P+A*B2)'   | 16     | 16     | -      | -      | 32     | 0    | 1    | -    | -    | -     | 0    | 1    | 
|fire3_squeeze | (P+A*B2)'   | 16     | 16     | -      | -      | 32     | 0    | 1    | -    | -    | -     | 0    | 1    | 
|fire3_squeeze | (P+A*B2)'   | 16     | 16     | -      | -      | 32     | 0    | 1    | -    | -    | -     | 0    | 1    | 
|fire3_squeeze | (P+A*B2)'   | 16     | 16     | -      | -      | 32     | 0    | 1    | -    | -    | -     | 0    | 1    | 
|fire3_squeeze | (P+A*B2)'   | 16     | 16     | -      | -      | 32     | 0    | 1    | -    | -    | -     | 0    | 1    | 
|fire3_squeeze | (P+A*B2)'   | 16     | 16     | -      | -      | 32     | 0    | 1    | -    | -    | -     | 0    | 1    | 
|fire3_squeeze | (P+A*B2)'   | 16     | 16     | -      | -      | 32     | 0    | 1    | -    | -    | -     | 0    | 1    | 
|fire3_squeeze | (P+A*B2)'   | 16     | 16     | -      | -      | 32     | 0    | 1    | -    | -    | -     | 0    | 1    | 
+--------------+-------------+--------+--------+--------+--------+--------+------+------+------+------+-------+------+------+

Note: The table above is a preliminary report that shows the DSPs inferred at the current stage of the synthesis flow. Some DSP may be reimplemented as non DSP primitives later in the synthesis flow. Multiple instantiated DSPs are reported only once.
---------------------------------------------------------------------------------
Finished ROM, RAM, DSP and Shift Register Reporting
---------------------------------------------------------------------------------

Report RTL Partitions: 
+-+--------------+------------+----------+
| |RTL Partition |Replication |Instances |
+-+--------------+------------+----------+
+-+--------------+------------+----------+
---------------------------------------------------------------------------------
Start Applying XDC Timing Constraints
---------------------------------------------------------------------------------
---------------------------------------------------------------------------------
Finished Applying XDC Timing Constraints : Time (s): cpu = 00:00:45 ; elapsed = 00:00:48 . Memory (MB): peak = 2000.676 ; gain = 650.031 ; free physical = 2287 ; free virtual = 7602
---------------------------------------------------------------------------------
---------------------------------------------------------------------------------
Start Timing Optimization
---------------------------------------------------------------------------------
---------------------------------------------------------------------------------
Finished Timing Optimization : Time (s): cpu = 00:00:46 ; elapsed = 00:00:49 . Memory (MB): peak = 2021.457 ; gain = 670.812 ; free physical = 2291 ; free virtual = 7595
---------------------------------------------------------------------------------

Report RTL Partitions: 
+-+--------------+------------+----------+
| |RTL Partition |Replication |Instances |
+-+--------------+------------+----------+
+-+--------------+------------+----------+
---------------------------------------------------------------------------------
Start Technology Mapping
---------------------------------------------------------------------------------
---------------------------------------------------------------------------------
Finished Technology Mapping : Time (s): cpu = 00:00:46 ; elapsed = 00:00:50 . Memory (MB): peak = 2021.457 ; gain = 670.812 ; free physical = 2290 ; free virtual = 7594
---------------------------------------------------------------------------------

Report RTL Partitions: 
+-+--------------+------------+----------+
| |RTL Partition |Replication |Instances |
+-+--------------+------------+----------+
+-+--------------+------------+----------+
---------------------------------------------------------------------------------
Start IO Insertion
---------------------------------------------------------------------------------
---------------------------------------------------------------------------------
Start Flattening Before IO Insertion
---------------------------------------------------------------------------------
---------------------------------------------------------------------------------
Finished Flattening Before IO Insertion
---------------------------------------------------------------------------------
---------------------------------------------------------------------------------
Start Final Netlist Cleanup
---------------------------------------------------------------------------------
---------------------------------------------------------------------------------
Finished Final Netlist Cleanup
---------------------------------------------------------------------------------
---------------------------------------------------------------------------------
Finished IO Insertion : Time (s): cpu = 00:00:47 ; elapsed = 00:00:50 . Memory (MB): peak = 2021.457 ; gain = 670.812 ; free physical = 2290 ; free virtual = 7594
---------------------------------------------------------------------------------

Report Check Netlist: 
+------+------------------+-------+---------+-------+------------------+
|      |Item              |Errors |Warnings |Status |Description       |
+------+------------------+-------+---------+-------+------------------+
|1     |multi_driven_nets |      0|        0|Passed |Multi driven nets |
+------+------------------+-------+---------+-------+------------------+
---------------------------------------------------------------------------------
Start Renaming Generated Instances
---------------------------------------------------------------------------------
---------------------------------------------------------------------------------
Finished Renaming Generated Instances : Time (s): cpu = 00:00:47 ; elapsed = 00:00:50 . Memory (MB): peak = 2021.457 ; gain = 670.812 ; free physical = 2290 ; free virtual = 7594
---------------------------------------------------------------------------------

Report RTL Partitions: 
+-+--------------+------------+----------+
| |RTL Partition |Replication |Instances |
+-+--------------+------------+----------+
+-+--------------+------------+----------+
---------------------------------------------------------------------------------
Start Rebuilding User Hierarchy
---------------------------------------------------------------------------------
---------------------------------------------------------------------------------
Finished Rebuilding User Hierarchy : Time (s): cpu = 00:00:47 ; elapsed = 00:00:51 . Memory (MB): peak = 2021.457 ; gain = 670.812 ; free physical = 2289 ; free virtual = 7593
---------------------------------------------------------------------------------
---------------------------------------------------------------------------------
Start Renaming Generated Ports
---------------------------------------------------------------------------------
---------------------------------------------------------------------------------
Finished Renaming Generated Ports : Time (s): cpu = 00:00:47 ; elapsed = 00:00:51 . Memory (MB): peak = 2021.457 ; gain = 670.812 ; free physical = 2289 ; free virtual = 7593
---------------------------------------------------------------------------------
---------------------------------------------------------------------------------
Start Handling Custom Attributes
---------------------------------------------------------------------------------
---------------------------------------------------------------------------------
Finished Handling Custom Attributes : Time (s): cpu = 00:00:47 ; elapsed = 00:00:51 . Memory (MB): peak = 2021.457 ; gain = 670.812 ; free physical = 2289 ; free virtual = 7593
---------------------------------------------------------------------------------
---------------------------------------------------------------------------------
Start Renaming Generated Nets
---------------------------------------------------------------------------------
---------------------------------------------------------------------------------
Finished Renaming Generated Nets : Time (s): cpu = 00:00:47 ; elapsed = 00:00:51 . Memory (MB): peak = 2021.457 ; gain = 670.812 ; free physical = 2289 ; free virtual = 7593
---------------------------------------------------------------------------------
---------------------------------------------------------------------------------
Start Writing Synthesis Report
---------------------------------------------------------------------------------

Report BlackBoxes: 
+-+--------------+----------+
| |BlackBox name |Instances |
+-+--------------+----------+
+-+--------------+----------+

Report Cell Usage: 
+------+--------+------+
|      |Cell    |Count |
+------+--------+------+
|1     |CARRY4  |   130|
|2     |DSP48E1 |    16|
|3     |LUT1    |   114|
|4     |LUT2    |    24|
|5     |LUT3    |    33|
|6     |LUT4    |     4|
|7     |LUT5    |     6|
|8     |LUT6    |   473|
|9     |MUXF7   |   214|
|10    |FDRE    |   401|
|11    |FDSE    |     1|
+------+--------+------+

Report Instance Areas: 
+------+----------------------+-------+------+
|      |Instance              |Module |Cells |
+------+----------------------+-------+------+
|1     |top                   |       |  1416|
|2     |  \genblk1[0].mac_i   |mac    |    58|
|3     |  \genblk1[10].mac_i  |mac_0  |    61|
|4     |  \genblk1[11].mac_i  |mac_1  |    56|
|5     |  \genblk1[12].mac_i  |mac_2  |    56|
|6     |  \genblk1[13].mac_i  |mac_3  |    58|
|7     |  \genblk1[14].mac_i  |mac_4  |    55|
|8     |  \genblk1[15].mac_i  |mac_5  |    55|
|9     |  \genblk1[1].mac_i   |mac_6  |    83|
|10    |  \genblk1[2].mac_i   |mac_7  |    58|
|11    |  \genblk1[3].mac_i   |mac_8  |    57|
|12    |  \genblk1[4].mac_i   |mac_9  |    57|
|13    |  \genblk1[5].mac_i   |mac_10 |    59|
|14    |  \genblk1[6].mac_i   |mac_11 |    58|
|15    |  \genblk1[7].mac_i   |mac_12 |    78|
|16    |  \genblk1[8].mac_i   |mac_13 |    60|
|17    |  \genblk1[9].mac_i   |mac_14 |    57|
+------+----------------------+-------+------+
---------------------------------------------------------------------------------
Finished Writing Synthesis Report : Time (s): cpu = 00:00:47 ; elapsed = 00:00:51 . Memory (MB): peak = 2021.457 ; gain = 670.812 ; free physical = 2289 ; free virtual = 7593
---------------------------------------------------------------------------------
Synthesis finished with 0 errors, 0 critical warnings and 16 warnings.
Synthesis Optimization Runtime : Time (s): cpu = 00:00:34 ; elapsed = 00:00:37 . Memory (MB): peak = 2021.457 ; gain = 156.531 ; free physical = 2351 ; free virtual = 7655
Synthesis Optimization Complete : Time (s): cpu = 00:00:47 ; elapsed = 00:00:51 . Memory (MB): peak = 2021.465 ; gain = 670.812 ; free physical = 2351 ; free virtual = 7655
INFO: [Project 1-571] Translating synthesized netlist
INFO: [Netlist 29-17] Analyzing 360 Unisim elements for replacement
INFO: [Netlist 29-28] Unisim Transformation completed in 0 CPU seconds
INFO: [Project 1-570] Preparing netlist for logic optimization
Parsing XDC File [/home/gsaied/Desktop/old_rtl/fire3_squeeze/temp.xdc]
Finished Parsing XDC File [/home/gsaied/Desktop/old_rtl/fire3_squeeze/temp.xdc]
INFO: [Opt 31-138] Pushed 0 inverter(s) to 0 load pin(s).
Netlist sorting complete. Time (s): cpu = 00:00:00 ; elapsed = 00:00:00 . Memory (MB): peak = 2031.457 ; gain = 0.000 ; free physical = 2283 ; free virtual = 7580
INFO: [Project 1-111] Unisim Transformation Summary:
No Unisim elements were transformed.

INFO: [Common 17-83] Releasing license: Synthesis
54 Infos, 16 Warnings, 0 Critical Warnings and 0 Errors encountered.
synth_design completed successfully
synth_design: Time (s): cpu = 00:00:50 ; elapsed = 00:00:53 . Memory (MB): peak = 2031.457 ; gain = 701.266 ; free physical = 2343 ; free virtual = 7640
# report_utilization -file utiliziation.rpt
# report_utilization -hierarchical -file hierarchical_utilization.rpt
# report_timing -file post_synth_timing.rpt
INFO: [Timing 38-91] UpdateTimingParams: Speed grade: -3, Delay Type: max.
INFO: [Timing 38-191] Multithreading enabled for timing update using a maximum of 4 CPUs
INFO: [Timing 38-35] Done setting XDC timing constraints.
WARNING: [Timing 38-242] The property HD.CLK_SRC of clock port "clk" is not set. In out-of-context mode, this prevents timing estimation for clock delay/skew
Resolution: Set the HD.CLK_SRC property of the out-of-context port to the location of the clock buffer instance in the top-level design
INFO: [Timing 38-78] ReportTimingParams: -max_paths 1 -nworst 1 -delay_type max -sort_by slack.
report_timing: Time (s): cpu = 00:00:09 ; elapsed = 00:00:09 . Memory (MB): peak = 2586.469 ; gain = 555.012 ; free physical = 1819 ; free virtual = 7143
# if {[get_property SLACK [get_timing_paths -max_paths 1 -nworst 1 -setup]] < 0} {
# puts "Found setup timing violations => running physical optimization"
# report_timing -file slack.rpt
# }
# opt_design -directive ExploreSequentialArea
Command: opt_design -directive ExploreSequentialArea
INFO: [Vivado_Tcl 4-136] Directive used for opt_design is: ExploreSequentialArea
Attempting to get a license for feature 'Implementation' and/or device 'xc7vx690t'
INFO: [Common 17-349] Got license for feature 'Implementation' and/or device 'xc7vx690t'
Running DRC as a precondition to command opt_design

Starting DRC Task
INFO: [DRC 23-27] Running DRC with 4 threads
INFO: [Project 1-461] DRC finished with 0 Errors
INFO: [Project 1-462] Please refer to the DRC report (report_drc) for more information.

Time (s): cpu = 00:00:02 ; elapsed = 00:00:01 . Memory (MB): peak = 2634.484 ; gain = 47.016 ; free physical = 1806 ; free virtual = 7130

Starting Cache Timing Information Task
Ending Cache Timing Information Task | Checksum: eec79fed

Time (s): cpu = 00:00:00 ; elapsed = 00:00:00 . Memory (MB): peak = 2634.484 ; gain = 0.000 ; free physical = 1806 ; free virtual = 7130

Starting Logic Optimization Task

Phase 1 Retarget
INFO: [Opt 31-138] Pushed 0 inverter(s) to 0 load pin(s).
INFO: [Opt 31-49] Retargeted 0 cell(s).
Phase 1 Retarget | Checksum: eec79fed

Time (s): cpu = 00:00:00.18 ; elapsed = 00:00:00.13 . Memory (MB): peak = 2688.484 ; gain = 0.000 ; free physical = 1756 ; free virtual = 7080
INFO: [Opt 31-389] Phase Retarget created 0 cells and removed 0 cells
INFO: [Opt 31-1021] In phase Retarget, 1 netlist objects are constrained preventing optimization. Please run opt_design with -debug_log to get more detail. 

Phase 2 Constant propagation
INFO: [Opt 31-138] Pushed 0 inverter(s) to 0 load pin(s).
Phase 2 Constant propagation | Checksum: 10cab3788

Time (s): cpu = 00:00:00.22 ; elapsed = 00:00:00.17 . Memory (MB): peak = 2688.484 ; gain = 0.000 ; free physical = 1756 ; free virtual = 7080
INFO: [Opt 31-389] Phase Constant propagation created 0 cells and removed 0 cells
INFO: [Opt 31-1021] In phase Constant propagation, 2 netlist objects are constrained preventing optimization. Please run opt_design with -debug_log to get more detail. 

Phase 3 Sweep
Phase 3 Sweep | Checksum: 3122cd40

Time (s): cpu = 00:00:00.31 ; elapsed = 00:00:00.26 . Memory (MB): peak = 2688.484 ; gain = 0.000 ; free physical = 1755 ; free virtual = 7080
INFO: [Opt 31-389] Phase Sweep created 0 cells and removed 0 cells
INFO: [Opt 31-1021] In phase Sweep, 2 netlist objects are constrained preventing optimization. Please run opt_design with -debug_log to get more detail. 

Phase 4 BUFG optimization
Phase 4 BUFG optimization | Checksum: 3122cd40

Time (s): cpu = 00:00:00.32 ; elapsed = 00:00:00.28 . Memory (MB): peak = 2688.484 ; gain = 0.000 ; free physical = 1755 ; free virtual = 7080
INFO: [Opt 31-662] Phase BUFG optimization created 0 cells of which 0 are BUFGs and removed 0 cells.

Phase 5 Shift Register Optimization
Phase 5 Shift Register Optimization | Checksum: 82c082e6

Time (s): cpu = 00:00:00.61 ; elapsed = 00:00:00.57 . Memory (MB): peak = 2688.484 ; gain = 0.000 ; free physical = 1755 ; free virtual = 7080
INFO: [Opt 31-389] Phase Shift Register Optimization created 0 cells and removed 0 cells

Phase 6 Constant propagation
INFO: [Opt 31-138] Pushed 0 inverter(s) to 0 load pin(s).
Phase 6 Constant propagation | Checksum: 82c082e6

Time (s): cpu = 00:00:00.65 ; elapsed = 00:00:00.60 . Memory (MB): peak = 2688.484 ; gain = 0.000 ; free physical = 1755 ; free virtual = 7080
INFO: [Opt 31-389] Phase Constant propagation created 0 cells and removed 0 cells
INFO: [Opt 31-1021] In phase Constant propagation, 2 netlist objects are constrained preventing optimization. Please run opt_design with -debug_log to get more detail. 

Phase 7 Sweep
Phase 7 Sweep | Checksum: 82c082e6

Time (s): cpu = 00:00:00.72 ; elapsed = 00:00:00.68 . Memory (MB): peak = 2688.484 ; gain = 0.000 ; free physical = 1755 ; free virtual = 7080
INFO: [Opt 31-389] Phase Sweep created 0 cells and removed 0 cells
INFO: [Opt 31-1021] In phase Sweep, 2 netlist objects are constrained preventing optimization. Please run opt_design with -debug_log to get more detail. 

Phase 8 Resynthesis
INFO: [Timing 38-35] Done setting XDC timing constraints.
WARNING: [Timing 38-242] The property HD.CLK_SRC of clock port "clk" is not set. In out-of-context mode, this prevents timing estimation for clock delay/skew
Resolution: Set the HD.CLK_SRC property of the out-of-context port to the location of the clock buffer instance in the top-level design
INFO: [Opt 31-74] Optimized 1 modules.
INFO: [Opt 31-75] Optimized module 'fire3_squeeze'.
INFO: [Opt 31-138] Pushed 0 inverter(s) to 0 load pin(s).
INFO: [Opt 31-138] Pushed 0 inverter(s) to 0 load pin(s).
Phase 8 Resynthesis | Checksum: bade9c46

Time (s): cpu = 00:00:19 ; elapsed = 00:00:12 . Memory (MB): peak = 2696.312 ; gain = 7.828 ; free physical = 1753 ; free virtual = 7081
INFO: [Opt 31-389] Phase Resynthesis created 161 cells and removed 292 cells
INFO: [Opt 31-1021] In phase Resynthesis, 2 netlist objects are constrained preventing optimization. Please run opt_design with -debug_log to get more detail. 

Phase 9 Post Processing Netlist
Phase 9 Post Processing Netlist | Checksum: bade9c46

Time (s): cpu = 00:00:19 ; elapsed = 00:00:12 . Memory (MB): peak = 2696.312 ; gain = 7.828 ; free physical = 1753 ; free virtual = 7081
INFO: [Opt 31-389] Phase Post Processing Netlist created 0 cells and removed 0 cells
Opt_design Change Summary
=========================


-------------------------------------------------------------------------------------------------------------------------
|  Phase                        |  #Cells created  |  #Cells Removed  |  #Constrained objects preventing optimizations  |
-------------------------------------------------------------------------------------------------------------------------
|  Retarget                     |               0  |               0  |                                              1  |
|  Constant propagation         |               0  |               0  |                                              2  |
|  Sweep                        |               0  |               0  |                                              2  |
|  BUFG optimization            |               0  |               0  |                                              0  |
|  Shift Register Optimization  |               0  |               0  |                                              0  |
|  Constant propagation         |               0  |               0  |                                              2  |
|  Sweep                        |               0  |               0  |                                              2  |
|  Resynthesis                  |             161  |             292  |                                              2  |
|  Post Processing Netlist      |               0  |               0  |                                              0  |
-------------------------------------------------------------------------------------------------------------------------



Starting Connectivity Check Task

Time (s): cpu = 00:00:00 ; elapsed = 00:00:00.01 . Memory (MB): peak = 2696.312 ; gain = 0.000 ; free physical = 1753 ; free virtual = 7081
Ending Logic Optimization Task | Checksum: 137956b07

Time (s): cpu = 00:00:19 ; elapsed = 00:00:13 . Memory (MB): peak = 2696.312 ; gain = 7.828 ; free physical = 1753 ; free virtual = 7081

Starting Power Optimization Task
INFO: [Pwropt 34-132] Skipping clock gating for clocks with a period < 2.00 ns.
Ending Power Optimization Task | Checksum: 137956b07

Time (s): cpu = 00:00:00.01 ; elapsed = 00:00:00.02 . Memory (MB): peak = 2696.312 ; gain = 0.000 ; free physical = 1753 ; free virtual = 7082

Starting Final Cleanup Task
Ending Final Cleanup Task | Checksum: 137956b07

Time (s): cpu = 00:00:00 ; elapsed = 00:00:00 . Memory (MB): peak = 2696.312 ; gain = 0.000 ; free physical = 1753 ; free virtual = 7082

Starting Netlist Obfuscation Task
Netlist sorting complete. Time (s): cpu = 00:00:00 ; elapsed = 00:00:00 . Memory (MB): peak = 2696.312 ; gain = 0.000 ; free physical = 1753 ; free virtual = 7082
Ending Netlist Obfuscation Task | Checksum: 137956b07

Time (s): cpu = 00:00:00 ; elapsed = 00:00:00 . Memory (MB): peak = 2696.312 ; gain = 0.000 ; free physical = 1753 ; free virtual = 7082
INFO: [Common 17-83] Releasing license: Implementation
31 Infos, 1 Warnings, 0 Critical Warnings and 0 Errors encountered.
opt_design completed successfully
opt_design: Time (s): cpu = 00:00:22 ; elapsed = 00:00:15 . Memory (MB): peak = 2696.312 ; gain = 109.844 ; free physical = 1753 ; free virtual = 7082
# place_design -no_fanout_opt -directive ExtraTimingOpt
Command: place_design -no_fanout_opt -directive ExtraTimingOpt
Attempting to get a license for feature 'Implementation' and/or device 'xc7vx690t'
INFO: [Common 17-349] Got license for feature 'Implementation' and/or device 'xc7vx690t'
INFO: [DRC 23-27] Running DRC with 4 threads
INFO: [Vivado_Tcl 4-198] DRC finished with 0 Errors
INFO: [Vivado_Tcl 4-199] Please refer to the DRC report (report_drc) for more information.
Running DRC as a precondition to command place_design
INFO: [DRC 23-27] Running DRC with 4 threads
INFO: [Vivado_Tcl 4-198] DRC finished with 0 Errors
INFO: [Vivado_Tcl 4-199] Please refer to the DRC report (report_drc) for more information.

Starting Placer Task
INFO: [Place 46-5] The placer was invoked with the 'ExtraTimingOpt' directive.
INFO: [Place 30-611] Multithreading enabled for place_design using a maximum of 4 CPUs

Phase 1 Placer Initialization

Phase 1.1 Placer Initialization Netlist Sorting
Netlist sorting complete. Time (s): cpu = 00:00:00 ; elapsed = 00:00:00 . Memory (MB): peak = 2696.312 ; gain = 0.000 ; free physical = 1747 ; free virtual = 7077
Phase 1.1 Placer Initialization Netlist Sorting | Checksum: 554207e9

Time (s): cpu = 00:00:00.01 ; elapsed = 00:00:00.04 . Memory (MB): peak = 2696.312 ; gain = 0.000 ; free physical = 1747 ; free virtual = 7077
Netlist sorting complete. Time (s): cpu = 00:00:00 ; elapsed = 00:00:00 . Memory (MB): peak = 2696.312 ; gain = 0.000 ; free physical = 1747 ; free virtual = 7077

Phase 1.2 IO Placement/ Clock Placement/ Build Placer Device
INFO: [Timing 38-35] Done setting XDC timing constraints.
Phase 1.2 IO Placement/ Clock Placement/ Build Placer Device | Checksum: 3ec6ad6c

Time (s): cpu = 00:00:02 ; elapsed = 00:00:02 . Memory (MB): peak = 2717.039 ; gain = 20.727 ; free physical = 1729 ; free virtual = 7059

Phase 1.3 Build Placer Netlist Model
Phase 1.3 Build Placer Netlist Model | Checksum: 4925fe43

Time (s): cpu = 00:00:03 ; elapsed = 00:00:02 . Memory (MB): peak = 2727.109 ; gain = 30.797 ; free physical = 1721 ; free virtual = 7052

Phase 1.4 Constrain Clocks/Macros
Phase 1.4 Constrain Clocks/Macros | Checksum: 4925fe43

Time (s): cpu = 00:00:03 ; elapsed = 00:00:02 . Memory (MB): peak = 2727.109 ; gain = 30.797 ; free physical = 1721 ; free virtual = 7052
Phase 1 Placer Initialization | Checksum: 4925fe43

Time (s): cpu = 00:00:03 ; elapsed = 00:00:02 . Memory (MB): peak = 2727.109 ; gain = 30.797 ; free physical = 1721 ; free virtual = 7052

Phase 2 Global Placement

Phase 2.1 Floorplanning
Phase 2.1 Floorplanning | Checksum: 42c3be32

Time (s): cpu = 00:00:05 ; elapsed = 00:00:03 . Memory (MB): peak = 2727.109 ; gain = 30.797 ; free physical = 1666 ; free virtual = 6997
Phase 2 Global Placement | Checksum: 131b48238

Time (s): cpu = 00:00:13 ; elapsed = 00:00:07 . Memory (MB): peak = 2735.113 ; gain = 38.801 ; free physical = 1671 ; free virtual = 6995

Phase 3 Detail Placement

Phase 3.1 Commit Multi Column Macros
Phase 3.1 Commit Multi Column Macros | Checksum: 131b48238

Time (s): cpu = 00:00:13 ; elapsed = 00:00:07 . Memory (MB): peak = 2735.113 ; gain = 38.801 ; free physical = 1663 ; free virtual = 6995

Phase 3.2 Commit Most Macros & LUTRAMs
Phase 3.2 Commit Most Macros & LUTRAMs | Checksum: 1e954ae42

Time (s): cpu = 00:00:13 ; elapsed = 00:00:07 . Memory (MB): peak = 2735.113 ; gain = 38.801 ; free physical = 1656 ; free virtual = 6989

Phase 3.3 Area Swap Optimization
Phase 3.3 Area Swap Optimization | Checksum: 1cd9c8aee

Time (s): cpu = 00:00:13 ; elapsed = 00:00:07 . Memory (MB): peak = 2735.113 ; gain = 38.801 ; free physical = 1655 ; free virtual = 6988

Phase 3.4 Pipeline Register Optimization
Phase 3.4 Pipeline Register Optimization | Checksum: 13daf7e44

Time (s): cpu = 00:00:13 ; elapsed = 00:00:07 . Memory (MB): peak = 2735.113 ; gain = 38.801 ; free physical = 1655 ; free virtual = 6988

Phase 3.5 Small Shape Detail Placement
Phase 3.5 Small Shape Detail Placement | Checksum: 107789bae

Time (s): cpu = 00:00:15 ; elapsed = 00:00:08 . Memory (MB): peak = 2735.113 ; gain = 38.801 ; free physical = 1648 ; free virtual = 6973

Phase 3.6 Re-assign LUT pins
Phase 3.6 Re-assign LUT pins | Checksum: 86ad9d88

Time (s): cpu = 00:00:15 ; elapsed = 00:00:08 . Memory (MB): peak = 2735.113 ; gain = 38.801 ; free physical = 1640 ; free virtual = 6973

Phase 3.7 Pipeline Register Optimization
Phase 3.7 Pipeline Register Optimization | Checksum: 156c08bd2

Time (s): cpu = 00:00:15 ; elapsed = 00:00:08 . Memory (MB): peak = 2735.113 ; gain = 38.801 ; free physical = 1640 ; free virtual = 6973
Phase 3 Detail Placement | Checksum: 156c08bd2

Time (s): cpu = 00:00:15 ; elapsed = 00:00:08 . Memory (MB): peak = 2735.113 ; gain = 38.801 ; free physical = 1640 ; free virtual = 6973

Phase 4 Post Placement Optimization and Clean-Up

Phase 4.1 Post Commit Optimization
INFO: [Timing 38-35] Done setting XDC timing constraints.

Phase 4.1.1 Post Placement Optimization
Post Placement Optimization Initialization | Checksum: cb9a5928

Phase 4.1.1.1 BUFG Insertion
INFO: [Place 46-46] BUFG insertion identified 0 candidate nets, 0 success, 0 bufg driver replicated, 0 skipped for placement/routing, 0 skipped for timing, 0 skipped for netlist change reason
Phase 4.1.1.1 BUFG Insertion | Checksum: cb9a5928

Time (s): cpu = 00:00:16 ; elapsed = 00:00:09 . Memory (MB): peak = 2768.113 ; gain = 71.801 ; free physical = 1636 ; free virtual = 6969
INFO: [Place 30-746] Post Placement Timing Summary WNS=1.219. For the most accurate timing information please run report_timing.
Phase 4.1.1 Post Placement Optimization | Checksum: 154b1c5ef

Time (s): cpu = 00:00:16 ; elapsed = 00:00:09 . Memory (MB): peak = 2768.113 ; gain = 71.801 ; free physical = 1636 ; free virtual = 6969
Phase 4.1 Post Commit Optimization | Checksum: 154b1c5ef

Time (s): cpu = 00:00:16 ; elapsed = 00:00:09 . Memory (MB): peak = 2768.113 ; gain = 71.801 ; free physical = 1636 ; free virtual = 6969

Phase 4.2 Post Placement Cleanup
Phase 4.2 Post Placement Cleanup | Checksum: 154b1c5ef

Time (s): cpu = 00:00:16 ; elapsed = 00:00:09 . Memory (MB): peak = 2768.113 ; gain = 71.801 ; free physical = 1652 ; free virtual = 6985

Phase 4.3 Placer Reporting
Phase 4.3 Placer Reporting | Checksum: 154b1c5ef

Time (s): cpu = 00:00:16 ; elapsed = 00:00:09 . Memory (MB): peak = 2768.113 ; gain = 71.801 ; free physical = 1652 ; free virtual = 6985

Phase 4.4 Final Placement Cleanup
Netlist sorting complete. Time (s): cpu = 00:00:00 ; elapsed = 00:00:00 . Memory (MB): peak = 2768.113 ; gain = 0.000 ; free physical = 1652 ; free virtual = 6985
Phase 4.4 Final Placement Cleanup | Checksum: 16b2d206c

Time (s): cpu = 00:00:16 ; elapsed = 00:00:09 . Memory (MB): peak = 2768.113 ; gain = 71.801 ; free physical = 1652 ; free virtual = 6985
Phase 4 Post Placement Optimization and Clean-Up | Checksum: 16b2d206c

Time (s): cpu = 00:00:16 ; elapsed = 00:00:09 . Memory (MB): peak = 2768.113 ; gain = 71.801 ; free physical = 1652 ; free virtual = 6985
Ending Placer Task | Checksum: 8b11bd4e

Time (s): cpu = 00:00:16 ; elapsed = 00:00:09 . Memory (MB): peak = 2768.113 ; gain = 71.801 ; free physical = 1728 ; free virtual = 7061
INFO: [Common 17-83] Releasing license: Implementation
14 Infos, 0 Warnings, 0 Critical Warnings and 0 Errors encountered.
place_design completed successfully
place_design: Time (s): cpu = 00:00:18 ; elapsed = 00:00:11 . Memory (MB): peak = 2768.113 ; gain = 71.801 ; free physical = 1728 ; free virtual = 7061
# route_design -directive NoTimingRelaxation -tns_cleanup
Command: route_design -directive NoTimingRelaxation -tns_cleanup
Attempting to get a license for feature 'Implementation' and/or device 'xc7vx690t'
INFO: [Common 17-349] Got license for feature 'Implementation' and/or device 'xc7vx690t'
Running DRC as a precondition to command route_design
INFO: [DRC 23-27] Running DRC with 4 threads
INFO: [Vivado_Tcl 4-198] DRC finished with 0 Errors
INFO: [Vivado_Tcl 4-199] Please refer to the DRC report (report_drc) for more information.


Starting Routing Task
INFO: [Route 35-270] Using Router directive 'NoTimingRelaxation'.
INFO: [Route 35-254] Multithreading enabled for route_design using a maximum of 4 CPUs
Checksum: PlaceDB: 35cfb565 ConstDB: 0 ShapeSum: 554207e9 RouteDB: 0

Phase 1 Build RT Design
WARNING: [Route 35-198] Port "ifm[15]" does not have an associated HD.PARTPIN_LOCS, which will prevent the partial routing of the signal "ifm[15]". Without this partial route, timing analysis to/from this port will not be accurate, and no routing information for this port can be exported.
WARNING: [Route 35-198] Port "ifm[14]" does not have an associated HD.PARTPIN_LOCS, which will prevent the partial routing of the signal "ifm[14]". Without this partial route, timing analysis to/from this port will not be accurate, and no routing information for this port can be exported.
WARNING: [Route 35-198] Port "ifm[13]" does not have an associated HD.PARTPIN_LOCS, which will prevent the partial routing of the signal "ifm[13]". Without this partial route, timing analysis to/from this port will not be accurate, and no routing information for this port can be exported.
WARNING: [Route 35-198] Port "ifm[12]" does not have an associated HD.PARTPIN_LOCS, which will prevent the partial routing of the signal "ifm[12]". Without this partial route, timing analysis to/from this port will not be accurate, and no routing information for this port can be exported.
WARNING: [Route 35-198] Port "ifm[11]" does not have an associated HD.PARTPIN_LOCS, which will prevent the partial routing of the signal "ifm[11]". Without this partial route, timing analysis to/from this port will not be accurate, and no routing information for this port can be exported.
WARNING: [Route 35-198] Port "ifm[10]" does not have an associated HD.PARTPIN_LOCS, which will prevent the partial routing of the signal "ifm[10]". Without this partial route, timing analysis to/from this port will not be accurate, and no routing information for this port can be exported.
WARNING: [Route 35-198] Port "ifm[9]" does not have an associated HD.PARTPIN_LOCS, which will prevent the partial routing of the signal "ifm[9]". Without this partial route, timing analysis to/from this port will not be accurate, and no routing information for this port can be exported.
WARNING: [Route 35-198] Port "ifm[8]" does not have an associated HD.PARTPIN_LOCS, which will prevent the partial routing of the signal "ifm[8]". Without this partial route, timing analysis to/from this port will not be accurate, and no routing information for this port can be exported.
WARNING: [Route 35-198] Port "ifm[7]" does not have an associated HD.PARTPIN_LOCS, which will prevent the partial routing of the signal "ifm[7]". Without this partial route, timing analysis to/from this port will not be accurate, and no routing information for this port can be exported.
WARNING: [Route 35-198] Port "ifm[6]" does not have an associated HD.PARTPIN_LOCS, which will prevent the partial routing of the signal "ifm[6]". Without this partial route, timing analysis to/from this port will not be accurate, and no routing information for this port can be exported.
WARNING: [Route 35-198] Port "ifm[5]" does not have an associated HD.PARTPIN_LOCS, which will prevent the partial routing of the signal "ifm[5]". Without this partial route, timing analysis to/from this port will not be accurate, and no routing information for this port can be exported.
WARNING: [Route 35-198] Port "ifm[4]" does not have an associated HD.PARTPIN_LOCS, which will prevent the partial routing of the signal "ifm[4]". Without this partial route, timing analysis to/from this port will not be accurate, and no routing information for this port can be exported.
WARNING: [Route 35-198] Port "ifm[3]" does not have an associated HD.PARTPIN_LOCS, which will prevent the partial routing of the signal "ifm[3]". Without this partial route, timing analysis to/from this port will not be accurate, and no routing information for this port can be exported.
WARNING: [Route 35-198] Port "ifm[2]" does not have an associated HD.PARTPIN_LOCS, which will prevent the partial routing of the signal "ifm[2]". Without this partial route, timing analysis to/from this port will not be accurate, and no routing information for this port can be exported.
WARNING: [Route 35-198] Port "ifm[1]" does not have an associated HD.PARTPIN_LOCS, which will prevent the partial routing of the signal "ifm[1]". Without this partial route, timing analysis to/from this port will not be accurate, and no routing information for this port can be exported.
WARNING: [Route 35-198] Port "ifm[0]" does not have an associated HD.PARTPIN_LOCS, which will prevent the partial routing of the signal "ifm[0]". Without this partial route, timing analysis to/from this port will not be accurate, and no routing information for this port can be exported.
WARNING: [Route 35-198] Port "fire3_squeeze_en" does not have an associated HD.PARTPIN_LOCS, which will prevent the partial routing of the signal "fire3_squeeze_en". Without this partial route, timing analysis to/from this port will not be accurate, and no routing information for this port can be exported.
WARNING: [Route 35-197] Clock port "clk" does not have an associated HD.CLK_SRC. Without this constraint, timing analysis may not be accurate and upstream checks cannot be done to ensure correct clock placement.
WARNING: [Route 35-198] Port "ram_feedback" does not have an associated HD.PARTPIN_LOCS, which will prevent the partial routing of the signal "ram_feedback". Without this partial route, timing analysis to/from this port will not be accurate, and no routing information for this port can be exported.
Phase 1 Build RT Design | Checksum: 141d681e7

Time (s): cpu = 00:01:47 ; elapsed = 00:01:03 . Memory (MB): peak = 3221.781 ; gain = 453.664 ; free physical = 1255 ; free virtual = 6609
Post Restoration Checksum: NetGraph: 42e9794d NumContArr: feed089a Constraints: 0 Timing: 0

Phase 2 Router Initialization

Phase 2.1 Create Timer
Phase 2.1 Create Timer | Checksum: 141d681e7

Time (s): cpu = 00:01:47 ; elapsed = 00:01:03 . Memory (MB): peak = 3236.777 ; gain = 468.660 ; free physical = 1215 ; free virtual = 6577

Phase 2.2 Fix Topology Constraints
Phase 2.2 Fix Topology Constraints | Checksum: 141d681e7

Time (s): cpu = 00:01:48 ; elapsed = 00:01:03 . Memory (MB): peak = 3266.027 ; gain = 497.910 ; free physical = 1181 ; free virtual = 6543

Phase 2.3 Pre Route Cleanup
Phase 2.3 Pre Route Cleanup | Checksum: 141d681e7

Time (s): cpu = 00:01:48 ; elapsed = 00:01:03 . Memory (MB): peak = 3266.027 ; gain = 497.910 ; free physical = 1181 ; free virtual = 6543
 Number of Nodes with overlaps = 0

Phase 2.4 Update Timing
Phase 2.4 Update Timing | Checksum: f8187fa6

Time (s): cpu = 00:01:49 ; elapsed = 00:01:05 . Memory (MB): peak = 3313.605 ; gain = 545.488 ; free physical = 1182 ; free virtual = 6545
INFO: [Route 35-416] Intermediate Timing Summary | WNS=1.369  | TNS=0.000  | WHS=0.100  | THS=0.000  |

Phase 2 Router Initialization | Checksum: febb37e0

Time (s): cpu = 00:01:49 ; elapsed = 00:01:05 . Memory (MB): peak = 3313.605 ; gain = 545.488 ; free physical = 1177 ; free virtual = 6540

Phase 3 Initial Routing
Phase 3 Initial Routing | Checksum: 188cf7e52

Time (s): cpu = 00:01:54 ; elapsed = 00:01:07 . Memory (MB): peak = 3324.965 ; gain = 556.848 ; free physical = 1160 ; free virtual = 6523

Phase 4 Rip-up And Reroute

Phase 4.1 Global Iteration 0
 Number of Nodes with overlaps = 197
 Number of Nodes with overlaps = 1
 Number of Nodes with overlaps = 0
INFO: [Route 35-416] Intermediate Timing Summary | WNS=0.690  | TNS=0.000  | WHS=N/A    | THS=N/A    |

Phase 4.1 Global Iteration 0 | Checksum: 7675fead

Time (s): cpu = 00:01:56 ; elapsed = 00:01:08 . Memory (MB): peak = 3324.965 ; gain = 556.848 ; free physical = 1159 ; free virtual = 6522
Phase 4 Rip-up And Reroute | Checksum: 7675fead

Time (s): cpu = 00:01:56 ; elapsed = 00:01:08 . Memory (MB): peak = 3324.965 ; gain = 556.848 ; free physical = 1159 ; free virtual = 6522

Phase 5 Delay and Skew Optimization

Phase 5.1 TNS Cleanup

Phase 5.1.1 Delay CleanUp
Phase 5.1.1 Delay CleanUp | Checksum: 7675fead

Time (s): cpu = 00:01:56 ; elapsed = 00:01:08 . Memory (MB): peak = 3324.965 ; gain = 556.848 ; free physical = 1159 ; free virtual = 6522
Phase 5.1 TNS Cleanup | Checksum: 7675fead

Time (s): cpu = 00:01:56 ; elapsed = 00:01:08 . Memory (MB): peak = 3324.965 ; gain = 556.848 ; free physical = 1159 ; free virtual = 6522

Phase 5.2 Clock Skew Optimization
Phase 5.2 Clock Skew Optimization | Checksum: 7675fead

Time (s): cpu = 00:01:56 ; elapsed = 00:01:08 . Memory (MB): peak = 3324.965 ; gain = 556.848 ; free physical = 1159 ; free virtual = 6522
Phase 5 Delay and Skew Optimization | Checksum: 7675fead

Time (s): cpu = 00:01:56 ; elapsed = 00:01:08 . Memory (MB): peak = 3324.965 ; gain = 556.848 ; free physical = 1159 ; free virtual = 6522

Phase 6 Post Hold Fix

Phase 6.1 Hold Fix Iter

Phase 6.1.1 Update Timing
Phase 6.1.1 Update Timing | Checksum: 12ed5d551

Time (s): cpu = 00:01:56 ; elapsed = 00:01:08 . Memory (MB): peak = 3324.965 ; gain = 556.848 ; free physical = 1159 ; free virtual = 6522
INFO: [Route 35-416] Intermediate Timing Summary | WNS=0.690  | TNS=0.000  | WHS=0.141  | THS=0.000  |

Phase 6.1 Hold Fix Iter | Checksum: 12ed5d551

Time (s): cpu = 00:01:56 ; elapsed = 00:01:08 . Memory (MB): peak = 3324.965 ; gain = 556.848 ; free physical = 1159 ; free virtual = 6522
Phase 6 Post Hold Fix | Checksum: 12ed5d551

Time (s): cpu = 00:01:56 ; elapsed = 00:01:08 . Memory (MB): peak = 3324.965 ; gain = 556.848 ; free physical = 1159 ; free virtual = 6522

Phase 7 Route finalize

Router Utilization Summary
  Global Vertical Routing Utilization    = 0.0262923 %
  Global Horizontal Routing Utilization  = 0.0240052 %
  Routable Net Status*
  *Does not include unroutable nets such as driverless and loadless.
  Run report_route_status for detailed report.
  Number of Failed Nets               = 0
  Number of Unrouted Nets             = 0
  Number of Partially Routed Nets     = 0
  Number of Node Overlaps             = 0

Phase 7 Route finalize | Checksum: 11023227f

Time (s): cpu = 00:01:57 ; elapsed = 00:01:09 . Memory (MB): peak = 3324.965 ; gain = 556.848 ; free physical = 1154 ; free virtual = 6517

Phase 8 Verifying routed nets

 Verification completed successfully
Phase 8 Verifying routed nets | Checksum: 11023227f

Time (s): cpu = 00:01:57 ; elapsed = 00:01:09 . Memory (MB): peak = 3324.965 ; gain = 556.848 ; free physical = 1154 ; free virtual = 6517

Phase 9 Depositing Routes
Phase 9 Depositing Routes | Checksum: 177dd3922

Time (s): cpu = 00:01:58 ; elapsed = 00:01:09 . Memory (MB): peak = 3324.965 ; gain = 556.848 ; free physical = 1154 ; free virtual = 6517

Phase 10 Post Router Timing
WARNING: [Timing 38-242] The property HD.CLK_SRC of clock port "clk" is not set. In out-of-context mode, this prevents timing estimation for clock delay/skew
Resolution: Set the HD.CLK_SRC property of the out-of-context port to the location of the clock buffer instance in the top-level design
INFO: [Route 35-20] Post Routing Timing Summary | WNS=0.691  | TNS=0.000  | WHS=0.142  | THS=0.000  |

INFO: [Route 35-61] The design met the timing requirement.
Phase 10 Post Router Timing | Checksum: 10d554d4e

Time (s): cpu = 00:01:58 ; elapsed = 00:01:09 . Memory (MB): peak = 3324.965 ; gain = 556.848 ; free physical = 1158 ; free virtual = 6521
INFO: [Route 35-16] Router Completed Successfully

Time (s): cpu = 00:01:58 ; elapsed = 00:01:09 . Memory (MB): peak = 3324.965 ; gain = 556.848 ; free physical = 1471 ; free virtual = 6834

Routing Is Done.
INFO: [Common 17-83] Releasing license: Implementation
13 Infos, 20 Warnings, 0 Critical Warnings and 0 Errors encountered.
route_design completed successfully
route_design: Time (s): cpu = 00:02:01 ; elapsed = 00:01:11 . Memory (MB): peak = 3324.965 ; gain = 556.852 ; free physical = 1471 ; free virtual = 6834
# report_timing
WARNING: [Timing 38-242] The property HD.CLK_SRC of clock port "clk" is not set. In out-of-context mode, this prevents timing estimation for clock delay/skew
Resolution: Set the HD.CLK_SRC property of the out-of-context port to the location of the clock buffer instance in the top-level design
INFO: [Timing 38-78] ReportTimingParams: -max_paths 1 -nworst 1 -delay_type max -sort_by slack.
Copyright 1986-2018 Xilinx, Inc. All Rights Reserved.
------------------------------------------------------------------------------------
| Tool Version : Vivado v.2018.3 (lin64) Build 2405991 Thu Dec  6 23:36:41 MST 2018
| Date         : Mon Mar  9 12:23:36 2020
| Host         : GCS running 64-bit Ubuntu 18.04.4 LTS
| Command      : report_timing
| Design       : fire3_squeeze
| Device       : 7vx690t-ffg1157
| Speed File   : -3  PRODUCTION 1.11 2014-09-11
------------------------------------------------------------------------------------

Timing Report

Slack (MET) :             0.691ns  (required time - arrival time)
  Source:                 weight_rom_address_reg[3]/C
                            (rising edge-triggered cell FDRE clocked by clk  {rise@0.000ns fall@2.000ns period=4.000ns})
  Destination:            genblk1[15].mac_i/mul_out_reg/B[8]
                            (rising edge-triggered cell DSP48E1 clocked by clk  {rise@0.000ns fall@2.000ns period=4.000ns})
  Path Group:             clk
  Path Type:              Setup (Max at Slow Process Corner)
  Requirement:            4.000ns  (clk rise@4.000ns - clk rise@0.000ns)
  Data Path Delay:        2.898ns  (logic 0.414ns (14.284%)  route 2.484ns (85.716%))
  Logic Levels:           2  (LUT6=1 MUXF7=1)
  Clock Path Skew:        -0.025ns (DCD - SCD + CPR)
    Destination Clock Delay (DCD):    0.483ns = ( 4.483 - 4.000 ) 
    Source Clock Delay      (SCD):    0.508ns
    Clock Pessimism Removal (CPR):    0.000ns
  Clock Uncertainty:      0.035ns  ((TSJ^2 + TIJ^2)^1/2 + DJ) / 2 + PE
    Total System Jitter     (TSJ):    0.071ns
    Total Input Jitter      (TIJ):    0.000ns
    Discrete Jitter          (DJ):    0.000ns
    Phase Error              (PE):    0.000ns

    Location             Delay type                Incr(ns)  Path(ns)    Netlist Resource(s)
  -------------------------------------------------------------------    -------------------
                         (clock clk rise edge)        0.000     0.000 r  
                                                      0.000     0.000 r  clk (IN)
                         net (fo=289, unset)          0.508     0.508    clk
    SLICE_X22Y49         FDRE                                         r  weight_rom_address_reg[3]/C
  -------------------------------------------------------------------    -------------------
    SLICE_X22Y49         FDRE (Prop_fdre_C_Q)         0.254     0.762 r  weight_rom_address_reg[3]/Q
                         net (fo=474, routed)         2.098     2.860    genblk1[15].mac_i/Q[3]
    SLICE_X13Y23         LUT6 (Prop_lut6_I3_O)        0.043     2.903 r  genblk1[15].mac_i/g0_b8__14/O
                         net (fo=1, routed)           0.000     2.903    genblk1[15].mac_i/g0_b8__14_n_0
    SLICE_X13Y23         MUXF7 (Prop_muxf7_I0_O)      0.117     3.020 r  genblk1[15].mac_i/mul_out_reg_i_7__14/O
                         net (fo=1, routed)           0.387     3.406    genblk1[15].mac_i/mul_out_reg_i_7__14_n_0
    DSP48_X0Y9           DSP48E1                                      r  genblk1[15].mac_i/mul_out_reg/B[8]
  -------------------------------------------------------------------    -------------------

                         (clock clk rise edge)        4.000     4.000 r  
                                                      0.000     4.000 r  clk (IN)
                         net (fo=289, unset)          0.483     4.483    genblk1[15].mac_i/clk
    DSP48_X0Y9           DSP48E1                                      r  genblk1[15].mac_i/mul_out_reg/CLK
                         clock pessimism              0.000     4.483    
                         clock uncertainty           -0.035     4.447    
    DSP48_X0Y9           DSP48E1 (Setup_dsp48e1_CLK_B[8])
                                                     -0.350     4.097    genblk1[15].mac_i/mul_out_reg
  -------------------------------------------------------------------
                         required time                          4.097    
                         arrival time                          -3.406    
  -------------------------------------------------------------------
                         slack                                  0.691    




vi synth.tcl 
WARNING: [Common 17-259] Unknown Tcl command 'vi synth.tcl' sending command to the OS shell for execution. It is recommended to use 'exec' to send the command to the OS shell.
vi temp.xdc 
WARNING: [Common 17-259] Unknown Tcl command 'vi temp.xdc' sending command to the OS shell for execution. It is recommended to use 'exec' to send the command to the OS shell.
exit
INFO: [Common 17-206] Exiting Vivado at Mon Mar  9 12:30:31 2020...
