#-----------------------------------------------------------
# Vivado v2018.3 (64-bit)
# SW Build 2405991 on Thu Dec  6 23:36:41 MST 2018
# IP Build 2404404 on Fri Dec  7 01:43:56 MST 2018
# Start of session at: Mon Mar  9 14:28:48 2020
# Process ID: 20559
# Current directory: /home/gsaied/Desktop/old_rtl/fire3_squeeze
# Command line: vivado -mode tcl -source synth.tcl
# Log file: /home/gsaied/Desktop/old_rtl/fire3_squeeze/vivado.log
# Journal file: /home/gsaied/Desktop/old_rtl/fire3_squeeze/vivado.jou
#-----------------------------------------------------------
source synth.tcl
# read_verilog -sv [ glob *.sv ] 
# create_fileset -constrset constr
# add_files -fileset constr temp.xdc
# set_param synth.elaboration.rodinMoreOptions "rt::set_parameter var_size_limit 4194304"
# synth_design -top [lindex [find_top] 0] -part xc7vx690t -flatten_hierarchy rebuilt -directive AreaOptimized_high -constrset constr -mode out_of_context
Command: synth_design -top fire3_squeeze -part xc7vx690t -flatten_hierarchy rebuilt -directive AreaOptimized_high -constrset constr -mode out_of_context
Starting synth_design
Attempting to get a license for feature 'Synthesis' and/or device 'xc7vx690t'
INFO: [Common 17-349] Got license for feature 'Synthesis' and/or device 'xc7vx690t'
INFO: Launching helper process for spawning children vivado processes
INFO: Helper process launched with PID 20567 
INFO: [Common 17-41] Interrupt caught. Command should exit soon.
1
INFO: [Common 17-83] Releasing license: Synthesis
3 Infos, 0 Warnings, 0 Critical Warnings and 1 Errors encountered.
synth_design failed
INFO: [Common 17-344] 'source' was cancelled
exit
INFO: [Common 17-206] Exiting Vivado at Mon Mar  9 14:29:07 2020...
