Copyright 1986-2018 Xilinx, Inc. All Rights Reserved.
-------------------------------------------------------------------------------------
| Tool Version : Vivado v.2018.3 (lin64) Build 2405991 Thu Dec  6 23:36:41 MST 2018
| Date         : Mon Mar  2 18:20:13 2020
| Host         : GCS running 64-bit Ubuntu 18.04.4 LTS
| Command      : report_utilization -hierarchical -file hierarchical_utilization.rpt
| Design       : fire4_squeeze
| Device       : 7vx690tffg1157-3
| Design State : Synthesized
-------------------------------------------------------------------------------------

Utilization Design Information

Table of Contents
-----------------
1. Utilization by Hierarchy

1. Utilization by Hierarchy
---------------------------

+---------------+--------+------------+------------+---------+------+-----+--------+--------+--------------+
|    Instance   | Module | Total LUTs | Logic LUTs | LUTRAMs | SRLs | FFs | RAMB36 | RAMB18 | DSP48 Blocks |
+---------------+--------+------------+------------+---------+------+-----+--------+--------+--------------+
| fire4_squeeze |  (top) |      10982 |      10982 |       0 |    0 | 625 |      0 |      0 |           32 |
+---------------+--------+------------+------------+---------+------+-----+--------+--------+--------------+


