#-----------------------------------------------------------
# Vivado v2018.3 (64-bit)
# SW Build 2405991 on Thu Dec  6 23:36:41 MST 2018
# IP Build 2404404 on Fri Dec  7 01:43:56 MST 2018
# Start of session at: Mon Mar  9 00:10:14 2020
# Process ID: 14509
# Current directory: /home/gsaied/Desktop/old_rtl/fire4_squeeze
# Command line: vivado -mode tcl -source synth.tcl
# Log file: /home/gsaied/Desktop/old_rtl/fire4_squeeze/vivado.log
# Journal file: /home/gsaied/Desktop/old_rtl/fire4_squeeze/vivado.jou
#-----------------------------------------------------------
source synth.tcl
# read_verilog -sv [ glob *.sv ] 
# create_fileset -constrset constr
# add_files -fileset constr temp.xdc
# set_param synth.elaboration.rodinMoreOptions "rt::set_parameter var_size_limit 4194304"
# synth_design -top [lindex [find_top] 0] -part xc7vx690t -flatten_hierarchy rebuilt -directive AreaOptimized_high -constrset constr -mode out_of_context
Command: synth_design -top fire4_squeeze -part xc7vx690t -flatten_hierarchy rebuilt -directive AreaOptimized_high -constrset constr -mode out_of_context
Starting synth_design
Attempting to get a license for feature 'Synthesis' and/or device 'xc7vx690t'
INFO: [Common 17-349] Got license for feature 'Synthesis' and/or device 'xc7vx690t'
INFO: Launching helper process for spawning children vivado processes
INFO: Helper process launched with PID 14525 
---------------------------------------------------------------------------------
Starting RTL Elaboration : Time (s): cpu = 00:00:02 ; elapsed = 00:00:03 . Memory (MB): peak = 1441.645 ; gain = 91.000 ; free physical = 175 ; free virtual = 3005
---------------------------------------------------------------------------------
INFO: [Synth 8-6157] synthesizing module 'fire4_squeeze' [/home/gsaied/Desktop/old_rtl/fire4_squeeze/fire4_squeeze.sv:3]
	Parameter WOUT bound to: 32 - type: integer 
	Parameter DSP_NO bound to: 32 - type: integer 
	Parameter W_IN bound to: 64 - type: integer 
	Parameter WIDTH bound to: 16 - type: integer 
	Parameter CHIN bound to: 128 - type: integer 
	Parameter KERNEL_DIM bound to: 3 - type: integer 
INFO: [Synth 8-6157] synthesizing module 'mac' [/home/gsaied/Desktop/old_rtl/fire4_squeeze/mac.sv:1]
INFO: [Synth 8-6155] done synthesizing module 'mac' (1#1) [/home/gsaied/Desktop/old_rtl/fire4_squeeze/mac.sv:1]
INFO: [Synth 8-5534] Detected attribute (* dont_touch = "yes" *) [/home/gsaied/Desktop/old_rtl/fire4_squeeze/fire4_squeeze.sv:147]
INFO: [Synth 8-6157] synthesizing module 'biasing_fire4_squeeze' [/home/gsaied/Desktop/old_rtl/fire4_squeeze/biasing_fire4_squeeze.sv:2]
INFO: [Synth 8-6155] done synthesizing module 'biasing_fire4_squeeze' (2#1) [/home/gsaied/Desktop/old_rtl/fire4_squeeze/biasing_fire4_squeeze.sv:2]
INFO: [Synth 8-6157] synthesizing module 'wrapper_rom_fire4_squeeze' [/home/gsaied/Desktop/old_rtl/fire4_squeeze/wrapper_rom_fire4_squeeze.sv:2]
	Parameter WIDTH bound to: 16 - type: integer 
	Parameter KERNEL bound to: 3 - type: integer 
	Parameter ADDR bound to: 11 - type: integer 
	Parameter NUM bound to: 32 - type: integer 
INFO: [Synth 8-6157] synthesizing module 'rom_fire4_squeeze' [/home/gsaied/Desktop/old_rtl/fire4_squeeze/rom_fire4_squeeze.sv:3]
	Parameter WIDTH bound to: 16 - type: integer 
	Parameter KERNEL bound to: 3 - type: integer 
	Parameter ADDR bound to: 10 - type: integer 
	Parameter NUM bound to: 32 - type: integer 
INFO: [Synth 8-5534] Detected attribute (* rom_style = "{distributed}" *) [/home/gsaied/Desktop/old_rtl/fire4_squeeze/rom_fire4_squeeze.sv:16]
INFO: [Synth 8-5534] Detected attribute (* rom_style = "{distributed}" *) [/home/gsaied/Desktop/old_rtl/fire4_squeeze/rom_fire4_squeeze.sv:19]
INFO: [Synth 8-5534] Detected attribute (* rom_style = "{distributed}" *) [/home/gsaied/Desktop/old_rtl/fire4_squeeze/rom_fire4_squeeze.sv:22]
INFO: [Synth 8-5534] Detected attribute (* rom_style = "{distributed}" *) [/home/gsaied/Desktop/old_rtl/fire4_squeeze/rom_fire4_squeeze.sv:25]
INFO: [Synth 8-5534] Detected attribute (* rom_style = "{distributed}" *) [/home/gsaied/Desktop/old_rtl/fire4_squeeze/rom_fire4_squeeze.sv:28]
INFO: [Synth 8-5534] Detected attribute (* rom_style = "{distributed}" *) [/home/gsaied/Desktop/old_rtl/fire4_squeeze/rom_fire4_squeeze.sv:31]
INFO: [Synth 8-5534] Detected attribute (* rom_style = "{distributed}" *) [/home/gsaied/Desktop/old_rtl/fire4_squeeze/rom_fire4_squeeze.sv:34]
INFO: [Synth 8-5534] Detected attribute (* rom_style = "{distributed}" *) [/home/gsaied/Desktop/old_rtl/fire4_squeeze/rom_fire4_squeeze.sv:37]
INFO: [Synth 8-5534] Detected attribute (* rom_style = "{distributed}" *) [/home/gsaied/Desktop/old_rtl/fire4_squeeze/rom_fire4_squeeze.sv:40]
INFO: [Synth 8-5534] Detected attribute (* rom_style = "{distributed}" *) [/home/gsaied/Desktop/old_rtl/fire4_squeeze/rom_fire4_squeeze.sv:43]
INFO: [Synth 8-5534] Detected attribute (* rom_style = "{distributed}" *) [/home/gsaied/Desktop/old_rtl/fire4_squeeze/rom_fire4_squeeze.sv:46]
INFO: [Synth 8-5534] Detected attribute (* rom_style = "{distributed}" *) [/home/gsaied/Desktop/old_rtl/fire4_squeeze/rom_fire4_squeeze.sv:49]
INFO: [Synth 8-5534] Detected attribute (* rom_style = "{distributed}" *) [/home/gsaied/Desktop/old_rtl/fire4_squeeze/rom_fire4_squeeze.sv:52]
INFO: [Synth 8-5534] Detected attribute (* rom_style = "{distributed}" *) [/home/gsaied/Desktop/old_rtl/fire4_squeeze/rom_fire4_squeeze.sv:55]
INFO: [Synth 8-5534] Detected attribute (* rom_style = "{distributed}" *) [/home/gsaied/Desktop/old_rtl/fire4_squeeze/rom_fire4_squeeze.sv:58]
INFO: [Synth 8-5534] Detected attribute (* rom_style = "{distributed}" *) [/home/gsaied/Desktop/old_rtl/fire4_squeeze/rom_fire4_squeeze.sv:61]
INFO: [Synth 8-5534] Detected attribute (* rom_style = "{distributed}" *) [/home/gsaied/Desktop/old_rtl/fire4_squeeze/rom_fire4_squeeze.sv:64]
INFO: [Synth 8-5534] Detected attribute (* rom_style = "{distributed}" *) [/home/gsaied/Desktop/old_rtl/fire4_squeeze/rom_fire4_squeeze.sv:67]
INFO: [Synth 8-5534] Detected attribute (* rom_style = "{distributed}" *) [/home/gsaied/Desktop/old_rtl/fire4_squeeze/rom_fire4_squeeze.sv:70]
INFO: [Synth 8-5534] Detected attribute (* rom_style = "{distributed}" *) [/home/gsaied/Desktop/old_rtl/fire4_squeeze/rom_fire4_squeeze.sv:73]
INFO: [Synth 8-5534] Detected attribute (* rom_style = "{distributed}" *) [/home/gsaied/Desktop/old_rtl/fire4_squeeze/rom_fire4_squeeze.sv:76]
INFO: [Synth 8-5534] Detected attribute (* rom_style = "{distributed}" *) [/home/gsaied/Desktop/old_rtl/fire4_squeeze/rom_fire4_squeeze.sv:79]
INFO: [Synth 8-5534] Detected attribute (* rom_style = "{distributed}" *) [/home/gsaied/Desktop/old_rtl/fire4_squeeze/rom_fire4_squeeze.sv:82]
INFO: [Synth 8-5534] Detected attribute (* rom_style = "{distributed}" *) [/home/gsaied/Desktop/old_rtl/fire4_squeeze/rom_fire4_squeeze.sv:85]
INFO: [Synth 8-5534] Detected attribute (* rom_style = "{distributed}" *) [/home/gsaied/Desktop/old_rtl/fire4_squeeze/rom_fire4_squeeze.sv:88]
INFO: [Synth 8-5534] Detected attribute (* rom_style = "{distributed}" *) [/home/gsaied/Desktop/old_rtl/fire4_squeeze/rom_fire4_squeeze.sv:91]
INFO: [Synth 8-5534] Detected attribute (* rom_style = "{distributed}" *) [/home/gsaied/Desktop/old_rtl/fire4_squeeze/rom_fire4_squeeze.sv:94]
INFO: [Synth 8-5534] Detected attribute (* rom_style = "{distributed}" *) [/home/gsaied/Desktop/old_rtl/fire4_squeeze/rom_fire4_squeeze.sv:97]
INFO: [Synth 8-5534] Detected attribute (* rom_style = "{distributed}" *) [/home/gsaied/Desktop/old_rtl/fire4_squeeze/rom_fire4_squeeze.sv:100]
INFO: [Synth 8-5534] Detected attribute (* rom_style = "{distributed}" *) [/home/gsaied/Desktop/old_rtl/fire4_squeeze/rom_fire4_squeeze.sv:103]
INFO: [Synth 8-5534] Detected attribute (* rom_style = "{distributed}" *) [/home/gsaied/Desktop/old_rtl/fire4_squeeze/rom_fire4_squeeze.sv:106]
INFO: [Synth 8-5534] Detected attribute (* rom_style = "{distributed}" *) [/home/gsaied/Desktop/old_rtl/fire4_squeeze/rom_fire4_squeeze.sv:109]
INFO: [Synth 8-3876] $readmem data file 'file_fire4_squeeze_1.mem' is read successfully [/home/gsaied/Desktop/old_rtl/fire4_squeeze/rom_fire4_squeeze.sv:111]
INFO: [Synth 8-3876] $readmem data file 'file_fire4_squeeze_2.mem' is read successfully [/home/gsaied/Desktop/old_rtl/fire4_squeeze/rom_fire4_squeeze.sv:112]
INFO: [Synth 8-3876] $readmem data file 'file_fire4_squeeze_3.mem' is read successfully [/home/gsaied/Desktop/old_rtl/fire4_squeeze/rom_fire4_squeeze.sv:113]
INFO: [Synth 8-3876] $readmem data file 'file_fire4_squeeze_4.mem' is read successfully [/home/gsaied/Desktop/old_rtl/fire4_squeeze/rom_fire4_squeeze.sv:114]
INFO: [Synth 8-3876] $readmem data file 'file_fire4_squeeze_5.mem' is read successfully [/home/gsaied/Desktop/old_rtl/fire4_squeeze/rom_fire4_squeeze.sv:115]
INFO: [Synth 8-3876] $readmem data file 'file_fire4_squeeze_6.mem' is read successfully [/home/gsaied/Desktop/old_rtl/fire4_squeeze/rom_fire4_squeeze.sv:116]
INFO: [Synth 8-3876] $readmem data file 'file_fire4_squeeze_7.mem' is read successfully [/home/gsaied/Desktop/old_rtl/fire4_squeeze/rom_fire4_squeeze.sv:117]
INFO: [Synth 8-3876] $readmem data file 'file_fire4_squeeze_8.mem' is read successfully [/home/gsaied/Desktop/old_rtl/fire4_squeeze/rom_fire4_squeeze.sv:118]
INFO: [Synth 8-3876] $readmem data file 'file_fire4_squeeze_9.mem' is read successfully [/home/gsaied/Desktop/old_rtl/fire4_squeeze/rom_fire4_squeeze.sv:119]
INFO: [Synth 8-3876] $readmem data file 'file_fire4_squeeze_10.mem' is read successfully [/home/gsaied/Desktop/old_rtl/fire4_squeeze/rom_fire4_squeeze.sv:120]
INFO: [Synth 8-3876] $readmem data file 'file_fire4_squeeze_11.mem' is read successfully [/home/gsaied/Desktop/old_rtl/fire4_squeeze/rom_fire4_squeeze.sv:121]
INFO: [Synth 8-3876] $readmem data file 'file_fire4_squeeze_12.mem' is read successfully [/home/gsaied/Desktop/old_rtl/fire4_squeeze/rom_fire4_squeeze.sv:122]
INFO: [Synth 8-3876] $readmem data file 'file_fire4_squeeze_13.mem' is read successfully [/home/gsaied/Desktop/old_rtl/fire4_squeeze/rom_fire4_squeeze.sv:123]
INFO: [Synth 8-3876] $readmem data file 'file_fire4_squeeze_14.mem' is read successfully [/home/gsaied/Desktop/old_rtl/fire4_squeeze/rom_fire4_squeeze.sv:124]
INFO: [Synth 8-3876] $readmem data file 'file_fire4_squeeze_15.mem' is read successfully [/home/gsaied/Desktop/old_rtl/fire4_squeeze/rom_fire4_squeeze.sv:125]
INFO: [Synth 8-3876] $readmem data file 'file_fire4_squeeze_16.mem' is read successfully [/home/gsaied/Desktop/old_rtl/fire4_squeeze/rom_fire4_squeeze.sv:126]
INFO: [Synth 8-3876] $readmem data file 'file_fire4_squeeze_17.mem' is read successfully [/home/gsaied/Desktop/old_rtl/fire4_squeeze/rom_fire4_squeeze.sv:127]
INFO: [Synth 8-3876] $readmem data file 'file_fire4_squeeze_18.mem' is read successfully [/home/gsaied/Desktop/old_rtl/fire4_squeeze/rom_fire4_squeeze.sv:128]
INFO: [Synth 8-3876] $readmem data file 'file_fire4_squeeze_19.mem' is read successfully [/home/gsaied/Desktop/old_rtl/fire4_squeeze/rom_fire4_squeeze.sv:129]
INFO: [Synth 8-3876] $readmem data file 'file_fire4_squeeze_20.mem' is read successfully [/home/gsaied/Desktop/old_rtl/fire4_squeeze/rom_fire4_squeeze.sv:130]
INFO: [Synth 8-3876] $readmem data file 'file_fire4_squeeze_21.mem' is read successfully [/home/gsaied/Desktop/old_rtl/fire4_squeeze/rom_fire4_squeeze.sv:131]
INFO: [Synth 8-3876] $readmem data file 'file_fire4_squeeze_22.mem' is read successfully [/home/gsaied/Desktop/old_rtl/fire4_squeeze/rom_fire4_squeeze.sv:132]
INFO: [Synth 8-3876] $readmem data file 'file_fire4_squeeze_23.mem' is read successfully [/home/gsaied/Desktop/old_rtl/fire4_squeeze/rom_fire4_squeeze.sv:133]
INFO: [Synth 8-3876] $readmem data file 'file_fire4_squeeze_24.mem' is read successfully [/home/gsaied/Desktop/old_rtl/fire4_squeeze/rom_fire4_squeeze.sv:134]
INFO: [Synth 8-3876] $readmem data file 'file_fire4_squeeze_25.mem' is read successfully [/home/gsaied/Desktop/old_rtl/fire4_squeeze/rom_fire4_squeeze.sv:135]
INFO: [Synth 8-3876] $readmem data file 'file_fire4_squeeze_26.mem' is read successfully [/home/gsaied/Desktop/old_rtl/fire4_squeeze/rom_fire4_squeeze.sv:136]
INFO: [Synth 8-3876] $readmem data file 'file_fire4_squeeze_27.mem' is read successfully [/home/gsaied/Desktop/old_rtl/fire4_squeeze/rom_fire4_squeeze.sv:137]
INFO: [Synth 8-3876] $readmem data file 'file_fire4_squeeze_28.mem' is read successfully [/home/gsaied/Desktop/old_rtl/fire4_squeeze/rom_fire4_squeeze.sv:138]
INFO: [Synth 8-3876] $readmem data file 'file_fire4_squeeze_29.mem' is read successfully [/home/gsaied/Desktop/old_rtl/fire4_squeeze/rom_fire4_squeeze.sv:139]
INFO: [Synth 8-3876] $readmem data file 'file_fire4_squeeze_30.mem' is read successfully [/home/gsaied/Desktop/old_rtl/fire4_squeeze/rom_fire4_squeeze.sv:140]
INFO: [Synth 8-3876] $readmem data file 'file_fire4_squeeze_31.mem' is read successfully [/home/gsaied/Desktop/old_rtl/fire4_squeeze/rom_fire4_squeeze.sv:141]
INFO: [Synth 8-3876] $readmem data file 'file_fire4_squeeze_32.mem' is read successfully [/home/gsaied/Desktop/old_rtl/fire4_squeeze/rom_fire4_squeeze.sv:142]
INFO: [Synth 8-6155] done synthesizing module 'rom_fire4_squeeze' (3#1) [/home/gsaied/Desktop/old_rtl/fire4_squeeze/rom_fire4_squeeze.sv:3]
INFO: [Synth 8-6157] synthesizing module 'rom2_fire4_squeeze' [/home/gsaied/Desktop/old_rtl/fire4_squeeze/rom2_fire4_squeeze.sv:3]
	Parameter WIDTH bound to: 16 - type: integer 
	Parameter KERNEL bound to: 3 - type: integer 
	Parameter ADDR bound to: 7 - type: integer 
	Parameter NUM bound to: 32 - type: integer 
INFO: [Synth 8-5534] Detected attribute (* rom_style = "{distributed}" *) [/home/gsaied/Desktop/old_rtl/fire4_squeeze/rom2_fire4_squeeze.sv:15]
INFO: [Synth 8-5534] Detected attribute (* rom_style = "{distributed}" *) [/home/gsaied/Desktop/old_rtl/fire4_squeeze/rom2_fire4_squeeze.sv:18]
INFO: [Synth 8-5534] Detected attribute (* rom_style = "{distributed}" *) [/home/gsaied/Desktop/old_rtl/fire4_squeeze/rom2_fire4_squeeze.sv:21]
INFO: [Synth 8-5534] Detected attribute (* rom_style = "{distributed}" *) [/home/gsaied/Desktop/old_rtl/fire4_squeeze/rom2_fire4_squeeze.sv:24]
INFO: [Synth 8-5534] Detected attribute (* rom_style = "{distributed}" *) [/home/gsaied/Desktop/old_rtl/fire4_squeeze/rom2_fire4_squeeze.sv:27]
INFO: [Synth 8-5534] Detected attribute (* rom_style = "{distributed}" *) [/home/gsaied/Desktop/old_rtl/fire4_squeeze/rom2_fire4_squeeze.sv:30]
INFO: [Synth 8-5534] Detected attribute (* rom_style = "{distributed}" *) [/home/gsaied/Desktop/old_rtl/fire4_squeeze/rom2_fire4_squeeze.sv:33]
INFO: [Synth 8-5534] Detected attribute (* rom_style = "{distributed}" *) [/home/gsaied/Desktop/old_rtl/fire4_squeeze/rom2_fire4_squeeze.sv:36]
INFO: [Synth 8-5534] Detected attribute (* rom_style = "{distributed}" *) [/home/gsaied/Desktop/old_rtl/fire4_squeeze/rom2_fire4_squeeze.sv:39]
INFO: [Synth 8-5534] Detected attribute (* rom_style = "{distributed}" *) [/home/gsaied/Desktop/old_rtl/fire4_squeeze/rom2_fire4_squeeze.sv:42]
INFO: [Synth 8-5534] Detected attribute (* rom_style = "{distributed}" *) [/home/gsaied/Desktop/old_rtl/fire4_squeeze/rom2_fire4_squeeze.sv:45]
INFO: [Synth 8-5534] Detected attribute (* rom_style = "{distributed}" *) [/home/gsaied/Desktop/old_rtl/fire4_squeeze/rom2_fire4_squeeze.sv:48]
INFO: [Synth 8-5534] Detected attribute (* rom_style = "{distributed}" *) [/home/gsaied/Desktop/old_rtl/fire4_squeeze/rom2_fire4_squeeze.sv:51]
INFO: [Synth 8-5534] Detected attribute (* rom_style = "{distributed}" *) [/home/gsaied/Desktop/old_rtl/fire4_squeeze/rom2_fire4_squeeze.sv:54]
INFO: [Synth 8-5534] Detected attribute (* rom_style = "{distributed}" *) [/home/gsaied/Desktop/old_rtl/fire4_squeeze/rom2_fire4_squeeze.sv:57]
INFO: [Synth 8-5534] Detected attribute (* rom_style = "{distributed}" *) [/home/gsaied/Desktop/old_rtl/fire4_squeeze/rom2_fire4_squeeze.sv:60]
INFO: [Synth 8-5534] Detected attribute (* rom_style = "{distributed}" *) [/home/gsaied/Desktop/old_rtl/fire4_squeeze/rom2_fire4_squeeze.sv:63]
INFO: [Synth 8-5534] Detected attribute (* rom_style = "{distributed}" *) [/home/gsaied/Desktop/old_rtl/fire4_squeeze/rom2_fire4_squeeze.sv:66]
INFO: [Synth 8-5534] Detected attribute (* rom_style = "{distributed}" *) [/home/gsaied/Desktop/old_rtl/fire4_squeeze/rom2_fire4_squeeze.sv:69]
INFO: [Synth 8-5534] Detected attribute (* rom_style = "{distributed}" *) [/home/gsaied/Desktop/old_rtl/fire4_squeeze/rom2_fire4_squeeze.sv:72]
INFO: [Synth 8-5534] Detected attribute (* rom_style = "{distributed}" *) [/home/gsaied/Desktop/old_rtl/fire4_squeeze/rom2_fire4_squeeze.sv:75]
INFO: [Synth 8-5534] Detected attribute (* rom_style = "{distributed}" *) [/home/gsaied/Desktop/old_rtl/fire4_squeeze/rom2_fire4_squeeze.sv:78]
INFO: [Synth 8-5534] Detected attribute (* rom_style = "{distributed}" *) [/home/gsaied/Desktop/old_rtl/fire4_squeeze/rom2_fire4_squeeze.sv:81]
INFO: [Synth 8-5534] Detected attribute (* rom_style = "{distributed}" *) [/home/gsaied/Desktop/old_rtl/fire4_squeeze/rom2_fire4_squeeze.sv:84]
INFO: [Synth 8-5534] Detected attribute (* rom_style = "{distributed}" *) [/home/gsaied/Desktop/old_rtl/fire4_squeeze/rom2_fire4_squeeze.sv:87]
INFO: [Synth 8-5534] Detected attribute (* rom_style = "{distributed}" *) [/home/gsaied/Desktop/old_rtl/fire4_squeeze/rom2_fire4_squeeze.sv:90]
INFO: [Synth 8-5534] Detected attribute (* rom_style = "{distributed}" *) [/home/gsaied/Desktop/old_rtl/fire4_squeeze/rom2_fire4_squeeze.sv:93]
INFO: [Synth 8-5534] Detected attribute (* rom_style = "{distributed}" *) [/home/gsaied/Desktop/old_rtl/fire4_squeeze/rom2_fire4_squeeze.sv:96]
INFO: [Synth 8-5534] Detected attribute (* rom_style = "{distributed}" *) [/home/gsaied/Desktop/old_rtl/fire4_squeeze/rom2_fire4_squeeze.sv:99]
INFO: [Synth 8-5534] Detected attribute (* rom_style = "{distributed}" *) [/home/gsaied/Desktop/old_rtl/fire4_squeeze/rom2_fire4_squeeze.sv:102]
INFO: [Synth 8-5534] Detected attribute (* rom_style = "{distributed}" *) [/home/gsaied/Desktop/old_rtl/fire4_squeeze/rom2_fire4_squeeze.sv:105]
INFO: [Synth 8-5534] Detected attribute (* rom_style = "{distributed}" *) [/home/gsaied/Desktop/old_rtl/fire4_squeeze/rom2_fire4_squeeze.sv:108]
INFO: [Synth 8-3876] $readmem data file 'extend__file_fire4_squeeze_1.mem' is read successfully [/home/gsaied/Desktop/old_rtl/fire4_squeeze/rom2_fire4_squeeze.sv:110]
INFO: [Synth 8-3876] $readmem data file 'extend__file_fire4_squeeze_2.mem' is read successfully [/home/gsaied/Desktop/old_rtl/fire4_squeeze/rom2_fire4_squeeze.sv:111]
INFO: [Synth 8-3876] $readmem data file 'extend__file_fire4_squeeze_3.mem' is read successfully [/home/gsaied/Desktop/old_rtl/fire4_squeeze/rom2_fire4_squeeze.sv:112]
INFO: [Synth 8-3876] $readmem data file 'extend__file_fire4_squeeze_4.mem' is read successfully [/home/gsaied/Desktop/old_rtl/fire4_squeeze/rom2_fire4_squeeze.sv:113]
INFO: [Synth 8-3876] $readmem data file 'extend__file_fire4_squeeze_5.mem' is read successfully [/home/gsaied/Desktop/old_rtl/fire4_squeeze/rom2_fire4_squeeze.sv:114]
INFO: [Synth 8-3876] $readmem data file 'extend__file_fire4_squeeze_6.mem' is read successfully [/home/gsaied/Desktop/old_rtl/fire4_squeeze/rom2_fire4_squeeze.sv:115]
INFO: [Synth 8-3876] $readmem data file 'extend__file_fire4_squeeze_7.mem' is read successfully [/home/gsaied/Desktop/old_rtl/fire4_squeeze/rom2_fire4_squeeze.sv:116]
INFO: [Synth 8-3876] $readmem data file 'extend__file_fire4_squeeze_8.mem' is read successfully [/home/gsaied/Desktop/old_rtl/fire4_squeeze/rom2_fire4_squeeze.sv:117]
INFO: [Synth 8-3876] $readmem data file 'extend__file_fire4_squeeze_9.mem' is read successfully [/home/gsaied/Desktop/old_rtl/fire4_squeeze/rom2_fire4_squeeze.sv:118]
INFO: [Synth 8-3876] $readmem data file 'extend__file_fire4_squeeze_10.mem' is read successfully [/home/gsaied/Desktop/old_rtl/fire4_squeeze/rom2_fire4_squeeze.sv:119]
INFO: [Synth 8-3876] $readmem data file 'extend__file_fire4_squeeze_11.mem' is read successfully [/home/gsaied/Desktop/old_rtl/fire4_squeeze/rom2_fire4_squeeze.sv:120]
INFO: [Synth 8-3876] $readmem data file 'extend__file_fire4_squeeze_12.mem' is read successfully [/home/gsaied/Desktop/old_rtl/fire4_squeeze/rom2_fire4_squeeze.sv:121]
INFO: [Synth 8-3876] $readmem data file 'extend__file_fire4_squeeze_13.mem' is read successfully [/home/gsaied/Desktop/old_rtl/fire4_squeeze/rom2_fire4_squeeze.sv:122]
INFO: [Synth 8-3876] $readmem data file 'extend__file_fire4_squeeze_14.mem' is read successfully [/home/gsaied/Desktop/old_rtl/fire4_squeeze/rom2_fire4_squeeze.sv:123]
INFO: [Synth 8-3876] $readmem data file 'extend__file_fire4_squeeze_15.mem' is read successfully [/home/gsaied/Desktop/old_rtl/fire4_squeeze/rom2_fire4_squeeze.sv:124]
INFO: [Synth 8-3876] $readmem data file 'extend__file_fire4_squeeze_16.mem' is read successfully [/home/gsaied/Desktop/old_rtl/fire4_squeeze/rom2_fire4_squeeze.sv:125]
INFO: [Synth 8-3876] $readmem data file 'extend__file_fire4_squeeze_17.mem' is read successfully [/home/gsaied/Desktop/old_rtl/fire4_squeeze/rom2_fire4_squeeze.sv:126]
INFO: [Synth 8-3876] $readmem data file 'extend__file_fire4_squeeze_18.mem' is read successfully [/home/gsaied/Desktop/old_rtl/fire4_squeeze/rom2_fire4_squeeze.sv:127]
INFO: [Synth 8-3876] $readmem data file 'extend__file_fire4_squeeze_19.mem' is read successfully [/home/gsaied/Desktop/old_rtl/fire4_squeeze/rom2_fire4_squeeze.sv:128]
INFO: [Synth 8-3876] $readmem data file 'extend__file_fire4_squeeze_20.mem' is read successfully [/home/gsaied/Desktop/old_rtl/fire4_squeeze/rom2_fire4_squeeze.sv:129]
INFO: [Synth 8-3876] $readmem data file 'extend__file_fire4_squeeze_21.mem' is read successfully [/home/gsaied/Desktop/old_rtl/fire4_squeeze/rom2_fire4_squeeze.sv:130]
INFO: [Synth 8-3876] $readmem data file 'extend__file_fire4_squeeze_22.mem' is read successfully [/home/gsaied/Desktop/old_rtl/fire4_squeeze/rom2_fire4_squeeze.sv:131]
INFO: [Synth 8-3876] $readmem data file 'extend__file_fire4_squeeze_23.mem' is read successfully [/home/gsaied/Desktop/old_rtl/fire4_squeeze/rom2_fire4_squeeze.sv:132]
INFO: [Synth 8-3876] $readmem data file 'extend__file_fire4_squeeze_24.mem' is read successfully [/home/gsaied/Desktop/old_rtl/fire4_squeeze/rom2_fire4_squeeze.sv:133]
INFO: [Synth 8-3876] $readmem data file 'extend__file_fire4_squeeze_25.mem' is read successfully [/home/gsaied/Desktop/old_rtl/fire4_squeeze/rom2_fire4_squeeze.sv:134]
INFO: [Synth 8-3876] $readmem data file 'extend__file_fire4_squeeze_26.mem' is read successfully [/home/gsaied/Desktop/old_rtl/fire4_squeeze/rom2_fire4_squeeze.sv:135]
INFO: [Synth 8-3876] $readmem data file 'extend__file_fire4_squeeze_27.mem' is read successfully [/home/gsaied/Desktop/old_rtl/fire4_squeeze/rom2_fire4_squeeze.sv:136]
INFO: [Synth 8-3876] $readmem data file 'extend__file_fire4_squeeze_28.mem' is read successfully [/home/gsaied/Desktop/old_rtl/fire4_squeeze/rom2_fire4_squeeze.sv:137]
INFO: [Synth 8-3876] $readmem data file 'extend__file_fire4_squeeze_29.mem' is read successfully [/home/gsaied/Desktop/old_rtl/fire4_squeeze/rom2_fire4_squeeze.sv:138]
INFO: [Synth 8-3876] $readmem data file 'extend__file_fire4_squeeze_30.mem' is read successfully [/home/gsaied/Desktop/old_rtl/fire4_squeeze/rom2_fire4_squeeze.sv:139]
INFO: [Synth 8-3876] $readmem data file 'extend__file_fire4_squeeze_31.mem' is read successfully [/home/gsaied/Desktop/old_rtl/fire4_squeeze/rom2_fire4_squeeze.sv:140]
INFO: [Synth 8-3876] $readmem data file 'extend__file_fire4_squeeze_32.mem' is read successfully [/home/gsaied/Desktop/old_rtl/fire4_squeeze/rom2_fire4_squeeze.sv:141]
INFO: [Synth 8-6155] done synthesizing module 'rom2_fire4_squeeze' (4#1) [/home/gsaied/Desktop/old_rtl/fire4_squeeze/rom2_fire4_squeeze.sv:3]
INFO: [Synth 8-6155] done synthesizing module 'wrapper_rom_fire4_squeeze' (5#1) [/home/gsaied/Desktop/old_rtl/fire4_squeeze/wrapper_rom_fire4_squeeze.sv:2]
INFO: [Synth 8-6155] done synthesizing module 'fire4_squeeze' (6#1) [/home/gsaied/Desktop/old_rtl/fire4_squeeze/fire4_squeeze.sv:3]
---------------------------------------------------------------------------------
Finished RTL Elaboration : Time (s): cpu = 00:00:03 ; elapsed = 00:00:04 . Memory (MB): peak = 1510.395 ; gain = 159.750 ; free physical = 209 ; free virtual = 2980
---------------------------------------------------------------------------------

Report Check Netlist: 
+------+------------------+-------+---------+-------+------------------+
|      |Item              |Errors |Warnings |Status |Description       |
+------+------------------+-------+---------+-------+------------------+
|1     |multi_driven_nets |      0|        0|Passed |Multi driven nets |
+------+------------------+-------+---------+-------+------------------+
---------------------------------------------------------------------------------
Start Handling Custom Attributes
---------------------------------------------------------------------------------
---------------------------------------------------------------------------------
Finished Handling Custom Attributes : Time (s): cpu = 00:00:04 ; elapsed = 00:00:05 . Memory (MB): peak = 1510.395 ; gain = 159.750 ; free physical = 213 ; free virtual = 2985
---------------------------------------------------------------------------------
---------------------------------------------------------------------------------
Finished RTL Optimization Phase 1 : Time (s): cpu = 00:00:04 ; elapsed = 00:00:05 . Memory (MB): peak = 1510.395 ; gain = 159.750 ; free physical = 213 ; free virtual = 2985
---------------------------------------------------------------------------------
INFO: [Device 21-403] Loading part xc7vx690tffg1157-3
INFO: [Project 1-570] Preparing netlist for logic optimization

Processing XDC Constraints
Initializing timing engine
Parsing XDC File [/home/gsaied/Desktop/old_rtl/fire4_squeeze/temp.xdc]
Finished Parsing XDC File [/home/gsaied/Desktop/old_rtl/fire4_squeeze/temp.xdc]
Completed Processing XDC Constraints

Netlist sorting complete. Time (s): cpu = 00:00:00 ; elapsed = 00:00:00 . Memory (MB): peak = 2024.996 ; gain = 0.000 ; free physical = 124 ; free virtual = 2511
INFO: [Project 1-111] Unisim Transformation Summary:
No Unisim elements were transformed.

Netlist sorting complete. Time (s): cpu = 00:00:00 ; elapsed = 00:00:00 . Memory (MB): peak = 2024.996 ; gain = 0.000 ; free physical = 157 ; free virtual = 2516
Constraint Validation Runtime : Time (s): cpu = 00:00:00.06 ; elapsed = 00:00:00.06 . Memory (MB): peak = 2024.996 ; gain = 0.000 ; free physical = 168 ; free virtual = 2517
---------------------------------------------------------------------------------
Finished Constraint Validation : Time (s): cpu = 00:00:20 ; elapsed = 00:00:24 . Memory (MB): peak = 2024.996 ; gain = 674.352 ; free physical = 269 ; free virtual = 2625
---------------------------------------------------------------------------------
---------------------------------------------------------------------------------
Start Loading Part and Timing Information
---------------------------------------------------------------------------------
Loading part: xc7vx690tffg1157-3
---------------------------------------------------------------------------------
Finished Loading Part and Timing Information : Time (s): cpu = 00:00:20 ; elapsed = 00:00:24 . Memory (MB): peak = 2024.996 ; gain = 674.352 ; free physical = 268 ; free virtual = 2626
---------------------------------------------------------------------------------
---------------------------------------------------------------------------------
Start Applying 'set_property' XDC Constraints
---------------------------------------------------------------------------------
---------------------------------------------------------------------------------
Finished applying 'set_property' XDC Constraints : Time (s): cpu = 00:00:20 ; elapsed = 00:00:24 . Memory (MB): peak = 2024.996 ; gain = 674.352 ; free physical = 269 ; free virtual = 2627
---------------------------------------------------------------------------------
INFO: [Synth 8-5546] ROM "rom_clr_pulse" won't be mapped to RAM because it is too sparse
---------------------------------------------------------------------------------
Finished RTL Optimization Phase 2 : Time (s): cpu = 00:00:23 ; elapsed = 00:00:27 . Memory (MB): peak = 2024.996 ; gain = 674.352 ; free physical = 242 ; free virtual = 2602
---------------------------------------------------------------------------------

Report RTL Partitions: 
+-+--------------+------------+----------+
| |RTL Partition |Replication |Instances |
+-+--------------+------------+----------+
+-+--------------+------------+----------+
---------------------------------------------------------------------------------
Start RTL Component Statistics 
---------------------------------------------------------------------------------
Detailed RTL Component Info : 
+---Adders : 
	   2 Input     32 Bit       Adders := 32    
	   2 Input     12 Bit       Adders := 1     
	   2 Input     11 Bit       Adders := 2     
+---Registers : 
	               32 Bit    Registers := 32    
	               16 Bit    Registers := 64    
	               12 Bit    Registers := 1     
	               11 Bit    Registers := 2     
	                1 Bit    Registers := 6     
+---Muxes : 
	   2 Input     16 Bit        Muxes := 32    
	   3 Input     12 Bit        Muxes := 1     
	   2 Input     12 Bit        Muxes := 1     
	   3 Input      2 Bit        Muxes := 1     
	   2 Input      1 Bit        Muxes := 1     
---------------------------------------------------------------------------------
Finished RTL Component Statistics 
---------------------------------------------------------------------------------
---------------------------------------------------------------------------------
Start RTL Hierarchical Component Statistics 
---------------------------------------------------------------------------------
Hierarchical RTL Component report 
Module fire4_squeeze 
Detailed RTL Component Info : 
+---Adders : 
	   2 Input     32 Bit       Adders := 32    
	   2 Input     12 Bit       Adders := 1     
	   2 Input     11 Bit       Adders := 2     
+---Registers : 
	               16 Bit    Registers := 64    
	               12 Bit    Registers := 1     
	               11 Bit    Registers := 2     
	                1 Bit    Registers := 6     
+---Muxes : 
	   3 Input     12 Bit        Muxes := 1     
	   2 Input     12 Bit        Muxes := 1     
	   3 Input      2 Bit        Muxes := 1     
	   2 Input      1 Bit        Muxes := 1     
Module wrapper_rom_fire4_squeeze 
Detailed RTL Component Info : 
+---Muxes : 
	   2 Input     16 Bit        Muxes := 32    
Module mac 
Detailed RTL Component Info : 
+---Registers : 
	               32 Bit    Registers := 1     
---------------------------------------------------------------------------------
Finished RTL Hierarchical Component Statistics
---------------------------------------------------------------------------------
---------------------------------------------------------------------------------
Start Part Resource Summary
---------------------------------------------------------------------------------
Part Resources:
DSPs: 3600 (col length:200)
BRAMs: 2940 (col length: RAMB18 200 RAMB36 100)
---------------------------------------------------------------------------------
Finished Part Resource Summary
---------------------------------------------------------------------------------
---------------------------------------------------------------------------------
Start Cross Boundary and Area Optimization
---------------------------------------------------------------------------------
Warning: Parallel synthesis criteria is not met 
INFO: [Synth 8-5546] ROM "rom_clr_pulse" won't be mapped to RAM because it is too sparse
DSP Report: Generating DSP genblk1[0].mac_i/mul_out_reg, operation Mode is: (P+A*B2)'.
DSP Report: register kernel_regs_reg[0] is absorbed into DSP genblk1[0].mac_i/mul_out_reg.
DSP Report: register genblk1[0].mac_i/mul_out_reg is absorbed into DSP genblk1[0].mac_i/mul_out_reg.
DSP Report: operator genblk1[0].mac_i/intermed is absorbed into DSP genblk1[0].mac_i/mul_out_reg.
DSP Report: operator genblk1[0].mac_i/intermed0 is absorbed into DSP genblk1[0].mac_i/mul_out_reg.
DSP Report: Generating DSP genblk1[1].mac_i/mul_out_reg, operation Mode is: (P+A*B2)'.
DSP Report: register kernel_regs_reg[1] is absorbed into DSP genblk1[1].mac_i/mul_out_reg.
DSP Report: register genblk1[1].mac_i/mul_out_reg is absorbed into DSP genblk1[1].mac_i/mul_out_reg.
DSP Report: operator genblk1[1].mac_i/intermed is absorbed into DSP genblk1[1].mac_i/mul_out_reg.
DSP Report: operator genblk1[1].mac_i/intermed0 is absorbed into DSP genblk1[1].mac_i/mul_out_reg.
DSP Report: Generating DSP genblk1[2].mac_i/mul_out_reg, operation Mode is: (P+A*B2)'.
DSP Report: register kernel_regs_reg[2] is absorbed into DSP genblk1[2].mac_i/mul_out_reg.
DSP Report: register genblk1[2].mac_i/mul_out_reg is absorbed into DSP genblk1[2].mac_i/mul_out_reg.
DSP Report: operator genblk1[2].mac_i/intermed is absorbed into DSP genblk1[2].mac_i/mul_out_reg.
DSP Report: operator genblk1[2].mac_i/intermed0 is absorbed into DSP genblk1[2].mac_i/mul_out_reg.
DSP Report: Generating DSP genblk1[3].mac_i/mul_out_reg, operation Mode is: (P+A*B2)'.
DSP Report: register kernel_regs_reg[3] is absorbed into DSP genblk1[3].mac_i/mul_out_reg.
DSP Report: register genblk1[3].mac_i/mul_out_reg is absorbed into DSP genblk1[3].mac_i/mul_out_reg.
DSP Report: operator genblk1[3].mac_i/intermed is absorbed into DSP genblk1[3].mac_i/mul_out_reg.
DSP Report: operator genblk1[3].mac_i/intermed0 is absorbed into DSP genblk1[3].mac_i/mul_out_reg.
DSP Report: Generating DSP genblk1[4].mac_i/mul_out_reg, operation Mode is: (P+A*B2)'.
DSP Report: register kernel_regs_reg[4] is absorbed into DSP genblk1[4].mac_i/mul_out_reg.
DSP Report: register genblk1[4].mac_i/mul_out_reg is absorbed into DSP genblk1[4].mac_i/mul_out_reg.
DSP Report: operator genblk1[4].mac_i/intermed is absorbed into DSP genblk1[4].mac_i/mul_out_reg.
DSP Report: operator genblk1[4].mac_i/intermed0 is absorbed into DSP genblk1[4].mac_i/mul_out_reg.
DSP Report: Generating DSP genblk1[5].mac_i/mul_out_reg, operation Mode is: (P+A*B2)'.
DSP Report: register kernel_regs_reg[5] is absorbed into DSP genblk1[5].mac_i/mul_out_reg.
DSP Report: register genblk1[5].mac_i/mul_out_reg is absorbed into DSP genblk1[5].mac_i/mul_out_reg.
DSP Report: operator genblk1[5].mac_i/intermed is absorbed into DSP genblk1[5].mac_i/mul_out_reg.
DSP Report: operator genblk1[5].mac_i/intermed0 is absorbed into DSP genblk1[5].mac_i/mul_out_reg.
DSP Report: Generating DSP genblk1[6].mac_i/mul_out_reg, operation Mode is: (P+A*B2)'.
DSP Report: register kernel_regs_reg[6] is absorbed into DSP genblk1[6].mac_i/mul_out_reg.
DSP Report: register genblk1[6].mac_i/mul_out_reg is absorbed into DSP genblk1[6].mac_i/mul_out_reg.
DSP Report: operator genblk1[6].mac_i/intermed is absorbed into DSP genblk1[6].mac_i/mul_out_reg.
DSP Report: operator genblk1[6].mac_i/intermed0 is absorbed into DSP genblk1[6].mac_i/mul_out_reg.
DSP Report: Generating DSP genblk1[7].mac_i/mul_out_reg, operation Mode is: (P+A*B2)'.
DSP Report: register kernel_regs_reg[7] is absorbed into DSP genblk1[7].mac_i/mul_out_reg.
DSP Report: register genblk1[7].mac_i/mul_out_reg is absorbed into DSP genblk1[7].mac_i/mul_out_reg.
DSP Report: operator genblk1[7].mac_i/intermed is absorbed into DSP genblk1[7].mac_i/mul_out_reg.
DSP Report: operator genblk1[7].mac_i/intermed0 is absorbed into DSP genblk1[7].mac_i/mul_out_reg.
DSP Report: Generating DSP genblk1[8].mac_i/mul_out_reg, operation Mode is: (P+A*B2)'.
DSP Report: register kernel_regs_reg[8] is absorbed into DSP genblk1[8].mac_i/mul_out_reg.
DSP Report: register genblk1[8].mac_i/mul_out_reg is absorbed into DSP genblk1[8].mac_i/mul_out_reg.
DSP Report: operator genblk1[8].mac_i/intermed is absorbed into DSP genblk1[8].mac_i/mul_out_reg.
DSP Report: operator genblk1[8].mac_i/intermed0 is absorbed into DSP genblk1[8].mac_i/mul_out_reg.
DSP Report: Generating DSP genblk1[9].mac_i/mul_out_reg, operation Mode is: (P+A*B2)'.
DSP Report: register kernel_regs_reg[9] is absorbed into DSP genblk1[9].mac_i/mul_out_reg.
DSP Report: register genblk1[9].mac_i/mul_out_reg is absorbed into DSP genblk1[9].mac_i/mul_out_reg.
DSP Report: operator genblk1[9].mac_i/intermed is absorbed into DSP genblk1[9].mac_i/mul_out_reg.
DSP Report: operator genblk1[9].mac_i/intermed0 is absorbed into DSP genblk1[9].mac_i/mul_out_reg.
DSP Report: Generating DSP genblk1[10].mac_i/mul_out_reg, operation Mode is: (P+A*B2)'.
DSP Report: register kernel_regs_reg[10] is absorbed into DSP genblk1[10].mac_i/mul_out_reg.
DSP Report: register genblk1[10].mac_i/mul_out_reg is absorbed into DSP genblk1[10].mac_i/mul_out_reg.
DSP Report: operator genblk1[10].mac_i/intermed is absorbed into DSP genblk1[10].mac_i/mul_out_reg.
DSP Report: operator genblk1[10].mac_i/intermed0 is absorbed into DSP genblk1[10].mac_i/mul_out_reg.
DSP Report: Generating DSP genblk1[11].mac_i/mul_out_reg, operation Mode is: (P+A*B2)'.
DSP Report: register kernel_regs_reg[11] is absorbed into DSP genblk1[11].mac_i/mul_out_reg.
DSP Report: register genblk1[11].mac_i/mul_out_reg is absorbed into DSP genblk1[11].mac_i/mul_out_reg.
DSP Report: operator genblk1[11].mac_i/intermed is absorbed into DSP genblk1[11].mac_i/mul_out_reg.
DSP Report: operator genblk1[11].mac_i/intermed0 is absorbed into DSP genblk1[11].mac_i/mul_out_reg.
DSP Report: Generating DSP genblk1[12].mac_i/mul_out_reg, operation Mode is: (P+A*B2)'.
DSP Report: register kernel_regs_reg[12] is absorbed into DSP genblk1[12].mac_i/mul_out_reg.
DSP Report: register genblk1[12].mac_i/mul_out_reg is absorbed into DSP genblk1[12].mac_i/mul_out_reg.
DSP Report: operator genblk1[12].mac_i/intermed is absorbed into DSP genblk1[12].mac_i/mul_out_reg.
DSP Report: operator genblk1[12].mac_i/intermed0 is absorbed into DSP genblk1[12].mac_i/mul_out_reg.
DSP Report: Generating DSP genblk1[13].mac_i/mul_out_reg, operation Mode is: (P+A*B2)'.
DSP Report: register kernel_regs_reg[13] is absorbed into DSP genblk1[13].mac_i/mul_out_reg.
DSP Report: register genblk1[13].mac_i/mul_out_reg is absorbed into DSP genblk1[13].mac_i/mul_out_reg.
DSP Report: operator genblk1[13].mac_i/intermed is absorbed into DSP genblk1[13].mac_i/mul_out_reg.
DSP Report: operator genblk1[13].mac_i/intermed0 is absorbed into DSP genblk1[13].mac_i/mul_out_reg.
DSP Report: Generating DSP genblk1[14].mac_i/mul_out_reg, operation Mode is: (P+A*B2)'.
DSP Report: register kernel_regs_reg[14] is absorbed into DSP genblk1[14].mac_i/mul_out_reg.
DSP Report: register genblk1[14].mac_i/mul_out_reg is absorbed into DSP genblk1[14].mac_i/mul_out_reg.
DSP Report: operator genblk1[14].mac_i/intermed is absorbed into DSP genblk1[14].mac_i/mul_out_reg.
DSP Report: operator genblk1[14].mac_i/intermed0 is absorbed into DSP genblk1[14].mac_i/mul_out_reg.
DSP Report: Generating DSP genblk1[15].mac_i/mul_out_reg, operation Mode is: (P+A*B2)'.
DSP Report: register kernel_regs_reg[15] is absorbed into DSP genblk1[15].mac_i/mul_out_reg.
DSP Report: register genblk1[15].mac_i/mul_out_reg is absorbed into DSP genblk1[15].mac_i/mul_out_reg.
DSP Report: operator genblk1[15].mac_i/intermed is absorbed into DSP genblk1[15].mac_i/mul_out_reg.
DSP Report: operator genblk1[15].mac_i/intermed0 is absorbed into DSP genblk1[15].mac_i/mul_out_reg.
DSP Report: Generating DSP genblk1[16].mac_i/mul_out_reg, operation Mode is: (P+A*B2)'.
DSP Report: register kernel_regs_reg[16] is absorbed into DSP genblk1[16].mac_i/mul_out_reg.
DSP Report: register genblk1[16].mac_i/mul_out_reg is absorbed into DSP genblk1[16].mac_i/mul_out_reg.
DSP Report: operator genblk1[16].mac_i/intermed is absorbed into DSP genblk1[16].mac_i/mul_out_reg.
DSP Report: operator genblk1[16].mac_i/intermed0 is absorbed into DSP genblk1[16].mac_i/mul_out_reg.
DSP Report: Generating DSP genblk1[17].mac_i/mul_out_reg, operation Mode is: (P+A*B2)'.
DSP Report: register kernel_regs_reg[17] is absorbed into DSP genblk1[17].mac_i/mul_out_reg.
DSP Report: register genblk1[17].mac_i/mul_out_reg is absorbed into DSP genblk1[17].mac_i/mul_out_reg.
DSP Report: operator genblk1[17].mac_i/intermed is absorbed into DSP genblk1[17].mac_i/mul_out_reg.
DSP Report: operator genblk1[17].mac_i/intermed0 is absorbed into DSP genblk1[17].mac_i/mul_out_reg.
DSP Report: Generating DSP genblk1[18].mac_i/mul_out_reg, operation Mode is: (P+A*B2)'.
DSP Report: register kernel_regs_reg[18] is absorbed into DSP genblk1[18].mac_i/mul_out_reg.
DSP Report: register genblk1[18].mac_i/mul_out_reg is absorbed into DSP genblk1[18].mac_i/mul_out_reg.
DSP Report: operator genblk1[18].mac_i/intermed is absorbed into DSP genblk1[18].mac_i/mul_out_reg.
DSP Report: operator genblk1[18].mac_i/intermed0 is absorbed into DSP genblk1[18].mac_i/mul_out_reg.
DSP Report: Generating DSP genblk1[19].mac_i/mul_out_reg, operation Mode is: (P+A*B2)'.
DSP Report: register kernel_regs_reg[19] is absorbed into DSP genblk1[19].mac_i/mul_out_reg.
DSP Report: register genblk1[19].mac_i/mul_out_reg is absorbed into DSP genblk1[19].mac_i/mul_out_reg.
DSP Report: operator genblk1[19].mac_i/intermed is absorbed into DSP genblk1[19].mac_i/mul_out_reg.
DSP Report: operator genblk1[19].mac_i/intermed0 is absorbed into DSP genblk1[19].mac_i/mul_out_reg.
DSP Report: Generating DSP genblk1[20].mac_i/mul_out_reg, operation Mode is: (P+A*B2)'.
DSP Report: register kernel_regs_reg[20] is absorbed into DSP genblk1[20].mac_i/mul_out_reg.
DSP Report: register genblk1[20].mac_i/mul_out_reg is absorbed into DSP genblk1[20].mac_i/mul_out_reg.
DSP Report: operator genblk1[20].mac_i/intermed is absorbed into DSP genblk1[20].mac_i/mul_out_reg.
DSP Report: operator genblk1[20].mac_i/intermed0 is absorbed into DSP genblk1[20].mac_i/mul_out_reg.
DSP Report: Generating DSP genblk1[21].mac_i/mul_out_reg, operation Mode is: (P+A*B2)'.
DSP Report: register kernel_regs_reg[21] is absorbed into DSP genblk1[21].mac_i/mul_out_reg.
DSP Report: register genblk1[21].mac_i/mul_out_reg is absorbed into DSP genblk1[21].mac_i/mul_out_reg.
DSP Report: operator genblk1[21].mac_i/intermed is absorbed into DSP genblk1[21].mac_i/mul_out_reg.
DSP Report: operator genblk1[21].mac_i/intermed0 is absorbed into DSP genblk1[21].mac_i/mul_out_reg.
DSP Report: Generating DSP genblk1[22].mac_i/mul_out_reg, operation Mode is: (P+A*B2)'.
DSP Report: register kernel_regs_reg[22] is absorbed into DSP genblk1[22].mac_i/mul_out_reg.
DSP Report: register genblk1[22].mac_i/mul_out_reg is absorbed into DSP genblk1[22].mac_i/mul_out_reg.
DSP Report: operator genblk1[22].mac_i/intermed is absorbed into DSP genblk1[22].mac_i/mul_out_reg.
DSP Report: operator genblk1[22].mac_i/intermed0 is absorbed into DSP genblk1[22].mac_i/mul_out_reg.
DSP Report: Generating DSP genblk1[23].mac_i/mul_out_reg, operation Mode is: (P+A*B2)'.
DSP Report: register kernel_regs_reg[23] is absorbed into DSP genblk1[23].mac_i/mul_out_reg.
DSP Report: register genblk1[23].mac_i/mul_out_reg is absorbed into DSP genblk1[23].mac_i/mul_out_reg.
DSP Report: operator genblk1[23].mac_i/intermed is absorbed into DSP genblk1[23].mac_i/mul_out_reg.
DSP Report: operator genblk1[23].mac_i/intermed0 is absorbed into DSP genblk1[23].mac_i/mul_out_reg.
DSP Report: Generating DSP genblk1[24].mac_i/mul_out_reg, operation Mode is: (P+A*B2)'.
DSP Report: register kernel_regs_reg[24] is absorbed into DSP genblk1[24].mac_i/mul_out_reg.
DSP Report: register genblk1[24].mac_i/mul_out_reg is absorbed into DSP genblk1[24].mac_i/mul_out_reg.
DSP Report: operator genblk1[24].mac_i/intermed is absorbed into DSP genblk1[24].mac_i/mul_out_reg.
DSP Report: operator genblk1[24].mac_i/intermed0 is absorbed into DSP genblk1[24].mac_i/mul_out_reg.
DSP Report: Generating DSP genblk1[25].mac_i/mul_out_reg, operation Mode is: (P+A*B2)'.
DSP Report: register kernel_regs_reg[25] is absorbed into DSP genblk1[25].mac_i/mul_out_reg.
DSP Report: register genblk1[25].mac_i/mul_out_reg is absorbed into DSP genblk1[25].mac_i/mul_out_reg.
DSP Report: operator genblk1[25].mac_i/intermed is absorbed into DSP genblk1[25].mac_i/mul_out_reg.
DSP Report: operator genblk1[25].mac_i/intermed0 is absorbed into DSP genblk1[25].mac_i/mul_out_reg.
DSP Report: Generating DSP genblk1[26].mac_i/mul_out_reg, operation Mode is: (P+A*B2)'.
DSP Report: register kernel_regs_reg[26] is absorbed into DSP genblk1[26].mac_i/mul_out_reg.
DSP Report: register genblk1[26].mac_i/mul_out_reg is absorbed into DSP genblk1[26].mac_i/mul_out_reg.
DSP Report: operator genblk1[26].mac_i/intermed is absorbed into DSP genblk1[26].mac_i/mul_out_reg.
DSP Report: operator genblk1[26].mac_i/intermed0 is absorbed into DSP genblk1[26].mac_i/mul_out_reg.
DSP Report: Generating DSP genblk1[27].mac_i/mul_out_reg, operation Mode is: (P+A*B2)'.
DSP Report: register kernel_regs_reg[27] is absorbed into DSP genblk1[27].mac_i/mul_out_reg.
DSP Report: register genblk1[27].mac_i/mul_out_reg is absorbed into DSP genblk1[27].mac_i/mul_out_reg.
DSP Report: operator genblk1[27].mac_i/intermed is absorbed into DSP genblk1[27].mac_i/mul_out_reg.
DSP Report: operator genblk1[27].mac_i/intermed0 is absorbed into DSP genblk1[27].mac_i/mul_out_reg.
DSP Report: Generating DSP genblk1[28].mac_i/mul_out_reg, operation Mode is: (P+A*B2)'.
DSP Report: register kernel_regs_reg[28] is absorbed into DSP genblk1[28].mac_i/mul_out_reg.
DSP Report: register genblk1[28].mac_i/mul_out_reg is absorbed into DSP genblk1[28].mac_i/mul_out_reg.
DSP Report: operator genblk1[28].mac_i/intermed is absorbed into DSP genblk1[28].mac_i/mul_out_reg.
DSP Report: operator genblk1[28].mac_i/intermed0 is absorbed into DSP genblk1[28].mac_i/mul_out_reg.
DSP Report: Generating DSP genblk1[29].mac_i/mul_out_reg, operation Mode is: (P+A*B2)'.
DSP Report: register kernel_regs_reg[29] is absorbed into DSP genblk1[29].mac_i/mul_out_reg.
DSP Report: register genblk1[29].mac_i/mul_out_reg is absorbed into DSP genblk1[29].mac_i/mul_out_reg.
DSP Report: operator genblk1[29].mac_i/intermed is absorbed into DSP genblk1[29].mac_i/mul_out_reg.
DSP Report: operator genblk1[29].mac_i/intermed0 is absorbed into DSP genblk1[29].mac_i/mul_out_reg.
DSP Report: Generating DSP genblk1[30].mac_i/mul_out_reg, operation Mode is: (P+A*B2)'.
DSP Report: register kernel_regs_reg[30] is absorbed into DSP genblk1[30].mac_i/mul_out_reg.
DSP Report: register genblk1[30].mac_i/mul_out_reg is absorbed into DSP genblk1[30].mac_i/mul_out_reg.
DSP Report: operator genblk1[30].mac_i/intermed is absorbed into DSP genblk1[30].mac_i/mul_out_reg.
DSP Report: operator genblk1[30].mac_i/intermed0 is absorbed into DSP genblk1[30].mac_i/mul_out_reg.
DSP Report: Generating DSP genblk1[31].mac_i/mul_out_reg, operation Mode is: (P+A*B2)'.
DSP Report: register kernel_regs_reg[31] is absorbed into DSP genblk1[31].mac_i/mul_out_reg.
DSP Report: register genblk1[31].mac_i/mul_out_reg is absorbed into DSP genblk1[31].mac_i/mul_out_reg.
DSP Report: operator genblk1[31].mac_i/intermed is absorbed into DSP genblk1[31].mac_i/mul_out_reg.
DSP Report: operator genblk1[31].mac_i/intermed0 is absorbed into DSP genblk1[31].mac_i/mul_out_reg.
---------------------------------------------------------------------------------
Finished Cross Boundary and Area Optimization : Time (s): cpu = 00:06:21 ; elapsed = 00:06:37 . Memory (MB): peak = 2746.793 ; gain = 1396.148 ; free physical = 918 ; free virtual = 2381
---------------------------------------------------------------------------------
---------------------------------------------------------------------------------
Start ROM, RAM, DSP and Shift Register Reporting
---------------------------------------------------------------------------------

ROM:
+--------------------------+------------+---------------+----------------+
|Module Name               | RTL Object | Depth x Width | Implemented As | 
+--------------------------+------------+---------------+----------------+
|rom_fire4_squeeze         | p_0_out    | 1024x16       | LUT            | 
|rom_fire4_squeeze         | p_0_out    | 1024x16       | LUT            | 
|rom_fire4_squeeze         | p_0_out    | 1024x16       | LUT            | 
|rom_fire4_squeeze         | p_0_out    | 1024x16       | LUT            | 
|rom_fire4_squeeze         | p_0_out    | 1024x16       | LUT            | 
|rom_fire4_squeeze         | p_0_out    | 1024x16       | LUT            | 
|rom_fire4_squeeze         | p_0_out    | 1024x16       | LUT            | 
|rom_fire4_squeeze         | p_0_out    | 1024x16       | LUT            | 
|rom_fire4_squeeze         | p_0_out    | 1024x16       | LUT            | 
|rom_fire4_squeeze         | p_0_out    | 1024x16       | LUT            | 
|rom_fire4_squeeze         | p_0_out    | 1024x16       | LUT            | 
|rom_fire4_squeeze         | p_0_out    | 1024x16       | LUT            | 
|rom_fire4_squeeze         | p_0_out    | 1024x16       | LUT            | 
|rom_fire4_squeeze         | p_0_out    | 1024x16       | LUT            | 
|rom_fire4_squeeze         | p_0_out    | 1024x16       | LUT            | 
|rom_fire4_squeeze         | p_0_out    | 1024x16       | LUT            | 
|rom_fire4_squeeze         | p_0_out    | 1024x16       | LUT            | 
|rom_fire4_squeeze         | p_0_out    | 1024x16       | LUT            | 
|rom_fire4_squeeze         | p_0_out    | 1024x16       | LUT            | 
|rom_fire4_squeeze         | p_0_out    | 1024x16       | LUT            | 
|rom_fire4_squeeze         | p_0_out    | 1024x16       | LUT            | 
|rom_fire4_squeeze         | p_0_out    | 1024x16       | LUT            | 
|rom_fire4_squeeze         | p_0_out    | 1024x16       | LUT            | 
|rom_fire4_squeeze         | p_0_out    | 1024x16       | LUT            | 
|rom_fire4_squeeze         | p_0_out    | 1024x16       | LUT            | 
|rom_fire4_squeeze         | p_0_out    | 1024x16       | LUT            | 
|rom_fire4_squeeze         | p_0_out    | 1024x16       | LUT            | 
|rom_fire4_squeeze         | p_0_out    | 1024x16       | LUT            | 
|rom_fire4_squeeze         | p_0_out    | 1024x16       | LUT            | 
|rom_fire4_squeeze         | p_0_out    | 1024x16       | LUT            | 
|rom_fire4_squeeze         | p_0_out    | 1024x16       | LUT            | 
|rom_fire4_squeeze         | p_0_out    | 1024x16       | LUT            | 
|rom2_fire4_squeeze        | p_0_out    | 128x16        | LUT            | 
|rom2_fire4_squeeze        | p_0_out    | 128x16        | LUT            | 
|rom2_fire4_squeeze        | p_0_out    | 128x16        | LUT            | 
|rom2_fire4_squeeze        | p_0_out    | 128x16        | LUT            | 
|rom2_fire4_squeeze        | p_0_out    | 128x16        | LUT            | 
|rom2_fire4_squeeze        | p_0_out    | 128x16        | LUT            | 
|rom2_fire4_squeeze        | p_0_out    | 128x16        | LUT            | 
|rom2_fire4_squeeze        | p_0_out    | 128x16        | LUT            | 
|rom2_fire4_squeeze        | p_0_out    | 128x16        | LUT            | 
|rom2_fire4_squeeze        | p_0_out    | 128x16        | LUT            | 
|rom2_fire4_squeeze        | p_0_out    | 128x16        | LUT            | 
|rom2_fire4_squeeze        | p_0_out    | 128x16        | LUT            | 
|rom2_fire4_squeeze        | p_0_out    | 128x16        | LUT            | 
|rom2_fire4_squeeze        | p_0_out    | 128x16        | LUT            | 
|rom2_fire4_squeeze        | p_0_out    | 128x16        | LUT            | 
|rom2_fire4_squeeze        | p_0_out    | 128x16        | LUT            | 
|rom2_fire4_squeeze        | p_0_out    | 128x16        | LUT            | 
|rom2_fire4_squeeze        | p_0_out    | 128x16        | LUT            | 
|rom2_fire4_squeeze        | p_0_out    | 128x16        | LUT            | 
|rom2_fire4_squeeze        | p_0_out    | 128x16        | LUT            | 
|rom2_fire4_squeeze        | p_0_out    | 128x16        | LUT            | 
|rom2_fire4_squeeze        | p_0_out    | 128x16        | LUT            | 
|rom2_fire4_squeeze        | p_0_out    | 128x16        | LUT            | 
|rom2_fire4_squeeze        | p_0_out    | 128x16        | LUT            | 
|rom2_fire4_squeeze        | p_0_out    | 128x16        | LUT            | 
|rom2_fire4_squeeze        | p_0_out    | 128x16        | LUT            | 
|rom2_fire4_squeeze        | p_0_out    | 128x16        | LUT            | 
|rom2_fire4_squeeze        | p_0_out    | 128x16        | LUT            | 
|rom2_fire4_squeeze        | p_0_out    | 128x16        | LUT            | 
|rom2_fire4_squeeze        | p_0_out    | 128x16        | LUT            | 
|rom2_fire4_squeeze        | p_0_out    | 128x16        | LUT            | 
|rom2_fire4_squeeze        | p_0_out    | 128x16        | LUT            | 
|rom_fire4_squeeze         | p_0_out    | 1024x16       | LUT            | 
|rom_fire4_squeeze         | p_0_out    | 1024x16       | LUT            | 
|rom_fire4_squeeze         | p_0_out    | 1024x16       | LUT            | 
|rom_fire4_squeeze         | p_0_out    | 1024x16       | LUT            | 
|rom_fire4_squeeze         | p_0_out    | 1024x16       | LUT            | 
|rom_fire4_squeeze         | p_0_out    | 1024x16       | LUT            | 
|rom_fire4_squeeze         | p_0_out    | 1024x16       | LUT            | 
|rom_fire4_squeeze         | p_0_out    | 1024x16       | LUT            | 
|rom_fire4_squeeze         | p_0_out    | 1024x16       | LUT            | 
|rom_fire4_squeeze         | p_0_out    | 1024x16       | LUT            | 
|rom_fire4_squeeze         | p_0_out    | 1024x16       | LUT            | 
|rom_fire4_squeeze         | p_0_out    | 1024x16       | LUT            | 
|rom_fire4_squeeze         | p_0_out    | 1024x16       | LUT            | 
|rom_fire4_squeeze         | p_0_out    | 1024x16       | LUT            | 
|rom_fire4_squeeze         | p_0_out    | 1024x16       | LUT            | 
|rom_fire4_squeeze         | p_0_out    | 1024x16       | LUT            | 
|rom_fire4_squeeze         | p_0_out    | 1024x16       | LUT            | 
|rom_fire4_squeeze         | p_0_out    | 1024x16       | LUT            | 
|rom_fire4_squeeze         | p_0_out    | 1024x16       | LUT            | 
|rom_fire4_squeeze         | p_0_out    | 1024x16       | LUT            | 
|rom_fire4_squeeze         | p_0_out    | 1024x16       | LUT            | 
|rom_fire4_squeeze         | p_0_out    | 1024x16       | LUT            | 
|rom_fire4_squeeze         | p_0_out    | 1024x16       | LUT            | 
|rom_fire4_squeeze         | p_0_out    | 1024x16       | LUT            | 
|rom_fire4_squeeze         | p_0_out    | 1024x16       | LUT            | 
|rom_fire4_squeeze         | p_0_out    | 1024x16       | LUT            | 
|wrapper_rom_fire4_squeeze | p_0_out    | 128x16        | LUT            | 
|wrapper_rom_fire4_squeeze | p_0_out    | 128x16        | LUT            | 
|wrapper_rom_fire4_squeeze | p_0_out    | 128x16        | LUT            | 
|wrapper_rom_fire4_squeeze | p_0_out    | 128x16        | LUT            | 
|wrapper_rom_fire4_squeeze | p_0_out    | 128x16        | LUT            | 
|wrapper_rom_fire4_squeeze | p_0_out    | 128x16        | LUT            | 
|wrapper_rom_fire4_squeeze | p_0_out    | 128x16        | LUT            | 
|wrapper_rom_fire4_squeeze | p_0_out    | 128x16        | LUT            | 
|wrapper_rom_fire4_squeeze | p_0_out    | 128x16        | LUT            | 
|wrapper_rom_fire4_squeeze | p_0_out    | 128x16        | LUT            | 
|wrapper_rom_fire4_squeeze | p_0_out    | 128x16        | LUT            | 
|wrapper_rom_fire4_squeeze | p_0_out    | 128x16        | LUT            | 
|wrapper_rom_fire4_squeeze | p_0_out    | 128x16        | LUT            | 
|wrapper_rom_fire4_squeeze | p_0_out    | 128x16        | LUT            | 
|wrapper_rom_fire4_squeeze | p_0_out    | 128x16        | LUT            | 
|wrapper_rom_fire4_squeeze | p_0_out    | 128x16        | LUT            | 
|wrapper_rom_fire4_squeeze | p_0_out    | 128x16        | LUT            | 
|wrapper_rom_fire4_squeeze | p_0_out    | 128x16        | LUT            | 
|wrapper_rom_fire4_squeeze | p_0_out    | 128x16        | LUT            | 
|wrapper_rom_fire4_squeeze | p_0_out    | 128x16        | LUT            | 
|wrapper_rom_fire4_squeeze | p_0_out    | 128x16        | LUT            | 
|wrapper_rom_fire4_squeeze | p_0_out    | 128x16        | LUT            | 
|wrapper_rom_fire4_squeeze | p_0_out    | 128x16        | LUT            | 
|wrapper_rom_fire4_squeeze | p_0_out    | 128x16        | LUT            | 
|wrapper_rom_fire4_squeeze | p_0_out    | 128x16        | LUT            | 
|wrapper_rom_fire4_squeeze | p_0_out    | 128x16        | LUT            | 
|wrapper_rom_fire4_squeeze | p_0_out    | 128x16        | LUT            | 
|wrapper_rom_fire4_squeeze | p_0_out    | 128x16        | LUT            | 
|wrapper_rom_fire4_squeeze | p_0_out    | 128x16        | LUT            | 
+--------------------------+------------+---------------+----------------+


DSP: Preliminary Mapping  Report (see note below)
+--------------+-------------+--------+--------+--------+--------+--------+------+------+------+------+-------+------+------+
|Module Name   | DSP Mapping | A Size | B Size | C Size | D Size | P Size | AREG | BREG | CREG | DREG | ADREG | MREG | PREG | 
+--------------+-------------+--------+--------+--------+--------+--------+------+------+------+------+-------+------+------+
|fire4_squeeze | (P+A*B2)'   | 16     | 16     | -      | -      | 32     | 0    | 1    | -    | -    | -     | 0    | 1    | 
|fire4_squeeze | (P+A*B2)'   | 16     | 16     | -      | -      | 32     | 0    | 1    | -    | -    | -     | 0    | 1    | 
|fire4_squeeze | (P+A*B2)'   | 16     | 16     | -      | -      | 32     | 0    | 1    | -    | -    | -     | 0    | 1    | 
|fire4_squeeze | (P+A*B2)'   | 16     | 16     | -      | -      | 32     | 0    | 1    | -    | -    | -     | 0    | 1    | 
|fire4_squeeze | (P+A*B2)'   | 16     | 16     | -      | -      | 32     | 0    | 1    | -    | -    | -     | 0    | 1    | 
|fire4_squeeze | (P+A*B2)'   | 16     | 16     | -      | -      | 32     | 0    | 1    | -    | -    | -     | 0    | 1    | 
|fire4_squeeze | (P+A*B2)'   | 16     | 16     | -      | -      | 32     | 0    | 1    | -    | -    | -     | 0    | 1    | 
|fire4_squeeze | (P+A*B2)'   | 16     | 16     | -      | -      | 32     | 0    | 1    | -    | -    | -     | 0    | 1    | 
|fire4_squeeze | (P+A*B2)'   | 16     | 16     | -      | -      | 32     | 0    | 1    | -    | -    | -     | 0    | 1    | 
|fire4_squeeze | (P+A*B2)'   | 16     | 16     | -      | -      | 32     | 0    | 1    | -    | -    | -     | 0    | 1    | 
|fire4_squeeze | (P+A*B2)'   | 16     | 16     | -      | -      | 32     | 0    | 1    | -    | -    | -     | 0    | 1    | 
|fire4_squeeze | (P+A*B2)'   | 16     | 16     | -      | -      | 32     | 0    | 1    | -    | -    | -     | 0    | 1    | 
|fire4_squeeze | (P+A*B2)'   | 16     | 16     | -      | -      | 32     | 0    | 1    | -    | -    | -     | 0    | 1    | 
|fire4_squeeze | (P+A*B2)'   | 16     | 16     | -      | -      | 32     | 0    | 1    | -    | -    | -     | 0    | 1    | 
|fire4_squeeze | (P+A*B2)'   | 16     | 16     | -      | -      | 32     | 0    | 1    | -    | -    | -     | 0    | 1    | 
|fire4_squeeze | (P+A*B2)'   | 16     | 16     | -      | -      | 32     | 0    | 1    | -    | -    | -     | 0    | 1    | 
|fire4_squeeze | (P+A*B2)'   | 16     | 16     | -      | -      | 32     | 0    | 1    | -    | -    | -     | 0    | 1    | 
|fire4_squeeze | (P+A*B2)'   | 16     | 16     | -      | -      | 32     | 0    | 1    | -    | -    | -     | 0    | 1    | 
|fire4_squeeze | (P+A*B2)'   | 16     | 16     | -      | -      | 32     | 0    | 1    | -    | -    | -     | 0    | 1    | 
|fire4_squeeze | (P+A*B2)'   | 16     | 16     | -      | -      | 32     | 0    | 1    | -    | -    | -     | 0    | 1    | 
|fire4_squeeze | (P+A*B2)'   | 16     | 16     | -      | -      | 32     | 0    | 1    | -    | -    | -     | 0    | 1    | 
|fire4_squeeze | (P+A*B2)'   | 16     | 16     | -      | -      | 32     | 0    | 1    | -    | -    | -     | 0    | 1    | 
|fire4_squeeze | (P+A*B2)'   | 16     | 16     | -      | -      | 32     | 0    | 1    | -    | -    | -     | 0    | 1    | 
|fire4_squeeze | (P+A*B2)'   | 16     | 16     | -      | -      | 32     | 0    | 1    | -    | -    | -     | 0    | 1    | 
|fire4_squeeze | (P+A*B2)'   | 16     | 16     | -      | -      | 32     | 0    | 1    | -    | -    | -     | 0    | 1    | 
|fire4_squeeze | (P+A*B2)'   | 16     | 16     | -      | -      | 32     | 0    | 1    | -    | -    | -     | 0    | 1    | 
|fire4_squeeze | (P+A*B2)'   | 16     | 16     | -      | -      | 32     | 0    | 1    | -    | -    | -     | 0    | 1    | 
|fire4_squeeze | (P+A*B2)'   | 16     | 16     | -      | -      | 32     | 0    | 1    | -    | -    | -     | 0    | 1    | 
|fire4_squeeze | (P+A*B2)'   | 16     | 16     | -      | -      | 32     | 0    | 1    | -    | -    | -     | 0    | 1    | 
|fire4_squeeze | (P+A*B2)'   | 16     | 16     | -      | -      | 32     | 0    | 1    | -    | -    | -     | 0    | 1    | 
|fire4_squeeze | (P+A*B2)'   | 16     | 16     | -      | -      | 32     | 0    | 1    | -    | -    | -     | 0    | 1    | 
|fire4_squeeze | (P+A*B2)'   | 16     | 16     | -      | -      | 32     | 0    | 1    | -    | -    | -     | 0    | 1    | 
+--------------+-------------+--------+--------+--------+--------+--------+------+------+------+------+-------+------+------+

Note: The table above is a preliminary report that shows the DSPs inferred at the current stage of the synthesis flow. Some DSP may be reimplemented as non DSP primitives later in the synthesis flow. Multiple instantiated DSPs are reported only once.
---------------------------------------------------------------------------------
Finished ROM, RAM, DSP and Shift Register Reporting
---------------------------------------------------------------------------------

Report RTL Partitions: 
+-+--------------+------------+----------+
| |RTL Partition |Replication |Instances |
+-+--------------+------------+----------+
+-+--------------+------------+----------+
---------------------------------------------------------------------------------
Start Applying XDC Timing Constraints
---------------------------------------------------------------------------------
---------------------------------------------------------------------------------
Finished Applying XDC Timing Constraints : Time (s): cpu = 00:06:30 ; elapsed = 00:06:46 . Memory (MB): peak = 2746.793 ; gain = 1396.148 ; free physical = 758 ; free virtual = 2264
---------------------------------------------------------------------------------
---------------------------------------------------------------------------------
Start Timing Optimization
---------------------------------------------------------------------------------
---------------------------------------------------------------------------------
Finished Timing Optimization : Time (s): cpu = 00:06:42 ; elapsed = 00:06:59 . Memory (MB): peak = 2746.793 ; gain = 1396.148 ; free physical = 733 ; free virtual = 2241
---------------------------------------------------------------------------------

Report RTL Partitions: 
+-+--------------+------------+----------+
| |RTL Partition |Replication |Instances |
+-+--------------+------------+----------+
+-+--------------+------------+----------+
---------------------------------------------------------------------------------
Start Technology Mapping
---------------------------------------------------------------------------------
---------------------------------------------------------------------------------
Finished Technology Mapping : Time (s): cpu = 00:06:56 ; elapsed = 00:07:13 . Memory (MB): peak = 2746.793 ; gain = 1396.148 ; free physical = 787 ; free virtual = 2298
---------------------------------------------------------------------------------

Report RTL Partitions: 
+-+--------------+------------+----------+
| |RTL Partition |Replication |Instances |
+-+--------------+------------+----------+
+-+--------------+------------+----------+
---------------------------------------------------------------------------------
Start IO Insertion
---------------------------------------------------------------------------------
---------------------------------------------------------------------------------
Start Flattening Before IO Insertion
---------------------------------------------------------------------------------
---------------------------------------------------------------------------------
Finished Flattening Before IO Insertion
---------------------------------------------------------------------------------
---------------------------------------------------------------------------------
Start Final Netlist Cleanup
---------------------------------------------------------------------------------
---------------------------------------------------------------------------------
Finished Final Netlist Cleanup
---------------------------------------------------------------------------------
---------------------------------------------------------------------------------
Finished IO Insertion : Time (s): cpu = 00:06:58 ; elapsed = 00:07:15 . Memory (MB): peak = 2746.793 ; gain = 1396.148 ; free physical = 782 ; free virtual = 2298
---------------------------------------------------------------------------------

Report Check Netlist: 
+------+------------------+-------+---------+-------+------------------+
|      |Item              |Errors |Warnings |Status |Description       |
+------+------------------+-------+---------+-------+------------------+
|1     |multi_driven_nets |      0|        0|Passed |Multi driven nets |
+------+------------------+-------+---------+-------+------------------+
---------------------------------------------------------------------------------
Start Renaming Generated Instances
---------------------------------------------------------------------------------
---------------------------------------------------------------------------------
Finished Renaming Generated Instances : Time (s): cpu = 00:06:58 ; elapsed = 00:07:15 . Memory (MB): peak = 2746.793 ; gain = 1396.148 ; free physical = 782 ; free virtual = 2298
---------------------------------------------------------------------------------

Report RTL Partitions: 
+-+--------------+------------+----------+
| |RTL Partition |Replication |Instances |
+-+--------------+------------+----------+
+-+--------------+------------+----------+
---------------------------------------------------------------------------------
Start Rebuilding User Hierarchy
---------------------------------------------------------------------------------
---------------------------------------------------------------------------------
Finished Rebuilding User Hierarchy : Time (s): cpu = 00:06:59 ; elapsed = 00:07:17 . Memory (MB): peak = 2746.793 ; gain = 1396.148 ; free physical = 796 ; free virtual = 2313
---------------------------------------------------------------------------------
---------------------------------------------------------------------------------
Start Renaming Generated Ports
---------------------------------------------------------------------------------
---------------------------------------------------------------------------------
Finished Renaming Generated Ports : Time (s): cpu = 00:07:00 ; elapsed = 00:07:17 . Memory (MB): peak = 2746.793 ; gain = 1396.148 ; free physical = 796 ; free virtual = 2313
---------------------------------------------------------------------------------
---------------------------------------------------------------------------------
Start Handling Custom Attributes
---------------------------------------------------------------------------------
---------------------------------------------------------------------------------
Finished Handling Custom Attributes : Time (s): cpu = 00:07:00 ; elapsed = 00:07:17 . Memory (MB): peak = 2746.793 ; gain = 1396.148 ; free physical = 793 ; free virtual = 2310
---------------------------------------------------------------------------------
---------------------------------------------------------------------------------
Start Renaming Generated Nets
---------------------------------------------------------------------------------
---------------------------------------------------------------------------------
Finished Renaming Generated Nets : Time (s): cpu = 00:07:00 ; elapsed = 00:07:17 . Memory (MB): peak = 2746.793 ; gain = 1396.148 ; free physical = 791 ; free virtual = 2308
---------------------------------------------------------------------------------
---------------------------------------------------------------------------------
Start Writing Synthesis Report
---------------------------------------------------------------------------------

Report BlackBoxes: 
+-+--------------+----------+
| |BlackBox name |Instances |
+-+--------------+----------+
+-+--------------+----------+

Report Cell Usage: 
+------+--------+------+
|      |Cell    |Count |
+------+--------+------+
|1     |CARRY4  |   246|
|2     |DSP48E1 |    32|
|3     |LUT1    |   361|
|4     |LUT2    |    81|
|5     |LUT3    |   109|
|6     |LUT4    |    35|
|7     |LUT5    |  4305|
|8     |LUT6    |  6265|
|9     |MUXF7   |  3379|
|10    |MUXF8   |   813|
|11    |FDRE    |   624|
|12    |FDSE    |     1|
+------+--------+------+

Report Instance Areas: 
+------+----------------------+--------------------------+------+
|      |Instance              |Module                    |Cells |
+------+----------------------+--------------------------+------+
|1     |top                   |                          | 16251|
|2     |  \genblk1[0].mac_i   |mac                       |   400|
|3     |  \genblk1[10].mac_i  |mac_0                     |    62|
|4     |  \genblk1[11].mac_i  |mac_1                     |   561|
|5     |  \genblk1[12].mac_i  |mac_2                     |   543|
|6     |  \genblk1[13].mac_i  |mac_3                     |   576|
|7     |  \genblk1[14].mac_i  |mac_4                     |   585|
|8     |  \genblk1[15].mac_i  |mac_5                     |   393|
|9     |  \genblk1[16].mac_i  |mac_6                     |   403|
|10    |  \genblk1[17].mac_i  |mac_7                     |   394|
|11    |  \genblk1[18].mac_i  |mac_8                     |   399|
|12    |  \genblk1[19].mac_i  |mac_9                     |   577|
|13    |  \genblk1[1].mac_i   |mac_10                    |   545|
|14    |  \genblk1[20].mac_i  |mac_11                    |   415|
|15    |  \genblk1[21].mac_i  |mac_12                    |   403|
|16    |  \genblk1[22].mac_i  |mac_13                    |   431|
|17    |  \genblk1[23].mac_i  |mac_14                    |   562|
|18    |  \genblk1[24].mac_i  |mac_15                    |   396|
|19    |  \genblk1[25].mac_i  |mac_16                    |    38|
|20    |  \genblk1[26].mac_i  |mac_17                    |    31|
|21    |  \genblk1[27].mac_i  |mac_18                    |    41|
|22    |  \genblk1[28].mac_i  |mac_19                    |   583|
|23    |  \genblk1[29].mac_i  |mac_20                    |   586|
|24    |  \genblk1[2].mac_i   |mac_21                    |   532|
|25    |  \genblk1[30].mac_i  |mac_22                    |   556|
|26    |  \genblk1[31].mac_i  |mac_23                    |   584|
|27    |  \genblk1[3].mac_i   |mac_24                    |   388|
|28    |  \genblk1[4].mac_i   |mac_25                    |   567|
|29    |  \genblk1[5].mac_i   |mac_26                    |   569|
|30    |  \genblk1[6].mac_i   |mac_27                    |   431|
|31    |  \genblk1[7].mac_i   |mac_28                    |   619|
|32    |  \genblk1[8].mac_i   |mac_29                    |   602|
|33    |  \genblk1[9].mac_i   |mac_30                    |   575|
|34    |  u_2                 |wrapper_rom_fire4_squeeze |  1122|
|35    |    u1                |rom_fire4_squeeze         |  1094|
+------+----------------------+--------------------------+------+
---------------------------------------------------------------------------------
Finished Writing Synthesis Report : Time (s): cpu = 00:07:00 ; elapsed = 00:07:17 . Memory (MB): peak = 2746.793 ; gain = 1396.148 ; free physical = 791 ; free virtual = 2308
---------------------------------------------------------------------------------
Synthesis finished with 0 errors, 0 critical warnings and 0 warnings.
Synthesis Optimization Runtime : Time (s): cpu = 00:06:46 ; elapsed = 00:07:02 . Memory (MB): peak = 2746.793 ; gain = 881.547 ; free physical = 842 ; free virtual = 2361
Synthesis Optimization Complete : Time (s): cpu = 00:07:00 ; elapsed = 00:07:18 . Memory (MB): peak = 2746.801 ; gain = 1396.148 ; free physical = 841 ; free virtual = 2361
INFO: [Project 1-571] Translating synthesized netlist
INFO: [Netlist 29-17] Analyzing 4470 Unisim elements for replacement
INFO: [Netlist 29-28] Unisim Transformation completed in 0 CPU seconds
INFO: [Project 1-570] Preparing netlist for logic optimization
Parsing XDC File [/home/gsaied/Desktop/old_rtl/fire4_squeeze/temp.xdc]
Finished Parsing XDC File [/home/gsaied/Desktop/old_rtl/fire4_squeeze/temp.xdc]
INFO: [Opt 31-138] Pushed 0 inverter(s) to 0 load pin(s).
Netlist sorting complete. Time (s): cpu = 00:00:00 ; elapsed = 00:00:00 . Memory (MB): peak = 2746.801 ; gain = 0.000 ; free physical = 727 ; free virtual = 2304
INFO: [Project 1-111] Unisim Transformation Summary:
No Unisim elements were transformed.

INFO: [Common 17-83] Releasing license: Synthesis
154 Infos, 0 Warnings, 0 Critical Warnings and 0 Errors encountered.
synth_design completed successfully
synth_design: Time (s): cpu = 00:07:05 ; elapsed = 00:07:22 . Memory (MB): peak = 2746.801 ; gain = 1416.605 ; free physical = 806 ; free virtual = 2385
# report_utilization -file utiliziation.rpt
# report_utilization -hierarchical -file hierarchical_utilization.rpt
# report_timing -file post_synth_timing.rpt
INFO: [Timing 38-91] UpdateTimingParams: Speed grade: -3, Delay Type: max.
INFO: [Timing 38-191] Multithreading enabled for timing update using a maximum of 4 CPUs
INFO: [Timing 38-35] Done setting XDC timing constraints.
WARNING: [Timing 38-242] The property HD.CLK_SRC of clock port "clk" is not set. In out-of-context mode, this prevents timing estimation for clock delay/skew
Resolution: Set the HD.CLK_SRC property of the out-of-context port to the location of the clock buffer instance in the top-level design
INFO: [Timing 38-78] ReportTimingParams: -max_paths 1 -nworst 1 -delay_type max -sort_by slack.
report_timing: Time (s): cpu = 00:00:14 ; elapsed = 00:00:11 . Memory (MB): peak = 2844.836 ; gain = 98.035 ; free physical = 261 ; free virtual = 1892
# write_checkpoint -force temp_syn.dcp
Netlist sorting complete. Time (s): cpu = 00:00:00 ; elapsed = 00:00:00 . Memory (MB): peak = 2844.836 ; gain = 0.000 ; free physical = 259 ; free virtual = 1893
INFO: [Timing 38-480] Writing timing data to binary archive.
Netlist sorting complete. Time (s): cpu = 00:00:00.02 ; elapsed = 00:00:00 . Memory (MB): peak = 2876.852 ; gain = 0.000 ; free physical = 238 ; free virtual = 1886
INFO: [Common 17-1381] The checkpoint '/home/gsaied/Desktop/old_rtl/fire4_squeeze/temp_syn.dcp' has been generated.
# if {[get_property SLACK [get_timing_paths -max_paths 1 -nworst 1 -setup]] < 0} {
# puts "Found setup timing violations => running physical optimization"
# report_timing -file slack.rpt
# }
Found setup timing violations => running physical optimization
INFO: [Timing 38-78] ReportTimingParams: -max_paths 1 -nworst 1 -delay_type max -sort_by slack.
# opt_design -directive ExploreSequentialArea
Command: opt_design -directive ExploreSequentialArea
INFO: [Vivado_Tcl 4-136] Directive used for opt_design is: ExploreSequentialArea
Attempting to get a license for feature 'Implementation' and/or device 'xc7vx690t'
INFO: [Common 17-349] Got license for feature 'Implementation' and/or device 'xc7vx690t'
Running DRC as a precondition to command opt_design

Starting DRC Task
INFO: [DRC 23-27] Running DRC with 4 threads
INFO: [Project 1-461] DRC finished with 0 Errors
INFO: [Project 1-462] Please refer to the DRC report (report_drc) for more information.

Time (s): cpu = 00:00:02 ; elapsed = 00:00:01 . Memory (MB): peak = 2876.855 ; gain = 0.000 ; free physical = 236 ; free virtual = 1881

Starting Cache Timing Information Task
Ending Cache Timing Information Task | Checksum: a56e1c93

Time (s): cpu = 00:00:00 ; elapsed = 00:00:00.01 . Memory (MB): peak = 2876.855 ; gain = 0.000 ; free physical = 236 ; free virtual = 1881

Starting Logic Optimization Task

Phase 1 Retarget
INFO: [Opt 31-138] Pushed 0 inverter(s) to 0 load pin(s).
INFO: [Opt 31-49] Retargeted 0 cell(s).
Phase 1 Retarget | Checksum: b70d9750

Time (s): cpu = 00:00:02 ; elapsed = 00:00:01 . Memory (MB): peak = 2876.855 ; gain = 0.000 ; free physical = 200 ; free virtual = 1849
INFO: [Opt 31-389] Phase Retarget created 1442 cells and removed 1442 cells
INFO: [Opt 31-1021] In phase Retarget, 1 netlist objects are constrained preventing optimization. Please run opt_design with -debug_log to get more detail. 

Phase 2 Constant propagation
INFO: [Opt 31-138] Pushed 0 inverter(s) to 0 load pin(s).
Phase 2 Constant propagation | Checksum: 2c44a90e

Time (s): cpu = 00:00:02 ; elapsed = 00:00:02 . Memory (MB): peak = 2876.855 ; gain = 0.000 ; free physical = 200 ; free virtual = 1849
INFO: [Opt 31-389] Phase Constant propagation created 0 cells and removed 0 cells
INFO: [Opt 31-1021] In phase Constant propagation, 2 netlist objects are constrained preventing optimization. Please run opt_design with -debug_log to get more detail. 

Phase 3 Sweep
Phase 3 Sweep | Checksum: c9795491

Time (s): cpu = 00:00:02 ; elapsed = 00:00:02 . Memory (MB): peak = 2876.855 ; gain = 0.000 ; free physical = 197 ; free virtual = 1846
INFO: [Opt 31-389] Phase Sweep created 0 cells and removed 0 cells
INFO: [Opt 31-1021] In phase Sweep, 2 netlist objects are constrained preventing optimization. Please run opt_design with -debug_log to get more detail. 

Phase 4 BUFG optimization
Phase 4 BUFG optimization | Checksum: c9795491

Time (s): cpu = 00:00:02 ; elapsed = 00:00:02 . Memory (MB): peak = 2876.855 ; gain = 0.000 ; free physical = 197 ; free virtual = 1846
INFO: [Opt 31-662] Phase BUFG optimization created 0 cells of which 0 are BUFGs and removed 0 cells.

Phase 5 Shift Register Optimization
Phase 5 Shift Register Optimization | Checksum: 62d8905d

Time (s): cpu = 00:00:03 ; elapsed = 00:00:03 . Memory (MB): peak = 2876.855 ; gain = 0.000 ; free physical = 196 ; free virtual = 1846
INFO: [Opt 31-389] Phase Shift Register Optimization created 0 cells and removed 0 cells

Phase 6 Constant propagation
INFO: [Opt 31-138] Pushed 0 inverter(s) to 0 load pin(s).
Phase 6 Constant propagation | Checksum: 62d8905d

Time (s): cpu = 00:00:04 ; elapsed = 00:00:03 . Memory (MB): peak = 2876.855 ; gain = 0.000 ; free physical = 196 ; free virtual = 1846
INFO: [Opt 31-389] Phase Constant propagation created 0 cells and removed 0 cells
INFO: [Opt 31-1021] In phase Constant propagation, 2 netlist objects are constrained preventing optimization. Please run opt_design with -debug_log to get more detail. 

Phase 7 Sweep
Phase 7 Sweep | Checksum: 62d8905d

Time (s): cpu = 00:00:04 ; elapsed = 00:00:03 . Memory (MB): peak = 2876.855 ; gain = 0.000 ; free physical = 196 ; free virtual = 1845
INFO: [Opt 31-389] Phase Sweep created 0 cells and removed 0 cells
INFO: [Opt 31-1021] In phase Sweep, 2 netlist objects are constrained preventing optimization. Please run opt_design with -debug_log to get more detail. 

Phase 8 Resynthesis
ERROR: [Common 17-179] Fork failed: Cannot allocate memory
ERROR: [Common 17-179] Fork failed: Cannot allocate memory
ERROR: [Common 17-179] Fork failed: Cannot allocate memory
INFO: [Common 17-41] Interrupt caught. Command should exit soon.
