Copyright 1986-2018 Xilinx, Inc. All Rights Reserved.
-------------------------------------------------------------------------------------
| Tool Version : Vivado v.2018.3 (lin64) Build 2405991 Thu Dec  6 23:36:41 MST 2018
| Date         : Mon Feb 24 17:06:48 2020
| Host         : GCS running 64-bit Ubuntu 18.04.4 LTS
| Command      : report_utilization -hierarchical -file hierarchical_utilization.rpt
| Design       : rom_fire8_squeeze
| Device       : 7vx690tffg1157-3
| Design State : Synthesized
-------------------------------------------------------------------------------------

Utilization Design Information

Table of Contents
-----------------
1. Utilization by Hierarchy

1. Utilization by Hierarchy
---------------------------

+-------------------+--------+------------+------------+---------+------+-----+--------+--------+--------------+
|      Instance     | Module | Total LUTs | Logic LUTs | LUTRAMs | SRLs | FFs | RAMB36 | RAMB18 | DSP48 Blocks |
+-------------------+--------+------------+------------+---------+------+-----+--------+--------+--------------+
| rom_fire8_squeeze |  (top) |          0 |          0 |       0 |    0 |   0 |    224 |      0 |            0 |
+-------------------+--------+------------+------------+---------+------+-----+--------+--------+--------------+


