Copyright 1986-2018 Xilinx, Inc. All Rights Reserved.
------------------------------------------------------------------------------------
| Tool Version : Vivado v.2018.3 (lin64) Build 2405991 Thu Dec  6 23:36:41 MST 2018
| Date         : Mon Feb 24 17:07:06 2020
| Host         : GCS running 64-bit Ubuntu 18.04.4 LTS
| Command      : report_timing -max_paths 50 -file timing.rpt
| Design       : rom_fire8_squeeze
| Device       : 7vx690t-ffg1157
| Speed File   : -3  PRODUCTION 1.11 2014-09-11
------------------------------------------------------------------------------------

Timing Report

Slack:                    inf
  Source:                 rom_out_reg[0]_0/CLKARDCLK
                            (rising edge-triggered cell RAMB36E1)
  Destination:            rom_out[0][0]
                            (output port)
  Path Group:             (none)
  Path Type:              Max at Slow Process Corner
  Data Path Delay:        3.794ns  (logic 3.359ns (88.549%)  route 0.434ns (11.451%))
  Logic Levels:           2  (OBUF=1 RAMB36E1=1)

    Location             Delay type                Incr(ns)  Path(ns)    Netlist Resource(s)
  -------------------------------------------------------------------    -------------------
                         RAMB36E1                     0.000     0.000 r  rom_out_reg[0]_0/CLKARDCLK
                         RAMB36E1 (Prop_ramb36e1_CLKARDCLK_DOADO[0])
                                                      1.564     1.564 r  rom_out_reg[0]_0/DOADO[0]
                         net (fo=1, unplaced)         0.434     1.998    rom_out[0]_OBUF[0]
                         OBUF (Prop_obuf_I_O)         1.795     3.794 r  rom_out[0][0]_INST_0/O
                         net (fo=0)                   0.000     3.794    rom_out[0][0]
                                                                      r  rom_out[0][0] (OUT)
  -------------------------------------------------------------------    -------------------

Slack:                    inf
  Source:                 rom_out_reg[0]_1/CLKARDCLK
                            (rising edge-triggered cell RAMB36E1)
  Destination:            rom_out[0][10]
                            (output port)
  Path Group:             (none)
  Path Type:              Max at Slow Process Corner
  Data Path Delay:        3.794ns  (logic 3.359ns (88.549%)  route 0.434ns (11.451%))
  Logic Levels:           2  (OBUF=1 RAMB36E1=1)

    Location             Delay type                Incr(ns)  Path(ns)    Netlist Resource(s)
  -------------------------------------------------------------------    -------------------
                         RAMB36E1                     0.000     0.000 r  rom_out_reg[0]_1/CLKARDCLK
                         RAMB36E1 (Prop_ramb36e1_CLKARDCLK_DOADO[2])
                                                      1.564     1.564 r  rom_out_reg[0]_1/DOADO[2]
                         net (fo=1, unplaced)         0.434     1.998    rom_out[0]_OBUF[10]
                         OBUF (Prop_obuf_I_O)         1.795     3.794 r  rom_out[0][10]_INST_0/O
                         net (fo=0)                   0.000     3.794    rom_out[0][10]
                                                                      r  rom_out[0][10] (OUT)
  -------------------------------------------------------------------    -------------------

Slack:                    inf
  Source:                 rom_out_reg[0]_1/CLKARDCLK
                            (rising edge-triggered cell RAMB36E1)
  Destination:            rom_out[0][11]
                            (output port)
  Path Group:             (none)
  Path Type:              Max at Slow Process Corner
  Data Path Delay:        3.794ns  (logic 3.359ns (88.549%)  route 0.434ns (11.451%))
  Logic Levels:           2  (OBUF=1 RAMB36E1=1)

    Location             Delay type                Incr(ns)  Path(ns)    Netlist Resource(s)
  -------------------------------------------------------------------    -------------------
                         RAMB36E1                     0.000     0.000 r  rom_out_reg[0]_1/CLKARDCLK
                         RAMB36E1 (Prop_ramb36e1_CLKARDCLK_DOADO[3])
                                                      1.564     1.564 r  rom_out_reg[0]_1/DOADO[3]
                         net (fo=1, unplaced)         0.434     1.998    rom_out[0]_OBUF[11]
                         OBUF (Prop_obuf_I_O)         1.795     3.794 r  rom_out[0][11]_INST_0/O
                         net (fo=0)                   0.000     3.794    rom_out[0][11]
                                                                      r  rom_out[0][11] (OUT)
  -------------------------------------------------------------------    -------------------

Slack:                    inf
  Source:                 rom_out_reg[0]_1/CLKARDCLK
                            (rising edge-triggered cell RAMB36E1)
  Destination:            rom_out[0][12]
                            (output port)
  Path Group:             (none)
  Path Type:              Max at Slow Process Corner
  Data Path Delay:        3.794ns  (logic 3.359ns (88.549%)  route 0.434ns (11.451%))
  Logic Levels:           2  (OBUF=1 RAMB36E1=1)

    Location             Delay type                Incr(ns)  Path(ns)    Netlist Resource(s)
  -------------------------------------------------------------------    -------------------
                         RAMB36E1                     0.000     0.000 r  rom_out_reg[0]_1/CLKARDCLK
                         RAMB36E1 (Prop_ramb36e1_CLKARDCLK_DOADO[4])
                                                      1.564     1.564 r  rom_out_reg[0]_1/DOADO[4]
                         net (fo=1, unplaced)         0.434     1.998    rom_out[0]_OBUF[12]
                         OBUF (Prop_obuf_I_O)         1.795     3.794 r  rom_out[0][12]_INST_0/O
                         net (fo=0)                   0.000     3.794    rom_out[0][12]
                                                                      r  rom_out[0][12] (OUT)
  -------------------------------------------------------------------    -------------------

Slack:                    inf
  Source:                 rom_out_reg[0]_1/CLKARDCLK
                            (rising edge-triggered cell RAMB36E1)
  Destination:            rom_out[0][13]
                            (output port)
  Path Group:             (none)
  Path Type:              Max at Slow Process Corner
  Data Path Delay:        3.794ns  (logic 3.359ns (88.549%)  route 0.434ns (11.451%))
  Logic Levels:           2  (OBUF=1 RAMB36E1=1)

    Location             Delay type                Incr(ns)  Path(ns)    Netlist Resource(s)
  -------------------------------------------------------------------    -------------------
                         RAMB36E1                     0.000     0.000 r  rom_out_reg[0]_1/CLKARDCLK
                         RAMB36E1 (Prop_ramb36e1_CLKARDCLK_DOADO[5])
                                                      1.564     1.564 r  rom_out_reg[0]_1/DOADO[5]
                         net (fo=1, unplaced)         0.434     1.998    rom_out[0]_OBUF[13]
                         OBUF (Prop_obuf_I_O)         1.795     3.794 r  rom_out[0][13]_INST_0/O
                         net (fo=0)                   0.000     3.794    rom_out[0][13]
                                                                      r  rom_out[0][13] (OUT)
  -------------------------------------------------------------------    -------------------

Slack:                    inf
  Source:                 rom_out_reg[0]_1/CLKARDCLK
                            (rising edge-triggered cell RAMB36E1)
  Destination:            rom_out[0][14]
                            (output port)
  Path Group:             (none)
  Path Type:              Max at Slow Process Corner
  Data Path Delay:        3.794ns  (logic 3.359ns (88.549%)  route 0.434ns (11.451%))
  Logic Levels:           2  (OBUF=1 RAMB36E1=1)

    Location             Delay type                Incr(ns)  Path(ns)    Netlist Resource(s)
  -------------------------------------------------------------------    -------------------
                         RAMB36E1                     0.000     0.000 r  rom_out_reg[0]_1/CLKARDCLK
                         RAMB36E1 (Prop_ramb36e1_CLKARDCLK_DOADO[6])
                                                      1.564     1.564 r  rom_out_reg[0]_1/DOADO[6]
                         net (fo=1, unplaced)         0.434     1.998    rom_out[0]_OBUF[14]
                         OBUF (Prop_obuf_I_O)         1.795     3.794 r  rom_out[0][14]_INST_0/O
                         net (fo=0)                   0.000     3.794    rom_out[0][14]
                                                                      r  rom_out[0][14] (OUT)
  -------------------------------------------------------------------    -------------------

Slack:                    inf
  Source:                 rom_out_reg[0]_1/CLKARDCLK
                            (rising edge-triggered cell RAMB36E1)
  Destination:            rom_out[0][15]
                            (output port)
  Path Group:             (none)
  Path Type:              Max at Slow Process Corner
  Data Path Delay:        3.794ns  (logic 3.359ns (88.549%)  route 0.434ns (11.451%))
  Logic Levels:           2  (OBUF=1 RAMB36E1=1)

    Location             Delay type                Incr(ns)  Path(ns)    Netlist Resource(s)
  -------------------------------------------------------------------    -------------------
                         RAMB36E1                     0.000     0.000 r  rom_out_reg[0]_1/CLKARDCLK
                         RAMB36E1 (Prop_ramb36e1_CLKARDCLK_DOADO[7])
                                                      1.564     1.564 r  rom_out_reg[0]_1/DOADO[7]
                         net (fo=1, unplaced)         0.434     1.998    rom_out[0]_OBUF[15]
                         OBUF (Prop_obuf_I_O)         1.795     3.794 r  rom_out[0][15]_INST_0/O
                         net (fo=0)                   0.000     3.794    rom_out[0][15]
                                                                      r  rom_out[0][15] (OUT)
  -------------------------------------------------------------------    -------------------

Slack:                    inf
  Source:                 rom_out_reg[0]_0/CLKARDCLK
                            (rising edge-triggered cell RAMB36E1)
  Destination:            rom_out[0][1]
                            (output port)
  Path Group:             (none)
  Path Type:              Max at Slow Process Corner
  Data Path Delay:        3.794ns  (logic 3.359ns (88.549%)  route 0.434ns (11.451%))
  Logic Levels:           2  (OBUF=1 RAMB36E1=1)

    Location             Delay type                Incr(ns)  Path(ns)    Netlist Resource(s)
  -------------------------------------------------------------------    -------------------
                         RAMB36E1                     0.000     0.000 r  rom_out_reg[0]_0/CLKARDCLK
                         RAMB36E1 (Prop_ramb36e1_CLKARDCLK_DOADO[1])
                                                      1.564     1.564 r  rom_out_reg[0]_0/DOADO[1]
                         net (fo=1, unplaced)         0.434     1.998    rom_out[0]_OBUF[1]
                         OBUF (Prop_obuf_I_O)         1.795     3.794 r  rom_out[0][1]_INST_0/O
                         net (fo=0)                   0.000     3.794    rom_out[0][1]
                                                                      r  rom_out[0][1] (OUT)
  -------------------------------------------------------------------    -------------------

Slack:                    inf
  Source:                 rom_out_reg[0]_0/CLKARDCLK
                            (rising edge-triggered cell RAMB36E1)
  Destination:            rom_out[0][2]
                            (output port)
  Path Group:             (none)
  Path Type:              Max at Slow Process Corner
  Data Path Delay:        3.794ns  (logic 3.359ns (88.549%)  route 0.434ns (11.451%))
  Logic Levels:           2  (OBUF=1 RAMB36E1=1)

    Location             Delay type                Incr(ns)  Path(ns)    Netlist Resource(s)
  -------------------------------------------------------------------    -------------------
                         RAMB36E1                     0.000     0.000 r  rom_out_reg[0]_0/CLKARDCLK
                         RAMB36E1 (Prop_ramb36e1_CLKARDCLK_DOADO[2])
                                                      1.564     1.564 r  rom_out_reg[0]_0/DOADO[2]
                         net (fo=1, unplaced)         0.434     1.998    rom_out[0]_OBUF[2]
                         OBUF (Prop_obuf_I_O)         1.795     3.794 r  rom_out[0][2]_INST_0/O
                         net (fo=0)                   0.000     3.794    rom_out[0][2]
                                                                      r  rom_out[0][2] (OUT)
  -------------------------------------------------------------------    -------------------

Slack:                    inf
  Source:                 rom_out_reg[0]_0/CLKARDCLK
                            (rising edge-triggered cell RAMB36E1)
  Destination:            rom_out[0][3]
                            (output port)
  Path Group:             (none)
  Path Type:              Max at Slow Process Corner
  Data Path Delay:        3.794ns  (logic 3.359ns (88.549%)  route 0.434ns (11.451%))
  Logic Levels:           2  (OBUF=1 RAMB36E1=1)

    Location             Delay type                Incr(ns)  Path(ns)    Netlist Resource(s)
  -------------------------------------------------------------------    -------------------
                         RAMB36E1                     0.000     0.000 r  rom_out_reg[0]_0/CLKARDCLK
                         RAMB36E1 (Prop_ramb36e1_CLKARDCLK_DOADO[3])
                                                      1.564     1.564 r  rom_out_reg[0]_0/DOADO[3]
                         net (fo=1, unplaced)         0.434     1.998    rom_out[0]_OBUF[3]
                         OBUF (Prop_obuf_I_O)         1.795     3.794 r  rom_out[0][3]_INST_0/O
                         net (fo=0)                   0.000     3.794    rom_out[0][3]
                                                                      r  rom_out[0][3] (OUT)
  -------------------------------------------------------------------    -------------------

Slack:                    inf
  Source:                 rom_out_reg[0]_0/CLKARDCLK
                            (rising edge-triggered cell RAMB36E1)
  Destination:            rom_out[0][4]
                            (output port)
  Path Group:             (none)
  Path Type:              Max at Slow Process Corner
  Data Path Delay:        3.794ns  (logic 3.359ns (88.549%)  route 0.434ns (11.451%))
  Logic Levels:           2  (OBUF=1 RAMB36E1=1)

    Location             Delay type                Incr(ns)  Path(ns)    Netlist Resource(s)
  -------------------------------------------------------------------    -------------------
                         RAMB36E1                     0.000     0.000 r  rom_out_reg[0]_0/CLKARDCLK
                         RAMB36E1 (Prop_ramb36e1_CLKARDCLK_DOADO[4])
                                                      1.564     1.564 r  rom_out_reg[0]_0/DOADO[4]
                         net (fo=1, unplaced)         0.434     1.998    rom_out[0]_OBUF[4]
                         OBUF (Prop_obuf_I_O)         1.795     3.794 r  rom_out[0][4]_INST_0/O
                         net (fo=0)                   0.000     3.794    rom_out[0][4]
                                                                      r  rom_out[0][4] (OUT)
  -------------------------------------------------------------------    -------------------

Slack:                    inf
  Source:                 rom_out_reg[0]_0/CLKARDCLK
                            (rising edge-triggered cell RAMB36E1)
  Destination:            rom_out[0][5]
                            (output port)
  Path Group:             (none)
  Path Type:              Max at Slow Process Corner
  Data Path Delay:        3.794ns  (logic 3.359ns (88.549%)  route 0.434ns (11.451%))
  Logic Levels:           2  (OBUF=1 RAMB36E1=1)

    Location             Delay type                Incr(ns)  Path(ns)    Netlist Resource(s)
  -------------------------------------------------------------------    -------------------
                         RAMB36E1                     0.000     0.000 r  rom_out_reg[0]_0/CLKARDCLK
                         RAMB36E1 (Prop_ramb36e1_CLKARDCLK_DOADO[5])
                                                      1.564     1.564 r  rom_out_reg[0]_0/DOADO[5]
                         net (fo=1, unplaced)         0.434     1.998    rom_out[0]_OBUF[5]
                         OBUF (Prop_obuf_I_O)         1.795     3.794 r  rom_out[0][5]_INST_0/O
                         net (fo=0)                   0.000     3.794    rom_out[0][5]
                                                                      r  rom_out[0][5] (OUT)
  -------------------------------------------------------------------    -------------------

Slack:                    inf
  Source:                 rom_out_reg[0]_0/CLKARDCLK
                            (rising edge-triggered cell RAMB36E1)
  Destination:            rom_out[0][6]
                            (output port)
  Path Group:             (none)
  Path Type:              Max at Slow Process Corner
  Data Path Delay:        3.794ns  (logic 3.359ns (88.549%)  route 0.434ns (11.451%))
  Logic Levels:           2  (OBUF=1 RAMB36E1=1)

    Location             Delay type                Incr(ns)  Path(ns)    Netlist Resource(s)
  -------------------------------------------------------------------    -------------------
                         RAMB36E1                     0.000     0.000 r  rom_out_reg[0]_0/CLKARDCLK
                         RAMB36E1 (Prop_ramb36e1_CLKARDCLK_DOADO[6])
                                                      1.564     1.564 r  rom_out_reg[0]_0/DOADO[6]
                         net (fo=1, unplaced)         0.434     1.998    rom_out[0]_OBUF[6]
                         OBUF (Prop_obuf_I_O)         1.795     3.794 r  rom_out[0][6]_INST_0/O
                         net (fo=0)                   0.000     3.794    rom_out[0][6]
                                                                      r  rom_out[0][6] (OUT)
  -------------------------------------------------------------------    -------------------

Slack:                    inf
  Source:                 rom_out_reg[0]_0/CLKARDCLK
                            (rising edge-triggered cell RAMB36E1)
  Destination:            rom_out[0][7]
                            (output port)
  Path Group:             (none)
  Path Type:              Max at Slow Process Corner
  Data Path Delay:        3.794ns  (logic 3.359ns (88.549%)  route 0.434ns (11.451%))
  Logic Levels:           2  (OBUF=1 RAMB36E1=1)

    Location             Delay type                Incr(ns)  Path(ns)    Netlist Resource(s)
  -------------------------------------------------------------------    -------------------
                         RAMB36E1                     0.000     0.000 r  rom_out_reg[0]_0/CLKARDCLK
                         RAMB36E1 (Prop_ramb36e1_CLKARDCLK_DOADO[7])
                                                      1.564     1.564 r  rom_out_reg[0]_0/DOADO[7]
                         net (fo=1, unplaced)         0.434     1.998    rom_out[0]_OBUF[7]
                         OBUF (Prop_obuf_I_O)         1.795     3.794 r  rom_out[0][7]_INST_0/O
                         net (fo=0)                   0.000     3.794    rom_out[0][7]
                                                                      r  rom_out[0][7] (OUT)
  -------------------------------------------------------------------    -------------------

Slack:                    inf
  Source:                 rom_out_reg[0]_1/CLKARDCLK
                            (rising edge-triggered cell RAMB36E1)
  Destination:            rom_out[0][8]
                            (output port)
  Path Group:             (none)
  Path Type:              Max at Slow Process Corner
  Data Path Delay:        3.794ns  (logic 3.359ns (88.549%)  route 0.434ns (11.451%))
  Logic Levels:           2  (OBUF=1 RAMB36E1=1)

    Location             Delay type                Incr(ns)  Path(ns)    Netlist Resource(s)
  -------------------------------------------------------------------    -------------------
                         RAMB36E1                     0.000     0.000 r  rom_out_reg[0]_1/CLKARDCLK
                         RAMB36E1 (Prop_ramb36e1_CLKARDCLK_DOADO[0])
                                                      1.564     1.564 r  rom_out_reg[0]_1/DOADO[0]
                         net (fo=1, unplaced)         0.434     1.998    rom_out[0]_OBUF[8]
                         OBUF (Prop_obuf_I_O)         1.795     3.794 r  rom_out[0][8]_INST_0/O
                         net (fo=0)                   0.000     3.794    rom_out[0][8]
                                                                      r  rom_out[0][8] (OUT)
  -------------------------------------------------------------------    -------------------

Slack:                    inf
  Source:                 rom_out_reg[0]_1/CLKARDCLK
                            (rising edge-triggered cell RAMB36E1)
  Destination:            rom_out[0][9]
                            (output port)
  Path Group:             (none)
  Path Type:              Max at Slow Process Corner
  Data Path Delay:        3.794ns  (logic 3.359ns (88.549%)  route 0.434ns (11.451%))
  Logic Levels:           2  (OBUF=1 RAMB36E1=1)

    Location             Delay type                Incr(ns)  Path(ns)    Netlist Resource(s)
  -------------------------------------------------------------------    -------------------
                         RAMB36E1                     0.000     0.000 r  rom_out_reg[0]_1/CLKARDCLK
                         RAMB36E1 (Prop_ramb36e1_CLKARDCLK_DOADO[1])
                                                      1.564     1.564 r  rom_out_reg[0]_1/DOADO[1]
                         net (fo=1, unplaced)         0.434     1.998    rom_out[0]_OBUF[9]
                         OBUF (Prop_obuf_I_O)         1.795     3.794 r  rom_out[0][9]_INST_0/O
                         net (fo=0)                   0.000     3.794    rom_out[0][9]
                                                                      r  rom_out[0][9] (OUT)
  -------------------------------------------------------------------    -------------------

Slack:                    inf
  Source:                 rom_out_reg[100]_0/CLKARDCLK
                            (rising edge-triggered cell RAMB36E1)
  Destination:            rom_out[100][0]
                            (output port)
  Path Group:             (none)
  Path Type:              Max at Slow Process Corner
  Data Path Delay:        3.794ns  (logic 3.359ns (88.549%)  route 0.434ns (11.451%))
  Logic Levels:           2  (OBUF=1 RAMB36E1=1)

    Location             Delay type                Incr(ns)  Path(ns)    Netlist Resource(s)
  -------------------------------------------------------------------    -------------------
                         RAMB36E1                     0.000     0.000 r  rom_out_reg[100]_0/CLKARDCLK
                         RAMB36E1 (Prop_ramb36e1_CLKARDCLK_DOADO[0])
                                                      1.564     1.564 r  rom_out_reg[100]_0/DOADO[0]
                         net (fo=1, unplaced)         0.434     1.998    rom_out[100]_OBUF[0]
                         OBUF (Prop_obuf_I_O)         1.795     3.794 r  rom_out[100][0]_INST_0/O
                         net (fo=0)                   0.000     3.794    rom_out[100][0]
                                                                      r  rom_out[100][0] (OUT)
  -------------------------------------------------------------------    -------------------

Slack:                    inf
  Source:                 rom_out_reg[100]_1/CLKARDCLK
                            (rising edge-triggered cell RAMB36E1)
  Destination:            rom_out[100][10]
                            (output port)
  Path Group:             (none)
  Path Type:              Max at Slow Process Corner
  Data Path Delay:        3.794ns  (logic 3.359ns (88.549%)  route 0.434ns (11.451%))
  Logic Levels:           2  (OBUF=1 RAMB36E1=1)

    Location             Delay type                Incr(ns)  Path(ns)    Netlist Resource(s)
  -------------------------------------------------------------------    -------------------
                         RAMB36E1                     0.000     0.000 r  rom_out_reg[100]_1/CLKARDCLK
                         RAMB36E1 (Prop_ramb36e1_CLKARDCLK_DOADO[2])
                                                      1.564     1.564 r  rom_out_reg[100]_1/DOADO[2]
                         net (fo=1, unplaced)         0.434     1.998    rom_out[100]_OBUF[10]
                         OBUF (Prop_obuf_I_O)         1.795     3.794 r  rom_out[100][10]_INST_0/O
                         net (fo=0)                   0.000     3.794    rom_out[100][10]
                                                                      r  rom_out[100][10] (OUT)
  -------------------------------------------------------------------    -------------------

Slack:                    inf
  Source:                 rom_out_reg[100]_1/CLKARDCLK
                            (rising edge-triggered cell RAMB36E1)
  Destination:            rom_out[100][11]
                            (output port)
  Path Group:             (none)
  Path Type:              Max at Slow Process Corner
  Data Path Delay:        3.794ns  (logic 3.359ns (88.549%)  route 0.434ns (11.451%))
  Logic Levels:           2  (OBUF=1 RAMB36E1=1)

    Location             Delay type                Incr(ns)  Path(ns)    Netlist Resource(s)
  -------------------------------------------------------------------    -------------------
                         RAMB36E1                     0.000     0.000 r  rom_out_reg[100]_1/CLKARDCLK
                         RAMB36E1 (Prop_ramb36e1_CLKARDCLK_DOADO[3])
                                                      1.564     1.564 r  rom_out_reg[100]_1/DOADO[3]
                         net (fo=1, unplaced)         0.434     1.998    rom_out[100]_OBUF[11]
                         OBUF (Prop_obuf_I_O)         1.795     3.794 r  rom_out[100][11]_INST_0/O
                         net (fo=0)                   0.000     3.794    rom_out[100][11]
                                                                      r  rom_out[100][11] (OUT)
  -------------------------------------------------------------------    -------------------

Slack:                    inf
  Source:                 rom_out_reg[100]_1/CLKARDCLK
                            (rising edge-triggered cell RAMB36E1)
  Destination:            rom_out[100][12]
                            (output port)
  Path Group:             (none)
  Path Type:              Max at Slow Process Corner
  Data Path Delay:        3.794ns  (logic 3.359ns (88.549%)  route 0.434ns (11.451%))
  Logic Levels:           2  (OBUF=1 RAMB36E1=1)

    Location             Delay type                Incr(ns)  Path(ns)    Netlist Resource(s)
  -------------------------------------------------------------------    -------------------
                         RAMB36E1                     0.000     0.000 r  rom_out_reg[100]_1/CLKARDCLK
                         RAMB36E1 (Prop_ramb36e1_CLKARDCLK_DOADO[4])
                                                      1.564     1.564 r  rom_out_reg[100]_1/DOADO[4]
                         net (fo=1, unplaced)         0.434     1.998    rom_out[100]_OBUF[12]
                         OBUF (Prop_obuf_I_O)         1.795     3.794 r  rom_out[100][12]_INST_0/O
                         net (fo=0)                   0.000     3.794    rom_out[100][12]
                                                                      r  rom_out[100][12] (OUT)
  -------------------------------------------------------------------    -------------------

Slack:                    inf
  Source:                 rom_out_reg[100]_1/CLKARDCLK
                            (rising edge-triggered cell RAMB36E1)
  Destination:            rom_out[100][13]
                            (output port)
  Path Group:             (none)
  Path Type:              Max at Slow Process Corner
  Data Path Delay:        3.794ns  (logic 3.359ns (88.549%)  route 0.434ns (11.451%))
  Logic Levels:           2  (OBUF=1 RAMB36E1=1)

    Location             Delay type                Incr(ns)  Path(ns)    Netlist Resource(s)
  -------------------------------------------------------------------    -------------------
                         RAMB36E1                     0.000     0.000 r  rom_out_reg[100]_1/CLKARDCLK
                         RAMB36E1 (Prop_ramb36e1_CLKARDCLK_DOADO[5])
                                                      1.564     1.564 r  rom_out_reg[100]_1/DOADO[5]
                         net (fo=1, unplaced)         0.434     1.998    rom_out[100]_OBUF[13]
                         OBUF (Prop_obuf_I_O)         1.795     3.794 r  rom_out[100][13]_INST_0/O
                         net (fo=0)                   0.000     3.794    rom_out[100][13]
                                                                      r  rom_out[100][13] (OUT)
  -------------------------------------------------------------------    -------------------

Slack:                    inf
  Source:                 rom_out_reg[100]_1/CLKARDCLK
                            (rising edge-triggered cell RAMB36E1)
  Destination:            rom_out[100][14]
                            (output port)
  Path Group:             (none)
  Path Type:              Max at Slow Process Corner
  Data Path Delay:        3.794ns  (logic 3.359ns (88.549%)  route 0.434ns (11.451%))
  Logic Levels:           2  (OBUF=1 RAMB36E1=1)

    Location             Delay type                Incr(ns)  Path(ns)    Netlist Resource(s)
  -------------------------------------------------------------------    -------------------
                         RAMB36E1                     0.000     0.000 r  rom_out_reg[100]_1/CLKARDCLK
                         RAMB36E1 (Prop_ramb36e1_CLKARDCLK_DOADO[6])
                                                      1.564     1.564 r  rom_out_reg[100]_1/DOADO[6]
                         net (fo=1, unplaced)         0.434     1.998    rom_out[100]_OBUF[14]
                         OBUF (Prop_obuf_I_O)         1.795     3.794 r  rom_out[100][14]_INST_0/O
                         net (fo=0)                   0.000     3.794    rom_out[100][14]
                                                                      r  rom_out[100][14] (OUT)
  -------------------------------------------------------------------    -------------------

Slack:                    inf
  Source:                 rom_out_reg[100]_1/CLKARDCLK
                            (rising edge-triggered cell RAMB36E1)
  Destination:            rom_out[100][15]
                            (output port)
  Path Group:             (none)
  Path Type:              Max at Slow Process Corner
  Data Path Delay:        3.794ns  (logic 3.359ns (88.549%)  route 0.434ns (11.451%))
  Logic Levels:           2  (OBUF=1 RAMB36E1=1)

    Location             Delay type                Incr(ns)  Path(ns)    Netlist Resource(s)
  -------------------------------------------------------------------    -------------------
                         RAMB36E1                     0.000     0.000 r  rom_out_reg[100]_1/CLKARDCLK
                         RAMB36E1 (Prop_ramb36e1_CLKARDCLK_DOADO[7])
                                                      1.564     1.564 r  rom_out_reg[100]_1/DOADO[7]
                         net (fo=1, unplaced)         0.434     1.998    rom_out[100]_OBUF[15]
                         OBUF (Prop_obuf_I_O)         1.795     3.794 r  rom_out[100][15]_INST_0/O
                         net (fo=0)                   0.000     3.794    rom_out[100][15]
                                                                      r  rom_out[100][15] (OUT)
  -------------------------------------------------------------------    -------------------

Slack:                    inf
  Source:                 rom_out_reg[100]_0/CLKARDCLK
                            (rising edge-triggered cell RAMB36E1)
  Destination:            rom_out[100][1]
                            (output port)
  Path Group:             (none)
  Path Type:              Max at Slow Process Corner
  Data Path Delay:        3.794ns  (logic 3.359ns (88.549%)  route 0.434ns (11.451%))
  Logic Levels:           2  (OBUF=1 RAMB36E1=1)

    Location             Delay type                Incr(ns)  Path(ns)    Netlist Resource(s)
  -------------------------------------------------------------------    -------------------
                         RAMB36E1                     0.000     0.000 r  rom_out_reg[100]_0/CLKARDCLK
                         RAMB36E1 (Prop_ramb36e1_CLKARDCLK_DOADO[1])
                                                      1.564     1.564 r  rom_out_reg[100]_0/DOADO[1]
                         net (fo=1, unplaced)         0.434     1.998    rom_out[100]_OBUF[1]
                         OBUF (Prop_obuf_I_O)         1.795     3.794 r  rom_out[100][1]_INST_0/O
                         net (fo=0)                   0.000     3.794    rom_out[100][1]
                                                                      r  rom_out[100][1] (OUT)
  -------------------------------------------------------------------    -------------------

Slack:                    inf
  Source:                 rom_out_reg[100]_0/CLKARDCLK
                            (rising edge-triggered cell RAMB36E1)
  Destination:            rom_out[100][2]
                            (output port)
  Path Group:             (none)
  Path Type:              Max at Slow Process Corner
  Data Path Delay:        3.794ns  (logic 3.359ns (88.549%)  route 0.434ns (11.451%))
  Logic Levels:           2  (OBUF=1 RAMB36E1=1)

    Location             Delay type                Incr(ns)  Path(ns)    Netlist Resource(s)
  -------------------------------------------------------------------    -------------------
                         RAMB36E1                     0.000     0.000 r  rom_out_reg[100]_0/CLKARDCLK
                         RAMB36E1 (Prop_ramb36e1_CLKARDCLK_DOADO[2])
                                                      1.564     1.564 r  rom_out_reg[100]_0/DOADO[2]
                         net (fo=1, unplaced)         0.434     1.998    rom_out[100]_OBUF[2]
                         OBUF (Prop_obuf_I_O)         1.795     3.794 r  rom_out[100][2]_INST_0/O
                         net (fo=0)                   0.000     3.794    rom_out[100][2]
                                                                      r  rom_out[100][2] (OUT)
  -------------------------------------------------------------------    -------------------

Slack:                    inf
  Source:                 rom_out_reg[100]_0/CLKARDCLK
                            (rising edge-triggered cell RAMB36E1)
  Destination:            rom_out[100][3]
                            (output port)
  Path Group:             (none)
  Path Type:              Max at Slow Process Corner
  Data Path Delay:        3.794ns  (logic 3.359ns (88.549%)  route 0.434ns (11.451%))
  Logic Levels:           2  (OBUF=1 RAMB36E1=1)

    Location             Delay type                Incr(ns)  Path(ns)    Netlist Resource(s)
  -------------------------------------------------------------------    -------------------
                         RAMB36E1                     0.000     0.000 r  rom_out_reg[100]_0/CLKARDCLK
                         RAMB36E1 (Prop_ramb36e1_CLKARDCLK_DOADO[3])
                                                      1.564     1.564 r  rom_out_reg[100]_0/DOADO[3]
                         net (fo=1, unplaced)         0.434     1.998    rom_out[100]_OBUF[3]
                         OBUF (Prop_obuf_I_O)         1.795     3.794 r  rom_out[100][3]_INST_0/O
                         net (fo=0)                   0.000     3.794    rom_out[100][3]
                                                                      r  rom_out[100][3] (OUT)
  -------------------------------------------------------------------    -------------------

Slack:                    inf
  Source:                 rom_out_reg[100]_0/CLKARDCLK
                            (rising edge-triggered cell RAMB36E1)
  Destination:            rom_out[100][4]
                            (output port)
  Path Group:             (none)
  Path Type:              Max at Slow Process Corner
  Data Path Delay:        3.794ns  (logic 3.359ns (88.549%)  route 0.434ns (11.451%))
  Logic Levels:           2  (OBUF=1 RAMB36E1=1)

    Location             Delay type                Incr(ns)  Path(ns)    Netlist Resource(s)
  -------------------------------------------------------------------    -------------------
                         RAMB36E1                     0.000     0.000 r  rom_out_reg[100]_0/CLKARDCLK
                         RAMB36E1 (Prop_ramb36e1_CLKARDCLK_DOADO[4])
                                                      1.564     1.564 r  rom_out_reg[100]_0/DOADO[4]
                         net (fo=1, unplaced)         0.434     1.998    rom_out[100]_OBUF[4]
                         OBUF (Prop_obuf_I_O)         1.795     3.794 r  rom_out[100][4]_INST_0/O
                         net (fo=0)                   0.000     3.794    rom_out[100][4]
                                                                      r  rom_out[100][4] (OUT)
  -------------------------------------------------------------------    -------------------

Slack:                    inf
  Source:                 rom_out_reg[100]_0/CLKARDCLK
                            (rising edge-triggered cell RAMB36E1)
  Destination:            rom_out[100][5]
                            (output port)
  Path Group:             (none)
  Path Type:              Max at Slow Process Corner
  Data Path Delay:        3.794ns  (logic 3.359ns (88.549%)  route 0.434ns (11.451%))
  Logic Levels:           2  (OBUF=1 RAMB36E1=1)

    Location             Delay type                Incr(ns)  Path(ns)    Netlist Resource(s)
  -------------------------------------------------------------------    -------------------
                         RAMB36E1                     0.000     0.000 r  rom_out_reg[100]_0/CLKARDCLK
                         RAMB36E1 (Prop_ramb36e1_CLKARDCLK_DOADO[5])
                                                      1.564     1.564 r  rom_out_reg[100]_0/DOADO[5]
                         net (fo=1, unplaced)         0.434     1.998    rom_out[100]_OBUF[5]
                         OBUF (Prop_obuf_I_O)         1.795     3.794 r  rom_out[100][5]_INST_0/O
                         net (fo=0)                   0.000     3.794    rom_out[100][5]
                                                                      r  rom_out[100][5] (OUT)
  -------------------------------------------------------------------    -------------------

Slack:                    inf
  Source:                 rom_out_reg[100]_0/CLKARDCLK
                            (rising edge-triggered cell RAMB36E1)
  Destination:            rom_out[100][6]
                            (output port)
  Path Group:             (none)
  Path Type:              Max at Slow Process Corner
  Data Path Delay:        3.794ns  (logic 3.359ns (88.549%)  route 0.434ns (11.451%))
  Logic Levels:           2  (OBUF=1 RAMB36E1=1)

    Location             Delay type                Incr(ns)  Path(ns)    Netlist Resource(s)
  -------------------------------------------------------------------    -------------------
                         RAMB36E1                     0.000     0.000 r  rom_out_reg[100]_0/CLKARDCLK
                         RAMB36E1 (Prop_ramb36e1_CLKARDCLK_DOADO[6])
                                                      1.564     1.564 r  rom_out_reg[100]_0/DOADO[6]
                         net (fo=1, unplaced)         0.434     1.998    rom_out[100]_OBUF[6]
                         OBUF (Prop_obuf_I_O)         1.795     3.794 r  rom_out[100][6]_INST_0/O
                         net (fo=0)                   0.000     3.794    rom_out[100][6]
                                                                      r  rom_out[100][6] (OUT)
  -------------------------------------------------------------------    -------------------

Slack:                    inf
  Source:                 rom_out_reg[100]_0/CLKARDCLK
                            (rising edge-triggered cell RAMB36E1)
  Destination:            rom_out[100][7]
                            (output port)
  Path Group:             (none)
  Path Type:              Max at Slow Process Corner
  Data Path Delay:        3.794ns  (logic 3.359ns (88.549%)  route 0.434ns (11.451%))
  Logic Levels:           2  (OBUF=1 RAMB36E1=1)

    Location             Delay type                Incr(ns)  Path(ns)    Netlist Resource(s)
  -------------------------------------------------------------------    -------------------
                         RAMB36E1                     0.000     0.000 r  rom_out_reg[100]_0/CLKARDCLK
                         RAMB36E1 (Prop_ramb36e1_CLKARDCLK_DOADO[7])
                                                      1.564     1.564 r  rom_out_reg[100]_0/DOADO[7]
                         net (fo=1, unplaced)         0.434     1.998    rom_out[100]_OBUF[7]
                         OBUF (Prop_obuf_I_O)         1.795     3.794 r  rom_out[100][7]_INST_0/O
                         net (fo=0)                   0.000     3.794    rom_out[100][7]
                                                                      r  rom_out[100][7] (OUT)
  -------------------------------------------------------------------    -------------------

Slack:                    inf
  Source:                 rom_out_reg[100]_1/CLKARDCLK
                            (rising edge-triggered cell RAMB36E1)
  Destination:            rom_out[100][8]
                            (output port)
  Path Group:             (none)
  Path Type:              Max at Slow Process Corner
  Data Path Delay:        3.794ns  (logic 3.359ns (88.549%)  route 0.434ns (11.451%))
  Logic Levels:           2  (OBUF=1 RAMB36E1=1)

    Location             Delay type                Incr(ns)  Path(ns)    Netlist Resource(s)
  -------------------------------------------------------------------    -------------------
                         RAMB36E1                     0.000     0.000 r  rom_out_reg[100]_1/CLKARDCLK
                         RAMB36E1 (Prop_ramb36e1_CLKARDCLK_DOADO[0])
                                                      1.564     1.564 r  rom_out_reg[100]_1/DOADO[0]
                         net (fo=1, unplaced)         0.434     1.998    rom_out[100]_OBUF[8]
                         OBUF (Prop_obuf_I_O)         1.795     3.794 r  rom_out[100][8]_INST_0/O
                         net (fo=0)                   0.000     3.794    rom_out[100][8]
                                                                      r  rom_out[100][8] (OUT)
  -------------------------------------------------------------------    -------------------

Slack:                    inf
  Source:                 rom_out_reg[100]_1/CLKARDCLK
                            (rising edge-triggered cell RAMB36E1)
  Destination:            rom_out[100][9]
                            (output port)
  Path Group:             (none)
  Path Type:              Max at Slow Process Corner
  Data Path Delay:        3.794ns  (logic 3.359ns (88.549%)  route 0.434ns (11.451%))
  Logic Levels:           2  (OBUF=1 RAMB36E1=1)

    Location             Delay type                Incr(ns)  Path(ns)    Netlist Resource(s)
  -------------------------------------------------------------------    -------------------
                         RAMB36E1                     0.000     0.000 r  rom_out_reg[100]_1/CLKARDCLK
                         RAMB36E1 (Prop_ramb36e1_CLKARDCLK_DOADO[1])
                                                      1.564     1.564 r  rom_out_reg[100]_1/DOADO[1]
                         net (fo=1, unplaced)         0.434     1.998    rom_out[100]_OBUF[9]
                         OBUF (Prop_obuf_I_O)         1.795     3.794 r  rom_out[100][9]_INST_0/O
                         net (fo=0)                   0.000     3.794    rom_out[100][9]
                                                                      r  rom_out[100][9] (OUT)
  -------------------------------------------------------------------    -------------------

Slack:                    inf
  Source:                 rom_out_reg[101]_0/CLKARDCLK
                            (rising edge-triggered cell RAMB36E1)
  Destination:            rom_out[101][0]
                            (output port)
  Path Group:             (none)
  Path Type:              Max at Slow Process Corner
  Data Path Delay:        3.794ns  (logic 3.359ns (88.549%)  route 0.434ns (11.451%))
  Logic Levels:           2  (OBUF=1 RAMB36E1=1)

    Location             Delay type                Incr(ns)  Path(ns)    Netlist Resource(s)
  -------------------------------------------------------------------    -------------------
                         RAMB36E1                     0.000     0.000 r  rom_out_reg[101]_0/CLKARDCLK
                         RAMB36E1 (Prop_ramb36e1_CLKARDCLK_DOADO[0])
                                                      1.564     1.564 r  rom_out_reg[101]_0/DOADO[0]
                         net (fo=1, unplaced)         0.434     1.998    rom_out[101]_OBUF[0]
                         OBUF (Prop_obuf_I_O)         1.795     3.794 r  rom_out[101][0]_INST_0/O
                         net (fo=0)                   0.000     3.794    rom_out[101][0]
                                                                      r  rom_out[101][0] (OUT)
  -------------------------------------------------------------------    -------------------

Slack:                    inf
  Source:                 rom_out_reg[101]_1/CLKARDCLK
                            (rising edge-triggered cell RAMB36E1)
  Destination:            rom_out[101][10]
                            (output port)
  Path Group:             (none)
  Path Type:              Max at Slow Process Corner
  Data Path Delay:        3.794ns  (logic 3.359ns (88.549%)  route 0.434ns (11.451%))
  Logic Levels:           2  (OBUF=1 RAMB36E1=1)

    Location             Delay type                Incr(ns)  Path(ns)    Netlist Resource(s)
  -------------------------------------------------------------------    -------------------
                         RAMB36E1                     0.000     0.000 r  rom_out_reg[101]_1/CLKARDCLK
                         RAMB36E1 (Prop_ramb36e1_CLKARDCLK_DOADO[2])
                                                      1.564     1.564 r  rom_out_reg[101]_1/DOADO[2]
                         net (fo=1, unplaced)         0.434     1.998    rom_out[101]_OBUF[10]
                         OBUF (Prop_obuf_I_O)         1.795     3.794 r  rom_out[101][10]_INST_0/O
                         net (fo=0)                   0.000     3.794    rom_out[101][10]
                                                                      r  rom_out[101][10] (OUT)
  -------------------------------------------------------------------    -------------------

Slack:                    inf
  Source:                 rom_out_reg[101]_1/CLKARDCLK
                            (rising edge-triggered cell RAMB36E1)
  Destination:            rom_out[101][11]
                            (output port)
  Path Group:             (none)
  Path Type:              Max at Slow Process Corner
  Data Path Delay:        3.794ns  (logic 3.359ns (88.549%)  route 0.434ns (11.451%))
  Logic Levels:           2  (OBUF=1 RAMB36E1=1)

    Location             Delay type                Incr(ns)  Path(ns)    Netlist Resource(s)
  -------------------------------------------------------------------    -------------------
                         RAMB36E1                     0.000     0.000 r  rom_out_reg[101]_1/CLKARDCLK
                         RAMB36E1 (Prop_ramb36e1_CLKARDCLK_DOADO[3])
                                                      1.564     1.564 r  rom_out_reg[101]_1/DOADO[3]
                         net (fo=1, unplaced)         0.434     1.998    rom_out[101]_OBUF[11]
                         OBUF (Prop_obuf_I_O)         1.795     3.794 r  rom_out[101][11]_INST_0/O
                         net (fo=0)                   0.000     3.794    rom_out[101][11]
                                                                      r  rom_out[101][11] (OUT)
  -------------------------------------------------------------------    -------------------

Slack:                    inf
  Source:                 rom_out_reg[101]_1/CLKARDCLK
                            (rising edge-triggered cell RAMB36E1)
  Destination:            rom_out[101][12]
                            (output port)
  Path Group:             (none)
  Path Type:              Max at Slow Process Corner
  Data Path Delay:        3.794ns  (logic 3.359ns (88.549%)  route 0.434ns (11.451%))
  Logic Levels:           2  (OBUF=1 RAMB36E1=1)

    Location             Delay type                Incr(ns)  Path(ns)    Netlist Resource(s)
  -------------------------------------------------------------------    -------------------
                         RAMB36E1                     0.000     0.000 r  rom_out_reg[101]_1/CLKARDCLK
                         RAMB36E1 (Prop_ramb36e1_CLKARDCLK_DOADO[4])
                                                      1.564     1.564 r  rom_out_reg[101]_1/DOADO[4]
                         net (fo=1, unplaced)         0.434     1.998    rom_out[101]_OBUF[12]
                         OBUF (Prop_obuf_I_O)         1.795     3.794 r  rom_out[101][12]_INST_0/O
                         net (fo=0)                   0.000     3.794    rom_out[101][12]
                                                                      r  rom_out[101][12] (OUT)
  -------------------------------------------------------------------    -------------------

Slack:                    inf
  Source:                 rom_out_reg[101]_1/CLKARDCLK
                            (rising edge-triggered cell RAMB36E1)
  Destination:            rom_out[101][13]
                            (output port)
  Path Group:             (none)
  Path Type:              Max at Slow Process Corner
  Data Path Delay:        3.794ns  (logic 3.359ns (88.549%)  route 0.434ns (11.451%))
  Logic Levels:           2  (OBUF=1 RAMB36E1=1)

    Location             Delay type                Incr(ns)  Path(ns)    Netlist Resource(s)
  -------------------------------------------------------------------    -------------------
                         RAMB36E1                     0.000     0.000 r  rom_out_reg[101]_1/CLKARDCLK
                         RAMB36E1 (Prop_ramb36e1_CLKARDCLK_DOADO[5])
                                                      1.564     1.564 r  rom_out_reg[101]_1/DOADO[5]
                         net (fo=1, unplaced)         0.434     1.998    rom_out[101]_OBUF[13]
                         OBUF (Prop_obuf_I_O)         1.795     3.794 r  rom_out[101][13]_INST_0/O
                         net (fo=0)                   0.000     3.794    rom_out[101][13]
                                                                      r  rom_out[101][13] (OUT)
  -------------------------------------------------------------------    -------------------

Slack:                    inf
  Source:                 rom_out_reg[101]_1/CLKARDCLK
                            (rising edge-triggered cell RAMB36E1)
  Destination:            rom_out[101][14]
                            (output port)
  Path Group:             (none)
  Path Type:              Max at Slow Process Corner
  Data Path Delay:        3.794ns  (logic 3.359ns (88.549%)  route 0.434ns (11.451%))
  Logic Levels:           2  (OBUF=1 RAMB36E1=1)

    Location             Delay type                Incr(ns)  Path(ns)    Netlist Resource(s)
  -------------------------------------------------------------------    -------------------
                         RAMB36E1                     0.000     0.000 r  rom_out_reg[101]_1/CLKARDCLK
                         RAMB36E1 (Prop_ramb36e1_CLKARDCLK_DOADO[6])
                                                      1.564     1.564 r  rom_out_reg[101]_1/DOADO[6]
                         net (fo=1, unplaced)         0.434     1.998    rom_out[101]_OBUF[14]
                         OBUF (Prop_obuf_I_O)         1.795     3.794 r  rom_out[101][14]_INST_0/O
                         net (fo=0)                   0.000     3.794    rom_out[101][14]
                                                                      r  rom_out[101][14] (OUT)
  -------------------------------------------------------------------    -------------------

Slack:                    inf
  Source:                 rom_out_reg[101]_1/CLKARDCLK
                            (rising edge-triggered cell RAMB36E1)
  Destination:            rom_out[101][15]
                            (output port)
  Path Group:             (none)
  Path Type:              Max at Slow Process Corner
  Data Path Delay:        3.794ns  (logic 3.359ns (88.549%)  route 0.434ns (11.451%))
  Logic Levels:           2  (OBUF=1 RAMB36E1=1)

    Location             Delay type                Incr(ns)  Path(ns)    Netlist Resource(s)
  -------------------------------------------------------------------    -------------------
                         RAMB36E1                     0.000     0.000 r  rom_out_reg[101]_1/CLKARDCLK
                         RAMB36E1 (Prop_ramb36e1_CLKARDCLK_DOADO[7])
                                                      1.564     1.564 r  rom_out_reg[101]_1/DOADO[7]
                         net (fo=1, unplaced)         0.434     1.998    rom_out[101]_OBUF[15]
                         OBUF (Prop_obuf_I_O)         1.795     3.794 r  rom_out[101][15]_INST_0/O
                         net (fo=0)                   0.000     3.794    rom_out[101][15]
                                                                      r  rom_out[101][15] (OUT)
  -------------------------------------------------------------------    -------------------

Slack:                    inf
  Source:                 rom_out_reg[101]_0/CLKARDCLK
                            (rising edge-triggered cell RAMB36E1)
  Destination:            rom_out[101][1]
                            (output port)
  Path Group:             (none)
  Path Type:              Max at Slow Process Corner
  Data Path Delay:        3.794ns  (logic 3.359ns (88.549%)  route 0.434ns (11.451%))
  Logic Levels:           2  (OBUF=1 RAMB36E1=1)

    Location             Delay type                Incr(ns)  Path(ns)    Netlist Resource(s)
  -------------------------------------------------------------------    -------------------
                         RAMB36E1                     0.000     0.000 r  rom_out_reg[101]_0/CLKARDCLK
                         RAMB36E1 (Prop_ramb36e1_CLKARDCLK_DOADO[1])
                                                      1.564     1.564 r  rom_out_reg[101]_0/DOADO[1]
                         net (fo=1, unplaced)         0.434     1.998    rom_out[101]_OBUF[1]
                         OBUF (Prop_obuf_I_O)         1.795     3.794 r  rom_out[101][1]_INST_0/O
                         net (fo=0)                   0.000     3.794    rom_out[101][1]
                                                                      r  rom_out[101][1] (OUT)
  -------------------------------------------------------------------    -------------------

Slack:                    inf
  Source:                 rom_out_reg[101]_0/CLKARDCLK
                            (rising edge-triggered cell RAMB36E1)
  Destination:            rom_out[101][2]
                            (output port)
  Path Group:             (none)
  Path Type:              Max at Slow Process Corner
  Data Path Delay:        3.794ns  (logic 3.359ns (88.549%)  route 0.434ns (11.451%))
  Logic Levels:           2  (OBUF=1 RAMB36E1=1)

    Location             Delay type                Incr(ns)  Path(ns)    Netlist Resource(s)
  -------------------------------------------------------------------    -------------------
                         RAMB36E1                     0.000     0.000 r  rom_out_reg[101]_0/CLKARDCLK
                         RAMB36E1 (Prop_ramb36e1_CLKARDCLK_DOADO[2])
                                                      1.564     1.564 r  rom_out_reg[101]_0/DOADO[2]
                         net (fo=1, unplaced)         0.434     1.998    rom_out[101]_OBUF[2]
                         OBUF (Prop_obuf_I_O)         1.795     3.794 r  rom_out[101][2]_INST_0/O
                         net (fo=0)                   0.000     3.794    rom_out[101][2]
                                                                      r  rom_out[101][2] (OUT)
  -------------------------------------------------------------------    -------------------

Slack:                    inf
  Source:                 rom_out_reg[101]_0/CLKARDCLK
                            (rising edge-triggered cell RAMB36E1)
  Destination:            rom_out[101][3]
                            (output port)
  Path Group:             (none)
  Path Type:              Max at Slow Process Corner
  Data Path Delay:        3.794ns  (logic 3.359ns (88.549%)  route 0.434ns (11.451%))
  Logic Levels:           2  (OBUF=1 RAMB36E1=1)

    Location             Delay type                Incr(ns)  Path(ns)    Netlist Resource(s)
  -------------------------------------------------------------------    -------------------
                         RAMB36E1                     0.000     0.000 r  rom_out_reg[101]_0/CLKARDCLK
                         RAMB36E1 (Prop_ramb36e1_CLKARDCLK_DOADO[3])
                                                      1.564     1.564 r  rom_out_reg[101]_0/DOADO[3]
                         net (fo=1, unplaced)         0.434     1.998    rom_out[101]_OBUF[3]
                         OBUF (Prop_obuf_I_O)         1.795     3.794 r  rom_out[101][3]_INST_0/O
                         net (fo=0)                   0.000     3.794    rom_out[101][3]
                                                                      r  rom_out[101][3] (OUT)
  -------------------------------------------------------------------    -------------------

Slack:                    inf
  Source:                 rom_out_reg[101]_0/CLKARDCLK
                            (rising edge-triggered cell RAMB36E1)
  Destination:            rom_out[101][4]
                            (output port)
  Path Group:             (none)
  Path Type:              Max at Slow Process Corner
  Data Path Delay:        3.794ns  (logic 3.359ns (88.549%)  route 0.434ns (11.451%))
  Logic Levels:           2  (OBUF=1 RAMB36E1=1)

    Location             Delay type                Incr(ns)  Path(ns)    Netlist Resource(s)
  -------------------------------------------------------------------    -------------------
                         RAMB36E1                     0.000     0.000 r  rom_out_reg[101]_0/CLKARDCLK
                         RAMB36E1 (Prop_ramb36e1_CLKARDCLK_DOADO[4])
                                                      1.564     1.564 r  rom_out_reg[101]_0/DOADO[4]
                         net (fo=1, unplaced)         0.434     1.998    rom_out[101]_OBUF[4]
                         OBUF (Prop_obuf_I_O)         1.795     3.794 r  rom_out[101][4]_INST_0/O
                         net (fo=0)                   0.000     3.794    rom_out[101][4]
                                                                      r  rom_out[101][4] (OUT)
  -------------------------------------------------------------------    -------------------

Slack:                    inf
  Source:                 rom_out_reg[101]_0/CLKARDCLK
                            (rising edge-triggered cell RAMB36E1)
  Destination:            rom_out[101][5]
                            (output port)
  Path Group:             (none)
  Path Type:              Max at Slow Process Corner
  Data Path Delay:        3.794ns  (logic 3.359ns (88.549%)  route 0.434ns (11.451%))
  Logic Levels:           2  (OBUF=1 RAMB36E1=1)

    Location             Delay type                Incr(ns)  Path(ns)    Netlist Resource(s)
  -------------------------------------------------------------------    -------------------
                         RAMB36E1                     0.000     0.000 r  rom_out_reg[101]_0/CLKARDCLK
                         RAMB36E1 (Prop_ramb36e1_CLKARDCLK_DOADO[5])
                                                      1.564     1.564 r  rom_out_reg[101]_0/DOADO[5]
                         net (fo=1, unplaced)         0.434     1.998    rom_out[101]_OBUF[5]
                         OBUF (Prop_obuf_I_O)         1.795     3.794 r  rom_out[101][5]_INST_0/O
                         net (fo=0)                   0.000     3.794    rom_out[101][5]
                                                                      r  rom_out[101][5] (OUT)
  -------------------------------------------------------------------    -------------------

Slack:                    inf
  Source:                 rom_out_reg[101]_0/CLKARDCLK
                            (rising edge-triggered cell RAMB36E1)
  Destination:            rom_out[101][6]
                            (output port)
  Path Group:             (none)
  Path Type:              Max at Slow Process Corner
  Data Path Delay:        3.794ns  (logic 3.359ns (88.549%)  route 0.434ns (11.451%))
  Logic Levels:           2  (OBUF=1 RAMB36E1=1)

    Location             Delay type                Incr(ns)  Path(ns)    Netlist Resource(s)
  -------------------------------------------------------------------    -------------------
                         RAMB36E1                     0.000     0.000 r  rom_out_reg[101]_0/CLKARDCLK
                         RAMB36E1 (Prop_ramb36e1_CLKARDCLK_DOADO[6])
                                                      1.564     1.564 r  rom_out_reg[101]_0/DOADO[6]
                         net (fo=1, unplaced)         0.434     1.998    rom_out[101]_OBUF[6]
                         OBUF (Prop_obuf_I_O)         1.795     3.794 r  rom_out[101][6]_INST_0/O
                         net (fo=0)                   0.000     3.794    rom_out[101][6]
                                                                      r  rom_out[101][6] (OUT)
  -------------------------------------------------------------------    -------------------

Slack:                    inf
  Source:                 rom_out_reg[101]_0/CLKARDCLK
                            (rising edge-triggered cell RAMB36E1)
  Destination:            rom_out[101][7]
                            (output port)
  Path Group:             (none)
  Path Type:              Max at Slow Process Corner
  Data Path Delay:        3.794ns  (logic 3.359ns (88.549%)  route 0.434ns (11.451%))
  Logic Levels:           2  (OBUF=1 RAMB36E1=1)

    Location             Delay type                Incr(ns)  Path(ns)    Netlist Resource(s)
  -------------------------------------------------------------------    -------------------
                         RAMB36E1                     0.000     0.000 r  rom_out_reg[101]_0/CLKARDCLK
                         RAMB36E1 (Prop_ramb36e1_CLKARDCLK_DOADO[7])
                                                      1.564     1.564 r  rom_out_reg[101]_0/DOADO[7]
                         net (fo=1, unplaced)         0.434     1.998    rom_out[101]_OBUF[7]
                         OBUF (Prop_obuf_I_O)         1.795     3.794 r  rom_out[101][7]_INST_0/O
                         net (fo=0)                   0.000     3.794    rom_out[101][7]
                                                                      r  rom_out[101][7] (OUT)
  -------------------------------------------------------------------    -------------------

Slack:                    inf
  Source:                 rom_out_reg[101]_1/CLKARDCLK
                            (rising edge-triggered cell RAMB36E1)
  Destination:            rom_out[101][8]
                            (output port)
  Path Group:             (none)
  Path Type:              Max at Slow Process Corner
  Data Path Delay:        3.794ns  (logic 3.359ns (88.549%)  route 0.434ns (11.451%))
  Logic Levels:           2  (OBUF=1 RAMB36E1=1)

    Location             Delay type                Incr(ns)  Path(ns)    Netlist Resource(s)
  -------------------------------------------------------------------    -------------------
                         RAMB36E1                     0.000     0.000 r  rom_out_reg[101]_1/CLKARDCLK
                         RAMB36E1 (Prop_ramb36e1_CLKARDCLK_DOADO[0])
                                                      1.564     1.564 r  rom_out_reg[101]_1/DOADO[0]
                         net (fo=1, unplaced)         0.434     1.998    rom_out[101]_OBUF[8]
                         OBUF (Prop_obuf_I_O)         1.795     3.794 r  rom_out[101][8]_INST_0/O
                         net (fo=0)                   0.000     3.794    rom_out[101][8]
                                                                      r  rom_out[101][8] (OUT)
  -------------------------------------------------------------------    -------------------

Slack:                    inf
  Source:                 rom_out_reg[101]_1/CLKARDCLK
                            (rising edge-triggered cell RAMB36E1)
  Destination:            rom_out[101][9]
                            (output port)
  Path Group:             (none)
  Path Type:              Max at Slow Process Corner
  Data Path Delay:        3.794ns  (logic 3.359ns (88.549%)  route 0.434ns (11.451%))
  Logic Levels:           2  (OBUF=1 RAMB36E1=1)

    Location             Delay type                Incr(ns)  Path(ns)    Netlist Resource(s)
  -------------------------------------------------------------------    -------------------
                         RAMB36E1                     0.000     0.000 r  rom_out_reg[101]_1/CLKARDCLK
                         RAMB36E1 (Prop_ramb36e1_CLKARDCLK_DOADO[1])
                                                      1.564     1.564 r  rom_out_reg[101]_1/DOADO[1]
                         net (fo=1, unplaced)         0.434     1.998    rom_out[101]_OBUF[9]
                         OBUF (Prop_obuf_I_O)         1.795     3.794 r  rom_out[101][9]_INST_0/O
                         net (fo=0)                   0.000     3.794    rom_out[101][9]
                                                                      r  rom_out[101][9] (OUT)
  -------------------------------------------------------------------    -------------------

Slack:                    inf
  Source:                 rom_out_reg[102]_0/CLKARDCLK
                            (rising edge-triggered cell RAMB36E1)
  Destination:            rom_out[102][0]
                            (output port)
  Path Group:             (none)
  Path Type:              Max at Slow Process Corner
  Data Path Delay:        3.794ns  (logic 3.359ns (88.549%)  route 0.434ns (11.451%))
  Logic Levels:           2  (OBUF=1 RAMB36E1=1)

    Location             Delay type                Incr(ns)  Path(ns)    Netlist Resource(s)
  -------------------------------------------------------------------    -------------------
                         RAMB36E1                     0.000     0.000 r  rom_out_reg[102]_0/CLKARDCLK
                         RAMB36E1 (Prop_ramb36e1_CLKARDCLK_DOADO[0])
                                                      1.564     1.564 r  rom_out_reg[102]_0/DOADO[0]
                         net (fo=1, unplaced)         0.434     1.998    rom_out[102]_OBUF[0]
                         OBUF (Prop_obuf_I_O)         1.795     3.794 r  rom_out[102][0]_INST_0/O
                         net (fo=0)                   0.000     3.794    rom_out[102][0]
                                                                      r  rom_out[102][0] (OUT)
  -------------------------------------------------------------------    -------------------

Slack:                    inf
  Source:                 rom_out_reg[102]_1/CLKARDCLK
                            (rising edge-triggered cell RAMB36E1)
  Destination:            rom_out[102][10]
                            (output port)
  Path Group:             (none)
  Path Type:              Max at Slow Process Corner
  Data Path Delay:        3.794ns  (logic 3.359ns (88.549%)  route 0.434ns (11.451%))
  Logic Levels:           2  (OBUF=1 RAMB36E1=1)

    Location             Delay type                Incr(ns)  Path(ns)    Netlist Resource(s)
  -------------------------------------------------------------------    -------------------
                         RAMB36E1                     0.000     0.000 r  rom_out_reg[102]_1/CLKARDCLK
                         RAMB36E1 (Prop_ramb36e1_CLKARDCLK_DOADO[2])
                                                      1.564     1.564 r  rom_out_reg[102]_1/DOADO[2]
                         net (fo=1, unplaced)         0.434     1.998    rom_out[102]_OBUF[10]
                         OBUF (Prop_obuf_I_O)         1.795     3.794 r  rom_out[102][10]_INST_0/O
                         net (fo=0)                   0.000     3.794    rom_out[102][10]
                                                                      r  rom_out[102][10] (OUT)
  -------------------------------------------------------------------    -------------------




