Copyright 1986-2018 Xilinx, Inc. All Rights Reserved.
------------------------------------------------------------------------------------
| Tool Version : Vivado v.2018.3 (lin64) Build 2405991 Thu Dec  6 23:36:41 MST 2018
| Date         : Wed Mar  4 09:03:05 2020
| Host         : GCS running 64-bit Ubuntu 18.04.4 LTS
| Command      : report_ram_utilization -file ram_utilization.rpt
| Design       : squeeze_wrapper
| Device       : xc7vx690tffg1157-3
| Speed File   : -3
------------------------------------------------------------------------------------

RAM Usage Information

Table of Contents
-----------------
1. Summary
2. Memory Usage

1. Summary
----------

+----------------+------------+
| Memory Type    | Total Used |
+----------------+------------+
| BlockRAM       |        224 |
+----------------+------------+
|       RAMB36E1 |        224 |
+----------------+------------+
| URAM           |          0 |
+----------------+------------+
| DistributedRAM |          0 |
+----------------+------------+


2. Memory Usage
---------------

+-------------+------------+-----------------+---------+------+--------+-------------+-------------+------------+------------+------------------+----------------+-----------------+
| Memory Name | Array Size | RAM Utilization | Address | Port | Clock  | Write Depth | Write Width | Read Width | Read Depth | Address Register | Input Register | Output Register |
+-------------+------------+-----------------+---------+------+--------+-------------+-------------+------------+------------+------------------+----------------+-----------------+
| u_2/rom_out |      65536 | RAMB36E1:224    | address |   A  | clk    |        4096 |          16 |         16 |       4096 |              YES |             NO |            None |
+-------------+------------+-----------------+---------+------+--------+-------------+-------------+------------+------------+------------------+----------------+-----------------+
|      -      |      -     |        -        |    -    |   B  | Unused |      Unused |      Unused |     Unused |     Unused |         -        |        -       |        -        |
+-------------+------------+-----------------+---------+------+--------+-------------+-------------+------------+------------+------------------+----------------+-----------------+
* Includes block RAM cascade(s)
** Summary includes both inferred and instantiated RAMs, even if -detail flag is not used
*** Use the -detail option for a list of RAM cells of each Memory Type


