Copyright 1986-2018 Xilinx, Inc. All Rights Reserved.
-------------------------------------------------------------------------------------
| Tool Version : Vivado v.2018.3 (lin64) Build 2405991 Thu Dec  6 23:36:41 MST 2018
| Date         : Mon Mar 16 16:46:03 2020
| Host         : GCS running 64-bit Ubuntu 18.04.4 LTS
| Command      : report_utilization -hierarchical -file hierarchical_utilization.rpt
| Design       : fire4_5_expand_1
| Device       : 7vx690tffg1157-3
| Design State : Synthesized
-------------------------------------------------------------------------------------

Utilization Design Information

Table of Contents
-----------------
1. Utilization by Hierarchy

1. Utilization by Hierarchy
---------------------------

+----------------------+---------+------------+------------+---------+------+------+--------+--------+--------------+
|       Instance       |  Module | Total LUTs | Logic LUTs | LUTRAMs | SRLs |  FFs | RAMB36 | RAMB18 | DSP48 Blocks |
+----------------------+---------+------------+------------+---------+------+------+--------+--------+--------------+
| fire4_5_expand_1     |   (top) |       6091 |       6091 |       0 |    0 | 2310 |      0 |      0 |          128 |
|   (fire4_5_expand_1) |   (top) |        177 |        177 |       0 |    0 | 2310 |      0 |      0 |            0 |
|   genblk1[0].mac_i   |     mac |         72 |         72 |       0 |    0 |    0 |      0 |      0 |            1 |
|   genblk1[100].mac_i |   mac_0 |         33 |         33 |       0 |    0 |    0 |      0 |      0 |            1 |
|   genblk1[101].mac_i |   mac_1 |         59 |         59 |       0 |    0 |    0 |      0 |      0 |            1 |
|   genblk1[102].mac_i |   mac_2 |         35 |         35 |       0 |    0 |    0 |      0 |      0 |            1 |
|   genblk1[103].mac_i |   mac_3 |         60 |         60 |       0 |    0 |    0 |      0 |      0 |            1 |
|   genblk1[104].mac_i |   mac_4 |         34 |         34 |       0 |    0 |    0 |      0 |      0 |            1 |
|   genblk1[105].mac_i |   mac_5 |         33 |         33 |       0 |    0 |    0 |      0 |      0 |            1 |
|   genblk1[106].mac_i |   mac_6 |         59 |         59 |       0 |    0 |    0 |      0 |      0 |            1 |
|   genblk1[107].mac_i |   mac_7 |         57 |         57 |       0 |    0 |    0 |      0 |      0 |            1 |
|   genblk1[108].mac_i |   mac_8 |         33 |         33 |       0 |    0 |    0 |      0 |      0 |            1 |
|   genblk1[109].mac_i |   mac_9 |         59 |         59 |       0 |    0 |    0 |      0 |      0 |            1 |
|   genblk1[10].mac_i  |  mac_10 |         59 |         59 |       0 |    0 |    0 |      0 |      0 |            1 |
|   genblk1[110].mac_i |  mac_11 |         34 |         34 |       0 |    0 |    0 |      0 |      0 |            1 |
|   genblk1[111].mac_i |  mac_12 |         57 |         57 |       0 |    0 |    0 |      0 |      0 |            1 |
|   genblk1[112].mac_i |  mac_13 |         34 |         34 |       0 |    0 |    0 |      0 |      0 |            1 |
|   genblk1[113].mac_i |  mac_14 |         34 |         34 |       0 |    0 |    0 |      0 |      0 |            1 |
|   genblk1[114].mac_i |  mac_15 |         58 |         58 |       0 |    0 |    0 |      0 |      0 |            1 |
|   genblk1[115].mac_i |  mac_16 |         33 |         33 |       0 |    0 |    0 |      0 |      0 |            1 |
|   genblk1[116].mac_i |  mac_17 |         59 |         59 |       0 |    0 |    0 |      0 |      0 |            1 |
|   genblk1[117].mac_i |  mac_18 |         59 |         59 |       0 |    0 |    0 |      0 |      0 |            1 |
|   genblk1[118].mac_i |  mac_19 |         35 |         35 |       0 |    0 |    0 |      0 |      0 |            1 |
|   genblk1[119].mac_i |  mac_20 |         31 |         31 |       0 |    0 |    0 |      0 |      0 |            1 |
|   genblk1[11].mac_i  |  mac_21 |         57 |         57 |       0 |    0 |    0 |      0 |      0 |            1 |
|   genblk1[120].mac_i |  mac_22 |         32 |         32 |       0 |    0 |    0 |      0 |      0 |            1 |
|   genblk1[121].mac_i |  mac_23 |         36 |         36 |       0 |    0 |    0 |      0 |      0 |            1 |
|   genblk1[122].mac_i |  mac_24 |         60 |         60 |       0 |    0 |    0 |      0 |      0 |            1 |
|   genblk1[123].mac_i |  mac_25 |         60 |         60 |       0 |    0 |    0 |      0 |      0 |            1 |
|   genblk1[124].mac_i |  mac_26 |         59 |         59 |       0 |    0 |    0 |      0 |      0 |            1 |
|   genblk1[125].mac_i |  mac_27 |         33 |         33 |       0 |    0 |    0 |      0 |      0 |            1 |
|   genblk1[126].mac_i |  mac_28 |         59 |         59 |       0 |    0 |    0 |      0 |      0 |            1 |
|   genblk1[127].mac_i |  mac_29 |         59 |         59 |       0 |    0 |    0 |      0 |      0 |            1 |
|   genblk1[12].mac_i  |  mac_30 |         36 |         36 |       0 |    0 |    0 |      0 |      0 |            1 |
|   genblk1[13].mac_i  |  mac_31 |         33 |         33 |       0 |    0 |    0 |      0 |      0 |            1 |
|   genblk1[14].mac_i  |  mac_32 |         30 |         30 |       0 |    0 |    0 |      0 |      0 |            1 |
|   genblk1[15].mac_i  |  mac_33 |         58 |         58 |       0 |    0 |    0 |      0 |      0 |            1 |
|   genblk1[16].mac_i  |  mac_34 |         37 |         37 |       0 |    0 |    0 |      0 |      0 |            1 |
|   genblk1[17].mac_i  |  mac_35 |         35 |         35 |       0 |    0 |    0 |      0 |      0 |            1 |
|   genblk1[18].mac_i  |  mac_36 |         32 |         32 |       0 |    0 |    0 |      0 |      0 |            1 |
|   genblk1[19].mac_i  |  mac_37 |         58 |         58 |       0 |    0 |    0 |      0 |      0 |            1 |
|   genblk1[1].mac_i   |  mac_38 |         57 |         57 |       0 |    0 |    0 |      0 |      0 |            1 |
|   genblk1[20].mac_i  |  mac_39 |         34 |         34 |       0 |    0 |    0 |      0 |      0 |            1 |
|   genblk1[21].mac_i  |  mac_40 |         34 |         34 |       0 |    0 |    0 |      0 |      0 |            1 |
|   genblk1[22].mac_i  |  mac_41 |         36 |         36 |       0 |    0 |    0 |      0 |      0 |            1 |
|   genblk1[23].mac_i  |  mac_42 |         34 |         34 |       0 |    0 |    0 |      0 |      0 |            1 |
|   genblk1[24].mac_i  |  mac_43 |         61 |         61 |       0 |    0 |    0 |      0 |      0 |            1 |
|   genblk1[25].mac_i  |  mac_44 |         34 |         34 |       0 |    0 |    0 |      0 |      0 |            1 |
|   genblk1[26].mac_i  |  mac_45 |         28 |         28 |       0 |    0 |    0 |      0 |      0 |            1 |
|   genblk1[27].mac_i  |  mac_46 |         34 |         34 |       0 |    0 |    0 |      0 |      0 |            1 |
|   genblk1[28].mac_i  |  mac_47 |         57 |         57 |       0 |    0 |    0 |      0 |      0 |            1 |
|   genblk1[29].mac_i  |  mac_48 |         57 |         57 |       0 |    0 |    0 |      0 |      0 |            1 |
|   genblk1[2].mac_i   |  mac_49 |         59 |         59 |       0 |    0 |    0 |      0 |      0 |            1 |
|   genblk1[30].mac_i  |  mac_50 |         58 |         58 |       0 |    0 |    0 |      0 |      0 |            1 |
|   genblk1[31].mac_i  |  mac_51 |         54 |         54 |       0 |    0 |    0 |      0 |      0 |            1 |
|   genblk1[32].mac_i  |  mac_52 |         59 |         59 |       0 |    0 |    0 |      0 |      0 |            1 |
|   genblk1[33].mac_i  |  mac_53 |         58 |         58 |       0 |    0 |    0 |      0 |      0 |            1 |
|   genblk1[34].mac_i  |  mac_54 |         55 |         55 |       0 |    0 |    0 |      0 |      0 |            1 |
|   genblk1[35].mac_i  |  mac_55 |         33 |         33 |       0 |    0 |    0 |      0 |      0 |            1 |
|   genblk1[36].mac_i  |  mac_56 |         59 |         59 |       0 |    0 |    0 |      0 |      0 |            1 |
|   genblk1[37].mac_i  |  mac_57 |         33 |         33 |       0 |    0 |    0 |      0 |      0 |            1 |
|   genblk1[38].mac_i  |  mac_58 |         35 |         35 |       0 |    0 |    0 |      0 |      0 |            1 |
|   genblk1[39].mac_i  |  mac_59 |         33 |         33 |       0 |    0 |    0 |      0 |      0 |            1 |
|   genblk1[3].mac_i   |  mac_60 |         31 |         31 |       0 |    0 |    0 |      0 |      0 |            1 |
|   genblk1[40].mac_i  |  mac_61 |         58 |         58 |       0 |    0 |    0 |      0 |      0 |            1 |
|   genblk1[41].mac_i  |  mac_62 |         60 |         60 |       0 |    0 |    0 |      0 |      0 |            1 |
|   genblk1[42].mac_i  |  mac_63 |         57 |         57 |       0 |    0 |    0 |      0 |      0 |            1 |
|   genblk1[43].mac_i  |  mac_64 |         58 |         58 |       0 |    0 |    0 |      0 |      0 |            1 |
|   genblk1[44].mac_i  |  mac_65 |         36 |         36 |       0 |    0 |    0 |      0 |      0 |            1 |
|   genblk1[45].mac_i  |  mac_66 |         61 |         61 |       0 |    0 |    0 |      0 |      0 |            1 |
|   genblk1[46].mac_i  |  mac_67 |         35 |         35 |       0 |    0 |    0 |      0 |      0 |            1 |
|   genblk1[47].mac_i  |  mac_68 |         57 |         57 |       0 |    0 |    0 |      0 |      0 |            1 |
|   genblk1[48].mac_i  |  mac_69 |         58 |         58 |       0 |    0 |    0 |      0 |      0 |            1 |
|   genblk1[49].mac_i  |  mac_70 |         33 |         33 |       0 |    0 |    0 |      0 |      0 |            1 |
|   genblk1[4].mac_i   |  mac_71 |         36 |         36 |       0 |    0 |    0 |      0 |      0 |            1 |
|   genblk1[50].mac_i  |  mac_72 |         55 |         55 |       0 |    0 |    0 |      0 |      0 |            1 |
|   genblk1[51].mac_i  |  mac_73 |         59 |         59 |       0 |    0 |    0 |      0 |      0 |            1 |
|   genblk1[52].mac_i  |  mac_74 |         59 |         59 |       0 |    0 |    0 |      0 |      0 |            1 |
|   genblk1[53].mac_i  |  mac_75 |         34 |         34 |       0 |    0 |    0 |      0 |      0 |            1 |
|   genblk1[54].mac_i  |  mac_76 |         32 |         32 |       0 |    0 |    0 |      0 |      0 |            1 |
|   genblk1[55].mac_i  |  mac_77 |         58 |         58 |       0 |    0 |    0 |      0 |      0 |            1 |
|   genblk1[56].mac_i  |  mac_78 |         35 |         35 |       0 |    0 |    0 |      0 |      0 |            1 |
|   genblk1[57].mac_i  |  mac_79 |         36 |         36 |       0 |    0 |    0 |      0 |      0 |            1 |
|   genblk1[58].mac_i  |  mac_80 |         59 |         59 |       0 |    0 |    0 |      0 |      0 |            1 |
|   genblk1[59].mac_i  |  mac_81 |         59 |         59 |       0 |    0 |    0 |      0 |      0 |            1 |
|   genblk1[5].mac_i   |  mac_82 |         36 |         36 |       0 |    0 |    0 |      0 |      0 |            1 |
|   genblk1[60].mac_i  |  mac_83 |         36 |         36 |       0 |    0 |    0 |      0 |      0 |            1 |
|   genblk1[61].mac_i  |  mac_84 |         58 |         58 |       0 |    0 |    0 |      0 |      0 |            1 |
|   genblk1[62].mac_i  |  mac_85 |         35 |         35 |       0 |    0 |    0 |      0 |      0 |            1 |
|   genblk1[63].mac_i  |  mac_86 |         60 |         60 |       0 |    0 |    0 |      0 |      0 |            1 |
|   genblk1[64].mac_i  |  mac_87 |         60 |         60 |       0 |    0 |    0 |      0 |      0 |            1 |
|   genblk1[65].mac_i  |  mac_88 |         59 |         59 |       0 |    0 |    0 |      0 |      0 |            1 |
|   genblk1[66].mac_i  |  mac_89 |         59 |         59 |       0 |    0 |    0 |      0 |      0 |            1 |
|   genblk1[67].mac_i  |  mac_90 |         60 |         60 |       0 |    0 |    0 |      0 |      0 |            1 |
|   genblk1[68].mac_i  |  mac_91 |         58 |         58 |       0 |    0 |    0 |      0 |      0 |            1 |
|   genblk1[69].mac_i  |  mac_92 |         34 |         34 |       0 |    0 |    0 |      0 |      0 |            1 |
|   genblk1[6].mac_i   |  mac_93 |         34 |         34 |       0 |    0 |    0 |      0 |      0 |            1 |
|   genblk1[70].mac_i  |  mac_94 |         35 |         35 |       0 |    0 |    0 |      0 |      0 |            1 |
|   genblk1[71].mac_i  |  mac_95 |         31 |         31 |       0 |    0 |    0 |      0 |      0 |            1 |
|   genblk1[72].mac_i  |  mac_96 |         34 |         34 |       0 |    0 |    0 |      0 |      0 |            1 |
|   genblk1[73].mac_i  |  mac_97 |         34 |         34 |       0 |    0 |    0 |      0 |      0 |            1 |
|   genblk1[74].mac_i  |  mac_98 |         37 |         37 |       0 |    0 |    0 |      0 |      0 |            1 |
|   genblk1[75].mac_i  |  mac_99 |         58 |         58 |       0 |    0 |    0 |      0 |      0 |            1 |
|   genblk1[76].mac_i  | mac_100 |         58 |         58 |       0 |    0 |    0 |      0 |      0 |            1 |
|   genblk1[77].mac_i  | mac_101 |         60 |         60 |       0 |    0 |    0 |      0 |      0 |            1 |
|   genblk1[78].mac_i  | mac_102 |         56 |         56 |       0 |    0 |    0 |      0 |      0 |            1 |
|   genblk1[79].mac_i  | mac_103 |         60 |         60 |       0 |    0 |    0 |      0 |      0 |            1 |
|   genblk1[7].mac_i   | mac_104 |         61 |         61 |       0 |    0 |    0 |      0 |      0 |            1 |
|   genblk1[80].mac_i  | mac_105 |         32 |         32 |       0 |    0 |    0 |      0 |      0 |            1 |
|   genblk1[81].mac_i  | mac_106 |         59 |         59 |       0 |    0 |    0 |      0 |      0 |            1 |
|   genblk1[82].mac_i  | mac_107 |         58 |         58 |       0 |    0 |    0 |      0 |      0 |            1 |
|   genblk1[83].mac_i  | mac_108 |         59 |         59 |       0 |    0 |    0 |      0 |      0 |            1 |
|   genblk1[84].mac_i  | mac_109 |         59 |         59 |       0 |    0 |    0 |      0 |      0 |            1 |
|   genblk1[85].mac_i  | mac_110 |         58 |         58 |       0 |    0 |    0 |      0 |      0 |            1 |
|   genblk1[86].mac_i  | mac_111 |         60 |         60 |       0 |    0 |    0 |      0 |      0 |            1 |
|   genblk1[87].mac_i  | mac_112 |         34 |         34 |       0 |    0 |    0 |      0 |      0 |            1 |
|   genblk1[88].mac_i  | mac_113 |         36 |         36 |       0 |    0 |    0 |      0 |      0 |            1 |
|   genblk1[89].mac_i  | mac_114 |         34 |         34 |       0 |    0 |    0 |      0 |      0 |            1 |
|   genblk1[8].mac_i   | mac_115 |         34 |         34 |       0 |    0 |    0 |      0 |      0 |            1 |
|   genblk1[90].mac_i  | mac_116 |         34 |         34 |       0 |    0 |    0 |      0 |      0 |            1 |
|   genblk1[91].mac_i  | mac_117 |         31 |         31 |       0 |    0 |    0 |      0 |      0 |            1 |
|   genblk1[92].mac_i  | mac_118 |         35 |         35 |       0 |    0 |    0 |      0 |      0 |            1 |
|   genblk1[93].mac_i  | mac_119 |         58 |         58 |       0 |    0 |    0 |      0 |      0 |            1 |
|   genblk1[94].mac_i  | mac_120 |         35 |         35 |       0 |    0 |    0 |      0 |      0 |            1 |
|   genblk1[95].mac_i  | mac_121 |         33 |         33 |       0 |    0 |    0 |      0 |      0 |            1 |
|   genblk1[96].mac_i  | mac_122 |         56 |         56 |       0 |    0 |    0 |      0 |      0 |            1 |
|   genblk1[97].mac_i  | mac_123 |         32 |         32 |       0 |    0 |    0 |      0 |      0 |            1 |
|   genblk1[98].mac_i  | mac_124 |         31 |         31 |       0 |    0 |    0 |      0 |      0 |            1 |
|   genblk1[99].mac_i  | mac_125 |         33 |         33 |       0 |    0 |    0 |      0 |      0 |            1 |
|   genblk1[9].mac_i   | mac_126 |         31 |         31 |       0 |    0 |    0 |      0 |      0 |            1 |
+----------------------+---------+------------+------------+---------+------+------+--------+--------+--------------+


