Copyright 1986-2018 Xilinx, Inc. All Rights Reserved.
------------------------------------------------------------------------------------
| Tool Version : Vivado v.2018.3 (lin64) Build 2405991 Thu Dec  6 23:36:41 MST 2018
| Date         : Sat Mar 14 13:38:51 2020
| Host         : GCS running 64-bit Ubuntu 18.04.4 LTS
| Command      : report_timing -file post_synth_timing.rpt
| Design       : fire4_5_expand_1
| Device       : 7vx690t-ffg1157
| Speed File   : -3  PRODUCTION 1.11 2014-09-11
------------------------------------------------------------------------------------

Timing Report

Slack (VIOLATED) :        -0.388ns  (required time - arrival time)
  Source:                 ifm_4_reg[0]/C
                            (rising edge-triggered cell FDRE clocked by clk  {rise@0.000ns fall@1.600ns period=3.200ns})
  Destination:            genblk1[0].mac_i/mul_out_reg/A[0]
                            (rising edge-triggered cell DSP48E1 clocked by clk  {rise@0.000ns fall@1.600ns period=3.200ns})
  Path Group:             clk
  Path Type:              Setup (Max at Slow Process Corner)
  Requirement:            3.200ns  (clk rise@3.200ns - clk rise@0.000ns)
  Data Path Delay:        1.207ns  (logic 0.373ns (30.892%)  route 0.834ns (69.108%))
  Logic Levels:           1  (LUT3=1)
  Clock Path Skew:        -0.025ns (DCD - SCD + CPR)
    Destination Clock Delay (DCD):    0.483ns = ( 3.683 - 3.200 ) 
    Source Clock Delay      (SCD):    0.508ns
    Clock Pessimism Removal (CPR):    0.000ns
  Clock Uncertainty:      0.035ns  ((TSJ^2 + TIJ^2)^1/2 + DJ) / 2 + PE
    Total System Jitter     (TSJ):    0.071ns
    Total Input Jitter      (TIJ):    0.000ns
    Discrete Jitter          (DJ):    0.000ns
    Phase Error              (PE):    0.000ns

    Location             Delay type                Incr(ns)  Path(ns)    Netlist Resource(s)
  -------------------------------------------------------------------    -------------------
                         (clock clk rise edge)        0.000     0.000 r  
                                                      0.000     0.000 r  clk (IN)
                         net (fo=4455, unset)         0.508     0.508    clk
                         FDRE                                         r  ifm_4_reg[0]/C
  -------------------------------------------------------------------    -------------------
                         FDRE (Prop_fdre_C_Q)         0.254     0.762 r  ifm_4_reg[0]/Q
                         net (fo=1, unplaced)         0.400     1.162    genblk1[127].mac_i/Q[0]
                         LUT3 (Prop_lut3_I0_O)        0.119     1.281 r  genblk1[127].mac_i/mul_out_reg_i_30/O
                         net (fo=128, unplaced)       0.434     1.715    genblk1[0].mac_i/A[0]
                         DSP48E1                                      r  genblk1[0].mac_i/mul_out_reg/A[0]
  -------------------------------------------------------------------    -------------------

                         (clock clk rise edge)        3.200     3.200 r  
                                                      0.000     3.200 r  clk (IN)
                         net (fo=4455, unset)         0.483     3.683    genblk1[0].mac_i/clk
                         DSP48E1                                      r  genblk1[0].mac_i/mul_out_reg/CLK
                         clock pessimism              0.000     3.683    
                         clock uncertainty           -0.035     3.647    
                         DSP48E1 (Setup_dsp48e1_CLK_A[0])
                                                     -2.320     1.327    genblk1[0].mac_i/mul_out_reg
  -------------------------------------------------------------------
                         required time                          1.327    
                         arrival time                          -1.715    
  -------------------------------------------------------------------
                         slack                                 -0.388    




