Copyright 1986-2018 Xilinx, Inc. All Rights Reserved.
------------------------------------------------------------------------------------
| Tool Version : Vivado v.2018.3 (lin64) Build 2405991 Thu Dec  6 23:36:41 MST 2018
| Date         : Sat Feb 22 18:40:59 2020
| Host         : GCS running 64-bit Ubuntu 18.04.3 LTS
| Command      : report_timing -max_paths 50 -file timing.rpt
| Design       : fire4_expand1
| Device       : 7vx690t-ffg1157
| Speed File   : -3  PRODUCTION 1.11 2014-09-11
------------------------------------------------------------------------------------

Timing Report

Slack:                    inf
  Source:                 fire4_expand1_end_reg/C
                            (rising edge-triggered cell FDCE)
  Destination:            fire4_expand1_finish
                            (output port)
  Path Group:             (none)
  Path Type:              Max at Slow Process Corner
  Data Path Delay:        2.921ns  (logic 2.140ns (73.281%)  route 0.780ns (26.719%))
  Logic Levels:           3  (FDCE=1 LUT2=1 OBUF=1)

    Location             Delay type                Incr(ns)  Path(ns)    Netlist Resource(s)
  -------------------------------------------------------------------    -------------------
                         FDCE                         0.000     0.000 r  fire4_expand1_end_reg/C
                         FDCE (Prop_fdce_C_Q)         0.226     0.226 r  fire4_expand1_end_reg/Q
                         net (fo=133, unplaced)       0.346     0.572    fire4_expand1_end_reg_n_0
                         LUT2 (Prop_lut2_I0_O)        0.119     0.691 r  fire4_expand1_finish_OBUF_inst_i_1/O
                         net (fo=1, unplaced)         0.434     1.125    fire4_expand1_finish_OBUF
                         OBUF (Prop_obuf_I_O)         1.795     2.921 r  fire4_expand1_finish_OBUF_inst/O
                         net (fo=0)                   0.000     2.921    fire4_expand1_finish
                                                                      r  fire4_expand1_finish (OUT)
  -------------------------------------------------------------------    -------------------

Slack:                    inf
  Source:                 fire4_expand1_sample_reg/C
                            (rising edge-triggered cell FDRE)
  Destination:            fire4_expand1_sample
                            (output port)
  Path Group:             (none)
  Path Type:              Max at Slow Process Corner
  Data Path Delay:        2.534ns  (logic 2.099ns (82.855%)  route 0.434ns (17.145%))
  Logic Levels:           2  (FDRE=1 OBUF=1)

    Location             Delay type                Incr(ns)  Path(ns)    Netlist Resource(s)
  -------------------------------------------------------------------    -------------------
                         FDRE                         0.000     0.000 r  fire4_expand1_sample_reg/C
                         FDRE (Prop_fdre_C_Q)         0.226     0.226 r  fire4_expand1_sample_reg/Q
                         net (fo=1, unplaced)         0.434     0.660    fire4_expand1_sample_OBUF
                         OBUF (Prop_obuf_I_O)         1.873     2.534 r  fire4_expand1_sample_OBUF_inst/O
                         net (fo=0)                   0.000     2.534    fire4_expand1_sample
                                                                      r  fire4_expand1_sample (OUT)
  -------------------------------------------------------------------    -------------------

Slack:                    inf
  Source:                 ofm_reg[0][0]/C
                            (rising edge-triggered cell FDRE)
  Destination:            ofm[0][0]
                            (output port)
  Path Group:             (none)
  Path Type:              Max at Slow Process Corner
  Data Path Delay:        2.534ns  (logic 2.099ns (82.855%)  route 0.434ns (17.145%))
  Logic Levels:           2  (FDRE=1 OBUF=1)

    Location             Delay type                Incr(ns)  Path(ns)    Netlist Resource(s)
  -------------------------------------------------------------------    -------------------
                         FDRE                         0.000     0.000 r  ofm_reg[0][0]/C
                         FDRE (Prop_fdre_C_Q)         0.226     0.226 r  ofm_reg[0][0]/Q
                         net (fo=1, unplaced)         0.434     0.660    ofm[0]_OBUF[0]
                         OBUF (Prop_obuf_I_O)         1.873     2.534 r  ofm[0][0]_INST_0/O
                         net (fo=0)                   0.000     2.534    ofm[0][0]
                                                                      r  ofm[0][0] (OUT)
  -------------------------------------------------------------------    -------------------

Slack:                    inf
  Source:                 ofm_reg[0][10]/C
                            (rising edge-triggered cell FDRE)
  Destination:            ofm[0][10]
                            (output port)
  Path Group:             (none)
  Path Type:              Max at Slow Process Corner
  Data Path Delay:        2.534ns  (logic 2.099ns (82.855%)  route 0.434ns (17.145%))
  Logic Levels:           2  (FDRE=1 OBUF=1)

    Location             Delay type                Incr(ns)  Path(ns)    Netlist Resource(s)
  -------------------------------------------------------------------    -------------------
                         FDRE                         0.000     0.000 r  ofm_reg[0][10]/C
                         FDRE (Prop_fdre_C_Q)         0.226     0.226 r  ofm_reg[0][10]/Q
                         net (fo=1, unplaced)         0.434     0.660    ofm[0]_OBUF[10]
                         OBUF (Prop_obuf_I_O)         1.873     2.534 r  ofm[0][10]_INST_0/O
                         net (fo=0)                   0.000     2.534    ofm[0][10]
                                                                      r  ofm[0][10] (OUT)
  -------------------------------------------------------------------    -------------------

Slack:                    inf
  Source:                 ofm_reg[0][11]/C
                            (rising edge-triggered cell FDRE)
  Destination:            ofm[0][11]
                            (output port)
  Path Group:             (none)
  Path Type:              Max at Slow Process Corner
  Data Path Delay:        2.534ns  (logic 2.099ns (82.855%)  route 0.434ns (17.145%))
  Logic Levels:           2  (FDRE=1 OBUF=1)

    Location             Delay type                Incr(ns)  Path(ns)    Netlist Resource(s)
  -------------------------------------------------------------------    -------------------
                         FDRE                         0.000     0.000 r  ofm_reg[0][11]/C
                         FDRE (Prop_fdre_C_Q)         0.226     0.226 r  ofm_reg[0][11]/Q
                         net (fo=1, unplaced)         0.434     0.660    ofm[0]_OBUF[11]
                         OBUF (Prop_obuf_I_O)         1.873     2.534 r  ofm[0][11]_INST_0/O
                         net (fo=0)                   0.000     2.534    ofm[0][11]
                                                                      r  ofm[0][11] (OUT)
  -------------------------------------------------------------------    -------------------

Slack:                    inf
  Source:                 ofm_reg[0][12]/C
                            (rising edge-triggered cell FDRE)
  Destination:            ofm[0][12]
                            (output port)
  Path Group:             (none)
  Path Type:              Max at Slow Process Corner
  Data Path Delay:        2.534ns  (logic 2.099ns (82.855%)  route 0.434ns (17.145%))
  Logic Levels:           2  (FDRE=1 OBUF=1)

    Location             Delay type                Incr(ns)  Path(ns)    Netlist Resource(s)
  -------------------------------------------------------------------    -------------------
                         FDRE                         0.000     0.000 r  ofm_reg[0][12]/C
                         FDRE (Prop_fdre_C_Q)         0.226     0.226 r  ofm_reg[0][12]/Q
                         net (fo=1, unplaced)         0.434     0.660    ofm[0]_OBUF[12]
                         OBUF (Prop_obuf_I_O)         1.873     2.534 r  ofm[0][12]_INST_0/O
                         net (fo=0)                   0.000     2.534    ofm[0][12]
                                                                      r  ofm[0][12] (OUT)
  -------------------------------------------------------------------    -------------------

Slack:                    inf
  Source:                 ofm_reg[0][13]/C
                            (rising edge-triggered cell FDRE)
  Destination:            ofm[0][13]
                            (output port)
  Path Group:             (none)
  Path Type:              Max at Slow Process Corner
  Data Path Delay:        2.534ns  (logic 2.099ns (82.855%)  route 0.434ns (17.145%))
  Logic Levels:           2  (FDRE=1 OBUF=1)

    Location             Delay type                Incr(ns)  Path(ns)    Netlist Resource(s)
  -------------------------------------------------------------------    -------------------
                         FDRE                         0.000     0.000 r  ofm_reg[0][13]/C
                         FDRE (Prop_fdre_C_Q)         0.226     0.226 r  ofm_reg[0][13]/Q
                         net (fo=1, unplaced)         0.434     0.660    ofm[0]_OBUF[13]
                         OBUF (Prop_obuf_I_O)         1.873     2.534 r  ofm[0][13]_INST_0/O
                         net (fo=0)                   0.000     2.534    ofm[0][13]
                                                                      r  ofm[0][13] (OUT)
  -------------------------------------------------------------------    -------------------

Slack:                    inf
  Source:                 ofm_reg[0][14]/C
                            (rising edge-triggered cell FDRE)
  Destination:            ofm[0][14]
                            (output port)
  Path Group:             (none)
  Path Type:              Max at Slow Process Corner
  Data Path Delay:        2.534ns  (logic 2.099ns (82.855%)  route 0.434ns (17.145%))
  Logic Levels:           2  (FDRE=1 OBUF=1)

    Location             Delay type                Incr(ns)  Path(ns)    Netlist Resource(s)
  -------------------------------------------------------------------    -------------------
                         FDRE                         0.000     0.000 r  ofm_reg[0][14]/C
                         FDRE (Prop_fdre_C_Q)         0.226     0.226 r  ofm_reg[0][14]/Q
                         net (fo=1, unplaced)         0.434     0.660    ofm[0]_OBUF[14]
                         OBUF (Prop_obuf_I_O)         1.873     2.534 r  ofm[0][14]_INST_0/O
                         net (fo=0)                   0.000     2.534    ofm[0][14]
                                                                      r  ofm[0][14] (OUT)
  -------------------------------------------------------------------    -------------------

Slack:                    inf
  Source:                 ofm_reg[0][15]/C
                            (rising edge-triggered cell FDRE)
  Destination:            ofm[0][15]
                            (output port)
  Path Group:             (none)
  Path Type:              Max at Slow Process Corner
  Data Path Delay:        2.534ns  (logic 2.099ns (82.855%)  route 0.434ns (17.145%))
  Logic Levels:           2  (FDRE=1 OBUF=1)

    Location             Delay type                Incr(ns)  Path(ns)    Netlist Resource(s)
  -------------------------------------------------------------------    -------------------
                         FDRE                         0.000     0.000 r  ofm_reg[0][15]/C
                         FDRE (Prop_fdre_C_Q)         0.226     0.226 r  ofm_reg[0][15]/Q
                         net (fo=1, unplaced)         0.434     0.660    ofm[0]_OBUF[15]
                         OBUF (Prop_obuf_I_O)         1.873     2.534 r  ofm[0][15]_INST_0/O
                         net (fo=0)                   0.000     2.534    ofm[0][15]
                                                                      r  ofm[0][15] (OUT)
  -------------------------------------------------------------------    -------------------

Slack:                    inf
  Source:                 ofm_reg[0][1]/C
                            (rising edge-triggered cell FDRE)
  Destination:            ofm[0][1]
                            (output port)
  Path Group:             (none)
  Path Type:              Max at Slow Process Corner
  Data Path Delay:        2.534ns  (logic 2.099ns (82.855%)  route 0.434ns (17.145%))
  Logic Levels:           2  (FDRE=1 OBUF=1)

    Location             Delay type                Incr(ns)  Path(ns)    Netlist Resource(s)
  -------------------------------------------------------------------    -------------------
                         FDRE                         0.000     0.000 r  ofm_reg[0][1]/C
                         FDRE (Prop_fdre_C_Q)         0.226     0.226 r  ofm_reg[0][1]/Q
                         net (fo=1, unplaced)         0.434     0.660    ofm[0]_OBUF[1]
                         OBUF (Prop_obuf_I_O)         1.873     2.534 r  ofm[0][1]_INST_0/O
                         net (fo=0)                   0.000     2.534    ofm[0][1]
                                                                      r  ofm[0][1] (OUT)
  -------------------------------------------------------------------    -------------------

Slack:                    inf
  Source:                 ofm_reg[0][2]/C
                            (rising edge-triggered cell FDRE)
  Destination:            ofm[0][2]
                            (output port)
  Path Group:             (none)
  Path Type:              Max at Slow Process Corner
  Data Path Delay:        2.534ns  (logic 2.099ns (82.855%)  route 0.434ns (17.145%))
  Logic Levels:           2  (FDRE=1 OBUF=1)

    Location             Delay type                Incr(ns)  Path(ns)    Netlist Resource(s)
  -------------------------------------------------------------------    -------------------
                         FDRE                         0.000     0.000 r  ofm_reg[0][2]/C
                         FDRE (Prop_fdre_C_Q)         0.226     0.226 r  ofm_reg[0][2]/Q
                         net (fo=1, unplaced)         0.434     0.660    ofm[0]_OBUF[2]
                         OBUF (Prop_obuf_I_O)         1.873     2.534 r  ofm[0][2]_INST_0/O
                         net (fo=0)                   0.000     2.534    ofm[0][2]
                                                                      r  ofm[0][2] (OUT)
  -------------------------------------------------------------------    -------------------

Slack:                    inf
  Source:                 ofm_reg[0][3]/C
                            (rising edge-triggered cell FDRE)
  Destination:            ofm[0][3]
                            (output port)
  Path Group:             (none)
  Path Type:              Max at Slow Process Corner
  Data Path Delay:        2.534ns  (logic 2.099ns (82.855%)  route 0.434ns (17.145%))
  Logic Levels:           2  (FDRE=1 OBUF=1)

    Location             Delay type                Incr(ns)  Path(ns)    Netlist Resource(s)
  -------------------------------------------------------------------    -------------------
                         FDRE                         0.000     0.000 r  ofm_reg[0][3]/C
                         FDRE (Prop_fdre_C_Q)         0.226     0.226 r  ofm_reg[0][3]/Q
                         net (fo=1, unplaced)         0.434     0.660    ofm[0]_OBUF[3]
                         OBUF (Prop_obuf_I_O)         1.873     2.534 r  ofm[0][3]_INST_0/O
                         net (fo=0)                   0.000     2.534    ofm[0][3]
                                                                      r  ofm[0][3] (OUT)
  -------------------------------------------------------------------    -------------------

Slack:                    inf
  Source:                 ofm_reg[0][4]/C
                            (rising edge-triggered cell FDRE)
  Destination:            ofm[0][4]
                            (output port)
  Path Group:             (none)
  Path Type:              Max at Slow Process Corner
  Data Path Delay:        2.534ns  (logic 2.099ns (82.855%)  route 0.434ns (17.145%))
  Logic Levels:           2  (FDRE=1 OBUF=1)

    Location             Delay type                Incr(ns)  Path(ns)    Netlist Resource(s)
  -------------------------------------------------------------------    -------------------
                         FDRE                         0.000     0.000 r  ofm_reg[0][4]/C
                         FDRE (Prop_fdre_C_Q)         0.226     0.226 r  ofm_reg[0][4]/Q
                         net (fo=1, unplaced)         0.434     0.660    ofm[0]_OBUF[4]
                         OBUF (Prop_obuf_I_O)         1.873     2.534 r  ofm[0][4]_INST_0/O
                         net (fo=0)                   0.000     2.534    ofm[0][4]
                                                                      r  ofm[0][4] (OUT)
  -------------------------------------------------------------------    -------------------

Slack:                    inf
  Source:                 ofm_reg[0][5]/C
                            (rising edge-triggered cell FDRE)
  Destination:            ofm[0][5]
                            (output port)
  Path Group:             (none)
  Path Type:              Max at Slow Process Corner
  Data Path Delay:        2.534ns  (logic 2.099ns (82.855%)  route 0.434ns (17.145%))
  Logic Levels:           2  (FDRE=1 OBUF=1)

    Location             Delay type                Incr(ns)  Path(ns)    Netlist Resource(s)
  -------------------------------------------------------------------    -------------------
                         FDRE                         0.000     0.000 r  ofm_reg[0][5]/C
                         FDRE (Prop_fdre_C_Q)         0.226     0.226 r  ofm_reg[0][5]/Q
                         net (fo=1, unplaced)         0.434     0.660    ofm[0]_OBUF[5]
                         OBUF (Prop_obuf_I_O)         1.873     2.534 r  ofm[0][5]_INST_0/O
                         net (fo=0)                   0.000     2.534    ofm[0][5]
                                                                      r  ofm[0][5] (OUT)
  -------------------------------------------------------------------    -------------------

Slack:                    inf
  Source:                 ofm_reg[0][6]/C
                            (rising edge-triggered cell FDRE)
  Destination:            ofm[0][6]
                            (output port)
  Path Group:             (none)
  Path Type:              Max at Slow Process Corner
  Data Path Delay:        2.534ns  (logic 2.099ns (82.855%)  route 0.434ns (17.145%))
  Logic Levels:           2  (FDRE=1 OBUF=1)

    Location             Delay type                Incr(ns)  Path(ns)    Netlist Resource(s)
  -------------------------------------------------------------------    -------------------
                         FDRE                         0.000     0.000 r  ofm_reg[0][6]/C
                         FDRE (Prop_fdre_C_Q)         0.226     0.226 r  ofm_reg[0][6]/Q
                         net (fo=1, unplaced)         0.434     0.660    ofm[0]_OBUF[6]
                         OBUF (Prop_obuf_I_O)         1.873     2.534 r  ofm[0][6]_INST_0/O
                         net (fo=0)                   0.000     2.534    ofm[0][6]
                                                                      r  ofm[0][6] (OUT)
  -------------------------------------------------------------------    -------------------

Slack:                    inf
  Source:                 ofm_reg[0][7]/C
                            (rising edge-triggered cell FDRE)
  Destination:            ofm[0][7]
                            (output port)
  Path Group:             (none)
  Path Type:              Max at Slow Process Corner
  Data Path Delay:        2.534ns  (logic 2.099ns (82.855%)  route 0.434ns (17.145%))
  Logic Levels:           2  (FDRE=1 OBUF=1)

    Location             Delay type                Incr(ns)  Path(ns)    Netlist Resource(s)
  -------------------------------------------------------------------    -------------------
                         FDRE                         0.000     0.000 r  ofm_reg[0][7]/C
                         FDRE (Prop_fdre_C_Q)         0.226     0.226 r  ofm_reg[0][7]/Q
                         net (fo=1, unplaced)         0.434     0.660    ofm[0]_OBUF[7]
                         OBUF (Prop_obuf_I_O)         1.873     2.534 r  ofm[0][7]_INST_0/O
                         net (fo=0)                   0.000     2.534    ofm[0][7]
                                                                      r  ofm[0][7] (OUT)
  -------------------------------------------------------------------    -------------------

Slack:                    inf
  Source:                 ofm_reg[0][8]/C
                            (rising edge-triggered cell FDRE)
  Destination:            ofm[0][8]
                            (output port)
  Path Group:             (none)
  Path Type:              Max at Slow Process Corner
  Data Path Delay:        2.534ns  (logic 2.099ns (82.855%)  route 0.434ns (17.145%))
  Logic Levels:           2  (FDRE=1 OBUF=1)

    Location             Delay type                Incr(ns)  Path(ns)    Netlist Resource(s)
  -------------------------------------------------------------------    -------------------
                         FDRE                         0.000     0.000 r  ofm_reg[0][8]/C
                         FDRE (Prop_fdre_C_Q)         0.226     0.226 r  ofm_reg[0][8]/Q
                         net (fo=1, unplaced)         0.434     0.660    ofm[0]_OBUF[8]
                         OBUF (Prop_obuf_I_O)         1.873     2.534 r  ofm[0][8]_INST_0/O
                         net (fo=0)                   0.000     2.534    ofm[0][8]
                                                                      r  ofm[0][8] (OUT)
  -------------------------------------------------------------------    -------------------

Slack:                    inf
  Source:                 ofm_reg[0][9]/C
                            (rising edge-triggered cell FDRE)
  Destination:            ofm[0][9]
                            (output port)
  Path Group:             (none)
  Path Type:              Max at Slow Process Corner
  Data Path Delay:        2.534ns  (logic 2.099ns (82.855%)  route 0.434ns (17.145%))
  Logic Levels:           2  (FDRE=1 OBUF=1)

    Location             Delay type                Incr(ns)  Path(ns)    Netlist Resource(s)
  -------------------------------------------------------------------    -------------------
                         FDRE                         0.000     0.000 r  ofm_reg[0][9]/C
                         FDRE (Prop_fdre_C_Q)         0.226     0.226 r  ofm_reg[0][9]/Q
                         net (fo=1, unplaced)         0.434     0.660    ofm[0]_OBUF[9]
                         OBUF (Prop_obuf_I_O)         1.873     2.534 r  ofm[0][9]_INST_0/O
                         net (fo=0)                   0.000     2.534    ofm[0][9]
                                                                      r  ofm[0][9] (OUT)
  -------------------------------------------------------------------    -------------------

Slack:                    inf
  Source:                 ofm_reg[100][0]/C
                            (rising edge-triggered cell FDRE)
  Destination:            ofm[100][0]
                            (output port)
  Path Group:             (none)
  Path Type:              Max at Slow Process Corner
  Data Path Delay:        2.534ns  (logic 2.099ns (82.855%)  route 0.434ns (17.145%))
  Logic Levels:           2  (FDRE=1 OBUF=1)

    Location             Delay type                Incr(ns)  Path(ns)    Netlist Resource(s)
  -------------------------------------------------------------------    -------------------
                         FDRE                         0.000     0.000 r  ofm_reg[100][0]/C
                         FDRE (Prop_fdre_C_Q)         0.226     0.226 r  ofm_reg[100][0]/Q
                         net (fo=1, unplaced)         0.434     0.660    ofm[100]_OBUF[0]
                         OBUF (Prop_obuf_I_O)         1.873     2.534 r  ofm[100][0]_INST_0/O
                         net (fo=0)                   0.000     2.534    ofm[100][0]
                                                                      r  ofm[100][0] (OUT)
  -------------------------------------------------------------------    -------------------

Slack:                    inf
  Source:                 ofm_reg[100][10]/C
                            (rising edge-triggered cell FDRE)
  Destination:            ofm[100][10]
                            (output port)
  Path Group:             (none)
  Path Type:              Max at Slow Process Corner
  Data Path Delay:        2.534ns  (logic 2.099ns (82.855%)  route 0.434ns (17.145%))
  Logic Levels:           2  (FDRE=1 OBUF=1)

    Location             Delay type                Incr(ns)  Path(ns)    Netlist Resource(s)
  -------------------------------------------------------------------    -------------------
                         FDRE                         0.000     0.000 r  ofm_reg[100][10]/C
                         FDRE (Prop_fdre_C_Q)         0.226     0.226 r  ofm_reg[100][10]/Q
                         net (fo=1, unplaced)         0.434     0.660    ofm[100]_OBUF[10]
                         OBUF (Prop_obuf_I_O)         1.873     2.534 r  ofm[100][10]_INST_0/O
                         net (fo=0)                   0.000     2.534    ofm[100][10]
                                                                      r  ofm[100][10] (OUT)
  -------------------------------------------------------------------    -------------------

Slack:                    inf
  Source:                 ofm_reg[100][11]/C
                            (rising edge-triggered cell FDRE)
  Destination:            ofm[100][11]
                            (output port)
  Path Group:             (none)
  Path Type:              Max at Slow Process Corner
  Data Path Delay:        2.534ns  (logic 2.099ns (82.855%)  route 0.434ns (17.145%))
  Logic Levels:           2  (FDRE=1 OBUF=1)

    Location             Delay type                Incr(ns)  Path(ns)    Netlist Resource(s)
  -------------------------------------------------------------------    -------------------
                         FDRE                         0.000     0.000 r  ofm_reg[100][11]/C
                         FDRE (Prop_fdre_C_Q)         0.226     0.226 r  ofm_reg[100][11]/Q
                         net (fo=1, unplaced)         0.434     0.660    ofm[100]_OBUF[11]
                         OBUF (Prop_obuf_I_O)         1.873     2.534 r  ofm[100][11]_INST_0/O
                         net (fo=0)                   0.000     2.534    ofm[100][11]
                                                                      r  ofm[100][11] (OUT)
  -------------------------------------------------------------------    -------------------

Slack:                    inf
  Source:                 ofm_reg[100][12]/C
                            (rising edge-triggered cell FDRE)
  Destination:            ofm[100][12]
                            (output port)
  Path Group:             (none)
  Path Type:              Max at Slow Process Corner
  Data Path Delay:        2.534ns  (logic 2.099ns (82.855%)  route 0.434ns (17.145%))
  Logic Levels:           2  (FDRE=1 OBUF=1)

    Location             Delay type                Incr(ns)  Path(ns)    Netlist Resource(s)
  -------------------------------------------------------------------    -------------------
                         FDRE                         0.000     0.000 r  ofm_reg[100][12]/C
                         FDRE (Prop_fdre_C_Q)         0.226     0.226 r  ofm_reg[100][12]/Q
                         net (fo=1, unplaced)         0.434     0.660    ofm[100]_OBUF[12]
                         OBUF (Prop_obuf_I_O)         1.873     2.534 r  ofm[100][12]_INST_0/O
                         net (fo=0)                   0.000     2.534    ofm[100][12]
                                                                      r  ofm[100][12] (OUT)
  -------------------------------------------------------------------    -------------------

Slack:                    inf
  Source:                 ofm_reg[100][13]/C
                            (rising edge-triggered cell FDRE)
  Destination:            ofm[100][13]
                            (output port)
  Path Group:             (none)
  Path Type:              Max at Slow Process Corner
  Data Path Delay:        2.534ns  (logic 2.099ns (82.855%)  route 0.434ns (17.145%))
  Logic Levels:           2  (FDRE=1 OBUF=1)

    Location             Delay type                Incr(ns)  Path(ns)    Netlist Resource(s)
  -------------------------------------------------------------------    -------------------
                         FDRE                         0.000     0.000 r  ofm_reg[100][13]/C
                         FDRE (Prop_fdre_C_Q)         0.226     0.226 r  ofm_reg[100][13]/Q
                         net (fo=1, unplaced)         0.434     0.660    ofm[100]_OBUF[13]
                         OBUF (Prop_obuf_I_O)         1.873     2.534 r  ofm[100][13]_INST_0/O
                         net (fo=0)                   0.000     2.534    ofm[100][13]
                                                                      r  ofm[100][13] (OUT)
  -------------------------------------------------------------------    -------------------

Slack:                    inf
  Source:                 ofm_reg[100][14]/C
                            (rising edge-triggered cell FDRE)
  Destination:            ofm[100][14]
                            (output port)
  Path Group:             (none)
  Path Type:              Max at Slow Process Corner
  Data Path Delay:        2.534ns  (logic 2.099ns (82.855%)  route 0.434ns (17.145%))
  Logic Levels:           2  (FDRE=1 OBUF=1)

    Location             Delay type                Incr(ns)  Path(ns)    Netlist Resource(s)
  -------------------------------------------------------------------    -------------------
                         FDRE                         0.000     0.000 r  ofm_reg[100][14]/C
                         FDRE (Prop_fdre_C_Q)         0.226     0.226 r  ofm_reg[100][14]/Q
                         net (fo=1, unplaced)         0.434     0.660    ofm[100]_OBUF[14]
                         OBUF (Prop_obuf_I_O)         1.873     2.534 r  ofm[100][14]_INST_0/O
                         net (fo=0)                   0.000     2.534    ofm[100][14]
                                                                      r  ofm[100][14] (OUT)
  -------------------------------------------------------------------    -------------------

Slack:                    inf
  Source:                 ofm_reg[100][15]/C
                            (rising edge-triggered cell FDRE)
  Destination:            ofm[100][15]
                            (output port)
  Path Group:             (none)
  Path Type:              Max at Slow Process Corner
  Data Path Delay:        2.534ns  (logic 2.099ns (82.855%)  route 0.434ns (17.145%))
  Logic Levels:           2  (FDRE=1 OBUF=1)

    Location             Delay type                Incr(ns)  Path(ns)    Netlist Resource(s)
  -------------------------------------------------------------------    -------------------
                         FDRE                         0.000     0.000 r  ofm_reg[100][15]/C
                         FDRE (Prop_fdre_C_Q)         0.226     0.226 r  ofm_reg[100][15]/Q
                         net (fo=1, unplaced)         0.434     0.660    ofm[100]_OBUF[15]
                         OBUF (Prop_obuf_I_O)         1.873     2.534 r  ofm[100][15]_INST_0/O
                         net (fo=0)                   0.000     2.534    ofm[100][15]
                                                                      r  ofm[100][15] (OUT)
  -------------------------------------------------------------------    -------------------

Slack:                    inf
  Source:                 ofm_reg[100][1]/C
                            (rising edge-triggered cell FDRE)
  Destination:            ofm[100][1]
                            (output port)
  Path Group:             (none)
  Path Type:              Max at Slow Process Corner
  Data Path Delay:        2.534ns  (logic 2.099ns (82.855%)  route 0.434ns (17.145%))
  Logic Levels:           2  (FDRE=1 OBUF=1)

    Location             Delay type                Incr(ns)  Path(ns)    Netlist Resource(s)
  -------------------------------------------------------------------    -------------------
                         FDRE                         0.000     0.000 r  ofm_reg[100][1]/C
                         FDRE (Prop_fdre_C_Q)         0.226     0.226 r  ofm_reg[100][1]/Q
                         net (fo=1, unplaced)         0.434     0.660    ofm[100]_OBUF[1]
                         OBUF (Prop_obuf_I_O)         1.873     2.534 r  ofm[100][1]_INST_0/O
                         net (fo=0)                   0.000     2.534    ofm[100][1]
                                                                      r  ofm[100][1] (OUT)
  -------------------------------------------------------------------    -------------------

Slack:                    inf
  Source:                 ofm_reg[100][2]/C
                            (rising edge-triggered cell FDRE)
  Destination:            ofm[100][2]
                            (output port)
  Path Group:             (none)
  Path Type:              Max at Slow Process Corner
  Data Path Delay:        2.534ns  (logic 2.099ns (82.855%)  route 0.434ns (17.145%))
  Logic Levels:           2  (FDRE=1 OBUF=1)

    Location             Delay type                Incr(ns)  Path(ns)    Netlist Resource(s)
  -------------------------------------------------------------------    -------------------
                         FDRE                         0.000     0.000 r  ofm_reg[100][2]/C
                         FDRE (Prop_fdre_C_Q)         0.226     0.226 r  ofm_reg[100][2]/Q
                         net (fo=1, unplaced)         0.434     0.660    ofm[100]_OBUF[2]
                         OBUF (Prop_obuf_I_O)         1.873     2.534 r  ofm[100][2]_INST_0/O
                         net (fo=0)                   0.000     2.534    ofm[100][2]
                                                                      r  ofm[100][2] (OUT)
  -------------------------------------------------------------------    -------------------

Slack:                    inf
  Source:                 ofm_reg[100][3]/C
                            (rising edge-triggered cell FDRE)
  Destination:            ofm[100][3]
                            (output port)
  Path Group:             (none)
  Path Type:              Max at Slow Process Corner
  Data Path Delay:        2.534ns  (logic 2.099ns (82.855%)  route 0.434ns (17.145%))
  Logic Levels:           2  (FDRE=1 OBUF=1)

    Location             Delay type                Incr(ns)  Path(ns)    Netlist Resource(s)
  -------------------------------------------------------------------    -------------------
                         FDRE                         0.000     0.000 r  ofm_reg[100][3]/C
                         FDRE (Prop_fdre_C_Q)         0.226     0.226 r  ofm_reg[100][3]/Q
                         net (fo=1, unplaced)         0.434     0.660    ofm[100]_OBUF[3]
                         OBUF (Prop_obuf_I_O)         1.873     2.534 r  ofm[100][3]_INST_0/O
                         net (fo=0)                   0.000     2.534    ofm[100][3]
                                                                      r  ofm[100][3] (OUT)
  -------------------------------------------------------------------    -------------------

Slack:                    inf
  Source:                 ofm_reg[100][4]/C
                            (rising edge-triggered cell FDRE)
  Destination:            ofm[100][4]
                            (output port)
  Path Group:             (none)
  Path Type:              Max at Slow Process Corner
  Data Path Delay:        2.534ns  (logic 2.099ns (82.855%)  route 0.434ns (17.145%))
  Logic Levels:           2  (FDRE=1 OBUF=1)

    Location             Delay type                Incr(ns)  Path(ns)    Netlist Resource(s)
  -------------------------------------------------------------------    -------------------
                         FDRE                         0.000     0.000 r  ofm_reg[100][4]/C
                         FDRE (Prop_fdre_C_Q)         0.226     0.226 r  ofm_reg[100][4]/Q
                         net (fo=1, unplaced)         0.434     0.660    ofm[100]_OBUF[4]
                         OBUF (Prop_obuf_I_O)         1.873     2.534 r  ofm[100][4]_INST_0/O
                         net (fo=0)                   0.000     2.534    ofm[100][4]
                                                                      r  ofm[100][4] (OUT)
  -------------------------------------------------------------------    -------------------

Slack:                    inf
  Source:                 ofm_reg[100][5]/C
                            (rising edge-triggered cell FDRE)
  Destination:            ofm[100][5]
                            (output port)
  Path Group:             (none)
  Path Type:              Max at Slow Process Corner
  Data Path Delay:        2.534ns  (logic 2.099ns (82.855%)  route 0.434ns (17.145%))
  Logic Levels:           2  (FDRE=1 OBUF=1)

    Location             Delay type                Incr(ns)  Path(ns)    Netlist Resource(s)
  -------------------------------------------------------------------    -------------------
                         FDRE                         0.000     0.000 r  ofm_reg[100][5]/C
                         FDRE (Prop_fdre_C_Q)         0.226     0.226 r  ofm_reg[100][5]/Q
                         net (fo=1, unplaced)         0.434     0.660    ofm[100]_OBUF[5]
                         OBUF (Prop_obuf_I_O)         1.873     2.534 r  ofm[100][5]_INST_0/O
                         net (fo=0)                   0.000     2.534    ofm[100][5]
                                                                      r  ofm[100][5] (OUT)
  -------------------------------------------------------------------    -------------------

Slack:                    inf
  Source:                 ofm_reg[100][6]/C
                            (rising edge-triggered cell FDRE)
  Destination:            ofm[100][6]
                            (output port)
  Path Group:             (none)
  Path Type:              Max at Slow Process Corner
  Data Path Delay:        2.534ns  (logic 2.099ns (82.855%)  route 0.434ns (17.145%))
  Logic Levels:           2  (FDRE=1 OBUF=1)

    Location             Delay type                Incr(ns)  Path(ns)    Netlist Resource(s)
  -------------------------------------------------------------------    -------------------
                         FDRE                         0.000     0.000 r  ofm_reg[100][6]/C
                         FDRE (Prop_fdre_C_Q)         0.226     0.226 r  ofm_reg[100][6]/Q
                         net (fo=1, unplaced)         0.434     0.660    ofm[100]_OBUF[6]
                         OBUF (Prop_obuf_I_O)         1.873     2.534 r  ofm[100][6]_INST_0/O
                         net (fo=0)                   0.000     2.534    ofm[100][6]
                                                                      r  ofm[100][6] (OUT)
  -------------------------------------------------------------------    -------------------

Slack:                    inf
  Source:                 ofm_reg[100][7]/C
                            (rising edge-triggered cell FDRE)
  Destination:            ofm[100][7]
                            (output port)
  Path Group:             (none)
  Path Type:              Max at Slow Process Corner
  Data Path Delay:        2.534ns  (logic 2.099ns (82.855%)  route 0.434ns (17.145%))
  Logic Levels:           2  (FDRE=1 OBUF=1)

    Location             Delay type                Incr(ns)  Path(ns)    Netlist Resource(s)
  -------------------------------------------------------------------    -------------------
                         FDRE                         0.000     0.000 r  ofm_reg[100][7]/C
                         FDRE (Prop_fdre_C_Q)         0.226     0.226 r  ofm_reg[100][7]/Q
                         net (fo=1, unplaced)         0.434     0.660    ofm[100]_OBUF[7]
                         OBUF (Prop_obuf_I_O)         1.873     2.534 r  ofm[100][7]_INST_0/O
                         net (fo=0)                   0.000     2.534    ofm[100][7]
                                                                      r  ofm[100][7] (OUT)
  -------------------------------------------------------------------    -------------------

Slack:                    inf
  Source:                 ofm_reg[100][8]/C
                            (rising edge-triggered cell FDRE)
  Destination:            ofm[100][8]
                            (output port)
  Path Group:             (none)
  Path Type:              Max at Slow Process Corner
  Data Path Delay:        2.534ns  (logic 2.099ns (82.855%)  route 0.434ns (17.145%))
  Logic Levels:           2  (FDRE=1 OBUF=1)

    Location             Delay type                Incr(ns)  Path(ns)    Netlist Resource(s)
  -------------------------------------------------------------------    -------------------
                         FDRE                         0.000     0.000 r  ofm_reg[100][8]/C
                         FDRE (Prop_fdre_C_Q)         0.226     0.226 r  ofm_reg[100][8]/Q
                         net (fo=1, unplaced)         0.434     0.660    ofm[100]_OBUF[8]
                         OBUF (Prop_obuf_I_O)         1.873     2.534 r  ofm[100][8]_INST_0/O
                         net (fo=0)                   0.000     2.534    ofm[100][8]
                                                                      r  ofm[100][8] (OUT)
  -------------------------------------------------------------------    -------------------

Slack:                    inf
  Source:                 ofm_reg[100][9]/C
                            (rising edge-triggered cell FDRE)
  Destination:            ofm[100][9]
                            (output port)
  Path Group:             (none)
  Path Type:              Max at Slow Process Corner
  Data Path Delay:        2.534ns  (logic 2.099ns (82.855%)  route 0.434ns (17.145%))
  Logic Levels:           2  (FDRE=1 OBUF=1)

    Location             Delay type                Incr(ns)  Path(ns)    Netlist Resource(s)
  -------------------------------------------------------------------    -------------------
                         FDRE                         0.000     0.000 r  ofm_reg[100][9]/C
                         FDRE (Prop_fdre_C_Q)         0.226     0.226 r  ofm_reg[100][9]/Q
                         net (fo=1, unplaced)         0.434     0.660    ofm[100]_OBUF[9]
                         OBUF (Prop_obuf_I_O)         1.873     2.534 r  ofm[100][9]_INST_0/O
                         net (fo=0)                   0.000     2.534    ofm[100][9]
                                                                      r  ofm[100][9] (OUT)
  -------------------------------------------------------------------    -------------------

Slack:                    inf
  Source:                 ofm_reg[101][0]/C
                            (rising edge-triggered cell FDRE)
  Destination:            ofm[101][0]
                            (output port)
  Path Group:             (none)
  Path Type:              Max at Slow Process Corner
  Data Path Delay:        2.534ns  (logic 2.099ns (82.855%)  route 0.434ns (17.145%))
  Logic Levels:           2  (FDRE=1 OBUF=1)

    Location             Delay type                Incr(ns)  Path(ns)    Netlist Resource(s)
  -------------------------------------------------------------------    -------------------
                         FDRE                         0.000     0.000 r  ofm_reg[101][0]/C
                         FDRE (Prop_fdre_C_Q)         0.226     0.226 r  ofm_reg[101][0]/Q
                         net (fo=1, unplaced)         0.434     0.660    ofm[101]_OBUF[0]
                         OBUF (Prop_obuf_I_O)         1.873     2.534 r  ofm[101][0]_INST_0/O
                         net (fo=0)                   0.000     2.534    ofm[101][0]
                                                                      r  ofm[101][0] (OUT)
  -------------------------------------------------------------------    -------------------

Slack:                    inf
  Source:                 ofm_reg[101][10]/C
                            (rising edge-triggered cell FDRE)
  Destination:            ofm[101][10]
                            (output port)
  Path Group:             (none)
  Path Type:              Max at Slow Process Corner
  Data Path Delay:        2.534ns  (logic 2.099ns (82.855%)  route 0.434ns (17.145%))
  Logic Levels:           2  (FDRE=1 OBUF=1)

    Location             Delay type                Incr(ns)  Path(ns)    Netlist Resource(s)
  -------------------------------------------------------------------    -------------------
                         FDRE                         0.000     0.000 r  ofm_reg[101][10]/C
                         FDRE (Prop_fdre_C_Q)         0.226     0.226 r  ofm_reg[101][10]/Q
                         net (fo=1, unplaced)         0.434     0.660    ofm[101]_OBUF[10]
                         OBUF (Prop_obuf_I_O)         1.873     2.534 r  ofm[101][10]_INST_0/O
                         net (fo=0)                   0.000     2.534    ofm[101][10]
                                                                      r  ofm[101][10] (OUT)
  -------------------------------------------------------------------    -------------------

Slack:                    inf
  Source:                 ofm_reg[101][11]/C
                            (rising edge-triggered cell FDRE)
  Destination:            ofm[101][11]
                            (output port)
  Path Group:             (none)
  Path Type:              Max at Slow Process Corner
  Data Path Delay:        2.534ns  (logic 2.099ns (82.855%)  route 0.434ns (17.145%))
  Logic Levels:           2  (FDRE=1 OBUF=1)

    Location             Delay type                Incr(ns)  Path(ns)    Netlist Resource(s)
  -------------------------------------------------------------------    -------------------
                         FDRE                         0.000     0.000 r  ofm_reg[101][11]/C
                         FDRE (Prop_fdre_C_Q)         0.226     0.226 r  ofm_reg[101][11]/Q
                         net (fo=1, unplaced)         0.434     0.660    ofm[101]_OBUF[11]
                         OBUF (Prop_obuf_I_O)         1.873     2.534 r  ofm[101][11]_INST_0/O
                         net (fo=0)                   0.000     2.534    ofm[101][11]
                                                                      r  ofm[101][11] (OUT)
  -------------------------------------------------------------------    -------------------

Slack:                    inf
  Source:                 ofm_reg[101][12]/C
                            (rising edge-triggered cell FDRE)
  Destination:            ofm[101][12]
                            (output port)
  Path Group:             (none)
  Path Type:              Max at Slow Process Corner
  Data Path Delay:        2.534ns  (logic 2.099ns (82.855%)  route 0.434ns (17.145%))
  Logic Levels:           2  (FDRE=1 OBUF=1)

    Location             Delay type                Incr(ns)  Path(ns)    Netlist Resource(s)
  -------------------------------------------------------------------    -------------------
                         FDRE                         0.000     0.000 r  ofm_reg[101][12]/C
                         FDRE (Prop_fdre_C_Q)         0.226     0.226 r  ofm_reg[101][12]/Q
                         net (fo=1, unplaced)         0.434     0.660    ofm[101]_OBUF[12]
                         OBUF (Prop_obuf_I_O)         1.873     2.534 r  ofm[101][12]_INST_0/O
                         net (fo=0)                   0.000     2.534    ofm[101][12]
                                                                      r  ofm[101][12] (OUT)
  -------------------------------------------------------------------    -------------------

Slack:                    inf
  Source:                 ofm_reg[101][13]/C
                            (rising edge-triggered cell FDRE)
  Destination:            ofm[101][13]
                            (output port)
  Path Group:             (none)
  Path Type:              Max at Slow Process Corner
  Data Path Delay:        2.534ns  (logic 2.099ns (82.855%)  route 0.434ns (17.145%))
  Logic Levels:           2  (FDRE=1 OBUF=1)

    Location             Delay type                Incr(ns)  Path(ns)    Netlist Resource(s)
  -------------------------------------------------------------------    -------------------
                         FDRE                         0.000     0.000 r  ofm_reg[101][13]/C
                         FDRE (Prop_fdre_C_Q)         0.226     0.226 r  ofm_reg[101][13]/Q
                         net (fo=1, unplaced)         0.434     0.660    ofm[101]_OBUF[13]
                         OBUF (Prop_obuf_I_O)         1.873     2.534 r  ofm[101][13]_INST_0/O
                         net (fo=0)                   0.000     2.534    ofm[101][13]
                                                                      r  ofm[101][13] (OUT)
  -------------------------------------------------------------------    -------------------

Slack:                    inf
  Source:                 ofm_reg[101][14]/C
                            (rising edge-triggered cell FDRE)
  Destination:            ofm[101][14]
                            (output port)
  Path Group:             (none)
  Path Type:              Max at Slow Process Corner
  Data Path Delay:        2.534ns  (logic 2.099ns (82.855%)  route 0.434ns (17.145%))
  Logic Levels:           2  (FDRE=1 OBUF=1)

    Location             Delay type                Incr(ns)  Path(ns)    Netlist Resource(s)
  -------------------------------------------------------------------    -------------------
                         FDRE                         0.000     0.000 r  ofm_reg[101][14]/C
                         FDRE (Prop_fdre_C_Q)         0.226     0.226 r  ofm_reg[101][14]/Q
                         net (fo=1, unplaced)         0.434     0.660    ofm[101]_OBUF[14]
                         OBUF (Prop_obuf_I_O)         1.873     2.534 r  ofm[101][14]_INST_0/O
                         net (fo=0)                   0.000     2.534    ofm[101][14]
                                                                      r  ofm[101][14] (OUT)
  -------------------------------------------------------------------    -------------------

Slack:                    inf
  Source:                 ofm_reg[101][15]/C
                            (rising edge-triggered cell FDRE)
  Destination:            ofm[101][15]
                            (output port)
  Path Group:             (none)
  Path Type:              Max at Slow Process Corner
  Data Path Delay:        2.534ns  (logic 2.099ns (82.855%)  route 0.434ns (17.145%))
  Logic Levels:           2  (FDRE=1 OBUF=1)

    Location             Delay type                Incr(ns)  Path(ns)    Netlist Resource(s)
  -------------------------------------------------------------------    -------------------
                         FDRE                         0.000     0.000 r  ofm_reg[101][15]/C
                         FDRE (Prop_fdre_C_Q)         0.226     0.226 r  ofm_reg[101][15]/Q
                         net (fo=1, unplaced)         0.434     0.660    ofm[101]_OBUF[15]
                         OBUF (Prop_obuf_I_O)         1.873     2.534 r  ofm[101][15]_INST_0/O
                         net (fo=0)                   0.000     2.534    ofm[101][15]
                                                                      r  ofm[101][15] (OUT)
  -------------------------------------------------------------------    -------------------

Slack:                    inf
  Source:                 ofm_reg[101][1]/C
                            (rising edge-triggered cell FDRE)
  Destination:            ofm[101][1]
                            (output port)
  Path Group:             (none)
  Path Type:              Max at Slow Process Corner
  Data Path Delay:        2.534ns  (logic 2.099ns (82.855%)  route 0.434ns (17.145%))
  Logic Levels:           2  (FDRE=1 OBUF=1)

    Location             Delay type                Incr(ns)  Path(ns)    Netlist Resource(s)
  -------------------------------------------------------------------    -------------------
                         FDRE                         0.000     0.000 r  ofm_reg[101][1]/C
                         FDRE (Prop_fdre_C_Q)         0.226     0.226 r  ofm_reg[101][1]/Q
                         net (fo=1, unplaced)         0.434     0.660    ofm[101]_OBUF[1]
                         OBUF (Prop_obuf_I_O)         1.873     2.534 r  ofm[101][1]_INST_0/O
                         net (fo=0)                   0.000     2.534    ofm[101][1]
                                                                      r  ofm[101][1] (OUT)
  -------------------------------------------------------------------    -------------------

Slack:                    inf
  Source:                 ofm_reg[101][2]/C
                            (rising edge-triggered cell FDRE)
  Destination:            ofm[101][2]
                            (output port)
  Path Group:             (none)
  Path Type:              Max at Slow Process Corner
  Data Path Delay:        2.534ns  (logic 2.099ns (82.855%)  route 0.434ns (17.145%))
  Logic Levels:           2  (FDRE=1 OBUF=1)

    Location             Delay type                Incr(ns)  Path(ns)    Netlist Resource(s)
  -------------------------------------------------------------------    -------------------
                         FDRE                         0.000     0.000 r  ofm_reg[101][2]/C
                         FDRE (Prop_fdre_C_Q)         0.226     0.226 r  ofm_reg[101][2]/Q
                         net (fo=1, unplaced)         0.434     0.660    ofm[101]_OBUF[2]
                         OBUF (Prop_obuf_I_O)         1.873     2.534 r  ofm[101][2]_INST_0/O
                         net (fo=0)                   0.000     2.534    ofm[101][2]
                                                                      r  ofm[101][2] (OUT)
  -------------------------------------------------------------------    -------------------

Slack:                    inf
  Source:                 ofm_reg[101][3]/C
                            (rising edge-triggered cell FDRE)
  Destination:            ofm[101][3]
                            (output port)
  Path Group:             (none)
  Path Type:              Max at Slow Process Corner
  Data Path Delay:        2.534ns  (logic 2.099ns (82.855%)  route 0.434ns (17.145%))
  Logic Levels:           2  (FDRE=1 OBUF=1)

    Location             Delay type                Incr(ns)  Path(ns)    Netlist Resource(s)
  -------------------------------------------------------------------    -------------------
                         FDRE                         0.000     0.000 r  ofm_reg[101][3]/C
                         FDRE (Prop_fdre_C_Q)         0.226     0.226 r  ofm_reg[101][3]/Q
                         net (fo=1, unplaced)         0.434     0.660    ofm[101]_OBUF[3]
                         OBUF (Prop_obuf_I_O)         1.873     2.534 r  ofm[101][3]_INST_0/O
                         net (fo=0)                   0.000     2.534    ofm[101][3]
                                                                      r  ofm[101][3] (OUT)
  -------------------------------------------------------------------    -------------------

Slack:                    inf
  Source:                 ofm_reg[101][4]/C
                            (rising edge-triggered cell FDRE)
  Destination:            ofm[101][4]
                            (output port)
  Path Group:             (none)
  Path Type:              Max at Slow Process Corner
  Data Path Delay:        2.534ns  (logic 2.099ns (82.855%)  route 0.434ns (17.145%))
  Logic Levels:           2  (FDRE=1 OBUF=1)

    Location             Delay type                Incr(ns)  Path(ns)    Netlist Resource(s)
  -------------------------------------------------------------------    -------------------
                         FDRE                         0.000     0.000 r  ofm_reg[101][4]/C
                         FDRE (Prop_fdre_C_Q)         0.226     0.226 r  ofm_reg[101][4]/Q
                         net (fo=1, unplaced)         0.434     0.660    ofm[101]_OBUF[4]
                         OBUF (Prop_obuf_I_O)         1.873     2.534 r  ofm[101][4]_INST_0/O
                         net (fo=0)                   0.000     2.534    ofm[101][4]
                                                                      r  ofm[101][4] (OUT)
  -------------------------------------------------------------------    -------------------

Slack:                    inf
  Source:                 ofm_reg[101][5]/C
                            (rising edge-triggered cell FDRE)
  Destination:            ofm[101][5]
                            (output port)
  Path Group:             (none)
  Path Type:              Max at Slow Process Corner
  Data Path Delay:        2.534ns  (logic 2.099ns (82.855%)  route 0.434ns (17.145%))
  Logic Levels:           2  (FDRE=1 OBUF=1)

    Location             Delay type                Incr(ns)  Path(ns)    Netlist Resource(s)
  -------------------------------------------------------------------    -------------------
                         FDRE                         0.000     0.000 r  ofm_reg[101][5]/C
                         FDRE (Prop_fdre_C_Q)         0.226     0.226 r  ofm_reg[101][5]/Q
                         net (fo=1, unplaced)         0.434     0.660    ofm[101]_OBUF[5]
                         OBUF (Prop_obuf_I_O)         1.873     2.534 r  ofm[101][5]_INST_0/O
                         net (fo=0)                   0.000     2.534    ofm[101][5]
                                                                      r  ofm[101][5] (OUT)
  -------------------------------------------------------------------    -------------------

Slack:                    inf
  Source:                 ofm_reg[101][6]/C
                            (rising edge-triggered cell FDRE)
  Destination:            ofm[101][6]
                            (output port)
  Path Group:             (none)
  Path Type:              Max at Slow Process Corner
  Data Path Delay:        2.534ns  (logic 2.099ns (82.855%)  route 0.434ns (17.145%))
  Logic Levels:           2  (FDRE=1 OBUF=1)

    Location             Delay type                Incr(ns)  Path(ns)    Netlist Resource(s)
  -------------------------------------------------------------------    -------------------
                         FDRE                         0.000     0.000 r  ofm_reg[101][6]/C
                         FDRE (Prop_fdre_C_Q)         0.226     0.226 r  ofm_reg[101][6]/Q
                         net (fo=1, unplaced)         0.434     0.660    ofm[101]_OBUF[6]
                         OBUF (Prop_obuf_I_O)         1.873     2.534 r  ofm[101][6]_INST_0/O
                         net (fo=0)                   0.000     2.534    ofm[101][6]
                                                                      r  ofm[101][6] (OUT)
  -------------------------------------------------------------------    -------------------

Slack:                    inf
  Source:                 ofm_reg[101][7]/C
                            (rising edge-triggered cell FDRE)
  Destination:            ofm[101][7]
                            (output port)
  Path Group:             (none)
  Path Type:              Max at Slow Process Corner
  Data Path Delay:        2.534ns  (logic 2.099ns (82.855%)  route 0.434ns (17.145%))
  Logic Levels:           2  (FDRE=1 OBUF=1)

    Location             Delay type                Incr(ns)  Path(ns)    Netlist Resource(s)
  -------------------------------------------------------------------    -------------------
                         FDRE                         0.000     0.000 r  ofm_reg[101][7]/C
                         FDRE (Prop_fdre_C_Q)         0.226     0.226 r  ofm_reg[101][7]/Q
                         net (fo=1, unplaced)         0.434     0.660    ofm[101]_OBUF[7]
                         OBUF (Prop_obuf_I_O)         1.873     2.534 r  ofm[101][7]_INST_0/O
                         net (fo=0)                   0.000     2.534    ofm[101][7]
                                                                      r  ofm[101][7] (OUT)
  -------------------------------------------------------------------    -------------------

Slack:                    inf
  Source:                 ofm_reg[101][8]/C
                            (rising edge-triggered cell FDRE)
  Destination:            ofm[101][8]
                            (output port)
  Path Group:             (none)
  Path Type:              Max at Slow Process Corner
  Data Path Delay:        2.534ns  (logic 2.099ns (82.855%)  route 0.434ns (17.145%))
  Logic Levels:           2  (FDRE=1 OBUF=1)

    Location             Delay type                Incr(ns)  Path(ns)    Netlist Resource(s)
  -------------------------------------------------------------------    -------------------
                         FDRE                         0.000     0.000 r  ofm_reg[101][8]/C
                         FDRE (Prop_fdre_C_Q)         0.226     0.226 r  ofm_reg[101][8]/Q
                         net (fo=1, unplaced)         0.434     0.660    ofm[101]_OBUF[8]
                         OBUF (Prop_obuf_I_O)         1.873     2.534 r  ofm[101][8]_INST_0/O
                         net (fo=0)                   0.000     2.534    ofm[101][8]
                                                                      r  ofm[101][8] (OUT)
  -------------------------------------------------------------------    -------------------

Slack:                    inf
  Source:                 ofm_reg[101][9]/C
                            (rising edge-triggered cell FDRE)
  Destination:            ofm[101][9]
                            (output port)
  Path Group:             (none)
  Path Type:              Max at Slow Process Corner
  Data Path Delay:        2.534ns  (logic 2.099ns (82.855%)  route 0.434ns (17.145%))
  Logic Levels:           2  (FDRE=1 OBUF=1)

    Location             Delay type                Incr(ns)  Path(ns)    Netlist Resource(s)
  -------------------------------------------------------------------    -------------------
                         FDRE                         0.000     0.000 r  ofm_reg[101][9]/C
                         FDRE (Prop_fdre_C_Q)         0.226     0.226 r  ofm_reg[101][9]/Q
                         net (fo=1, unplaced)         0.434     0.660    ofm[101]_OBUF[9]
                         OBUF (Prop_obuf_I_O)         1.873     2.534 r  ofm[101][9]_INST_0/O
                         net (fo=0)                   0.000     2.534    ofm[101][9]
                                                                      r  ofm[101][9] (OUT)
  -------------------------------------------------------------------    -------------------




