%Error: temp.sv:134: Cannot find file containing module: ram_3d
%Error: temp.sv:134: This may be because there's no search path specified with -I<dir>.
%Error: temp.sv:134: Looked in:
%Error: temp.sv:134:       ram_3d
%Error: temp.sv:134:       ram_3d.v
%Error: temp.sv:134:       ram_3d.sv
%Error: temp.sv:134:       obj_dir/ram_3d
%Error: temp.sv:134:       obj_dir/ram_3d.v
%Error: temp.sv:134:       obj_dir/ram_3d.sv
%Error: temp.sv:157: Cannot find file containing module: ram_3d
%Warning-WIDTH: temp.sv:1114: Operator LT expects 32 bits on the RHS, but RHS's VARREF 'norm_numofchannels' generates 4 bits.
%Warning-WIDTH: Use "/* verilator lint_off WIDTH */" and lint_on around source to disable this message.
%Warning-WIDTH: temp.sv:1116: Operator ADD expects 32 bits on the LHS, but LHS's VARREF 'set1_counter' generates 3 bits.
%Warning-WIDTH: temp.sv:1117: Operator ADD expects 32 bits on the LHS, but LHS's VARREF 'set1_counter' generates 3 bits.
%Warning-WIDTH: temp.sv:1126: Operator ASSIGNDLY expects 3 bits on the Assign RHS, but Assign RHS's ADD generates 4 bits.
%Warning-WIDTH: temp.sv:1122: Operator GTE expects 32 or 4 bits on the LHS, but LHS's VARREF 'set1_counter' generates 3 bits.
%Warning-WIDTH: temp.sv:1121: Operator EQ expects 8 bits on the LHS, but LHS's VARREF 'rowcounter1' generates 7 bits.
%Warning-WIDTH: temp.sv:1128: Operator EQ expects 8 bits on the LHS, but LHS's VARREF 'rowcounter1' generates 7 bits.
%Warning-WIDTH: temp.sv:1131: Operator EQ expects 8 bits on the LHS, but LHS's VARREF 'rowcounter1' generates 7 bits.
%Warning-WIDTH: temp.sv:1165: Operator LT expects 32 bits on the RHS, but RHS's VARREF 'norm_numofchannels' generates 4 bits.
%Warning-WIDTH: temp.sv:1167: Operator ADD expects 32 bits on the LHS, but LHS's VARREF 'set2_counter' generates 4 bits.
%Warning-WIDTH: temp.sv:1168: Operator ADD expects 32 bits on the LHS, but LHS's VARREF 'set2_counter' generates 4 bits.
%Warning-WIDTH: temp.sv:1171: Operator EQ expects 8 bits on the LHS, but LHS's VARREF 'rowcounter2' generates 7 bits.
%Warning-WIDTH: temp.sv:1174: Operator EQ expects 8 bits on the LHS, but LHS's VARREF 'rowcounter2' generates 7 bits.
%Warning-WIDTH: temp.sv:1193: Operator EQ expects 8 bits on the LHS, but LHS's VARREF 'rowcounter2' generates 7 bits.
%Warning-WIDTH: temp.sv:1205: Operator LT expects 32 bits on the RHS, but RHS's VARREF 'norm_numofchannels' generates 4 bits.
%Warning-WIDTH: temp.sv:1207: Operator ADD expects 32 bits on the LHS, but LHS's VARREF 'set2_counter' generates 4 bits.
%Warning-WIDTH: temp.sv:1208: Operator ADD expects 32 bits on the LHS, but LHS's VARREF 'set2_counter' generates 4 bits.
%Warning-WIDTH: temp.sv:1211: Operator EQ expects 8 bits on the LHS, but LHS's VARREF 'rowcounter2' generates 7 bits.
%Warning-WIDTH: temp.sv:1214: Operator EQ expects 8 bits on the LHS, but LHS's VARREF 'rowcounter2' generates 7 bits.
%Warning-WIDTH: temp.sv:1232: Operator EQ expects 8 bits on the LHS, but LHS's VARREF 'rowcounter2' generates 7 bits.
%Warning-WIDTH: temp.sv:1304: Operator NEQ expects 32 bits on the RHS, but RHS's VARREF 'channels1' generates 6 bits.
%Warning-WIDTH: temp.sv:1333: Operator NEQ expects 32 bits on the RHS, but RHS's VARREF 'channels1' generates 6 bits.
%Warning-WIDTH: temp.sv:1361: Operator NEQ expects 32 bits on the RHS, but RHS's VARREF 'channels1' generates 6 bits.
%Warning-WIDTH: temp.sv:1390: Operator NEQ expects 32 bits on the RHS, but RHS's VARREF 'channels1' generates 6 bits.
%Warning-WIDTH: temp.sv:1418: Operator NEQ expects 32 bits on the RHS, but RHS's VARREF 'channels1' generates 6 bits.
%Warning-WIDTH: temp.sv:1443: Operator NEQ expects 32 bits on the RHS, but RHS's VARREF 'channels1' generates 6 bits.
%Warning-WIDTH: temp.sv:1471: Operator NEQ expects 32 bits on the RHS, but RHS's VARREF 'channels1' generates 6 bits.
%Warning-WIDTH: temp.sv:1499: Operator NEQ expects 32 bits on the RHS, but RHS's VARREF 'channels1' generates 6 bits.
%Warning-WIDTH: temp.sv:1527: Operator NEQ expects 32 bits on the RHS, but RHS's VARREF 'channels1' generates 6 bits.
%Warning-WIDTH: temp.sv:1556: Operator NEQ expects 32 bits on the RHS, but RHS's VARREF 'channels1' generates 6 bits.
%Warning-WIDTH: temp.sv:1585: Operator NEQ expects 32 bits on the RHS, but RHS's VARREF 'channels1' generates 6 bits.
%Warning-WIDTH: temp.sv:1614: Operator NEQ expects 32 bits on the RHS, but RHS's VARREF 'channels1' generates 6 bits.
%Warning-WIDTH: temp.sv:1643: Operator NEQ expects 32 bits on the RHS, but RHS's VARREF 'channels1' generates 6 bits.
%Warning-WIDTH: temp.sv:1672: Operator NEQ expects 32 bits on the RHS, but RHS's VARREF 'channels1' generates 6 bits.
%Warning-WIDTH: temp.sv:1701: Operator NEQ expects 32 bits on the RHS, but RHS's VARREF 'channels1' generates 6 bits.
%Warning-WIDTH: temp.sv:1730: Operator NEQ expects 32 bits on the RHS, but RHS's VARREF 'channels1' generates 6 bits.
%Warning-WIDTH: temp.sv:1764: Operator NEQ expects 32 bits on the RHS, but RHS's VARREF 'channels1' generates 6 bits.
%Warning-WIDTH: temp.sv:1781: Operator ADD expects 32 or 15 bits on the RHS, but RHS's VARREF 'lengthofrow' generates 8 bits.
%Warning-WIDTH: temp.sv:1783: Operator ADD expects 15 bits on the RHS, but RHS's VARREF 'stride_squeeze' generates 2 bits.
%Warning-WIDTH: temp.sv:1787: Operator ADD expects 15 bits on the RHS, but RHS's VARREF 'stride_squeeze' generates 2 bits.
%Warning-WIDTH: temp.sv:1776: Operator EQ expects 32 or 7 bits on the LHS, but LHS's VARREF 'channels' generates 6 bits.
%Warning-WIDTH: temp.sv:1792: Operator EQ expects 32 or 7 bits on the LHS, but LHS's VARREF 'channels' generates 6 bits.
%Warning-WIDTH: temp.sv:1955: Operator SUB expects 32 or 15 bits on the LHS, but LHS's VARREF 'lengthofrow' generates 8 bits.
%Warning-WIDTH: temp.sv:1956: Operator SUB expects 32 or 15 bits on the LHS, but LHS's VARREF 'lengthofrow' generates 8 bits.
%Warning-WIDTH: temp.sv:1959: Operator SUB expects 32 or 15 bits on the LHS, but LHS's VARREF 'lengthofrow' generates 8 bits.
%Warning-WIDTH: temp.sv:1960: Operator SUB expects 32 or 15 bits on the LHS, but LHS's VARREF 'lengthofrow' generates 8 bits.
%Warning-WIDTH: temp.sv:1963: Operator SUB expects 32 or 15 bits on the LHS, but LHS's VARREF 'lengthofrow' generates 8 bits.
%Warning-WIDTH: temp.sv:1964: Operator SUB expects 32 or 15 bits on the LHS, but LHS's VARREF 'lengthofrow' generates 8 bits.
%Warning-WIDTH: temp.sv:1967: Operator SUB expects 32 or 15 bits on the LHS, but LHS's VARREF 'lengthofrow' generates 8 bits.
%Warning-WIDTH: temp.sv:1968: Operator SUB expects 32 or 15 bits on the LHS, but LHS's VARREF 'lengthofrow' generates 8 bits.
%Warning-WIDTH: temp.sv:2039: Bit extraction of array[16:0] requires 5 bit index, not 6 bits.
%Warning-WIDTH: temp.sv:2043: Bit extraction of array[16:0] requires 5 bit index, not 6 bits.
%Warning-WIDTH: temp.sv:2047: Bit extraction of array[16:0] requires 5 bit index, not 6 bits.
%Warning-WIDTH: temp.sv:2051: Bit extraction of array[16:0] requires 5 bit index, not 6 bits.
%Warning-WIDTH: temp.sv:2055: Bit extraction of array[16:0] requires 5 bit index, not 6 bits.
%Warning-WIDTH: temp.sv:2059: Bit extraction of array[16:0] requires 5 bit index, not 6 bits.
%Warning-WIDTH: temp.sv:2063: Bit extraction of array[16:0] requires 5 bit index, not 6 bits.
%Warning-WIDTH: temp.sv:2067: Bit extraction of array[16:0] requires 5 bit index, not 6 bits.
%Warning-WIDTH: temp.sv:2071: Bit extraction of array[16:0] requires 5 bit index, not 6 bits.
%Warning-WIDTH: temp.sv:2075: Bit extraction of array[16:0] requires 5 bit index, not 6 bits.
%Warning-WIDTH: temp.sv:2104: Operator ASSIGNDLY expects 16 bits on the Assign RHS, but Assign RHS's VARREF 'index' generates 15 bits.
%Error: Exiting due to 10 error(s), 61 warning(s)
%Error: Command Failed /usr/bin/verilator_bin --lint-only temp.sv
