Copyright 1986-2018 Xilinx, Inc. All Rights Reserved.
------------------------------------------------------------------------------------
| Tool Version : Vivado v.2018.3 (lin64) Build 2405991 Thu Dec  6 23:36:41 MST 2018
| Date         : Wed Feb 26 13:03:01 2020
| Host         : GCS running 64-bit Ubuntu 18.04.4 LTS
| Command      : report_timing -max_paths 50 -file timing.rpt
| Design       : ram_3d
| Device       : 7vx690t-ffg1157
| Speed File   : -3  PRODUCTION 1.11 2014-09-11
------------------------------------------------------------------------------------

Timing Report

Slack:                    inf
  Source:                 addra[6]
                            (input port)
  Destination:            douta[0]
                            (output port)
  Path Group:             (none)
  Path Type:              Max at Slow Process Corner
  Data Path Delay:        3.906ns  (logic 2.686ns (68.768%)  route 1.220ns (31.232%))
  Logic Levels:           5  (IBUF=1 LUT6=1 MUXF7=1 MUXF8=1 OBUF=1)

    Location             Delay type                Incr(ns)  Path(ns)    Netlist Resource(s)
  -------------------------------------------------------------------    -------------------
                                                      0.000     0.000 r  addra[6] (IN)
                         net (fo=0)                   0.000     0.000    addra[6]
                         IBUF (Prop_ibuf_I_O)         0.558     0.558 r  addra_IBUF[6]_inst/O
                         net (fo=384, unplaced)       0.434     0.993    ram3d_reg_768_1023_0_0/A6
                         MUXF7 (Prop_muxf7_S_O)       0.168     1.161 r  ram3d_reg_768_1023_0_0/F7.B/O
                         net (fo=1, unplaced)         0.000     1.161    ram3d_reg_768_1023_0_0/O0
                         MUXF8 (Prop_muxf8_I0_O)      0.044     1.205 r  ram3d_reg_768_1023_0_0/F8/O
                         net (fo=1, unplaced)         0.351     1.556    ram3d_reg_768_1023_0_0_n_0
                         LUT6 (Prop_lut6_I0_O)        0.120     1.676 r  douta_OBUF[0]_inst_i_1/O
                         net (fo=1, unplaced)         0.434     2.110    douta_OBUF[0]
                         OBUF (Prop_obuf_I_O)         1.795     3.906 r  douta_OBUF[0]_inst/O
                         net (fo=0)                   0.000     3.906    douta[0]
                                                                      r  douta[0] (OUT)
  -------------------------------------------------------------------    -------------------

Slack:                    inf
  Source:                 addra[6]
                            (input port)
  Destination:            douta[10]
                            (output port)
  Path Group:             (none)
  Path Type:              Max at Slow Process Corner
  Data Path Delay:        3.906ns  (logic 2.686ns (68.768%)  route 1.220ns (31.232%))
  Logic Levels:           5  (IBUF=1 LUT6=1 MUXF7=1 MUXF8=1 OBUF=1)

    Location             Delay type                Incr(ns)  Path(ns)    Netlist Resource(s)
  -------------------------------------------------------------------    -------------------
                                                      0.000     0.000 r  addra[6] (IN)
                         net (fo=0)                   0.000     0.000    addra[6]
                         IBUF (Prop_ibuf_I_O)         0.558     0.558 r  addra_IBUF[6]_inst/O
                         net (fo=384, unplaced)       0.434     0.993    ram3d_reg_768_1023_10_10/A6
                         MUXF7 (Prop_muxf7_S_O)       0.168     1.161 r  ram3d_reg_768_1023_10_10/F7.B/O
                         net (fo=1, unplaced)         0.000     1.161    ram3d_reg_768_1023_10_10/O0
                         MUXF8 (Prop_muxf8_I0_O)      0.044     1.205 r  ram3d_reg_768_1023_10_10/F8/O
                         net (fo=1, unplaced)         0.351     1.556    ram3d_reg_768_1023_10_10_n_0
                         LUT6 (Prop_lut6_I0_O)        0.120     1.676 r  douta_OBUF[10]_inst_i_1/O
                         net (fo=1, unplaced)         0.434     2.110    douta_OBUF[10]
                         OBUF (Prop_obuf_I_O)         1.795     3.906 r  douta_OBUF[10]_inst/O
                         net (fo=0)                   0.000     3.906    douta[10]
                                                                      r  douta[10] (OUT)
  -------------------------------------------------------------------    -------------------

Slack:                    inf
  Source:                 addra[6]
                            (input port)
  Destination:            douta[11]
                            (output port)
  Path Group:             (none)
  Path Type:              Max at Slow Process Corner
  Data Path Delay:        3.906ns  (logic 2.686ns (68.768%)  route 1.220ns (31.232%))
  Logic Levels:           5  (IBUF=1 LUT6=1 MUXF7=1 MUXF8=1 OBUF=1)

    Location             Delay type                Incr(ns)  Path(ns)    Netlist Resource(s)
  -------------------------------------------------------------------    -------------------
                                                      0.000     0.000 r  addra[6] (IN)
                         net (fo=0)                   0.000     0.000    addra[6]
                         IBUF (Prop_ibuf_I_O)         0.558     0.558 r  addra_IBUF[6]_inst/O
                         net (fo=384, unplaced)       0.434     0.993    ram3d_reg_768_1023_11_11/A6
                         MUXF7 (Prop_muxf7_S_O)       0.168     1.161 r  ram3d_reg_768_1023_11_11/F7.B/O
                         net (fo=1, unplaced)         0.000     1.161    ram3d_reg_768_1023_11_11/O0
                         MUXF8 (Prop_muxf8_I0_O)      0.044     1.205 r  ram3d_reg_768_1023_11_11/F8/O
                         net (fo=1, unplaced)         0.351     1.556    ram3d_reg_768_1023_11_11_n_0
                         LUT6 (Prop_lut6_I0_O)        0.120     1.676 r  douta_OBUF[11]_inst_i_1/O
                         net (fo=1, unplaced)         0.434     2.110    douta_OBUF[11]
                         OBUF (Prop_obuf_I_O)         1.795     3.906 r  douta_OBUF[11]_inst/O
                         net (fo=0)                   0.000     3.906    douta[11]
                                                                      r  douta[11] (OUT)
  -------------------------------------------------------------------    -------------------

Slack:                    inf
  Source:                 addra[6]
                            (input port)
  Destination:            douta[12]
                            (output port)
  Path Group:             (none)
  Path Type:              Max at Slow Process Corner
  Data Path Delay:        3.906ns  (logic 2.686ns (68.768%)  route 1.220ns (31.232%))
  Logic Levels:           5  (IBUF=1 LUT6=1 MUXF7=1 MUXF8=1 OBUF=1)

    Location             Delay type                Incr(ns)  Path(ns)    Netlist Resource(s)
  -------------------------------------------------------------------    -------------------
                                                      0.000     0.000 r  addra[6] (IN)
                         net (fo=0)                   0.000     0.000    addra[6]
                         IBUF (Prop_ibuf_I_O)         0.558     0.558 r  addra_IBUF[6]_inst/O
                         net (fo=384, unplaced)       0.434     0.993    ram3d_reg_768_1023_12_12/A6
                         MUXF7 (Prop_muxf7_S_O)       0.168     1.161 r  ram3d_reg_768_1023_12_12/F7.B/O
                         net (fo=1, unplaced)         0.000     1.161    ram3d_reg_768_1023_12_12/O0
                         MUXF8 (Prop_muxf8_I0_O)      0.044     1.205 r  ram3d_reg_768_1023_12_12/F8/O
                         net (fo=1, unplaced)         0.351     1.556    ram3d_reg_768_1023_12_12_n_0
                         LUT6 (Prop_lut6_I0_O)        0.120     1.676 r  douta_OBUF[12]_inst_i_1/O
                         net (fo=1, unplaced)         0.434     2.110    douta_OBUF[12]
                         OBUF (Prop_obuf_I_O)         1.795     3.906 r  douta_OBUF[12]_inst/O
                         net (fo=0)                   0.000     3.906    douta[12]
                                                                      r  douta[12] (OUT)
  -------------------------------------------------------------------    -------------------

Slack:                    inf
  Source:                 addra[6]
                            (input port)
  Destination:            douta[13]
                            (output port)
  Path Group:             (none)
  Path Type:              Max at Slow Process Corner
  Data Path Delay:        3.906ns  (logic 2.686ns (68.768%)  route 1.220ns (31.232%))
  Logic Levels:           5  (IBUF=1 LUT6=1 MUXF7=1 MUXF8=1 OBUF=1)

    Location             Delay type                Incr(ns)  Path(ns)    Netlist Resource(s)
  -------------------------------------------------------------------    -------------------
                                                      0.000     0.000 r  addra[6] (IN)
                         net (fo=0)                   0.000     0.000    addra[6]
                         IBUF (Prop_ibuf_I_O)         0.558     0.558 r  addra_IBUF[6]_inst/O
                         net (fo=384, unplaced)       0.434     0.993    ram3d_reg_768_1023_13_13/A6
                         MUXF7 (Prop_muxf7_S_O)       0.168     1.161 r  ram3d_reg_768_1023_13_13/F7.B/O
                         net (fo=1, unplaced)         0.000     1.161    ram3d_reg_768_1023_13_13/O0
                         MUXF8 (Prop_muxf8_I0_O)      0.044     1.205 r  ram3d_reg_768_1023_13_13/F8/O
                         net (fo=1, unplaced)         0.351     1.556    ram3d_reg_768_1023_13_13_n_0
                         LUT6 (Prop_lut6_I0_O)        0.120     1.676 r  douta_OBUF[13]_inst_i_1/O
                         net (fo=1, unplaced)         0.434     2.110    douta_OBUF[13]
                         OBUF (Prop_obuf_I_O)         1.795     3.906 r  douta_OBUF[13]_inst/O
                         net (fo=0)                   0.000     3.906    douta[13]
                                                                      r  douta[13] (OUT)
  -------------------------------------------------------------------    -------------------

Slack:                    inf
  Source:                 addra[6]
                            (input port)
  Destination:            douta[14]
                            (output port)
  Path Group:             (none)
  Path Type:              Max at Slow Process Corner
  Data Path Delay:        3.906ns  (logic 2.686ns (68.768%)  route 1.220ns (31.232%))
  Logic Levels:           5  (IBUF=1 LUT6=1 MUXF7=1 MUXF8=1 OBUF=1)

    Location             Delay type                Incr(ns)  Path(ns)    Netlist Resource(s)
  -------------------------------------------------------------------    -------------------
                                                      0.000     0.000 r  addra[6] (IN)
                         net (fo=0)                   0.000     0.000    addra[6]
                         IBUF (Prop_ibuf_I_O)         0.558     0.558 r  addra_IBUF[6]_inst/O
                         net (fo=384, unplaced)       0.434     0.993    ram3d_reg_768_1023_14_14/A6
                         MUXF7 (Prop_muxf7_S_O)       0.168     1.161 r  ram3d_reg_768_1023_14_14/F7.B/O
                         net (fo=1, unplaced)         0.000     1.161    ram3d_reg_768_1023_14_14/O0
                         MUXF8 (Prop_muxf8_I0_O)      0.044     1.205 r  ram3d_reg_768_1023_14_14/F8/O
                         net (fo=1, unplaced)         0.351     1.556    ram3d_reg_768_1023_14_14_n_0
                         LUT6 (Prop_lut6_I0_O)        0.120     1.676 r  douta_OBUF[14]_inst_i_1/O
                         net (fo=1, unplaced)         0.434     2.110    douta_OBUF[14]
                         OBUF (Prop_obuf_I_O)         1.795     3.906 r  douta_OBUF[14]_inst/O
                         net (fo=0)                   0.000     3.906    douta[14]
                                                                      r  douta[14] (OUT)
  -------------------------------------------------------------------    -------------------

Slack:                    inf
  Source:                 addra[6]
                            (input port)
  Destination:            douta[15]
                            (output port)
  Path Group:             (none)
  Path Type:              Max at Slow Process Corner
  Data Path Delay:        3.906ns  (logic 2.686ns (68.768%)  route 1.220ns (31.232%))
  Logic Levels:           5  (IBUF=1 LUT6=1 MUXF7=1 MUXF8=1 OBUF=1)

    Location             Delay type                Incr(ns)  Path(ns)    Netlist Resource(s)
  -------------------------------------------------------------------    -------------------
                                                      0.000     0.000 r  addra[6] (IN)
                         net (fo=0)                   0.000     0.000    addra[6]
                         IBUF (Prop_ibuf_I_O)         0.558     0.558 r  addra_IBUF[6]_inst/O
                         net (fo=384, unplaced)       0.434     0.993    ram3d_reg_768_1023_15_15/A6
                         MUXF7 (Prop_muxf7_S_O)       0.168     1.161 r  ram3d_reg_768_1023_15_15/F7.B/O
                         net (fo=1, unplaced)         0.000     1.161    ram3d_reg_768_1023_15_15/O0
                         MUXF8 (Prop_muxf8_I0_O)      0.044     1.205 r  ram3d_reg_768_1023_15_15/F8/O
                         net (fo=1, unplaced)         0.351     1.556    ram3d_reg_768_1023_15_15_n_0
                         LUT6 (Prop_lut6_I0_O)        0.120     1.676 r  douta_OBUF[15]_inst_i_1/O
                         net (fo=1, unplaced)         0.434     2.110    douta_OBUF[15]
                         OBUF (Prop_obuf_I_O)         1.795     3.906 r  douta_OBUF[15]_inst/O
                         net (fo=0)                   0.000     3.906    douta[15]
                                                                      r  douta[15] (OUT)
  -------------------------------------------------------------------    -------------------

Slack:                    inf
  Source:                 addra[6]
                            (input port)
  Destination:            douta[1]
                            (output port)
  Path Group:             (none)
  Path Type:              Max at Slow Process Corner
  Data Path Delay:        3.906ns  (logic 2.686ns (68.768%)  route 1.220ns (31.232%))
  Logic Levels:           5  (IBUF=1 LUT6=1 MUXF7=1 MUXF8=1 OBUF=1)

    Location             Delay type                Incr(ns)  Path(ns)    Netlist Resource(s)
  -------------------------------------------------------------------    -------------------
                                                      0.000     0.000 r  addra[6] (IN)
                         net (fo=0)                   0.000     0.000    addra[6]
                         IBUF (Prop_ibuf_I_O)         0.558     0.558 r  addra_IBUF[6]_inst/O
                         net (fo=384, unplaced)       0.434     0.993    ram3d_reg_768_1023_1_1/A6
                         MUXF7 (Prop_muxf7_S_O)       0.168     1.161 r  ram3d_reg_768_1023_1_1/F7.B/O
                         net (fo=1, unplaced)         0.000     1.161    ram3d_reg_768_1023_1_1/O0
                         MUXF8 (Prop_muxf8_I0_O)      0.044     1.205 r  ram3d_reg_768_1023_1_1/F8/O
                         net (fo=1, unplaced)         0.351     1.556    ram3d_reg_768_1023_1_1_n_0
                         LUT6 (Prop_lut6_I0_O)        0.120     1.676 r  douta_OBUF[1]_inst_i_1/O
                         net (fo=1, unplaced)         0.434     2.110    douta_OBUF[1]
                         OBUF (Prop_obuf_I_O)         1.795     3.906 r  douta_OBUF[1]_inst/O
                         net (fo=0)                   0.000     3.906    douta[1]
                                                                      r  douta[1] (OUT)
  -------------------------------------------------------------------    -------------------

Slack:                    inf
  Source:                 addra[6]
                            (input port)
  Destination:            douta[2]
                            (output port)
  Path Group:             (none)
  Path Type:              Max at Slow Process Corner
  Data Path Delay:        3.906ns  (logic 2.686ns (68.768%)  route 1.220ns (31.232%))
  Logic Levels:           5  (IBUF=1 LUT6=1 MUXF7=1 MUXF8=1 OBUF=1)

    Location             Delay type                Incr(ns)  Path(ns)    Netlist Resource(s)
  -------------------------------------------------------------------    -------------------
                                                      0.000     0.000 r  addra[6] (IN)
                         net (fo=0)                   0.000     0.000    addra[6]
                         IBUF (Prop_ibuf_I_O)         0.558     0.558 r  addra_IBUF[6]_inst/O
                         net (fo=384, unplaced)       0.434     0.993    ram3d_reg_768_1023_2_2/A6
                         MUXF7 (Prop_muxf7_S_O)       0.168     1.161 r  ram3d_reg_768_1023_2_2/F7.B/O
                         net (fo=1, unplaced)         0.000     1.161    ram3d_reg_768_1023_2_2/O0
                         MUXF8 (Prop_muxf8_I0_O)      0.044     1.205 r  ram3d_reg_768_1023_2_2/F8/O
                         net (fo=1, unplaced)         0.351     1.556    ram3d_reg_768_1023_2_2_n_0
                         LUT6 (Prop_lut6_I0_O)        0.120     1.676 r  douta_OBUF[2]_inst_i_1/O
                         net (fo=1, unplaced)         0.434     2.110    douta_OBUF[2]
                         OBUF (Prop_obuf_I_O)         1.795     3.906 r  douta_OBUF[2]_inst/O
                         net (fo=0)                   0.000     3.906    douta[2]
                                                                      r  douta[2] (OUT)
  -------------------------------------------------------------------    -------------------

Slack:                    inf
  Source:                 addra[6]
                            (input port)
  Destination:            douta[3]
                            (output port)
  Path Group:             (none)
  Path Type:              Max at Slow Process Corner
  Data Path Delay:        3.906ns  (logic 2.686ns (68.768%)  route 1.220ns (31.232%))
  Logic Levels:           5  (IBUF=1 LUT6=1 MUXF7=1 MUXF8=1 OBUF=1)

    Location             Delay type                Incr(ns)  Path(ns)    Netlist Resource(s)
  -------------------------------------------------------------------    -------------------
                                                      0.000     0.000 r  addra[6] (IN)
                         net (fo=0)                   0.000     0.000    addra[6]
                         IBUF (Prop_ibuf_I_O)         0.558     0.558 r  addra_IBUF[6]_inst/O
                         net (fo=384, unplaced)       0.434     0.993    ram3d_reg_768_1023_3_3/A6
                         MUXF7 (Prop_muxf7_S_O)       0.168     1.161 r  ram3d_reg_768_1023_3_3/F7.B/O
                         net (fo=1, unplaced)         0.000     1.161    ram3d_reg_768_1023_3_3/O0
                         MUXF8 (Prop_muxf8_I0_O)      0.044     1.205 r  ram3d_reg_768_1023_3_3/F8/O
                         net (fo=1, unplaced)         0.351     1.556    ram3d_reg_768_1023_3_3_n_0
                         LUT6 (Prop_lut6_I0_O)        0.120     1.676 r  douta_OBUF[3]_inst_i_1/O
                         net (fo=1, unplaced)         0.434     2.110    douta_OBUF[3]
                         OBUF (Prop_obuf_I_O)         1.795     3.906 r  douta_OBUF[3]_inst/O
                         net (fo=0)                   0.000     3.906    douta[3]
                                                                      r  douta[3] (OUT)
  -------------------------------------------------------------------    -------------------

Slack:                    inf
  Source:                 addra[6]
                            (input port)
  Destination:            douta[4]
                            (output port)
  Path Group:             (none)
  Path Type:              Max at Slow Process Corner
  Data Path Delay:        3.906ns  (logic 2.686ns (68.768%)  route 1.220ns (31.232%))
  Logic Levels:           5  (IBUF=1 LUT6=1 MUXF7=1 MUXF8=1 OBUF=1)

    Location             Delay type                Incr(ns)  Path(ns)    Netlist Resource(s)
  -------------------------------------------------------------------    -------------------
                                                      0.000     0.000 r  addra[6] (IN)
                         net (fo=0)                   0.000     0.000    addra[6]
                         IBUF (Prop_ibuf_I_O)         0.558     0.558 r  addra_IBUF[6]_inst/O
                         net (fo=384, unplaced)       0.434     0.993    ram3d_reg_768_1023_4_4/A6
                         MUXF7 (Prop_muxf7_S_O)       0.168     1.161 r  ram3d_reg_768_1023_4_4/F7.B/O
                         net (fo=1, unplaced)         0.000     1.161    ram3d_reg_768_1023_4_4/O0
                         MUXF8 (Prop_muxf8_I0_O)      0.044     1.205 r  ram3d_reg_768_1023_4_4/F8/O
                         net (fo=1, unplaced)         0.351     1.556    ram3d_reg_768_1023_4_4_n_0
                         LUT6 (Prop_lut6_I0_O)        0.120     1.676 r  douta_OBUF[4]_inst_i_1/O
                         net (fo=1, unplaced)         0.434     2.110    douta_OBUF[4]
                         OBUF (Prop_obuf_I_O)         1.795     3.906 r  douta_OBUF[4]_inst/O
                         net (fo=0)                   0.000     3.906    douta[4]
                                                                      r  douta[4] (OUT)
  -------------------------------------------------------------------    -------------------

Slack:                    inf
  Source:                 addra[6]
                            (input port)
  Destination:            douta[5]
                            (output port)
  Path Group:             (none)
  Path Type:              Max at Slow Process Corner
  Data Path Delay:        3.906ns  (logic 2.686ns (68.768%)  route 1.220ns (31.232%))
  Logic Levels:           5  (IBUF=1 LUT6=1 MUXF7=1 MUXF8=1 OBUF=1)

    Location             Delay type                Incr(ns)  Path(ns)    Netlist Resource(s)
  -------------------------------------------------------------------    -------------------
                                                      0.000     0.000 r  addra[6] (IN)
                         net (fo=0)                   0.000     0.000    addra[6]
                         IBUF (Prop_ibuf_I_O)         0.558     0.558 r  addra_IBUF[6]_inst/O
                         net (fo=384, unplaced)       0.434     0.993    ram3d_reg_768_1023_5_5/A6
                         MUXF7 (Prop_muxf7_S_O)       0.168     1.161 r  ram3d_reg_768_1023_5_5/F7.B/O
                         net (fo=1, unplaced)         0.000     1.161    ram3d_reg_768_1023_5_5/O0
                         MUXF8 (Prop_muxf8_I0_O)      0.044     1.205 r  ram3d_reg_768_1023_5_5/F8/O
                         net (fo=1, unplaced)         0.351     1.556    ram3d_reg_768_1023_5_5_n_0
                         LUT6 (Prop_lut6_I0_O)        0.120     1.676 r  douta_OBUF[5]_inst_i_1/O
                         net (fo=1, unplaced)         0.434     2.110    douta_OBUF[5]
                         OBUF (Prop_obuf_I_O)         1.795     3.906 r  douta_OBUF[5]_inst/O
                         net (fo=0)                   0.000     3.906    douta[5]
                                                                      r  douta[5] (OUT)
  -------------------------------------------------------------------    -------------------

Slack:                    inf
  Source:                 addra[6]
                            (input port)
  Destination:            douta[6]
                            (output port)
  Path Group:             (none)
  Path Type:              Max at Slow Process Corner
  Data Path Delay:        3.906ns  (logic 2.686ns (68.768%)  route 1.220ns (31.232%))
  Logic Levels:           5  (IBUF=1 LUT6=1 MUXF7=1 MUXF8=1 OBUF=1)

    Location             Delay type                Incr(ns)  Path(ns)    Netlist Resource(s)
  -------------------------------------------------------------------    -------------------
                                                      0.000     0.000 r  addra[6] (IN)
                         net (fo=0)                   0.000     0.000    addra[6]
                         IBUF (Prop_ibuf_I_O)         0.558     0.558 r  addra_IBUF[6]_inst/O
                         net (fo=384, unplaced)       0.434     0.993    ram3d_reg_768_1023_6_6/A6
                         MUXF7 (Prop_muxf7_S_O)       0.168     1.161 r  ram3d_reg_768_1023_6_6/F7.B/O
                         net (fo=1, unplaced)         0.000     1.161    ram3d_reg_768_1023_6_6/O0
                         MUXF8 (Prop_muxf8_I0_O)      0.044     1.205 r  ram3d_reg_768_1023_6_6/F8/O
                         net (fo=1, unplaced)         0.351     1.556    ram3d_reg_768_1023_6_6_n_0
                         LUT6 (Prop_lut6_I0_O)        0.120     1.676 r  douta_OBUF[6]_inst_i_1/O
                         net (fo=1, unplaced)         0.434     2.110    douta_OBUF[6]
                         OBUF (Prop_obuf_I_O)         1.795     3.906 r  douta_OBUF[6]_inst/O
                         net (fo=0)                   0.000     3.906    douta[6]
                                                                      r  douta[6] (OUT)
  -------------------------------------------------------------------    -------------------

Slack:                    inf
  Source:                 addra[6]
                            (input port)
  Destination:            douta[7]
                            (output port)
  Path Group:             (none)
  Path Type:              Max at Slow Process Corner
  Data Path Delay:        3.906ns  (logic 2.686ns (68.768%)  route 1.220ns (31.232%))
  Logic Levels:           5  (IBUF=1 LUT6=1 MUXF7=1 MUXF8=1 OBUF=1)

    Location             Delay type                Incr(ns)  Path(ns)    Netlist Resource(s)
  -------------------------------------------------------------------    -------------------
                                                      0.000     0.000 r  addra[6] (IN)
                         net (fo=0)                   0.000     0.000    addra[6]
                         IBUF (Prop_ibuf_I_O)         0.558     0.558 r  addra_IBUF[6]_inst/O
                         net (fo=384, unplaced)       0.434     0.993    ram3d_reg_768_1023_7_7/A6
                         MUXF7 (Prop_muxf7_S_O)       0.168     1.161 r  ram3d_reg_768_1023_7_7/F7.B/O
                         net (fo=1, unplaced)         0.000     1.161    ram3d_reg_768_1023_7_7/O0
                         MUXF8 (Prop_muxf8_I0_O)      0.044     1.205 r  ram3d_reg_768_1023_7_7/F8/O
                         net (fo=1, unplaced)         0.351     1.556    ram3d_reg_768_1023_7_7_n_0
                         LUT6 (Prop_lut6_I0_O)        0.120     1.676 r  douta_OBUF[7]_inst_i_1/O
                         net (fo=1, unplaced)         0.434     2.110    douta_OBUF[7]
                         OBUF (Prop_obuf_I_O)         1.795     3.906 r  douta_OBUF[7]_inst/O
                         net (fo=0)                   0.000     3.906    douta[7]
                                                                      r  douta[7] (OUT)
  -------------------------------------------------------------------    -------------------

Slack:                    inf
  Source:                 addra[6]
                            (input port)
  Destination:            douta[8]
                            (output port)
  Path Group:             (none)
  Path Type:              Max at Slow Process Corner
  Data Path Delay:        3.906ns  (logic 2.686ns (68.768%)  route 1.220ns (31.232%))
  Logic Levels:           5  (IBUF=1 LUT6=1 MUXF7=1 MUXF8=1 OBUF=1)

    Location             Delay type                Incr(ns)  Path(ns)    Netlist Resource(s)
  -------------------------------------------------------------------    -------------------
                                                      0.000     0.000 r  addra[6] (IN)
                         net (fo=0)                   0.000     0.000    addra[6]
                         IBUF (Prop_ibuf_I_O)         0.558     0.558 r  addra_IBUF[6]_inst/O
                         net (fo=384, unplaced)       0.434     0.993    ram3d_reg_768_1023_8_8/A6
                         MUXF7 (Prop_muxf7_S_O)       0.168     1.161 r  ram3d_reg_768_1023_8_8/F7.B/O
                         net (fo=1, unplaced)         0.000     1.161    ram3d_reg_768_1023_8_8/O0
                         MUXF8 (Prop_muxf8_I0_O)      0.044     1.205 r  ram3d_reg_768_1023_8_8/F8/O
                         net (fo=1, unplaced)         0.351     1.556    ram3d_reg_768_1023_8_8_n_0
                         LUT6 (Prop_lut6_I0_O)        0.120     1.676 r  douta_OBUF[8]_inst_i_1/O
                         net (fo=1, unplaced)         0.434     2.110    douta_OBUF[8]
                         OBUF (Prop_obuf_I_O)         1.795     3.906 r  douta_OBUF[8]_inst/O
                         net (fo=0)                   0.000     3.906    douta[8]
                                                                      r  douta[8] (OUT)
  -------------------------------------------------------------------    -------------------

Slack:                    inf
  Source:                 addra[6]
                            (input port)
  Destination:            douta[9]
                            (output port)
  Path Group:             (none)
  Path Type:              Max at Slow Process Corner
  Data Path Delay:        3.906ns  (logic 2.686ns (68.768%)  route 1.220ns (31.232%))
  Logic Levels:           5  (IBUF=1 LUT6=1 MUXF7=1 MUXF8=1 OBUF=1)

    Location             Delay type                Incr(ns)  Path(ns)    Netlist Resource(s)
  -------------------------------------------------------------------    -------------------
                                                      0.000     0.000 r  addra[6] (IN)
                         net (fo=0)                   0.000     0.000    addra[6]
                         IBUF (Prop_ibuf_I_O)         0.558     0.558 r  addra_IBUF[6]_inst/O
                         net (fo=384, unplaced)       0.434     0.993    ram3d_reg_768_1023_9_9/A6
                         MUXF7 (Prop_muxf7_S_O)       0.168     1.161 r  ram3d_reg_768_1023_9_9/F7.B/O
                         net (fo=1, unplaced)         0.000     1.161    ram3d_reg_768_1023_9_9/O0
                         MUXF8 (Prop_muxf8_I0_O)      0.044     1.205 r  ram3d_reg_768_1023_9_9/F8/O
                         net (fo=1, unplaced)         0.351     1.556    ram3d_reg_768_1023_9_9_n_0
                         LUT6 (Prop_lut6_I0_O)        0.120     1.676 r  douta_OBUF[9]_inst_i_1/O
                         net (fo=1, unplaced)         0.434     2.110    douta_OBUF[9]
                         OBUF (Prop_obuf_I_O)         1.795     3.906 r  douta_OBUF[9]_inst/O
                         net (fo=0)                   0.000     3.906    douta[9]
                                                                      r  douta[9] (OUT)
  -------------------------------------------------------------------    -------------------

Slack:                    inf
  Source:                 addra[9]
                            (input port)
  Destination:            ram3d_reg_0_255_0_0/RAMS64E_A/WE
  Path Group:             (none)
  Path Type:              Max at Slow Process Corner
  Data Path Delay:        1.297ns  (logic 0.601ns (46.378%)  route 0.695ns (53.622%))
  Logic Levels:           2  (IBUF=1 LUT3=1)

    Location             Delay type                Incr(ns)  Path(ns)    Netlist Resource(s)
  -------------------------------------------------------------------    -------------------
                                                      0.000     0.000 f  addra[9] (IN)
                         net (fo=0)                   0.000     0.000    addra[9]
                         IBUF (Prop_ibuf_I_O)         0.558     0.558 f  addra_IBUF[9]_inst/O
                         net (fo=20, unplaced)        0.434     0.993    addra_IBUF[9]
                         LUT3 (Prop_lut3_I2_O)        0.043     1.036 r  ram3d_reg_0_255_0_0_i_1/O
                         net (fo=64, unplaced)        0.261     1.297    ram3d_reg_0_255_0_0/WE
                         RAMS64E                                      r  ram3d_reg_0_255_0_0/RAMS64E_A/WE
  -------------------------------------------------------------------    -------------------

Slack:                    inf
  Source:                 addra[9]
                            (input port)
  Destination:            ram3d_reg_0_255_0_0/RAMS64E_B/WE
  Path Group:             (none)
  Path Type:              Max at Slow Process Corner
  Data Path Delay:        1.297ns  (logic 0.601ns (46.378%)  route 0.695ns (53.622%))
  Logic Levels:           2  (IBUF=1 LUT3=1)

    Location             Delay type                Incr(ns)  Path(ns)    Netlist Resource(s)
  -------------------------------------------------------------------    -------------------
                                                      0.000     0.000 f  addra[9] (IN)
                         net (fo=0)                   0.000     0.000    addra[9]
                         IBUF (Prop_ibuf_I_O)         0.558     0.558 f  addra_IBUF[9]_inst/O
                         net (fo=20, unplaced)        0.434     0.993    addra_IBUF[9]
                         LUT3 (Prop_lut3_I2_O)        0.043     1.036 r  ram3d_reg_0_255_0_0_i_1/O
                         net (fo=64, unplaced)        0.261     1.297    ram3d_reg_0_255_0_0/WE
                         RAMS64E                                      r  ram3d_reg_0_255_0_0/RAMS64E_B/WE
  -------------------------------------------------------------------    -------------------

Slack:                    inf
  Source:                 addra[9]
                            (input port)
  Destination:            ram3d_reg_0_255_0_0/RAMS64E_C/WE
  Path Group:             (none)
  Path Type:              Max at Slow Process Corner
  Data Path Delay:        1.297ns  (logic 0.601ns (46.378%)  route 0.695ns (53.622%))
  Logic Levels:           2  (IBUF=1 LUT3=1)

    Location             Delay type                Incr(ns)  Path(ns)    Netlist Resource(s)
  -------------------------------------------------------------------    -------------------
                                                      0.000     0.000 f  addra[9] (IN)
                         net (fo=0)                   0.000     0.000    addra[9]
                         IBUF (Prop_ibuf_I_O)         0.558     0.558 f  addra_IBUF[9]_inst/O
                         net (fo=20, unplaced)        0.434     0.993    addra_IBUF[9]
                         LUT3 (Prop_lut3_I2_O)        0.043     1.036 r  ram3d_reg_0_255_0_0_i_1/O
                         net (fo=64, unplaced)        0.261     1.297    ram3d_reg_0_255_0_0/WE
                         RAMS64E                                      r  ram3d_reg_0_255_0_0/RAMS64E_C/WE
  -------------------------------------------------------------------    -------------------

Slack:                    inf
  Source:                 addra[9]
                            (input port)
  Destination:            ram3d_reg_0_255_0_0/RAMS64E_D/WE
  Path Group:             (none)
  Path Type:              Max at Slow Process Corner
  Data Path Delay:        1.297ns  (logic 0.601ns (46.378%)  route 0.695ns (53.622%))
  Logic Levels:           2  (IBUF=1 LUT3=1)

    Location             Delay type                Incr(ns)  Path(ns)    Netlist Resource(s)
  -------------------------------------------------------------------    -------------------
                                                      0.000     0.000 f  addra[9] (IN)
                         net (fo=0)                   0.000     0.000    addra[9]
                         IBUF (Prop_ibuf_I_O)         0.558     0.558 f  addra_IBUF[9]_inst/O
                         net (fo=20, unplaced)        0.434     0.993    addra_IBUF[9]
                         LUT3 (Prop_lut3_I2_O)        0.043     1.036 r  ram3d_reg_0_255_0_0_i_1/O
                         net (fo=64, unplaced)        0.261     1.297    ram3d_reg_0_255_0_0/WE
                         RAMS64E                                      r  ram3d_reg_0_255_0_0/RAMS64E_D/WE
  -------------------------------------------------------------------    -------------------

Slack:                    inf
  Source:                 addra[9]
                            (input port)
  Destination:            ram3d_reg_0_255_10_10/RAMS64E_A/WE
  Path Group:             (none)
  Path Type:              Max at Slow Process Corner
  Data Path Delay:        1.297ns  (logic 0.601ns (46.378%)  route 0.695ns (53.622%))
  Logic Levels:           2  (IBUF=1 LUT3=1)

    Location             Delay type                Incr(ns)  Path(ns)    Netlist Resource(s)
  -------------------------------------------------------------------    -------------------
                                                      0.000     0.000 f  addra[9] (IN)
                         net (fo=0)                   0.000     0.000    addra[9]
                         IBUF (Prop_ibuf_I_O)         0.558     0.558 f  addra_IBUF[9]_inst/O
                         net (fo=20, unplaced)        0.434     0.993    addra_IBUF[9]
                         LUT3 (Prop_lut3_I2_O)        0.043     1.036 r  ram3d_reg_0_255_0_0_i_1/O
                         net (fo=64, unplaced)        0.261     1.297    ram3d_reg_0_255_10_10/WE
                         RAMS64E                                      r  ram3d_reg_0_255_10_10/RAMS64E_A/WE
  -------------------------------------------------------------------    -------------------

Slack:                    inf
  Source:                 addra[9]
                            (input port)
  Destination:            ram3d_reg_0_255_10_10/RAMS64E_B/WE
  Path Group:             (none)
  Path Type:              Max at Slow Process Corner
  Data Path Delay:        1.297ns  (logic 0.601ns (46.378%)  route 0.695ns (53.622%))
  Logic Levels:           2  (IBUF=1 LUT3=1)

    Location             Delay type                Incr(ns)  Path(ns)    Netlist Resource(s)
  -------------------------------------------------------------------    -------------------
                                                      0.000     0.000 f  addra[9] (IN)
                         net (fo=0)                   0.000     0.000    addra[9]
                         IBUF (Prop_ibuf_I_O)         0.558     0.558 f  addra_IBUF[9]_inst/O
                         net (fo=20, unplaced)        0.434     0.993    addra_IBUF[9]
                         LUT3 (Prop_lut3_I2_O)        0.043     1.036 r  ram3d_reg_0_255_0_0_i_1/O
                         net (fo=64, unplaced)        0.261     1.297    ram3d_reg_0_255_10_10/WE
                         RAMS64E                                      r  ram3d_reg_0_255_10_10/RAMS64E_B/WE
  -------------------------------------------------------------------    -------------------

Slack:                    inf
  Source:                 addra[9]
                            (input port)
  Destination:            ram3d_reg_0_255_10_10/RAMS64E_C/WE
  Path Group:             (none)
  Path Type:              Max at Slow Process Corner
  Data Path Delay:        1.297ns  (logic 0.601ns (46.378%)  route 0.695ns (53.622%))
  Logic Levels:           2  (IBUF=1 LUT3=1)

    Location             Delay type                Incr(ns)  Path(ns)    Netlist Resource(s)
  -------------------------------------------------------------------    -------------------
                                                      0.000     0.000 f  addra[9] (IN)
                         net (fo=0)                   0.000     0.000    addra[9]
                         IBUF (Prop_ibuf_I_O)         0.558     0.558 f  addra_IBUF[9]_inst/O
                         net (fo=20, unplaced)        0.434     0.993    addra_IBUF[9]
                         LUT3 (Prop_lut3_I2_O)        0.043     1.036 r  ram3d_reg_0_255_0_0_i_1/O
                         net (fo=64, unplaced)        0.261     1.297    ram3d_reg_0_255_10_10/WE
                         RAMS64E                                      r  ram3d_reg_0_255_10_10/RAMS64E_C/WE
  -------------------------------------------------------------------    -------------------

Slack:                    inf
  Source:                 addra[9]
                            (input port)
  Destination:            ram3d_reg_0_255_10_10/RAMS64E_D/WE
  Path Group:             (none)
  Path Type:              Max at Slow Process Corner
  Data Path Delay:        1.297ns  (logic 0.601ns (46.378%)  route 0.695ns (53.622%))
  Logic Levels:           2  (IBUF=1 LUT3=1)

    Location             Delay type                Incr(ns)  Path(ns)    Netlist Resource(s)
  -------------------------------------------------------------------    -------------------
                                                      0.000     0.000 f  addra[9] (IN)
                         net (fo=0)                   0.000     0.000    addra[9]
                         IBUF (Prop_ibuf_I_O)         0.558     0.558 f  addra_IBUF[9]_inst/O
                         net (fo=20, unplaced)        0.434     0.993    addra_IBUF[9]
                         LUT3 (Prop_lut3_I2_O)        0.043     1.036 r  ram3d_reg_0_255_0_0_i_1/O
                         net (fo=64, unplaced)        0.261     1.297    ram3d_reg_0_255_10_10/WE
                         RAMS64E                                      r  ram3d_reg_0_255_10_10/RAMS64E_D/WE
  -------------------------------------------------------------------    -------------------

Slack:                    inf
  Source:                 addra[9]
                            (input port)
  Destination:            ram3d_reg_0_255_11_11/RAMS64E_A/WE
  Path Group:             (none)
  Path Type:              Max at Slow Process Corner
  Data Path Delay:        1.297ns  (logic 0.601ns (46.378%)  route 0.695ns (53.622%))
  Logic Levels:           2  (IBUF=1 LUT3=1)

    Location             Delay type                Incr(ns)  Path(ns)    Netlist Resource(s)
  -------------------------------------------------------------------    -------------------
                                                      0.000     0.000 f  addra[9] (IN)
                         net (fo=0)                   0.000     0.000    addra[9]
                         IBUF (Prop_ibuf_I_O)         0.558     0.558 f  addra_IBUF[9]_inst/O
                         net (fo=20, unplaced)        0.434     0.993    addra_IBUF[9]
                         LUT3 (Prop_lut3_I2_O)        0.043     1.036 r  ram3d_reg_0_255_0_0_i_1/O
                         net (fo=64, unplaced)        0.261     1.297    ram3d_reg_0_255_11_11/WE
                         RAMS64E                                      r  ram3d_reg_0_255_11_11/RAMS64E_A/WE
  -------------------------------------------------------------------    -------------------

Slack:                    inf
  Source:                 addra[9]
                            (input port)
  Destination:            ram3d_reg_0_255_11_11/RAMS64E_B/WE
  Path Group:             (none)
  Path Type:              Max at Slow Process Corner
  Data Path Delay:        1.297ns  (logic 0.601ns (46.378%)  route 0.695ns (53.622%))
  Logic Levels:           2  (IBUF=1 LUT3=1)

    Location             Delay type                Incr(ns)  Path(ns)    Netlist Resource(s)
  -------------------------------------------------------------------    -------------------
                                                      0.000     0.000 f  addra[9] (IN)
                         net (fo=0)                   0.000     0.000    addra[9]
                         IBUF (Prop_ibuf_I_O)         0.558     0.558 f  addra_IBUF[9]_inst/O
                         net (fo=20, unplaced)        0.434     0.993    addra_IBUF[9]
                         LUT3 (Prop_lut3_I2_O)        0.043     1.036 r  ram3d_reg_0_255_0_0_i_1/O
                         net (fo=64, unplaced)        0.261     1.297    ram3d_reg_0_255_11_11/WE
                         RAMS64E                                      r  ram3d_reg_0_255_11_11/RAMS64E_B/WE
  -------------------------------------------------------------------    -------------------

Slack:                    inf
  Source:                 addra[9]
                            (input port)
  Destination:            ram3d_reg_0_255_11_11/RAMS64E_C/WE
  Path Group:             (none)
  Path Type:              Max at Slow Process Corner
  Data Path Delay:        1.297ns  (logic 0.601ns (46.378%)  route 0.695ns (53.622%))
  Logic Levels:           2  (IBUF=1 LUT3=1)

    Location             Delay type                Incr(ns)  Path(ns)    Netlist Resource(s)
  -------------------------------------------------------------------    -------------------
                                                      0.000     0.000 f  addra[9] (IN)
                         net (fo=0)                   0.000     0.000    addra[9]
                         IBUF (Prop_ibuf_I_O)         0.558     0.558 f  addra_IBUF[9]_inst/O
                         net (fo=20, unplaced)        0.434     0.993    addra_IBUF[9]
                         LUT3 (Prop_lut3_I2_O)        0.043     1.036 r  ram3d_reg_0_255_0_0_i_1/O
                         net (fo=64, unplaced)        0.261     1.297    ram3d_reg_0_255_11_11/WE
                         RAMS64E                                      r  ram3d_reg_0_255_11_11/RAMS64E_C/WE
  -------------------------------------------------------------------    -------------------

Slack:                    inf
  Source:                 addra[9]
                            (input port)
  Destination:            ram3d_reg_0_255_11_11/RAMS64E_D/WE
  Path Group:             (none)
  Path Type:              Max at Slow Process Corner
  Data Path Delay:        1.297ns  (logic 0.601ns (46.378%)  route 0.695ns (53.622%))
  Logic Levels:           2  (IBUF=1 LUT3=1)

    Location             Delay type                Incr(ns)  Path(ns)    Netlist Resource(s)
  -------------------------------------------------------------------    -------------------
                                                      0.000     0.000 f  addra[9] (IN)
                         net (fo=0)                   0.000     0.000    addra[9]
                         IBUF (Prop_ibuf_I_O)         0.558     0.558 f  addra_IBUF[9]_inst/O
                         net (fo=20, unplaced)        0.434     0.993    addra_IBUF[9]
                         LUT3 (Prop_lut3_I2_O)        0.043     1.036 r  ram3d_reg_0_255_0_0_i_1/O
                         net (fo=64, unplaced)        0.261     1.297    ram3d_reg_0_255_11_11/WE
                         RAMS64E                                      r  ram3d_reg_0_255_11_11/RAMS64E_D/WE
  -------------------------------------------------------------------    -------------------

Slack:                    inf
  Source:                 addra[9]
                            (input port)
  Destination:            ram3d_reg_0_255_12_12/RAMS64E_A/WE
  Path Group:             (none)
  Path Type:              Max at Slow Process Corner
  Data Path Delay:        1.297ns  (logic 0.601ns (46.378%)  route 0.695ns (53.622%))
  Logic Levels:           2  (IBUF=1 LUT3=1)

    Location             Delay type                Incr(ns)  Path(ns)    Netlist Resource(s)
  -------------------------------------------------------------------    -------------------
                                                      0.000     0.000 f  addra[9] (IN)
                         net (fo=0)                   0.000     0.000    addra[9]
                         IBUF (Prop_ibuf_I_O)         0.558     0.558 f  addra_IBUF[9]_inst/O
                         net (fo=20, unplaced)        0.434     0.993    addra_IBUF[9]
                         LUT3 (Prop_lut3_I2_O)        0.043     1.036 r  ram3d_reg_0_255_0_0_i_1/O
                         net (fo=64, unplaced)        0.261     1.297    ram3d_reg_0_255_12_12/WE
                         RAMS64E                                      r  ram3d_reg_0_255_12_12/RAMS64E_A/WE
  -------------------------------------------------------------------    -------------------

Slack:                    inf
  Source:                 addra[9]
                            (input port)
  Destination:            ram3d_reg_0_255_12_12/RAMS64E_B/WE
  Path Group:             (none)
  Path Type:              Max at Slow Process Corner
  Data Path Delay:        1.297ns  (logic 0.601ns (46.378%)  route 0.695ns (53.622%))
  Logic Levels:           2  (IBUF=1 LUT3=1)

    Location             Delay type                Incr(ns)  Path(ns)    Netlist Resource(s)
  -------------------------------------------------------------------    -------------------
                                                      0.000     0.000 f  addra[9] (IN)
                         net (fo=0)                   0.000     0.000    addra[9]
                         IBUF (Prop_ibuf_I_O)         0.558     0.558 f  addra_IBUF[9]_inst/O
                         net (fo=20, unplaced)        0.434     0.993    addra_IBUF[9]
                         LUT3 (Prop_lut3_I2_O)        0.043     1.036 r  ram3d_reg_0_255_0_0_i_1/O
                         net (fo=64, unplaced)        0.261     1.297    ram3d_reg_0_255_12_12/WE
                         RAMS64E                                      r  ram3d_reg_0_255_12_12/RAMS64E_B/WE
  -------------------------------------------------------------------    -------------------

Slack:                    inf
  Source:                 addra[9]
                            (input port)
  Destination:            ram3d_reg_0_255_12_12/RAMS64E_C/WE
  Path Group:             (none)
  Path Type:              Max at Slow Process Corner
  Data Path Delay:        1.297ns  (logic 0.601ns (46.378%)  route 0.695ns (53.622%))
  Logic Levels:           2  (IBUF=1 LUT3=1)

    Location             Delay type                Incr(ns)  Path(ns)    Netlist Resource(s)
  -------------------------------------------------------------------    -------------------
                                                      0.000     0.000 f  addra[9] (IN)
                         net (fo=0)                   0.000     0.000    addra[9]
                         IBUF (Prop_ibuf_I_O)         0.558     0.558 f  addra_IBUF[9]_inst/O
                         net (fo=20, unplaced)        0.434     0.993    addra_IBUF[9]
                         LUT3 (Prop_lut3_I2_O)        0.043     1.036 r  ram3d_reg_0_255_0_0_i_1/O
                         net (fo=64, unplaced)        0.261     1.297    ram3d_reg_0_255_12_12/WE
                         RAMS64E                                      r  ram3d_reg_0_255_12_12/RAMS64E_C/WE
  -------------------------------------------------------------------    -------------------

Slack:                    inf
  Source:                 addra[9]
                            (input port)
  Destination:            ram3d_reg_0_255_12_12/RAMS64E_D/WE
  Path Group:             (none)
  Path Type:              Max at Slow Process Corner
  Data Path Delay:        1.297ns  (logic 0.601ns (46.378%)  route 0.695ns (53.622%))
  Logic Levels:           2  (IBUF=1 LUT3=1)

    Location             Delay type                Incr(ns)  Path(ns)    Netlist Resource(s)
  -------------------------------------------------------------------    -------------------
                                                      0.000     0.000 f  addra[9] (IN)
                         net (fo=0)                   0.000     0.000    addra[9]
                         IBUF (Prop_ibuf_I_O)         0.558     0.558 f  addra_IBUF[9]_inst/O
                         net (fo=20, unplaced)        0.434     0.993    addra_IBUF[9]
                         LUT3 (Prop_lut3_I2_O)        0.043     1.036 r  ram3d_reg_0_255_0_0_i_1/O
                         net (fo=64, unplaced)        0.261     1.297    ram3d_reg_0_255_12_12/WE
                         RAMS64E                                      r  ram3d_reg_0_255_12_12/RAMS64E_D/WE
  -------------------------------------------------------------------    -------------------

Slack:                    inf
  Source:                 addra[9]
                            (input port)
  Destination:            ram3d_reg_0_255_13_13/RAMS64E_A/WE
  Path Group:             (none)
  Path Type:              Max at Slow Process Corner
  Data Path Delay:        1.297ns  (logic 0.601ns (46.378%)  route 0.695ns (53.622%))
  Logic Levels:           2  (IBUF=1 LUT3=1)

    Location             Delay type                Incr(ns)  Path(ns)    Netlist Resource(s)
  -------------------------------------------------------------------    -------------------
                                                      0.000     0.000 f  addra[9] (IN)
                         net (fo=0)                   0.000     0.000    addra[9]
                         IBUF (Prop_ibuf_I_O)         0.558     0.558 f  addra_IBUF[9]_inst/O
                         net (fo=20, unplaced)        0.434     0.993    addra_IBUF[9]
                         LUT3 (Prop_lut3_I2_O)        0.043     1.036 r  ram3d_reg_0_255_0_0_i_1/O
                         net (fo=64, unplaced)        0.261     1.297    ram3d_reg_0_255_13_13/WE
                         RAMS64E                                      r  ram3d_reg_0_255_13_13/RAMS64E_A/WE
  -------------------------------------------------------------------    -------------------

Slack:                    inf
  Source:                 addra[9]
                            (input port)
  Destination:            ram3d_reg_0_255_13_13/RAMS64E_B/WE
  Path Group:             (none)
  Path Type:              Max at Slow Process Corner
  Data Path Delay:        1.297ns  (logic 0.601ns (46.378%)  route 0.695ns (53.622%))
  Logic Levels:           2  (IBUF=1 LUT3=1)

    Location             Delay type                Incr(ns)  Path(ns)    Netlist Resource(s)
  -------------------------------------------------------------------    -------------------
                                                      0.000     0.000 f  addra[9] (IN)
                         net (fo=0)                   0.000     0.000    addra[9]
                         IBUF (Prop_ibuf_I_O)         0.558     0.558 f  addra_IBUF[9]_inst/O
                         net (fo=20, unplaced)        0.434     0.993    addra_IBUF[9]
                         LUT3 (Prop_lut3_I2_O)        0.043     1.036 r  ram3d_reg_0_255_0_0_i_1/O
                         net (fo=64, unplaced)        0.261     1.297    ram3d_reg_0_255_13_13/WE
                         RAMS64E                                      r  ram3d_reg_0_255_13_13/RAMS64E_B/WE
  -------------------------------------------------------------------    -------------------

Slack:                    inf
  Source:                 addra[9]
                            (input port)
  Destination:            ram3d_reg_0_255_13_13/RAMS64E_C/WE
  Path Group:             (none)
  Path Type:              Max at Slow Process Corner
  Data Path Delay:        1.297ns  (logic 0.601ns (46.378%)  route 0.695ns (53.622%))
  Logic Levels:           2  (IBUF=1 LUT3=1)

    Location             Delay type                Incr(ns)  Path(ns)    Netlist Resource(s)
  -------------------------------------------------------------------    -------------------
                                                      0.000     0.000 f  addra[9] (IN)
                         net (fo=0)                   0.000     0.000    addra[9]
                         IBUF (Prop_ibuf_I_O)         0.558     0.558 f  addra_IBUF[9]_inst/O
                         net (fo=20, unplaced)        0.434     0.993    addra_IBUF[9]
                         LUT3 (Prop_lut3_I2_O)        0.043     1.036 r  ram3d_reg_0_255_0_0_i_1/O
                         net (fo=64, unplaced)        0.261     1.297    ram3d_reg_0_255_13_13/WE
                         RAMS64E                                      r  ram3d_reg_0_255_13_13/RAMS64E_C/WE
  -------------------------------------------------------------------    -------------------

Slack:                    inf
  Source:                 addra[9]
                            (input port)
  Destination:            ram3d_reg_0_255_13_13/RAMS64E_D/WE
  Path Group:             (none)
  Path Type:              Max at Slow Process Corner
  Data Path Delay:        1.297ns  (logic 0.601ns (46.378%)  route 0.695ns (53.622%))
  Logic Levels:           2  (IBUF=1 LUT3=1)

    Location             Delay type                Incr(ns)  Path(ns)    Netlist Resource(s)
  -------------------------------------------------------------------    -------------------
                                                      0.000     0.000 f  addra[9] (IN)
                         net (fo=0)                   0.000     0.000    addra[9]
                         IBUF (Prop_ibuf_I_O)         0.558     0.558 f  addra_IBUF[9]_inst/O
                         net (fo=20, unplaced)        0.434     0.993    addra_IBUF[9]
                         LUT3 (Prop_lut3_I2_O)        0.043     1.036 r  ram3d_reg_0_255_0_0_i_1/O
                         net (fo=64, unplaced)        0.261     1.297    ram3d_reg_0_255_13_13/WE
                         RAMS64E                                      r  ram3d_reg_0_255_13_13/RAMS64E_D/WE
  -------------------------------------------------------------------    -------------------

Slack:                    inf
  Source:                 addra[9]
                            (input port)
  Destination:            ram3d_reg_0_255_14_14/RAMS64E_A/WE
  Path Group:             (none)
  Path Type:              Max at Slow Process Corner
  Data Path Delay:        1.297ns  (logic 0.601ns (46.378%)  route 0.695ns (53.622%))
  Logic Levels:           2  (IBUF=1 LUT3=1)

    Location             Delay type                Incr(ns)  Path(ns)    Netlist Resource(s)
  -------------------------------------------------------------------    -------------------
                                                      0.000     0.000 f  addra[9] (IN)
                         net (fo=0)                   0.000     0.000    addra[9]
                         IBUF (Prop_ibuf_I_O)         0.558     0.558 f  addra_IBUF[9]_inst/O
                         net (fo=20, unplaced)        0.434     0.993    addra_IBUF[9]
                         LUT3 (Prop_lut3_I2_O)        0.043     1.036 r  ram3d_reg_0_255_0_0_i_1/O
                         net (fo=64, unplaced)        0.261     1.297    ram3d_reg_0_255_14_14/WE
                         RAMS64E                                      r  ram3d_reg_0_255_14_14/RAMS64E_A/WE
  -------------------------------------------------------------------    -------------------

Slack:                    inf
  Source:                 addra[9]
                            (input port)
  Destination:            ram3d_reg_0_255_14_14/RAMS64E_B/WE
  Path Group:             (none)
  Path Type:              Max at Slow Process Corner
  Data Path Delay:        1.297ns  (logic 0.601ns (46.378%)  route 0.695ns (53.622%))
  Logic Levels:           2  (IBUF=1 LUT3=1)

    Location             Delay type                Incr(ns)  Path(ns)    Netlist Resource(s)
  -------------------------------------------------------------------    -------------------
                                                      0.000     0.000 f  addra[9] (IN)
                         net (fo=0)                   0.000     0.000    addra[9]
                         IBUF (Prop_ibuf_I_O)         0.558     0.558 f  addra_IBUF[9]_inst/O
                         net (fo=20, unplaced)        0.434     0.993    addra_IBUF[9]
                         LUT3 (Prop_lut3_I2_O)        0.043     1.036 r  ram3d_reg_0_255_0_0_i_1/O
                         net (fo=64, unplaced)        0.261     1.297    ram3d_reg_0_255_14_14/WE
                         RAMS64E                                      r  ram3d_reg_0_255_14_14/RAMS64E_B/WE
  -------------------------------------------------------------------    -------------------

Slack:                    inf
  Source:                 addra[9]
                            (input port)
  Destination:            ram3d_reg_0_255_14_14/RAMS64E_C/WE
  Path Group:             (none)
  Path Type:              Max at Slow Process Corner
  Data Path Delay:        1.297ns  (logic 0.601ns (46.378%)  route 0.695ns (53.622%))
  Logic Levels:           2  (IBUF=1 LUT3=1)

    Location             Delay type                Incr(ns)  Path(ns)    Netlist Resource(s)
  -------------------------------------------------------------------    -------------------
                                                      0.000     0.000 f  addra[9] (IN)
                         net (fo=0)                   0.000     0.000    addra[9]
                         IBUF (Prop_ibuf_I_O)         0.558     0.558 f  addra_IBUF[9]_inst/O
                         net (fo=20, unplaced)        0.434     0.993    addra_IBUF[9]
                         LUT3 (Prop_lut3_I2_O)        0.043     1.036 r  ram3d_reg_0_255_0_0_i_1/O
                         net (fo=64, unplaced)        0.261     1.297    ram3d_reg_0_255_14_14/WE
                         RAMS64E                                      r  ram3d_reg_0_255_14_14/RAMS64E_C/WE
  -------------------------------------------------------------------    -------------------

Slack:                    inf
  Source:                 addra[9]
                            (input port)
  Destination:            ram3d_reg_0_255_14_14/RAMS64E_D/WE
  Path Group:             (none)
  Path Type:              Max at Slow Process Corner
  Data Path Delay:        1.297ns  (logic 0.601ns (46.378%)  route 0.695ns (53.622%))
  Logic Levels:           2  (IBUF=1 LUT3=1)

    Location             Delay type                Incr(ns)  Path(ns)    Netlist Resource(s)
  -------------------------------------------------------------------    -------------------
                                                      0.000     0.000 f  addra[9] (IN)
                         net (fo=0)                   0.000     0.000    addra[9]
                         IBUF (Prop_ibuf_I_O)         0.558     0.558 f  addra_IBUF[9]_inst/O
                         net (fo=20, unplaced)        0.434     0.993    addra_IBUF[9]
                         LUT3 (Prop_lut3_I2_O)        0.043     1.036 r  ram3d_reg_0_255_0_0_i_1/O
                         net (fo=64, unplaced)        0.261     1.297    ram3d_reg_0_255_14_14/WE
                         RAMS64E                                      r  ram3d_reg_0_255_14_14/RAMS64E_D/WE
  -------------------------------------------------------------------    -------------------

Slack:                    inf
  Source:                 addra[9]
                            (input port)
  Destination:            ram3d_reg_0_255_15_15/RAMS64E_A/WE
  Path Group:             (none)
  Path Type:              Max at Slow Process Corner
  Data Path Delay:        1.297ns  (logic 0.601ns (46.378%)  route 0.695ns (53.622%))
  Logic Levels:           2  (IBUF=1 LUT3=1)

    Location             Delay type                Incr(ns)  Path(ns)    Netlist Resource(s)
  -------------------------------------------------------------------    -------------------
                                                      0.000     0.000 f  addra[9] (IN)
                         net (fo=0)                   0.000     0.000    addra[9]
                         IBUF (Prop_ibuf_I_O)         0.558     0.558 f  addra_IBUF[9]_inst/O
                         net (fo=20, unplaced)        0.434     0.993    addra_IBUF[9]
                         LUT3 (Prop_lut3_I2_O)        0.043     1.036 r  ram3d_reg_0_255_0_0_i_1/O
                         net (fo=64, unplaced)        0.261     1.297    ram3d_reg_0_255_15_15/WE
                         RAMS64E                                      r  ram3d_reg_0_255_15_15/RAMS64E_A/WE
  -------------------------------------------------------------------    -------------------

Slack:                    inf
  Source:                 addra[9]
                            (input port)
  Destination:            ram3d_reg_0_255_15_15/RAMS64E_B/WE
  Path Group:             (none)
  Path Type:              Max at Slow Process Corner
  Data Path Delay:        1.297ns  (logic 0.601ns (46.378%)  route 0.695ns (53.622%))
  Logic Levels:           2  (IBUF=1 LUT3=1)

    Location             Delay type                Incr(ns)  Path(ns)    Netlist Resource(s)
  -------------------------------------------------------------------    -------------------
                                                      0.000     0.000 f  addra[9] (IN)
                         net (fo=0)                   0.000     0.000    addra[9]
                         IBUF (Prop_ibuf_I_O)         0.558     0.558 f  addra_IBUF[9]_inst/O
                         net (fo=20, unplaced)        0.434     0.993    addra_IBUF[9]
                         LUT3 (Prop_lut3_I2_O)        0.043     1.036 r  ram3d_reg_0_255_0_0_i_1/O
                         net (fo=64, unplaced)        0.261     1.297    ram3d_reg_0_255_15_15/WE
                         RAMS64E                                      r  ram3d_reg_0_255_15_15/RAMS64E_B/WE
  -------------------------------------------------------------------    -------------------

Slack:                    inf
  Source:                 addra[9]
                            (input port)
  Destination:            ram3d_reg_0_255_15_15/RAMS64E_C/WE
  Path Group:             (none)
  Path Type:              Max at Slow Process Corner
  Data Path Delay:        1.297ns  (logic 0.601ns (46.378%)  route 0.695ns (53.622%))
  Logic Levels:           2  (IBUF=1 LUT3=1)

    Location             Delay type                Incr(ns)  Path(ns)    Netlist Resource(s)
  -------------------------------------------------------------------    -------------------
                                                      0.000     0.000 f  addra[9] (IN)
                         net (fo=0)                   0.000     0.000    addra[9]
                         IBUF (Prop_ibuf_I_O)         0.558     0.558 f  addra_IBUF[9]_inst/O
                         net (fo=20, unplaced)        0.434     0.993    addra_IBUF[9]
                         LUT3 (Prop_lut3_I2_O)        0.043     1.036 r  ram3d_reg_0_255_0_0_i_1/O
                         net (fo=64, unplaced)        0.261     1.297    ram3d_reg_0_255_15_15/WE
                         RAMS64E                                      r  ram3d_reg_0_255_15_15/RAMS64E_C/WE
  -------------------------------------------------------------------    -------------------

Slack:                    inf
  Source:                 addra[9]
                            (input port)
  Destination:            ram3d_reg_0_255_15_15/RAMS64E_D/WE
  Path Group:             (none)
  Path Type:              Max at Slow Process Corner
  Data Path Delay:        1.297ns  (logic 0.601ns (46.378%)  route 0.695ns (53.622%))
  Logic Levels:           2  (IBUF=1 LUT3=1)

    Location             Delay type                Incr(ns)  Path(ns)    Netlist Resource(s)
  -------------------------------------------------------------------    -------------------
                                                      0.000     0.000 f  addra[9] (IN)
                         net (fo=0)                   0.000     0.000    addra[9]
                         IBUF (Prop_ibuf_I_O)         0.558     0.558 f  addra_IBUF[9]_inst/O
                         net (fo=20, unplaced)        0.434     0.993    addra_IBUF[9]
                         LUT3 (Prop_lut3_I2_O)        0.043     1.036 r  ram3d_reg_0_255_0_0_i_1/O
                         net (fo=64, unplaced)        0.261     1.297    ram3d_reg_0_255_15_15/WE
                         RAMS64E                                      r  ram3d_reg_0_255_15_15/RAMS64E_D/WE
  -------------------------------------------------------------------    -------------------

Slack:                    inf
  Source:                 addra[9]
                            (input port)
  Destination:            ram3d_reg_0_255_1_1/RAMS64E_A/WE
  Path Group:             (none)
  Path Type:              Max at Slow Process Corner
  Data Path Delay:        1.297ns  (logic 0.601ns (46.378%)  route 0.695ns (53.622%))
  Logic Levels:           2  (IBUF=1 LUT3=1)

    Location             Delay type                Incr(ns)  Path(ns)    Netlist Resource(s)
  -------------------------------------------------------------------    -------------------
                                                      0.000     0.000 f  addra[9] (IN)
                         net (fo=0)                   0.000     0.000    addra[9]
                         IBUF (Prop_ibuf_I_O)         0.558     0.558 f  addra_IBUF[9]_inst/O
                         net (fo=20, unplaced)        0.434     0.993    addra_IBUF[9]
                         LUT3 (Prop_lut3_I2_O)        0.043     1.036 r  ram3d_reg_0_255_0_0_i_1/O
                         net (fo=64, unplaced)        0.261     1.297    ram3d_reg_0_255_1_1/WE
                         RAMS64E                                      r  ram3d_reg_0_255_1_1/RAMS64E_A/WE
  -------------------------------------------------------------------    -------------------

Slack:                    inf
  Source:                 addra[9]
                            (input port)
  Destination:            ram3d_reg_0_255_1_1/RAMS64E_B/WE
  Path Group:             (none)
  Path Type:              Max at Slow Process Corner
  Data Path Delay:        1.297ns  (logic 0.601ns (46.378%)  route 0.695ns (53.622%))
  Logic Levels:           2  (IBUF=1 LUT3=1)

    Location             Delay type                Incr(ns)  Path(ns)    Netlist Resource(s)
  -------------------------------------------------------------------    -------------------
                                                      0.000     0.000 f  addra[9] (IN)
                         net (fo=0)                   0.000     0.000    addra[9]
                         IBUF (Prop_ibuf_I_O)         0.558     0.558 f  addra_IBUF[9]_inst/O
                         net (fo=20, unplaced)        0.434     0.993    addra_IBUF[9]
                         LUT3 (Prop_lut3_I2_O)        0.043     1.036 r  ram3d_reg_0_255_0_0_i_1/O
                         net (fo=64, unplaced)        0.261     1.297    ram3d_reg_0_255_1_1/WE
                         RAMS64E                                      r  ram3d_reg_0_255_1_1/RAMS64E_B/WE
  -------------------------------------------------------------------    -------------------

Slack:                    inf
  Source:                 addra[9]
                            (input port)
  Destination:            ram3d_reg_0_255_1_1/RAMS64E_C/WE
  Path Group:             (none)
  Path Type:              Max at Slow Process Corner
  Data Path Delay:        1.297ns  (logic 0.601ns (46.378%)  route 0.695ns (53.622%))
  Logic Levels:           2  (IBUF=1 LUT3=1)

    Location             Delay type                Incr(ns)  Path(ns)    Netlist Resource(s)
  -------------------------------------------------------------------    -------------------
                                                      0.000     0.000 f  addra[9] (IN)
                         net (fo=0)                   0.000     0.000    addra[9]
                         IBUF (Prop_ibuf_I_O)         0.558     0.558 f  addra_IBUF[9]_inst/O
                         net (fo=20, unplaced)        0.434     0.993    addra_IBUF[9]
                         LUT3 (Prop_lut3_I2_O)        0.043     1.036 r  ram3d_reg_0_255_0_0_i_1/O
                         net (fo=64, unplaced)        0.261     1.297    ram3d_reg_0_255_1_1/WE
                         RAMS64E                                      r  ram3d_reg_0_255_1_1/RAMS64E_C/WE
  -------------------------------------------------------------------    -------------------

Slack:                    inf
  Source:                 addra[9]
                            (input port)
  Destination:            ram3d_reg_0_255_1_1/RAMS64E_D/WE
  Path Group:             (none)
  Path Type:              Max at Slow Process Corner
  Data Path Delay:        1.297ns  (logic 0.601ns (46.378%)  route 0.695ns (53.622%))
  Logic Levels:           2  (IBUF=1 LUT3=1)

    Location             Delay type                Incr(ns)  Path(ns)    Netlist Resource(s)
  -------------------------------------------------------------------    -------------------
                                                      0.000     0.000 f  addra[9] (IN)
                         net (fo=0)                   0.000     0.000    addra[9]
                         IBUF (Prop_ibuf_I_O)         0.558     0.558 f  addra_IBUF[9]_inst/O
                         net (fo=20, unplaced)        0.434     0.993    addra_IBUF[9]
                         LUT3 (Prop_lut3_I2_O)        0.043     1.036 r  ram3d_reg_0_255_0_0_i_1/O
                         net (fo=64, unplaced)        0.261     1.297    ram3d_reg_0_255_1_1/WE
                         RAMS64E                                      r  ram3d_reg_0_255_1_1/RAMS64E_D/WE
  -------------------------------------------------------------------    -------------------

Slack:                    inf
  Source:                 addra[9]
                            (input port)
  Destination:            ram3d_reg_0_255_2_2/RAMS64E_A/WE
  Path Group:             (none)
  Path Type:              Max at Slow Process Corner
  Data Path Delay:        1.297ns  (logic 0.601ns (46.378%)  route 0.695ns (53.622%))
  Logic Levels:           2  (IBUF=1 LUT3=1)

    Location             Delay type                Incr(ns)  Path(ns)    Netlist Resource(s)
  -------------------------------------------------------------------    -------------------
                                                      0.000     0.000 f  addra[9] (IN)
                         net (fo=0)                   0.000     0.000    addra[9]
                         IBUF (Prop_ibuf_I_O)         0.558     0.558 f  addra_IBUF[9]_inst/O
                         net (fo=20, unplaced)        0.434     0.993    addra_IBUF[9]
                         LUT3 (Prop_lut3_I2_O)        0.043     1.036 r  ram3d_reg_0_255_0_0_i_1/O
                         net (fo=64, unplaced)        0.261     1.297    ram3d_reg_0_255_2_2/WE
                         RAMS64E                                      r  ram3d_reg_0_255_2_2/RAMS64E_A/WE
  -------------------------------------------------------------------    -------------------

Slack:                    inf
  Source:                 addra[9]
                            (input port)
  Destination:            ram3d_reg_0_255_2_2/RAMS64E_B/WE
  Path Group:             (none)
  Path Type:              Max at Slow Process Corner
  Data Path Delay:        1.297ns  (logic 0.601ns (46.378%)  route 0.695ns (53.622%))
  Logic Levels:           2  (IBUF=1 LUT3=1)

    Location             Delay type                Incr(ns)  Path(ns)    Netlist Resource(s)
  -------------------------------------------------------------------    -------------------
                                                      0.000     0.000 f  addra[9] (IN)
                         net (fo=0)                   0.000     0.000    addra[9]
                         IBUF (Prop_ibuf_I_O)         0.558     0.558 f  addra_IBUF[9]_inst/O
                         net (fo=20, unplaced)        0.434     0.993    addra_IBUF[9]
                         LUT3 (Prop_lut3_I2_O)        0.043     1.036 r  ram3d_reg_0_255_0_0_i_1/O
                         net (fo=64, unplaced)        0.261     1.297    ram3d_reg_0_255_2_2/WE
                         RAMS64E                                      r  ram3d_reg_0_255_2_2/RAMS64E_B/WE
  -------------------------------------------------------------------    -------------------




