#-----------------------------------------------------------
# Vivado v2018.3 (64-bit)
# SW Build 2405991 on Thu Dec  6 23:36:41 MST 2018
# IP Build 2404404 on Fri Dec  7 01:43:56 MST 2018
# Start of session at: Mon Mar  9 16:27:49 2020
# Process ID: 28711
# Current directory: /home/gsaied/Desktop/old_rtl/amr
# Command line: vivado -mode tcl -source synth.tcl
# Log file: /home/gsaied/Desktop/old_rtl/amr/vivado.log
# Journal file: /home/gsaied/Desktop/old_rtl/amr/vivado.jou
#-----------------------------------------------------------
source synth.tcl
# read_verilog -sv [ glob *.sv ] 
# create_fileset -constrset constr
# add_files -fileset constr temp.xdc
# set_param synth.elaboration.rodinMoreOptions "rt::set_parameter var_size_limit 4194304"
# synth_design -top SecondSharedMemory -part xc7vx690t -flatten_hierarchy rebuilt -directive AreaOptimized_high -constrset constr -mode out_of_context
Command: synth_design -top SecondSharedMemory -part xc7vx690t -flatten_hierarchy rebuilt -directive AreaOptimized_high -constrset constr -mode out_of_context
Starting synth_design
Attempting to get a license for feature 'Synthesis' and/or device 'xc7vx690t'
INFO: [Common 17-349] Got license for feature 'Synthesis' and/or device 'xc7vx690t'
INFO: Launching helper process for spawning children vivado processes
INFO: Helper process launched with PID 28720 
ERROR: [Synth 8-2543] port connections cannot be mixed ordered and named [/home/gsaied/Desktop/old_rtl/amr/2ndSharedMemory.sv:120]
ERROR: [Synth 8-2543] port connections cannot be mixed ordered and named [/home/gsaied/Desktop/old_rtl/amr/2ndSharedMemory.sv:140]
INFO: [Synth 8-2350] module SecondSharedMemory ignored due to previous errors [/home/gsaied/Desktop/old_rtl/amr/2ndSharedMemory.sv:23]
Failed to read verilog '/home/gsaied/Desktop/old_rtl/amr/2ndSharedMemory.sv'
INFO: [Common 17-83] Releasing license: Synthesis
3 Infos, 0 Warnings, 0 Critical Warnings and 3 Errors encountered.
synth_design failed
ERROR: [Common 17-69] Command failed: Synthesis failed - please see the console or run log file for details
vi 2ndSharedMemory.sv 
WARNING: [Common 17-259] Unknown Tcl command 'vi 2ndSharedMemory.sv' sending command to the OS shell for execution. It is recommended to use 'exec' to send the command to the OS shell.
exit
INFO: [Common 17-206] Exiting Vivado at Mon Mar  9 16:28:19 2020...
