#-----------------------------------------------------------
# Vivado v2018.3 (64-bit)
# SW Build 2405991 on Thu Dec  6 23:36:41 MST 2018
# IP Build 2404404 on Fri Dec  7 01:43:56 MST 2018
# Start of session at: Mon Mar  9 16:25:15 2020
# Process ID: 28451
# Current directory: /home/gsaied/Desktop/old_rtl/amr
# Command line: vivado -mode tcl -source synth.tcl
# Log file: /home/gsaied/Desktop/old_rtl/amr/vivado.log
# Journal file: /home/gsaied/Desktop/old_rtl/amr/vivado.jou
#-----------------------------------------------------------
source synth.tcl
# read_verilog -sv [ glob *.sv ] 
# create_fileset -constrset constr
# add_files -fileset constr temp.xdc
# set_param synth.elaboration.rodinMoreOptions "rt::set_parameter var_size_limit 4194304"
# synth_design -top [lindex [find_top] 0] -part xc7vx690t -flatten_hierarchy rebuilt -directive AreaOptimized_high -constrset constr -mode out_of_context
Command: synth_design -top FirstSharedMemory -part xc7vx690t -flatten_hierarchy rebuilt -directive AreaOptimized_high -constrset constr -mode out_of_context
Starting synth_design
Attempting to get a license for feature 'Synthesis' and/or device 'xc7vx690t'
INFO: [Common 17-349] Got license for feature 'Synthesis' and/or device 'xc7vx690t'
INFO: Launching helper process for spawning children vivado processes
INFO: Helper process launched with PID 28486 
---------------------------------------------------------------------------------
Starting RTL Elaboration : Time (s): cpu = 00:00:02 ; elapsed = 00:00:02 . Memory (MB): peak = 1426.457 ; gain = 71.000 ; free physical = 1698 ; free virtual = 4571
---------------------------------------------------------------------------------
INFO: [Synth 8-6157] synthesizing module 'FirstSharedMemory' [/home/gsaied/Desktop/old_rtl/amr/temp.sv:23]
	Parameter ram_num bound to: 64 - type: integer 
	Parameter num_instances bound to: 8 - type: integer 
	Parameter width bound to: 16 - type: integer 
	Parameter address bound to: 10 - type: integer 
ERROR: [Synth 8-439] module 'ram_3d' not found [/home/gsaied/Desktop/old_rtl/amr/temp.sv:132]
	Parameter ram_num bound to: 64 - type: integer 
	Parameter width bound to: 16 - type: integer 
	Parameter address bound to: 10 - type: integer 
ERROR: [Synth 8-196] conditional expression could not be resolved to a constant [/home/gsaied/Desktop/old_rtl/amr/temp.sv:127]
ERROR: [Synth 8-6156] failed synthesizing module 'FirstSharedMemory' [/home/gsaied/Desktop/old_rtl/amr/temp.sv:23]
---------------------------------------------------------------------------------
Finished RTL Elaboration : Time (s): cpu = 00:00:03 ; elapsed = 00:00:04 . Memory (MB): peak = 1473.207 ; gain = 117.750 ; free physical = 1695 ; free virtual = 4584
---------------------------------------------------------------------------------
RTL Elaboration failed
INFO: [Common 17-83] Releasing license: Synthesis
3 Infos, 0 Warnings, 0 Critical Warnings and 4 Errors encountered.
synth_design failed
ERROR: [Common 17-69] Command failed: Synthesis failed - please see the console or run log file for details
vi sy
WARNING: [Common 17-259] Unknown Tcl command 'vi sy' sending command to the OS shell for execution. It is recommended to use 'exec' to send the command to the OS shell.
vi synth.tcl 
WARNING: [Common 17-259] Unknown Tcl command 'vi synth.tcl' sending command to the OS shell for execution. It is recommended to use 'exec' to send the command to the OS shell.
exit
INFO: [Common 17-206] Exiting Vivado at Mon Mar  9 16:26:08 2020...
