#-----------------------------------------------------------
# Vivado v2018.3 (64-bit)
# SW Build 2405991 on Thu Dec  6 23:36:41 MST 2018
# IP Build 2404404 on Fri Dec  7 01:43:56 MST 2018
# Start of session at: Sun Mar  1 23:04:40 2020
# Process ID: 7678
# Current directory: /home/gsaied/Desktop/old_rtl/amr
# Command line: vivado -mode tcl
# Log file: /home/gsaied/Desktop/old_rtl/amr/vivado.log
# Journal file: /home/gsaied/Desktop/old_rtl/amr/vivado.jou
#-----------------------------------------------------------
read_verilog flop.v 
/home/gsaied/Desktop/old_rtl/amr/flop.v
synth_design -top flop
Command: synth_design -top flop
Starting synth_design
Using part: xc7vx485tffg1157-1
Attempting to get a license for feature 'Synthesis' and/or device 'xc7vx485t'
INFO: [Common 17-349] Got license for feature 'Synthesis' and/or device 'xc7vx485t'
INFO: Launching helper process for spawning children vivado processes
INFO: Helper process launched with PID 7691 
---------------------------------------------------------------------------------
Starting Synthesize : Time (s): cpu = 00:00:03 ; elapsed = 00:00:03 . Memory (MB): peak = 1433.641 ; gain = 91.000 ; free physical = 1474 ; free virtual = 5246
---------------------------------------------------------------------------------
INFO: [Synth 8-6157] synthesizing module 'flop' [/home/gsaied/Desktop/old_rtl/amr/flop.v:1]
INFO: [Synth 8-6155] done synthesizing module 'flop' (1#1) [/home/gsaied/Desktop/old_rtl/amr/flop.v:1]
---------------------------------------------------------------------------------
Finished Synthesize : Time (s): cpu = 00:00:03 ; elapsed = 00:00:05 . Memory (MB): peak = 1478.391 ; gain = 135.750 ; free physical = 1481 ; free virtual = 5258
---------------------------------------------------------------------------------
---------------------------------------------------------------------------------
Finished Constraint Validation : Time (s): cpu = 00:00:04 ; elapsed = 00:00:05 . Memory (MB): peak = 1478.391 ; gain = 135.750 ; free physical = 1480 ; free virtual = 5258
---------------------------------------------------------------------------------
---------------------------------------------------------------------------------
Start Loading Part and Timing Information
---------------------------------------------------------------------------------
Loading part: xc7vx485tffg1157-1
---------------------------------------------------------------------------------
INFO: [Device 21-403] Loading part xc7vx485tffg1157-1
Finished Loading Part and Timing Information : Time (s): cpu = 00:00:04 ; elapsed = 00:00:05 . Memory (MB): peak = 1486.395 ; gain = 143.754 ; free physical = 1479 ; free virtual = 5256
---------------------------------------------------------------------------------
---------------------------------------------------------------------------------
Finished RTL Optimization Phase 2 : Time (s): cpu = 00:00:04 ; elapsed = 00:00:05 . Memory (MB): peak = 1494.402 ; gain = 151.762 ; free physical = 1476 ; free virtual = 5256
---------------------------------------------------------------------------------

Report RTL Partitions: 
+-+--------------+------------+----------+
| |RTL Partition |Replication |Instances |
+-+--------------+------------+----------+
+-+--------------+------------+----------+
No constraint files found.
---------------------------------------------------------------------------------
Start RTL Component Statistics 
---------------------------------------------------------------------------------
Detailed RTL Component Info : 
+---Registers : 
	                1 Bit    Registers := 1     
---------------------------------------------------------------------------------
Finished RTL Component Statistics 
---------------------------------------------------------------------------------
---------------------------------------------------------------------------------
Start RTL Hierarchical Component Statistics 
---------------------------------------------------------------------------------
Hierarchical RTL Component report 
Module flop 
Detailed RTL Component Info : 
+---Registers : 
	                1 Bit    Registers := 1     
---------------------------------------------------------------------------------
Finished RTL Hierarchical Component Statistics
---------------------------------------------------------------------------------
---------------------------------------------------------------------------------
Start Part Resource Summary
---------------------------------------------------------------------------------
Part Resources:
DSPs: 2800 (col length:140)
BRAMs: 2060 (col length: RAMB18 140 RAMB36 70)
---------------------------------------------------------------------------------
Finished Part Resource Summary
---------------------------------------------------------------------------------
No constraint files found.
---------------------------------------------------------------------------------
Start Cross Boundary and Area Optimization
---------------------------------------------------------------------------------
Warning: Parallel synthesis criteria is not met 
---------------------------------------------------------------------------------
Finished Cross Boundary and Area Optimization : Time (s): cpu = 00:00:13 ; elapsed = 00:00:16 . Memory (MB): peak = 1724.645 ; gain = 382.004 ; free physical = 1108 ; free virtual = 4968
---------------------------------------------------------------------------------

Report RTL Partitions: 
+-+--------------+------------+----------+
| |RTL Partition |Replication |Instances |
+-+--------------+------------+----------+
+-+--------------+------------+----------+
No constraint files found.
---------------------------------------------------------------------------------
Start Timing Optimization
---------------------------------------------------------------------------------
---------------------------------------------------------------------------------
Finished Timing Optimization : Time (s): cpu = 00:00:13 ; elapsed = 00:00:16 . Memory (MB): peak = 1724.645 ; gain = 382.004 ; free physical = 1107 ; free virtual = 4967
---------------------------------------------------------------------------------

Report RTL Partitions: 
+-+--------------+------------+----------+
| |RTL Partition |Replication |Instances |
+-+--------------+------------+----------+
+-+--------------+------------+----------+
---------------------------------------------------------------------------------
Start Technology Mapping
---------------------------------------------------------------------------------
---------------------------------------------------------------------------------
Finished Technology Mapping : Time (s): cpu = 00:00:13 ; elapsed = 00:00:16 . Memory (MB): peak = 1732.652 ; gain = 390.012 ; free physical = 1106 ; free virtual = 4966
---------------------------------------------------------------------------------

Report RTL Partitions: 
+-+--------------+------------+----------+
| |RTL Partition |Replication |Instances |
+-+--------------+------------+----------+
+-+--------------+------------+----------+
---------------------------------------------------------------------------------
Start IO Insertion
---------------------------------------------------------------------------------
---------------------------------------------------------------------------------
Start Flattening Before IO Insertion
---------------------------------------------------------------------------------
---------------------------------------------------------------------------------
Finished Flattening Before IO Insertion
---------------------------------------------------------------------------------
---------------------------------------------------------------------------------
Start Final Netlist Cleanup
---------------------------------------------------------------------------------
---------------------------------------------------------------------------------
Finished Final Netlist Cleanup
---------------------------------------------------------------------------------
---------------------------------------------------------------------------------
Finished IO Insertion : Time (s): cpu = 00:00:14 ; elapsed = 00:00:17 . Memory (MB): peak = 1732.652 ; gain = 390.012 ; free physical = 1109 ; free virtual = 4969
---------------------------------------------------------------------------------

Report Check Netlist: 
+------+------------------+-------+---------+-------+------------------+
|      |Item              |Errors |Warnings |Status |Description       |
+------+------------------+-------+---------+-------+------------------+
|1     |multi_driven_nets |      0|        0|Passed |Multi driven nets |
+------+------------------+-------+---------+-------+------------------+
---------------------------------------------------------------------------------
Start Renaming Generated Instances
---------------------------------------------------------------------------------
---------------------------------------------------------------------------------
Finished Renaming Generated Instances : Time (s): cpu = 00:00:14 ; elapsed = 00:00:17 . Memory (MB): peak = 1732.652 ; gain = 390.012 ; free physical = 1109 ; free virtual = 4969
---------------------------------------------------------------------------------

Report RTL Partitions: 
+-+--------------+------------+----------+
| |RTL Partition |Replication |Instances |
+-+--------------+------------+----------+
+-+--------------+------------+----------+
---------------------------------------------------------------------------------
Start Rebuilding User Hierarchy
---------------------------------------------------------------------------------
---------------------------------------------------------------------------------
Finished Rebuilding User Hierarchy : Time (s): cpu = 00:00:14 ; elapsed = 00:00:17 . Memory (MB): peak = 1732.652 ; gain = 390.012 ; free physical = 1109 ; free virtual = 4969
---------------------------------------------------------------------------------
---------------------------------------------------------------------------------
Start Renaming Generated Ports
---------------------------------------------------------------------------------
---------------------------------------------------------------------------------
Finished Renaming Generated Ports : Time (s): cpu = 00:00:14 ; elapsed = 00:00:17 . Memory (MB): peak = 1732.652 ; gain = 390.012 ; free physical = 1109 ; free virtual = 4969
---------------------------------------------------------------------------------
---------------------------------------------------------------------------------
Start Handling Custom Attributes
---------------------------------------------------------------------------------
---------------------------------------------------------------------------------
Finished Handling Custom Attributes : Time (s): cpu = 00:00:14 ; elapsed = 00:00:17 . Memory (MB): peak = 1732.652 ; gain = 390.012 ; free physical = 1109 ; free virtual = 4969
---------------------------------------------------------------------------------
---------------------------------------------------------------------------------
Start Renaming Generated Nets
---------------------------------------------------------------------------------
---------------------------------------------------------------------------------
Finished Renaming Generated Nets : Time (s): cpu = 00:00:14 ; elapsed = 00:00:17 . Memory (MB): peak = 1732.652 ; gain = 390.012 ; free physical = 1109 ; free virtual = 4969
---------------------------------------------------------------------------------
---------------------------------------------------------------------------------
Start Writing Synthesis Report
---------------------------------------------------------------------------------

Report BlackBoxes: 
+-+--------------+----------+
| |BlackBox name |Instances |
+-+--------------+----------+
+-+--------------+----------+

Report Cell Usage: 
+------+-----+------+
|      |Cell |Count |
+------+-----+------+
|1     |BUFG |     1|
|2     |FDRE |     1|
|3     |IBUF |     3|
|4     |OBUF |     1|
+------+-----+------+

Report Instance Areas: 
+------+---------+-------+------+
|      |Instance |Module |Cells |
+------+---------+-------+------+
|1     |top      |       |     6|
+------+---------+-------+------+
---------------------------------------------------------------------------------
Finished Writing Synthesis Report : Time (s): cpu = 00:00:14 ; elapsed = 00:00:17 . Memory (MB): peak = 1732.652 ; gain = 390.012 ; free physical = 1109 ; free virtual = 4969
---------------------------------------------------------------------------------
Synthesis finished with 0 errors, 0 critical warnings and 0 warnings.
Synthesis Optimization Runtime : Time (s): cpu = 00:00:14 ; elapsed = 00:00:17 . Memory (MB): peak = 1732.652 ; gain = 390.012 ; free physical = 1109 ; free virtual = 4969
Synthesis Optimization Complete : Time (s): cpu = 00:00:14 ; elapsed = 00:00:17 . Memory (MB): peak = 1732.660 ; gain = 390.012 ; free physical = 1109 ; free virtual = 4969
INFO: [Project 1-571] Translating synthesized netlist
INFO: [Project 1-570] Preparing netlist for logic optimization
INFO: [Opt 31-138] Pushed 0 inverter(s) to 0 load pin(s).
Netlist sorting complete. Time (s): cpu = 00:00:00 ; elapsed = 00:00:00 . Memory (MB): peak = 1822.105 ; gain = 0.000 ; free physical = 974 ; free virtual = 4860
INFO: [Project 1-111] Unisim Transformation Summary:
No Unisim elements were transformed.

INFO: [Common 17-83] Releasing license: Synthesis
9 Infos, 0 Warnings, 0 Critical Warnings and 0 Errors encountered.
synth_design completed successfully
synth_design: Time (s): cpu = 00:00:20 ; elapsed = 00:00:22 . Memory (MB): peak = 1822.105 ; gain = 499.922 ; free physical = 1023 ; free virtual = 4909
design_1
report_utilization 
Copyright 1986-2018 Xilinx, Inc. All Rights Reserved.
------------------------------------------------------------------------------------
| Tool Version : Vivado v.2018.3 (lin64) Build 2405991 Thu Dec  6 23:36:41 MST 2018
| Date         : Sun Mar  1 23:05:32 2020
| Host         : GCS running 64-bit Ubuntu 18.04.4 LTS
| Command      : report_utilization
| Design       : flop
| Device       : 7vx485tffg1157-1
| Design State : Synthesized
------------------------------------------------------------------------------------

Utilization Design Information

Table of Contents
-----------------
1. Slice Logic
1.1 Summary of Registers by Type
2. Memory
3. DSP
4. IO and GT Specific
5. Clocking
6. Specific Feature
7. Primitives
8. Black Boxes
9. Instantiated Netlists

1. Slice Logic
--------------

+-------------------------+------+-------+-----------+-------+
|        Site Type        | Used | Fixed | Available | Util% |
+-------------------------+------+-------+-----------+-------+
| Slice LUTs*             |    0 |     0 |    303600 |  0.00 |
|   LUT as Logic          |    0 |     0 |    303600 |  0.00 |
|   LUT as Memory         |    0 |     0 |    130800 |  0.00 |
| Slice Registers         |    1 |     0 |    607200 | <0.01 |
|   Register as Flip Flop |    1 |     0 |    607200 | <0.01 |
|   Register as Latch     |    0 |     0 |    607200 |  0.00 |
| F7 Muxes                |    0 |     0 |    151800 |  0.00 |
| F8 Muxes                |    0 |     0 |     75900 |  0.00 |
+-------------------------+------+-------+-----------+-------+
* Warning! The Final LUT count, after physical optimizations and full implementation, is typically lower. Run opt_design after synthesis, if not already completed, for a more realistic count.


1.1 Summary of Registers by Type
--------------------------------

+-------+--------------+-------------+--------------+
| Total | Clock Enable | Synchronous | Asynchronous |
+-------+--------------+-------------+--------------+
| 0     |            _ |           - |            - |
| 0     |            _ |           - |          Set |
| 0     |            _ |           - |        Reset |
| 0     |            _ |         Set |            - |
| 0     |            _ |       Reset |            - |
| 0     |          Yes |           - |            - |
| 0     |          Yes |           - |          Set |
| 0     |          Yes |           - |        Reset |
| 0     |          Yes |         Set |            - |
| 1     |          Yes |       Reset |            - |
+-------+--------------+-------------+--------------+


2. Memory
---------

+----------------+------+-------+-----------+-------+
|    Site Type   | Used | Fixed | Available | Util% |
+----------------+------+-------+-----------+-------+
| Block RAM Tile |    0 |     0 |      1030 |  0.00 |
|   RAMB36/FIFO* |    0 |     0 |      1030 |  0.00 |
|   RAMB18       |    0 |     0 |      2060 |  0.00 |
+----------------+------+-------+-----------+-------+
* Note: Each Block RAM Tile only has one FIFO logic available and therefore can accommodate only one FIFO36E1 or one FIFO18E1. However, if a FIFO18E1 occupies a Block RAM Tile, that tile can still accommodate a RAMB18E1


3. DSP
------

+-----------+------+-------+-----------+-------+
| Site Type | Used | Fixed | Available | Util% |
+-----------+------+-------+-----------+-------+
| DSPs      |    0 |     0 |      2800 |  0.00 |
+-----------+------+-------+-----------+-------+


4. IO and GT Specific
---------------------

+-----------------------------+------+-------+-----------+-------+
|          Site Type          | Used | Fixed | Available | Util% |
+-----------------------------+------+-------+-----------+-------+
| Bonded IOB                  |    4 |     0 |       600 |  0.67 |
| Bonded IPADs                |    0 |     0 |        62 |  0.00 |
| Bonded OPADs                |    0 |     0 |        40 |  0.00 |
| PHY_CONTROL                 |    0 |     0 |        14 |  0.00 |
| PHASER_REF                  |    0 |     0 |        14 |  0.00 |
| OUT_FIFO                    |    0 |     0 |        56 |  0.00 |
| IN_FIFO                     |    0 |     0 |        56 |  0.00 |
| IDELAYCTRL                  |    0 |     0 |        14 |  0.00 |
| IBUFDS                      |    0 |     0 |       576 |  0.00 |
| GTXE2_COMMON                |    0 |     0 |         5 |  0.00 |
| GTXE2_CHANNEL               |    0 |     0 |        20 |  0.00 |
| PHASER_OUT/PHASER_OUT_PHY   |    0 |     0 |        56 |  0.00 |
| PHASER_IN/PHASER_IN_PHY     |    0 |     0 |        56 |  0.00 |
| IDELAYE2/IDELAYE2_FINEDELAY |    0 |     0 |       700 |  0.00 |
| ODELAYE2/ODELAYE2_FINEDELAY |    0 |     0 |       700 |  0.00 |
| IBUFDS_GTE2                 |    0 |     0 |        10 |  0.00 |
| ILOGIC                      |    0 |     0 |       600 |  0.00 |
| OLOGIC                      |    0 |     0 |       600 |  0.00 |
+-----------------------------+------+-------+-----------+-------+


5. Clocking
-----------

+------------+------+-------+-----------+-------+
|  Site Type | Used | Fixed | Available | Util% |
+------------+------+-------+-----------+-------+
| BUFGCTRL   |    1 |     0 |        32 |  3.13 |
| BUFIO      |    0 |     0 |        56 |  0.00 |
| MMCME2_ADV |    0 |     0 |        14 |  0.00 |
| PLLE2_ADV  |    0 |     0 |        14 |  0.00 |
| BUFMRCE    |    0 |     0 |        28 |  0.00 |
| BUFHCE     |    0 |     0 |       168 |  0.00 |
| BUFR       |    0 |     0 |        56 |  0.00 |
+------------+------+-------+-----------+-------+


6. Specific Feature
-------------------

+-------------+------+-------+-----------+-------+
|  Site Type  | Used | Fixed | Available | Util% |
+-------------+------+-------+-----------+-------+
| BSCANE2     |    0 |     0 |         4 |  0.00 |
| CAPTUREE2   |    0 |     0 |         1 |  0.00 |
| DNA_PORT    |    0 |     0 |         1 |  0.00 |
| EFUSE_USR   |    0 |     0 |         1 |  0.00 |
| FRAME_ECCE2 |    0 |     0 |         1 |  0.00 |
| ICAPE2      |    0 |     0 |         2 |  0.00 |
| PCIE_2_1    |    0 |     0 |         4 |  0.00 |
| STARTUPE2   |    0 |     0 |         1 |  0.00 |
| XADC        |    0 |     0 |         1 |  0.00 |
+-------------+------+-------+-----------+-------+


7. Primitives
-------------

+----------+------+---------------------+
| Ref Name | Used | Functional Category |
+----------+------+---------------------+
| IBUF     |    3 |                  IO |
| OBUF     |    1 |                  IO |
| FDRE     |    1 |        Flop & Latch |
| BUFG     |    1 |               Clock |
+----------+------+---------------------+


8. Black Boxes
--------------

+----------+------+
| Ref Name | Used |
+----------+------+


9. Instantiated Netlists
------------------------

+----------+------+
| Ref Name | Used |
+----------+------+


vi flop.v 
WARNING: [Common 17-259] Unknown Tcl command 'vi flop.v' sending command to the OS shell for execution. It is recommended to use 'exec' to send the command to the OS shell.
synth_design -top flop
Command: synth_design -top flop
Starting synth_design
Using part: xc7vx485tffg1157-1
Attempting to get a license for feature 'Synthesis' and/or device 'xc7vx485t'
INFO: [Common 17-349] Got license for feature 'Synthesis' and/or device 'xc7vx485t'
INFO: Launching helper process for spawning children vivado processes
INFO: Helper process launched with PID 7745 
---------------------------------------------------------------------------------
Starting Synthesize : Time (s): cpu = 00:00:02 ; elapsed = 00:00:03 . Memory (MB): peak = 1853.105 ; gain = 30.996 ; free physical = 935 ; free virtual = 4808
---------------------------------------------------------------------------------
INFO: [Synth 8-6157] synthesizing module 'flop' [/home/gsaied/Desktop/old_rtl/amr/flop.v:1]
INFO: [Synth 8-6155] done synthesizing module 'flop' (1#1) [/home/gsaied/Desktop/old_rtl/amr/flop.v:1]
---------------------------------------------------------------------------------
Finished Synthesize : Time (s): cpu = 00:00:03 ; elapsed = 00:00:03 . Memory (MB): peak = 1888.355 ; gain = 66.246 ; free physical = 943 ; free virtual = 4824
---------------------------------------------------------------------------------
---------------------------------------------------------------------------------
Finished Constraint Validation : Time (s): cpu = 00:00:03 ; elapsed = 00:00:03 . Memory (MB): peak = 1888.355 ; gain = 66.246 ; free physical = 945 ; free virtual = 4825
---------------------------------------------------------------------------------
---------------------------------------------------------------------------------
Start Loading Part and Timing Information
---------------------------------------------------------------------------------
Loading part: xc7vx485tffg1157-1
---------------------------------------------------------------------------------
Finished Loading Part and Timing Information : Time (s): cpu = 00:00:03 ; elapsed = 00:00:03 . Memory (MB): peak = 1896.359 ; gain = 74.250 ; free physical = 945 ; free virtual = 4825
---------------------------------------------------------------------------------
---------------------------------------------------------------------------------
Finished RTL Optimization Phase 2 : Time (s): cpu = 00:00:03 ; elapsed = 00:00:04 . Memory (MB): peak = 1904.367 ; gain = 82.258 ; free physical = 944 ; free virtual = 4825
---------------------------------------------------------------------------------

Report RTL Partitions: 
+-+--------------+------------+----------+
| |RTL Partition |Replication |Instances |
+-+--------------+------------+----------+
+-+--------------+------------+----------+
No constraint files found.
---------------------------------------------------------------------------------
Start RTL Component Statistics 
---------------------------------------------------------------------------------
Detailed RTL Component Info : 
+---Registers : 
	                1 Bit    Registers := 1     
---------------------------------------------------------------------------------
Finished RTL Component Statistics 
---------------------------------------------------------------------------------
---------------------------------------------------------------------------------
Start RTL Hierarchical Component Statistics 
---------------------------------------------------------------------------------
Hierarchical RTL Component report 
Module flop 
Detailed RTL Component Info : 
+---Registers : 
	                1 Bit    Registers := 1     
---------------------------------------------------------------------------------
Finished RTL Hierarchical Component Statistics
---------------------------------------------------------------------------------
---------------------------------------------------------------------------------
Start Part Resource Summary
---------------------------------------------------------------------------------
Part Resources:
DSPs: 2800 (col length:140)
BRAMs: 2060 (col length: RAMB18 140 RAMB36 70)
---------------------------------------------------------------------------------
Finished Part Resource Summary
---------------------------------------------------------------------------------
No constraint files found.
---------------------------------------------------------------------------------
Start Cross Boundary and Area Optimization
---------------------------------------------------------------------------------
Warning: Parallel synthesis criteria is not met 
---------------------------------------------------------------------------------
Finished Cross Boundary and Area Optimization : Time (s): cpu = 00:00:03 ; elapsed = 00:00:04 . Memory (MB): peak = 1904.367 ; gain = 82.258 ; free physical = 945 ; free virtual = 4826
---------------------------------------------------------------------------------

Report RTL Partitions: 
+-+--------------+------------+----------+
| |RTL Partition |Replication |Instances |
+-+--------------+------------+----------+
+-+--------------+------------+----------+
No constraint files found.
---------------------------------------------------------------------------------
Start Timing Optimization
---------------------------------------------------------------------------------
---------------------------------------------------------------------------------
Finished Timing Optimization : Time (s): cpu = 00:00:03 ; elapsed = 00:00:04 . Memory (MB): peak = 1904.367 ; gain = 82.258 ; free physical = 944 ; free virtual = 4825
---------------------------------------------------------------------------------

Report RTL Partitions: 
+-+--------------+------------+----------+
| |RTL Partition |Replication |Instances |
+-+--------------+------------+----------+
+-+--------------+------------+----------+
---------------------------------------------------------------------------------
Start Technology Mapping
---------------------------------------------------------------------------------
---------------------------------------------------------------------------------
Finished Technology Mapping : Time (s): cpu = 00:00:03 ; elapsed = 00:00:04 . Memory (MB): peak = 1904.367 ; gain = 82.258 ; free physical = 944 ; free virtual = 4825
---------------------------------------------------------------------------------

Report RTL Partitions: 
+-+--------------+------------+----------+
| |RTL Partition |Replication |Instances |
+-+--------------+------------+----------+
+-+--------------+------------+----------+
---------------------------------------------------------------------------------
Start IO Insertion
---------------------------------------------------------------------------------
---------------------------------------------------------------------------------
Start Flattening Before IO Insertion
---------------------------------------------------------------------------------
---------------------------------------------------------------------------------
Finished Flattening Before IO Insertion
---------------------------------------------------------------------------------
---------------------------------------------------------------------------------
Start Final Netlist Cleanup
---------------------------------------------------------------------------------
---------------------------------------------------------------------------------
Finished Final Netlist Cleanup
---------------------------------------------------------------------------------
---------------------------------------------------------------------------------
Finished IO Insertion : Time (s): cpu = 00:00:04 ; elapsed = 00:00:05 . Memory (MB): peak = 1904.367 ; gain = 82.258 ; free physical = 943 ; free virtual = 4824
---------------------------------------------------------------------------------

Report Check Netlist: 
+------+------------------+-------+---------+-------+------------------+
|      |Item              |Errors |Warnings |Status |Description       |
+------+------------------+-------+---------+-------+------------------+
|1     |multi_driven_nets |      0|        0|Passed |Multi driven nets |
+------+------------------+-------+---------+-------+------------------+
---------------------------------------------------------------------------------
Start Renaming Generated Instances
---------------------------------------------------------------------------------
---------------------------------------------------------------------------------
Finished Renaming Generated Instances : Time (s): cpu = 00:00:04 ; elapsed = 00:00:05 . Memory (MB): peak = 1904.367 ; gain = 82.258 ; free physical = 943 ; free virtual = 4824
---------------------------------------------------------------------------------

Report RTL Partitions: 
+-+--------------+------------+----------+
| |RTL Partition |Replication |Instances |
+-+--------------+------------+----------+
+-+--------------+------------+----------+
---------------------------------------------------------------------------------
Start Rebuilding User Hierarchy
---------------------------------------------------------------------------------
---------------------------------------------------------------------------------
Finished Rebuilding User Hierarchy : Time (s): cpu = 00:00:04 ; elapsed = 00:00:05 . Memory (MB): peak = 1904.367 ; gain = 82.258 ; free physical = 943 ; free virtual = 4824
---------------------------------------------------------------------------------
---------------------------------------------------------------------------------
Start Renaming Generated Ports
---------------------------------------------------------------------------------
---------------------------------------------------------------------------------
Finished Renaming Generated Ports : Time (s): cpu = 00:00:04 ; elapsed = 00:00:05 . Memory (MB): peak = 1904.367 ; gain = 82.258 ; free physical = 943 ; free virtual = 4824
---------------------------------------------------------------------------------
---------------------------------------------------------------------------------
Start Handling Custom Attributes
---------------------------------------------------------------------------------
---------------------------------------------------------------------------------
Finished Handling Custom Attributes : Time (s): cpu = 00:00:04 ; elapsed = 00:00:05 . Memory (MB): peak = 1904.367 ; gain = 82.258 ; free physical = 943 ; free virtual = 4824
---------------------------------------------------------------------------------
---------------------------------------------------------------------------------
Start Renaming Generated Nets
---------------------------------------------------------------------------------
---------------------------------------------------------------------------------
Finished Renaming Generated Nets : Time (s): cpu = 00:00:04 ; elapsed = 00:00:05 . Memory (MB): peak = 1904.367 ; gain = 82.258 ; free physical = 943 ; free virtual = 4824
---------------------------------------------------------------------------------
---------------------------------------------------------------------------------
Start Writing Synthesis Report
---------------------------------------------------------------------------------

Report BlackBoxes: 
+-+--------------+----------+
| |BlackBox name |Instances |
+-+--------------+----------+
+-+--------------+----------+

Report Cell Usage: 
+------+-----+------+
|      |Cell |Count |
+------+-----+------+
|1     |BUFG |     1|
|2     |FDCE |     1|
|3     |IBUF |     3|
|4     |OBUF |     1|
+------+-----+------+

Report Instance Areas: 
+------+---------+-------+------+
|      |Instance |Module |Cells |
+------+---------+-------+------+
|1     |top      |       |     6|
+------+---------+-------+------+
---------------------------------------------------------------------------------
Finished Writing Synthesis Report : Time (s): cpu = 00:00:04 ; elapsed = 00:00:05 . Memory (MB): peak = 1904.367 ; gain = 82.258 ; free physical = 943 ; free virtual = 4824
---------------------------------------------------------------------------------
Synthesis finished with 0 errors, 0 critical warnings and 0 warnings.
Synthesis Optimization Runtime : Time (s): cpu = 00:00:04 ; elapsed = 00:00:05 . Memory (MB): peak = 1904.367 ; gain = 82.258 ; free physical = 943 ; free virtual = 4824
Synthesis Optimization Complete : Time (s): cpu = 00:00:04 ; elapsed = 00:00:05 . Memory (MB): peak = 1904.375 ; gain = 82.258 ; free physical = 943 ; free virtual = 4824
INFO: [Project 1-571] Translating synthesized netlist
INFO: [Project 1-570] Preparing netlist for logic optimization
INFO: [Opt 31-138] Pushed 0 inverter(s) to 0 load pin(s).
Netlist sorting complete. Time (s): cpu = 00:00:00 ; elapsed = 00:00:00 . Memory (MB): peak = 1907.391 ; gain = 0.000 ; free physical = 961 ; free virtual = 4844
INFO: [Project 1-111] Unisim Transformation Summary:
No Unisim elements were transformed.

INFO: [Common 17-83] Releasing license: Synthesis
8 Infos, 0 Warnings, 0 Critical Warnings and 0 Errors encountered.
synth_design completed successfully
synth_design: Time (s): cpu = 00:00:06 ; elapsed = 00:00:07 . Memory (MB): peak = 1907.391 ; gain = 85.285 ; free physical = 1010 ; free virtual = 4892
design_1
vi flop.v 
WARNING: [Common 17-259] Unknown Tcl command 'vi flop.v' sending command to the OS shell for execution. It is recommended to use 'exec' to send the command to the OS shell.
synth_design -top flop
Command: synth_design -top flop
Starting synth_design
Using part: xc7vx485tffg1157-1
Attempting to get a license for feature 'Synthesis' and/or device 'xc7vx485t'
INFO: [Common 17-349] Got license for feature 'Synthesis' and/or device 'xc7vx485t'
INFO: Launching helper process for spawning children vivado processes
INFO: Helper process launched with PID 7805 
---------------------------------------------------------------------------------
Starting Synthesize : Time (s): cpu = 00:00:02 ; elapsed = 00:00:03 . Memory (MB): peak = 1907.395 ; gain = 0.000 ; free physical = 902 ; free virtual = 4782
---------------------------------------------------------------------------------
INFO: [Synth 8-6157] synthesizing module 'flop' [/home/gsaied/Desktop/old_rtl/amr/flop.v:1]
INFO: [Synth 8-6155] done synthesizing module 'flop' (1#1) [/home/gsaied/Desktop/old_rtl/amr/flop.v:1]
---------------------------------------------------------------------------------
Finished Synthesize : Time (s): cpu = 00:00:03 ; elapsed = 00:00:03 . Memory (MB): peak = 1907.395 ; gain = 0.000 ; free physical = 957 ; free virtual = 4845
---------------------------------------------------------------------------------
---------------------------------------------------------------------------------
Finished Constraint Validation : Time (s): cpu = 00:00:03 ; elapsed = 00:00:03 . Memory (MB): peak = 1907.395 ; gain = 0.000 ; free physical = 960 ; free virtual = 4847
---------------------------------------------------------------------------------
---------------------------------------------------------------------------------
Start Loading Part and Timing Information
---------------------------------------------------------------------------------
Loading part: xc7vx485tffg1157-1
---------------------------------------------------------------------------------
Finished Loading Part and Timing Information : Time (s): cpu = 00:00:03 ; elapsed = 00:00:03 . Memory (MB): peak = 1915.395 ; gain = 8.000 ; free physical = 960 ; free virtual = 4847
---------------------------------------------------------------------------------
---------------------------------------------------------------------------------
Finished RTL Optimization Phase 2 : Time (s): cpu = 00:00:03 ; elapsed = 00:00:04 . Memory (MB): peak = 1915.395 ; gain = 8.000 ; free physical = 960 ; free virtual = 4847
---------------------------------------------------------------------------------

Report RTL Partitions: 
+-+--------------+------------+----------+
| |RTL Partition |Replication |Instances |
+-+--------------+------------+----------+
+-+--------------+------------+----------+
No constraint files found.
---------------------------------------------------------------------------------
Start RTL Component Statistics 
---------------------------------------------------------------------------------
Detailed RTL Component Info : 
+---Registers : 
	                1 Bit    Registers := 1     
---------------------------------------------------------------------------------
Finished RTL Component Statistics 
---------------------------------------------------------------------------------
---------------------------------------------------------------------------------
Start RTL Hierarchical Component Statistics 
---------------------------------------------------------------------------------
Hierarchical RTL Component report 
Module flop 
Detailed RTL Component Info : 
+---Registers : 
	                1 Bit    Registers := 1     
---------------------------------------------------------------------------------
Finished RTL Hierarchical Component Statistics
---------------------------------------------------------------------------------
---------------------------------------------------------------------------------
Start Part Resource Summary
---------------------------------------------------------------------------------
Part Resources:
DSPs: 2800 (col length:140)
BRAMs: 2060 (col length: RAMB18 140 RAMB36 70)
---------------------------------------------------------------------------------
Finished Part Resource Summary
---------------------------------------------------------------------------------
No constraint files found.
---------------------------------------------------------------------------------
Start Cross Boundary and Area Optimization
---------------------------------------------------------------------------------
Warning: Parallel synthesis criteria is not met 
---------------------------------------------------------------------------------
Finished Cross Boundary and Area Optimization : Time (s): cpu = 00:00:03 ; elapsed = 00:00:04 . Memory (MB): peak = 1915.395 ; gain = 8.000 ; free physical = 962 ; free virtual = 4849
---------------------------------------------------------------------------------

Report RTL Partitions: 
+-+--------------+------------+----------+
| |RTL Partition |Replication |Instances |
+-+--------------+------------+----------+
+-+--------------+------------+----------+
No constraint files found.
---------------------------------------------------------------------------------
Start Timing Optimization
---------------------------------------------------------------------------------
---------------------------------------------------------------------------------
Finished Timing Optimization : Time (s): cpu = 00:00:03 ; elapsed = 00:00:04 . Memory (MB): peak = 1915.395 ; gain = 8.000 ; free physical = 961 ; free virtual = 4849
---------------------------------------------------------------------------------

Report RTL Partitions: 
+-+--------------+------------+----------+
| |RTL Partition |Replication |Instances |
+-+--------------+------------+----------+
+-+--------------+------------+----------+
---------------------------------------------------------------------------------
Start Technology Mapping
---------------------------------------------------------------------------------
---------------------------------------------------------------------------------
Finished Technology Mapping : Time (s): cpu = 00:00:03 ; elapsed = 00:00:04 . Memory (MB): peak = 1915.395 ; gain = 8.000 ; free physical = 961 ; free virtual = 4848
---------------------------------------------------------------------------------

Report RTL Partitions: 
+-+--------------+------------+----------+
| |RTL Partition |Replication |Instances |
+-+--------------+------------+----------+
+-+--------------+------------+----------+
---------------------------------------------------------------------------------
Start IO Insertion
---------------------------------------------------------------------------------
---------------------------------------------------------------------------------
Start Flattening Before IO Insertion
---------------------------------------------------------------------------------
---------------------------------------------------------------------------------
Finished Flattening Before IO Insertion
---------------------------------------------------------------------------------
---------------------------------------------------------------------------------
Start Final Netlist Cleanup
---------------------------------------------------------------------------------
---------------------------------------------------------------------------------
Finished Final Netlist Cleanup
---------------------------------------------------------------------------------
---------------------------------------------------------------------------------
Finished IO Insertion : Time (s): cpu = 00:00:04 ; elapsed = 00:00:05 . Memory (MB): peak = 1915.395 ; gain = 8.000 ; free physical = 961 ; free virtual = 4849
---------------------------------------------------------------------------------

Report Check Netlist: 
+------+------------------+-------+---------+-------+------------------+
|      |Item              |Errors |Warnings |Status |Description       |
+------+------------------+-------+---------+-------+------------------+
|1     |multi_driven_nets |      0|        0|Passed |Multi driven nets |
+------+------------------+-------+---------+-------+------------------+
---------------------------------------------------------------------------------
Start Renaming Generated Instances
---------------------------------------------------------------------------------
---------------------------------------------------------------------------------
Finished Renaming Generated Instances : Time (s): cpu = 00:00:04 ; elapsed = 00:00:05 . Memory (MB): peak = 1915.395 ; gain = 8.000 ; free physical = 961 ; free virtual = 4849
---------------------------------------------------------------------------------

Report RTL Partitions: 
+-+--------------+------------+----------+
| |RTL Partition |Replication |Instances |
+-+--------------+------------+----------+
+-+--------------+------------+----------+
---------------------------------------------------------------------------------
Start Rebuilding User Hierarchy
---------------------------------------------------------------------------------
---------------------------------------------------------------------------------
Finished Rebuilding User Hierarchy : Time (s): cpu = 00:00:04 ; elapsed = 00:00:05 . Memory (MB): peak = 1915.395 ; gain = 8.000 ; free physical = 961 ; free virtual = 4849
---------------------------------------------------------------------------------
---------------------------------------------------------------------------------
Start Renaming Generated Ports
---------------------------------------------------------------------------------
---------------------------------------------------------------------------------
Finished Renaming Generated Ports : Time (s): cpu = 00:00:04 ; elapsed = 00:00:05 . Memory (MB): peak = 1915.395 ; gain = 8.000 ; free physical = 961 ; free virtual = 4849
---------------------------------------------------------------------------------
---------------------------------------------------------------------------------
Start Handling Custom Attributes
---------------------------------------------------------------------------------
---------------------------------------------------------------------------------
Finished Handling Custom Attributes : Time (s): cpu = 00:00:04 ; elapsed = 00:00:05 . Memory (MB): peak = 1915.395 ; gain = 8.000 ; free physical = 961 ; free virtual = 4849
---------------------------------------------------------------------------------
---------------------------------------------------------------------------------
Start Renaming Generated Nets
---------------------------------------------------------------------------------
---------------------------------------------------------------------------------
Finished Renaming Generated Nets : Time (s): cpu = 00:00:04 ; elapsed = 00:00:05 . Memory (MB): peak = 1915.395 ; gain = 8.000 ; free physical = 961 ; free virtual = 4849
---------------------------------------------------------------------------------
---------------------------------------------------------------------------------
Start Writing Synthesis Report
---------------------------------------------------------------------------------

Report BlackBoxes: 
+-+--------------+----------+
| |BlackBox name |Instances |
+-+--------------+----------+
+-+--------------+----------+

Report Cell Usage: 
+------+-----+------+
|      |Cell |Count |
+------+-----+------+
|1     |BUFG |     1|
|2     |FDCE |     1|
|3     |IBUF |     3|
|4     |OBUF |     1|
+------+-----+------+

Report Instance Areas: 
+------+---------+-------+------+
|      |Instance |Module |Cells |
+------+---------+-------+------+
|1     |top      |       |     6|
+------+---------+-------+------+
---------------------------------------------------------------------------------
Finished Writing Synthesis Report : Time (s): cpu = 00:00:04 ; elapsed = 00:00:05 . Memory (MB): peak = 1915.395 ; gain = 8.000 ; free physical = 961 ; free virtual = 4849
---------------------------------------------------------------------------------
Synthesis finished with 0 errors, 0 critical warnings and 0 warnings.
Synthesis Optimization Runtime : Time (s): cpu = 00:00:04 ; elapsed = 00:00:05 . Memory (MB): peak = 1915.395 ; gain = 8.000 ; free physical = 961 ; free virtual = 4849
Synthesis Optimization Complete : Time (s): cpu = 00:00:04 ; elapsed = 00:00:05 . Memory (MB): peak = 1915.402 ; gain = 8.000 ; free physical = 961 ; free virtual = 4849
INFO: [Project 1-571] Translating synthesized netlist
INFO: [Project 1-570] Preparing netlist for logic optimization
INFO: [Opt 31-138] Pushed 0 inverter(s) to 0 load pin(s).
Netlist sorting complete. Time (s): cpu = 00:00:00 ; elapsed = 00:00:00 . Memory (MB): peak = 1916.402 ; gain = 0.000 ; free physical = 978 ; free virtual = 4870
INFO: [Project 1-111] Unisim Transformation Summary:
No Unisim elements were transformed.

INFO: [Common 17-83] Releasing license: Synthesis
8 Infos, 0 Warnings, 0 Critical Warnings and 0 Errors encountered.
synth_design completed successfully
synth_design: Time (s): cpu = 00:00:06 ; elapsed = 00:00:06 . Memory (MB): peak = 1916.402 ; gain = 9.012 ; free physical = 1025 ; free virtual = 4918
design_1
report_utilization 
Copyright 1986-2018 Xilinx, Inc. All Rights Reserved.
------------------------------------------------------------------------------------
| Tool Version : Vivado v.2018.3 (lin64) Build 2405991 Thu Dec  6 23:36:41 MST 2018
| Date         : Sun Mar  1 23:07:34 2020
| Host         : GCS running 64-bit Ubuntu 18.04.4 LTS
| Command      : report_utilization
| Design       : flop
| Device       : 7vx485tffg1157-1
| Design State : Synthesized
------------------------------------------------------------------------------------

Utilization Design Information

Table of Contents
-----------------
1. Slice Logic
1.1 Summary of Registers by Type
2. Memory
3. DSP
4. IO and GT Specific
5. Clocking
6. Specific Feature
7. Primitives
8. Black Boxes
9. Instantiated Netlists

1. Slice Logic
--------------

+-------------------------+------+-------+-----------+-------+
|        Site Type        | Used | Fixed | Available | Util% |
+-------------------------+------+-------+-----------+-------+
| Slice LUTs*             |    0 |     0 |    303600 |  0.00 |
|   LUT as Logic          |    0 |     0 |    303600 |  0.00 |
|   LUT as Memory         |    0 |     0 |    130800 |  0.00 |
| Slice Registers         |    1 |     0 |    607200 | <0.01 |
|   Register as Flip Flop |    1 |     0 |    607200 | <0.01 |
|   Register as Latch     |    0 |     0 |    607200 |  0.00 |
| F7 Muxes                |    0 |     0 |    151800 |  0.00 |
| F8 Muxes                |    0 |     0 |     75900 |  0.00 |
+-------------------------+------+-------+-----------+-------+
* Warning! The Final LUT count, after physical optimizations and full implementation, is typically lower. Run opt_design after synthesis, if not already completed, for a more realistic count.


1.1 Summary of Registers by Type
--------------------------------

+-------+--------------+-------------+--------------+
| Total | Clock Enable | Synchronous | Asynchronous |
+-------+--------------+-------------+--------------+
| 0     |            _ |           - |            - |
| 0     |            _ |           - |          Set |
| 0     |            _ |           - |        Reset |
| 0     |            _ |         Set |            - |
| 0     |            _ |       Reset |            - |
| 0     |          Yes |           - |            - |
| 0     |          Yes |           - |          Set |
| 1     |          Yes |           - |        Reset |
| 0     |          Yes |         Set |            - |
| 0     |          Yes |       Reset |            - |
+-------+--------------+-------------+--------------+


2. Memory
---------

+----------------+------+-------+-----------+-------+
|    Site Type   | Used | Fixed | Available | Util% |
+----------------+------+-------+-----------+-------+
| Block RAM Tile |    0 |     0 |      1030 |  0.00 |
|   RAMB36/FIFO* |    0 |     0 |      1030 |  0.00 |
|   RAMB18       |    0 |     0 |      2060 |  0.00 |
+----------------+------+-------+-----------+-------+
* Note: Each Block RAM Tile only has one FIFO logic available and therefore can accommodate only one FIFO36E1 or one FIFO18E1. However, if a FIFO18E1 occupies a Block RAM Tile, that tile can still accommodate a RAMB18E1


3. DSP
------

+-----------+------+-------+-----------+-------+
| Site Type | Used | Fixed | Available | Util% |
+-----------+------+-------+-----------+-------+
| DSPs      |    0 |     0 |      2800 |  0.00 |
+-----------+------+-------+-----------+-------+


4. IO and GT Specific
---------------------

+-----------------------------+------+-------+-----------+-------+
|          Site Type          | Used | Fixed | Available | Util% |
+-----------------------------+------+-------+-----------+-------+
| Bonded IOB                  |    4 |     0 |       600 |  0.67 |
| Bonded IPADs                |    0 |     0 |        62 |  0.00 |
| Bonded OPADs                |    0 |     0 |        40 |  0.00 |
| PHY_CONTROL                 |    0 |     0 |        14 |  0.00 |
| PHASER_REF                  |    0 |     0 |        14 |  0.00 |
| OUT_FIFO                    |    0 |     0 |        56 |  0.00 |
| IN_FIFO                     |    0 |     0 |        56 |  0.00 |
| IDELAYCTRL                  |    0 |     0 |        14 |  0.00 |
| IBUFDS                      |    0 |     0 |       576 |  0.00 |
| GTXE2_COMMON                |    0 |     0 |         5 |  0.00 |
| GTXE2_CHANNEL               |    0 |     0 |        20 |  0.00 |
| PHASER_OUT/PHASER_OUT_PHY   |    0 |     0 |        56 |  0.00 |
| PHASER_IN/PHASER_IN_PHY     |    0 |     0 |        56 |  0.00 |
| IDELAYE2/IDELAYE2_FINEDELAY |    0 |     0 |       700 |  0.00 |
| ODELAYE2/ODELAYE2_FINEDELAY |    0 |     0 |       700 |  0.00 |
| IBUFDS_GTE2                 |    0 |     0 |        10 |  0.00 |
| ILOGIC                      |    0 |     0 |       600 |  0.00 |
| OLOGIC                      |    0 |     0 |       600 |  0.00 |
+-----------------------------+------+-------+-----------+-------+


5. Clocking
-----------

+------------+------+-------+-----------+-------+
|  Site Type | Used | Fixed | Available | Util% |
+------------+------+-------+-----------+-------+
| BUFGCTRL   |    1 |     0 |        32 |  3.13 |
| BUFIO      |    0 |     0 |        56 |  0.00 |
| MMCME2_ADV |    0 |     0 |        14 |  0.00 |
| PLLE2_ADV  |    0 |     0 |        14 |  0.00 |
| BUFMRCE    |    0 |     0 |        28 |  0.00 |
| BUFHCE     |    0 |     0 |       168 |  0.00 |
| BUFR       |    0 |     0 |        56 |  0.00 |
+------------+------+-------+-----------+-------+


6. Specific Feature
-------------------

+-------------+------+-------+-----------+-------+
|  Site Type  | Used | Fixed | Available | Util% |
+-------------+------+-------+-----------+-------+
| BSCANE2     |    0 |     0 |         4 |  0.00 |
| CAPTUREE2   |    0 |     0 |         1 |  0.00 |
| DNA_PORT    |    0 |     0 |         1 |  0.00 |
| EFUSE_USR   |    0 |     0 |         1 |  0.00 |
| FRAME_ECCE2 |    0 |     0 |         1 |  0.00 |
| ICAPE2      |    0 |     0 |         2 |  0.00 |
| PCIE_2_1    |    0 |     0 |         4 |  0.00 |
| STARTUPE2   |    0 |     0 |         1 |  0.00 |
| XADC        |    0 |     0 |         1 |  0.00 |
+-------------+------+-------+-----------+-------+


7. Primitives
-------------

+----------+------+---------------------+
| Ref Name | Used | Functional Category |
+----------+------+---------------------+
| IBUF     |    3 |                  IO |
| OBUF     |    1 |                  IO |
| FDCE     |    1 |        Flop & Latch |
| BUFG     |    1 |               Clock |
+----------+------+---------------------+


8. Black Boxes
--------------

+----------+------+
| Ref Name | Used |
+----------+------+


9. Instantiated Netlists
------------------------

+----------+------+
| Ref Name | Used |
+----------+------+


vi flop.v 
WARNING: [Common 17-259] Unknown Tcl command 'vi flop.v' sending command to the OS shell for execution. It is recommended to use 'exec' to send the command to the OS shell.
report_utilization
Copyright 1986-2018 Xilinx, Inc. All Rights Reserved.
------------------------------------------------------------------------------------
| Tool Version : Vivado v.2018.3 (lin64) Build 2405991 Thu Dec  6 23:36:41 MST 2018
| Date         : Sun Mar  1 23:07:55 2020
| Host         : GCS running 64-bit Ubuntu 18.04.4 LTS
| Command      : report_utilization
| Design       : flop
| Device       : 7vx485tffg1157-1
| Design State : Synthesized
------------------------------------------------------------------------------------

Utilization Design Information

Table of Contents
-----------------
1. Slice Logic
1.1 Summary of Registers by Type
2. Memory
3. DSP
4. IO and GT Specific
5. Clocking
6. Specific Feature
7. Primitives
8. Black Boxes
9. Instantiated Netlists

1. Slice Logic
--------------

+-------------------------+------+-------+-----------+-------+
|        Site Type        | Used | Fixed | Available | Util% |
+-------------------------+------+-------+-----------+-------+
| Slice LUTs*             |    0 |     0 |    303600 |  0.00 |
|   LUT as Logic          |    0 |     0 |    303600 |  0.00 |
|   LUT as Memory         |    0 |     0 |    130800 |  0.00 |
| Slice Registers         |    1 |     0 |    607200 | <0.01 |
|   Register as Flip Flop |    1 |     0 |    607200 | <0.01 |
|   Register as Latch     |    0 |     0 |    607200 |  0.00 |
| F7 Muxes                |    0 |     0 |    151800 |  0.00 |
| F8 Muxes                |    0 |     0 |     75900 |  0.00 |
+-------------------------+------+-------+-----------+-------+
* Warning! The Final LUT count, after physical optimizations and full implementation, is typically lower. Run opt_design after synthesis, if not already completed, for a more realistic count.


1.1 Summary of Registers by Type
--------------------------------

+-------+--------------+-------------+--------------+
| Total | Clock Enable | Synchronous | Asynchronous |
+-------+--------------+-------------+--------------+
| 0     |            _ |           - |            - |
| 0     |            _ |           - |          Set |
| 0     |            _ |           - |        Reset |
| 0     |            _ |         Set |            - |
| 0     |            _ |       Reset |            - |
| 0     |          Yes |           - |            - |
| 0     |          Yes |           - |          Set |
| 1     |          Yes |           - |        Reset |
| 0     |          Yes |         Set |            - |
| 0     |          Yes |       Reset |            - |
+-------+--------------+-------------+--------------+


2. Memory
---------

+----------------+------+-------+-----------+-------+
|    Site Type   | Used | Fixed | Available | Util% |
+----------------+------+-------+-----------+-------+
| Block RAM Tile |    0 |     0 |      1030 |  0.00 |
|   RAMB36/FIFO* |    0 |     0 |      1030 |  0.00 |
|   RAMB18       |    0 |     0 |      2060 |  0.00 |
+----------------+------+-------+-----------+-------+
* Note: Each Block RAM Tile only has one FIFO logic available and therefore can accommodate only one FIFO36E1 or one FIFO18E1. However, if a FIFO18E1 occupies a Block RAM Tile, that tile can still accommodate a RAMB18E1


3. DSP
------

+-----------+------+-------+-----------+-------+
| Site Type | Used | Fixed | Available | Util% |
+-----------+------+-------+-----------+-------+
| DSPs      |    0 |     0 |      2800 |  0.00 |
+-----------+------+-------+-----------+-------+


4. IO and GT Specific
---------------------

+-----------------------------+------+-------+-----------+-------+
|          Site Type          | Used | Fixed | Available | Util% |
+-----------------------------+------+-------+-----------+-------+
| Bonded IOB                  |    4 |     0 |       600 |  0.67 |
| Bonded IPADs                |    0 |     0 |        62 |  0.00 |
| Bonded OPADs                |    0 |     0 |        40 |  0.00 |
| PHY_CONTROL                 |    0 |     0 |        14 |  0.00 |
| PHASER_REF                  |    0 |     0 |        14 |  0.00 |
| OUT_FIFO                    |    0 |     0 |        56 |  0.00 |
| IN_FIFO                     |    0 |     0 |        56 |  0.00 |
| IDELAYCTRL                  |    0 |     0 |        14 |  0.00 |
| IBUFDS                      |    0 |     0 |       576 |  0.00 |
| GTXE2_COMMON                |    0 |     0 |         5 |  0.00 |
| GTXE2_CHANNEL               |    0 |     0 |        20 |  0.00 |
| PHASER_OUT/PHASER_OUT_PHY   |    0 |     0 |        56 |  0.00 |
| PHASER_IN/PHASER_IN_PHY     |    0 |     0 |        56 |  0.00 |
| IDELAYE2/IDELAYE2_FINEDELAY |    0 |     0 |       700 |  0.00 |
| ODELAYE2/ODELAYE2_FINEDELAY |    0 |     0 |       700 |  0.00 |
| IBUFDS_GTE2                 |    0 |     0 |        10 |  0.00 |
| ILOGIC                      |    0 |     0 |       600 |  0.00 |
| OLOGIC                      |    0 |     0 |       600 |  0.00 |
+-----------------------------+------+-------+-----------+-------+


5. Clocking
-----------

+------------+------+-------+-----------+-------+
|  Site Type | Used | Fixed | Available | Util% |
+------------+------+-------+-----------+-------+
| BUFGCTRL   |    1 |     0 |        32 |  3.13 |
| BUFIO      |    0 |     0 |        56 |  0.00 |
| MMCME2_ADV |    0 |     0 |        14 |  0.00 |
| PLLE2_ADV  |    0 |     0 |        14 |  0.00 |
| BUFMRCE    |    0 |     0 |        28 |  0.00 |
| BUFHCE     |    0 |     0 |       168 |  0.00 |
| BUFR       |    0 |     0 |        56 |  0.00 |
+------------+------+-------+-----------+-------+


6. Specific Feature
-------------------

+-------------+------+-------+-----------+-------+
|  Site Type  | Used | Fixed | Available | Util% |
+-------------+------+-------+-----------+-------+
| BSCANE2     |    0 |     0 |         4 |  0.00 |
| CAPTUREE2   |    0 |     0 |         1 |  0.00 |
| DNA_PORT    |    0 |     0 |         1 |  0.00 |
| EFUSE_USR   |    0 |     0 |         1 |  0.00 |
| FRAME_ECCE2 |    0 |     0 |         1 |  0.00 |
| ICAPE2      |    0 |     0 |         2 |  0.00 |
| PCIE_2_1    |    0 |     0 |         4 |  0.00 |
| STARTUPE2   |    0 |     0 |         1 |  0.00 |
| XADC        |    0 |     0 |         1 |  0.00 |
+-------------+------+-------+-----------+-------+


7. Primitives
-------------

+----------+------+---------------------+
| Ref Name | Used | Functional Category |
+----------+------+---------------------+
| IBUF     |    3 |                  IO |
| OBUF     |    1 |                  IO |
| FDCE     |    1 |        Flop & Latch |
| BUFG     |    1 |               Clock |
+----------+------+---------------------+


8. Black Boxes
--------------

+----------+------+
| Ref Name | Used |
+----------+------+


9. Instantiated Netlists
------------------------

+----------+------+
| Ref Name | Used |
+----------+------+


synth_design -top flop
Command: synth_design -top flop
Starting synth_design
Using part: xc7vx485tffg1157-1
Attempting to get a license for feature 'Synthesis' and/or device 'xc7vx485t'
INFO: [Common 17-349] Got license for feature 'Synthesis' and/or device 'xc7vx485t'
INFO: Launching helper process for spawning children vivado processes
INFO: Helper process launched with PID 7861 
---------------------------------------------------------------------------------
Starting Synthesize : Time (s): cpu = 00:00:02 ; elapsed = 00:00:03 . Memory (MB): peak = 1916.406 ; gain = 0.000 ; free physical = 956 ; free virtual = 4838
---------------------------------------------------------------------------------
INFO: [Synth 8-6157] synthesizing module 'flop' [/home/gsaied/Desktop/old_rtl/amr/flop.v:1]
INFO: [Synth 8-6155] done synthesizing module 'flop' (1#1) [/home/gsaied/Desktop/old_rtl/amr/flop.v:1]
---------------------------------------------------------------------------------
Finished Synthesize : Time (s): cpu = 00:00:03 ; elapsed = 00:00:03 . Memory (MB): peak = 1916.406 ; gain = 0.000 ; free physical = 965 ; free virtual = 4855
---------------------------------------------------------------------------------
---------------------------------------------------------------------------------
Finished Constraint Validation : Time (s): cpu = 00:00:03 ; elapsed = 00:00:03 . Memory (MB): peak = 1916.406 ; gain = 0.000 ; free physical = 965 ; free virtual = 4855
---------------------------------------------------------------------------------
---------------------------------------------------------------------------------
Start Loading Part and Timing Information
---------------------------------------------------------------------------------
Loading part: xc7vx485tffg1157-1
---------------------------------------------------------------------------------
Finished Loading Part and Timing Information : Time (s): cpu = 00:00:03 ; elapsed = 00:00:03 . Memory (MB): peak = 1924.406 ; gain = 8.000 ; free physical = 965 ; free virtual = 4854
---------------------------------------------------------------------------------
---------------------------------------------------------------------------------
Finished RTL Optimization Phase 2 : Time (s): cpu = 00:00:03 ; elapsed = 00:00:03 . Memory (MB): peak = 1924.406 ; gain = 8.000 ; free physical = 964 ; free virtual = 4854
---------------------------------------------------------------------------------

Report RTL Partitions: 
+-+--------------+------------+----------+
| |RTL Partition |Replication |Instances |
+-+--------------+------------+----------+
+-+--------------+------------+----------+
No constraint files found.
---------------------------------------------------------------------------------
Start RTL Component Statistics 
---------------------------------------------------------------------------------
Detailed RTL Component Info : 
+---Registers : 
	                1 Bit    Registers := 1     
---------------------------------------------------------------------------------
Finished RTL Component Statistics 
---------------------------------------------------------------------------------
---------------------------------------------------------------------------------
Start RTL Hierarchical Component Statistics 
---------------------------------------------------------------------------------
Hierarchical RTL Component report 
Module flop 
Detailed RTL Component Info : 
+---Registers : 
	                1 Bit    Registers := 1     
---------------------------------------------------------------------------------
Finished RTL Hierarchical Component Statistics
---------------------------------------------------------------------------------
---------------------------------------------------------------------------------
Start Part Resource Summary
---------------------------------------------------------------------------------
Part Resources:
DSPs: 2800 (col length:140)
BRAMs: 2060 (col length: RAMB18 140 RAMB36 70)
---------------------------------------------------------------------------------
Finished Part Resource Summary
---------------------------------------------------------------------------------
No constraint files found.
---------------------------------------------------------------------------------
Start Cross Boundary and Area Optimization
---------------------------------------------------------------------------------
Warning: Parallel synthesis criteria is not met 
---------------------------------------------------------------------------------
Finished Cross Boundary and Area Optimization : Time (s): cpu = 00:00:03 ; elapsed = 00:00:04 . Memory (MB): peak = 1924.406 ; gain = 8.000 ; free physical = 964 ; free virtual = 4854
---------------------------------------------------------------------------------

Report RTL Partitions: 
+-+--------------+------------+----------+
| |RTL Partition |Replication |Instances |
+-+--------------+------------+----------+
+-+--------------+------------+----------+
No constraint files found.
---------------------------------------------------------------------------------
Start Timing Optimization
---------------------------------------------------------------------------------
---------------------------------------------------------------------------------
Finished Timing Optimization : Time (s): cpu = 00:00:03 ; elapsed = 00:00:04 . Memory (MB): peak = 1924.406 ; gain = 8.000 ; free physical = 964 ; free virtual = 4854
---------------------------------------------------------------------------------

Report RTL Partitions: 
+-+--------------+------------+----------+
| |RTL Partition |Replication |Instances |
+-+--------------+------------+----------+
+-+--------------+------------+----------+
---------------------------------------------------------------------------------
Start Technology Mapping
---------------------------------------------------------------------------------
---------------------------------------------------------------------------------
Finished Technology Mapping : Time (s): cpu = 00:00:03 ; elapsed = 00:00:04 . Memory (MB): peak = 1924.406 ; gain = 8.000 ; free physical = 964 ; free virtual = 4854
---------------------------------------------------------------------------------

Report RTL Partitions: 
+-+--------------+------------+----------+
| |RTL Partition |Replication |Instances |
+-+--------------+------------+----------+
+-+--------------+------------+----------+
---------------------------------------------------------------------------------
Start IO Insertion
---------------------------------------------------------------------------------
---------------------------------------------------------------------------------
Start Flattening Before IO Insertion
---------------------------------------------------------------------------------
---------------------------------------------------------------------------------
Finished Flattening Before IO Insertion
---------------------------------------------------------------------------------
---------------------------------------------------------------------------------
Start Final Netlist Cleanup
---------------------------------------------------------------------------------
---------------------------------------------------------------------------------
Finished Final Netlist Cleanup
---------------------------------------------------------------------------------
---------------------------------------------------------------------------------
Finished IO Insertion : Time (s): cpu = 00:00:04 ; elapsed = 00:00:05 . Memory (MB): peak = 1924.406 ; gain = 8.000 ; free physical = 963 ; free virtual = 4853
---------------------------------------------------------------------------------

Report Check Netlist: 
+------+------------------+-------+---------+-------+------------------+
|      |Item              |Errors |Warnings |Status |Description       |
+------+------------------+-------+---------+-------+------------------+
|1     |multi_driven_nets |      0|        0|Passed |Multi driven nets |
+------+------------------+-------+---------+-------+------------------+
---------------------------------------------------------------------------------
Start Renaming Generated Instances
---------------------------------------------------------------------------------
---------------------------------------------------------------------------------
Finished Renaming Generated Instances : Time (s): cpu = 00:00:04 ; elapsed = 00:00:05 . Memory (MB): peak = 1924.406 ; gain = 8.000 ; free physical = 963 ; free virtual = 4853
---------------------------------------------------------------------------------

Report RTL Partitions: 
+-+--------------+------------+----------+
| |RTL Partition |Replication |Instances |
+-+--------------+------------+----------+
+-+--------------+------------+----------+
---------------------------------------------------------------------------------
Start Rebuilding User Hierarchy
---------------------------------------------------------------------------------
---------------------------------------------------------------------------------
Finished Rebuilding User Hierarchy : Time (s): cpu = 00:00:04 ; elapsed = 00:00:05 . Memory (MB): peak = 1924.406 ; gain = 8.000 ; free physical = 963 ; free virtual = 4853
---------------------------------------------------------------------------------
---------------------------------------------------------------------------------
Start Renaming Generated Ports
---------------------------------------------------------------------------------
---------------------------------------------------------------------------------
Finished Renaming Generated Ports : Time (s): cpu = 00:00:04 ; elapsed = 00:00:05 . Memory (MB): peak = 1924.406 ; gain = 8.000 ; free physical = 963 ; free virtual = 4853
---------------------------------------------------------------------------------
---------------------------------------------------------------------------------
Start Handling Custom Attributes
---------------------------------------------------------------------------------
---------------------------------------------------------------------------------
Finished Handling Custom Attributes : Time (s): cpu = 00:00:04 ; elapsed = 00:00:05 . Memory (MB): peak = 1924.406 ; gain = 8.000 ; free physical = 963 ; free virtual = 4853
---------------------------------------------------------------------------------
---------------------------------------------------------------------------------
Start Renaming Generated Nets
---------------------------------------------------------------------------------
---------------------------------------------------------------------------------
Finished Renaming Generated Nets : Time (s): cpu = 00:00:04 ; elapsed = 00:00:05 . Memory (MB): peak = 1924.406 ; gain = 8.000 ; free physical = 963 ; free virtual = 4853
---------------------------------------------------------------------------------
---------------------------------------------------------------------------------
Start Writing Synthesis Report
---------------------------------------------------------------------------------

Report BlackBoxes: 
+-+--------------+----------+
| |BlackBox name |Instances |
+-+--------------+----------+
+-+--------------+----------+

Report Cell Usage: 
+------+-----+------+
|      |Cell |Count |
+------+-----+------+
|1     |BUFG |     1|
|2     |LUT1 |     1|
|3     |FDCE |     1|
|4     |IBUF |     3|
|5     |OBUF |     1|
+------+-----+------+

Report Instance Areas: 
+------+---------+-------+------+
|      |Instance |Module |Cells |
+------+---------+-------+------+
|1     |top      |       |     7|
+------+---------+-------+------+
---------------------------------------------------------------------------------
Finished Writing Synthesis Report : Time (s): cpu = 00:00:04 ; elapsed = 00:00:05 . Memory (MB): peak = 1924.406 ; gain = 8.000 ; free physical = 963 ; free virtual = 4853
---------------------------------------------------------------------------------
Synthesis finished with 0 errors, 0 critical warnings and 0 warnings.
Synthesis Optimization Runtime : Time (s): cpu = 00:00:04 ; elapsed = 00:00:05 . Memory (MB): peak = 1924.406 ; gain = 8.000 ; free physical = 966 ; free virtual = 4856
Synthesis Optimization Complete : Time (s): cpu = 00:00:04 ; elapsed = 00:00:05 . Memory (MB): peak = 1924.414 ; gain = 8.000 ; free physical = 966 ; free virtual = 4856
INFO: [Project 1-571] Translating synthesized netlist
INFO: [Project 1-570] Preparing netlist for logic optimization
INFO: [Opt 31-138] Pushed 0 inverter(s) to 0 load pin(s).
Netlist sorting complete. Time (s): cpu = 00:00:00 ; elapsed = 00:00:00 . Memory (MB): peak = 1926.422 ; gain = 0.000 ; free physical = 980 ; free virtual = 4875
INFO: [Project 1-111] Unisim Transformation Summary:
No Unisim elements were transformed.

INFO: [Common 17-83] Releasing license: Synthesis
8 Infos, 0 Warnings, 0 Critical Warnings and 0 Errors encountered.
synth_design completed successfully
synth_design: Time (s): cpu = 00:00:06 ; elapsed = 00:00:06 . Memory (MB): peak = 1926.422 ; gain = 10.020 ; free physical = 1026 ; free virtual = 4921
design_1
vi flop.v 
WARNING: [Common 17-259] Unknown Tcl command 'vi flop.v' sending command to the OS shell for execution. It is recommended to use 'exec' to send the command to the OS shell.
synth_design -top flop
Command: synth_design -top flop
Starting synth_design
Using part: xc7vx485tffg1157-1
Attempting to get a license for feature 'Synthesis' and/or device 'xc7vx485t'
INFO: [Common 17-349] Got license for feature 'Synthesis' and/or device 'xc7vx485t'
INFO: Launching helper process for spawning children vivado processes
INFO: Helper process launched with PID 7905 
---------------------------------------------------------------------------------
Starting Synthesize : Time (s): cpu = 00:00:02 ; elapsed = 00:00:03 . Memory (MB): peak = 1926.426 ; gain = 0.000 ; free physical = 938 ; free virtual = 4822
---------------------------------------------------------------------------------
INFO: [Synth 8-6157] synthesizing module 'flop' [/home/gsaied/Desktop/old_rtl/amr/flop.v:1]
INFO: [Synth 8-6155] done synthesizing module 'flop' (1#1) [/home/gsaied/Desktop/old_rtl/amr/flop.v:1]
---------------------------------------------------------------------------------
Finished Synthesize : Time (s): cpu = 00:00:03 ; elapsed = 00:00:03 . Memory (MB): peak = 1926.426 ; gain = 0.000 ; free physical = 948 ; free virtual = 4839
---------------------------------------------------------------------------------
---------------------------------------------------------------------------------
Finished Constraint Validation : Time (s): cpu = 00:00:03 ; elapsed = 00:00:04 . Memory (MB): peak = 1926.426 ; gain = 0.000 ; free physical = 950 ; free virtual = 4842
---------------------------------------------------------------------------------
---------------------------------------------------------------------------------
Start Loading Part and Timing Information
---------------------------------------------------------------------------------
Loading part: xc7vx485tffg1157-1
---------------------------------------------------------------------------------
Finished Loading Part and Timing Information : Time (s): cpu = 00:00:03 ; elapsed = 00:00:04 . Memory (MB): peak = 1934.426 ; gain = 8.000 ; free physical = 950 ; free virtual = 4842
---------------------------------------------------------------------------------
---------------------------------------------------------------------------------
Finished RTL Optimization Phase 2 : Time (s): cpu = 00:00:03 ; elapsed = 00:00:04 . Memory (MB): peak = 1934.426 ; gain = 8.000 ; free physical = 950 ; free virtual = 4842
---------------------------------------------------------------------------------

Report RTL Partitions: 
+-+--------------+------------+----------+
| |RTL Partition |Replication |Instances |
+-+--------------+------------+----------+
+-+--------------+------------+----------+
No constraint files found.
---------------------------------------------------------------------------------
Start RTL Component Statistics 
---------------------------------------------------------------------------------
Detailed RTL Component Info : 
+---Registers : 
	                2 Bit    Registers := 1     
---------------------------------------------------------------------------------
Finished RTL Component Statistics 
---------------------------------------------------------------------------------
---------------------------------------------------------------------------------
Start RTL Hierarchical Component Statistics 
---------------------------------------------------------------------------------
Hierarchical RTL Component report 
Module flop 
Detailed RTL Component Info : 
+---Registers : 
	                2 Bit    Registers := 1     
---------------------------------------------------------------------------------
Finished RTL Hierarchical Component Statistics
---------------------------------------------------------------------------------
---------------------------------------------------------------------------------
Start Part Resource Summary
---------------------------------------------------------------------------------
Part Resources:
DSPs: 2800 (col length:140)
BRAMs: 2060 (col length: RAMB18 140 RAMB36 70)
---------------------------------------------------------------------------------
Finished Part Resource Summary
---------------------------------------------------------------------------------
No constraint files found.
---------------------------------------------------------------------------------
Start Cross Boundary and Area Optimization
---------------------------------------------------------------------------------
Warning: Parallel synthesis criteria is not met 
---------------------------------------------------------------------------------
Finished Cross Boundary and Area Optimization : Time (s): cpu = 00:00:03 ; elapsed = 00:00:04 . Memory (MB): peak = 1934.426 ; gain = 8.000 ; free physical = 950 ; free virtual = 4841
---------------------------------------------------------------------------------

Report RTL Partitions: 
+-+--------------+------------+----------+
| |RTL Partition |Replication |Instances |
+-+--------------+------------+----------+
+-+--------------+------------+----------+
No constraint files found.
---------------------------------------------------------------------------------
Start Timing Optimization
---------------------------------------------------------------------------------
---------------------------------------------------------------------------------
Finished Timing Optimization : Time (s): cpu = 00:00:03 ; elapsed = 00:00:04 . Memory (MB): peak = 1934.426 ; gain = 8.000 ; free physical = 950 ; free virtual = 4842
---------------------------------------------------------------------------------

Report RTL Partitions: 
+-+--------------+------------+----------+
| |RTL Partition |Replication |Instances |
+-+--------------+------------+----------+
+-+--------------+------------+----------+
---------------------------------------------------------------------------------
Start Technology Mapping
---------------------------------------------------------------------------------
---------------------------------------------------------------------------------
Finished Technology Mapping : Time (s): cpu = 00:00:03 ; elapsed = 00:00:04 . Memory (MB): peak = 1934.426 ; gain = 8.000 ; free physical = 950 ; free virtual = 4841
---------------------------------------------------------------------------------

Report RTL Partitions: 
+-+--------------+------------+----------+
| |RTL Partition |Replication |Instances |
+-+--------------+------------+----------+
+-+--------------+------------+----------+
---------------------------------------------------------------------------------
Start IO Insertion
---------------------------------------------------------------------------------
---------------------------------------------------------------------------------
Start Flattening Before IO Insertion
---------------------------------------------------------------------------------
---------------------------------------------------------------------------------
Finished Flattening Before IO Insertion
---------------------------------------------------------------------------------
---------------------------------------------------------------------------------
Start Final Netlist Cleanup
---------------------------------------------------------------------------------
---------------------------------------------------------------------------------
Finished Final Netlist Cleanup
---------------------------------------------------------------------------------
---------------------------------------------------------------------------------
Finished IO Insertion : Time (s): cpu = 00:00:04 ; elapsed = 00:00:05 . Memory (MB): peak = 1934.426 ; gain = 8.000 ; free physical = 950 ; free virtual = 4841
---------------------------------------------------------------------------------

Report Check Netlist: 
+------+------------------+-------+---------+-------+------------------+
|      |Item              |Errors |Warnings |Status |Description       |
+------+------------------+-------+---------+-------+------------------+
|1     |multi_driven_nets |      0|        0|Passed |Multi driven nets |
+------+------------------+-------+---------+-------+------------------+
---------------------------------------------------------------------------------
Start Renaming Generated Instances
---------------------------------------------------------------------------------
---------------------------------------------------------------------------------
Finished Renaming Generated Instances : Time (s): cpu = 00:00:04 ; elapsed = 00:00:05 . Memory (MB): peak = 1934.426 ; gain = 8.000 ; free physical = 950 ; free virtual = 4841
---------------------------------------------------------------------------------

Report RTL Partitions: 
+-+--------------+------------+----------+
| |RTL Partition |Replication |Instances |
+-+--------------+------------+----------+
+-+--------------+------------+----------+
---------------------------------------------------------------------------------
Start Rebuilding User Hierarchy
---------------------------------------------------------------------------------
---------------------------------------------------------------------------------
Finished Rebuilding User Hierarchy : Time (s): cpu = 00:00:04 ; elapsed = 00:00:05 . Memory (MB): peak = 1934.426 ; gain = 8.000 ; free physical = 950 ; free virtual = 4841
---------------------------------------------------------------------------------
---------------------------------------------------------------------------------
Start Renaming Generated Ports
---------------------------------------------------------------------------------
---------------------------------------------------------------------------------
Finished Renaming Generated Ports : Time (s): cpu = 00:00:04 ; elapsed = 00:00:05 . Memory (MB): peak = 1934.426 ; gain = 8.000 ; free physical = 950 ; free virtual = 4841
---------------------------------------------------------------------------------
---------------------------------------------------------------------------------
Start Handling Custom Attributes
---------------------------------------------------------------------------------
---------------------------------------------------------------------------------
Finished Handling Custom Attributes : Time (s): cpu = 00:00:04 ; elapsed = 00:00:05 . Memory (MB): peak = 1934.426 ; gain = 8.000 ; free physical = 950 ; free virtual = 4841
---------------------------------------------------------------------------------
---------------------------------------------------------------------------------
Start Renaming Generated Nets
---------------------------------------------------------------------------------
---------------------------------------------------------------------------------
Finished Renaming Generated Nets : Time (s): cpu = 00:00:04 ; elapsed = 00:00:05 . Memory (MB): peak = 1934.426 ; gain = 8.000 ; free physical = 950 ; free virtual = 4841
---------------------------------------------------------------------------------
---------------------------------------------------------------------------------
Start Writing Synthesis Report
---------------------------------------------------------------------------------

Report BlackBoxes: 
+-+--------------+----------+
| |BlackBox name |Instances |
+-+--------------+----------+
+-+--------------+----------+

Report Cell Usage: 
+------+-----+------+
|      |Cell |Count |
+------+-----+------+
|1     |BUFG |     1|
|2     |LUT1 |     1|
|3     |FDCE |     2|
|4     |IBUF |     4|
|5     |OBUF |     2|
+------+-----+------+

Report Instance Areas: 
+------+---------+-------+------+
|      |Instance |Module |Cells |
+------+---------+-------+------+
|1     |top      |       |    10|
+------+---------+-------+------+
---------------------------------------------------------------------------------
Finished Writing Synthesis Report : Time (s): cpu = 00:00:04 ; elapsed = 00:00:05 . Memory (MB): peak = 1934.426 ; gain = 8.000 ; free physical = 950 ; free virtual = 4841
---------------------------------------------------------------------------------
Synthesis finished with 0 errors, 0 critical warnings and 0 warnings.
Synthesis Optimization Runtime : Time (s): cpu = 00:00:04 ; elapsed = 00:00:05 . Memory (MB): peak = 1934.426 ; gain = 8.000 ; free physical = 950 ; free virtual = 4841
Synthesis Optimization Complete : Time (s): cpu = 00:00:04 ; elapsed = 00:00:05 . Memory (MB): peak = 1934.434 ; gain = 8.000 ; free physical = 950 ; free virtual = 4841
INFO: [Project 1-571] Translating synthesized netlist
INFO: [Project 1-570] Preparing netlist for logic optimization
INFO: [Opt 31-138] Pushed 0 inverter(s) to 0 load pin(s).
Netlist sorting complete. Time (s): cpu = 00:00:00 ; elapsed = 00:00:00 . Memory (MB): peak = 1935.434 ; gain = 0.000 ; free physical = 978 ; free virtual = 4861
INFO: [Project 1-111] Unisim Transformation Summary:
No Unisim elements were transformed.

INFO: [Common 17-83] Releasing license: Synthesis
8 Infos, 0 Warnings, 0 Critical Warnings and 0 Errors encountered.
synth_design completed successfully
synth_design: Time (s): cpu = 00:00:06 ; elapsed = 00:00:06 . Memory (MB): peak = 1935.434 ; gain = 9.012 ; free physical = 1025 ; free virtual = 4908
design_1
exit
INFO: [Common 17-206] Exiting Vivado at Sun Mar  1 23:09:47 2020...
