#
# An unexpected error has occurred (11)
#
Stack:
/lib/x86_64-linux-gnu/libc.so.6(+0x3ef20) [0x7f85e0f56f20]
/tools/Xilinx/Vivado/2018.3/lib/lnx64.o/librdi_synth.so(NTargetLibC::findCell(UString const&) const+0x9) [0x7f85a6c45279]
/tools/Xilinx/Vivado/2018.3/lib/lnx64.o/librdi_synth.so(HARTLutMap::HARTLutMap(NRealMod)+0x481) [0x7f85a5f86c51]
/tools/Xilinx/Vivado/2018.3/lib/lnx64.o/librdi_synth.so(HARTNlOptimizeFrameWork::domap(NRealMod, int&, int&, int&)+0x2f) [0x7f85a6122ccf]
/tools/Xilinx/Vivado/2018.3/lib/lnx64.o/librdi_synth.so(HARTNlOptimizeFrameWork::_convertToPrimitivesAndEstimate1(Cudd&, int, int, bool, bool)+0x3d2) [0x7f85a612a602]
/tools/Xilinx/Vivado/2018.3/lib/lnx64.o/librdi_synth.so(HARTNlOptimizeFrameWork::_algBdd(int)+0xd21) [0x7f85a6135a81]
/tools/Xilinx/Vivado/2018.3/lib/lnx64.o/librdi_synth.so(HARTNlOptimizeFrameWork::_runNalgorithms(bool)+0x602) [0x7f85a613ab72]
/tools/Xilinx/Vivado/2018.3/lib/lnx64.o/librdi_synth.so(HARTNlOptimizeFrameWork::optimize(int&)+0x1a9) [0x7f85a613f2f9]
/tools/Xilinx/Vivado/2018.3/lib/lnx64.o/librdi_synth.so(HARTNlOptimize::modOptimize(NRealMod, char const*, NInstC*)+0x118) [0x7f85a6200258]
/tools/Xilinx/Vivado/2018.3/lib/lnx64.o/librdi_synth.so(HARTNlOptimize::optimizeRecurse(NRealMod, char const*, NInstC*)+0xb6) [0x7f85a6200796]
/tools/Xilinx/Vivado/2018.3/lib/lnx64.o/librdi_synth.so(HARTNlOptimize::optimizeTop(char const*, NInstC*)+0x416) [0x7f85a6200c66]
/tools/Xilinx/Vivado/2018.3/lib/lnx64.o/librdi_synth.so(HARTLOptAbc::runNlOpt(LOptAbc*, NTargetLib&, UList<NInstC*, UListNode<NInstC*>, NInstC*, UEValue<NInstC*, UListNode<NInstC*> > >&, UHashMapList<NPinC*, int, NPinC*, UEKey<NPinC*> >&, int&, int&, _IO_FILE*, _IO_FILE*)+0x3fb) [0x7f85a60a20fb]
/tools/Xilinx/Vivado/2018.3/lib/lnx64.o/librdi_synth.so(LOptAbc::doOpt(NRealMod, bool, bool, bool, TTime, long long&, TTime&, NPin&, bool&, int&, int&)+0x11f6) [0x7f85a6841456]
/tools/Xilinx/Vivado/2018.3/lib/lnx64.o/librdi_synth.so(HARTLOptAbc::doOpt(NRealMod, bool, bool, bool, TTime, long long&, TTime&, NPin&, bool&, int&, int&)+0x297) [0x7f85a60a6b17]
/tools/Xilinx/Vivado/2018.3/lib/lnx64.o/librdi_synth.so(LOptAbc::optimize(NRealMod, bool, bool, bool, TTime, TTime&, bool&, int&, int&)+0xac) [0x7f85a683c73c]
/tools/Xilinx/Vivado/2018.3/lib/lnx64.o/librdi_synth.so(NDes::optimizeLogic(bool, bool, bool, bool, TTime&, bool&)+0x2c1) [0x7f85a6845251]
/tools/Xilinx/Vivado/2018.3/lib/lnx64.o/librdi_synth.so(Optimize1::optimize(OptActions, NEqPinArray)+0x876) [0x7f85a684cf46]
/tools/Xilinx/Vivado/2018.3/lib/lnx64.o/librdi_synth.so(Optimize1::Optimize1(NDes, bool, bool, bool, bool, OptActions, NEqPinArray)+0xaf) [0x7f85a684e8ef]
/tools/Xilinx/Vivado/2018.3/lib/lnx64.o/librdi_synth.so(Optimize2::areaOpt(bool, bool, bool, bool)+0x3f) [0x7f85a685418f]
/tools/Xilinx/Vivado/2018.3/lib/lnx64.o/librdi_synth.so(Optimize2::Optimize2(NDes, bool, bool, bool, bool, bool, float, TTime, bool, bool)+0x96b) [0x7f85a687804b]
/tools/Xilinx/Vivado/2018.3/lib/lnx64.o/librdi_synth.so(NDes::optimize(bool, bool, bool, bool, bool, float, TTime, bool, bool)+0x14a) [0x7f85a68468ba]
/tools/Xilinx/Vivado/2018.3/lib/lnx64.o/librdi_synth.so(+0xdd1ec6) [0x7f85a5cb2ec6]
/tools/Xilinx/Vivado/2018.3/lib/lnx64.o/librdi_synth.so(+0xc8900d) [0x7f85a5b6a00d]
/tools/Xilinx/Vivado/2018.3/lib/lnx64.o/libtcl8.5.so(+0x334af) [0x7f85dc3d74af]
/tools/Xilinx/Vivado/2018.3/lib/lnx64.o/libtcl8.5.so(+0x76875) [0x7f85dc41a875]
/tools/Xilinx/Vivado/2018.3/lib/lnx64.o/libtcl8.5.so(TclObjInterpProcCore+0x420) [0x7f85dc45bdf0]
/tools/Xilinx/Vivado/2018.3/lib/lnx64.o/libtcl8.5.so(+0x334af) [0x7f85dc3d74af]
/tools/Xilinx/Vivado/2018.3/lib/lnx64.o/libtcl8.5.so(+0x34b38) [0x7f85dc3d8b38]
/tools/Xilinx/Vivado/2018.3/lib/lnx64.o/libtcl8.5.so(Tcl_EvalEx+0x13) [0x7f85dc3d90a3]
/tools/Xilinx/Vivado/2018.3/lib/lnx64.o/libtcl8.5.so(TclEvalObjEx+0x1e0) [0x7f85dc3d92c0]
/tools/Xilinx/Vivado/2018.3/lib/lnx64.o/libtcl8.5.so(+0x3b375) [0x7f85dc3df375]
/tools/Xilinx/Vivado/2018.3/lib/lnx64.o/libtcl8.5.so(+0x334af) [0x7f85dc3d74af]
/tools/Xilinx/Vivado/2018.3/lib/lnx64.o/libtcl8.5.so(+0x76875) [0x7f85dc41a875]
/tools/Xilinx/Vivado/2018.3/lib/lnx64.o/libtcl8.5.so(+0x7e029) [0x7f85dc422029]
/tools/Xilinx/Vivado/2018.3/lib/lnx64.o/libtcl8.5.so(TclEvalObjEx+0x76) [0x7f85dc3d9156]
/tools/Xilinx/Vivado/2018.3/lib/lnx64.o/librdi_commontasks.so(+0x1d9887) [0x7f85d6479887]
/tools/Xilinx/Vivado/2018.3/lib/lnx64.o/libtcl8.5.so(+0x334af) [0x7f85dc3d74af]
/tools/Xilinx/Vivado/2018.3/lib/lnx64.o/libtcl8.5.so(+0x76875) [0x7f85dc41a875]
/tools/Xilinx/Vivado/2018.3/lib/lnx64.o/libtcl8.5.so(TclObjInterpProcCore+0x420) [0x7f85dc45bdf0]
/tools/Xilinx/Vivado/2018.3/lib/lnx64.o/libtcl8.5.so(+0x334af) [0x7f85dc3d74af]
/tools/Xilinx/Vivado/2018.3/lib/lnx64.o/libtcl8.5.so(+0x76875) [0x7f85dc41a875]
/tools/Xilinx/Vivado/2018.3/lib/lnx64.o/libtcl8.5.so(TclObjInterpProcCore+0x420) [0x7f85dc45bdf0]
/tools/Xilinx/Vivado/2018.3/lib/lnx64.o/libtcl8.5.so(+0x334af) [0x7f85dc3d74af]
/tools/Xilinx/Vivado/2018.3/lib/lnx64.o/libtcl8.5.so(+0x76875) [0x7f85dc41a875]
/tools/Xilinx/Vivado/2018.3/lib/lnx64.o/libtcl8.5.so(TclObjInterpProcCore+0x420) [0x7f85dc45bdf0]
/tools/Xilinx/Vivado/2018.3/lib/lnx64.o/libtcl8.5.so(+0x334af) [0x7f85dc3d74af]
/tools/Xilinx/Vivado/2018.3/lib/lnx64.o/libtcl8.5.so(+0x34b38) [0x7f85dc3d8b38]
/tools/Xilinx/Vivado/2018.3/lib/lnx64.o/libtcl8.5.so(Tcl_EvalEx+0x13) [0x7f85dc3d90a3]
/tools/Xilinx/Vivado/2018.3/lib/lnx64.o/libtcl8.5.so(TclEvalObjEx+0x1e0) [0x7f85dc3d92c0]
/tools/Xilinx/Vivado/2018.3/lib/lnx64.o/libtcl8.5.so(+0x3b375) [0x7f85dc3df375]
/tools/Xilinx/Vivado/2018.3/lib/lnx64.o/libtcl8.5.so(+0x334af) [0x7f85dc3d74af]
/tools/Xilinx/Vivado/2018.3/lib/lnx64.o/libtcl8.5.so(+0x76875) [0x7f85dc41a875]
/tools/Xilinx/Vivado/2018.3/lib/lnx64.o/libtcl8.5.so(+0x7e029) [0x7f85dc422029]
/tools/Xilinx/Vivado/2018.3/lib/lnx64.o/libtcl8.5.so(TclEvalObjEx+0x76) [0x7f85dc3d9156]
/tools/Xilinx/Vivado/2018.3/lib/lnx64.o/libtcl8.5.so(+0x3e754) [0x7f85dc3e2754]
/tools/Xilinx/Vivado/2018.3/lib/lnx64.o/libtcl8.5.so(+0x334af) [0x7f85dc3d74af]
/tools/Xilinx/Vivado/2018.3/lib/lnx64.o/libtcl8.5.so(+0x34b38) [0x7f85dc3d8b38]
/tools/Xilinx/Vivado/2018.3/lib/lnx64.o/libtcl8.5.so(Tcl_EvalEx+0x13) [0x7f85dc3d90a3]
/tools/Xilinx/Vivado/2018.3/lib/lnx64.o/libtcl8.5.so(Tcl_FSEvalFileEx+0x1da) [0x7f85dc43dc5a]
/tools/Xilinx/Vivado/2018.3/lib/lnx64.o/librdi_commontasks.so(+0x1f6abd) [0x7f85d6496abd]
/tools/Xilinx/Vivado/2018.3/lib/lnx64.o/librdi_common.so(+0x7ef352) [0x7f85e2299352]
/tools/Xilinx/Vivado/2018.3/lib/lnx64.o/libtcl8.5.so(+0x334af) [0x7f85dc3d74af]
/tools/Xilinx/Vivado/2018.3/lib/lnx64.o/libtcl8.5.so(+0x34b38) [0x7f85dc3d8b38]
/tools/Xilinx/Vivado/2018.3/lib/lnx64.o/libtcl8.5.so(Tcl_EvalEx+0x13) [0x7f85dc3d90a3]
/tools/Xilinx/Vivado/2018.3/lib/lnx64.o/libtcl8.5.so(Tcl_FSEvalFileEx+0x1da) [0x7f85dc43dc5a]
/tools/Xilinx/Vivado/2018.3/lib/lnx64.o/librdi_commontasks.so(+0x1f6abd) [0x7f85d6496abd]
/tools/Xilinx/Vivado/2018.3/lib/lnx64.o/librdi_common.so(+0x7ef352) [0x7f85e2299352]
/tools/Xilinx/Vivado/2018.3/lib/lnx64.o/libtcl8.5.so(+0x334af) [0x7f85dc3d74af]
/tools/Xilinx/Vivado/2018.3/lib/lnx64.o/libtcl8.5.so(+0x34b38) [0x7f85dc3d8b38]
/tools/Xilinx/Vivado/2018.3/lib/lnx64.o/libtcl8.5.so(Tcl_EvalEx+0x13) [0x7f85dc3d90a3]
/tools/Xilinx/Vivado/2018.3/lib/lnx64.o/libtcl8.5.so(TclEvalObjEx+0x3cf) [0x7f85dc3d94af]
/tools/Xilinx/Vivado/2018.3/lib/lnx64.o/libtcl8.5.so(+0xb74a9) [0x7f85dc45b4a9]
/tools/Xilinx/Vivado/2018.3/lib/lnx64.o/libtcl8.5.so(+0x334af) [0x7f85dc3d74af]
/tools/Xilinx/Vivado/2018.3/lib/lnx64.o/libtcl8.5.so(+0x76875) [0x7f85dc41a875]
/tools/Xilinx/Vivado/2018.3/lib/lnx64.o/libtcl8.5.so(TclObjInterpProcCore+0x420) [0x7f85dc45bdf0]
/tools/Xilinx/Vivado/2018.3/lib/lnx64.o/libtcl8.5.so(+0x334af) [0x7f85dc3d74af]
/tools/Xilinx/Vivado/2018.3/lib/lnx64.o/libtcl8.5.so(+0x34b38) [0x7f85dc3d8b38]
/tools/Xilinx/Vivado/2018.3/lib/lnx64.o/libtcl8.5.so(Tcl_EvalEx+0x13) [0x7f85dc3d90a3]
/tools/Xilinx/Vivado/2018.3/lib/lnx64.o/libtcl8.5.so(TclEvalObjEx+0x3cf) [0x7f85dc3d94af]
/tools/Xilinx/Vivado/2018.3/lib/lnx64.o/libtcl8.5.so(+0xb74a9) [0x7f85dc45b4a9]
/tools/Xilinx/Vivado/2018.3/lib/lnx64.o/libtcl8.5.so(+0x334af) [0x7f85dc3d74af]
/tools/Xilinx/Vivado/2018.3/lib/lnx64.o/libtcl8.5.so(+0x76875) [0x7f85dc41a875]
/tools/Xilinx/Vivado/2018.3/lib/lnx64.o/libtcl8.5.so(TclObjInterpProcCore+0x420) [0x7f85dc45bdf0]
/tools/Xilinx/Vivado/2018.3/lib/lnx64.o/libtcl8.5.so(+0x334af) [0x7f85dc3d74af]
/tools/Xilinx/Vivado/2018.3/lib/lnx64.o/libtcl8.5.so(+0x34b38) [0x7f85dc3d8b38]
/tools/Xilinx/Vivado/2018.3/lib/lnx64.o/libtcl8.5.so(Tcl_EvalEx+0x13) [0x7f85dc3d90a3]
/tools/Xilinx/Vivado/2018.3/lib/lnx64.o/libtcl8.5.so(TclEvalObjEx+0x1e0) [0x7f85dc3d92c0]
/tools/Xilinx/Vivado/2018.3/lib/lnx64.o/libtcl8.5.so(+0x3b375) [0x7f85dc3df375]
/tools/Xilinx/Vivado/2018.3/lib/lnx64.o/libtcl8.5.so(+0x334af) [0x7f85dc3d74af]
/tools/Xilinx/Vivado/2018.3/lib/lnx64.o/libtcl8.5.so(+0x76875) [0x7f85dc41a875]
/tools/Xilinx/Vivado/2018.3/lib/lnx64.o/libtcl8.5.so(+0x7e029) [0x7f85dc422029]
/tools/Xilinx/Vivado/2018.3/lib/lnx64.o/libtcl8.5.so(TclEvalObjEx+0x76) [0x7f85dc3d9156]
/tools/Xilinx/Vivado/2018.3/lib/lnx64.o/librdi_commontasks.so(+0x1d9887) [0x7f85d6479887]
/tools/Xilinx/Vivado/2018.3/lib/lnx64.o/libtcl8.5.so(+0x334af) [0x7f85dc3d74af]
/tools/Xilinx/Vivado/2018.3/lib/lnx64.o/libtcl8.5.so(+0x76875) [0x7f85dc41a875]
/tools/Xilinx/Vivado/2018.3/lib/lnx64.o/libtcl8.5.so(TclObjInterpProcCore+0x420) [0x7f85dc45bdf0]
/tools/Xilinx/Vivado/2018.3/lib/lnx64.o/libtcl8.5.so(+0x334af) [0x7f85dc3d74af]
/tools/Xilinx/Vivado/2018.3/lib/lnx64.o/libtcl8.5.so(Tcl_EvalObjv+0x32) [0x7f85dc3d75e2]
/tools/Xilinx/Vivado/2018.3/lib/lnx64.o/libtcl8.5.so(TclEvalObjEx+0x322) [0x7f85dc3d9402]
/tools/Xilinx/Vivado/2018.3/lib/lnx64.o/librdi_common.so(hdi::tcltasks::task_manager::eval_in_tcl(Tcl_Interp*, Tcl_Obj*, char const*, bool)+0xab9) [0x7f85e229b189]
/tools/Xilinx/Vivado/2018.3/lib/lnx64.o/librdi_synth.so(HARTSWorker::runInternal()+0x131) [0x7f85a642c411]
/tools/Xilinx/Vivado/2018.3/lib/lnx64.o/librdi_synth.so(HARTSWorker::runJob(HARTSWorkerConfig&)+0x3f) [0x7f85a642f7ef]
/tools/Xilinx/Vivado/2018.3/lib/lnx64.o/librdi_synth.so(HARTSWorker::mainLoop()+0x83) [0x7f85a642f8d3]
/tools/Xilinx/Vivado/2018.3/lib/lnx64.o/librdi_synth.so(HARTNDb::parallelListen(char const*, char const*, char const*)+0x39) [0x7f85a5af2ee9]
/tools/Xilinx/Vivado/2018.3/lib/lnx64.o/librdi_synth.so(+0xdb2e54) [0x7f85a5c93e54]
/tools/Xilinx/Vivado/2018.3/lib/lnx64.o/librdi_synth.so(+0xc8900d) [0x7f85a5b6a00d]
/tools/Xilinx/Vivado/2018.3/lib/lnx64.o/libtcl8.5.so(+0x334af) [0x7f85dc3d74af]
/tools/Xilinx/Vivado/2018.3/lib/lnx64.o/libtcl8.5.so(+0x34b38) [0x7f85dc3d8b38]
/tools/Xilinx/Vivado/2018.3/lib/lnx64.o/libtcl8.5.so(Tcl_EvalEx+0x13) [0x7f85dc3d90a3]
/tools/Xilinx/Vivado/2018.3/lib/lnx64.o/libtcl8.5.so(TclEvalObjEx+0x1e0) [0x7f85dc3d92c0]
/tools/Xilinx/Vivado/2018.3/lib/lnx64.o/libtcl8.5.so(+0x3b375) [0x7f85dc3df375]
/tools/Xilinx/Vivado/2018.3/lib/lnx64.o/libtcl8.5.so(+0x334af) [0x7f85dc3d74af]
/tools/Xilinx/Vivado/2018.3/lib/lnx64.o/libtcl8.5.so(+0x76875) [0x7f85dc41a875]
/tools/Xilinx/Vivado/2018.3/lib/lnx64.o/libtcl8.5.so(+0x7e029) [0x7f85dc422029]
/tools/Xilinx/Vivado/2018.3/lib/lnx64.o/libtcl8.5.so(TclEvalObjEx+0x76) [0x7f85dc3d9156]
/tools/Xilinx/Vivado/2018.3/lib/lnx64.o/librdi_commontasks.so(+0x1d9924) [0x7f85d6479924]
/tools/Xilinx/Vivado/2018.3/lib/lnx64.o/libtcl8.5.so(+0x334af) [0x7f85dc3d74af]
/tools/Xilinx/Vivado/2018.3/lib/lnx64.o/libtcl8.5.so(+0x76875) [0x7f85dc41a875]
/tools/Xilinx/Vivado/2018.3/lib/lnx64.o/libtcl8.5.so(TclObjInterpProcCore+0x420) [0x7f85dc45bdf0]
/tools/Xilinx/Vivado/2018.3/lib/lnx64.o/libtcl8.5.so(+0x334af) [0x7f85dc3d74af]
/tools/Xilinx/Vivado/2018.3/lib/lnx64.o/libtcl8.5.so(+0x76875) [0x7f85dc41a875]
/tools/Xilinx/Vivado/2018.3/lib/lnx64.o/libtcl8.5.so(+0x7e029) [0x7f85dc422029]
/tools/Xilinx/Vivado/2018.3/lib/lnx64.o/libtcl8.5.so(TclEvalObjEx+0x76) [0x7f85dc3d9156]
/tools/Xilinx/Vivado/2018.3/lib/lnx64.o/libtcl8.5.so(+0x3e754) [0x7f85dc3e2754]
/tools/Xilinx/Vivado/2018.3/lib/lnx64.o/libtcl8.5.so(+0x334af) [0x7f85dc3d74af]
/tools/Xilinx/Vivado/2018.3/lib/lnx64.o/libtcl8.5.so(+0x34b38) [0x7f85dc3d8b38]
/tools/Xilinx/Vivado/2018.3/lib/lnx64.o/libtcl8.5.so(Tcl_EvalEx+0x13) [0x7f85dc3d90a3]
/tools/Xilinx/Vivado/2018.3/lib/lnx64.o/libtcl8.5.so(Tcl_FSEvalFileEx+0x1da) [0x7f85dc43dc5a]
/tools/Xilinx/Vivado/2018.3/lib/lnx64.o/librdi_commontasks.so(+0x1f6abd) [0x7f85d6496abd]
/tools/Xilinx/Vivado/2018.3/lib/lnx64.o/librdi_common.so(+0x7ef352) [0x7f85e2299352]
/tools/Xilinx/Vivado/2018.3/lib/lnx64.o/libtcl8.5.so(+0x334af) [0x7f85dc3d74af]
/tools/Xilinx/Vivado/2018.3/lib/lnx64.o/libtcl8.5.so(Tcl_EvalObjv+0x32) [0x7f85dc3d75e2]
/tools/Xilinx/Vivado/2018.3/lib/lnx64.o/libtcl8.5.so(TclEvalObjEx+0x322) [0x7f85dc3d9402]
/tools/Xilinx/Vivado/2018.3/lib/lnx64.o/librdi_commontasks.so(+0x2280ff) [0x7f85d64c80ff]
/tools/Xilinx/Vivado/2018.3/lib/lnx64.o/librdi_commontasks.so(+0x2297ce) [0x7f85d64c97ce]
/tools/Xilinx/Vivado/2018.3/lib/lnx64.o/librdi_common.so(+0x7ef352) [0x7f85e2299352]
/tools/Xilinx/Vivado/2018.3/lib/lnx64.o/libtcl8.5.so(+0x334af) [0x7f85dc3d74af]
/tools/Xilinx/Vivado/2018.3/lib/lnx64.o/libtcl8.5.so(Tcl_EvalObjv+0x32) [0x7f85dc3d75e2]
/tools/Xilinx/Vivado/2018.3/lib/lnx64.o/libtcl8.5.so(TclEvalObjEx+0x322) [0x7f85dc3d9402]
/tools/Xilinx/Vivado/2018.3/lib/lnx64.o/librdi_commonmain.so(+0x7414) [0x7f85e18a6414]
/tools/Xilinx/Vivado/2018.3/lib/lnx64.o/libtcl8.5.so(Tcl_Main+0x1d0) [0x7f85dc444210]
/tools/Xilinx/Vivado/2018.3/lib/lnx64.o/librdi_common.so(+0x83363b) [0x7f85e22dd63b]
/lib/x86_64-linux-gnu/libpthread.so.0(+0x76db) [0x7f85e0d006db]
/lib/x86_64-linux-gnu/libc.so.6(clone+0x3f) [0x7f85e103988f]
