Copyright 1986-2018 Xilinx, Inc. All Rights Reserved.
------------------------------------------------------------------------------------------
| Tool Version : Vivado v.2018.3 (lin64) Build 2405991 Thu Dec  6 23:36:41 MST 2018
| Date         : Wed Mar  4 12:10:44 2020
| Host         : GCS running 64-bit Ubuntu 18.04.4 LTS
| Command      : report_utilization -hierarchical -file post_hierarchical_utilization.rpt
| Design       : fire6_expand3
| Device       : 7vx690tffg1157-3
| Design State : Synthesized
------------------------------------------------------------------------------------------

Utilization Design Information

Table of Contents
-----------------
1. Utilization by Hierarchy

1. Utilization by Hierarchy
---------------------------

+----------------------+---------------------------+------------+------------+---------+------+------+--------+--------+--------------+
|       Instance       |           Module          | Total LUTs | Logic LUTs | LUTRAMs | SRLs |  FFs | RAMB36 | RAMB18 | DSP48 Blocks |
+----------------------+---------------------------+------------+------------+---------+------+------+--------+--------+--------------+
| fire6_expand3        |                     (top) |      37604 |      37604 |       0 |    0 | 4092 |      0 |      0 |          256 |
|   (fire6_expand3)    |                     (top) |        477 |        477 |       0 |    0 | 4092 |      0 |      0 |            0 |
|   genblk1[0].mac_i   |                       mac |         16 |         16 |       0 |    0 |    0 |      0 |      0 |            1 |
|   genblk1[100].mac_i |                     mac_0 |         14 |         14 |       0 |    0 |    0 |      0 |      0 |            1 |
|   genblk1[101].mac_i |                     mac_1 |         13 |         13 |       0 |    0 |    0 |      0 |      0 |            1 |
|   genblk1[102].mac_i |                     mac_2 |         41 |         41 |       0 |    0 |    0 |      0 |      0 |            1 |
|   genblk1[103].mac_i |                     mac_3 |         14 |         14 |       0 |    0 |    0 |      0 |      0 |            1 |
|   genblk1[104].mac_i |                     mac_4 |         40 |         40 |       0 |    0 |    0 |      0 |      0 |            1 |
|   genblk1[105].mac_i |                     mac_5 |         15 |         15 |       0 |    0 |    0 |      0 |      0 |            1 |
|   genblk1[106].mac_i |                     mac_6 |         17 |         17 |       0 |    0 |    0 |      0 |      0 |            1 |
|   genblk1[107].mac_i |                     mac_7 |         16 |         16 |       0 |    0 |    0 |      0 |      0 |            1 |
|   genblk1[108].mac_i |                     mac_8 |         39 |         39 |       0 |    0 |    0 |      0 |      0 |            1 |
|   genblk1[109].mac_i |                     mac_9 |         40 |         40 |       0 |    0 |    0 |      0 |      0 |            1 |
|   genblk1[10].mac_i  |                    mac_10 |         40 |         40 |       0 |    0 |    0 |      0 |      0 |            1 |
|   genblk1[110].mac_i |                    mac_11 |         40 |         40 |       0 |    0 |    0 |      0 |      0 |            1 |
|   genblk1[111].mac_i |                    mac_12 |         12 |         12 |       0 |    0 |    0 |      0 |      0 |            1 |
|   genblk1[112].mac_i |                    mac_13 |         15 |         15 |       0 |    0 |    0 |      0 |      0 |            1 |
|   genblk1[113].mac_i |                    mac_14 |         41 |         41 |       0 |    0 |    0 |      0 |      0 |            1 |
|   genblk1[114].mac_i |                    mac_15 |         38 |         38 |       0 |    0 |    0 |      0 |      0 |            1 |
|   genblk1[115].mac_i |                    mac_16 |         40 |         40 |       0 |    0 |    0 |      0 |      0 |            1 |
|   genblk1[116].mac_i |                    mac_17 |         39 |         39 |       0 |    0 |    0 |      0 |      0 |            1 |
|   genblk1[117].mac_i |                    mac_18 |         38 |         38 |       0 |    0 |    0 |      0 |      0 |            1 |
|   genblk1[118].mac_i |                    mac_19 |         15 |         15 |       0 |    0 |    0 |      0 |      0 |            1 |
|   genblk1[119].mac_i |                    mac_20 |         14 |         14 |       0 |    0 |    0 |      0 |      0 |            1 |
|   genblk1[11].mac_i  |                    mac_21 |         40 |         40 |       0 |    0 |    0 |      0 |      0 |            1 |
|   genblk1[120].mac_i |                    mac_22 |          1 |          1 |       0 |    0 |    0 |      0 |      0 |            1 |
|   genblk1[121].mac_i |                    mac_23 |         15 |         15 |       0 |    0 |    0 |      0 |      0 |            1 |
|   genblk1[122].mac_i |                    mac_24 |         15 |         15 |       0 |    0 |    0 |      0 |      0 |            1 |
|   genblk1[123].mac_i |                    mac_25 |         15 |         15 |       0 |    0 |    0 |      0 |      0 |            1 |
|   genblk1[124].mac_i |                    mac_26 |         16 |         16 |       0 |    0 |    0 |      0 |      0 |            1 |
|   genblk1[125].mac_i |                    mac_27 |         14 |         14 |       0 |    0 |    0 |      0 |      0 |            1 |
|   genblk1[126].mac_i |                    mac_28 |         15 |         15 |       0 |    0 |    0 |      0 |      0 |            1 |
|   genblk1[127].mac_i |                    mac_29 |         15 |         15 |       0 |    0 |    0 |      0 |      0 |            1 |
|   genblk1[128].mac_i |                    mac_30 |         14 |         14 |       0 |    0 |    0 |      0 |      0 |            1 |
|   genblk1[129].mac_i |                    mac_31 |         38 |         38 |       0 |    0 |    0 |      0 |      0 |            1 |
|   genblk1[12].mac_i  |                    mac_32 |         15 |         15 |       0 |    0 |    0 |      0 |      0 |            1 |
|   genblk1[130].mac_i |                    mac_33 |         12 |         12 |       0 |    0 |    0 |      0 |      0 |            1 |
|   genblk1[131].mac_i |                    mac_34 |         42 |         42 |       0 |    0 |    0 |      0 |      0 |            1 |
|   genblk1[132].mac_i |                    mac_35 |         15 |         15 |       0 |    0 |    0 |      0 |      0 |            1 |
|   genblk1[133].mac_i |                    mac_36 |         42 |         42 |       0 |    0 |    0 |      0 |      0 |            1 |
|   genblk1[134].mac_i |                    mac_37 |         15 |         15 |       0 |    0 |    0 |      0 |      0 |            1 |
|   genblk1[135].mac_i |                    mac_38 |         42 |         42 |       0 |    0 |    0 |      0 |      0 |            1 |
|   genblk1[136].mac_i |                    mac_39 |         40 |         40 |       0 |    0 |    0 |      0 |      0 |            1 |
|   genblk1[137].mac_i |                    mac_40 |         41 |         41 |       0 |    0 |    0 |      0 |      0 |            1 |
|   genblk1[138].mac_i |                    mac_41 |         41 |         41 |       0 |    0 |    0 |      0 |      0 |            1 |
|   genblk1[139].mac_i |                    mac_42 |         13 |         13 |       0 |    0 |    0 |      0 |      0 |            1 |
|   genblk1[13].mac_i  |                    mac_43 |         14 |         14 |       0 |    0 |    0 |      0 |      0 |            1 |
|   genblk1[140].mac_i |                    mac_44 |         40 |         40 |       0 |    0 |    0 |      0 |      0 |            1 |
|   genblk1[141].mac_i |                    mac_45 |         12 |         12 |       0 |    0 |    0 |      0 |      0 |            1 |
|   genblk1[142].mac_i |                    mac_46 |         42 |         42 |       0 |    0 |    0 |      0 |      0 |            1 |
|   genblk1[143].mac_i |                    mac_47 |         12 |         12 |       0 |    0 |    0 |      0 |      0 |            1 |
|   genblk1[144].mac_i |                    mac_48 |         40 |         40 |       0 |    0 |    0 |      0 |      0 |            1 |
|   genblk1[145].mac_i |                    mac_49 |         12 |         12 |       0 |    0 |    0 |      0 |      0 |            1 |
|   genblk1[146].mac_i |                    mac_50 |         13 |         13 |       0 |    0 |    0 |      0 |      0 |            1 |
|   genblk1[147].mac_i |                    mac_51 |         12 |         12 |       0 |    0 |    0 |      0 |      0 |            1 |
|   genblk1[148].mac_i |                    mac_52 |         42 |         42 |       0 |    0 |    0 |      0 |      0 |            1 |
|   genblk1[149].mac_i |                    mac_53 |         43 |         43 |       0 |    0 |    0 |      0 |      0 |            1 |
|   genblk1[14].mac_i  |                    mac_54 |         39 |         39 |       0 |    0 |    0 |      0 |      0 |            1 |
|   genblk1[150].mac_i |                    mac_55 |         42 |         42 |       0 |    0 |    0 |      0 |      0 |            1 |
|   genblk1[151].mac_i |                    mac_56 |         41 |         41 |       0 |    0 |    0 |      0 |      0 |            1 |
|   genblk1[152].mac_i |                    mac_57 |         41 |         41 |       0 |    0 |    0 |      0 |      0 |            1 |
|   genblk1[153].mac_i |                    mac_58 |         29 |         29 |       0 |    0 |    0 |      0 |      0 |            1 |
|   genblk1[154].mac_i |                    mac_59 |         12 |         12 |       0 |    0 |    0 |      0 |      0 |            1 |
|   genblk1[155].mac_i |                    mac_60 |         11 |         11 |       0 |    0 |    0 |      0 |      0 |            1 |
|   genblk1[156].mac_i |                    mac_61 |         40 |         40 |       0 |    0 |    0 |      0 |      0 |            1 |
|   genblk1[157].mac_i |                    mac_62 |         41 |         41 |       0 |    0 |    0 |      0 |      0 |            1 |
|   genblk1[158].mac_i |                    mac_63 |         39 |         39 |       0 |    0 |    0 |      0 |      0 |            1 |
|   genblk1[159].mac_i |                    mac_64 |         12 |         12 |       0 |    0 |    0 |      0 |      0 |            1 |
|   genblk1[15].mac_i  |                    mac_65 |         13 |         13 |       0 |    0 |    0 |      0 |      0 |            1 |
|   genblk1[160].mac_i |                    mac_66 |         41 |         41 |       0 |    0 |    0 |      0 |      0 |            1 |
|   genblk1[161].mac_i |                    mac_67 |          4 |          4 |       0 |    0 |    0 |      0 |      0 |            1 |
|   genblk1[162].mac_i |                    mac_68 |         27 |         27 |       0 |    0 |    0 |      0 |      0 |            1 |
|   genblk1[163].mac_i |                    mac_69 |         15 |         15 |       0 |    0 |    0 |      0 |      0 |            1 |
|   genblk1[164].mac_i |                    mac_70 |         43 |         43 |       0 |    0 |    0 |      0 |      0 |            1 |
|   genblk1[165].mac_i |                    mac_71 |         41 |         41 |       0 |    0 |    0 |      0 |      0 |            1 |
|   genblk1[166].mac_i |                    mac_72 |         39 |         39 |       0 |    0 |    0 |      0 |      0 |            1 |
|   genblk1[167].mac_i |                    mac_73 |         40 |         40 |       0 |    0 |    0 |      0 |      0 |            1 |
|   genblk1[168].mac_i |                    mac_74 |         39 |         39 |       0 |    0 |    0 |      0 |      0 |            1 |
|   genblk1[169].mac_i |                    mac_75 |         40 |         40 |       0 |    0 |    0 |      0 |      0 |            1 |
|   genblk1[16].mac_i  |                    mac_76 |         12 |         12 |       0 |    0 |    0 |      0 |      0 |            1 |
|   genblk1[170].mac_i |                    mac_77 |         40 |         40 |       0 |    0 |    0 |      0 |      0 |            1 |
|   genblk1[171].mac_i |                    mac_78 |         13 |         13 |       0 |    0 |    0 |      0 |      0 |            1 |
|   genblk1[172].mac_i |                    mac_79 |         13 |         13 |       0 |    0 |    0 |      0 |      0 |            1 |
|   genblk1[173].mac_i |                    mac_80 |          4 |          4 |       0 |    0 |    0 |      0 |      0 |            1 |
|   genblk1[174].mac_i |                    mac_81 |         39 |         39 |       0 |    0 |    0 |      0 |      0 |            1 |
|   genblk1[175].mac_i |                    mac_82 |         41 |         41 |       0 |    0 |    0 |      0 |      0 |            1 |
|   genblk1[176].mac_i |                    mac_83 |         40 |         40 |       0 |    0 |    0 |      0 |      0 |            1 |
|   genblk1[177].mac_i |                    mac_84 |         15 |         15 |       0 |    0 |    0 |      0 |      0 |            1 |
|   genblk1[178].mac_i |                    mac_85 |         41 |         41 |       0 |    0 |    0 |      0 |      0 |            1 |
|   genblk1[179].mac_i |                    mac_86 |         12 |         12 |       0 |    0 |    0 |      0 |      0 |            1 |
|   genblk1[17].mac_i  |                    mac_87 |         39 |         39 |       0 |    0 |    0 |      0 |      0 |            1 |
|   genblk1[180].mac_i |                    mac_88 |         41 |         41 |       0 |    0 |    0 |      0 |      0 |            1 |
|   genblk1[181].mac_i |                    mac_89 |         40 |         40 |       0 |    0 |    0 |      0 |      0 |            1 |
|   genblk1[182].mac_i |                    mac_90 |         13 |         13 |       0 |    0 |    0 |      0 |      0 |            1 |
|   genblk1[183].mac_i |                    mac_91 |          3 |          3 |       0 |    0 |    0 |      0 |      0 |            1 |
|   genblk1[184].mac_i |                    mac_92 |         39 |         39 |       0 |    0 |    0 |      0 |      0 |            1 |
|   genblk1[185].mac_i |                    mac_93 |         14 |         14 |       0 |    0 |    0 |      0 |      0 |            1 |
|   genblk1[186].mac_i |                    mac_94 |         42 |         42 |       0 |    0 |    0 |      0 |      0 |            1 |
|   genblk1[187].mac_i |                    mac_95 |         37 |         37 |       0 |    0 |    0 |      0 |      0 |            1 |
|   genblk1[188].mac_i |                    mac_96 |         14 |         14 |       0 |    0 |    0 |      0 |      0 |            1 |
|   genblk1[189].mac_i |                    mac_97 |         39 |         39 |       0 |    0 |    0 |      0 |      0 |            1 |
|   genblk1[18].mac_i  |                    mac_98 |         11 |         11 |       0 |    0 |    0 |      0 |      0 |            1 |
|   genblk1[190].mac_i |                    mac_99 |         13 |         13 |       0 |    0 |    0 |      0 |      0 |            1 |
|   genblk1[191].mac_i |                   mac_100 |         41 |         41 |       0 |    0 |    0 |      0 |      0 |            1 |
|   genblk1[192].mac_i |                   mac_101 |         38 |         38 |       0 |    0 |    0 |      0 |      0 |            1 |
|   genblk1[193].mac_i |                   mac_102 |         13 |         13 |       0 |    0 |    0 |      0 |      0 |            1 |
|   genblk1[194].mac_i |                   mac_103 |         16 |         16 |       0 |    0 |    0 |      0 |      0 |            1 |
|   genblk1[195].mac_i |                   mac_104 |         14 |         14 |       0 |    0 |    0 |      0 |      0 |            1 |
|   genblk1[196].mac_i |                   mac_105 |         41 |         41 |       0 |    0 |    0 |      0 |      0 |            1 |
|   genblk1[197].mac_i |                   mac_106 |          1 |          1 |       0 |    0 |    0 |      0 |      0 |            1 |
|   genblk1[198].mac_i |                   mac_107 |         15 |         15 |       0 |    0 |    0 |      0 |      0 |            1 |
|   genblk1[199].mac_i |                   mac_108 |         17 |         17 |       0 |    0 |    0 |      0 |      0 |            1 |
|   genblk1[19].mac_i  |                   mac_109 |         38 |         38 |       0 |    0 |    0 |      0 |      0 |            1 |
|   genblk1[1].mac_i   |                   mac_110 |         41 |         41 |       0 |    0 |    0 |      0 |      0 |            1 |
|   genblk1[200].mac_i |                   mac_111 |         15 |         15 |       0 |    0 |    0 |      0 |      0 |            1 |
|   genblk1[201].mac_i |                   mac_112 |         14 |         14 |       0 |    0 |    0 |      0 |      0 |            1 |
|   genblk1[202].mac_i |                   mac_113 |         42 |         42 |       0 |    0 |    0 |      0 |      0 |            1 |
|   genblk1[203].mac_i |                   mac_114 |         12 |         12 |       0 |    0 |    0 |      0 |      0 |            1 |
|   genblk1[204].mac_i |                   mac_115 |         15 |         15 |       0 |    0 |    0 |      0 |      0 |            1 |
|   genblk1[205].mac_i |                   mac_116 |         39 |         39 |       0 |    0 |    0 |      0 |      0 |            1 |
|   genblk1[206].mac_i |                   mac_117 |         17 |         17 |       0 |    0 |    0 |      0 |      0 |            1 |
|   genblk1[207].mac_i |                   mac_118 |         12 |         12 |       0 |    0 |    0 |      0 |      0 |            1 |
|   genblk1[208].mac_i |                   mac_119 |         41 |         41 |       0 |    0 |    0 |      0 |      0 |            1 |
|   genblk1[209].mac_i |                   mac_120 |         40 |         40 |       0 |    0 |    0 |      0 |      0 |            1 |
|   genblk1[20].mac_i  |                   mac_121 |         43 |         43 |       0 |    0 |    0 |      0 |      0 |            1 |
|   genblk1[210].mac_i |                   mac_122 |         14 |         14 |       0 |    0 |    0 |      0 |      0 |            1 |
|   genblk1[211].mac_i |                   mac_123 |         14 |         14 |       0 |    0 |    0 |      0 |      0 |            1 |
|   genblk1[212].mac_i |                   mac_124 |         14 |         14 |       0 |    0 |    0 |      0 |      0 |            1 |
|   genblk1[213].mac_i |                   mac_125 |         15 |         15 |       0 |    0 |    0 |      0 |      0 |            1 |
|   genblk1[214].mac_i |                   mac_126 |         39 |         39 |       0 |    0 |    0 |      0 |      0 |            1 |
|   genblk1[215].mac_i |                   mac_127 |         15 |         15 |       0 |    0 |    0 |      0 |      0 |            1 |
|   genblk1[216].mac_i |                   mac_128 |         41 |         41 |       0 |    0 |    0 |      0 |      0 |            1 |
|   genblk1[217].mac_i |                   mac_129 |         39 |         39 |       0 |    0 |    0 |      0 |      0 |            1 |
|   genblk1[218].mac_i |                   mac_130 |         16 |         16 |       0 |    0 |    0 |      0 |      0 |            1 |
|   genblk1[219].mac_i |                   mac_131 |         39 |         39 |       0 |    0 |    0 |      0 |      0 |            1 |
|   genblk1[21].mac_i  |                   mac_132 |         41 |         41 |       0 |    0 |    0 |      0 |      0 |            1 |
|   genblk1[220].mac_i |                   mac_133 |         15 |         15 |       0 |    0 |    0 |      0 |      0 |            1 |
|   genblk1[221].mac_i |                   mac_134 |         39 |         39 |       0 |    0 |    0 |      0 |      0 |            1 |
|   genblk1[222].mac_i |                   mac_135 |         14 |         14 |       0 |    0 |    0 |      0 |      0 |            1 |
|   genblk1[223].mac_i |                   mac_136 |         13 |         13 |       0 |    0 |    0 |      0 |      0 |            1 |
|   genblk1[224].mac_i |                   mac_137 |         29 |         29 |       0 |    0 |    0 |      0 |      0 |            1 |
|   genblk1[225].mac_i |                   mac_138 |         12 |         12 |       0 |    0 |    0 |      0 |      0 |            1 |
|   genblk1[226].mac_i |                   mac_139 |         44 |         44 |       0 |    0 |    0 |      0 |      0 |            1 |
|   genblk1[227].mac_i |                   mac_140 |         41 |         41 |       0 |    0 |    0 |      0 |      0 |            1 |
|   genblk1[228].mac_i |                   mac_141 |         41 |         41 |       0 |    0 |    0 |      0 |      0 |            1 |
|   genblk1[229].mac_i |                   mac_142 |         14 |         14 |       0 |    0 |    0 |      0 |      0 |            1 |
|   genblk1[22].mac_i  |                   mac_143 |         14 |         14 |       0 |    0 |    0 |      0 |      0 |            1 |
|   genblk1[230].mac_i |                   mac_144 |         14 |         14 |       0 |    0 |    0 |      0 |      0 |            1 |
|   genblk1[231].mac_i |                   mac_145 |          1 |          1 |       0 |    0 |    0 |      0 |      0 |            1 |
|   genblk1[232].mac_i |                   mac_146 |          3 |          3 |       0 |    0 |    0 |      0 |      0 |            1 |
|   genblk1[233].mac_i |                   mac_147 |         13 |         13 |       0 |    0 |    0 |      0 |      0 |            1 |
|   genblk1[234].mac_i |                   mac_148 |         28 |         28 |       0 |    0 |    0 |      0 |      0 |            1 |
|   genblk1[235].mac_i |                   mac_149 |         39 |         39 |       0 |    0 |    0 |      0 |      0 |            1 |
|   genblk1[236].mac_i |                   mac_150 |         15 |         15 |       0 |    0 |    0 |      0 |      0 |            1 |
|   genblk1[237].mac_i |                   mac_151 |         16 |         16 |       0 |    0 |    0 |      0 |      0 |            1 |
|   genblk1[238].mac_i |                   mac_152 |         13 |         13 |       0 |    0 |    0 |      0 |      0 |            1 |
|   genblk1[239].mac_i |                   mac_153 |         15 |         15 |       0 |    0 |    0 |      0 |      0 |            1 |
|   genblk1[23].mac_i  |                   mac_154 |         39 |         39 |       0 |    0 |    0 |      0 |      0 |            1 |
|   genblk1[240].mac_i |                   mac_155 |         40 |         40 |       0 |    0 |    0 |      0 |      0 |            1 |
|   genblk1[241].mac_i |                   mac_156 |         39 |         39 |       0 |    0 |    0 |      0 |      0 |            1 |
|   genblk1[242].mac_i |                   mac_157 |         13 |         13 |       0 |    0 |    0 |      0 |      0 |            1 |
|   genblk1[243].mac_i |                   mac_158 |         39 |         39 |       0 |    0 |    0 |      0 |      0 |            1 |
|   genblk1[244].mac_i |                   mac_159 |         30 |         30 |       0 |    0 |    0 |      0 |      0 |            1 |
|   genblk1[245].mac_i |                   mac_160 |         40 |         40 |       0 |    0 |    0 |      0 |      0 |            1 |
|   genblk1[246].mac_i |                   mac_161 |         14 |         14 |       0 |    0 |    0 |      0 |      0 |            1 |
|   genblk1[247].mac_i |                   mac_162 |         15 |         15 |       0 |    0 |    0 |      0 |      0 |            1 |
|   genblk1[248].mac_i |                   mac_163 |         14 |         14 |       0 |    0 |    0 |      0 |      0 |            1 |
|   genblk1[249].mac_i |                   mac_164 |         40 |         40 |       0 |    0 |    0 |      0 |      0 |            1 |
|   genblk1[24].mac_i  |                   mac_165 |         13 |         13 |       0 |    0 |    0 |      0 |      0 |            1 |
|   genblk1[250].mac_i |                   mac_166 |         16 |         16 |       0 |    0 |    0 |      0 |      0 |            1 |
|   genblk1[251].mac_i |                   mac_167 |         13 |         13 |       0 |    0 |    0 |      0 |      0 |            1 |
|   genblk1[252].mac_i |                   mac_168 |         39 |         39 |       0 |    0 |    0 |      0 |      0 |            1 |
|   genblk1[253].mac_i |                   mac_169 |         40 |         40 |       0 |    0 |    0 |      0 |      0 |            1 |
|   genblk1[254].mac_i |                   mac_170 |         15 |         15 |       0 |    0 |    0 |      0 |      0 |            1 |
|   genblk1[255].mac_i |                   mac_171 |         14 |         14 |       0 |    0 |    0 |      0 |      0 |            1 |
|   genblk1[25].mac_i  |                   mac_172 |         41 |         41 |       0 |    0 |    0 |      0 |      0 |            1 |
|   genblk1[26].mac_i  |                   mac_173 |         42 |         42 |       0 |    0 |    0 |      0 |      0 |            1 |
|   genblk1[27].mac_i  |                   mac_174 |         13 |         13 |       0 |    0 |    0 |      0 |      0 |            1 |
|   genblk1[28].mac_i  |                   mac_175 |         13 |         13 |       0 |    0 |    0 |      0 |      0 |            1 |
|   genblk1[29].mac_i  |                   mac_176 |         38 |         38 |       0 |    0 |    0 |      0 |      0 |            1 |
|   genblk1[2].mac_i   |                   mac_177 |         12 |         12 |       0 |    0 |    0 |      0 |      0 |            1 |
|   genblk1[30].mac_i  |                   mac_178 |         42 |         42 |       0 |    0 |    0 |      0 |      0 |            1 |
|   genblk1[31].mac_i  |                   mac_179 |         14 |         14 |       0 |    0 |    0 |      0 |      0 |            1 |
|   genblk1[32].mac_i  |                   mac_180 |         12 |         12 |       0 |    0 |    0 |      0 |      0 |            1 |
|   genblk1[33].mac_i  |                   mac_181 |         16 |         16 |       0 |    0 |    0 |      0 |      0 |            1 |
|   genblk1[34].mac_i  |                   mac_182 |         12 |         12 |       0 |    0 |    0 |      0 |      0 |            1 |
|   genblk1[35].mac_i  |                   mac_183 |         15 |         15 |       0 |    0 |    0 |      0 |      0 |            1 |
|   genblk1[36].mac_i  |                   mac_184 |         40 |         40 |       0 |    0 |    0 |      0 |      0 |            1 |
|   genblk1[37].mac_i  |                   mac_185 |         40 |         40 |       0 |    0 |    0 |      0 |      0 |            1 |
|   genblk1[38].mac_i  |                   mac_186 |         40 |         40 |       0 |    0 |    0 |      0 |      0 |            1 |
|   genblk1[39].mac_i  |                   mac_187 |         42 |         42 |       0 |    0 |    0 |      0 |      0 |            1 |
|   genblk1[3].mac_i   |                   mac_188 |         13 |         13 |       0 |    0 |    0 |      0 |      0 |            1 |
|   genblk1[40].mac_i  |                   mac_189 |         13 |         13 |       0 |    0 |    0 |      0 |      0 |            1 |
|   genblk1[41].mac_i  |                   mac_190 |         13 |         13 |       0 |    0 |    0 |      0 |      0 |            1 |
|   genblk1[42].mac_i  |                   mac_191 |         40 |         40 |       0 |    0 |    0 |      0 |      0 |            1 |
|   genblk1[43].mac_i  |                   mac_192 |         43 |         43 |       0 |    0 |    0 |      0 |      0 |            1 |
|   genblk1[44].mac_i  |                   mac_193 |         41 |         41 |       0 |    0 |    0 |      0 |      0 |            1 |
|   genblk1[45].mac_i  |                   mac_194 |         12 |         12 |       0 |    0 |    0 |      0 |      0 |            1 |
|   genblk1[46].mac_i  |                   mac_195 |         40 |         40 |       0 |    0 |    0 |      0 |      0 |            1 |
|   genblk1[47].mac_i  |                   mac_196 |         13 |         13 |       0 |    0 |    0 |      0 |      0 |            1 |
|   genblk1[48].mac_i  |                   mac_197 |         40 |         40 |       0 |    0 |    0 |      0 |      0 |            1 |
|   genblk1[49].mac_i  |                   mac_198 |         12 |         12 |       0 |    0 |    0 |      0 |      0 |            1 |
|   genblk1[4].mac_i   |                   mac_199 |         41 |         41 |       0 |    0 |    0 |      0 |      0 |            1 |
|   genblk1[50].mac_i  |                   mac_200 |         40 |         40 |       0 |    0 |    0 |      0 |      0 |            1 |
|   genblk1[51].mac_i  |                   mac_201 |         16 |         16 |       0 |    0 |    0 |      0 |      0 |            1 |
|   genblk1[52].mac_i  |                   mac_202 |         41 |         41 |       0 |    0 |    0 |      0 |      0 |            1 |
|   genblk1[53].mac_i  |                   mac_203 |         40 |         40 |       0 |    0 |    0 |      0 |      0 |            1 |
|   genblk1[54].mac_i  |                   mac_204 |         14 |         14 |       0 |    0 |    0 |      0 |      0 |            1 |
|   genblk1[55].mac_i  |                   mac_205 |         42 |         42 |       0 |    0 |    0 |      0 |      0 |            1 |
|   genblk1[56].mac_i  |                   mac_206 |         14 |         14 |       0 |    0 |    0 |      0 |      0 |            1 |
|   genblk1[57].mac_i  |                   mac_207 |         43 |         43 |       0 |    0 |    0 |      0 |      0 |            1 |
|   genblk1[58].mac_i  |                   mac_208 |         15 |         15 |       0 |    0 |    0 |      0 |      0 |            1 |
|   genblk1[59].mac_i  |                   mac_209 |         41 |         41 |       0 |    0 |    0 |      0 |      0 |            1 |
|   genblk1[5].mac_i   |                   mac_210 |         42 |         42 |       0 |    0 |    0 |      0 |      0 |            1 |
|   genblk1[60].mac_i  |                   mac_211 |         39 |         39 |       0 |    0 |    0 |      0 |      0 |            1 |
|   genblk1[61].mac_i  |                   mac_212 |         14 |         14 |       0 |    0 |    0 |      0 |      0 |            1 |
|   genblk1[62].mac_i  |                   mac_213 |         12 |         12 |       0 |    0 |    0 |      0 |      0 |            1 |
|   genblk1[63].mac_i  |                   mac_214 |         13 |         13 |       0 |    0 |    0 |      0 |      0 |            1 |
|   genblk1[64].mac_i  |                   mac_215 |         13 |         13 |       0 |    0 |    0 |      0 |      0 |            1 |
|   genblk1[65].mac_i  |                   mac_216 |         41 |         41 |       0 |    0 |    0 |      0 |      0 |            1 |
|   genblk1[66].mac_i  |                   mac_217 |         12 |         12 |       0 |    0 |    0 |      0 |      0 |            1 |
|   genblk1[67].mac_i  |                   mac_218 |          3 |          3 |       0 |    0 |    0 |      0 |      0 |            1 |
|   genblk1[68].mac_i  |                   mac_219 |         43 |         43 |       0 |    0 |    0 |      0 |      0 |            1 |
|   genblk1[69].mac_i  |                   mac_220 |         14 |         14 |       0 |    0 |    0 |      0 |      0 |            1 |
|   genblk1[6].mac_i   |                   mac_221 |         39 |         39 |       0 |    0 |    0 |      0 |      0 |            1 |
|   genblk1[70].mac_i  |                   mac_222 |         41 |         41 |       0 |    0 |    0 |      0 |      0 |            1 |
|   genblk1[71].mac_i  |                   mac_223 |         15 |         15 |       0 |    0 |    0 |      0 |      0 |            1 |
|   genblk1[72].mac_i  |                   mac_224 |         11 |         11 |       0 |    0 |    0 |      0 |      0 |            1 |
|   genblk1[73].mac_i  |                   mac_225 |         41 |         41 |       0 |    0 |    0 |      0 |      0 |            1 |
|   genblk1[74].mac_i  |                   mac_226 |         40 |         40 |       0 |    0 |    0 |      0 |      0 |            1 |
|   genblk1[75].mac_i  |                   mac_227 |         14 |         14 |       0 |    0 |    0 |      0 |      0 |            1 |
|   genblk1[76].mac_i  |                   mac_228 |         13 |         13 |       0 |    0 |    0 |      0 |      0 |            1 |
|   genblk1[77].mac_i  |                   mac_229 |         14 |         14 |       0 |    0 |    0 |      0 |      0 |            1 |
|   genblk1[78].mac_i  |                   mac_230 |         12 |         12 |       0 |    0 |    0 |      0 |      0 |            1 |
|   genblk1[79].mac_i  |                   mac_231 |         15 |         15 |       0 |    0 |    0 |      0 |      0 |            1 |
|   genblk1[7].mac_i   |                   mac_232 |         12 |         12 |       0 |    0 |    0 |      0 |      0 |            1 |
|   genblk1[80].mac_i  |                   mac_233 |         13 |         13 |       0 |    0 |    0 |      0 |      0 |            1 |
|   genblk1[81].mac_i  |                   mac_234 |         40 |         40 |       0 |    0 |    0 |      0 |      0 |            1 |
|   genblk1[82].mac_i  |                   mac_235 |         39 |         39 |       0 |    0 |    0 |      0 |      0 |            1 |
|   genblk1[83].mac_i  |                   mac_236 |         40 |         40 |       0 |    0 |    0 |      0 |      0 |            1 |
|   genblk1[84].mac_i  |                   mac_237 |         28 |         28 |       0 |    0 |    0 |      0 |      0 |            1 |
|   genblk1[85].mac_i  |                   mac_238 |         15 |         15 |       0 |    0 |    0 |      0 |      0 |            1 |
|   genblk1[86].mac_i  |                   mac_239 |         15 |         15 |       0 |    0 |    0 |      0 |      0 |            1 |
|   genblk1[87].mac_i  |                   mac_240 |         27 |         27 |       0 |    0 |    0 |      0 |      0 |            1 |
|   genblk1[88].mac_i  |                   mac_241 |         12 |         12 |       0 |    0 |    0 |      0 |      0 |            1 |
|   genblk1[89].mac_i  |                   mac_242 |         13 |         13 |       0 |    0 |    0 |      0 |      0 |            1 |
|   genblk1[8].mac_i   |                   mac_243 |         39 |         39 |       0 |    0 |    0 |      0 |      0 |            1 |
|   genblk1[90].mac_i  |                   mac_244 |         16 |         16 |       0 |    0 |    0 |      0 |      0 |            1 |
|   genblk1[91].mac_i  |                   mac_245 |          3 |          3 |       0 |    0 |    0 |      0 |      0 |            1 |
|   genblk1[92].mac_i  |                   mac_246 |         40 |         40 |       0 |    0 |    0 |      0 |      0 |            1 |
|   genblk1[93].mac_i  |                   mac_247 |         15 |         15 |       0 |    0 |    0 |      0 |      0 |            1 |
|   genblk1[94].mac_i  |                   mac_248 |         12 |         12 |       0 |    0 |    0 |      0 |      0 |            1 |
|   genblk1[95].mac_i  |                   mac_249 |         39 |         39 |       0 |    0 |    0 |      0 |      0 |            1 |
|   genblk1[96].mac_i  |                   mac_250 |         13 |         13 |       0 |    0 |    0 |      0 |      0 |            1 |
|   genblk1[97].mac_i  |                   mac_251 |         15 |         15 |       0 |    0 |    0 |      0 |      0 |            1 |
|   genblk1[98].mac_i  |                   mac_252 |         13 |         13 |       0 |    0 |    0 |      0 |      0 |            1 |
|   genblk1[99].mac_i  |                   mac_253 |         13 |         13 |       0 |    0 |    0 |      0 |      0 |            1 |
|   genblk1[9].mac_i   |                   mac_254 |         41 |         41 |       0 |    0 |    0 |      0 |      0 |            1 |
|   u_2                | wrapper_rom_fire6_expand3 |      30597 |      30597 |       0 |    0 |    0 |      0 |      0 |            0 |
|     u1               |         rom_fire6_expand3 |      30597 |      30597 |       0 |    0 |    0 |      0 |      0 |            0 |
+----------------------+---------------------------+------------+------------+---------+------+------+--------+--------+--------------+


