Copyright 1986-2018 Xilinx, Inc. All Rights Reserved.
-----------------------------------------------------------------------------------------------
| Tool Version : Vivado v.2018.3 (lin64) Build 2405991 Thu Dec  6 23:36:41 MST 2018
| Date         : Thu Dec 12 00:09:10 2019
| Host         : GCS running 64-bit Ubuntu 18.04.3 LTS
| Command      : report_timing -file /home/gsaied/Desktop/verilog_rtl/fire2/squeeze/timing.rpt
| Design       : rom_array_layer_1
| Device       : 7vx690t-ffg1157
| Speed File   : -3  PRODUCTION 1.11 2014-09-11
-----------------------------------------------------------------------------------------------

Timing Report

Slack:                    inf
  Source:                 rom_out_reg[0][0]/G
                            (positive level-sensitive latch)
  Destination:            rom_out[0][0]
                            (output port)
  Path Group:             (none)
  Path Type:              Max at Slow Process Corner
  Data Path Delay:        2.528ns  (logic 2.093ns (82.815%)  route 0.434ns (17.185%))
  Logic Levels:           2  (LDCE=1 OBUF=1)

    Location             Delay type                Incr(ns)  Path(ns)    Netlist Resource(s)
  -------------------------------------------------------------------    -------------------
                         LDCE                         0.000     0.000 r  rom_out_reg[0][0]/G
                         LDCE (EnToQ_ldce_G_Q)        0.298     0.298 r  rom_out_reg[0][0]/Q
                         net (fo=1, unplaced)         0.434     0.732    rom_out[0]_OBUF[0]
                         OBUF (Prop_obuf_I_O)         1.795     2.528 r  rom_out[0][0]_INST_0/O
                         net (fo=0)                   0.000     2.528    rom_out[0][0]
                                                                      r  rom_out[0][0] (OUT)
  -------------------------------------------------------------------    -------------------




