#-----------------------------------------------------------
# Vivado v2018.3 (64-bit)
# SW Build 2405991 on Thu Dec  6 23:36:41 MST 2018
# IP Build 2404404 on Fri Dec  7 01:43:56 MST 2018
# Start of session at: Fri Feb 14 13:59:43 2020
# Process ID: 2523
# Current directory: /home/gsaied/Desktop/old_rtl/fire4_expand3
# Command line: vivado project_1/project_1.xpr
# Log file: /home/gsaied/Desktop/old_rtl/fire4_expand3/vivado.log
# Journal file: /home/gsaied/Desktop/old_rtl/fire4_expand3/vivado.jou
#-----------------------------------------------------------
start_gui
open_project project_1/project_1.xpr
Scanning sources...
Finished scanning sources
INFO: [IP_Flow 19-234] Refreshing IP repositories
INFO: [IP_Flow 19-1704] No user IP repositories specified
INFO: [IP_Flow 19-2313] Loaded Vivado IP repository '/tools/Xilinx/Vivado/2018.3/data/ip'.
open_project: Time (s): cpu = 00:00:16 ; elapsed = 00:00:08 . Memory (MB): peak = 6430.199 ; gain = 130.441 ; free physical = 4866 ; free virtual = 8544
update_compile_order -fileset sources_1
launch_simulation
INFO: [Vivado 12-5682] Launching behavioral simulation in '/home/gsaied/Desktop/old_rtl/fire4_expand3/project_1/project_1.sim/sim_1/behav/xsim'
INFO: [SIM-utils-51] Simulation object is 'sim_1'
INFO: [SIM-utils-54] Inspecting design source files for 'wrapper_rom' in fileset 'sim_1'...
INFO: [SIM-utils-43] Exported '/home/gsaied/Desktop/old_rtl/fire4_expand3/project_1/project_1.sim/sim_1/behav/xsim/extend__file_fire4_expand3_127.mem'
INFO: [SIM-utils-43] Exported '/home/gsaied/Desktop/old_rtl/fire4_expand3/project_1/project_1.sim/sim_1/behav/xsim/extend__file_fire4_expand3_3.mem'
INFO: [SIM-utils-43] Exported '/home/gsaied/Desktop/old_rtl/fire4_expand3/project_1/project_1.sim/sim_1/behav/xsim/extend__file_fire4_expand3_40.mem'
INFO: [SIM-utils-43] Exported '/home/gsaied/Desktop/old_rtl/fire4_expand3/project_1/project_1.sim/sim_1/behav/xsim/extend__file_fire4_expand3_67.mem'
INFO: [SIM-utils-43] Exported '/home/gsaied/Desktop/old_rtl/fire4_expand3/project_1/project_1.sim/sim_1/behav/xsim/file_fire4_expand3_79.mem'
INFO: [SIM-utils-43] Exported '/home/gsaied/Desktop/old_rtl/fire4_expand3/project_1/project_1.sim/sim_1/behav/xsim/extend__file_fire4_expand3_49.mem'
INFO: [SIM-utils-43] Exported '/home/gsaied/Desktop/old_rtl/fire4_expand3/project_1/project_1.sim/sim_1/behav/xsim/extend__file_fire4_expand3_24.mem'
INFO: [SIM-utils-43] Exported '/home/gsaied/Desktop/old_rtl/fire4_expand3/project_1/project_1.sim/sim_1/behav/xsim/file_fire4_expand3_60.mem'
INFO: [SIM-utils-43] Exported '/home/gsaied/Desktop/old_rtl/fire4_expand3/project_1/project_1.sim/sim_1/behav/xsim/file_fire4_expand3_36.mem'
INFO: [SIM-utils-43] Exported '/home/gsaied/Desktop/old_rtl/fire4_expand3/project_1/project_1.sim/sim_1/behav/xsim/file_fire4_expand3_70.mem'
INFO: [SIM-utils-43] Exported '/home/gsaied/Desktop/old_rtl/fire4_expand3/project_1/project_1.sim/sim_1/behav/xsim/extend__file_fire4_expand3_102.mem'
INFO: [SIM-utils-43] Exported '/home/gsaied/Desktop/old_rtl/fire4_expand3/project_1/project_1.sim/sim_1/behav/xsim/file_fire4_expand3_69.mem'
INFO: [SIM-utils-43] Exported '/home/gsaied/Desktop/old_rtl/fire4_expand3/project_1/project_1.sim/sim_1/behav/xsim/file_fire4_expand3_26.mem'
INFO: [SIM-utils-43] Exported '/home/gsaied/Desktop/old_rtl/fire4_expand3/project_1/project_1.sim/sim_1/behav/xsim/file_fire4_expand3_44.mem'
INFO: [SIM-utils-43] Exported '/home/gsaied/Desktop/old_rtl/fire4_expand3/project_1/project_1.sim/sim_1/behav/xsim/file_fire4_expand3_111.mem'
INFO: [SIM-utils-43] Exported '/home/gsaied/Desktop/old_rtl/fire4_expand3/project_1/project_1.sim/sim_1/behav/xsim/extend__file_fire4_expand3_83.mem'
INFO: [SIM-utils-43] Exported '/home/gsaied/Desktop/old_rtl/fire4_expand3/project_1/project_1.sim/sim_1/behav/xsim/file_fire4_expand3_87.mem'
INFO: [SIM-utils-43] Exported '/home/gsaied/Desktop/old_rtl/fire4_expand3/project_1/project_1.sim/sim_1/behav/xsim/file_fire4_expand3_59.mem'
INFO: [SIM-utils-43] Exported '/home/gsaied/Desktop/old_rtl/fire4_expand3/project_1/project_1.sim/sim_1/behav/xsim/extend__file_fire4_expand3_39.mem'
INFO: [SIM-utils-43] Exported '/home/gsaied/Desktop/old_rtl/fire4_expand3/project_1/project_1.sim/sim_1/behav/xsim/file_fire4_expand3_16.mem'
INFO: [SIM-utils-43] Exported '/home/gsaied/Desktop/old_rtl/fire4_expand3/project_1/project_1.sim/sim_1/behav/xsim/file_fire4_expand3_93.mem'
INFO: [SIM-utils-43] Exported '/home/gsaied/Desktop/old_rtl/fire4_expand3/project_1/project_1.sim/sim_1/behav/xsim/extend__file_fire4_expand3_73.mem'
INFO: [SIM-utils-43] Exported '/home/gsaied/Desktop/old_rtl/fire4_expand3/project_1/project_1.sim/sim_1/behav/xsim/file_fire4_expand3_101.mem'
INFO: [SIM-utils-43] Exported '/home/gsaied/Desktop/old_rtl/fire4_expand3/project_1/project_1.sim/sim_1/behav/xsim/file_fire4_expand3_32.mem'
INFO: [SIM-utils-43] Exported '/home/gsaied/Desktop/old_rtl/fire4_expand3/project_1/project_1.sim/sim_1/behav/xsim/extend__file_fire4_expand3_30.mem'
INFO: [SIM-utils-43] Exported '/home/gsaied/Desktop/old_rtl/fire4_expand3/project_1/project_1.sim/sim_1/behav/xsim/file_fire4_expand3_1.mem'
INFO: [SIM-utils-43] Exported '/home/gsaied/Desktop/old_rtl/fire4_expand3/project_1/project_1.sim/sim_1/behav/xsim/file_fire4_expand3_75.mem'
INFO: [SIM-utils-43] Exported '/home/gsaied/Desktop/old_rtl/fire4_expand3/project_1/project_1.sim/sim_1/behav/xsim/file_fire4_expand3_64.mem'
INFO: [SIM-utils-43] Exported '/home/gsaied/Desktop/old_rtl/fire4_expand3/project_1/project_1.sim/sim_1/behav/xsim/extend__file_fire4_expand3_107.mem'
INFO: [SIM-utils-43] Exported '/home/gsaied/Desktop/old_rtl/fire4_expand3/project_1/project_1.sim/sim_1/behav/xsim/file_fire4_expand3_50.mem'
INFO: [SIM-utils-43] Exported '/home/gsaied/Desktop/old_rtl/fire4_expand3/project_1/project_1.sim/sim_1/behav/xsim/extend__file_fire4_expand3_55.mem'
INFO: [SIM-utils-43] Exported '/home/gsaied/Desktop/old_rtl/fire4_expand3/project_1/project_1.sim/sim_1/behav/xsim/extend__file_fire4_expand3_112.mem'
INFO: [SIM-utils-43] Exported '/home/gsaied/Desktop/old_rtl/fire4_expand3/project_1/project_1.sim/sim_1/behav/xsim/extend__file_fire4_expand3_12.mem'
INFO: [SIM-utils-43] Exported '/home/gsaied/Desktop/old_rtl/fire4_expand3/project_1/project_1.sim/sim_1/behav/xsim/extend__file_fire4_expand3_98.mem'
INFO: [SIM-utils-43] Exported '/home/gsaied/Desktop/old_rtl/fire4_expand3/project_1/project_1.sim/sim_1/behav/xsim/file_fire4_expand3_126.mem'
INFO: [SIM-utils-43] Exported '/home/gsaied/Desktop/old_rtl/fire4_expand3/project_1/project_1.sim/sim_1/behav/xsim/extend__file_fire4_expand3_28.mem'
INFO: [SIM-utils-43] Exported '/home/gsaied/Desktop/old_rtl/fire4_expand3/project_1/project_1.sim/sim_1/behav/xsim/extend__file_fire4_expand3_8.mem'
INFO: [SIM-utils-43] Exported '/home/gsaied/Desktop/old_rtl/fire4_expand3/project_1/project_1.sim/sim_1/behav/xsim/file_fire4_expand3_116.mem'
INFO: [SIM-utils-43] Exported '/home/gsaied/Desktop/old_rtl/fire4_expand3/project_1/project_1.sim/sim_1/behav/xsim/file_fire4_expand3_65.mem'
INFO: [SIM-utils-43] Exported '/home/gsaied/Desktop/old_rtl/fire4_expand3/project_1/project_1.sim/sim_1/behav/xsim/extend__file_fire4_expand3_45.mem'
INFO: [SIM-utils-43] Exported '/home/gsaied/Desktop/old_rtl/fire4_expand3/project_1/project_1.sim/sim_1/behav/xsim/extend__file_fire4_expand3_88.mem'
INFO: [SIM-utils-43] Exported '/home/gsaied/Desktop/old_rtl/fire4_expand3/project_1/project_1.sim/sim_1/behav/xsim/file_fire4_expand3_22.mem'
INFO: [SIM-utils-43] Exported '/home/gsaied/Desktop/old_rtl/fire4_expand3/project_1/project_1.sim/sim_1/behav/xsim/extend__file_fire4_expand3_106.mem'
INFO: [SIM-utils-43] Exported '/home/gsaied/Desktop/old_rtl/fire4_expand3/project_1/project_1.sim/sim_1/behav/xsim/extend__file_fire4_expand3_62.mem'
INFO: [SIM-utils-43] Exported '/home/gsaied/Desktop/old_rtl/fire4_expand3/project_1/project_1.sim/sim_1/behav/xsim/file_fire4_expand3_82.mem'
INFO: [SIM-utils-43] Exported '/home/gsaied/Desktop/old_rtl/fire4_expand3/project_1/project_1.sim/sim_1/behav/xsim/extend__file_fire4_expand3_113.mem'
INFO: [SIM-utils-43] Exported '/home/gsaied/Desktop/old_rtl/fire4_expand3/project_1/project_1.sim/sim_1/behav/xsim/file_fire4_expand3_6.mem'
INFO: [SIM-utils-43] Exported '/home/gsaied/Desktop/old_rtl/fire4_expand3/project_1/project_1.sim/sim_1/behav/xsim/file_fire4_expand3_48.mem'
INFO: [SIM-utils-43] Exported '/home/gsaied/Desktop/old_rtl/fire4_expand3/project_1/project_1.sim/sim_1/behav/xsim/extend__file_fire4_expand3_123.mem'
INFO: [SIM-utils-43] Exported '/home/gsaied/Desktop/old_rtl/fire4_expand3/project_1/project_1.sim/sim_1/behav/xsim/file_fire4_expand3_11.mem'
INFO: [SIM-utils-43] Exported '/home/gsaied/Desktop/old_rtl/fire4_expand3/project_1/project_1.sim/sim_1/behav/xsim/extend__file_fire4_expand3_34.mem'
INFO: [SIM-utils-43] Exported '/home/gsaied/Desktop/old_rtl/fire4_expand3/project_1/project_1.sim/sim_1/behav/xsim/file_fire4_expand3_122.mem'
INFO: [SIM-utils-43] Exported '/home/gsaied/Desktop/old_rtl/fire4_expand3/project_1/project_1.sim/sim_1/behav/xsim/extend__file_fire4_expand3_94.mem'
INFO: [SIM-utils-43] Exported '/home/gsaied/Desktop/old_rtl/fire4_expand3/project_1/project_1.sim/sim_1/behav/xsim/file_fire4_expand3_71.mem'
INFO: [SIM-utils-43] Exported '/home/gsaied/Desktop/old_rtl/fire4_expand3/project_1/project_1.sim/sim_1/behav/xsim/extend__file_fire4_expand3_77.mem'
INFO: [SIM-utils-43] Exported '/home/gsaied/Desktop/old_rtl/fire4_expand3/project_1/project_1.sim/sim_1/behav/xsim/file_fire4_expand3_105.mem'
INFO: [SIM-utils-43] Exported '/home/gsaied/Desktop/old_rtl/fire4_expand3/project_1/project_1.sim/sim_1/behav/xsim/extend__file_fire4_expand3_51.mem'
INFO: [SIM-utils-43] Exported '/home/gsaied/Desktop/old_rtl/fire4_expand3/project_1/project_1.sim/sim_1/behav/xsim/file_fire4_expand3_54.mem'
INFO: [SIM-utils-43] Exported '/home/gsaied/Desktop/old_rtl/fire4_expand3/project_1/project_1.sim/sim_1/behav/xsim/extend__file_fire4_expand3_117.mem'
INFO: [SIM-utils-43] Exported '/home/gsaied/Desktop/old_rtl/fire4_expand3/project_1/project_1.sim/sim_1/behav/xsim/file_fire4_expand3_97.mem'
INFO: [SIM-utils-43] Exported '/home/gsaied/Desktop/old_rtl/fire4_expand3/project_1/project_1.sim/sim_1/behav/xsim/extend__file_fire4_expand3_17.mem'
INFO: [SIM-utils-43] Exported '/home/gsaied/Desktop/old_rtl/fire4_expand3/project_1/project_1.sim/sim_1/behav/xsim/file_fire4_expand3_37.mem'
INFO: [SIM-utils-43] Exported '/home/gsaied/Desktop/old_rtl/fire4_expand3/project_1/project_1.sim/sim_1/behav/xsim/extend__file_fire4_expand3_15.mem'
INFO: [SIM-utils-43] Exported '/home/gsaied/Desktop/old_rtl/fire4_expand3/project_1/project_1.sim/sim_1/behav/xsim/extend__file_fire4_expand3_23.mem'
INFO: [SIM-utils-43] Exported '/home/gsaied/Desktop/old_rtl/fire4_expand3/project_1/project_1.sim/sim_1/behav/xsim/extend__file_fire4_expand3_82.mem'
INFO: [SIM-utils-43] Exported '/home/gsaied/Desktop/old_rtl/fire4_expand3/project_1/project_1.sim/sim_1/behav/xsim/extend__file_fire4_expand3_58.mem'
INFO: [SIM-utils-43] Exported '/home/gsaied/Desktop/old_rtl/fire4_expand3/project_1/project_1.sim/sim_1/behav/xsim/file_fire4_expand3_110.mem'
INFO: [SIM-utils-43] Exported '/home/gsaied/Desktop/old_rtl/fire4_expand3/project_1/project_1.sim/sim_1/behav/xsim/extend__file_fire4_expand3_128.mem'
INFO: [SIM-utils-43] Exported '/home/gsaied/Desktop/old_rtl/fire4_expand3/project_1/project_1.sim/sim_1/behav/xsim/file_fire4_expand3_53.mem'
INFO: [SIM-utils-43] Exported '/home/gsaied/Desktop/old_rtl/fire4_expand3/project_1/project_1.sim/sim_1/behav/xsim/file_fire4_expand3_10.mem'
INFO: [SIM-utils-43] Exported '/home/gsaied/Desktop/old_rtl/fire4_expand3/project_1/project_1.sim/sim_1/behav/xsim/extend__file_fire4_expand3_4.mem'
INFO: [SIM-utils-43] Exported '/home/gsaied/Desktop/old_rtl/fire4_expand3/project_1/project_1.sim/sim_1/behav/xsim/file_fire4_expand3_17.mem'
INFO: [SIM-utils-43] Exported '/home/gsaied/Desktop/old_rtl/fire4_expand3/project_1/project_1.sim/sim_1/behav/xsim/file_fire4_expand3_96.mem'
INFO: [SIM-utils-43] Exported '/home/gsaied/Desktop/old_rtl/fire4_expand3/project_1/project_1.sim/sim_1/behav/xsim/extend__file_fire4_expand3_101.mem'
INFO: [SIM-utils-43] Exported '/home/gsaied/Desktop/old_rtl/fire4_expand3/project_1/project_1.sim/sim_1/behav/xsim/extend__file_fire4_expand3_66.mem'
INFO: [SIM-utils-43] Exported '/home/gsaied/Desktop/old_rtl/fire4_expand3/project_1/project_1.sim/sim_1/behav/xsim/extend__file_fire4_expand3_74.mem'
INFO: [SIM-utils-43] Exported '/home/gsaied/Desktop/old_rtl/fire4_expand3/project_1/project_1.sim/sim_1/behav/xsim/file_fire4_expand3_102.mem'
INFO: [SIM-utils-43] Exported '/home/gsaied/Desktop/old_rtl/fire4_expand3/project_1/project_1.sim/sim_1/behav/xsim/extend__file_fire4_expand3_31.mem'
INFO: [SIM-utils-43] Exported '/home/gsaied/Desktop/old_rtl/fire4_expand3/project_1/project_1.sim/sim_1/behav/xsim/file_fire4_expand3_61.mem'
INFO: [SIM-utils-43] Exported '/home/gsaied/Desktop/old_rtl/fire4_expand3/project_1/project_1.sim/sim_1/behav/xsim/extend__file_fire4_expand3_108.mem'
INFO: [SIM-utils-43] Exported '/home/gsaied/Desktop/old_rtl/fire4_expand3/project_1/project_1.sim/sim_1/behav/xsim/file_fire4_expand3_76.mem'
INFO: [SIM-utils-43] Exported '/home/gsaied/Desktop/old_rtl/fire4_expand3/project_1/project_1.sim/sim_1/behav/xsim/file_fire4_expand3_29.mem'
INFO: [SIM-utils-43] Exported '/home/gsaied/Desktop/old_rtl/fire4_expand3/project_1/project_1.sim/sim_1/behav/xsim/extend__file_fire4_expand3_86.mem'
INFO: [SIM-utils-43] Exported '/home/gsaied/Desktop/old_rtl/fire4_expand3/project_1/project_1.sim/sim_1/behav/xsim/file_fire4_expand3_114.mem'
INFO: [SIM-utils-43] Exported '/home/gsaied/Desktop/old_rtl/fire4_expand3/project_1/project_1.sim/sim_1/behav/xsim/file_fire4_expand3_92.mem'
INFO: [SIM-utils-43] Exported '/home/gsaied/Desktop/old_rtl/fire4_expand3/project_1/project_1.sim/sim_1/behav/xsim/extend__file_fire4_expand3_124.mem'
INFO: [SIM-utils-43] Exported '/home/gsaied/Desktop/old_rtl/fire4_expand3/project_1/project_1.sim/sim_1/behav/xsim/extend__file_fire4_expand3_43.mem'
INFO: [SIM-utils-43] Exported '/home/gsaied/Desktop/old_rtl/fire4_expand3/project_1/project_1.sim/sim_1/behav/xsim/file_fire4_expand3_88.mem'
INFO: [SIM-utils-43] Exported '/home/gsaied/Desktop/old_rtl/fire4_expand3/project_1/project_1.sim/sim_1/behav/xsim/file_fire4_expand3_45.mem'
INFO: [SIM-utils-43] Exported '/home/gsaied/Desktop/old_rtl/fire4_expand3/project_1/project_1.sim/sim_1/behav/xsim/file_fire4_expand3_109.mem'
INFO: [SIM-utils-43] Exported '/home/gsaied/Desktop/old_rtl/fire4_expand3/project_1/project_1.sim/sim_1/behav/xsim/extend__file_fire4_expand3_38.mem'
INFO: [SIM-utils-43] Exported '/home/gsaied/Desktop/old_rtl/fire4_expand3/project_1/project_1.sim/sim_1/behav/xsim/file_fire4_expand3_81.mem'
INFO: [SIM-utils-43] Exported '/home/gsaied/Desktop/old_rtl/fire4_expand3/project_1/project_1.sim/sim_1/behav/xsim/extend__file_fire4_expand3_11.mem'
INFO: [SIM-utils-43] Exported '/home/gsaied/Desktop/old_rtl/fire4_expand3/project_1/project_1.sim/sim_1/behav/xsim/extend__file_fire4_expand3_90.mem'
INFO: [SIM-utils-43] Exported '/home/gsaied/Desktop/old_rtl/fire4_expand3/project_1/project_1.sim/sim_1/behav/xsim/file_fire4_expand3_33.mem'
INFO: [SIM-utils-43] Exported '/home/gsaied/Desktop/old_rtl/fire4_expand3/project_1/project_1.sim/sim_1/behav/xsim/file_fire4_expand3_7.mem'
INFO: [SIM-utils-43] Exported '/home/gsaied/Desktop/old_rtl/fire4_expand3/project_1/project_1.sim/sim_1/behav/xsim/extend__file_fire4_expand3_105.mem'
INFO: [SIM-utils-43] Exported '/home/gsaied/Desktop/old_rtl/fire4_expand3/project_1/project_1.sim/sim_1/behav/xsim/file_fire4_expand3_57.mem'
INFO: [SIM-utils-43] Exported '/home/gsaied/Desktop/old_rtl/fire4_expand3/project_1/project_1.sim/sim_1/behav/xsim/file_fire4_expand3_14.mem'
INFO: [SIM-utils-43] Exported '/home/gsaied/Desktop/old_rtl/fire4_expand3/project_1/project_1.sim/sim_1/behav/xsim/extend__file_fire4_expand3_54.mem'
INFO: [Common 17-14] Message 'SIM-utils 43' appears 100 times and further instances of the messages will be disabled. Use the Tcl command set_msg_config to change the current settings.
INFO: [USF-XSim-97] Finding global include files...
INFO: [USF-XSim-98] Fetching design files from 'sim_1'...
INFO: [USF-XSim-2] XSim::Compile design
INFO: [USF-XSim-61] Executing 'COMPILE and ANALYZE' step in '/home/gsaied/Desktop/old_rtl/fire4_expand3/project_1/project_1.sim/sim_1/behav/xsim'
xvlog --incr --relax -prj wrapper_rom_vlog.prj
INFO: [USF-XSim-69] 'compile' step finished in '1' seconds
INFO: [USF-XSim-3] XSim::Elaborate design
INFO: [USF-XSim-61] Executing 'ELABORATE' step in '/home/gsaied/Desktop/old_rtl/fire4_expand3/project_1/project_1.sim/sim_1/behav/xsim'
Vivado Simulator 2018.3
Copyright 1986-1999, 2001-2018 Xilinx, Inc. All Rights Reserved.
Running: /tools/Xilinx/Vivado/2018.3/bin/unwrapped/lnx64.o/xelab -wto 7a7a64df72984ca58d3813628c11bdd4 --incr --debug typical --relax --mt 8 -L xil_defaultlib -L unisims_ver -L unimacro_ver -L secureip --snapshot wrapper_rom_behav xil_defaultlib.wrapper_rom xil_defaultlib.glbl -log elaborate.log 
Using 8 slave threads.
Starting static elaboration
Completed static elaboration
INFO: [XSIM 43-4323] No Change in HDL. Linking previously generated obj files to create kernel
INFO: [USF-XSim-69] 'elaborate' step finished in '1' seconds
INFO: [USF-XSim-4] XSim::Simulate design
INFO: [USF-XSim-61] Executing 'SIMULATE' step in '/home/gsaied/Desktop/old_rtl/fire4_expand3/project_1/project_1.sim/sim_1/behav/xsim'
INFO: [USF-XSim-98] *** Running xsim
   with args "wrapper_rom_behav -key {Behavioral:sim_1:Functional:wrapper_rom} -tclbatch {wrapper_rom.tcl} -log {simulate.log}"
INFO: [USF-XSim-8] Loading simulator feature
Vivado Simulator 2018.3
Time resolution is 1 ps
source wrapper_rom.tcl
# set curr_wave [current_wave_config]
# if { [string length $curr_wave] == 0 } {
#   if { [llength [get_objects]] > 0} {
#     add_wave /
#     set_property needs_save false [current_wave_config]
#   } else {
#      send_msg_id Add_Wave-1 WARNING "No top level signals found. Simulator will start without a wave window. If you want to open a wave window go to 'File->New Waveform Configuration' or type 'create_wave_config' in the TCL console."
#   }
# }
# run 1000ns
WARNING: Index 287 is out of bounds
WARNING: Too many words specified in data file file_fire4_expand3_2.mem
WARNING: Too many words specified in data file file_fire4_expand3_3.mem
WARNING: Too many words specified in data file file_fire4_expand3_4.mem
WARNING: Too many words specified in data file file_fire4_expand3_5.mem
WARNING: Too many words specified in data file file_fire4_expand3_6.mem
WARNING: Too many words specified in data file file_fire4_expand3_7.mem
WARNING: Too many words specified in data file file_fire4_expand3_8.mem
WARNING: Too many words specified in data file file_fire4_expand3_9.mem
WARNING: Too many words specified in data file file_fire4_expand3_10.mem
WARNING: Too many words specified in data file file_fire4_expand3_11.mem
WARNING: Too many words specified in data file file_fire4_expand3_12.mem
WARNING: Too many words specified in data file file_fire4_expand3_13.mem
WARNING: Too many words specified in data file file_fire4_expand3_14.mem
WARNING: Too many words specified in data file file_fire4_expand3_15.mem
WARNING: Too many words specified in data file file_fire4_expand3_16.mem
WARNING: Too many words specified in data file file_fire4_expand3_17.mem
WARNING: Too many words specified in data file file_fire4_expand3_18.mem
WARNING: Too many words specified in data file file_fire4_expand3_19.mem
WARNING: Too many words specified in data file file_fire4_expand3_20.mem
WARNING: Too many words specified in data file file_fire4_expand3_21.mem
WARNING: Too many words specified in data file file_fire4_expand3_22.mem
WARNING: Too many words specified in data file file_fire4_expand3_23.mem
WARNING: Too many words specified in data file file_fire4_expand3_24.mem
WARNING: Too many words specified in data file file_fire4_expand3_25.mem
WARNING: Too many words specified in data file file_fire4_expand3_26.mem
WARNING: Too many words specified in data file file_fire4_expand3_27.mem
WARNING: Too many words specified in data file file_fire4_expand3_28.mem
WARNING: Too many words specified in data file file_fire4_expand3_29.mem
WARNING: Too many words specified in data file file_fire4_expand3_30.mem
WARNING: Too many words specified in data file file_fire4_expand3_31.mem
WARNING: Too many words specified in data file file_fire4_expand3_32.mem
WARNING: Too many words specified in data file file_fire4_expand3_33.mem
WARNING: Too many words specified in data file file_fire4_expand3_34.mem
WARNING: Too many words specified in data file file_fire4_expand3_35.mem
WARNING: Too many words specified in data file file_fire4_expand3_36.mem
WARNING: Too many words specified in data file file_fire4_expand3_37.mem
WARNING: Too many words specified in data file file_fire4_expand3_38.mem
WARNING: Too many words specified in data file file_fire4_expand3_39.mem
WARNING: Too many words specified in data file file_fire4_expand3_40.mem
WARNING: Too many words specified in data file file_fire4_expand3_41.mem
WARNING: Too many words specified in data file file_fire4_expand3_42.mem
WARNING: Too many words specified in data file file_fire4_expand3_43.mem
WARNING: Too many words specified in data file file_fire4_expand3_44.mem
WARNING: Too many words specified in data file file_fire4_expand3_45.mem
WARNING: Too many words specified in data file file_fire4_expand3_46.mem
WARNING: Too many words specified in data file file_fire4_expand3_47.mem
WARNING: Too many words specified in data file file_fire4_expand3_48.mem
WARNING: Too many words specified in data file file_fire4_expand3_49.mem
WARNING: Too many words specified in data file file_fire4_expand3_50.mem
WARNING: Too many words specified in data file file_fire4_expand3_51.mem
WARNING: Too many words specified in data file file_fire4_expand3_52.mem
WARNING: Too many words specified in data file file_fire4_expand3_53.mem
WARNING: Too many words specified in data file file_fire4_expand3_54.mem
WARNING: Too many words specified in data file file_fire4_expand3_55.mem
WARNING: Too many words specified in data file file_fire4_expand3_56.mem
WARNING: Too many words specified in data file file_fire4_expand3_57.mem
WARNING: Too many words specified in data file file_fire4_expand3_58.mem
WARNING: Too many words specified in data file file_fire4_expand3_59.mem
WARNING: Too many words specified in data file file_fire4_expand3_60.mem
WARNING: Too many words specified in data file file_fire4_expand3_61.mem
WARNING: Too many words specified in data file file_fire4_expand3_62.mem
WARNING: Too many words specified in data file file_fire4_expand3_63.mem
WARNING: Too many words specified in data file file_fire4_expand3_64.mem
WARNING: Too many words specified in data file file_fire4_expand3_65.mem
WARNING: Too many words specified in data file file_fire4_expand3_66.mem
WARNING: Too many words specified in data file file_fire4_expand3_67.mem
WARNING: Too many words specified in data file file_fire4_expand3_68.mem
WARNING: Too many words specified in data file file_fire4_expand3_69.mem
WARNING: Too many words specified in data file file_fire4_expand3_70.mem
WARNING: Too many words specified in data file file_fire4_expand3_71.mem
WARNING: Too many words specified in data file file_fire4_expand3_72.mem
WARNING: Too many words specified in data file file_fire4_expand3_73.mem
WARNING: Too many words specified in data file file_fire4_expand3_74.mem
WARNING: Too many words specified in data file file_fire4_expand3_75.mem
WARNING: Too many words specified in data file file_fire4_expand3_76.mem
WARNING: Too many words specified in data file file_fire4_expand3_77.mem
WARNING: Too many words specified in data file file_fire4_expand3_78.mem
WARNING: Too many words specified in data file file_fire4_expand3_79.mem
WARNING: Too many words specified in data file file_fire4_expand3_80.mem
WARNING: Too many words specified in data file file_fire4_expand3_81.mem
WARNING: Too many words specified in data file file_fire4_expand3_82.mem
WARNING: Too many words specified in data file file_fire4_expand3_83.mem
WARNING: Too many words specified in data file file_fire4_expand3_84.mem
WARNING: Too many words specified in data file file_fire4_expand3_85.mem
WARNING: Too many words specified in data file file_fire4_expand3_86.mem
WARNING: Too many words specified in data file file_fire4_expand3_87.mem
WARNING: Too many words specified in data file file_fire4_expand3_88.mem
WARNING: Too many words specified in data file file_fire4_expand3_89.mem
WARNING: Too many words specified in data file file_fire4_expand3_90.mem
WARNING: Too many words specified in data file file_fire4_expand3_91.mem
WARNING: Too many words specified in data file file_fire4_expand3_92.mem
WARNING: Too many words specified in data file file_fire4_expand3_93.mem
WARNING: Too many words specified in data file file_fire4_expand3_94.mem
WARNING: Too many words specified in data file file_fire4_expand3_95.mem
WARNING: Too many words specified in data file file_fire4_expand3_96.mem
WARNING: Too many words specified in data file file_fire4_expand3_97.mem
WARNING: Too many words specified in data file file_fire4_expand3_98.mem
WARNING: Too many words specified in data file file_fire4_expand3_99.mem
WARNING: Too many words specified in data file file_fire4_expand3_100.mem
WARNING: Too many words specified in data file file_fire4_expand3_101.mem
WARNING: Too many words specified in data file file_fire4_expand3_102.mem
WARNING: Too many words specified in data file file_fire4_expand3_103.mem
WARNING: Too many words specified in data file file_fire4_expand3_104.mem
WARNING: Too many words specified in data file file_fire4_expand3_105.mem
WARNING: Too many words specified in data file file_fire4_expand3_106.mem
WARNING: Too many words specified in data file file_fire4_expand3_107.mem
WARNING: Too many words specified in data file file_fire4_expand3_108.mem
WARNING: Too many words specified in data file file_fire4_expand3_109.mem
WARNING: Too many words specified in data file file_fire4_expand3_110.mem
WARNING: Too many words specified in data file file_fire4_expand3_111.mem
WARNING: Too many words specified in data file file_fire4_expand3_112.mem
WARNING: Too many words specified in data file file_fire4_expand3_113.mem
WARNING: Too many words specified in data file file_fire4_expand3_114.mem
WARNING: Too many words specified in data file file_fire4_expand3_115.mem
WARNING: Too many words specified in data file file_fire4_expand3_116.mem
WARNING: Too many words specified in data file file_fire4_expand3_117.mem
WARNING: Too many words specified in data file file_fire4_expand3_118.mem
WARNING: Too many words specified in data file file_fire4_expand3_119.mem
WARNING: Too many words specified in data file file_fire4_expand3_120.mem
WARNING: Too many words specified in data file file_fire4_expand3_121.mem
WARNING: Too many words specified in data file file_fire4_expand3_122.mem
WARNING: Too many words specified in data file file_fire4_expand3_123.mem
WARNING: Too many words specified in data file file_fire4_expand3_124.mem
WARNING: Too many words specified in data file file_fire4_expand3_125.mem
WARNING: Too many words specified in data file file_fire4_expand3_126.mem
WARNING: Too many words specified in data file file_fire4_expand3_127.mem
WARNING: Too many words specified in data file file_fire4_expand3_128.mem
INFO: [USF-XSim-96] XSim completed. Design snapshot 'wrapper_rom_behav' loaded.
INFO: [USF-XSim-97] XSim simulation ran for 1000ns
launch_simulation: Time (s): cpu = 00:00:16 ; elapsed = 00:00:08 . Memory (MB): peak = 8495.207 ; gain = 0.000 ; free physical = 4676 ; free virtual = 8478
add_force {/wrapper_rom/address} -radix hex {30 0ns}
run 1000 ns
add_force {/wrapper_rom/address} -radix unsigned {257 0ns}
run 1000 ns
relaunch_sim
INFO: [Vivado 12-5682] Launching behavioral simulation in '/home/gsaied/Desktop/old_rtl/fire4_expand3/project_1/project_1.sim/sim_1/behav/xsim'
INFO: [SIM-utils-51] Simulation object is 'sim_1'
INFO: [SIM-utils-54] Inspecting design source files for 'wrapper_rom' in fileset 'sim_1'...
INFO: [SIM-utils-43] Exported '/home/gsaied/Desktop/old_rtl/fire4_expand3/project_1/project_1.sim/sim_1/behav/xsim/extend__file_fire4_expand3_127.mem'
INFO: [SIM-utils-43] Exported '/home/gsaied/Desktop/old_rtl/fire4_expand3/project_1/project_1.sim/sim_1/behav/xsim/extend__file_fire4_expand3_3.mem'
INFO: [SIM-utils-43] Exported '/home/gsaied/Desktop/old_rtl/fire4_expand3/project_1/project_1.sim/sim_1/behav/xsim/extend__file_fire4_expand3_40.mem'
INFO: [SIM-utils-43] Exported '/home/gsaied/Desktop/old_rtl/fire4_expand3/project_1/project_1.sim/sim_1/behav/xsim/extend__file_fire4_expand3_67.mem'
INFO: [SIM-utils-43] Exported '/home/gsaied/Desktop/old_rtl/fire4_expand3/project_1/project_1.sim/sim_1/behav/xsim/file_fire4_expand3_79.mem'
INFO: [SIM-utils-43] Exported '/home/gsaied/Desktop/old_rtl/fire4_expand3/project_1/project_1.sim/sim_1/behav/xsim/extend__file_fire4_expand3_49.mem'
INFO: [SIM-utils-43] Exported '/home/gsaied/Desktop/old_rtl/fire4_expand3/project_1/project_1.sim/sim_1/behav/xsim/extend__file_fire4_expand3_24.mem'
INFO: [SIM-utils-43] Exported '/home/gsaied/Desktop/old_rtl/fire4_expand3/project_1/project_1.sim/sim_1/behav/xsim/file_fire4_expand3_60.mem'
INFO: [SIM-utils-43] Exported '/home/gsaied/Desktop/old_rtl/fire4_expand3/project_1/project_1.sim/sim_1/behav/xsim/file_fire4_expand3_36.mem'
INFO: [SIM-utils-43] Exported '/home/gsaied/Desktop/old_rtl/fire4_expand3/project_1/project_1.sim/sim_1/behav/xsim/file_fire4_expand3_70.mem'
INFO: [SIM-utils-43] Exported '/home/gsaied/Desktop/old_rtl/fire4_expand3/project_1/project_1.sim/sim_1/behav/xsim/extend__file_fire4_expand3_102.mem'
INFO: [SIM-utils-43] Exported '/home/gsaied/Desktop/old_rtl/fire4_expand3/project_1/project_1.sim/sim_1/behav/xsim/file_fire4_expand3_69.mem'
INFO: [SIM-utils-43] Exported '/home/gsaied/Desktop/old_rtl/fire4_expand3/project_1/project_1.sim/sim_1/behav/xsim/file_fire4_expand3_26.mem'
INFO: [SIM-utils-43] Exported '/home/gsaied/Desktop/old_rtl/fire4_expand3/project_1/project_1.sim/sim_1/behav/xsim/file_fire4_expand3_44.mem'
INFO: [SIM-utils-43] Exported '/home/gsaied/Desktop/old_rtl/fire4_expand3/project_1/project_1.sim/sim_1/behav/xsim/file_fire4_expand3_111.mem'
INFO: [SIM-utils-43] Exported '/home/gsaied/Desktop/old_rtl/fire4_expand3/project_1/project_1.sim/sim_1/behav/xsim/extend__file_fire4_expand3_83.mem'
INFO: [SIM-utils-43] Exported '/home/gsaied/Desktop/old_rtl/fire4_expand3/project_1/project_1.sim/sim_1/behav/xsim/file_fire4_expand3_87.mem'
INFO: [SIM-utils-43] Exported '/home/gsaied/Desktop/old_rtl/fire4_expand3/project_1/project_1.sim/sim_1/behav/xsim/file_fire4_expand3_59.mem'
INFO: [SIM-utils-43] Exported '/home/gsaied/Desktop/old_rtl/fire4_expand3/project_1/project_1.sim/sim_1/behav/xsim/extend__file_fire4_expand3_39.mem'
INFO: [SIM-utils-43] Exported '/home/gsaied/Desktop/old_rtl/fire4_expand3/project_1/project_1.sim/sim_1/behav/xsim/file_fire4_expand3_16.mem'
INFO: [SIM-utils-43] Exported '/home/gsaied/Desktop/old_rtl/fire4_expand3/project_1/project_1.sim/sim_1/behav/xsim/file_fire4_expand3_93.mem'
INFO: [SIM-utils-43] Exported '/home/gsaied/Desktop/old_rtl/fire4_expand3/project_1/project_1.sim/sim_1/behav/xsim/extend__file_fire4_expand3_73.mem'
INFO: [SIM-utils-43] Exported '/home/gsaied/Desktop/old_rtl/fire4_expand3/project_1/project_1.sim/sim_1/behav/xsim/file_fire4_expand3_101.mem'
INFO: [SIM-utils-43] Exported '/home/gsaied/Desktop/old_rtl/fire4_expand3/project_1/project_1.sim/sim_1/behav/xsim/file_fire4_expand3_32.mem'
INFO: [SIM-utils-43] Exported '/home/gsaied/Desktop/old_rtl/fire4_expand3/project_1/project_1.sim/sim_1/behav/xsim/extend__file_fire4_expand3_30.mem'
INFO: [SIM-utils-43] Exported '/home/gsaied/Desktop/old_rtl/fire4_expand3/project_1/project_1.sim/sim_1/behav/xsim/file_fire4_expand3_1.mem'
INFO: [SIM-utils-43] Exported '/home/gsaied/Desktop/old_rtl/fire4_expand3/project_1/project_1.sim/sim_1/behav/xsim/file_fire4_expand3_75.mem'
INFO: [SIM-utils-43] Exported '/home/gsaied/Desktop/old_rtl/fire4_expand3/project_1/project_1.sim/sim_1/behav/xsim/file_fire4_expand3_64.mem'
INFO: [SIM-utils-43] Exported '/home/gsaied/Desktop/old_rtl/fire4_expand3/project_1/project_1.sim/sim_1/behav/xsim/extend__file_fire4_expand3_107.mem'
INFO: [SIM-utils-43] Exported '/home/gsaied/Desktop/old_rtl/fire4_expand3/project_1/project_1.sim/sim_1/behav/xsim/file_fire4_expand3_50.mem'
INFO: [SIM-utils-43] Exported '/home/gsaied/Desktop/old_rtl/fire4_expand3/project_1/project_1.sim/sim_1/behav/xsim/extend__file_fire4_expand3_55.mem'
INFO: [SIM-utils-43] Exported '/home/gsaied/Desktop/old_rtl/fire4_expand3/project_1/project_1.sim/sim_1/behav/xsim/extend__file_fire4_expand3_112.mem'
INFO: [SIM-utils-43] Exported '/home/gsaied/Desktop/old_rtl/fire4_expand3/project_1/project_1.sim/sim_1/behav/xsim/extend__file_fire4_expand3_12.mem'
INFO: [SIM-utils-43] Exported '/home/gsaied/Desktop/old_rtl/fire4_expand3/project_1/project_1.sim/sim_1/behav/xsim/extend__file_fire4_expand3_98.mem'
INFO: [SIM-utils-43] Exported '/home/gsaied/Desktop/old_rtl/fire4_expand3/project_1/project_1.sim/sim_1/behav/xsim/file_fire4_expand3_126.mem'
INFO: [SIM-utils-43] Exported '/home/gsaied/Desktop/old_rtl/fire4_expand3/project_1/project_1.sim/sim_1/behav/xsim/extend__file_fire4_expand3_28.mem'
INFO: [SIM-utils-43] Exported '/home/gsaied/Desktop/old_rtl/fire4_expand3/project_1/project_1.sim/sim_1/behav/xsim/extend__file_fire4_expand3_8.mem'
INFO: [SIM-utils-43] Exported '/home/gsaied/Desktop/old_rtl/fire4_expand3/project_1/project_1.sim/sim_1/behav/xsim/file_fire4_expand3_116.mem'
INFO: [SIM-utils-43] Exported '/home/gsaied/Desktop/old_rtl/fire4_expand3/project_1/project_1.sim/sim_1/behav/xsim/file_fire4_expand3_65.mem'
INFO: [SIM-utils-43] Exported '/home/gsaied/Desktop/old_rtl/fire4_expand3/project_1/project_1.sim/sim_1/behav/xsim/extend__file_fire4_expand3_45.mem'
INFO: [SIM-utils-43] Exported '/home/gsaied/Desktop/old_rtl/fire4_expand3/project_1/project_1.sim/sim_1/behav/xsim/extend__file_fire4_expand3_88.mem'
INFO: [SIM-utils-43] Exported '/home/gsaied/Desktop/old_rtl/fire4_expand3/project_1/project_1.sim/sim_1/behav/xsim/file_fire4_expand3_22.mem'
INFO: [SIM-utils-43] Exported '/home/gsaied/Desktop/old_rtl/fire4_expand3/project_1/project_1.sim/sim_1/behav/xsim/extend__file_fire4_expand3_106.mem'
INFO: [SIM-utils-43] Exported '/home/gsaied/Desktop/old_rtl/fire4_expand3/project_1/project_1.sim/sim_1/behav/xsim/extend__file_fire4_expand3_62.mem'
INFO: [SIM-utils-43] Exported '/home/gsaied/Desktop/old_rtl/fire4_expand3/project_1/project_1.sim/sim_1/behav/xsim/file_fire4_expand3_82.mem'
INFO: [SIM-utils-43] Exported '/home/gsaied/Desktop/old_rtl/fire4_expand3/project_1/project_1.sim/sim_1/behav/xsim/extend__file_fire4_expand3_113.mem'
INFO: [SIM-utils-43] Exported '/home/gsaied/Desktop/old_rtl/fire4_expand3/project_1/project_1.sim/sim_1/behav/xsim/file_fire4_expand3_6.mem'
INFO: [SIM-utils-43] Exported '/home/gsaied/Desktop/old_rtl/fire4_expand3/project_1/project_1.sim/sim_1/behav/xsim/file_fire4_expand3_48.mem'
INFO: [SIM-utils-43] Exported '/home/gsaied/Desktop/old_rtl/fire4_expand3/project_1/project_1.sim/sim_1/behav/xsim/extend__file_fire4_expand3_123.mem'
INFO: [SIM-utils-43] Exported '/home/gsaied/Desktop/old_rtl/fire4_expand3/project_1/project_1.sim/sim_1/behav/xsim/file_fire4_expand3_11.mem'
INFO: [SIM-utils-43] Exported '/home/gsaied/Desktop/old_rtl/fire4_expand3/project_1/project_1.sim/sim_1/behav/xsim/extend__file_fire4_expand3_34.mem'
INFO: [SIM-utils-43] Exported '/home/gsaied/Desktop/old_rtl/fire4_expand3/project_1/project_1.sim/sim_1/behav/xsim/file_fire4_expand3_122.mem'
INFO: [SIM-utils-43] Exported '/home/gsaied/Desktop/old_rtl/fire4_expand3/project_1/project_1.sim/sim_1/behav/xsim/extend__file_fire4_expand3_94.mem'
INFO: [SIM-utils-43] Exported '/home/gsaied/Desktop/old_rtl/fire4_expand3/project_1/project_1.sim/sim_1/behav/xsim/file_fire4_expand3_71.mem'
INFO: [SIM-utils-43] Exported '/home/gsaied/Desktop/old_rtl/fire4_expand3/project_1/project_1.sim/sim_1/behav/xsim/extend__file_fire4_expand3_77.mem'
INFO: [SIM-utils-43] Exported '/home/gsaied/Desktop/old_rtl/fire4_expand3/project_1/project_1.sim/sim_1/behav/xsim/file_fire4_expand3_105.mem'
INFO: [SIM-utils-43] Exported '/home/gsaied/Desktop/old_rtl/fire4_expand3/project_1/project_1.sim/sim_1/behav/xsim/extend__file_fire4_expand3_51.mem'
INFO: [SIM-utils-43] Exported '/home/gsaied/Desktop/old_rtl/fire4_expand3/project_1/project_1.sim/sim_1/behav/xsim/file_fire4_expand3_54.mem'
INFO: [SIM-utils-43] Exported '/home/gsaied/Desktop/old_rtl/fire4_expand3/project_1/project_1.sim/sim_1/behav/xsim/extend__file_fire4_expand3_117.mem'
INFO: [SIM-utils-43] Exported '/home/gsaied/Desktop/old_rtl/fire4_expand3/project_1/project_1.sim/sim_1/behav/xsim/file_fire4_expand3_97.mem'
INFO: [SIM-utils-43] Exported '/home/gsaied/Desktop/old_rtl/fire4_expand3/project_1/project_1.sim/sim_1/behav/xsim/extend__file_fire4_expand3_17.mem'
INFO: [SIM-utils-43] Exported '/home/gsaied/Desktop/old_rtl/fire4_expand3/project_1/project_1.sim/sim_1/behav/xsim/file_fire4_expand3_37.mem'
INFO: [SIM-utils-43] Exported '/home/gsaied/Desktop/old_rtl/fire4_expand3/project_1/project_1.sim/sim_1/behav/xsim/extend__file_fire4_expand3_15.mem'
INFO: [SIM-utils-43] Exported '/home/gsaied/Desktop/old_rtl/fire4_expand3/project_1/project_1.sim/sim_1/behav/xsim/extend__file_fire4_expand3_23.mem'
INFO: [SIM-utils-43] Exported '/home/gsaied/Desktop/old_rtl/fire4_expand3/project_1/project_1.sim/sim_1/behav/xsim/extend__file_fire4_expand3_82.mem'
INFO: [SIM-utils-43] Exported '/home/gsaied/Desktop/old_rtl/fire4_expand3/project_1/project_1.sim/sim_1/behav/xsim/extend__file_fire4_expand3_58.mem'
INFO: [SIM-utils-43] Exported '/home/gsaied/Desktop/old_rtl/fire4_expand3/project_1/project_1.sim/sim_1/behav/xsim/file_fire4_expand3_110.mem'
INFO: [SIM-utils-43] Exported '/home/gsaied/Desktop/old_rtl/fire4_expand3/project_1/project_1.sim/sim_1/behav/xsim/extend__file_fire4_expand3_128.mem'
INFO: [SIM-utils-43] Exported '/home/gsaied/Desktop/old_rtl/fire4_expand3/project_1/project_1.sim/sim_1/behav/xsim/file_fire4_expand3_53.mem'
INFO: [SIM-utils-43] Exported '/home/gsaied/Desktop/old_rtl/fire4_expand3/project_1/project_1.sim/sim_1/behav/xsim/file_fire4_expand3_10.mem'
INFO: [SIM-utils-43] Exported '/home/gsaied/Desktop/old_rtl/fire4_expand3/project_1/project_1.sim/sim_1/behav/xsim/extend__file_fire4_expand3_4.mem'
INFO: [SIM-utils-43] Exported '/home/gsaied/Desktop/old_rtl/fire4_expand3/project_1/project_1.sim/sim_1/behav/xsim/file_fire4_expand3_17.mem'
INFO: [SIM-utils-43] Exported '/home/gsaied/Desktop/old_rtl/fire4_expand3/project_1/project_1.sim/sim_1/behav/xsim/file_fire4_expand3_96.mem'
INFO: [SIM-utils-43] Exported '/home/gsaied/Desktop/old_rtl/fire4_expand3/project_1/project_1.sim/sim_1/behav/xsim/extend__file_fire4_expand3_101.mem'
INFO: [SIM-utils-43] Exported '/home/gsaied/Desktop/old_rtl/fire4_expand3/project_1/project_1.sim/sim_1/behav/xsim/extend__file_fire4_expand3_66.mem'
INFO: [SIM-utils-43] Exported '/home/gsaied/Desktop/old_rtl/fire4_expand3/project_1/project_1.sim/sim_1/behav/xsim/extend__file_fire4_expand3_74.mem'
INFO: [SIM-utils-43] Exported '/home/gsaied/Desktop/old_rtl/fire4_expand3/project_1/project_1.sim/sim_1/behav/xsim/file_fire4_expand3_102.mem'
INFO: [SIM-utils-43] Exported '/home/gsaied/Desktop/old_rtl/fire4_expand3/project_1/project_1.sim/sim_1/behav/xsim/extend__file_fire4_expand3_31.mem'
INFO: [SIM-utils-43] Exported '/home/gsaied/Desktop/old_rtl/fire4_expand3/project_1/project_1.sim/sim_1/behav/xsim/file_fire4_expand3_61.mem'
INFO: [SIM-utils-43] Exported '/home/gsaied/Desktop/old_rtl/fire4_expand3/project_1/project_1.sim/sim_1/behav/xsim/extend__file_fire4_expand3_108.mem'
INFO: [SIM-utils-43] Exported '/home/gsaied/Desktop/old_rtl/fire4_expand3/project_1/project_1.sim/sim_1/behav/xsim/file_fire4_expand3_76.mem'
INFO: [SIM-utils-43] Exported '/home/gsaied/Desktop/old_rtl/fire4_expand3/project_1/project_1.sim/sim_1/behav/xsim/file_fire4_expand3_29.mem'
INFO: [SIM-utils-43] Exported '/home/gsaied/Desktop/old_rtl/fire4_expand3/project_1/project_1.sim/sim_1/behav/xsim/extend__file_fire4_expand3_86.mem'
INFO: [SIM-utils-43] Exported '/home/gsaied/Desktop/old_rtl/fire4_expand3/project_1/project_1.sim/sim_1/behav/xsim/file_fire4_expand3_114.mem'
INFO: [SIM-utils-43] Exported '/home/gsaied/Desktop/old_rtl/fire4_expand3/project_1/project_1.sim/sim_1/behav/xsim/file_fire4_expand3_92.mem'
INFO: [SIM-utils-43] Exported '/home/gsaied/Desktop/old_rtl/fire4_expand3/project_1/project_1.sim/sim_1/behav/xsim/extend__file_fire4_expand3_124.mem'
INFO: [SIM-utils-43] Exported '/home/gsaied/Desktop/old_rtl/fire4_expand3/project_1/project_1.sim/sim_1/behav/xsim/extend__file_fire4_expand3_43.mem'
INFO: [SIM-utils-43] Exported '/home/gsaied/Desktop/old_rtl/fire4_expand3/project_1/project_1.sim/sim_1/behav/xsim/file_fire4_expand3_88.mem'
INFO: [SIM-utils-43] Exported '/home/gsaied/Desktop/old_rtl/fire4_expand3/project_1/project_1.sim/sim_1/behav/xsim/file_fire4_expand3_45.mem'
INFO: [SIM-utils-43] Exported '/home/gsaied/Desktop/old_rtl/fire4_expand3/project_1/project_1.sim/sim_1/behav/xsim/file_fire4_expand3_109.mem'
INFO: [SIM-utils-43] Exported '/home/gsaied/Desktop/old_rtl/fire4_expand3/project_1/project_1.sim/sim_1/behav/xsim/extend__file_fire4_expand3_38.mem'
INFO: [SIM-utils-43] Exported '/home/gsaied/Desktop/old_rtl/fire4_expand3/project_1/project_1.sim/sim_1/behav/xsim/file_fire4_expand3_81.mem'
INFO: [SIM-utils-43] Exported '/home/gsaied/Desktop/old_rtl/fire4_expand3/project_1/project_1.sim/sim_1/behav/xsim/extend__file_fire4_expand3_11.mem'
INFO: [SIM-utils-43] Exported '/home/gsaied/Desktop/old_rtl/fire4_expand3/project_1/project_1.sim/sim_1/behav/xsim/extend__file_fire4_expand3_90.mem'
INFO: [SIM-utils-43] Exported '/home/gsaied/Desktop/old_rtl/fire4_expand3/project_1/project_1.sim/sim_1/behav/xsim/file_fire4_expand3_33.mem'
INFO: [SIM-utils-43] Exported '/home/gsaied/Desktop/old_rtl/fire4_expand3/project_1/project_1.sim/sim_1/behav/xsim/file_fire4_expand3_7.mem'
INFO: [SIM-utils-43] Exported '/home/gsaied/Desktop/old_rtl/fire4_expand3/project_1/project_1.sim/sim_1/behav/xsim/extend__file_fire4_expand3_105.mem'
INFO: [SIM-utils-43] Exported '/home/gsaied/Desktop/old_rtl/fire4_expand3/project_1/project_1.sim/sim_1/behav/xsim/file_fire4_expand3_57.mem'
INFO: [SIM-utils-43] Exported '/home/gsaied/Desktop/old_rtl/fire4_expand3/project_1/project_1.sim/sim_1/behav/xsim/file_fire4_expand3_14.mem'
INFO: [SIM-utils-43] Exported '/home/gsaied/Desktop/old_rtl/fire4_expand3/project_1/project_1.sim/sim_1/behav/xsim/extend__file_fire4_expand3_54.mem'
INFO: [Common 17-14] Message 'SIM-utils 43' appears 100 times and further instances of the messages will be disabled. Use the Tcl command set_msg_config to change the current settings.
INFO: [USF-XSim-97] Finding global include files...
INFO: [USF-XSim-98] Fetching design files from 'sim_1'...
INFO: [USF-XSim-2] XSim::Compile design
INFO: [USF-XSim-61] Executing 'COMPILE and ANALYZE' step in '/home/gsaied/Desktop/old_rtl/fire4_expand3/project_1/project_1.sim/sim_1/behav/xsim'
xvlog --incr --relax -prj wrapper_rom_vlog.prj
INFO: [VRFC 10-2263] Analyzing SystemVerilog file "/home/gsaied/Desktop/old_rtl/fire4_expand3/rom2_fire4_expand3.sv" into library xil_defaultlib
INFO: [VRFC 10-311] analyzing module rom2_fire4_expand3
INFO: [VRFC 10-2263] Analyzing SystemVerilog file "/home/gsaied/Desktop/old_rtl/fire4_expand3/rom_fire4_expand3.sv" into library xil_defaultlib
INFO: [VRFC 10-311] analyzing module rom_fire4_expand3
INFO: [VRFC 10-2263] Analyzing SystemVerilog file "/home/gsaied/Desktop/old_rtl/fire4_expand3/wrapper_rom.sv" into library xil_defaultlib
INFO: [VRFC 10-311] analyzing module wrapper_rom
INFO: [USF-XSim-69] 'compile' step finished in '1' seconds
INFO: [Vivado 12-5682] Launching behavioral simulation in '/home/gsaied/Desktop/old_rtl/fire4_expand3/project_1/project_1.sim/sim_1/behav/xsim'
INFO: [USF-XSim-3] XSim::Elaborate design
INFO: [USF-XSim-61] Executing 'ELABORATE' step in '/home/gsaied/Desktop/old_rtl/fire4_expand3/project_1/project_1.sim/sim_1/behav/xsim'
Vivado Simulator 2018.3
Copyright 1986-1999, 2001-2018 Xilinx, Inc. All Rights Reserved.
Running: /tools/Xilinx/Vivado/2018.3/bin/unwrapped/lnx64.o/xelab -wto 7a7a64df72984ca58d3813628c11bdd4 --incr --debug typical --relax --mt 8 -L xil_defaultlib -L unisims_ver -L unimacro_ver -L secureip --snapshot wrapper_rom_behav xil_defaultlib.wrapper_rom xil_defaultlib.glbl -log elaborate.log 
Using 8 slave threads.
Starting static elaboration
Completed static elaboration
Starting simulation data flow analysis
WARNING: [XSIM 43-4100] "/home/gsaied/Desktop/old_rtl/fire4_expand3/project_1/project_1.sim/sim_1/behav/xsim/glbl.v" Line 6. Module glbl has a timescale but at least one module in design doesn't have timescale.
Completed simulation data flow analysis
Time Resolution for simulation is 1ps
Compiling module xil_defaultlib.rom_fire4_expand3
Compiling module xil_defaultlib.rom2_fire4_expand3
Compiling module xil_defaultlib.wrapper_rom
Compiling module xil_defaultlib.glbl
Built simulation snapshot wrapper_rom_behav
INFO: [USF-XSim-69] 'elaborate' step finished in '3' seconds
Vivado Simulator 2018.3
Time resolution is 1 ps
WARNING: Too many words specified in data file file_fire4_expand3_1.mem
WARNING: Too many words specified in data file file_fire4_expand3_2.mem
WARNING: Too many words specified in data file file_fire4_expand3_3.mem
WARNING: Too many words specified in data file file_fire4_expand3_4.mem
WARNING: Too many words specified in data file file_fire4_expand3_5.mem
WARNING: Too many words specified in data file file_fire4_expand3_6.mem
WARNING: Too many words specified in data file file_fire4_expand3_7.mem
WARNING: Too many words specified in data file file_fire4_expand3_8.mem
WARNING: Too many words specified in data file file_fire4_expand3_9.mem
WARNING: Too many words specified in data file file_fire4_expand3_10.mem
WARNING: Too many words specified in data file file_fire4_expand3_11.mem
WARNING: Too many words specified in data file file_fire4_expand3_12.mem
WARNING: Too many words specified in data file file_fire4_expand3_13.mem
WARNING: Too many words specified in data file file_fire4_expand3_14.mem
WARNING: Too many words specified in data file file_fire4_expand3_15.mem
WARNING: Too many words specified in data file file_fire4_expand3_16.mem
WARNING: Too many words specified in data file file_fire4_expand3_17.mem
WARNING: Too many words specified in data file file_fire4_expand3_18.mem
WARNING: Too many words specified in data file file_fire4_expand3_19.mem
WARNING: Too many words specified in data file file_fire4_expand3_20.mem
WARNING: Too many words specified in data file file_fire4_expand3_21.mem
WARNING: Too many words specified in data file file_fire4_expand3_22.mem
WARNING: Too many words specified in data file file_fire4_expand3_23.mem
WARNING: Too many words specified in data file file_fire4_expand3_24.mem
WARNING: Too many words specified in data file file_fire4_expand3_25.mem
WARNING: Too many words specified in data file file_fire4_expand3_26.mem
WARNING: Too many words specified in data file file_fire4_expand3_27.mem
WARNING: Too many words specified in data file file_fire4_expand3_28.mem
WARNING: Too many words specified in data file file_fire4_expand3_29.mem
WARNING: Too many words specified in data file file_fire4_expand3_30.mem
WARNING: Too many words specified in data file file_fire4_expand3_31.mem
WARNING: Too many words specified in data file file_fire4_expand3_32.mem
WARNING: Too many words specified in data file file_fire4_expand3_33.mem
WARNING: Too many words specified in data file file_fire4_expand3_34.mem
WARNING: Too many words specified in data file file_fire4_expand3_35.mem
WARNING: Too many words specified in data file file_fire4_expand3_36.mem
WARNING: Too many words specified in data file file_fire4_expand3_37.mem
WARNING: Too many words specified in data file file_fire4_expand3_38.mem
WARNING: Too many words specified in data file file_fire4_expand3_39.mem
WARNING: Too many words specified in data file file_fire4_expand3_40.mem
WARNING: Too many words specified in data file file_fire4_expand3_41.mem
WARNING: Too many words specified in data file file_fire4_expand3_42.mem
WARNING: Too many words specified in data file file_fire4_expand3_43.mem
WARNING: Too many words specified in data file file_fire4_expand3_44.mem
WARNING: Too many words specified in data file file_fire4_expand3_45.mem
WARNING: Too many words specified in data file file_fire4_expand3_46.mem
WARNING: Too many words specified in data file file_fire4_expand3_47.mem
WARNING: Too many words specified in data file file_fire4_expand3_48.mem
WARNING: Too many words specified in data file file_fire4_expand3_49.mem
WARNING: Too many words specified in data file file_fire4_expand3_50.mem
WARNING: Too many words specified in data file file_fire4_expand3_51.mem
WARNING: Too many words specified in data file file_fire4_expand3_52.mem
WARNING: Too many words specified in data file file_fire4_expand3_53.mem
WARNING: Too many words specified in data file file_fire4_expand3_54.mem
WARNING: Too many words specified in data file file_fire4_expand3_55.mem
WARNING: Too many words specified in data file file_fire4_expand3_56.mem
WARNING: Too many words specified in data file file_fire4_expand3_57.mem
WARNING: Too many words specified in data file file_fire4_expand3_58.mem
WARNING: Too many words specified in data file file_fire4_expand3_59.mem
WARNING: Too many words specified in data file file_fire4_expand3_60.mem
WARNING: Too many words specified in data file file_fire4_expand3_61.mem
WARNING: Too many words specified in data file file_fire4_expand3_62.mem
WARNING: Too many words specified in data file file_fire4_expand3_63.mem
WARNING: Too many words specified in data file file_fire4_expand3_64.mem
WARNING: Too many words specified in data file file_fire4_expand3_65.mem
WARNING: Too many words specified in data file file_fire4_expand3_66.mem
WARNING: Too many words specified in data file file_fire4_expand3_67.mem
WARNING: Too many words specified in data file file_fire4_expand3_68.mem
WARNING: Too many words specified in data file file_fire4_expand3_69.mem
WARNING: Too many words specified in data file file_fire4_expand3_70.mem
WARNING: Too many words specified in data file file_fire4_expand3_71.mem
WARNING: Too many words specified in data file file_fire4_expand3_72.mem
WARNING: Too many words specified in data file file_fire4_expand3_73.mem
WARNING: Too many words specified in data file file_fire4_expand3_74.mem
WARNING: Too many words specified in data file file_fire4_expand3_75.mem
WARNING: Too many words specified in data file file_fire4_expand3_76.mem
WARNING: Too many words specified in data file file_fire4_expand3_77.mem
WARNING: Too many words specified in data file file_fire4_expand3_78.mem
WARNING: Too many words specified in data file file_fire4_expand3_79.mem
WARNING: Too many words specified in data file file_fire4_expand3_80.mem
WARNING: Too many words specified in data file file_fire4_expand3_81.mem
WARNING: Too many words specified in data file file_fire4_expand3_82.mem
WARNING: Too many words specified in data file file_fire4_expand3_83.mem
WARNING: Too many words specified in data file file_fire4_expand3_84.mem
WARNING: Too many words specified in data file file_fire4_expand3_85.mem
WARNING: Too many words specified in data file file_fire4_expand3_86.mem
WARNING: Too many words specified in data file file_fire4_expand3_87.mem
WARNING: Too many words specified in data file file_fire4_expand3_88.mem
WARNING: Too many words specified in data file file_fire4_expand3_89.mem
WARNING: Too many words specified in data file file_fire4_expand3_90.mem
WARNING: Too many words specified in data file file_fire4_expand3_91.mem
WARNING: Too many words specified in data file file_fire4_expand3_92.mem
WARNING: Too many words specified in data file file_fire4_expand3_93.mem
WARNING: Too many words specified in data file file_fire4_expand3_94.mem
WARNING: Too many words specified in data file file_fire4_expand3_95.mem
WARNING: Too many words specified in data file file_fire4_expand3_96.mem
WARNING: Too many words specified in data file file_fire4_expand3_97.mem
WARNING: Too many words specified in data file file_fire4_expand3_98.mem
WARNING: Too many words specified in data file file_fire4_expand3_99.mem
WARNING: Too many words specified in data file file_fire4_expand3_100.mem
WARNING: Too many words specified in data file file_fire4_expand3_101.mem
WARNING: Too many words specified in data file file_fire4_expand3_102.mem
WARNING: Too many words specified in data file file_fire4_expand3_103.mem
WARNING: Too many words specified in data file file_fire4_expand3_104.mem
WARNING: Too many words specified in data file file_fire4_expand3_105.mem
WARNING: Too many words specified in data file file_fire4_expand3_106.mem
WARNING: Too many words specified in data file file_fire4_expand3_107.mem
WARNING: Too many words specified in data file file_fire4_expand3_108.mem
WARNING: Too many words specified in data file file_fire4_expand3_109.mem
WARNING: Too many words specified in data file file_fire4_expand3_110.mem
WARNING: Too many words specified in data file file_fire4_expand3_111.mem
WARNING: Too many words specified in data file file_fire4_expand3_112.mem
WARNING: Too many words specified in data file file_fire4_expand3_113.mem
WARNING: Too many words specified in data file file_fire4_expand3_114.mem
WARNING: Too many words specified in data file file_fire4_expand3_115.mem
WARNING: Too many words specified in data file file_fire4_expand3_116.mem
WARNING: Too many words specified in data file file_fire4_expand3_117.mem
WARNING: Too many words specified in data file file_fire4_expand3_118.mem
WARNING: Too many words specified in data file file_fire4_expand3_119.mem
WARNING: Too many words specified in data file file_fire4_expand3_120.mem
WARNING: Too many words specified in data file file_fire4_expand3_121.mem
WARNING: Too many words specified in data file file_fire4_expand3_122.mem
WARNING: Too many words specified in data file file_fire4_expand3_123.mem
WARNING: Too many words specified in data file file_fire4_expand3_124.mem
WARNING: Too many words specified in data file file_fire4_expand3_125.mem
WARNING: Too many words specified in data file file_fire4_expand3_126.mem
WARNING: Too many words specified in data file file_fire4_expand3_127.mem
WARNING: Too many words specified in data file file_fire4_expand3_128.mem
relaunch_sim: Time (s): cpu = 00:00:11 ; elapsed = 00:00:09 . Memory (MB): peak = 8759.758 ; gain = 264.551 ; free physical = 4584 ; free virtual = 8440
add_force {/wrapper_rom/address} -radix unsigned {12 0ns}
run 1000 ns
add_force {/wrapper_rom/address} -radix unsigned {256 0ns}
run 1000 ns
close_sim
INFO: [Simtcl 6-16] Simulation closed
exit
INFO: [Common 17-206] Exiting Vivado at Fri Feb 14 14:24:27 2020...
