Copyright 1986-2018 Xilinx, Inc. All Rights Reserved.
------------------------------------------------------------------------------------
| Tool Version : Vivado v.2018.3 (lin64) Build 2405991 Thu Dec  6 23:36:41 MST 2018
| Date         : Mon Mar 16 14:28:55 2020
| Host         : GCS running 64-bit Ubuntu 18.04.4 LTS
| Command      : report_timing -file post_synth_timing.rpt
| Design       : fire4_5_expand_3
| Device       : 7vx690t-ffg1157
| Speed File   : -3  PRODUCTION 1.11 2014-09-11
------------------------------------------------------------------------------------

Timing Report

Slack (MET) :             0.326ns  (required time - arrival time)
  Source:                 weight_rom_address_reg[0]/C
                            (rising edge-triggered cell FDRE clocked by clk  {rise@0.000ns fall@1.500ns period=3.000ns})
  Destination:            genblk1[62].mac_i/mul_out_reg/B[13]
                            (rising edge-triggered cell DSP48E1 clocked by clk  {rise@0.000ns fall@1.500ns period=3.000ns})
  Path Group:             clk
  Path Type:              Setup (Max at Slow Process Corner)
  Requirement:            3.000ns  (clk rise@3.000ns - clk rise@0.000ns)
  Data Path Delay:        2.338ns  (logic 0.502ns (21.467%)  route 1.836ns (78.533%))
  Logic Levels:           4  (LUT3=1 LUT6=3)
  Clock Path Skew:        -0.025ns (DCD - SCD + CPR)
    Destination Clock Delay (DCD):    0.483ns = ( 3.483 - 3.000 ) 
    Source Clock Delay      (SCD):    0.508ns
    Clock Pessimism Removal (CPR):    0.000ns
  Clock Uncertainty:      0.035ns  ((TSJ^2 + TIJ^2)^1/2 + DJ) / 2 + PE
    Total System Jitter     (TSJ):    0.071ns
    Total Input Jitter      (TIJ):    0.000ns
    Discrete Jitter          (DJ):    0.000ns
    Phase Error              (PE):    0.000ns

    Location             Delay type                Incr(ns)  Path(ns)    Netlist Resource(s)
  -------------------------------------------------------------------    -------------------
                         (clock clk rise edge)        0.000     0.000 r  
                                                      0.000     0.000 r  clk (IN)
                         net (fo=3371, unset)         0.508     0.508    clk
                         FDRE                                         r  weight_rom_address_reg[0]/C
  -------------------------------------------------------------------    -------------------
                         FDRE (Prop_fdre_C_Q)         0.254     0.762 r  weight_rom_address_reg[0]/Q
                         net (fo=15881, unplaced)     0.641     1.403    genblk1[62].mac_i/Q[0]
                         LUT6 (Prop_lut6_I0_O)        0.119     1.522 r  genblk1[62].mac_i/g0_b15__59/O
                         net (fo=3, unplaced)         0.262     1.784    u_3/u1/mul_out_reg_343
                         LUT3 (Prop_lut3_I2_O)        0.043     1.827 r  u_3/u1/p_0_out_inferred__61/mul_out_reg_i_43/O
                         net (fo=1, unplaced)         0.244     2.071    u_3/u1/p_0_out_inferred__61/mul_out_reg_i_43_n_0
                         LUT6 (Prop_lut6_I1_O)        0.043     2.114 f  u_3/u1/mul_out_reg_i_17__10/O
                         net (fo=2, unplaced)         0.255     2.369    u_2/mul_out_reg_160
                         LUT6 (Prop_lut6_I4_O)        0.043     2.412 r  u_2/mul_out_reg_i_2__72/O
                         net (fo=1, unplaced)         0.434     2.846    genblk1[62].mac_i/B[13]
                         DSP48E1                                      r  genblk1[62].mac_i/mul_out_reg/B[13]
  -------------------------------------------------------------------    -------------------

                         (clock clk rise edge)        3.000     3.000 r  
                                                      0.000     3.000 r  clk (IN)
                         net (fo=3371, unset)         0.483     3.483    genblk1[62].mac_i/clk
                         DSP48E1                                      r  genblk1[62].mac_i/mul_out_reg/CLK
                         clock pessimism              0.000     3.483    
                         clock uncertainty           -0.035     3.447    
                         DSP48E1 (Setup_dsp48e1_CLK_B[13])
                                                     -0.275     3.172    genblk1[62].mac_i/mul_out_reg
  -------------------------------------------------------------------
                         required time                          3.172    
                         arrival time                          -2.846    
  -------------------------------------------------------------------
                         slack                                  0.326    




