Copyright 1986-2018 Xilinx, Inc. All Rights Reserved.
------------------------------------------------------------------------------------
| Tool Version : Vivado v.2018.3 (lin64) Build 2405991 Thu Dec  6 23:36:41 MST 2018
| Date         : Fri Feb 28 14:48:36 2020
| Host         : GCS running 64-bit unknown
| Command      : report_utilization -hierarchical -file hier.rpt
| Design       : fire8_expand3
| Device       : 7vx690tffg1157-3
| Design State : Synthesized
------------------------------------------------------------------------------------

Utilization Design Information

Table of Contents
-----------------
1. Utilization by Hierarchy

1. Utilization by Hierarchy
---------------------------

+----------------------+---------+------------+------------+---------+------+------+--------+--------+--------------+
|       Instance       |  Module | Total LUTs | Logic LUTs | LUTRAMs | SRLs |  FFs | RAMB36 | RAMB18 | DSP48 Blocks |
+----------------------+---------+------------+------------+---------+------+------+--------+--------+--------------+
| fire8_expand3        |   (top) |      55577 |      55577 |       0 |    0 | 6693 |      0 |      0 |          256 |
|   (fire8_expand3)    |   (top) |        310 |        310 |       0 |    0 | 6693 |      0 |      0 |            0 |
|   genblk1[0].mac_i   |     mac |        209 |        209 |       0 |    0 |    0 |      0 |      0 |            1 |
|   genblk1[100].mac_i |   mac_0 |        229 |        229 |       0 |    0 |    0 |      0 |      0 |            1 |
|   genblk1[101].mac_i |   mac_1 |        229 |        229 |       0 |    0 |    0 |      0 |      0 |            1 |
|   genblk1[102].mac_i |   mac_2 |        214 |        214 |       0 |    0 |    0 |      0 |      0 |            1 |
|   genblk1[103].mac_i |   mac_3 |        225 |        225 |       0 |    0 |    0 |      0 |      0 |            1 |
|   genblk1[104].mac_i |   mac_4 |        228 |        228 |       0 |    0 |    0 |      0 |      0 |            1 |
|   genblk1[105].mac_i |   mac_5 |        224 |        224 |       0 |    0 |    0 |      0 |      0 |            1 |
|   genblk1[106].mac_i |   mac_6 |        202 |        202 |       0 |    0 |    0 |      0 |      0 |            1 |
|   genblk1[107].mac_i |   mac_7 |        204 |        204 |       0 |    0 |    0 |      0 |      0 |            1 |
|   genblk1[108].mac_i |   mac_8 |        208 |        208 |       0 |    0 |    0 |      0 |      0 |            1 |
|   genblk1[109].mac_i |   mac_9 |        203 |        203 |       0 |    0 |    0 |      0 |      0 |            1 |
|   genblk1[10].mac_i  |  mac_10 |        202 |        202 |       0 |    0 |    0 |      0 |      0 |            1 |
|   genblk1[110].mac_i |  mac_11 |        221 |        221 |       0 |    0 |    0 |      0 |      0 |            1 |
|   genblk1[111].mac_i |  mac_12 |        198 |        198 |       0 |    0 |    0 |      0 |      0 |            1 |
|   genblk1[112].mac_i |  mac_13 |        226 |        226 |       0 |    0 |    0 |      0 |      0 |            1 |
|   genblk1[113].mac_i |  mac_14 |        220 |        220 |       0 |    0 |    0 |      0 |      0 |            1 |
|   genblk1[114].mac_i |  mac_15 |        222 |        222 |       0 |    0 |    0 |      0 |      0 |            1 |
|   genblk1[115].mac_i |  mac_16 |        224 |        224 |       0 |    0 |    0 |      0 |      0 |            1 |
|   genblk1[116].mac_i |  mac_17 |        199 |        199 |       0 |    0 |    0 |      0 |      0 |            1 |
|   genblk1[117].mac_i |  mac_18 |        229 |        229 |       0 |    0 |    0 |      0 |      0 |            1 |
|   genblk1[118].mac_i |  mac_19 |        207 |        207 |       0 |    0 |    0 |      0 |      0 |            1 |
|   genblk1[119].mac_i |  mac_20 |        206 |        206 |       0 |    0 |    0 |      0 |      0 |            1 |
|   genblk1[11].mac_i  |  mac_21 |        232 |        232 |       0 |    0 |    0 |      0 |      0 |            1 |
|   genblk1[120].mac_i |  mac_22 |        203 |        203 |       0 |    0 |    0 |      0 |      0 |            1 |
|   genblk1[121].mac_i |  mac_23 |        216 |        216 |       0 |    0 |    0 |      0 |      0 |            1 |
|   genblk1[122].mac_i |  mac_24 |        228 |        228 |       0 |    0 |    0 |      0 |      0 |            1 |
|   genblk1[123].mac_i |  mac_25 |        222 |        222 |       0 |    0 |    0 |      0 |      0 |            1 |
|   genblk1[124].mac_i |  mac_26 |        219 |        219 |       0 |    0 |    0 |      0 |      0 |            1 |
|   genblk1[125].mac_i |  mac_27 |        228 |        228 |       0 |    0 |    0 |      0 |      0 |            1 |
|   genblk1[126].mac_i |  mac_28 |        227 |        227 |       0 |    0 |    0 |      0 |      0 |            1 |
|   genblk1[127].mac_i |  mac_29 |        230 |        230 |       0 |    0 |    0 |      0 |      0 |            1 |
|   genblk1[128].mac_i |  mac_30 |        213 |        213 |       0 |    0 |    0 |      0 |      0 |            1 |
|   genblk1[129].mac_i |  mac_31 |        201 |        201 |       0 |    0 |    0 |      0 |      0 |            1 |
|   genblk1[12].mac_i  |  mac_32 |        226 |        226 |       0 |    0 |    0 |      0 |      0 |            1 |
|   genblk1[130].mac_i |  mac_33 |        222 |        222 |       0 |    0 |    0 |      0 |      0 |            1 |
|   genblk1[131].mac_i |  mac_34 |        206 |        206 |       0 |    0 |    0 |      0 |      0 |            1 |
|   genblk1[132].mac_i |  mac_35 |        201 |        201 |       0 |    0 |    0 |      0 |      0 |            1 |
|   genblk1[133].mac_i |  mac_36 |        227 |        227 |       0 |    0 |    0 |      0 |      0 |            1 |
|   genblk1[134].mac_i |  mac_37 |        211 |        211 |       0 |    0 |    0 |      0 |      0 |            1 |
|   genblk1[135].mac_i |  mac_38 |        230 |        230 |       0 |    0 |    0 |      0 |      0 |            1 |
|   genblk1[136].mac_i |  mac_39 |        209 |        209 |       0 |    0 |    0 |      0 |      0 |            1 |
|   genblk1[137].mac_i |  mac_40 |        225 |        225 |       0 |    0 |    0 |      0 |      0 |            1 |
|   genblk1[138].mac_i |  mac_41 |        206 |        206 |       0 |    0 |    0 |      0 |      0 |            1 |
|   genblk1[139].mac_i |  mac_42 |        227 |        227 |       0 |    0 |    0 |      0 |      0 |            1 |
|   genblk1[13].mac_i  |  mac_43 |        228 |        228 |       0 |    0 |    0 |      0 |      0 |            1 |
|   genblk1[140].mac_i |  mac_44 |        202 |        202 |       0 |    0 |    0 |      0 |      0 |            1 |
|   genblk1[141].mac_i |  mac_45 |        214 |        214 |       0 |    0 |    0 |      0 |      0 |            1 |
|   genblk1[142].mac_i |  mac_46 |        228 |        228 |       0 |    0 |    0 |      0 |      0 |            1 |
|   genblk1[143].mac_i |  mac_47 |        208 |        208 |       0 |    0 |    0 |      0 |      0 |            1 |
|   genblk1[144].mac_i |  mac_48 |        205 |        205 |       0 |    0 |    0 |      0 |      0 |            1 |
|   genblk1[145].mac_i |  mac_49 |        214 |        214 |       0 |    0 |    0 |      0 |      0 |            1 |
|   genblk1[146].mac_i |  mac_50 |        228 |        228 |       0 |    0 |    0 |      0 |      0 |            1 |
|   genblk1[147].mac_i |  mac_51 |        223 |        223 |       0 |    0 |    0 |      0 |      0 |            1 |
|   genblk1[148].mac_i |  mac_52 |        208 |        208 |       0 |    0 |    0 |      0 |      0 |            1 |
|   genblk1[149].mac_i |  mac_53 |        214 |        214 |       0 |    0 |    0 |      0 |      0 |            1 |
|   genblk1[14].mac_i  |  mac_54 |        218 |        218 |       0 |    0 |    0 |      0 |      0 |            1 |
|   genblk1[150].mac_i |  mac_55 |        226 |        226 |       0 |    0 |    0 |      0 |      0 |            1 |
|   genblk1[151].mac_i |  mac_56 |        204 |        204 |       0 |    0 |    0 |      0 |      0 |            1 |
|   genblk1[152].mac_i |  mac_57 |        228 |        228 |       0 |    0 |    0 |      0 |      0 |            1 |
|   genblk1[153].mac_i |  mac_58 |        235 |        235 |       0 |    0 |    0 |      0 |      0 |            1 |
|   genblk1[154].mac_i |  mac_59 |        225 |        225 |       0 |    0 |    0 |      0 |      0 |            1 |
|   genblk1[155].mac_i |  mac_60 |        202 |        202 |       0 |    0 |    0 |      0 |      0 |            1 |
|   genblk1[156].mac_i |  mac_61 |        206 |        206 |       0 |    0 |    0 |      0 |      0 |            1 |
|   genblk1[157].mac_i |  mac_62 |        230 |        230 |       0 |    0 |    0 |      0 |      0 |            1 |
|   genblk1[158].mac_i |  mac_63 |        228 |        228 |       0 |    0 |    0 |      0 |      0 |            1 |
|   genblk1[159].mac_i |  mac_64 |        235 |        235 |       0 |    0 |    0 |      0 |      0 |            1 |
|   genblk1[15].mac_i  |  mac_65 |        222 |        222 |       0 |    0 |    0 |      0 |      0 |            1 |
|   genblk1[160].mac_i |  mac_66 |        197 |        197 |       0 |    0 |    0 |      0 |      0 |            1 |
|   genblk1[161].mac_i |  mac_67 |        225 |        225 |       0 |    0 |    0 |      0 |      0 |            1 |
|   genblk1[162].mac_i |  mac_68 |        197 |        197 |       0 |    0 |    0 |      0 |      0 |            1 |
|   genblk1[163].mac_i |  mac_69 |        204 |        204 |       0 |    0 |    0 |      0 |      0 |            1 |
|   genblk1[164].mac_i |  mac_70 |        206 |        206 |       0 |    0 |    0 |      0 |      0 |            1 |
|   genblk1[165].mac_i |  mac_71 |        221 |        221 |       0 |    0 |    0 |      0 |      0 |            1 |
|   genblk1[166].mac_i |  mac_72 |        210 |        210 |       0 |    0 |    0 |      0 |      0 |            1 |
|   genblk1[167].mac_i |  mac_73 |        228 |        228 |       0 |    0 |    0 |      0 |      0 |            1 |
|   genblk1[168].mac_i |  mac_74 |        232 |        232 |       0 |    0 |    0 |      0 |      0 |            1 |
|   genblk1[169].mac_i |  mac_75 |        223 |        223 |       0 |    0 |    0 |      0 |      0 |            1 |
|   genblk1[16].mac_i  |  mac_76 |        211 |        211 |       0 |    0 |    0 |      0 |      0 |            1 |
|   genblk1[170].mac_i |  mac_77 |        199 |        199 |       0 |    0 |    0 |      0 |      0 |            1 |
|   genblk1[171].mac_i |  mac_78 |        201 |        201 |       0 |    0 |    0 |      0 |      0 |            1 |
|   genblk1[172].mac_i |  mac_79 |        222 |        222 |       0 |    0 |    0 |      0 |      0 |            1 |
|   genblk1[173].mac_i |  mac_80 |        208 |        208 |       0 |    0 |    0 |      0 |      0 |            1 |
|   genblk1[174].mac_i |  mac_81 |        228 |        228 |       0 |    0 |    0 |      0 |      0 |            1 |
|   genblk1[175].mac_i |  mac_82 |        203 |        203 |       0 |    0 |    0 |      0 |      0 |            1 |
|   genblk1[176].mac_i |  mac_83 |        199 |        199 |       0 |    0 |    0 |      0 |      0 |            1 |
|   genblk1[177].mac_i |  mac_84 |        227 |        227 |       0 |    0 |    0 |      0 |      0 |            1 |
|   genblk1[178].mac_i |  mac_85 |        205 |        205 |       0 |    0 |    0 |      0 |      0 |            1 |
|   genblk1[179].mac_i |  mac_86 |        223 |        223 |       0 |    0 |    0 |      0 |      0 |            1 |
|   genblk1[17].mac_i  |  mac_87 |        232 |        232 |       0 |    0 |    0 |      0 |      0 |            1 |
|   genblk1[180].mac_i |  mac_88 |        203 |        203 |       0 |    0 |    0 |      0 |      0 |            1 |
|   genblk1[181].mac_i |  mac_89 |        226 |        226 |       0 |    0 |    0 |      0 |      0 |            1 |
|   genblk1[182].mac_i |  mac_90 |        209 |        209 |       0 |    0 |    0 |      0 |      0 |            1 |
|   genblk1[183].mac_i |  mac_91 |        200 |        200 |       0 |    0 |    0 |      0 |      0 |            1 |
|   genblk1[184].mac_i |  mac_92 |        227 |        227 |       0 |    0 |    0 |      0 |      0 |            1 |
|   genblk1[185].mac_i |  mac_93 |        203 |        203 |       0 |    0 |    0 |      0 |      0 |            1 |
|   genblk1[186].mac_i |  mac_94 |        202 |        202 |       0 |    0 |    0 |      0 |      0 |            1 |
|   genblk1[187].mac_i |  mac_95 |        205 |        205 |       0 |    0 |    0 |      0 |      0 |            1 |
|   genblk1[188].mac_i |  mac_96 |        202 |        202 |       0 |    0 |    0 |      0 |      0 |            1 |
|   genblk1[189].mac_i |  mac_97 |        223 |        223 |       0 |    0 |    0 |      0 |      0 |            1 |
|   genblk1[18].mac_i  |  mac_98 |        230 |        230 |       0 |    0 |    0 |      0 |      0 |            1 |
|   genblk1[190].mac_i |  mac_99 |        219 |        219 |       0 |    0 |    0 |      0 |      0 |            1 |
|   genblk1[191].mac_i | mac_100 |        205 |        205 |       0 |    0 |    0 |      0 |      0 |            1 |
|   genblk1[192].mac_i | mac_101 |        226 |        226 |       0 |    0 |    0 |      0 |      0 |            1 |
|   genblk1[193].mac_i | mac_102 |        203 |        203 |       0 |    0 |    0 |      0 |      0 |            1 |
|   genblk1[194].mac_i | mac_103 |        227 |        227 |       0 |    0 |    0 |      0 |      0 |            1 |
|   genblk1[195].mac_i | mac_104 |        228 |        228 |       0 |    0 |    0 |      0 |      0 |            1 |
|   genblk1[196].mac_i | mac_105 |        225 |        225 |       0 |    0 |    0 |      0 |      0 |            1 |
|   genblk1[197].mac_i | mac_106 |        226 |        226 |       0 |    0 |    0 |      0 |      0 |            1 |
|   genblk1[198].mac_i | mac_107 |        201 |        201 |       0 |    0 |    0 |      0 |      0 |            1 |
|   genblk1[199].mac_i | mac_108 |        202 |        202 |       0 |    0 |    0 |      0 |      0 |            1 |
|   genblk1[19].mac_i  | mac_109 |        196 |        196 |       0 |    0 |    0 |      0 |      0 |            1 |
|   genblk1[1].mac_i   | mac_110 |        203 |        203 |       0 |    0 |    0 |      0 |      0 |            1 |
|   genblk1[200].mac_i | mac_111 |        215 |        215 |       0 |    0 |    0 |      0 |      0 |            1 |
|   genblk1[201].mac_i | mac_112 |        229 |        229 |       0 |    0 |    0 |      0 |      0 |            1 |
|   genblk1[202].mac_i | mac_113 |        225 |        225 |       0 |    0 |    0 |      0 |      0 |            1 |
|   genblk1[203].mac_i | mac_114 |        201 |        201 |       0 |    0 |    0 |      0 |      0 |            1 |
|   genblk1[204].mac_i | mac_115 |        224 |        224 |       0 |    0 |    0 |      0 |      0 |            1 |
|   genblk1[205].mac_i | mac_116 |        202 |        202 |       0 |    0 |    0 |      0 |      0 |            1 |
|   genblk1[206].mac_i | mac_117 |        204 |        204 |       0 |    0 |    0 |      0 |      0 |            1 |
|   genblk1[207].mac_i | mac_118 |        207 |        207 |       0 |    0 |    0 |      0 |      0 |            1 |
|   genblk1[208].mac_i | mac_119 |        227 |        227 |       0 |    0 |    0 |      0 |      0 |            1 |
|   genblk1[209].mac_i | mac_120 |        203 |        203 |       0 |    0 |    0 |      0 |      0 |            1 |
|   genblk1[20].mac_i  | mac_121 |        222 |        222 |       0 |    0 |    0 |      0 |      0 |            1 |
|   genblk1[210].mac_i | mac_122 |        204 |        204 |       0 |    0 |    0 |      0 |      0 |            1 |
|   genblk1[211].mac_i | mac_123 |        204 |        204 |       0 |    0 |    0 |      0 |      0 |            1 |
|   genblk1[212].mac_i | mac_124 |        200 |        200 |       0 |    0 |    0 |      0 |      0 |            1 |
|   genblk1[213].mac_i | mac_125 |        204 |        204 |       0 |    0 |    0 |      0 |      0 |            1 |
|   genblk1[214].mac_i | mac_126 |        227 |        227 |       0 |    0 |    0 |      0 |      0 |            1 |
|   genblk1[215].mac_i | mac_127 |        211 |        211 |       0 |    0 |    0 |      0 |      0 |            1 |
|   genblk1[216].mac_i | mac_128 |        206 |        206 |       0 |    0 |    0 |      0 |      0 |            1 |
|   genblk1[217].mac_i | mac_129 |        223 |        223 |       0 |    0 |    0 |      0 |      0 |            1 |
|   genblk1[218].mac_i | mac_130 |        204 |        204 |       0 |    0 |    0 |      0 |      0 |            1 |
|   genblk1[219].mac_i | mac_131 |        223 |        223 |       0 |    0 |    0 |      0 |      0 |            1 |
|   genblk1[21].mac_i  | mac_132 |        225 |        225 |       0 |    0 |    0 |      0 |      0 |            1 |
|   genblk1[220].mac_i | mac_133 |        204 |        204 |       0 |    0 |    0 |      0 |      0 |            1 |
|   genblk1[221].mac_i | mac_134 |        230 |        230 |       0 |    0 |    0 |      0 |      0 |            1 |
|   genblk1[222].mac_i | mac_135 |        203 |        203 |       0 |    0 |    0 |      0 |      0 |            1 |
|   genblk1[223].mac_i | mac_136 |        210 |        210 |       0 |    0 |    0 |      0 |      0 |            1 |
|   genblk1[224].mac_i | mac_137 |        230 |        230 |       0 |    0 |    0 |      0 |      0 |            1 |
|   genblk1[225].mac_i | mac_138 |        225 |        225 |       0 |    0 |    0 |      0 |      0 |            1 |
|   genblk1[226].mac_i | mac_139 |        232 |        232 |       0 |    0 |    0 |      0 |      0 |            1 |
|   genblk1[227].mac_i | mac_140 |        210 |        210 |       0 |    0 |    0 |      0 |      0 |            1 |
|   genblk1[228].mac_i | mac_141 |        199 |        199 |       0 |    0 |    0 |      0 |      0 |            1 |
|   genblk1[229].mac_i | mac_142 |        206 |        206 |       0 |    0 |    0 |      0 |      0 |            1 |
|   genblk1[22].mac_i  | mac_143 |        227 |        227 |       0 |    0 |    0 |      0 |      0 |            1 |
|   genblk1[230].mac_i | mac_144 |        232 |        232 |       0 |    0 |    0 |      0 |      0 |            1 |
|   genblk1[231].mac_i | mac_145 |        201 |        201 |       0 |    0 |    0 |      0 |      0 |            1 |
|   genblk1[232].mac_i | mac_146 |        227 |        227 |       0 |    0 |    0 |      0 |      0 |            1 |
|   genblk1[233].mac_i | mac_147 |        233 |        233 |       0 |    0 |    0 |      0 |      0 |            1 |
|   genblk1[234].mac_i | mac_148 |        230 |        230 |       0 |    0 |    0 |      0 |      0 |            1 |
|   genblk1[235].mac_i | mac_149 |        209 |        209 |       0 |    0 |    0 |      0 |      0 |            1 |
|   genblk1[236].mac_i | mac_150 |        220 |        220 |       0 |    0 |    0 |      0 |      0 |            1 |
|   genblk1[237].mac_i | mac_151 |        223 |        223 |       0 |    0 |    0 |      0 |      0 |            1 |
|   genblk1[238].mac_i | mac_152 |        211 |        211 |       0 |    0 |    0 |      0 |      0 |            1 |
|   genblk1[239].mac_i | mac_153 |        208 |        208 |       0 |    0 |    0 |      0 |      0 |            1 |
|   genblk1[23].mac_i  | mac_154 |        203 |        203 |       0 |    0 |    0 |      0 |      0 |            1 |
|   genblk1[240].mac_i | mac_155 |        233 |        233 |       0 |    0 |    0 |      0 |      0 |            1 |
|   genblk1[241].mac_i | mac_156 |        206 |        206 |       0 |    0 |    0 |      0 |      0 |            1 |
|   genblk1[242].mac_i | mac_157 |        205 |        205 |       0 |    0 |    0 |      0 |      0 |            1 |
|   genblk1[243].mac_i | mac_158 |        222 |        222 |       0 |    0 |    0 |      0 |      0 |            1 |
|   genblk1[244].mac_i | mac_159 |        225 |        225 |       0 |    0 |    0 |      0 |      0 |            1 |
|   genblk1[245].mac_i | mac_160 |        237 |        237 |       0 |    0 |    0 |      0 |      0 |            1 |
|   genblk1[246].mac_i | mac_161 |        206 |        206 |       0 |    0 |    0 |      0 |      0 |            1 |
|   genblk1[247].mac_i | mac_162 |        206 |        206 |       0 |    0 |    0 |      0 |      0 |            1 |
|   genblk1[248].mac_i | mac_163 |        233 |        233 |       0 |    0 |    0 |      0 |      0 |            1 |
|   genblk1[249].mac_i | mac_164 |        233 |        233 |       0 |    0 |    0 |      0 |      0 |            1 |
|   genblk1[24].mac_i  | mac_165 |        225 |        225 |       0 |    0 |    0 |      0 |      0 |            1 |
|   genblk1[250].mac_i | mac_166 |        202 |        202 |       0 |    0 |    0 |      0 |      0 |            1 |
|   genblk1[251].mac_i | mac_167 |        222 |        222 |       0 |    0 |    0 |      0 |      0 |            1 |
|   genblk1[252].mac_i | mac_168 |        219 |        219 |       0 |    0 |    0 |      0 |      0 |            1 |
|   genblk1[253].mac_i | mac_169 |        233 |        233 |       0 |    0 |    0 |      0 |      0 |            1 |
|   genblk1[254].mac_i | mac_170 |        219 |        219 |       0 |    0 |    0 |      0 |      0 |            1 |
|   genblk1[255].mac_i | mac_171 |        203 |        203 |       0 |    0 |    0 |      0 |      0 |            1 |
|   genblk1[25].mac_i  | mac_172 |        225 |        225 |       0 |    0 |    0 |      0 |      0 |            1 |
|   genblk1[26].mac_i  | mac_173 |        229 |        229 |       0 |    0 |    0 |      0 |      0 |            1 |
|   genblk1[27].mac_i  | mac_174 |        229 |        229 |       0 |    0 |    0 |      0 |      0 |            1 |
|   genblk1[28].mac_i  | mac_175 |        230 |        230 |       0 |    0 |    0 |      0 |      0 |            1 |
|   genblk1[29].mac_i  | mac_176 |        233 |        233 |       0 |    0 |    0 |      0 |      0 |            1 |
|   genblk1[2].mac_i   | mac_177 |        223 |        223 |       0 |    0 |    0 |      0 |      0 |            1 |
|   genblk1[30].mac_i  | mac_178 |        230 |        230 |       0 |    0 |    0 |      0 |      0 |            1 |
|   genblk1[31].mac_i  | mac_179 |        209 |        209 |       0 |    0 |    0 |      0 |      0 |            1 |
|   genblk1[32].mac_i  | mac_180 |        202 |        202 |       0 |    0 |    0 |      0 |      0 |            1 |
|   genblk1[33].mac_i  | mac_181 |        227 |        227 |       0 |    0 |    0 |      0 |      0 |            1 |
|   genblk1[34].mac_i  | mac_182 |        229 |        229 |       0 |    0 |    0 |      0 |      0 |            1 |
|   genblk1[35].mac_i  | mac_183 |        202 |        202 |       0 |    0 |    0 |      0 |      0 |            1 |
|   genblk1[36].mac_i  | mac_184 |        227 |        227 |       0 |    0 |    0 |      0 |      0 |            1 |
|   genblk1[37].mac_i  | mac_185 |        203 |        203 |       0 |    0 |    0 |      0 |      0 |            1 |
|   genblk1[38].mac_i  | mac_186 |        231 |        231 |       0 |    0 |    0 |      0 |      0 |            1 |
|   genblk1[39].mac_i  | mac_187 |        221 |        221 |       0 |    0 |    0 |      0 |      0 |            1 |
|   genblk1[3].mac_i   | mac_188 |        225 |        225 |       0 |    0 |    0 |      0 |      0 |            1 |
|   genblk1[40].mac_i  | mac_189 |        193 |        193 |       0 |    0 |    0 |      0 |      0 |            1 |
|   genblk1[41].mac_i  | mac_190 |        229 |        229 |       0 |    0 |    0 |      0 |      0 |            1 |
|   genblk1[42].mac_i  | mac_191 |        208 |        208 |       0 |    0 |    0 |      0 |      0 |            1 |
|   genblk1[43].mac_i  | mac_192 |        226 |        226 |       0 |    0 |    0 |      0 |      0 |            1 |
|   genblk1[44].mac_i  | mac_193 |        228 |        228 |       0 |    0 |    0 |      0 |      0 |            1 |
|   genblk1[45].mac_i  | mac_194 |        206 |        206 |       0 |    0 |    0 |      0 |      0 |            1 |
|   genblk1[46].mac_i  | mac_195 |        204 |        204 |       0 |    0 |    0 |      0 |      0 |            1 |
|   genblk1[47].mac_i  | mac_196 |        208 |        208 |       0 |    0 |    0 |      0 |      0 |            1 |
|   genblk1[48].mac_i  | mac_197 |        203 |        203 |       0 |    0 |    0 |      0 |      0 |            1 |
|   genblk1[49].mac_i  | mac_198 |        226 |        226 |       0 |    0 |    0 |      0 |      0 |            1 |
|   genblk1[4].mac_i   | mac_199 |        201 |        201 |       0 |    0 |    0 |      0 |      0 |            1 |
|   genblk1[50].mac_i  | mac_200 |        227 |        227 |       0 |    0 |    0 |      0 |      0 |            1 |
|   genblk1[51].mac_i  | mac_201 |        208 |        208 |       0 |    0 |    0 |      0 |      0 |            1 |
|   genblk1[52].mac_i  | mac_202 |        240 |        240 |       0 |    0 |    0 |      0 |      0 |            1 |
|   genblk1[53].mac_i  | mac_203 |        200 |        200 |       0 |    0 |    0 |      0 |      0 |            1 |
|   genblk1[54].mac_i  | mac_204 |        205 |        205 |       0 |    0 |    0 |      0 |      0 |            1 |
|   genblk1[55].mac_i  | mac_205 |        205 |        205 |       0 |    0 |    0 |      0 |      0 |            1 |
|   genblk1[56].mac_i  | mac_206 |        226 |        226 |       0 |    0 |    0 |      0 |      0 |            1 |
|   genblk1[57].mac_i  | mac_207 |        203 |        203 |       0 |    0 |    0 |      0 |      0 |            1 |
|   genblk1[58].mac_i  | mac_208 |        225 |        225 |       0 |    0 |    0 |      0 |      0 |            1 |
|   genblk1[59].mac_i  | mac_209 |        204 |        204 |       0 |    0 |    0 |      0 |      0 |            1 |
|   genblk1[5].mac_i   | mac_210 |        226 |        226 |       0 |    0 |    0 |      0 |      0 |            1 |
|   genblk1[60].mac_i  | mac_211 |        224 |        224 |       0 |    0 |    0 |      0 |      0 |            1 |
|   genblk1[61].mac_i  | mac_212 |        222 |        222 |       0 |    0 |    0 |      0 |      0 |            1 |
|   genblk1[62].mac_i  | mac_213 |        207 |        207 |       0 |    0 |    0 |      0 |      0 |            1 |
|   genblk1[63].mac_i  | mac_214 |        204 |        204 |       0 |    0 |    0 |      0 |      0 |            1 |
|   genblk1[64].mac_i  | mac_215 |        207 |        207 |       0 |    0 |    0 |      0 |      0 |            1 |
|   genblk1[65].mac_i  | mac_216 |        207 |        207 |       0 |    0 |    0 |      0 |      0 |            1 |
|   genblk1[66].mac_i  | mac_217 |        228 |        228 |       0 |    0 |    0 |      0 |      0 |            1 |
|   genblk1[67].mac_i  | mac_218 |        205 |        205 |       0 |    0 |    0 |      0 |      0 |            1 |
|   genblk1[68].mac_i  | mac_219 |        208 |        208 |       0 |    0 |    0 |      0 |      0 |            1 |
|   genblk1[69].mac_i  | mac_220 |        211 |        211 |       0 |    0 |    0 |      0 |      0 |            1 |
|   genblk1[6].mac_i   | mac_221 |        203 |        203 |       0 |    0 |    0 |      0 |      0 |            1 |
|   genblk1[70].mac_i  | mac_222 |        230 |        230 |       0 |    0 |    0 |      0 |      0 |            1 |
|   genblk1[71].mac_i  | mac_223 |        236 |        236 |       0 |    0 |    0 |      0 |      0 |            1 |
|   genblk1[72].mac_i  | mac_224 |        225 |        225 |       0 |    0 |    0 |      0 |      0 |            1 |
|   genblk1[73].mac_i  | mac_225 |        205 |        205 |       0 |    0 |    0 |      0 |      0 |            1 |
|   genblk1[74].mac_i  | mac_226 |        200 |        200 |       0 |    0 |    0 |      0 |      0 |            1 |
|   genblk1[75].mac_i  | mac_227 |        198 |        198 |       0 |    0 |    0 |      0 |      0 |            1 |
|   genblk1[76].mac_i  | mac_228 |        228 |        228 |       0 |    0 |    0 |      0 |      0 |            1 |
|   genblk1[77].mac_i  | mac_229 |        203 |        203 |       0 |    0 |    0 |      0 |      0 |            1 |
|   genblk1[78].mac_i  | mac_230 |        205 |        205 |       0 |    0 |    0 |      0 |      0 |            1 |
|   genblk1[79].mac_i  | mac_231 |        206 |        206 |       0 |    0 |    0 |      0 |      0 |            1 |
|   genblk1[7].mac_i   | mac_232 |        196 |        196 |       0 |    0 |    0 |      0 |      0 |            1 |
|   genblk1[80].mac_i  | mac_233 |        214 |        214 |       0 |    0 |    0 |      0 |      0 |            1 |
|   genblk1[81].mac_i  | mac_234 |        204 |        204 |       0 |    0 |    0 |      0 |      0 |            1 |
|   genblk1[82].mac_i  | mac_235 |        227 |        227 |       0 |    0 |    0 |      0 |      0 |            1 |
|   genblk1[83].mac_i  | mac_236 |        207 |        207 |       0 |    0 |    0 |      0 |      0 |            1 |
|   genblk1[84].mac_i  | mac_237 |        230 |        230 |       0 |    0 |    0 |      0 |      0 |            1 |
|   genblk1[85].mac_i  | mac_238 |        194 |        194 |       0 |    0 |    0 |      0 |      0 |            1 |
|   genblk1[86].mac_i  | mac_239 |        229 |        229 |       0 |    0 |    0 |      0 |      0 |            1 |
|   genblk1[87].mac_i  | mac_240 |        226 |        226 |       0 |    0 |    0 |      0 |      0 |            1 |
|   genblk1[88].mac_i  | mac_241 |        232 |        232 |       0 |    0 |    0 |      0 |      0 |            1 |
|   genblk1[89].mac_i  | mac_242 |        226 |        226 |       0 |    0 |    0 |      0 |      0 |            1 |
|   genblk1[8].mac_i   | mac_243 |        221 |        221 |       0 |    0 |    0 |      0 |      0 |            1 |
|   genblk1[90].mac_i  | mac_244 |        207 |        207 |       0 |    0 |    0 |      0 |      0 |            1 |
|   genblk1[91].mac_i  | mac_245 |        227 |        227 |       0 |    0 |    0 |      0 |      0 |            1 |
|   genblk1[92].mac_i  | mac_246 |        203 |        203 |       0 |    0 |    0 |      0 |      0 |            1 |
|   genblk1[93].mac_i  | mac_247 |        232 |        232 |       0 |    0 |    0 |      0 |      0 |            1 |
|   genblk1[94].mac_i  | mac_248 |        225 |        225 |       0 |    0 |    0 |      0 |      0 |            1 |
|   genblk1[95].mac_i  | mac_249 |        227 |        227 |       0 |    0 |    0 |      0 |      0 |            1 |
|   genblk1[96].mac_i  | mac_250 |        210 |        210 |       0 |    0 |    0 |      0 |      0 |            1 |
|   genblk1[97].mac_i  | mac_251 |        222 |        222 |       0 |    0 |    0 |      0 |      0 |            1 |
|   genblk1[98].mac_i  | mac_252 |        211 |        211 |       0 |    0 |    0 |      0 |      0 |            1 |
|   genblk1[99].mac_i  | mac_253 |        207 |        207 |       0 |    0 |    0 |      0 |      0 |            1 |
|   genblk1[9].mac_i   | mac_254 |        199 |        199 |       0 |    0 |    0 |      0 |      0 |            1 |
+----------------------+---------+------------+------------+---------+------+------+--------+--------+--------------+


