Vivado Simulator 2018.3
Copyright 1986-1999, 2001-2018 Xilinx, Inc. All Rights Reserved.
Running: /tools/Xilinx/Vivado/2018.3/bin/unwrapped/lnx64.o/xelab -wto 22058cdc8b21485a9f0c4e59b8110270 --incr --debug typical --relax --mt 8 -L xil_defaultlib -L unisims_ver -L unimacro_ver -L secureip --snapshot conv1_tb_behav xil_defaultlib.conv1_tb xil_defaultlib.glbl -log elaborate.log 
Using 8 slave threads.
Starting static elaboration
Completed static elaboration
Starting simulation data flow analysis
WARNING: [XSIM 43-4099] "/home/gsaied/Desktop/old_rtl/first_layer/conv1.sv" Line 10. Module conv1_default doesn't have a timescale but at least one module in design has a timescale.
WARNING: [XSIM 43-4099] "/home/gsaied/Desktop/old_rtl/first_layer/biasing.sv" Line 2. Module biasing_rom doesn't have a timescale but at least one module in design has a timescale.
WARNING: [XSIM 43-4099] "/home/gsaied/Desktop/old_rtl/first_layer/rom.sv" Line 3. Module rom_array_layer_1 doesn't have a timescale but at least one module in design has a timescale.
WARNING: [XSIM 43-4099] "/home/gsaied/Desktop/old_rtl/first_layer/img_rom.sv" Line 1. Module img_rom doesn't have a timescale but at least one module in design has a timescale.
WARNING: [XSIM 43-4099] "/home/gsaied/Desktop/old_rtl/first_layer/mac.sv" Line 1. Module mac doesn't have a timescale but at least one module in design has a timescale.
WARNING: [XSIM 43-4099] "/home/gsaied/Desktop/old_rtl/first_layer/mac.sv" Line 1. Module mac doesn't have a timescale but at least one module in design has a timescale.
WARNING: [XSIM 43-4099] "/home/gsaied/Desktop/old_rtl/first_layer/mac.sv" Line 1. Module mac doesn't have a timescale but at least one module in design has a timescale.
WARNING: [XSIM 43-4099] "/home/gsaied/Desktop/old_rtl/first_layer/mac.sv" Line 1. Module mac doesn't have a timescale but at least one module in design has a timescale.
WARNING: [XSIM 43-4099] "/home/gsaied/Desktop/old_rtl/first_layer/mac.sv" Line 1. Module mac doesn't have a timescale but at least one module in design has a timescale.
WARNING: [XSIM 43-4099] "/home/gsaied/Desktop/old_rtl/first_layer/mac.sv" Line 1. Module mac doesn't have a timescale but at least one module in design has a timescale.
WARNING: [XSIM 43-4099] "/home/gsaied/Desktop/old_rtl/first_layer/mac.sv" Line 1. Module mac doesn't have a timescale but at least one module in design has a timescale.
WARNING: [XSIM 43-4099] "/home/gsaied/Desktop/old_rtl/first_layer/mac.sv" Line 1. Module mac doesn't have a timescale but at least one module in design has a timescale.
WARNING: [XSIM 43-4099] "/home/gsaied/Desktop/old_rtl/first_layer/mac.sv" Line 1. Module mac doesn't have a timescale but at least one module in design has a timescale.
WARNING: [XSIM 43-4099] "/home/gsaied/Desktop/old_rtl/first_layer/mac.sv" Line 1. Module mac doesn't have a timescale but at least one module in design has a timescale.
WARNING: [XSIM 43-4099] "/home/gsaied/Desktop/old_rtl/first_layer/mac.sv" Line 1. Module mac doesn't have a timescale but at least one module in design has a timescale.
WARNING: [XSIM 43-4099] "/home/gsaied/Desktop/old_rtl/first_layer/mac.sv" Line 1. Module mac doesn't have a timescale but at least one module in design has a timescale.
WARNING: [XSIM 43-4099] "/home/gsaied/Desktop/old_rtl/first_layer/mac.sv" Line 1. Module mac doesn't have a timescale but at least one module in design has a timescale.
WARNING: [XSIM 43-4099] "/home/gsaied/Desktop/old_rtl/first_layer/mac.sv" Line 1. Module mac doesn't have a timescale but at least one module in design has a timescale.
WARNING: [XSIM 43-4099] "/home/gsaied/Desktop/old_rtl/first_layer/mac.sv" Line 1. Module mac doesn't have a timescale but at least one module in design has a timescale.
WARNING: [XSIM 43-4099] "/home/gsaied/Desktop/old_rtl/first_layer/mac.sv" Line 1. Module mac doesn't have a timescale but at least one module in design has a timescale.
WARNING: [XSIM 43-4099] "/home/gsaied/Desktop/old_rtl/first_layer/mac.sv" Line 1. Module mac doesn't have a timescale but at least one module in design has a timescale.
WARNING: [XSIM 43-4099] "/home/gsaied/Desktop/old_rtl/first_layer/mac.sv" Line 1. Module mac doesn't have a timescale but at least one module in design has a timescale.
WARNING: [XSIM 43-4099] "/home/gsaied/Desktop/old_rtl/first_layer/mac.sv" Line 1. Module mac doesn't have a timescale but at least one module in design has a timescale.
WARNING: [XSIM 43-4099] "/home/gsaied/Desktop/old_rtl/first_layer/mac.sv" Line 1. Module mac doesn't have a timescale but at least one module in design has a timescale.
WARNING: [XSIM 43-4099] "/home/gsaied/Desktop/old_rtl/first_layer/mac.sv" Line 1. Module mac doesn't have a timescale but at least one module in design has a timescale.
WARNING: [XSIM 43-4099] "/home/gsaied/Desktop/old_rtl/first_layer/mac.sv" Line 1. Module mac doesn't have a timescale but at least one module in design has a timescale.
WARNING: [XSIM 43-4099] "/home/gsaied/Desktop/old_rtl/first_layer/mac.sv" Line 1. Module mac doesn't have a timescale but at least one module in design has a timescale.
WARNING: [XSIM 43-4099] "/home/gsaied/Desktop/old_rtl/first_layer/mac.sv" Line 1. Module mac doesn't have a timescale but at least one module in design has a timescale.
WARNING: [XSIM 43-4099] "/home/gsaied/Desktop/old_rtl/first_layer/mac.sv" Line 1. Module mac doesn't have a timescale but at least one module in design has a timescale.
WARNING: [XSIM 43-4099] "/home/gsaied/Desktop/old_rtl/first_layer/mac.sv" Line 1. Module mac doesn't have a timescale but at least one module in design has a timescale.
WARNING: [XSIM 43-4099] "/home/gsaied/Desktop/old_rtl/first_layer/mac.sv" Line 1. Module mac doesn't have a timescale but at least one module in design has a timescale.
WARNING: [XSIM 43-4099] "/home/gsaied/Desktop/old_rtl/first_layer/mac.sv" Line 1. Module mac doesn't have a timescale but at least one module in design has a timescale.
WARNING: [XSIM 43-4099] "/home/gsaied/Desktop/old_rtl/first_layer/mac.sv" Line 1. Module mac doesn't have a timescale but at least one module in design has a timescale.
WARNING: [XSIM 43-4099] "/home/gsaied/Desktop/old_rtl/first_layer/mac.sv" Line 1. Module mac doesn't have a timescale but at least one module in design has a timescale.
WARNING: [XSIM 43-4099] "/home/gsaied/Desktop/old_rtl/first_layer/mac.sv" Line 1. Module mac doesn't have a timescale but at least one module in design has a timescale.
WARNING: [XSIM 43-4099] "/home/gsaied/Desktop/old_rtl/first_layer/mac.sv" Line 1. Module mac doesn't have a timescale but at least one module in design has a timescale.
WARNING: [XSIM 43-4099] "/home/gsaied/Desktop/old_rtl/first_layer/mac.sv" Line 1. Module mac doesn't have a timescale but at least one module in design has a timescale.
WARNING: [XSIM 43-4099] "/home/gsaied/Desktop/old_rtl/first_layer/mac.sv" Line 1. Module mac doesn't have a timescale but at least one module in design has a timescale.
WARNING: [XSIM 43-4099] "/home/gsaied/Desktop/old_rtl/first_layer/mac.sv" Line 1. Module mac doesn't have a timescale but at least one module in design has a timescale.
WARNING: [XSIM 43-4099] "/home/gsaied/Desktop/old_rtl/first_layer/mac.sv" Line 1. Module mac doesn't have a timescale but at least one module in design has a timescale.
WARNING: [XSIM 43-4099] "/home/gsaied/Desktop/old_rtl/first_layer/mac.sv" Line 1. Module mac doesn't have a timescale but at least one module in design has a timescale.
WARNING: [XSIM 43-4099] "/home/gsaied/Desktop/old_rtl/first_layer/mac.sv" Line 1. Module mac doesn't have a timescale but at least one module in design has a timescale.
WARNING: [XSIM 43-4099] "/home/gsaied/Desktop/old_rtl/first_layer/mac.sv" Line 1. Module mac doesn't have a timescale but at least one module in design has a timescale.
WARNING: [XSIM 43-4099] "/home/gsaied/Desktop/old_rtl/first_layer/mac.sv" Line 1. Module mac doesn't have a timescale but at least one module in design has a timescale.
WARNING: [XSIM 43-4099] "/home/gsaied/Desktop/old_rtl/first_layer/mac.sv" Line 1. Module mac doesn't have a timescale but at least one module in design has a timescale.
WARNING: [XSIM 43-4099] "/home/gsaied/Desktop/old_rtl/first_layer/mac.sv" Line 1. Module mac doesn't have a timescale but at least one module in design has a timescale.
WARNING: [XSIM 43-4099] "/home/gsaied/Desktop/old_rtl/first_layer/mac.sv" Line 1. Module mac doesn't have a timescale but at least one module in design has a timescale.
WARNING: [XSIM 43-4099] "/home/gsaied/Desktop/old_rtl/first_layer/mac.sv" Line 1. Module mac doesn't have a timescale but at least one module in design has a timescale.
WARNING: [XSIM 43-4099] "/home/gsaied/Desktop/old_rtl/first_layer/mac.sv" Line 1. Module mac doesn't have a timescale but at least one module in design has a timescale.
WARNING: [XSIM 43-4099] "/home/gsaied/Desktop/old_rtl/first_layer/mac.sv" Line 1. Module mac doesn't have a timescale but at least one module in design has a timescale.
WARNING: [XSIM 43-4099] "/home/gsaied/Desktop/old_rtl/first_layer/mac.sv" Line 1. Module mac doesn't have a timescale but at least one module in design has a timescale.
WARNING: [XSIM 43-4099] "/home/gsaied/Desktop/old_rtl/first_layer/mac.sv" Line 1. Module mac doesn't have a timescale but at least one module in design has a timescale.
WARNING: [XSIM 43-4099] "/home/gsaied/Desktop/old_rtl/first_layer/mac.sv" Line 1. Module mac doesn't have a timescale but at least one module in design has a timescale.
WARNING: [XSIM 43-4099] "/home/gsaied/Desktop/old_rtl/first_layer/mac.sv" Line 1. Module mac doesn't have a timescale but at least one module in design has a timescale.
WARNING: [XSIM 43-4099] "/home/gsaied/Desktop/old_rtl/first_layer/mac.sv" Line 1. Module mac doesn't have a timescale but at least one module in design has a timescale.
WARNING: [XSIM 43-4099] "/home/gsaied/Desktop/old_rtl/first_layer/mac.sv" Line 1. Module mac doesn't have a timescale but at least one module in design has a timescale.
WARNING: [XSIM 43-4099] "/home/gsaied/Desktop/old_rtl/first_layer/mac.sv" Line 1. Module mac doesn't have a timescale but at least one module in design has a timescale.
WARNING: [XSIM 43-4099] "/home/gsaied/Desktop/old_rtl/first_layer/mac.sv" Line 1. Module mac doesn't have a timescale but at least one module in design has a timescale.
WARNING: [XSIM 43-4099] "/home/gsaied/Desktop/old_rtl/first_layer/mac.sv" Line 1. Module mac doesn't have a timescale but at least one module in design has a timescale.
WARNING: [XSIM 43-4099] "/home/gsaied/Desktop/old_rtl/first_layer/mac.sv" Line 1. Module mac doesn't have a timescale but at least one module in design has a timescale.
WARNING: [XSIM 43-4099] "/home/gsaied/Desktop/old_rtl/first_layer/mac.sv" Line 1. Module mac doesn't have a timescale but at least one module in design has a timescale.
WARNING: [XSIM 43-4099] "/home/gsaied/Desktop/old_rtl/first_layer/mac.sv" Line 1. Module mac doesn't have a timescale but at least one module in design has a timescale.
WARNING: [XSIM 43-4099] "/home/gsaied/Desktop/old_rtl/first_layer/mac.sv" Line 1. Module mac doesn't have a timescale but at least one module in design has a timescale.
WARNING: [XSIM 43-4099] "/home/gsaied/Desktop/old_rtl/first_layer/mac.sv" Line 1. Module mac doesn't have a timescale but at least one module in design has a timescale.
WARNING: [XSIM 43-4099] "/home/gsaied/Desktop/old_rtl/first_layer/mac.sv" Line 1. Module mac doesn't have a timescale but at least one module in design has a timescale.
WARNING: [XSIM 43-4099] "/home/gsaied/Desktop/old_rtl/first_layer/mac.sv" Line 1. Module mac doesn't have a timescale but at least one module in design has a timescale.
WARNING: [XSIM 43-4099] "/home/gsaied/Desktop/old_rtl/first_layer/mac.sv" Line 1. Module mac doesn't have a timescale but at least one module in design has a timescale.
WARNING: [XSIM 43-4099] "/home/gsaied/Desktop/old_rtl/first_layer/mac.sv" Line 1. Module mac doesn't have a timescale but at least one module in design has a timescale.
Completed simulation data flow analysis
Time Resolution for simulation is 1ps
Compiling module xil_defaultlib.biasing_rom
Compiling module xil_defaultlib.rom_array_layer_1
Compiling module xil_defaultlib.img_rom
Compiling module xil_defaultlib.mac
Compiling module xil_defaultlib.conv1_default
Compiling module xil_defaultlib.conv1_tb
Compiling module xil_defaultlib.glbl
Built simulation snapshot conv1_tb_behav
