Copyright 1986-2018 Xilinx, Inc. All Rights Reserved.
------------------------------------------------------------------------------------
| Tool Version : Vivado v.2018.3 (lin64) Build 2405991 Thu Dec  6 23:36:41 MST 2018
| Date         : Sun Mar  1 00:16:39 2020
| Host         : GCS running 64-bit Ubuntu 18.04.4 LTS
| Command      : report_design_analysis -file design.rpt
| Design       : wrapper_image
| Device       : xc7vx690t
------------------------------------------------------------------------------------

Report Design Analysis

Table of Contents
-----------------
1. Setup Path Characteristics 1-1
2. Logic Level Distribution

1. Setup Path Characteristics 1-1
---------------------------------

+---------------------------+-----------------------------------+
|      Characteristics      |              Path #1              |
+---------------------------+-----------------------------------+
| Requirement               |                             0.000 |
| Path Delay                |                             5.166 |
| Logic Delay               | 4.232(82%)                        |
| Net Delay                 | 0.934(18%)                        |
| Clock Skew                |                             0.000 |
| Slack                     |                               inf |
| Clock Relationship        | Safely Timed                      |
| Logic Levels              |                                 5 |
| Routes                    |                                 0 |
| Logical Path              | RAMB36E1 RAMB36E1 LUT3 MUXF7 OBUF |
| Start Point Clock         |                                   |
| End Point Clock           |                                   |
| DSP Block                 | None                              |
| BRAM                      | No DO_REG                         |
| IO Crossings              |                                 0 |
| Config Crossings          |                                 0 |
| SLR Crossings             |                                 0 |
| PBlocks                   |                                 0 |
| High Fanout               |                                99 |
| Dont Touch                |                                 0 |
| Mark Debug                |                                 0 |
| Start Point Pin Primitive | RAMB36E1/CLKARDCLK                |
| End Point Pin Primitive   | image_wrapper_o[0]                |
| Start Point Pin           | o2_reg_0_0/CLKARDCLK              |
| End Point Pin             | image_wrapper_o[0]                |
+---------------------------+-----------------------------------+
* Bounding box calculated as % of dimensions for the target device (620, 1000)


2. Logic Level Distribution
---------------------------

+-----------------+-------------+-----+----+----+
| End Point Clock | Requirement |  1  |  2 |  5 |
+-----------------+-------------+-----+----+----+
| (none)          | 0.000ns     | 952 | 32 | 16 |
+-----------------+-------------+-----+----+----+
* Columns represent the logic levels per end point clock
** Distribution is for top worst 1000 paths


