Copyright 1986-2018 Xilinx, Inc. All Rights Reserved.
------------------------------------------------------------------------------------
| Tool Version : Vivado v.2018.3 (lin64) Build 2405991 Thu Dec  6 23:36:41 MST 2018
| Date         : Sun Mar  1 00:16:38 2020
| Host         : GCS running 64-bit Ubuntu 18.04.4 LTS
| Command      : report_timing -max_paths 50 -file timing.rpt
| Design       : wrapper_image
| Device       : 7vx690t-ffg1157
| Speed File   : -3  PRODUCTION 1.11 2014-09-11
------------------------------------------------------------------------------------

Timing Report

Slack:                    inf
  Source:                 o2_reg_0_0/CLKARDCLK
                            (rising edge-triggered cell RAMB36E1)
  Destination:            image_wrapper_o[0]
                            (output port)
  Path Group:             (none)
  Path Type:              Max at Slow Process Corner
  Data Path Delay:        5.166ns  (logic 4.232ns (81.924%)  route 0.934ns (18.076%))
  Logic Levels:           5  (LUT3=1 MUXF7=1 OBUF=1 RAMB36E1=2)

    Location             Delay type                Incr(ns)  Path(ns)    Netlist Resource(s)
  -------------------------------------------------------------------    -------------------
                         RAMB36E1                     0.000     0.000 r  o2_reg_0_0/CLKARDCLK
                         RAMB36E1 (Prop_ramb36e1_CLKARDCLK_CASCADEOUTA)
                                                      1.915     1.915 r  o2_reg_0_0/CASCADEOUTA
                         net (fo=1, unplaced)         0.065     1.980    o2_reg_0_0_n_0
                         RAMB36E1 (Prop_ramb36e1_CASCADEINA_DOADO[0])
                                                      0.291     2.271 r  o2_reg_1_0/DOADO[0]
                         net (fo=1, unplaced)         0.434     2.705    o2_reg[0]
                         LUT3 (Prop_lut3_I2_O)        0.043     2.748 r  image_wrapper_o_OBUF[0]_inst_i_3/O
                         net (fo=1, unplaced)         0.000     2.748    image_wrapper_o_OBUF[0]_inst_i_3_n_0
                         MUXF7 (Prop_muxf7_I1_O)      0.113     2.861 r  image_wrapper_o_OBUF[0]_inst_i_1/O
                         net (fo=1, unplaced)         0.434     3.296    image_wrapper_o_OBUF[0]
                         OBUF (Prop_obuf_I_O)         1.870     5.166 r  image_wrapper_o_OBUF[0]_inst/O
                         net (fo=0)                   0.000     5.166    image_wrapper_o[0]
                                                                      r  image_wrapper_o[0] (OUT)
  -------------------------------------------------------------------    -------------------

Slack:                    inf
  Source:                 o2_reg_0_10/CLKARDCLK
                            (rising edge-triggered cell RAMB36E1)
  Destination:            image_wrapper_o[10]
                            (output port)
  Path Group:             (none)
  Path Type:              Max at Slow Process Corner
  Data Path Delay:        5.166ns  (logic 4.232ns (81.924%)  route 0.934ns (18.076%))
  Logic Levels:           5  (LUT3=1 MUXF7=1 OBUF=1 RAMB36E1=2)

    Location             Delay type                Incr(ns)  Path(ns)    Netlist Resource(s)
  -------------------------------------------------------------------    -------------------
                         RAMB36E1                     0.000     0.000 r  o2_reg_0_10/CLKARDCLK
                         RAMB36E1 (Prop_ramb36e1_CLKARDCLK_CASCADEOUTA)
                                                      1.915     1.915 r  o2_reg_0_10/CASCADEOUTA
                         net (fo=1, unplaced)         0.065     1.980    o2_reg_0_10_n_0
                         RAMB36E1 (Prop_ramb36e1_CASCADEINA_DOADO[0])
                                                      0.291     2.271 r  o2_reg_1_10/DOADO[0]
                         net (fo=1, unplaced)         0.434     2.705    o2_reg[10]
                         LUT3 (Prop_lut3_I2_O)        0.043     2.748 r  image_wrapper_o_OBUF[10]_inst_i_3/O
                         net (fo=1, unplaced)         0.000     2.748    image_wrapper_o_OBUF[10]_inst_i_3_n_0
                         MUXF7 (Prop_muxf7_I1_O)      0.113     2.861 r  image_wrapper_o_OBUF[10]_inst_i_1/O
                         net (fo=1, unplaced)         0.434     3.296    image_wrapper_o_OBUF[10]
                         OBUF (Prop_obuf_I_O)         1.870     5.166 r  image_wrapper_o_OBUF[10]_inst/O
                         net (fo=0)                   0.000     5.166    image_wrapper_o[10]
                                                                      r  image_wrapper_o[10] (OUT)
  -------------------------------------------------------------------    -------------------

Slack:                    inf
  Source:                 o2_reg_0_11/CLKARDCLK
                            (rising edge-triggered cell RAMB36E1)
  Destination:            image_wrapper_o[11]
                            (output port)
  Path Group:             (none)
  Path Type:              Max at Slow Process Corner
  Data Path Delay:        5.166ns  (logic 4.232ns (81.924%)  route 0.934ns (18.076%))
  Logic Levels:           5  (LUT3=1 MUXF7=1 OBUF=1 RAMB36E1=2)

    Location             Delay type                Incr(ns)  Path(ns)    Netlist Resource(s)
  -------------------------------------------------------------------    -------------------
                         RAMB36E1                     0.000     0.000 r  o2_reg_0_11/CLKARDCLK
                         RAMB36E1 (Prop_ramb36e1_CLKARDCLK_CASCADEOUTA)
                                                      1.915     1.915 r  o2_reg_0_11/CASCADEOUTA
                         net (fo=1, unplaced)         0.065     1.980    o2_reg_0_11_n_0
                         RAMB36E1 (Prop_ramb36e1_CASCADEINA_DOADO[0])
                                                      0.291     2.271 r  o2_reg_1_11/DOADO[0]
                         net (fo=1, unplaced)         0.434     2.705    o2_reg[11]
                         LUT3 (Prop_lut3_I2_O)        0.043     2.748 r  image_wrapper_o_OBUF[11]_inst_i_3/O
                         net (fo=1, unplaced)         0.000     2.748    image_wrapper_o_OBUF[11]_inst_i_3_n_0
                         MUXF7 (Prop_muxf7_I1_O)      0.113     2.861 r  image_wrapper_o_OBUF[11]_inst_i_1/O
                         net (fo=1, unplaced)         0.434     3.296    image_wrapper_o_OBUF[11]
                         OBUF (Prop_obuf_I_O)         1.870     5.166 r  image_wrapper_o_OBUF[11]_inst/O
                         net (fo=0)                   0.000     5.166    image_wrapper_o[11]
                                                                      r  image_wrapper_o[11] (OUT)
  -------------------------------------------------------------------    -------------------

Slack:                    inf
  Source:                 o2_reg_0_12/CLKARDCLK
                            (rising edge-triggered cell RAMB36E1)
  Destination:            image_wrapper_o[12]
                            (output port)
  Path Group:             (none)
  Path Type:              Max at Slow Process Corner
  Data Path Delay:        5.166ns  (logic 4.232ns (81.924%)  route 0.934ns (18.076%))
  Logic Levels:           5  (LUT3=1 MUXF7=1 OBUF=1 RAMB36E1=2)

    Location             Delay type                Incr(ns)  Path(ns)    Netlist Resource(s)
  -------------------------------------------------------------------    -------------------
                         RAMB36E1                     0.000     0.000 r  o2_reg_0_12/CLKARDCLK
                         RAMB36E1 (Prop_ramb36e1_CLKARDCLK_CASCADEOUTA)
                                                      1.915     1.915 r  o2_reg_0_12/CASCADEOUTA
                         net (fo=1, unplaced)         0.065     1.980    o2_reg_0_12_n_0
                         RAMB36E1 (Prop_ramb36e1_CASCADEINA_DOADO[0])
                                                      0.291     2.271 r  o2_reg_1_12/DOADO[0]
                         net (fo=1, unplaced)         0.434     2.705    o2_reg[12]
                         LUT3 (Prop_lut3_I2_O)        0.043     2.748 r  image_wrapper_o_OBUF[12]_inst_i_3/O
                         net (fo=1, unplaced)         0.000     2.748    image_wrapper_o_OBUF[12]_inst_i_3_n_0
                         MUXF7 (Prop_muxf7_I1_O)      0.113     2.861 r  image_wrapper_o_OBUF[12]_inst_i_1/O
                         net (fo=1, unplaced)         0.434     3.296    image_wrapper_o_OBUF[12]
                         OBUF (Prop_obuf_I_O)         1.870     5.166 r  image_wrapper_o_OBUF[12]_inst/O
                         net (fo=0)                   0.000     5.166    image_wrapper_o[12]
                                                                      r  image_wrapper_o[12] (OUT)
  -------------------------------------------------------------------    -------------------

Slack:                    inf
  Source:                 o2_reg_0_13/CLKARDCLK
                            (rising edge-triggered cell RAMB36E1)
  Destination:            image_wrapper_o[13]
                            (output port)
  Path Group:             (none)
  Path Type:              Max at Slow Process Corner
  Data Path Delay:        5.166ns  (logic 4.232ns (81.924%)  route 0.934ns (18.076%))
  Logic Levels:           5  (LUT3=1 MUXF7=1 OBUF=1 RAMB36E1=2)

    Location             Delay type                Incr(ns)  Path(ns)    Netlist Resource(s)
  -------------------------------------------------------------------    -------------------
                         RAMB36E1                     0.000     0.000 r  o2_reg_0_13/CLKARDCLK
                         RAMB36E1 (Prop_ramb36e1_CLKARDCLK_CASCADEOUTA)
                                                      1.915     1.915 r  o2_reg_0_13/CASCADEOUTA
                         net (fo=1, unplaced)         0.065     1.980    o2_reg_0_13_n_0
                         RAMB36E1 (Prop_ramb36e1_CASCADEINA_DOADO[0])
                                                      0.291     2.271 r  o2_reg_1_13/DOADO[0]
                         net (fo=1, unplaced)         0.434     2.705    o2_reg[13]
                         LUT3 (Prop_lut3_I2_O)        0.043     2.748 r  image_wrapper_o_OBUF[13]_inst_i_3/O
                         net (fo=1, unplaced)         0.000     2.748    image_wrapper_o_OBUF[13]_inst_i_3_n_0
                         MUXF7 (Prop_muxf7_I1_O)      0.113     2.861 r  image_wrapper_o_OBUF[13]_inst_i_1/O
                         net (fo=1, unplaced)         0.434     3.296    image_wrapper_o_OBUF[13]
                         OBUF (Prop_obuf_I_O)         1.870     5.166 r  image_wrapper_o_OBUF[13]_inst/O
                         net (fo=0)                   0.000     5.166    image_wrapper_o[13]
                                                                      r  image_wrapper_o[13] (OUT)
  -------------------------------------------------------------------    -------------------

Slack:                    inf
  Source:                 o2_reg_0_14/CLKARDCLK
                            (rising edge-triggered cell RAMB36E1)
  Destination:            image_wrapper_o[14]
                            (output port)
  Path Group:             (none)
  Path Type:              Max at Slow Process Corner
  Data Path Delay:        5.166ns  (logic 4.232ns (81.924%)  route 0.934ns (18.076%))
  Logic Levels:           5  (LUT3=1 MUXF7=1 OBUF=1 RAMB36E1=2)

    Location             Delay type                Incr(ns)  Path(ns)    Netlist Resource(s)
  -------------------------------------------------------------------    -------------------
                         RAMB36E1                     0.000     0.000 r  o2_reg_0_14/CLKARDCLK
                         RAMB36E1 (Prop_ramb36e1_CLKARDCLK_CASCADEOUTA)
                                                      1.915     1.915 r  o2_reg_0_14/CASCADEOUTA
                         net (fo=1, unplaced)         0.065     1.980    o2_reg_0_14_n_0
                         RAMB36E1 (Prop_ramb36e1_CASCADEINA_DOADO[0])
                                                      0.291     2.271 r  o2_reg_1_14/DOADO[0]
                         net (fo=1, unplaced)         0.434     2.705    o2_reg[14]
                         LUT3 (Prop_lut3_I2_O)        0.043     2.748 r  image_wrapper_o_OBUF[14]_inst_i_3/O
                         net (fo=1, unplaced)         0.000     2.748    image_wrapper_o_OBUF[14]_inst_i_3_n_0
                         MUXF7 (Prop_muxf7_I1_O)      0.113     2.861 r  image_wrapper_o_OBUF[14]_inst_i_1/O
                         net (fo=1, unplaced)         0.434     3.296    image_wrapper_o_OBUF[14]
                         OBUF (Prop_obuf_I_O)         1.870     5.166 r  image_wrapper_o_OBUF[14]_inst/O
                         net (fo=0)                   0.000     5.166    image_wrapper_o[14]
                                                                      r  image_wrapper_o[14] (OUT)
  -------------------------------------------------------------------    -------------------

Slack:                    inf
  Source:                 o2_reg_0_15/CLKARDCLK
                            (rising edge-triggered cell RAMB36E1)
  Destination:            image_wrapper_o[15]
                            (output port)
  Path Group:             (none)
  Path Type:              Max at Slow Process Corner
  Data Path Delay:        5.166ns  (logic 4.232ns (81.924%)  route 0.934ns (18.076%))
  Logic Levels:           5  (LUT3=1 MUXF7=1 OBUF=1 RAMB36E1=2)

    Location             Delay type                Incr(ns)  Path(ns)    Netlist Resource(s)
  -------------------------------------------------------------------    -------------------
                         RAMB36E1                     0.000     0.000 r  o2_reg_0_15/CLKARDCLK
                         RAMB36E1 (Prop_ramb36e1_CLKARDCLK_CASCADEOUTA)
                                                      1.915     1.915 r  o2_reg_0_15/CASCADEOUTA
                         net (fo=1, unplaced)         0.065     1.980    o2_reg_0_15_n_0
                         RAMB36E1 (Prop_ramb36e1_CASCADEINA_DOADO[0])
                                                      0.291     2.271 r  o2_reg_1_15/DOADO[0]
                         net (fo=1, unplaced)         0.434     2.705    o2_reg[15]
                         LUT3 (Prop_lut3_I2_O)        0.043     2.748 r  image_wrapper_o_OBUF[15]_inst_i_3/O
                         net (fo=1, unplaced)         0.000     2.748    image_wrapper_o_OBUF[15]_inst_i_3_n_0
                         MUXF7 (Prop_muxf7_I1_O)      0.113     2.861 r  image_wrapper_o_OBUF[15]_inst_i_1/O
                         net (fo=1, unplaced)         0.434     3.296    image_wrapper_o_OBUF[15]
                         OBUF (Prop_obuf_I_O)         1.870     5.166 r  image_wrapper_o_OBUF[15]_inst/O
                         net (fo=0)                   0.000     5.166    image_wrapper_o[15]
                                                                      r  image_wrapper_o[15] (OUT)
  -------------------------------------------------------------------    -------------------

Slack:                    inf
  Source:                 o2_reg_0_1/CLKARDCLK
                            (rising edge-triggered cell RAMB36E1)
  Destination:            image_wrapper_o[1]
                            (output port)
  Path Group:             (none)
  Path Type:              Max at Slow Process Corner
  Data Path Delay:        5.166ns  (logic 4.232ns (81.924%)  route 0.934ns (18.076%))
  Logic Levels:           5  (LUT3=1 MUXF7=1 OBUF=1 RAMB36E1=2)

    Location             Delay type                Incr(ns)  Path(ns)    Netlist Resource(s)
  -------------------------------------------------------------------    -------------------
                         RAMB36E1                     0.000     0.000 r  o2_reg_0_1/CLKARDCLK
                         RAMB36E1 (Prop_ramb36e1_CLKARDCLK_CASCADEOUTA)
                                                      1.915     1.915 r  o2_reg_0_1/CASCADEOUTA
                         net (fo=1, unplaced)         0.065     1.980    o2_reg_0_1_n_0
                         RAMB36E1 (Prop_ramb36e1_CASCADEINA_DOADO[0])
                                                      0.291     2.271 r  o2_reg_1_1/DOADO[0]
                         net (fo=1, unplaced)         0.434     2.705    o2_reg[1]
                         LUT3 (Prop_lut3_I2_O)        0.043     2.748 r  image_wrapper_o_OBUF[1]_inst_i_3/O
                         net (fo=1, unplaced)         0.000     2.748    image_wrapper_o_OBUF[1]_inst_i_3_n_0
                         MUXF7 (Prop_muxf7_I1_O)      0.113     2.861 r  image_wrapper_o_OBUF[1]_inst_i_1/O
                         net (fo=1, unplaced)         0.434     3.296    image_wrapper_o_OBUF[1]
                         OBUF (Prop_obuf_I_O)         1.870     5.166 r  image_wrapper_o_OBUF[1]_inst/O
                         net (fo=0)                   0.000     5.166    image_wrapper_o[1]
                                                                      r  image_wrapper_o[1] (OUT)
  -------------------------------------------------------------------    -------------------

Slack:                    inf
  Source:                 o2_reg_0_2/CLKARDCLK
                            (rising edge-triggered cell RAMB36E1)
  Destination:            image_wrapper_o[2]
                            (output port)
  Path Group:             (none)
  Path Type:              Max at Slow Process Corner
  Data Path Delay:        5.166ns  (logic 4.232ns (81.924%)  route 0.934ns (18.076%))
  Logic Levels:           5  (LUT3=1 MUXF7=1 OBUF=1 RAMB36E1=2)

    Location             Delay type                Incr(ns)  Path(ns)    Netlist Resource(s)
  -------------------------------------------------------------------    -------------------
                         RAMB36E1                     0.000     0.000 r  o2_reg_0_2/CLKARDCLK
                         RAMB36E1 (Prop_ramb36e1_CLKARDCLK_CASCADEOUTA)
                                                      1.915     1.915 r  o2_reg_0_2/CASCADEOUTA
                         net (fo=1, unplaced)         0.065     1.980    o2_reg_0_2_n_0
                         RAMB36E1 (Prop_ramb36e1_CASCADEINA_DOADO[0])
                                                      0.291     2.271 r  o2_reg_1_2/DOADO[0]
                         net (fo=1, unplaced)         0.434     2.705    o2_reg[2]
                         LUT3 (Prop_lut3_I2_O)        0.043     2.748 r  image_wrapper_o_OBUF[2]_inst_i_3/O
                         net (fo=1, unplaced)         0.000     2.748    image_wrapper_o_OBUF[2]_inst_i_3_n_0
                         MUXF7 (Prop_muxf7_I1_O)      0.113     2.861 r  image_wrapper_o_OBUF[2]_inst_i_1/O
                         net (fo=1, unplaced)         0.434     3.296    image_wrapper_o_OBUF[2]
                         OBUF (Prop_obuf_I_O)         1.870     5.166 r  image_wrapper_o_OBUF[2]_inst/O
                         net (fo=0)                   0.000     5.166    image_wrapper_o[2]
                                                                      r  image_wrapper_o[2] (OUT)
  -------------------------------------------------------------------    -------------------

Slack:                    inf
  Source:                 o2_reg_0_3/CLKARDCLK
                            (rising edge-triggered cell RAMB36E1)
  Destination:            image_wrapper_o[3]
                            (output port)
  Path Group:             (none)
  Path Type:              Max at Slow Process Corner
  Data Path Delay:        5.166ns  (logic 4.232ns (81.924%)  route 0.934ns (18.076%))
  Logic Levels:           5  (LUT3=1 MUXF7=1 OBUF=1 RAMB36E1=2)

    Location             Delay type                Incr(ns)  Path(ns)    Netlist Resource(s)
  -------------------------------------------------------------------    -------------------
                         RAMB36E1                     0.000     0.000 r  o2_reg_0_3/CLKARDCLK
                         RAMB36E1 (Prop_ramb36e1_CLKARDCLK_CASCADEOUTA)
                                                      1.915     1.915 r  o2_reg_0_3/CASCADEOUTA
                         net (fo=1, unplaced)         0.065     1.980    o2_reg_0_3_n_0
                         RAMB36E1 (Prop_ramb36e1_CASCADEINA_DOADO[0])
                                                      0.291     2.271 r  o2_reg_1_3/DOADO[0]
                         net (fo=1, unplaced)         0.434     2.705    o2_reg[3]
                         LUT3 (Prop_lut3_I2_O)        0.043     2.748 r  image_wrapper_o_OBUF[3]_inst_i_3/O
                         net (fo=1, unplaced)         0.000     2.748    image_wrapper_o_OBUF[3]_inst_i_3_n_0
                         MUXF7 (Prop_muxf7_I1_O)      0.113     2.861 r  image_wrapper_o_OBUF[3]_inst_i_1/O
                         net (fo=1, unplaced)         0.434     3.296    image_wrapper_o_OBUF[3]
                         OBUF (Prop_obuf_I_O)         1.870     5.166 r  image_wrapper_o_OBUF[3]_inst/O
                         net (fo=0)                   0.000     5.166    image_wrapper_o[3]
                                                                      r  image_wrapper_o[3] (OUT)
  -------------------------------------------------------------------    -------------------

Slack:                    inf
  Source:                 o2_reg_0_4/CLKARDCLK
                            (rising edge-triggered cell RAMB36E1)
  Destination:            image_wrapper_o[4]
                            (output port)
  Path Group:             (none)
  Path Type:              Max at Slow Process Corner
  Data Path Delay:        5.166ns  (logic 4.232ns (81.924%)  route 0.934ns (18.076%))
  Logic Levels:           5  (LUT3=1 MUXF7=1 OBUF=1 RAMB36E1=2)

    Location             Delay type                Incr(ns)  Path(ns)    Netlist Resource(s)
  -------------------------------------------------------------------    -------------------
                         RAMB36E1                     0.000     0.000 r  o2_reg_0_4/CLKARDCLK
                         RAMB36E1 (Prop_ramb36e1_CLKARDCLK_CASCADEOUTA)
                                                      1.915     1.915 r  o2_reg_0_4/CASCADEOUTA
                         net (fo=1, unplaced)         0.065     1.980    o2_reg_0_4_n_0
                         RAMB36E1 (Prop_ramb36e1_CASCADEINA_DOADO[0])
                                                      0.291     2.271 r  o2_reg_1_4/DOADO[0]
                         net (fo=1, unplaced)         0.434     2.705    o2_reg[4]
                         LUT3 (Prop_lut3_I2_O)        0.043     2.748 r  image_wrapper_o_OBUF[4]_inst_i_3/O
                         net (fo=1, unplaced)         0.000     2.748    image_wrapper_o_OBUF[4]_inst_i_3_n_0
                         MUXF7 (Prop_muxf7_I1_O)      0.113     2.861 r  image_wrapper_o_OBUF[4]_inst_i_1/O
                         net (fo=1, unplaced)         0.434     3.296    image_wrapper_o_OBUF[4]
                         OBUF (Prop_obuf_I_O)         1.870     5.166 r  image_wrapper_o_OBUF[4]_inst/O
                         net (fo=0)                   0.000     5.166    image_wrapper_o[4]
                                                                      r  image_wrapper_o[4] (OUT)
  -------------------------------------------------------------------    -------------------

Slack:                    inf
  Source:                 o2_reg_0_5/CLKARDCLK
                            (rising edge-triggered cell RAMB36E1)
  Destination:            image_wrapper_o[5]
                            (output port)
  Path Group:             (none)
  Path Type:              Max at Slow Process Corner
  Data Path Delay:        5.166ns  (logic 4.232ns (81.924%)  route 0.934ns (18.076%))
  Logic Levels:           5  (LUT3=1 MUXF7=1 OBUF=1 RAMB36E1=2)

    Location             Delay type                Incr(ns)  Path(ns)    Netlist Resource(s)
  -------------------------------------------------------------------    -------------------
                         RAMB36E1                     0.000     0.000 r  o2_reg_0_5/CLKARDCLK
                         RAMB36E1 (Prop_ramb36e1_CLKARDCLK_CASCADEOUTA)
                                                      1.915     1.915 r  o2_reg_0_5/CASCADEOUTA
                         net (fo=1, unplaced)         0.065     1.980    o2_reg_0_5_n_0
                         RAMB36E1 (Prop_ramb36e1_CASCADEINA_DOADO[0])
                                                      0.291     2.271 r  o2_reg_1_5/DOADO[0]
                         net (fo=1, unplaced)         0.434     2.705    o2_reg[5]
                         LUT3 (Prop_lut3_I2_O)        0.043     2.748 r  image_wrapper_o_OBUF[5]_inst_i_3/O
                         net (fo=1, unplaced)         0.000     2.748    image_wrapper_o_OBUF[5]_inst_i_3_n_0
                         MUXF7 (Prop_muxf7_I1_O)      0.113     2.861 r  image_wrapper_o_OBUF[5]_inst_i_1/O
                         net (fo=1, unplaced)         0.434     3.296    image_wrapper_o_OBUF[5]
                         OBUF (Prop_obuf_I_O)         1.870     5.166 r  image_wrapper_o_OBUF[5]_inst/O
                         net (fo=0)                   0.000     5.166    image_wrapper_o[5]
                                                                      r  image_wrapper_o[5] (OUT)
  -------------------------------------------------------------------    -------------------

Slack:                    inf
  Source:                 o2_reg_0_6/CLKARDCLK
                            (rising edge-triggered cell RAMB36E1)
  Destination:            image_wrapper_o[6]
                            (output port)
  Path Group:             (none)
  Path Type:              Max at Slow Process Corner
  Data Path Delay:        5.166ns  (logic 4.232ns (81.924%)  route 0.934ns (18.076%))
  Logic Levels:           5  (LUT3=1 MUXF7=1 OBUF=1 RAMB36E1=2)

    Location             Delay type                Incr(ns)  Path(ns)    Netlist Resource(s)
  -------------------------------------------------------------------    -------------------
                         RAMB36E1                     0.000     0.000 r  o2_reg_0_6/CLKARDCLK
                         RAMB36E1 (Prop_ramb36e1_CLKARDCLK_CASCADEOUTA)
                                                      1.915     1.915 r  o2_reg_0_6/CASCADEOUTA
                         net (fo=1, unplaced)         0.065     1.980    o2_reg_0_6_n_0
                         RAMB36E1 (Prop_ramb36e1_CASCADEINA_DOADO[0])
                                                      0.291     2.271 r  o2_reg_1_6/DOADO[0]
                         net (fo=1, unplaced)         0.434     2.705    o2_reg[6]
                         LUT3 (Prop_lut3_I2_O)        0.043     2.748 r  image_wrapper_o_OBUF[6]_inst_i_3/O
                         net (fo=1, unplaced)         0.000     2.748    image_wrapper_o_OBUF[6]_inst_i_3_n_0
                         MUXF7 (Prop_muxf7_I1_O)      0.113     2.861 r  image_wrapper_o_OBUF[6]_inst_i_1/O
                         net (fo=1, unplaced)         0.434     3.296    image_wrapper_o_OBUF[6]
                         OBUF (Prop_obuf_I_O)         1.870     5.166 r  image_wrapper_o_OBUF[6]_inst/O
                         net (fo=0)                   0.000     5.166    image_wrapper_o[6]
                                                                      r  image_wrapper_o[6] (OUT)
  -------------------------------------------------------------------    -------------------

Slack:                    inf
  Source:                 o2_reg_0_7/CLKARDCLK
                            (rising edge-triggered cell RAMB36E1)
  Destination:            image_wrapper_o[7]
                            (output port)
  Path Group:             (none)
  Path Type:              Max at Slow Process Corner
  Data Path Delay:        5.166ns  (logic 4.232ns (81.924%)  route 0.934ns (18.076%))
  Logic Levels:           5  (LUT3=1 MUXF7=1 OBUF=1 RAMB36E1=2)

    Location             Delay type                Incr(ns)  Path(ns)    Netlist Resource(s)
  -------------------------------------------------------------------    -------------------
                         RAMB36E1                     0.000     0.000 r  o2_reg_0_7/CLKARDCLK
                         RAMB36E1 (Prop_ramb36e1_CLKARDCLK_CASCADEOUTA)
                                                      1.915     1.915 r  o2_reg_0_7/CASCADEOUTA
                         net (fo=1, unplaced)         0.065     1.980    o2_reg_0_7_n_0
                         RAMB36E1 (Prop_ramb36e1_CASCADEINA_DOADO[0])
                                                      0.291     2.271 r  o2_reg_1_7/DOADO[0]
                         net (fo=1, unplaced)         0.434     2.705    o2_reg[7]
                         LUT3 (Prop_lut3_I2_O)        0.043     2.748 r  image_wrapper_o_OBUF[7]_inst_i_3/O
                         net (fo=1, unplaced)         0.000     2.748    image_wrapper_o_OBUF[7]_inst_i_3_n_0
                         MUXF7 (Prop_muxf7_I1_O)      0.113     2.861 r  image_wrapper_o_OBUF[7]_inst_i_1/O
                         net (fo=1, unplaced)         0.434     3.296    image_wrapper_o_OBUF[7]
                         OBUF (Prop_obuf_I_O)         1.870     5.166 r  image_wrapper_o_OBUF[7]_inst/O
                         net (fo=0)                   0.000     5.166    image_wrapper_o[7]
                                                                      r  image_wrapper_o[7] (OUT)
  -------------------------------------------------------------------    -------------------

Slack:                    inf
  Source:                 o2_reg_0_8/CLKARDCLK
                            (rising edge-triggered cell RAMB36E1)
  Destination:            image_wrapper_o[8]
                            (output port)
  Path Group:             (none)
  Path Type:              Max at Slow Process Corner
  Data Path Delay:        5.166ns  (logic 4.232ns (81.924%)  route 0.934ns (18.076%))
  Logic Levels:           5  (LUT3=1 MUXF7=1 OBUF=1 RAMB36E1=2)

    Location             Delay type                Incr(ns)  Path(ns)    Netlist Resource(s)
  -------------------------------------------------------------------    -------------------
                         RAMB36E1                     0.000     0.000 r  o2_reg_0_8/CLKARDCLK
                         RAMB36E1 (Prop_ramb36e1_CLKARDCLK_CASCADEOUTA)
                                                      1.915     1.915 r  o2_reg_0_8/CASCADEOUTA
                         net (fo=1, unplaced)         0.065     1.980    o2_reg_0_8_n_0
                         RAMB36E1 (Prop_ramb36e1_CASCADEINA_DOADO[0])
                                                      0.291     2.271 r  o2_reg_1_8/DOADO[0]
                         net (fo=1, unplaced)         0.434     2.705    o2_reg[8]
                         LUT3 (Prop_lut3_I2_O)        0.043     2.748 r  image_wrapper_o_OBUF[8]_inst_i_3/O
                         net (fo=1, unplaced)         0.000     2.748    image_wrapper_o_OBUF[8]_inst_i_3_n_0
                         MUXF7 (Prop_muxf7_I1_O)      0.113     2.861 r  image_wrapper_o_OBUF[8]_inst_i_1/O
                         net (fo=1, unplaced)         0.434     3.296    image_wrapper_o_OBUF[8]
                         OBUF (Prop_obuf_I_O)         1.870     5.166 r  image_wrapper_o_OBUF[8]_inst/O
                         net (fo=0)                   0.000     5.166    image_wrapper_o[8]
                                                                      r  image_wrapper_o[8] (OUT)
  -------------------------------------------------------------------    -------------------

Slack:                    inf
  Source:                 o2_reg_0_9/CLKARDCLK
                            (rising edge-triggered cell RAMB36E1)
  Destination:            image_wrapper_o[9]
                            (output port)
  Path Group:             (none)
  Path Type:              Max at Slow Process Corner
  Data Path Delay:        5.166ns  (logic 4.232ns (81.924%)  route 0.934ns (18.076%))
  Logic Levels:           5  (LUT3=1 MUXF7=1 OBUF=1 RAMB36E1=2)

    Location             Delay type                Incr(ns)  Path(ns)    Netlist Resource(s)
  -------------------------------------------------------------------    -------------------
                         RAMB36E1                     0.000     0.000 r  o2_reg_0_9/CLKARDCLK
                         RAMB36E1 (Prop_ramb36e1_CLKARDCLK_CASCADEOUTA)
                                                      1.915     1.915 r  o2_reg_0_9/CASCADEOUTA
                         net (fo=1, unplaced)         0.065     1.980    o2_reg_0_9_n_0
                         RAMB36E1 (Prop_ramb36e1_CASCADEINA_DOADO[0])
                                                      0.291     2.271 r  o2_reg_1_9/DOADO[0]
                         net (fo=1, unplaced)         0.434     2.705    o2_reg[9]
                         LUT3 (Prop_lut3_I2_O)        0.043     2.748 r  image_wrapper_o_OBUF[9]_inst_i_3/O
                         net (fo=1, unplaced)         0.000     2.748    image_wrapper_o_OBUF[9]_inst_i_3_n_0
                         MUXF7 (Prop_muxf7_I1_O)      0.113     2.861 r  image_wrapper_o_OBUF[9]_inst_i_1/O
                         net (fo=1, unplaced)         0.434     3.296    image_wrapper_o_OBUF[9]
                         OBUF (Prop_obuf_I_O)         1.870     5.166 r  image_wrapper_o_OBUF[9]_inst/O
                         net (fo=0)                   0.000     5.166    image_wrapper_o[9]
                                                                      r  image_wrapper_o[9] (OUT)
  -------------------------------------------------------------------    -------------------

Slack:                    inf
  Source:                 address[16]
                            (input port)
  Destination:            o1_reg_0_0/ENARDEN
  Path Group:             (none)
  Path Type:              Max at Slow Process Corner
  Data Path Delay:        1.470ns  (logic 0.601ns (40.908%)  route 0.869ns (59.092%))
  Logic Levels:           2  (IBUF=1 LUT1=1)

    Location             Delay type                Incr(ns)  Path(ns)    Netlist Resource(s)
  -------------------------------------------------------------------    -------------------
                                                      0.000     0.000 f  address[16] (IN)
                         net (fo=0)                   0.000     0.000    address[16]
                         IBUF (Prop_ibuf_I_O)         0.558     0.558 f  address_IBUF[16]_inst/O
                         net (fo=51, unplaced)        0.434     0.993    address_IBUF[16]
                         LUT1 (Prop_lut1_I0_O)        0.043     1.036 r  o1_reg_0_0_i_1/O
                         net (fo=22, unplaced)        0.434     1.470    o1_reg_0_0_i_1_n_0
                         RAMB36E1                                     r  o1_reg_0_0/ENARDEN
  -------------------------------------------------------------------    -------------------

Slack:                    inf
  Source:                 address[16]
                            (input port)
  Destination:            o1_reg_0_1/ENARDEN
  Path Group:             (none)
  Path Type:              Max at Slow Process Corner
  Data Path Delay:        1.470ns  (logic 0.601ns (40.908%)  route 0.869ns (59.092%))
  Logic Levels:           2  (IBUF=1 LUT1=1)

    Location             Delay type                Incr(ns)  Path(ns)    Netlist Resource(s)
  -------------------------------------------------------------------    -------------------
                                                      0.000     0.000 f  address[16] (IN)
                         net (fo=0)                   0.000     0.000    address[16]
                         IBUF (Prop_ibuf_I_O)         0.558     0.558 f  address_IBUF[16]_inst/O
                         net (fo=51, unplaced)        0.434     0.993    address_IBUF[16]
                         LUT1 (Prop_lut1_I0_O)        0.043     1.036 r  o1_reg_0_0_i_1/O
                         net (fo=22, unplaced)        0.434     1.470    o1_reg_0_0_i_1_n_0
                         RAMB36E1                                     r  o1_reg_0_1/ENARDEN
  -------------------------------------------------------------------    -------------------

Slack:                    inf
  Source:                 address[16]
                            (input port)
  Destination:            o1_reg_0_10/ENARDEN
  Path Group:             (none)
  Path Type:              Max at Slow Process Corner
  Data Path Delay:        1.470ns  (logic 0.601ns (40.908%)  route 0.869ns (59.092%))
  Logic Levels:           2  (IBUF=1 LUT1=1)

    Location             Delay type                Incr(ns)  Path(ns)    Netlist Resource(s)
  -------------------------------------------------------------------    -------------------
                                                      0.000     0.000 f  address[16] (IN)
                         net (fo=0)                   0.000     0.000    address[16]
                         IBUF (Prop_ibuf_I_O)         0.558     0.558 f  address_IBUF[16]_inst/O
                         net (fo=51, unplaced)        0.434     0.993    address_IBUF[16]
                         LUT1 (Prop_lut1_I0_O)        0.043     1.036 r  o1_reg_0_0_i_1/O
                         net (fo=22, unplaced)        0.434     1.470    o1_reg_0_0_i_1_n_0
                         RAMB36E1                                     r  o1_reg_0_10/ENARDEN
  -------------------------------------------------------------------    -------------------

Slack:                    inf
  Source:                 address[16]
                            (input port)
  Destination:            o1_reg_0_11/ENARDEN
  Path Group:             (none)
  Path Type:              Max at Slow Process Corner
  Data Path Delay:        1.470ns  (logic 0.601ns (40.908%)  route 0.869ns (59.092%))
  Logic Levels:           2  (IBUF=1 LUT1=1)

    Location             Delay type                Incr(ns)  Path(ns)    Netlist Resource(s)
  -------------------------------------------------------------------    -------------------
                                                      0.000     0.000 f  address[16] (IN)
                         net (fo=0)                   0.000     0.000    address[16]
                         IBUF (Prop_ibuf_I_O)         0.558     0.558 f  address_IBUF[16]_inst/O
                         net (fo=51, unplaced)        0.434     0.993    address_IBUF[16]
                         LUT1 (Prop_lut1_I0_O)        0.043     1.036 r  o1_reg_0_11_i_1/O
                         net (fo=10, unplaced)        0.434     1.470    o1_reg_0_11_i_1_n_0
                         RAMB36E1                                     r  o1_reg_0_11/ENARDEN
  -------------------------------------------------------------------    -------------------

Slack:                    inf
  Source:                 address[16]
                            (input port)
  Destination:            o1_reg_0_12/ENARDEN
  Path Group:             (none)
  Path Type:              Max at Slow Process Corner
  Data Path Delay:        1.470ns  (logic 0.601ns (40.908%)  route 0.869ns (59.092%))
  Logic Levels:           2  (IBUF=1 LUT1=1)

    Location             Delay type                Incr(ns)  Path(ns)    Netlist Resource(s)
  -------------------------------------------------------------------    -------------------
                                                      0.000     0.000 f  address[16] (IN)
                         net (fo=0)                   0.000     0.000    address[16]
                         IBUF (Prop_ibuf_I_O)         0.558     0.558 f  address_IBUF[16]_inst/O
                         net (fo=51, unplaced)        0.434     0.993    address_IBUF[16]
                         LUT1 (Prop_lut1_I0_O)        0.043     1.036 r  o1_reg_0_11_i_1/O
                         net (fo=10, unplaced)        0.434     1.470    o1_reg_0_11_i_1_n_0
                         RAMB36E1                                     r  o1_reg_0_12/ENARDEN
  -------------------------------------------------------------------    -------------------

Slack:                    inf
  Source:                 address[16]
                            (input port)
  Destination:            o1_reg_0_13/ENARDEN
  Path Group:             (none)
  Path Type:              Max at Slow Process Corner
  Data Path Delay:        1.470ns  (logic 0.601ns (40.908%)  route 0.869ns (59.092%))
  Logic Levels:           2  (IBUF=1 LUT1=1)

    Location             Delay type                Incr(ns)  Path(ns)    Netlist Resource(s)
  -------------------------------------------------------------------    -------------------
                                                      0.000     0.000 f  address[16] (IN)
                         net (fo=0)                   0.000     0.000    address[16]
                         IBUF (Prop_ibuf_I_O)         0.558     0.558 f  address_IBUF[16]_inst/O
                         net (fo=51, unplaced)        0.434     0.993    address_IBUF[16]
                         LUT1 (Prop_lut1_I0_O)        0.043     1.036 r  o1_reg_0_11_i_1/O
                         net (fo=10, unplaced)        0.434     1.470    o1_reg_0_11_i_1_n_0
                         RAMB36E1                                     r  o1_reg_0_13/ENARDEN
  -------------------------------------------------------------------    -------------------

Slack:                    inf
  Source:                 address[16]
                            (input port)
  Destination:            o1_reg_0_14/ENARDEN
  Path Group:             (none)
  Path Type:              Max at Slow Process Corner
  Data Path Delay:        1.470ns  (logic 0.601ns (40.908%)  route 0.869ns (59.092%))
  Logic Levels:           2  (IBUF=1 LUT1=1)

    Location             Delay type                Incr(ns)  Path(ns)    Netlist Resource(s)
  -------------------------------------------------------------------    -------------------
                                                      0.000     0.000 f  address[16] (IN)
                         net (fo=0)                   0.000     0.000    address[16]
                         IBUF (Prop_ibuf_I_O)         0.558     0.558 f  address_IBUF[16]_inst/O
                         net (fo=51, unplaced)        0.434     0.993    address_IBUF[16]
                         LUT1 (Prop_lut1_I0_O)        0.043     1.036 r  o1_reg_0_11_i_1/O
                         net (fo=10, unplaced)        0.434     1.470    o1_reg_0_11_i_1_n_0
                         RAMB36E1                                     r  o1_reg_0_14/ENARDEN
  -------------------------------------------------------------------    -------------------

Slack:                    inf
  Source:                 address[16]
                            (input port)
  Destination:            o1_reg_0_15/ENARDEN
  Path Group:             (none)
  Path Type:              Max at Slow Process Corner
  Data Path Delay:        1.470ns  (logic 0.601ns (40.908%)  route 0.869ns (59.092%))
  Logic Levels:           2  (IBUF=1 LUT1=1)

    Location             Delay type                Incr(ns)  Path(ns)    Netlist Resource(s)
  -------------------------------------------------------------------    -------------------
                                                      0.000     0.000 f  address[16] (IN)
                         net (fo=0)                   0.000     0.000    address[16]
                         IBUF (Prop_ibuf_I_O)         0.558     0.558 f  address_IBUF[16]_inst/O
                         net (fo=51, unplaced)        0.434     0.993    address_IBUF[16]
                         LUT1 (Prop_lut1_I0_O)        0.043     1.036 r  o1_reg_0_11_i_1/O
                         net (fo=10, unplaced)        0.434     1.470    o1_reg_0_11_i_1_n_0
                         RAMB36E1                                     r  o1_reg_0_15/ENARDEN
  -------------------------------------------------------------------    -------------------

Slack:                    inf
  Source:                 address[16]
                            (input port)
  Destination:            o1_reg_0_2/ENARDEN
  Path Group:             (none)
  Path Type:              Max at Slow Process Corner
  Data Path Delay:        1.470ns  (logic 0.601ns (40.908%)  route 0.869ns (59.092%))
  Logic Levels:           2  (IBUF=1 LUT1=1)

    Location             Delay type                Incr(ns)  Path(ns)    Netlist Resource(s)
  -------------------------------------------------------------------    -------------------
                                                      0.000     0.000 f  address[16] (IN)
                         net (fo=0)                   0.000     0.000    address[16]
                         IBUF (Prop_ibuf_I_O)         0.558     0.558 f  address_IBUF[16]_inst/O
                         net (fo=51, unplaced)        0.434     0.993    address_IBUF[16]
                         LUT1 (Prop_lut1_I0_O)        0.043     1.036 r  o1_reg_0_0_i_1/O
                         net (fo=22, unplaced)        0.434     1.470    o1_reg_0_0_i_1_n_0
                         RAMB36E1                                     r  o1_reg_0_2/ENARDEN
  -------------------------------------------------------------------    -------------------

Slack:                    inf
  Source:                 address[16]
                            (input port)
  Destination:            o1_reg_0_3/ENARDEN
  Path Group:             (none)
  Path Type:              Max at Slow Process Corner
  Data Path Delay:        1.470ns  (logic 0.601ns (40.908%)  route 0.869ns (59.092%))
  Logic Levels:           2  (IBUF=1 LUT1=1)

    Location             Delay type                Incr(ns)  Path(ns)    Netlist Resource(s)
  -------------------------------------------------------------------    -------------------
                                                      0.000     0.000 f  address[16] (IN)
                         net (fo=0)                   0.000     0.000    address[16]
                         IBUF (Prop_ibuf_I_O)         0.558     0.558 f  address_IBUF[16]_inst/O
                         net (fo=51, unplaced)        0.434     0.993    address_IBUF[16]
                         LUT1 (Prop_lut1_I0_O)        0.043     1.036 r  o1_reg_0_0_i_1/O
                         net (fo=22, unplaced)        0.434     1.470    o1_reg_0_0_i_1_n_0
                         RAMB36E1                                     r  o1_reg_0_3/ENARDEN
  -------------------------------------------------------------------    -------------------

Slack:                    inf
  Source:                 address[16]
                            (input port)
  Destination:            o1_reg_0_4/ENARDEN
  Path Group:             (none)
  Path Type:              Max at Slow Process Corner
  Data Path Delay:        1.470ns  (logic 0.601ns (40.908%)  route 0.869ns (59.092%))
  Logic Levels:           2  (IBUF=1 LUT1=1)

    Location             Delay type                Incr(ns)  Path(ns)    Netlist Resource(s)
  -------------------------------------------------------------------    -------------------
                                                      0.000     0.000 f  address[16] (IN)
                         net (fo=0)                   0.000     0.000    address[16]
                         IBUF (Prop_ibuf_I_O)         0.558     0.558 f  address_IBUF[16]_inst/O
                         net (fo=51, unplaced)        0.434     0.993    address_IBUF[16]
                         LUT1 (Prop_lut1_I0_O)        0.043     1.036 r  o1_reg_0_0_i_1/O
                         net (fo=22, unplaced)        0.434     1.470    o1_reg_0_0_i_1_n_0
                         RAMB36E1                                     r  o1_reg_0_4/ENARDEN
  -------------------------------------------------------------------    -------------------

Slack:                    inf
  Source:                 address[16]
                            (input port)
  Destination:            o1_reg_0_5/ENARDEN
  Path Group:             (none)
  Path Type:              Max at Slow Process Corner
  Data Path Delay:        1.470ns  (logic 0.601ns (40.908%)  route 0.869ns (59.092%))
  Logic Levels:           2  (IBUF=1 LUT1=1)

    Location             Delay type                Incr(ns)  Path(ns)    Netlist Resource(s)
  -------------------------------------------------------------------    -------------------
                                                      0.000     0.000 f  address[16] (IN)
                         net (fo=0)                   0.000     0.000    address[16]
                         IBUF (Prop_ibuf_I_O)         0.558     0.558 f  address_IBUF[16]_inst/O
                         net (fo=51, unplaced)        0.434     0.993    address_IBUF[16]
                         LUT1 (Prop_lut1_I0_O)        0.043     1.036 r  o1_reg_0_0_i_1/O
                         net (fo=22, unplaced)        0.434     1.470    o1_reg_0_0_i_1_n_0
                         RAMB36E1                                     r  o1_reg_0_5/ENARDEN
  -------------------------------------------------------------------    -------------------

Slack:                    inf
  Source:                 address[16]
                            (input port)
  Destination:            o1_reg_0_6/ENARDEN
  Path Group:             (none)
  Path Type:              Max at Slow Process Corner
  Data Path Delay:        1.470ns  (logic 0.601ns (40.908%)  route 0.869ns (59.092%))
  Logic Levels:           2  (IBUF=1 LUT1=1)

    Location             Delay type                Incr(ns)  Path(ns)    Netlist Resource(s)
  -------------------------------------------------------------------    -------------------
                                                      0.000     0.000 f  address[16] (IN)
                         net (fo=0)                   0.000     0.000    address[16]
                         IBUF (Prop_ibuf_I_O)         0.558     0.558 f  address_IBUF[16]_inst/O
                         net (fo=51, unplaced)        0.434     0.993    address_IBUF[16]
                         LUT1 (Prop_lut1_I0_O)        0.043     1.036 r  o1_reg_0_0_i_1/O
                         net (fo=22, unplaced)        0.434     1.470    o1_reg_0_0_i_1_n_0
                         RAMB36E1                                     r  o1_reg_0_6/ENARDEN
  -------------------------------------------------------------------    -------------------

Slack:                    inf
  Source:                 address[16]
                            (input port)
  Destination:            o1_reg_0_7/ENARDEN
  Path Group:             (none)
  Path Type:              Max at Slow Process Corner
  Data Path Delay:        1.470ns  (logic 0.601ns (40.908%)  route 0.869ns (59.092%))
  Logic Levels:           2  (IBUF=1 LUT1=1)

    Location             Delay type                Incr(ns)  Path(ns)    Netlist Resource(s)
  -------------------------------------------------------------------    -------------------
                                                      0.000     0.000 f  address[16] (IN)
                         net (fo=0)                   0.000     0.000    address[16]
                         IBUF (Prop_ibuf_I_O)         0.558     0.558 f  address_IBUF[16]_inst/O
                         net (fo=51, unplaced)        0.434     0.993    address_IBUF[16]
                         LUT1 (Prop_lut1_I0_O)        0.043     1.036 r  o1_reg_0_0_i_1/O
                         net (fo=22, unplaced)        0.434     1.470    o1_reg_0_0_i_1_n_0
                         RAMB36E1                                     r  o1_reg_0_7/ENARDEN
  -------------------------------------------------------------------    -------------------

Slack:                    inf
  Source:                 address[16]
                            (input port)
  Destination:            o1_reg_0_8/ENARDEN
  Path Group:             (none)
  Path Type:              Max at Slow Process Corner
  Data Path Delay:        1.470ns  (logic 0.601ns (40.908%)  route 0.869ns (59.092%))
  Logic Levels:           2  (IBUF=1 LUT1=1)

    Location             Delay type                Incr(ns)  Path(ns)    Netlist Resource(s)
  -------------------------------------------------------------------    -------------------
                                                      0.000     0.000 f  address[16] (IN)
                         net (fo=0)                   0.000     0.000    address[16]
                         IBUF (Prop_ibuf_I_O)         0.558     0.558 f  address_IBUF[16]_inst/O
                         net (fo=51, unplaced)        0.434     0.993    address_IBUF[16]
                         LUT1 (Prop_lut1_I0_O)        0.043     1.036 r  o1_reg_0_0_i_1/O
                         net (fo=22, unplaced)        0.434     1.470    o1_reg_0_0_i_1_n_0
                         RAMB36E1                                     r  o1_reg_0_8/ENARDEN
  -------------------------------------------------------------------    -------------------

Slack:                    inf
  Source:                 address[16]
                            (input port)
  Destination:            o1_reg_0_9/ENARDEN
  Path Group:             (none)
  Path Type:              Max at Slow Process Corner
  Data Path Delay:        1.470ns  (logic 0.601ns (40.908%)  route 0.869ns (59.092%))
  Logic Levels:           2  (IBUF=1 LUT1=1)

    Location             Delay type                Incr(ns)  Path(ns)    Netlist Resource(s)
  -------------------------------------------------------------------    -------------------
                                                      0.000     0.000 f  address[16] (IN)
                         net (fo=0)                   0.000     0.000    address[16]
                         IBUF (Prop_ibuf_I_O)         0.558     0.558 f  address_IBUF[16]_inst/O
                         net (fo=51, unplaced)        0.434     0.993    address_IBUF[16]
                         LUT1 (Prop_lut1_I0_O)        0.043     1.036 r  o1_reg_0_0_i_1/O
                         net (fo=22, unplaced)        0.434     1.470    o1_reg_0_0_i_1_n_0
                         RAMB36E1                                     r  o1_reg_0_9/ENARDEN
  -------------------------------------------------------------------    -------------------

Slack:                    inf
  Source:                 address[16]
                            (input port)
  Destination:            o1_reg_1_0/ENARDEN
  Path Group:             (none)
  Path Type:              Max at Slow Process Corner
  Data Path Delay:        1.470ns  (logic 0.601ns (40.908%)  route 0.869ns (59.092%))
  Logic Levels:           2  (IBUF=1 LUT1=1)

    Location             Delay type                Incr(ns)  Path(ns)    Netlist Resource(s)
  -------------------------------------------------------------------    -------------------
                                                      0.000     0.000 f  address[16] (IN)
                         net (fo=0)                   0.000     0.000    address[16]
                         IBUF (Prop_ibuf_I_O)         0.558     0.558 f  address_IBUF[16]_inst/O
                         net (fo=51, unplaced)        0.434     0.993    address_IBUF[16]
                         LUT1 (Prop_lut1_I0_O)        0.043     1.036 r  o1_reg_0_0_i_1/O
                         net (fo=22, unplaced)        0.434     1.470    o1_reg_0_0_i_1_n_0
                         RAMB36E1                                     r  o1_reg_1_0/ENARDEN
  -------------------------------------------------------------------    -------------------

Slack:                    inf
  Source:                 address[16]
                            (input port)
  Destination:            o1_reg_1_1/ENARDEN
  Path Group:             (none)
  Path Type:              Max at Slow Process Corner
  Data Path Delay:        1.470ns  (logic 0.601ns (40.908%)  route 0.869ns (59.092%))
  Logic Levels:           2  (IBUF=1 LUT1=1)

    Location             Delay type                Incr(ns)  Path(ns)    Netlist Resource(s)
  -------------------------------------------------------------------    -------------------
                                                      0.000     0.000 f  address[16] (IN)
                         net (fo=0)                   0.000     0.000    address[16]
                         IBUF (Prop_ibuf_I_O)         0.558     0.558 f  address_IBUF[16]_inst/O
                         net (fo=51, unplaced)        0.434     0.993    address_IBUF[16]
                         LUT1 (Prop_lut1_I0_O)        0.043     1.036 r  o1_reg_0_0_i_1/O
                         net (fo=22, unplaced)        0.434     1.470    o1_reg_0_0_i_1_n_0
                         RAMB36E1                                     r  o1_reg_1_1/ENARDEN
  -------------------------------------------------------------------    -------------------

Slack:                    inf
  Source:                 address[16]
                            (input port)
  Destination:            o1_reg_1_10/ENARDEN
  Path Group:             (none)
  Path Type:              Max at Slow Process Corner
  Data Path Delay:        1.470ns  (logic 0.601ns (40.908%)  route 0.869ns (59.092%))
  Logic Levels:           2  (IBUF=1 LUT1=1)

    Location             Delay type                Incr(ns)  Path(ns)    Netlist Resource(s)
  -------------------------------------------------------------------    -------------------
                                                      0.000     0.000 f  address[16] (IN)
                         net (fo=0)                   0.000     0.000    address[16]
                         IBUF (Prop_ibuf_I_O)         0.558     0.558 f  address_IBUF[16]_inst/O
                         net (fo=51, unplaced)        0.434     0.993    address_IBUF[16]
                         LUT1 (Prop_lut1_I0_O)        0.043     1.036 r  o1_reg_0_0_i_1/O
                         net (fo=22, unplaced)        0.434     1.470    o1_reg_0_0_i_1_n_0
                         RAMB36E1                                     r  o1_reg_1_10/ENARDEN
  -------------------------------------------------------------------    -------------------

Slack:                    inf
  Source:                 address[16]
                            (input port)
  Destination:            o1_reg_1_11/ENARDEN
  Path Group:             (none)
  Path Type:              Max at Slow Process Corner
  Data Path Delay:        1.470ns  (logic 0.601ns (40.908%)  route 0.869ns (59.092%))
  Logic Levels:           2  (IBUF=1 LUT1=1)

    Location             Delay type                Incr(ns)  Path(ns)    Netlist Resource(s)
  -------------------------------------------------------------------    -------------------
                                                      0.000     0.000 f  address[16] (IN)
                         net (fo=0)                   0.000     0.000    address[16]
                         IBUF (Prop_ibuf_I_O)         0.558     0.558 f  address_IBUF[16]_inst/O
                         net (fo=51, unplaced)        0.434     0.993    address_IBUF[16]
                         LUT1 (Prop_lut1_I0_O)        0.043     1.036 r  o1_reg_0_11_i_1/O
                         net (fo=10, unplaced)        0.434     1.470    o1_reg_0_11_i_1_n_0
                         RAMB36E1                                     r  o1_reg_1_11/ENARDEN
  -------------------------------------------------------------------    -------------------

Slack:                    inf
  Source:                 address[16]
                            (input port)
  Destination:            o1_reg_1_12/ENARDEN
  Path Group:             (none)
  Path Type:              Max at Slow Process Corner
  Data Path Delay:        1.470ns  (logic 0.601ns (40.908%)  route 0.869ns (59.092%))
  Logic Levels:           2  (IBUF=1 LUT1=1)

    Location             Delay type                Incr(ns)  Path(ns)    Netlist Resource(s)
  -------------------------------------------------------------------    -------------------
                                                      0.000     0.000 f  address[16] (IN)
                         net (fo=0)                   0.000     0.000    address[16]
                         IBUF (Prop_ibuf_I_O)         0.558     0.558 f  address_IBUF[16]_inst/O
                         net (fo=51, unplaced)        0.434     0.993    address_IBUF[16]
                         LUT1 (Prop_lut1_I0_O)        0.043     1.036 r  o1_reg_0_11_i_1/O
                         net (fo=10, unplaced)        0.434     1.470    o1_reg_0_11_i_1_n_0
                         RAMB36E1                                     r  o1_reg_1_12/ENARDEN
  -------------------------------------------------------------------    -------------------

Slack:                    inf
  Source:                 address[16]
                            (input port)
  Destination:            o1_reg_1_13/ENARDEN
  Path Group:             (none)
  Path Type:              Max at Slow Process Corner
  Data Path Delay:        1.470ns  (logic 0.601ns (40.908%)  route 0.869ns (59.092%))
  Logic Levels:           2  (IBUF=1 LUT1=1)

    Location             Delay type                Incr(ns)  Path(ns)    Netlist Resource(s)
  -------------------------------------------------------------------    -------------------
                                                      0.000     0.000 f  address[16] (IN)
                         net (fo=0)                   0.000     0.000    address[16]
                         IBUF (Prop_ibuf_I_O)         0.558     0.558 f  address_IBUF[16]_inst/O
                         net (fo=51, unplaced)        0.434     0.993    address_IBUF[16]
                         LUT1 (Prop_lut1_I0_O)        0.043     1.036 r  o1_reg_0_11_i_1/O
                         net (fo=10, unplaced)        0.434     1.470    o1_reg_0_11_i_1_n_0
                         RAMB36E1                                     r  o1_reg_1_13/ENARDEN
  -------------------------------------------------------------------    -------------------

Slack:                    inf
  Source:                 address[16]
                            (input port)
  Destination:            o1_reg_1_14/ENARDEN
  Path Group:             (none)
  Path Type:              Max at Slow Process Corner
  Data Path Delay:        1.470ns  (logic 0.601ns (40.908%)  route 0.869ns (59.092%))
  Logic Levels:           2  (IBUF=1 LUT1=1)

    Location             Delay type                Incr(ns)  Path(ns)    Netlist Resource(s)
  -------------------------------------------------------------------    -------------------
                                                      0.000     0.000 f  address[16] (IN)
                         net (fo=0)                   0.000     0.000    address[16]
                         IBUF (Prop_ibuf_I_O)         0.558     0.558 f  address_IBUF[16]_inst/O
                         net (fo=51, unplaced)        0.434     0.993    address_IBUF[16]
                         LUT1 (Prop_lut1_I0_O)        0.043     1.036 r  o1_reg_0_11_i_1/O
                         net (fo=10, unplaced)        0.434     1.470    o1_reg_0_11_i_1_n_0
                         RAMB36E1                                     r  o1_reg_1_14/ENARDEN
  -------------------------------------------------------------------    -------------------

Slack:                    inf
  Source:                 address[16]
                            (input port)
  Destination:            o1_reg_1_15/ENARDEN
  Path Group:             (none)
  Path Type:              Max at Slow Process Corner
  Data Path Delay:        1.470ns  (logic 0.601ns (40.908%)  route 0.869ns (59.092%))
  Logic Levels:           2  (IBUF=1 LUT1=1)

    Location             Delay type                Incr(ns)  Path(ns)    Netlist Resource(s)
  -------------------------------------------------------------------    -------------------
                                                      0.000     0.000 f  address[16] (IN)
                         net (fo=0)                   0.000     0.000    address[16]
                         IBUF (Prop_ibuf_I_O)         0.558     0.558 f  address_IBUF[16]_inst/O
                         net (fo=51, unplaced)        0.434     0.993    address_IBUF[16]
                         LUT1 (Prop_lut1_I0_O)        0.043     1.036 r  o1_reg_0_11_i_1/O
                         net (fo=10, unplaced)        0.434     1.470    o1_reg_0_11_i_1_n_0
                         RAMB36E1                                     r  o1_reg_1_15/ENARDEN
  -------------------------------------------------------------------    -------------------

Slack:                    inf
  Source:                 address[16]
                            (input port)
  Destination:            o1_reg_1_2/ENARDEN
  Path Group:             (none)
  Path Type:              Max at Slow Process Corner
  Data Path Delay:        1.470ns  (logic 0.601ns (40.908%)  route 0.869ns (59.092%))
  Logic Levels:           2  (IBUF=1 LUT1=1)

    Location             Delay type                Incr(ns)  Path(ns)    Netlist Resource(s)
  -------------------------------------------------------------------    -------------------
                                                      0.000     0.000 f  address[16] (IN)
                         net (fo=0)                   0.000     0.000    address[16]
                         IBUF (Prop_ibuf_I_O)         0.558     0.558 f  address_IBUF[16]_inst/O
                         net (fo=51, unplaced)        0.434     0.993    address_IBUF[16]
                         LUT1 (Prop_lut1_I0_O)        0.043     1.036 r  o1_reg_0_0_i_1/O
                         net (fo=22, unplaced)        0.434     1.470    o1_reg_0_0_i_1_n_0
                         RAMB36E1                                     r  o1_reg_1_2/ENARDEN
  -------------------------------------------------------------------    -------------------

Slack:                    inf
  Source:                 address[16]
                            (input port)
  Destination:            o1_reg_1_3/ENARDEN
  Path Group:             (none)
  Path Type:              Max at Slow Process Corner
  Data Path Delay:        1.470ns  (logic 0.601ns (40.908%)  route 0.869ns (59.092%))
  Logic Levels:           2  (IBUF=1 LUT1=1)

    Location             Delay type                Incr(ns)  Path(ns)    Netlist Resource(s)
  -------------------------------------------------------------------    -------------------
                                                      0.000     0.000 f  address[16] (IN)
                         net (fo=0)                   0.000     0.000    address[16]
                         IBUF (Prop_ibuf_I_O)         0.558     0.558 f  address_IBUF[16]_inst/O
                         net (fo=51, unplaced)        0.434     0.993    address_IBUF[16]
                         LUT1 (Prop_lut1_I0_O)        0.043     1.036 r  o1_reg_0_0_i_1/O
                         net (fo=22, unplaced)        0.434     1.470    o1_reg_0_0_i_1_n_0
                         RAMB36E1                                     r  o1_reg_1_3/ENARDEN
  -------------------------------------------------------------------    -------------------

Slack:                    inf
  Source:                 address[16]
                            (input port)
  Destination:            o1_reg_1_4/ENARDEN
  Path Group:             (none)
  Path Type:              Max at Slow Process Corner
  Data Path Delay:        1.470ns  (logic 0.601ns (40.908%)  route 0.869ns (59.092%))
  Logic Levels:           2  (IBUF=1 LUT1=1)

    Location             Delay type                Incr(ns)  Path(ns)    Netlist Resource(s)
  -------------------------------------------------------------------    -------------------
                                                      0.000     0.000 f  address[16] (IN)
                         net (fo=0)                   0.000     0.000    address[16]
                         IBUF (Prop_ibuf_I_O)         0.558     0.558 f  address_IBUF[16]_inst/O
                         net (fo=51, unplaced)        0.434     0.993    address_IBUF[16]
                         LUT1 (Prop_lut1_I0_O)        0.043     1.036 r  o1_reg_0_0_i_1/O
                         net (fo=22, unplaced)        0.434     1.470    o1_reg_0_0_i_1_n_0
                         RAMB36E1                                     r  o1_reg_1_4/ENARDEN
  -------------------------------------------------------------------    -------------------

Slack:                    inf
  Source:                 address[16]
                            (input port)
  Destination:            o1_reg_1_5/ENARDEN
  Path Group:             (none)
  Path Type:              Max at Slow Process Corner
  Data Path Delay:        1.470ns  (logic 0.601ns (40.908%)  route 0.869ns (59.092%))
  Logic Levels:           2  (IBUF=1 LUT1=1)

    Location             Delay type                Incr(ns)  Path(ns)    Netlist Resource(s)
  -------------------------------------------------------------------    -------------------
                                                      0.000     0.000 f  address[16] (IN)
                         net (fo=0)                   0.000     0.000    address[16]
                         IBUF (Prop_ibuf_I_O)         0.558     0.558 f  address_IBUF[16]_inst/O
                         net (fo=51, unplaced)        0.434     0.993    address_IBUF[16]
                         LUT1 (Prop_lut1_I0_O)        0.043     1.036 r  o1_reg_0_0_i_1/O
                         net (fo=22, unplaced)        0.434     1.470    o1_reg_0_0_i_1_n_0
                         RAMB36E1                                     r  o1_reg_1_5/ENARDEN
  -------------------------------------------------------------------    -------------------

Slack:                    inf
  Source:                 address[16]
                            (input port)
  Destination:            o1_reg_1_6/ENARDEN
  Path Group:             (none)
  Path Type:              Max at Slow Process Corner
  Data Path Delay:        1.470ns  (logic 0.601ns (40.908%)  route 0.869ns (59.092%))
  Logic Levels:           2  (IBUF=1 LUT1=1)

    Location             Delay type                Incr(ns)  Path(ns)    Netlist Resource(s)
  -------------------------------------------------------------------    -------------------
                                                      0.000     0.000 f  address[16] (IN)
                         net (fo=0)                   0.000     0.000    address[16]
                         IBUF (Prop_ibuf_I_O)         0.558     0.558 f  address_IBUF[16]_inst/O
                         net (fo=51, unplaced)        0.434     0.993    address_IBUF[16]
                         LUT1 (Prop_lut1_I0_O)        0.043     1.036 r  o1_reg_0_0_i_1/O
                         net (fo=22, unplaced)        0.434     1.470    o1_reg_0_0_i_1_n_0
                         RAMB36E1                                     r  o1_reg_1_6/ENARDEN
  -------------------------------------------------------------------    -------------------

Slack:                    inf
  Source:                 address[16]
                            (input port)
  Destination:            o1_reg_1_7/ENARDEN
  Path Group:             (none)
  Path Type:              Max at Slow Process Corner
  Data Path Delay:        1.470ns  (logic 0.601ns (40.908%)  route 0.869ns (59.092%))
  Logic Levels:           2  (IBUF=1 LUT1=1)

    Location             Delay type                Incr(ns)  Path(ns)    Netlist Resource(s)
  -------------------------------------------------------------------    -------------------
                                                      0.000     0.000 f  address[16] (IN)
                         net (fo=0)                   0.000     0.000    address[16]
                         IBUF (Prop_ibuf_I_O)         0.558     0.558 f  address_IBUF[16]_inst/O
                         net (fo=51, unplaced)        0.434     0.993    address_IBUF[16]
                         LUT1 (Prop_lut1_I0_O)        0.043     1.036 r  o1_reg_0_0_i_1/O
                         net (fo=22, unplaced)        0.434     1.470    o1_reg_0_0_i_1_n_0
                         RAMB36E1                                     r  o1_reg_1_7/ENARDEN
  -------------------------------------------------------------------    -------------------

Slack:                    inf
  Source:                 address[16]
                            (input port)
  Destination:            o1_reg_1_8/ENARDEN
  Path Group:             (none)
  Path Type:              Max at Slow Process Corner
  Data Path Delay:        1.470ns  (logic 0.601ns (40.908%)  route 0.869ns (59.092%))
  Logic Levels:           2  (IBUF=1 LUT1=1)

    Location             Delay type                Incr(ns)  Path(ns)    Netlist Resource(s)
  -------------------------------------------------------------------    -------------------
                                                      0.000     0.000 f  address[16] (IN)
                         net (fo=0)                   0.000     0.000    address[16]
                         IBUF (Prop_ibuf_I_O)         0.558     0.558 f  address_IBUF[16]_inst/O
                         net (fo=51, unplaced)        0.434     0.993    address_IBUF[16]
                         LUT1 (Prop_lut1_I0_O)        0.043     1.036 r  o1_reg_0_0_i_1/O
                         net (fo=22, unplaced)        0.434     1.470    o1_reg_0_0_i_1_n_0
                         RAMB36E1                                     r  o1_reg_1_8/ENARDEN
  -------------------------------------------------------------------    -------------------

Slack:                    inf
  Source:                 address[16]
                            (input port)
  Destination:            o1_reg_1_9/ENARDEN
  Path Group:             (none)
  Path Type:              Max at Slow Process Corner
  Data Path Delay:        1.470ns  (logic 0.601ns (40.908%)  route 0.869ns (59.092%))
  Logic Levels:           2  (IBUF=1 LUT1=1)

    Location             Delay type                Incr(ns)  Path(ns)    Netlist Resource(s)
  -------------------------------------------------------------------    -------------------
                                                      0.000     0.000 f  address[16] (IN)
                         net (fo=0)                   0.000     0.000    address[16]
                         IBUF (Prop_ibuf_I_O)         0.558     0.558 f  address_IBUF[16]_inst/O
                         net (fo=51, unplaced)        0.434     0.993    address_IBUF[16]
                         LUT1 (Prop_lut1_I0_O)        0.043     1.036 r  o1_reg_0_0_i_1/O
                         net (fo=22, unplaced)        0.434     1.470    o1_reg_0_0_i_1_n_0
                         RAMB36E1                                     r  o1_reg_1_9/ENARDEN
  -------------------------------------------------------------------    -------------------

Slack:                    inf
  Source:                 address[0]
                            (input port)
  Destination:            o1_reg_0_0/ADDRARDADDR[0]
  Path Group:             (none)
  Path Type:              Max at Slow Process Corner
  Data Path Delay:        0.993ns  (logic 0.558ns (56.247%)  route 0.434ns (43.753%))
  Logic Levels:           1  (IBUF=1)

    Location             Delay type                Incr(ns)  Path(ns)    Netlist Resource(s)
  -------------------------------------------------------------------    -------------------
                                                      0.000     0.000 r  address[0] (IN)
                         net (fo=0)                   0.000     0.000    address[0]
                         IBUF (Prop_ibuf_I_O)         0.558     0.558 r  address_IBUF[0]_inst/O
                         net (fo=98, unplaced)        0.434     0.993    address_IBUF[0]
                         RAMB36E1                                     r  o1_reg_0_0/ADDRARDADDR[0]
  -------------------------------------------------------------------    -------------------

Slack:                    inf
  Source:                 address[10]
                            (input port)
  Destination:            o1_reg_0_0/ADDRARDADDR[10]
  Path Group:             (none)
  Path Type:              Max at Slow Process Corner
  Data Path Delay:        0.993ns  (logic 0.558ns (56.247%)  route 0.434ns (43.753%))
  Logic Levels:           1  (IBUF=1)

    Location             Delay type                Incr(ns)  Path(ns)    Netlist Resource(s)
  -------------------------------------------------------------------    -------------------
                                                      0.000     0.000 r  address[10] (IN)
                         net (fo=0)                   0.000     0.000    address[10]
                         IBUF (Prop_ibuf_I_O)         0.558     0.558 r  address_IBUF[10]_inst/O
                         net (fo=98, unplaced)        0.434     0.993    address_IBUF[10]
                         RAMB36E1                                     r  o1_reg_0_0/ADDRARDADDR[10]
  -------------------------------------------------------------------    -------------------




