Copyright 1986-2018 Xilinx, Inc. All Rights Reserved.
-------------------------------------------------------------------------------------
| Tool Version : Vivado v.2018.3 (lin64) Build 2405991 Thu Dec  6 23:36:41 MST 2018
| Date         : Mon Mar 16 12:48:16 2020
| Host         : GCS running 64-bit Ubuntu 18.04.4 LTS
| Command      : report_utilization -hierarchical -file hierarchical_utilization.rpt
| Design       : fire2_3_expand_1
| Device       : 7vx690tffg1157-3
| Design State : Synthesized
-------------------------------------------------------------------------------------

Utilization Design Information

Table of Contents
-----------------
1. Utilization by Hierarchy

1. Utilization by Hierarchy
---------------------------

+----------------------+--------+------------+------------+---------+------+------+--------+--------+--------------+
|       Instance       | Module | Total LUTs | Logic LUTs | LUTRAMs | SRLs |  FFs | RAMB36 | RAMB18 | DSP48 Blocks |
+----------------------+--------+------------+------------+---------+------+------+--------+--------+--------------+
| fire2_3_expand_1     |  (top) |       2257 |       2257 |       0 |    0 | 1172 |      0 |      0 |           64 |
|   (fire2_3_expand_1) |  (top) |        124 |        124 |       0 |    0 | 1172 |      0 |      0 |            0 |
|   genblk1[0].mac_i   |    mac |         48 |         48 |       0 |    0 |    0 |      0 |      0 |            1 |
|   genblk1[10].mac_i  |  mac_0 |         47 |         47 |       0 |    0 |    0 |      0 |      0 |            1 |
|   genblk1[11].mac_i  |  mac_1 |         22 |         22 |       0 |    0 |    0 |      0 |      0 |            1 |
|   genblk1[12].mac_i  |  mac_2 |         25 |         25 |       0 |    0 |    0 |      0 |      0 |            1 |
|   genblk1[13].mac_i  |  mac_3 |         25 |         25 |       0 |    0 |    0 |      0 |      0 |            1 |
|   genblk1[14].mac_i  |  mac_4 |         17 |         17 |       0 |    0 |    0 |      0 |      0 |            1 |
|   genblk1[15].mac_i  |  mac_5 |         17 |         17 |       0 |    0 |    0 |      0 |      0 |            1 |
|   genblk1[16].mac_i  |  mac_6 |         45 |         45 |       0 |    0 |    0 |      0 |      0 |            1 |
|   genblk1[17].mac_i  |  mac_7 |         47 |         47 |       0 |    0 |    0 |      0 |      0 |            1 |
|   genblk1[18].mac_i  |  mac_8 |         46 |         46 |       0 |    0 |    0 |      0 |      0 |            1 |
|   genblk1[19].mac_i  |  mac_9 |         46 |         46 |       0 |    0 |    0 |      0 |      0 |            1 |
|   genblk1[1].mac_i   | mac_10 |         47 |         47 |       0 |    0 |    0 |      0 |      0 |            1 |
|   genblk1[20].mac_i  | mac_11 |         47 |         47 |       0 |    0 |    0 |      0 |      0 |            1 |
|   genblk1[21].mac_i  | mac_12 |         19 |         19 |       0 |    0 |    0 |      0 |      0 |            1 |
|   genblk1[22].mac_i  | mac_13 |         47 |         47 |       0 |    0 |    0 |      0 |      0 |            1 |
|   genblk1[23].mac_i  | mac_14 |         15 |         15 |       0 |    0 |    0 |      0 |      0 |            1 |
|   genblk1[24].mac_i  | mac_15 |         24 |         24 |       0 |    0 |    0 |      0 |      0 |            1 |
|   genblk1[25].mac_i  | mac_16 |         16 |         16 |       0 |    0 |    0 |      0 |      0 |            1 |
|   genblk1[26].mac_i  | mac_17 |         47 |         47 |       0 |    0 |    0 |      0 |      0 |            1 |
|   genblk1[27].mac_i  | mac_18 |         22 |         22 |       0 |    0 |    0 |      0 |      0 |            1 |
|   genblk1[28].mac_i  | mac_19 |         23 |         23 |       0 |    0 |    0 |      0 |      0 |            1 |
|   genblk1[29].mac_i  | mac_20 |         18 |         18 |       0 |    0 |    0 |      0 |      0 |            1 |
|   genblk1[2].mac_i   | mac_21 |         21 |         21 |       0 |    0 |    0 |      0 |      0 |            1 |
|   genblk1[30].mac_i  | mac_22 |         20 |         20 |       0 |    0 |    0 |      0 |      0 |            1 |
|   genblk1[31].mac_i  | mac_23 |         24 |         24 |       0 |    0 |    0 |      0 |      0 |            1 |
|   genblk1[32].mac_i  | mac_24 |          4 |          4 |       0 |    0 |    0 |      0 |      0 |            1 |
|   genblk1[33].mac_i  | mac_25 |         17 |         17 |       0 |    0 |    0 |      0 |      0 |            1 |
|   genblk1[34].mac_i  | mac_26 |         42 |         42 |       0 |    0 |    0 |      0 |      0 |            1 |
|   genblk1[35].mac_i  | mac_27 |         46 |         46 |       0 |    0 |    0 |      0 |      0 |            1 |
|   genblk1[36].mac_i  | mac_28 |         48 |         48 |       0 |    0 |    0 |      0 |      0 |            1 |
|   genblk1[37].mac_i  | mac_29 |         46 |         46 |       0 |    0 |    0 |      0 |      0 |            1 |
|   genblk1[38].mac_i  | mac_30 |         25 |         25 |       0 |    0 |    0 |      0 |      0 |            1 |
|   genblk1[39].mac_i  | mac_31 |         19 |         19 |       0 |    0 |    0 |      0 |      0 |            1 |
|   genblk1[3].mac_i   | mac_32 |         23 |         23 |       0 |    0 |    0 |      0 |      0 |            1 |
|   genblk1[40].mac_i  | mac_33 |         49 |         49 |       0 |    0 |    0 |      0 |      0 |            1 |
|   genblk1[41].mac_i  | mac_34 |         18 |         18 |       0 |    0 |    0 |      0 |      0 |            1 |
|   genblk1[42].mac_i  | mac_35 |         44 |         44 |       0 |    0 |    0 |      0 |      0 |            1 |
|   genblk1[43].mac_i  | mac_36 |         45 |         45 |       0 |    0 |    0 |      0 |      0 |            1 |
|   genblk1[44].mac_i  | mac_37 |         44 |         44 |       0 |    0 |    0 |      0 |      0 |            1 |
|   genblk1[45].mac_i  | mac_38 |         18 |         18 |       0 |    0 |    0 |      0 |      0 |            1 |
|   genblk1[46].mac_i  | mac_39 |         45 |         45 |       0 |    0 |    0 |      0 |      0 |            1 |
|   genblk1[47].mac_i  | mac_40 |         47 |         47 |       0 |    0 |    0 |      0 |      0 |            1 |
|   genblk1[48].mac_i  | mac_41 |         49 |         49 |       0 |    0 |    0 |      0 |      0 |            1 |
|   genblk1[49].mac_i  | mac_42 |         48 |         48 |       0 |    0 |    0 |      0 |      0 |            1 |
|   genblk1[4].mac_i   | mac_43 |         45 |         45 |       0 |    0 |    0 |      0 |      0 |            1 |
|   genblk1[50].mac_i  | mac_44 |         22 |         22 |       0 |    0 |    0 |      0 |      0 |            1 |
|   genblk1[51].mac_i  | mac_45 |         18 |         18 |       0 |    0 |    0 |      0 |      0 |            1 |
|   genblk1[52].mac_i  | mac_46 |         42 |         42 |       0 |    0 |    0 |      0 |      0 |            1 |
|   genblk1[53].mac_i  | mac_47 |         23 |         23 |       0 |    0 |    0 |      0 |      0 |            1 |
|   genblk1[54].mac_i  | mac_48 |         19 |         19 |       0 |    0 |    0 |      0 |      0 |            1 |
|   genblk1[55].mac_i  | mac_49 |         47 |         47 |       0 |    0 |    0 |      0 |      0 |            1 |
|   genblk1[56].mac_i  | mac_50 |         21 |         21 |       0 |    0 |    0 |      0 |      0 |            1 |
|   genblk1[57].mac_i  | mac_51 |         46 |         46 |       0 |    0 |    0 |      0 |      0 |            1 |
|   genblk1[58].mac_i  | mac_52 |         44 |         44 |       0 |    0 |    0 |      0 |      0 |            1 |
|   genblk1[59].mac_i  | mac_53 |         42 |         42 |       0 |    0 |    0 |      0 |      0 |            1 |
|   genblk1[5].mac_i   | mac_54 |         48 |         48 |       0 |    0 |    0 |      0 |      0 |            1 |
|   genblk1[60].mac_i  | mac_55 |         26 |         26 |       0 |    0 |    0 |      0 |      0 |            1 |
|   genblk1[61].mac_i  | mac_56 |         44 |         44 |       0 |    0 |    0 |      0 |      0 |            1 |
|   genblk1[62].mac_i  | mac_57 |         44 |         44 |       0 |    0 |    0 |      0 |      0 |            1 |
|   genblk1[63].mac_i  | mac_58 |         62 |         62 |       0 |    0 |    0 |      0 |      0 |            1 |
|   genblk1[6].mac_i   | mac_59 |         48 |         48 |       0 |    0 |    0 |      0 |      0 |            1 |
|   genblk1[7].mac_i   | mac_60 |         18 |         18 |       0 |    0 |    0 |      0 |      0 |            1 |
|   genblk1[8].mac_i   | mac_61 |         19 |         19 |       0 |    0 |    0 |      0 |      0 |            1 |
|   genblk1[9].mac_i   | mac_62 |         23 |         23 |       0 |    0 |    0 |      0 |      0 |            1 |
+----------------------+--------+------------+------------+---------+------+------+--------+--------+--------------+


