Copyright 1986-2018 Xilinx, Inc. All Rights Reserved.
-------------------------------------------------------------------------------------
| Tool Version : Vivado v.2018.3 (lin64) Build 2405991 Thu Dec  6 23:36:41 MST 2018
| Date         : Mon Mar 23 22:03:50 2020
| Host         : GCS running 64-bit Ubuntu 18.04.4 LTS
| Command      : report_utilization -hierarchical -file hierarchical_utilization.rpt
| Design       : fire7_squeeze
| Device       : 7vx690tffg1157-3
| Design State : Synthesized
-------------------------------------------------------------------------------------

Utilization Design Information

Table of Contents
-----------------
1. Utilization by Hierarchy

1. Utilization by Hierarchy
---------------------------

+---------------------+-------------------+------------+------------+---------+------+------+--------+--------+--------------+
|       Instance      |       Module      | Total LUTs | Logic LUTs | LUTRAMs | SRLs |  FFs | RAMB36 | RAMB18 | DSP48 Blocks |
+---------------------+-------------------+------------+------------+---------+------+------+--------+--------+--------------+
| fire7_squeeze       |             (top) |       8555 |       8555 |       0 |    0 | 1114 |      0 |      0 |           64 |
|   (fire7_squeeze)   |             (top) |        146 |        146 |       0 |    0 | 1114 |      0 |      0 |            0 |
|   genblk1[0].mac_i  |               mac |        147 |        147 |       0 |    0 |    0 |      0 |      0 |            1 |
|   genblk1[10].mac_i |             mac_0 |        145 |        145 |       0 |    0 |    0 |      0 |      0 |            1 |
|   genblk1[11].mac_i |             mac_1 |         28 |         28 |       0 |    0 |    0 |      0 |      0 |            1 |
|   genblk1[12].mac_i |             mac_2 |        123 |        123 |       0 |    0 |    0 |      0 |      0 |            1 |
|   genblk1[13].mac_i |             mac_3 |        148 |        148 |       0 |    0 |    0 |      0 |      0 |            1 |
|   genblk1[14].mac_i |             mac_4 |         29 |         29 |       0 |    0 |    0 |      0 |      0 |            1 |
|   genblk1[15].mac_i |             mac_5 |        124 |        124 |       0 |    0 |    0 |      0 |      0 |            1 |
|   genblk1[16].mac_i |             mac_6 |        123 |        123 |       0 |    0 |    0 |      0 |      0 |            1 |
|   genblk1[17].mac_i |             mac_7 |        146 |        146 |       0 |    0 |    0 |      0 |      0 |            1 |
|   genblk1[18].mac_i |             mac_8 |          5 |          5 |       0 |    0 |    0 |      0 |      0 |            1 |
|   genblk1[19].mac_i |             mac_9 |        122 |        122 |       0 |    0 |    0 |      0 |      0 |            1 |
|   genblk1[1].mac_i  |            mac_10 |        146 |        146 |       0 |    0 |    0 |      0 |      0 |            1 |
|   genblk1[20].mac_i |            mac_11 |        146 |        146 |       0 |    0 |    0 |      0 |      0 |            1 |
|   genblk1[21].mac_i |            mac_12 |          3 |          3 |       0 |    0 |    0 |      0 |      0 |            1 |
|   genblk1[22].mac_i |            mac_13 |        121 |        121 |       0 |    0 |    0 |      0 |      0 |            1 |
|   genblk1[23].mac_i |            mac_14 |        119 |        119 |       0 |    0 |    0 |      0 |      0 |            1 |
|   genblk1[24].mac_i |            mac_15 |         26 |         26 |       0 |    0 |    0 |      0 |      0 |            1 |
|   genblk1[25].mac_i |            mac_16 |         29 |         29 |       0 |    0 |    0 |      0 |      0 |            1 |
|   genblk1[26].mac_i |            mac_17 |        121 |        121 |       0 |    0 |    0 |      0 |      0 |            1 |
|   genblk1[27].mac_i |            mac_18 |        122 |        122 |       0 |    0 |    0 |      0 |      0 |            1 |
|   genblk1[28].mac_i |            mac_19 |        121 |        121 |       0 |    0 |    0 |      0 |      0 |            1 |
|   genblk1[29].mac_i |            mac_20 |          4 |          4 |       0 |    0 |    0 |      0 |      0 |            1 |
|   genblk1[2].mac_i  |            mac_21 |          3 |          3 |       0 |    0 |    0 |      0 |      0 |            1 |
|   genblk1[30].mac_i |            mac_22 |        120 |        120 |       0 |    0 |    0 |      0 |      0 |            1 |
|   genblk1[31].mac_i |            mac_23 |        149 |        149 |       0 |    0 |    0 |      0 |      0 |            1 |
|   genblk1[32].mac_i |            mac_24 |        124 |        124 |       0 |    0 |    0 |      0 |      0 |            1 |
|   genblk1[33].mac_i |            mac_25 |        121 |        121 |       0 |    0 |    0 |      0 |      0 |            1 |
|   genblk1[34].mac_i |            mac_26 |         28 |         28 |       0 |    0 |    0 |      0 |      0 |            1 |
|   genblk1[35].mac_i |            mac_27 |        125 |        125 |       0 |    0 |    0 |      0 |      0 |            1 |
|   genblk1[36].mac_i |            mac_28 |        141 |        141 |       0 |    0 |    0 |      0 |      0 |            1 |
|   genblk1[37].mac_i |            mac_29 |        125 |        125 |       0 |    0 |    0 |      0 |      0 |            1 |
|   genblk1[38].mac_i |            mac_30 |        118 |        118 |       0 |    0 |    0 |      0 |      0 |            1 |
|   genblk1[39].mac_i |            mac_31 |          2 |          2 |       0 |    0 |    0 |      0 |      0 |            1 |
|   genblk1[3].mac_i  |            mac_32 |        122 |        122 |       0 |    0 |    0 |      0 |      0 |            1 |
|   genblk1[40].mac_i |            mac_33 |        124 |        124 |       0 |    0 |    0 |      0 |      0 |            1 |
|   genblk1[41].mac_i |            mac_34 |        121 |        121 |       0 |    0 |    0 |      0 |      0 |            1 |
|   genblk1[42].mac_i |            mac_35 |         27 |         27 |       0 |    0 |    0 |      0 |      0 |            1 |
|   genblk1[43].mac_i |            mac_36 |        122 |        122 |       0 |    0 |    0 |      0 |      0 |            1 |
|   genblk1[44].mac_i |            mac_37 |        123 |        123 |       0 |    0 |    0 |      0 |      0 |            1 |
|   genblk1[45].mac_i |            mac_38 |        146 |        146 |       0 |    0 |    0 |      0 |      0 |            1 |
|   genblk1[46].mac_i |            mac_39 |        124 |        124 |       0 |    0 |    0 |      0 |      0 |            1 |
|   genblk1[47].mac_i |            mac_40 |        146 |        146 |       0 |    0 |    0 |      0 |      0 |            1 |
|   genblk1[48].mac_i |            mac_41 |        120 |        120 |       0 |    0 |    0 |      0 |      0 |            1 |
|   genblk1[49].mac_i |            mac_42 |        149 |        149 |       0 |    0 |    0 |      0 |      0 |            1 |
|   genblk1[4].mac_i  |            mac_43 |        144 |        144 |       0 |    0 |    0 |      0 |      0 |            1 |
|   genblk1[50].mac_i |            mac_44 |        123 |        123 |       0 |    0 |    0 |      0 |      0 |            1 |
|   genblk1[51].mac_i |            mac_45 |        145 |        145 |       0 |    0 |    0 |      0 |      0 |            1 |
|   genblk1[52].mac_i |            mac_46 |        124 |        124 |       0 |    0 |    0 |      0 |      0 |            1 |
|   genblk1[53].mac_i |            mac_47 |        121 |        121 |       0 |    0 |    0 |      0 |      0 |            1 |
|   genblk1[54].mac_i |            mac_48 |        119 |        119 |       0 |    0 |    0 |      0 |      0 |            1 |
|   genblk1[55].mac_i |            mac_49 |        122 |        122 |       0 |    0 |    0 |      0 |      0 |            1 |
|   genblk1[56].mac_i |            mac_50 |         26 |         26 |       0 |    0 |    0 |      0 |      0 |            1 |
|   genblk1[57].mac_i |            mac_51 |        120 |        120 |       0 |    0 |    0 |      0 |      0 |            1 |
|   genblk1[58].mac_i |            mac_52 |        147 |        147 |       0 |    0 |    0 |      0 |      0 |            1 |
|   genblk1[59].mac_i |            mac_53 |        125 |        125 |       0 |    0 |    0 |      0 |      0 |            1 |
|   genblk1[5].mac_i  |            mac_54 |        123 |        123 |       0 |    0 |    0 |      0 |      0 |            1 |
|   genblk1[60].mac_i |            mac_55 |         26 |         26 |       0 |    0 |    0 |      0 |      0 |            1 |
|   genblk1[61].mac_i |            mac_56 |        146 |        146 |       0 |    0 |    0 |      0 |      0 |            1 |
|   genblk1[62].mac_i |            mac_57 |        145 |        145 |       0 |    0 |    0 |      0 |      0 |            1 |
|   genblk1[63].mac_i |            mac_58 |        121 |        121 |       0 |    0 |    0 |      0 |      0 |            1 |
|   genblk1[6].mac_i  |            mac_59 |        119 |        119 |       0 |    0 |    0 |      0 |      0 |            1 |
|   genblk1[7].mac_i  |            mac_60 |        140 |        140 |       0 |    0 |    0 |      0 |      0 |            1 |
|   genblk1[8].mac_i  |            mac_61 |        150 |        150 |       0 |    0 |    0 |      0 |      0 |            1 |
|   genblk1[9].mac_i  |            mac_62 |         28 |         28 |       0 |    0 |    0 |      0 |      0 |            1 |
|   u_2               | rom_fire7_squeeze |       1617 |       1617 |       0 |    0 |    0 |      0 |      0 |            0 |
+---------------------+-------------------+------------+------------+---------+------+------+--------+--------+--------------+


