Copyright 1986-2018 Xilinx, Inc. All Rights Reserved.
------------------------------------------------------------------------------------
| Tool Version : Vivado v.2018.3 (lin64) Build 2405991 Thu Dec  6 23:36:41 MST 2018
| Date         : Sat Mar 14 13:10:35 2020
| Host         : GCS running 64-bit Ubuntu 18.04.4 LTS
| Command      : report_timing -file post_synth_timing.rpt
| Design       : conv1
| Device       : 7vx690t-ffg1157
| Speed File   : -3  PRODUCTION 1.11 2014-09-11
------------------------------------------------------------------------------------

Timing Report

Slack (MET) :             0.449ns  (required time - arrival time)
  Source:                 u_1/o1_reg_2_11/CLKARDCLK
                            (rising edge-triggered cell RAMB36E1 clocked by clk  {rise@0.000ns fall@1.600ns period=3.200ns})
  Destination:            u_1/o11_reg[11]/D
                            (rising edge-triggered cell FDRE clocked by clk  {rise@0.000ns fall@1.600ns period=3.200ns})
  Path Group:             clk
  Path Type:              Setup (Max at Slow Process Corner)
  Requirement:            3.200ns  (clk rise@3.200ns - clk rise@0.000ns)
  Data Path Delay:        2.754ns  (logic 2.255ns (81.868%)  route 0.499ns (18.132%))
  Logic Levels:           2  (LUT3=1 RAMB36E1=1)
  Clock Path Skew:        -0.025ns (DCD - SCD + CPR)
    Destination Clock Delay (DCD):    0.483ns = ( 3.683 - 3.200 ) 
    Source Clock Delay      (SCD):    0.508ns
    Clock Pessimism Removal (CPR):    0.000ns
  Clock Uncertainty:      0.035ns  ((TSJ^2 + TIJ^2)^1/2 + DJ) / 2 + PE
    Total System Jitter     (TSJ):    0.071ns
    Total Input Jitter      (TIJ):    0.000ns
    Discrete Jitter          (DJ):    0.000ns
    Phase Error              (PE):    0.000ns

    Location             Delay type                Incr(ns)  Path(ns)    Netlist Resource(s)
  -------------------------------------------------------------------    -------------------
                         (clock clk rise edge)        0.000     0.000 r  
                                                      0.000     0.000 r  clk (IN)
                         net (fo=1374, unset)         0.508     0.508    u_1/clk
                         RAMB36E1                                     r  u_1/o1_reg_2_11/CLKARDCLK
  -------------------------------------------------------------------    -------------------
                         RAMB36E1 (Prop_ramb36e1_CLKARDCLK_CASCADEOUTA)
                                                      1.915     2.423 r  u_1/o1_reg_2_11/CASCADEOUTA
                         net (fo=1, unplaced)         0.065     2.488    u_1/o1_reg_2_11_n_0
                         RAMB36E1 (Prop_ramb36e1_CASCADEINA_DOADO[0])
                                                      0.291     2.779 r  u_1/o1_reg_3_11/DOADO[0]
                         net (fo=1, unplaced)         0.434     3.213    u_1/o1_reg_3_11_n_35
                         LUT3 (Prop_lut3_I0_O)        0.049     3.262 r  u_1/o11[11]_i_1/O
                         net (fo=1, unplaced)         0.000     3.262    u_1/o1_reg[11]
                         FDRE                                         r  u_1/o11_reg[11]/D
  -------------------------------------------------------------------    -------------------

                         (clock clk rise edge)        3.200     3.200 r  
                                                      0.000     3.200 r  clk (IN)
                         net (fo=1374, unset)         0.483     3.683    u_1/clk
                         FDRE                                         r  u_1/o11_reg[11]/C
                         clock pessimism              0.000     3.683    
                         clock uncertainty           -0.035     3.647    
                         FDRE (Setup_fdre_C_D)        0.064     3.711    u_1/o11_reg[11]
  -------------------------------------------------------------------
                         required time                          3.711    
                         arrival time                          -3.262    
  -------------------------------------------------------------------
                         slack                                  0.449    




