Copyright 1986-2018 Xilinx, Inc. All Rights Reserved.
-------------------------------------------------------------------------------------
| Tool Version : Vivado v.2018.3 (lin64) Build 2405991 Thu Dec  6 23:36:41 MST 2018
| Date         : Fri Mar 13 15:51:45 2020
| Host         : GCS running 64-bit Ubuntu 18.04.4 LTS
| Command      : report_utilization -hierarchical -file hierarchical_utilization.rpt
| Design       : fire6_expand3
| Device       : 7vx690tffg1157-3
| Design State : Synthesized
-------------------------------------------------------------------------------------

Utilization Design Information

Table of Contents
-----------------
1. Utilization by Hierarchy

1. Utilization by Hierarchy
---------------------------

+----------------------+--------------------+------------+------------+---------+------+------+--------+--------+--------------+
|       Instance       |       Module       | Total LUTs | Logic LUTs | LUTRAMs | SRLs |  FFs | RAMB36 | RAMB18 | DSP48 Blocks |
+----------------------+--------------------+------------+------------+---------+------+------+--------+--------+--------------+
| fire6_expand3        |              (top) |      11121 |      11121 |       0 |    0 | 8266 |      0 |    128 |          256 |
|   (fire6_expand3)    |              (top) |        284 |        284 |       0 |    0 | 8266 |      0 |      0 |            0 |
|   genblk1[0].mac_i   |                mac |         20 |         20 |       0 |    0 |    0 |      0 |      0 |            1 |
|   genblk1[100].mac_i |              mac_0 |         18 |         18 |       0 |    0 |    0 |      0 |      0 |            1 |
|   genblk1[101].mac_i |              mac_1 |         18 |         18 |       0 |    0 |    0 |      0 |      0 |            1 |
|   genblk1[102].mac_i |              mac_2 |         46 |         46 |       0 |    0 |    0 |      0 |      0 |            1 |
|   genblk1[103].mac_i |              mac_3 |         19 |         19 |       0 |    0 |    0 |      0 |      0 |            1 |
|   genblk1[104].mac_i |              mac_4 |         44 |         44 |       0 |    0 |    0 |      0 |      0 |            1 |
|   genblk1[105].mac_i |              mac_5 |         18 |         18 |       0 |    0 |    0 |      0 |      0 |            1 |
|   genblk1[106].mac_i |              mac_6 |         21 |         21 |       0 |    0 |    0 |      0 |      0 |            1 |
|   genblk1[107].mac_i |              mac_7 |         20 |         20 |       0 |    0 |    0 |      0 |      0 |            1 |
|   genblk1[108].mac_i |              mac_8 |         44 |         44 |       0 |    0 |    0 |      0 |      0 |            1 |
|   genblk1[109].mac_i |              mac_9 |         45 |         45 |       0 |    0 |    0 |      0 |      0 |            1 |
|   genblk1[10].mac_i  |             mac_10 |         45 |         45 |       0 |    0 |    0 |      0 |      0 |            1 |
|   genblk1[110].mac_i |             mac_11 |         44 |         44 |       0 |    0 |    0 |      0 |      0 |            1 |
|   genblk1[111].mac_i |             mac_12 |         16 |         16 |       0 |    0 |    0 |      0 |      0 |            1 |
|   genblk1[112].mac_i |             mac_13 |         18 |         18 |       0 |    0 |    0 |      0 |      0 |            1 |
|   genblk1[113].mac_i |             mac_14 |         45 |         45 |       0 |    0 |    0 |      0 |      0 |            1 |
|   genblk1[114].mac_i |             mac_15 |         45 |         45 |       0 |    0 |    0 |      0 |      0 |            1 |
|   genblk1[115].mac_i |             mac_16 |         44 |         44 |       0 |    0 |    0 |      0 |      0 |            1 |
|   genblk1[116].mac_i |             mac_17 |         43 |         43 |       0 |    0 |    0 |      0 |      0 |            1 |
|   genblk1[117].mac_i |             mac_18 |         44 |         44 |       0 |    0 |    0 |      0 |      0 |            1 |
|   genblk1[118].mac_i |             mac_19 |         19 |         19 |       0 |    0 |    0 |      0 |      0 |            1 |
|   genblk1[119].mac_i |             mac_20 |         17 |         17 |       0 |    0 |    0 |      0 |      0 |            1 |
|   genblk1[11].mac_i  |             mac_21 |         44 |         44 |       0 |    0 |    0 |      0 |      0 |            1 |
|   genblk1[120].mac_i |             mac_22 |         17 |         17 |       0 |    0 |    0 |      0 |      0 |            1 |
|   genblk1[121].mac_i |             mac_23 |         18 |         18 |       0 |    0 |    0 |      0 |      0 |            1 |
|   genblk1[122].mac_i |             mac_24 |         18 |         18 |       0 |    0 |    0 |      0 |      0 |            1 |
|   genblk1[123].mac_i |             mac_25 |         19 |         19 |       0 |    0 |    0 |      0 |      0 |            1 |
|   genblk1[124].mac_i |             mac_26 |         20 |         20 |       0 |    0 |    0 |      0 |      0 |            1 |
|   genblk1[125].mac_i |             mac_27 |         18 |         18 |       0 |    0 |    0 |      0 |      0 |            1 |
|   genblk1[126].mac_i |             mac_28 |         19 |         19 |       0 |    0 |    0 |      0 |      0 |            1 |
|   genblk1[127].mac_i |             mac_29 |         19 |         19 |       0 |    0 |    0 |      0 |      0 |            1 |
|   genblk1[128].mac_i |             mac_30 |         18 |         18 |       0 |    0 |    0 |      0 |      0 |            1 |
|   genblk1[129].mac_i |             mac_31 |         45 |         45 |       0 |    0 |    0 |      0 |      0 |            1 |
|   genblk1[12].mac_i  |             mac_32 |         17 |         17 |       0 |    0 |    0 |      0 |      0 |            1 |
|   genblk1[130].mac_i |             mac_33 |         17 |         17 |       0 |    0 |    0 |      0 |      0 |            1 |
|   genblk1[131].mac_i |             mac_34 |         47 |         47 |       0 |    0 |    0 |      0 |      0 |            1 |
|   genblk1[132].mac_i |             mac_35 |         18 |         18 |       0 |    0 |    0 |      0 |      0 |            1 |
|   genblk1[133].mac_i |             mac_36 |         46 |         46 |       0 |    0 |    0 |      0 |      0 |            1 |
|   genblk1[134].mac_i |             mac_37 |         20 |         20 |       0 |    0 |    0 |      0 |      0 |            1 |
|   genblk1[135].mac_i |             mac_38 |         46 |         46 |       0 |    0 |    0 |      0 |      0 |            1 |
|   genblk1[136].mac_i |             mac_39 |         44 |         44 |       0 |    0 |    0 |      0 |      0 |            1 |
|   genblk1[137].mac_i |             mac_40 |         45 |         45 |       0 |    0 |    0 |      0 |      0 |            1 |
|   genblk1[138].mac_i |             mac_41 |         46 |         46 |       0 |    0 |    0 |      0 |      0 |            1 |
|   genblk1[139].mac_i |             mac_42 |         18 |         18 |       0 |    0 |    0 |      0 |      0 |            1 |
|   genblk1[13].mac_i  |             mac_43 |         18 |         18 |       0 |    0 |    0 |      0 |      0 |            1 |
|   genblk1[140].mac_i |             mac_44 |         44 |         44 |       0 |    0 |    0 |      0 |      0 |            1 |
|   genblk1[141].mac_i |             mac_45 |         17 |         17 |       0 |    0 |    0 |      0 |      0 |            1 |
|   genblk1[142].mac_i |             mac_46 |         46 |         46 |       0 |    0 |    0 |      0 |      0 |            1 |
|   genblk1[143].mac_i |             mac_47 |         18 |         18 |       0 |    0 |    0 |      0 |      0 |            1 |
|   genblk1[144].mac_i |             mac_48 |         45 |         45 |       0 |    0 |    0 |      0 |      0 |            1 |
|   genblk1[145].mac_i |             mac_49 |         17 |         17 |       0 |    0 |    0 |      0 |      0 |            1 |
|   genblk1[146].mac_i |             mac_50 |         18 |         18 |       0 |    0 |    0 |      0 |      0 |            1 |
|   genblk1[147].mac_i |             mac_51 |         18 |         18 |       0 |    0 |    0 |      0 |      0 |            1 |
|   genblk1[148].mac_i |             mac_52 |         46 |         46 |       0 |    0 |    0 |      0 |      0 |            1 |
|   genblk1[149].mac_i |             mac_53 |         47 |         47 |       0 |    0 |    0 |      0 |      0 |            1 |
|   genblk1[14].mac_i  |             mac_54 |         43 |         43 |       0 |    0 |    0 |      0 |      0 |            1 |
|   genblk1[150].mac_i |             mac_55 |         46 |         46 |       0 |    0 |    0 |      0 |      0 |            1 |
|   genblk1[151].mac_i |             mac_56 |         46 |         46 |       0 |    0 |    0 |      0 |      0 |            1 |
|   genblk1[152].mac_i |             mac_57 |         47 |         47 |       0 |    0 |    0 |      0 |      0 |            1 |
|   genblk1[153].mac_i |             mac_58 |         45 |         45 |       0 |    0 |    0 |      0 |      0 |            1 |
|   genblk1[154].mac_i |             mac_59 |         17 |         17 |       0 |    0 |    0 |      0 |      0 |            1 |
|   genblk1[155].mac_i |             mac_60 |         16 |         16 |       0 |    0 |    0 |      0 |      0 |            1 |
|   genblk1[156].mac_i |             mac_61 |         44 |         44 |       0 |    0 |    0 |      0 |      0 |            1 |
|   genblk1[157].mac_i |             mac_62 |         45 |         45 |       0 |    0 |    0 |      0 |      0 |            1 |
|   genblk1[158].mac_i |             mac_63 |         44 |         44 |       0 |    0 |    0 |      0 |      0 |            1 |
|   genblk1[159].mac_i |             mac_64 |         17 |         17 |       0 |    0 |    0 |      0 |      0 |            1 |
|   genblk1[15].mac_i  |             mac_65 |         17 |         17 |       0 |    0 |    0 |      0 |      0 |            1 |
|   genblk1[160].mac_i |             mac_66 |         45 |         45 |       0 |    0 |    0 |      0 |      0 |            1 |
|   genblk1[161].mac_i |             mac_67 |         21 |         21 |       0 |    0 |    0 |      0 |      0 |            1 |
|   genblk1[162].mac_i |             mac_68 |         43 |         43 |       0 |    0 |    0 |      0 |      0 |            1 |
|   genblk1[163].mac_i |             mac_69 |         19 |         19 |       0 |    0 |    0 |      0 |      0 |            1 |
|   genblk1[164].mac_i |             mac_70 |         47 |         47 |       0 |    0 |    0 |      0 |      0 |            1 |
|   genblk1[165].mac_i |             mac_71 |         46 |         46 |       0 |    0 |    0 |      0 |      0 |            1 |
|   genblk1[166].mac_i |             mac_72 |         44 |         44 |       0 |    0 |    0 |      0 |      0 |            1 |
|   genblk1[167].mac_i |             mac_73 |         45 |         45 |       0 |    0 |    0 |      0 |      0 |            1 |
|   genblk1[168].mac_i |             mac_74 |         44 |         44 |       0 |    0 |    0 |      0 |      0 |            1 |
|   genblk1[169].mac_i |             mac_75 |         45 |         45 |       0 |    0 |    0 |      0 |      0 |            1 |
|   genblk1[16].mac_i  |             mac_76 |         17 |         17 |       0 |    0 |    0 |      0 |      0 |            1 |
|   genblk1[170].mac_i |             mac_77 |         44 |         44 |       0 |    0 |    0 |      0 |      0 |            1 |
|   genblk1[171].mac_i |             mac_78 |         18 |         18 |       0 |    0 |    0 |      0 |      0 |            1 |
|   genblk1[172].mac_i |             mac_79 |         17 |         17 |       0 |    0 |    0 |      0 |      0 |            1 |
|   genblk1[173].mac_i |             mac_80 |         20 |         20 |       0 |    0 |    0 |      0 |      0 |            1 |
|   genblk1[174].mac_i |             mac_81 |         42 |         42 |       0 |    0 |    0 |      0 |      0 |            1 |
|   genblk1[175].mac_i |             mac_82 |         45 |         45 |       0 |    0 |    0 |      0 |      0 |            1 |
|   genblk1[176].mac_i |             mac_83 |         44 |         44 |       0 |    0 |    0 |      0 |      0 |            1 |
|   genblk1[177].mac_i |             mac_84 |         20 |         20 |       0 |    0 |    0 |      0 |      0 |            1 |
|   genblk1[178].mac_i |             mac_85 |         45 |         45 |       0 |    0 |    0 |      0 |      0 |            1 |
|   genblk1[179].mac_i |             mac_86 |         17 |         17 |       0 |    0 |    0 |      0 |      0 |            1 |
|   genblk1[17].mac_i  |             mac_87 |         43 |         43 |       0 |    0 |    0 |      0 |      0 |            1 |
|   genblk1[180].mac_i |             mac_88 |         45 |         45 |       0 |    0 |    0 |      0 |      0 |            1 |
|   genblk1[181].mac_i |             mac_89 |         44 |         44 |       0 |    0 |    0 |      0 |      0 |            1 |
|   genblk1[182].mac_i |             mac_90 |         18 |         18 |       0 |    0 |    0 |      0 |      0 |            1 |
|   genblk1[183].mac_i |             mac_91 |         19 |         19 |       0 |    0 |    0 |      0 |      0 |            1 |
|   genblk1[184].mac_i |             mac_92 |         44 |         44 |       0 |    0 |    0 |      0 |      0 |            1 |
|   genblk1[185].mac_i |             mac_93 |         19 |         19 |       0 |    0 |    0 |      0 |      0 |            1 |
|   genblk1[186].mac_i |             mac_94 |         46 |         46 |       0 |    0 |    0 |      0 |      0 |            1 |
|   genblk1[187].mac_i |             mac_95 |         44 |         44 |       0 |    0 |    0 |      0 |      0 |            1 |
|   genblk1[188].mac_i |             mac_96 |         18 |         18 |       0 |    0 |    0 |      0 |      0 |            1 |
|   genblk1[189].mac_i |             mac_97 |         44 |         44 |       0 |    0 |    0 |      0 |      0 |            1 |
|   genblk1[18].mac_i  |             mac_98 |         17 |         17 |       0 |    0 |    0 |      0 |      0 |            1 |
|   genblk1[190].mac_i |             mac_99 |         18 |         18 |       0 |    0 |    0 |      0 |      0 |            1 |
|   genblk1[191].mac_i |            mac_100 |         45 |         45 |       0 |    0 |    0 |      0 |      0 |            1 |
|   genblk1[192].mac_i |            mac_101 |         43 |         43 |       0 |    0 |    0 |      0 |      0 |            1 |
|   genblk1[193].mac_i |            mac_102 |         17 |         17 |       0 |    0 |    0 |      0 |      0 |            1 |
|   genblk1[194].mac_i |            mac_103 |         19 |         19 |       0 |    0 |    0 |      0 |      0 |            1 |
|   genblk1[195].mac_i |            mac_104 |         19 |         19 |       0 |    0 |    0 |      0 |      0 |            1 |
|   genblk1[196].mac_i |            mac_105 |         45 |         45 |       0 |    0 |    0 |      0 |      0 |            1 |
|   genblk1[197].mac_i |            mac_106 |         17 |         17 |       0 |    0 |    0 |      0 |      0 |            1 |
|   genblk1[198].mac_i |            mac_107 |         20 |         20 |       0 |    0 |    0 |      0 |      0 |            1 |
|   genblk1[199].mac_i |            mac_108 |         21 |         21 |       0 |    0 |    0 |      0 |      0 |            1 |
|   genblk1[19].mac_i  |            mac_109 |         42 |         42 |       0 |    0 |    0 |      0 |      0 |            1 |
|   genblk1[1].mac_i   |            mac_110 |         45 |         45 |       0 |    0 |    0 |      0 |      0 |            1 |
|   genblk1[200].mac_i |            mac_111 |         19 |         19 |       0 |    0 |    0 |      0 |      0 |            1 |
|   genblk1[201].mac_i |            mac_112 |         18 |         18 |       0 |    0 |    0 |      0 |      0 |            1 |
|   genblk1[202].mac_i |            mac_113 |         46 |         46 |       0 |    0 |    0 |      0 |      0 |            1 |
|   genblk1[203].mac_i |            mac_114 |         17 |         17 |       0 |    0 |    0 |      0 |      0 |            1 |
|   genblk1[204].mac_i |            mac_115 |         19 |         19 |       0 |    0 |    0 |      0 |      0 |            1 |
|   genblk1[205].mac_i |            mac_116 |         44 |         44 |       0 |    0 |    0 |      0 |      0 |            1 |
|   genblk1[206].mac_i |            mac_117 |         19 |         19 |       0 |    0 |    0 |      0 |      0 |            1 |
|   genblk1[207].mac_i |            mac_118 |         16 |         16 |       0 |    0 |    0 |      0 |      0 |            1 |
|   genblk1[208].mac_i |            mac_119 |         44 |         44 |       0 |    0 |    0 |      0 |      0 |            1 |
|   genblk1[209].mac_i |            mac_120 |         44 |         44 |       0 |    0 |    0 |      0 |      0 |            1 |
|   genblk1[20].mac_i  |            mac_121 |         46 |         46 |       0 |    0 |    0 |      0 |      0 |            1 |
|   genblk1[210].mac_i |            mac_122 |         18 |         18 |       0 |    0 |    0 |      0 |      0 |            1 |
|   genblk1[211].mac_i |            mac_123 |         18 |         18 |       0 |    0 |    0 |      0 |      0 |            1 |
|   genblk1[212].mac_i |            mac_124 |         19 |         19 |       0 |    0 |    0 |      0 |      0 |            1 |
|   genblk1[213].mac_i |            mac_125 |         19 |         19 |       0 |    0 |    0 |      0 |      0 |            1 |
|   genblk1[214].mac_i |            mac_126 |         43 |         43 |       0 |    0 |    0 |      0 |      0 |            1 |
|   genblk1[215].mac_i |            mac_127 |         19 |         19 |       0 |    0 |    0 |      0 |      0 |            1 |
|   genblk1[216].mac_i |            mac_128 |         46 |         46 |       0 |    0 |    0 |      0 |      0 |            1 |
|   genblk1[217].mac_i |            mac_129 |         44 |         44 |       0 |    0 |    0 |      0 |      0 |            1 |
|   genblk1[218].mac_i |            mac_130 |         18 |         18 |       0 |    0 |    0 |      0 |      0 |            1 |
|   genblk1[219].mac_i |            mac_131 |         43 |         43 |       0 |    0 |    0 |      0 |      0 |            1 |
|   genblk1[21].mac_i  |            mac_132 |         46 |         46 |       0 |    0 |    0 |      0 |      0 |            1 |
|   genblk1[220].mac_i |            mac_133 |         20 |         20 |       0 |    0 |    0 |      0 |      0 |            1 |
|   genblk1[221].mac_i |            mac_134 |         44 |         44 |       0 |    0 |    0 |      0 |      0 |            1 |
|   genblk1[222].mac_i |            mac_135 |         19 |         19 |       0 |    0 |    0 |      0 |      0 |            1 |
|   genblk1[223].mac_i |            mac_136 |         17 |         17 |       0 |    0 |    0 |      0 |      0 |            1 |
|   genblk1[224].mac_i |            mac_137 |         45 |         45 |       0 |    0 |    0 |      0 |      0 |            1 |
|   genblk1[225].mac_i |            mac_138 |         17 |         17 |       0 |    0 |    0 |      0 |      0 |            1 |
|   genblk1[226].mac_i |            mac_139 |         46 |         46 |       0 |    0 |    0 |      0 |      0 |            1 |
|   genblk1[227].mac_i |            mac_140 |         45 |         45 |       0 |    0 |    0 |      0 |      0 |            1 |
|   genblk1[228].mac_i |            mac_141 |         45 |         45 |       0 |    0 |    0 |      0 |      0 |            1 |
|   genblk1[229].mac_i |            mac_142 |         18 |         18 |       0 |    0 |    0 |      0 |      0 |            1 |
|   genblk1[22].mac_i  |            mac_143 |         18 |         18 |       0 |    0 |    0 |      0 |      0 |            1 |
|   genblk1[230].mac_i |            mac_144 |         18 |         18 |       0 |    0 |    0 |      0 |      0 |            1 |
|   genblk1[231].mac_i |            mac_145 |         17 |         17 |       0 |    0 |    0 |      0 |      0 |            1 |
|   genblk1[232].mac_i |            mac_146 |         20 |         20 |       0 |    0 |    0 |      0 |      0 |            1 |
|   genblk1[233].mac_i |            mac_147 |         17 |         17 |       0 |    0 |    0 |      0 |      0 |            1 |
|   genblk1[234].mac_i |            mac_148 |         44 |         44 |       0 |    0 |    0 |      0 |      0 |            1 |
|   genblk1[235].mac_i |            mac_149 |         43 |         43 |       0 |    0 |    0 |      0 |      0 |            1 |
|   genblk1[236].mac_i |            mac_150 |         18 |         18 |       0 |    0 |    0 |      0 |      0 |            1 |
|   genblk1[237].mac_i |            mac_151 |         21 |         21 |       0 |    0 |    0 |      0 |      0 |            1 |
|   genblk1[238].mac_i |            mac_152 |         17 |         17 |       0 |    0 |    0 |      0 |      0 |            1 |
|   genblk1[239].mac_i |            mac_153 |         19 |         19 |       0 |    0 |    0 |      0 |      0 |            1 |
|   genblk1[23].mac_i  |            mac_154 |         44 |         44 |       0 |    0 |    0 |      0 |      0 |            1 |
|   genblk1[240].mac_i |            mac_155 |         43 |         43 |       0 |    0 |    0 |      0 |      0 |            1 |
|   genblk1[241].mac_i |            mac_156 |         44 |         44 |       0 |    0 |    0 |      0 |      0 |            1 |
|   genblk1[242].mac_i |            mac_157 |         17 |         17 |       0 |    0 |    0 |      0 |      0 |            1 |
|   genblk1[243].mac_i |            mac_158 |         43 |         43 |       0 |    0 |    0 |      0 |      0 |            1 |
|   genblk1[244].mac_i |            mac_159 |         47 |         47 |       0 |    0 |    0 |      0 |      0 |            1 |
|   genblk1[245].mac_i |            mac_160 |         45 |         45 |       0 |    0 |    0 |      0 |      0 |            1 |
|   genblk1[246].mac_i |            mac_161 |         18 |         18 |       0 |    0 |    0 |      0 |      0 |            1 |
|   genblk1[247].mac_i |            mac_162 |         19 |         19 |       0 |    0 |    0 |      0 |      0 |            1 |
|   genblk1[248].mac_i |            mac_163 |         18 |         18 |       0 |    0 |    0 |      0 |      0 |            1 |
|   genblk1[249].mac_i |            mac_164 |         45 |         45 |       0 |    0 |    0 |      0 |      0 |            1 |
|   genblk1[24].mac_i  |            mac_165 |         18 |         18 |       0 |    0 |    0 |      0 |      0 |            1 |
|   genblk1[250].mac_i |            mac_166 |         20 |         20 |       0 |    0 |    0 |      0 |      0 |            1 |
|   genblk1[251].mac_i |            mac_167 |         18 |         18 |       0 |    0 |    0 |      0 |      0 |            1 |
|   genblk1[252].mac_i |            mac_168 |         43 |         43 |       0 |    0 |    0 |      0 |      0 |            1 |
|   genblk1[253].mac_i |            mac_169 |         46 |         46 |       0 |    0 |    0 |      0 |      0 |            1 |
|   genblk1[254].mac_i |            mac_170 |         19 |         19 |       0 |    0 |    0 |      0 |      0 |            1 |
|   genblk1[255].mac_i |            mac_171 |         18 |         18 |       0 |    0 |    0 |      0 |      0 |            1 |
|   genblk1[25].mac_i  |            mac_172 |         45 |         45 |       0 |    0 |    0 |      0 |      0 |            1 |
|   genblk1[26].mac_i  |            mac_173 |         46 |         46 |       0 |    0 |    0 |      0 |      0 |            1 |
|   genblk1[27].mac_i  |            mac_174 |         17 |         17 |       0 |    0 |    0 |      0 |      0 |            1 |
|   genblk1[28].mac_i  |            mac_175 |         17 |         17 |       0 |    0 |    0 |      0 |      0 |            1 |
|   genblk1[29].mac_i  |            mac_176 |         44 |         44 |       0 |    0 |    0 |      0 |      0 |            1 |
|   genblk1[2].mac_i   |            mac_177 |         18 |         18 |       0 |    0 |    0 |      0 |      0 |            1 |
|   genblk1[30].mac_i  |            mac_178 |         47 |         47 |       0 |    0 |    0 |      0 |      0 |            1 |
|   genblk1[31].mac_i  |            mac_179 |         19 |         19 |       0 |    0 |    0 |      0 |      0 |            1 |
|   genblk1[32].mac_i  |            mac_180 |         18 |         18 |       0 |    0 |    0 |      0 |      0 |            1 |
|   genblk1[33].mac_i  |            mac_181 |         20 |         20 |       0 |    0 |    0 |      0 |      0 |            1 |
|   genblk1[34].mac_i  |            mac_182 |         17 |         17 |       0 |    0 |    0 |      0 |      0 |            1 |
|   genblk1[35].mac_i  |            mac_183 |         19 |         19 |       0 |    0 |    0 |      0 |      0 |            1 |
|   genblk1[36].mac_i  |            mac_184 |         45 |         45 |       0 |    0 |    0 |      0 |      0 |            1 |
|   genblk1[37].mac_i  |            mac_185 |         45 |         45 |       0 |    0 |    0 |      0 |      0 |            1 |
|   genblk1[38].mac_i  |            mac_186 |         44 |         44 |       0 |    0 |    0 |      0 |      0 |            1 |
|   genblk1[39].mac_i  |            mac_187 |         46 |         46 |       0 |    0 |    0 |      0 |      0 |            1 |
|   genblk1[3].mac_i   |            mac_188 |         17 |         17 |       0 |    0 |    0 |      0 |      0 |            1 |
|   genblk1[40].mac_i  |            mac_189 |         18 |         18 |       0 |    0 |    0 |      0 |      0 |            1 |
|   genblk1[41].mac_i  |            mac_190 |         16 |         16 |       0 |    0 |    0 |      0 |      0 |            1 |
|   genblk1[42].mac_i  |            mac_191 |         43 |         43 |       0 |    0 |    0 |      0 |      0 |            1 |
|   genblk1[43].mac_i  |            mac_192 |         47 |         47 |       0 |    0 |    0 |      0 |      0 |            1 |
|   genblk1[44].mac_i  |            mac_193 |         45 |         45 |       0 |    0 |    0 |      0 |      0 |            1 |
|   genblk1[45].mac_i  |            mac_194 |         18 |         18 |       0 |    0 |    0 |      0 |      0 |            1 |
|   genblk1[46].mac_i  |            mac_195 |         45 |         45 |       0 |    0 |    0 |      0 |      0 |            1 |
|   genblk1[47].mac_i  |            mac_196 |         17 |         17 |       0 |    0 |    0 |      0 |      0 |            1 |
|   genblk1[48].mac_i  |            mac_197 |         44 |         44 |       0 |    0 |    0 |      0 |      0 |            1 |
|   genblk1[49].mac_i  |            mac_198 |         17 |         17 |       0 |    0 |    0 |      0 |      0 |            1 |
|   genblk1[4].mac_i   |            mac_199 |         45 |         45 |       0 |    0 |    0 |      0 |      0 |            1 |
|   genblk1[50].mac_i  |            mac_200 |         45 |         45 |       0 |    0 |    0 |      0 |      0 |            1 |
|   genblk1[51].mac_i  |            mac_201 |         20 |         20 |       0 |    0 |    0 |      0 |      0 |            1 |
|   genblk1[52].mac_i  |            mac_202 |         46 |         46 |       0 |    0 |    0 |      0 |      0 |            1 |
|   genblk1[53].mac_i  |            mac_203 |         45 |         45 |       0 |    0 |    0 |      0 |      0 |            1 |
|   genblk1[54].mac_i  |            mac_204 |         19 |         19 |       0 |    0 |    0 |      0 |      0 |            1 |
|   genblk1[55].mac_i  |            mac_205 |         46 |         46 |       0 |    0 |    0 |      0 |      0 |            1 |
|   genblk1[56].mac_i  |            mac_206 |         19 |         19 |       0 |    0 |    0 |      0 |      0 |            1 |
|   genblk1[57].mac_i  |            mac_207 |         46 |         46 |       0 |    0 |    0 |      0 |      0 |            1 |
|   genblk1[58].mac_i  |            mac_208 |         19 |         19 |       0 |    0 |    0 |      0 |      0 |            1 |
|   genblk1[59].mac_i  |            mac_209 |         45 |         45 |       0 |    0 |    0 |      0 |      0 |            1 |
|   genblk1[5].mac_i   |            mac_210 |         48 |         48 |       0 |    0 |    0 |      0 |      0 |            1 |
|   genblk1[60].mac_i  |            mac_211 |         44 |         44 |       0 |    0 |    0 |      0 |      0 |            1 |
|   genblk1[61].mac_i  |            mac_212 |         17 |         17 |       0 |    0 |    0 |      0 |      0 |            1 |
|   genblk1[62].mac_i  |            mac_213 |         18 |         18 |       0 |    0 |    0 |      0 |      0 |            1 |
|   genblk1[63].mac_i  |            mac_214 |         18 |         18 |       0 |    0 |    0 |      0 |      0 |            1 |
|   genblk1[64].mac_i  |            mac_215 |         18 |         18 |       0 |    0 |    0 |      0 |      0 |            1 |
|   genblk1[65].mac_i  |            mac_216 |         46 |         46 |       0 |    0 |    0 |      0 |      0 |            1 |
|   genblk1[66].mac_i  |            mac_217 |         17 |         17 |       0 |    0 |    0 |      0 |      0 |            1 |
|   genblk1[67].mac_i  |            mac_218 |         19 |         19 |       0 |    0 |    0 |      0 |      0 |            1 |
|   genblk1[68].mac_i  |            mac_219 |         48 |         48 |       0 |    0 |    0 |      0 |      0 |            1 |
|   genblk1[69].mac_i  |            mac_220 |         18 |         18 |       0 |    0 |    0 |      0 |      0 |            1 |
|   genblk1[6].mac_i   |            mac_221 |         42 |         42 |       0 |    0 |    0 |      0 |      0 |            1 |
|   genblk1[70].mac_i  |            mac_222 |         45 |         45 |       0 |    0 |    0 |      0 |      0 |            1 |
|   genblk1[71].mac_i  |            mac_223 |         18 |         18 |       0 |    0 |    0 |      0 |      0 |            1 |
|   genblk1[72].mac_i  |            mac_224 |         16 |         16 |       0 |    0 |    0 |      0 |      0 |            1 |
|   genblk1[73].mac_i  |            mac_225 |         45 |         45 |       0 |    0 |    0 |      0 |      0 |            1 |
|   genblk1[74].mac_i  |            mac_226 |         45 |         45 |       0 |    0 |    0 |      0 |      0 |            1 |
|   genblk1[75].mac_i  |            mac_227 |         18 |         18 |       0 |    0 |    0 |      0 |      0 |            1 |
|   genblk1[76].mac_i  |            mac_228 |         18 |         18 |       0 |    0 |    0 |      0 |      0 |            1 |
|   genblk1[77].mac_i  |            mac_229 |         18 |         18 |       0 |    0 |    0 |      0 |      0 |            1 |
|   genblk1[78].mac_i  |            mac_230 |         17 |         17 |       0 |    0 |    0 |      0 |      0 |            1 |
|   genblk1[79].mac_i  |            mac_231 |         19 |         19 |       0 |    0 |    0 |      0 |      0 |            1 |
|   genblk1[7].mac_i   |            mac_232 |         16 |         16 |       0 |    0 |    0 |      0 |      0 |            1 |
|   genblk1[80].mac_i  |            mac_233 |         18 |         18 |       0 |    0 |    0 |      0 |      0 |            1 |
|   genblk1[81].mac_i  |            mac_234 |         44 |         44 |       0 |    0 |    0 |      0 |      0 |            1 |
|   genblk1[82].mac_i  |            mac_235 |         44 |         44 |       0 |    0 |    0 |      0 |      0 |            1 |
|   genblk1[83].mac_i  |            mac_236 |         45 |         45 |       0 |    0 |    0 |      0 |      0 |            1 |
|   genblk1[84].mac_i  |            mac_237 |         45 |         45 |       0 |    0 |    0 |      0 |      0 |            1 |
|   genblk1[85].mac_i  |            mac_238 |         18 |         18 |       0 |    0 |    0 |      0 |      0 |            1 |
|   genblk1[86].mac_i  |            mac_239 |         18 |         18 |       0 |    0 |    0 |      0 |      0 |            1 |
|   genblk1[87].mac_i  |            mac_240 |         43 |         43 |       0 |    0 |    0 |      0 |      0 |            1 |
|   genblk1[88].mac_i  |            mac_241 |         18 |         18 |       0 |    0 |    0 |      0 |      0 |            1 |
|   genblk1[89].mac_i  |            mac_242 |         18 |         18 |       0 |    0 |    0 |      0 |      0 |            1 |
|   genblk1[8].mac_i   |            mac_243 |         44 |         44 |       0 |    0 |    0 |      0 |      0 |            1 |
|   genblk1[90].mac_i  |            mac_244 |         19 |         19 |       0 |    0 |    0 |      0 |      0 |            1 |
|   genblk1[91].mac_i  |            mac_245 |         20 |         20 |       0 |    0 |    0 |      0 |      0 |            1 |
|   genblk1[92].mac_i  |            mac_246 |         45 |         45 |       0 |    0 |    0 |      0 |      0 |            1 |
|   genblk1[93].mac_i  |            mac_247 |         20 |         20 |       0 |    0 |    0 |      0 |      0 |            1 |
|   genblk1[94].mac_i  |            mac_248 |         17 |         17 |       0 |    0 |    0 |      0 |      0 |            1 |
|   genblk1[95].mac_i  |            mac_249 |         45 |         45 |       0 |    0 |    0 |      0 |      0 |            1 |
|   genblk1[96].mac_i  |            mac_250 |         17 |         17 |       0 |    0 |    0 |      0 |      0 |            1 |
|   genblk1[97].mac_i  |            mac_251 |         19 |         19 |       0 |    0 |    0 |      0 |      0 |            1 |
|   genblk1[98].mac_i  |            mac_252 |         18 |         18 |       0 |    0 |    0 |      0 |      0 |            1 |
|   genblk1[99].mac_i  |            mac_253 |         18 |         18 |       0 |    0 |    0 |      0 |      0 |            1 |
|   genblk1[9].mac_i   |            mac_254 |         45 |         45 |       0 |    0 |    0 |      0 |      0 |            1 |
|   u_2                |  rom_fire6_expand3 |          1 |          1 |       0 |    0 |    0 |      0 |    128 |            0 |
|   u_3                | rom2_fire6_expand3 |       2990 |       2990 |       0 |    0 |    0 |      0 |      0 |            0 |
+----------------------+--------------------+------------+------------+---------+------+------+--------+--------+--------------+


