Copyright 1986-2018 Xilinx, Inc. All Rights Reserved.
-------------------------------------------------------------------------------------
| Tool Version : Vivado v.2018.3 (lin64) Build 2405991 Thu Dec  6 23:36:41 MST 2018
| Date         : Sat Mar 14 13:40:01 2020
| Host         : GCS running 64-bit Ubuntu 18.04.4 LTS
| Command      : report_utilization -hierarchical -file hierarchical_utilization.rpt
| Design       : fire2_3_expand_3
| Device       : 7vx690tffg1157-3
| Design State : Synthesized
-------------------------------------------------------------------------------------

Utilization Design Information

Table of Contents
-----------------
1. Utilization by Hierarchy

1. Utilization by Hierarchy
---------------------------

+----------------------+-------------------+------------+------------+---------+------+------+--------+--------+--------------+
|       Instance       |       Module      | Total LUTs | Logic LUTs | LUTRAMs | SRLs |  FFs | RAMB36 | RAMB18 | DSP48 Blocks |
+----------------------+-------------------+------------+------------+---------+------+------+--------+--------+--------------+
| fire2_3_expand_3     |             (top) |       7239 |       7239 |       0 |    0 | 2377 |      0 |      0 |           64 |
|   (fire2_3_expand_3) |             (top) |        549 |        549 |       0 |    0 | 2377 |      0 |      0 |            0 |
|   genblk1[0].mac_i   |               mac |         63 |         63 |       0 |    0 |    0 |      0 |      0 |            1 |
|   genblk1[10].mac_i  |             mac_0 |        103 |        103 |       0 |    0 |    0 |      0 |      0 |            1 |
|   genblk1[11].mac_i  |             mac_1 |         97 |         97 |       0 |    0 |    0 |      0 |      0 |            1 |
|   genblk1[12].mac_i  |             mac_2 |         98 |         98 |       0 |    0 |    0 |      0 |      0 |            1 |
|   genblk1[13].mac_i  |             mac_3 |        102 |        102 |       0 |    0 |    0 |      0 |      0 |            1 |
|   genblk1[14].mac_i  |             mac_4 |        100 |        100 |       0 |    0 |    0 |      0 |      0 |            1 |
|   genblk1[15].mac_i  |             mac_5 |         99 |         99 |       0 |    0 |    0 |      0 |      0 |            1 |
|   genblk1[16].mac_i  |             mac_6 |         98 |         98 |       0 |    0 |    0 |      0 |      0 |            1 |
|   genblk1[17].mac_i  |             mac_7 |        105 |        105 |       0 |    0 |    0 |      0 |      0 |            1 |
|   genblk1[18].mac_i  |             mac_8 |        101 |        101 |       0 |    0 |    0 |      0 |      0 |            1 |
|   genblk1[19].mac_i  |             mac_9 |         59 |         59 |       0 |    0 |    0 |      0 |      0 |            1 |
|   genblk1[1].mac_i   |            mac_10 |         96 |         96 |       0 |    0 |    0 |      0 |      0 |            1 |
|   genblk1[20].mac_i  |            mac_11 |        103 |        103 |       0 |    0 |    0 |      0 |      0 |            1 |
|   genblk1[21].mac_i  |            mac_12 |        100 |        100 |       0 |    0 |    0 |      0 |      0 |            1 |
|   genblk1[22].mac_i  |            mac_13 |         99 |         99 |       0 |    0 |    0 |      0 |      0 |            1 |
|   genblk1[23].mac_i  |            mac_14 |         79 |         79 |       0 |    0 |    0 |      0 |      0 |            1 |
|   genblk1[24].mac_i  |            mac_15 |         96 |         96 |       0 |    0 |    0 |      0 |      0 |            1 |
|   genblk1[25].mac_i  |            mac_16 |        102 |        102 |       0 |    0 |    0 |      0 |      0 |            1 |
|   genblk1[26].mac_i  |            mac_17 |         70 |         70 |       0 |    0 |    0 |      0 |      0 |            1 |
|   genblk1[27].mac_i  |            mac_18 |         99 |         99 |       0 |    0 |    0 |      0 |      0 |            1 |
|   genblk1[28].mac_i  |            mac_19 |        103 |        103 |       0 |    0 |    0 |      0 |      0 |            1 |
|   genblk1[29].mac_i  |            mac_20 |        102 |        102 |       0 |    0 |    0 |      0 |      0 |            1 |
|   genblk1[2].mac_i   |            mac_21 |         95 |         95 |       0 |    0 |    0 |      0 |      0 |            1 |
|   genblk1[30].mac_i  |            mac_22 |         62 |         62 |       0 |    0 |    0 |      0 |      0 |            1 |
|   genblk1[31].mac_i  |            mac_23 |         35 |         35 |       0 |    0 |    0 |      0 |      0 |            1 |
|   genblk1[32].mac_i  |            mac_24 |         99 |         99 |       0 |    0 |    0 |      0 |      0 |            1 |
|   genblk1[33].mac_i  |            mac_25 |        100 |        100 |       0 |    0 |    0 |      0 |      0 |            1 |
|   genblk1[34].mac_i  |            mac_26 |        103 |        103 |       0 |    0 |    0 |      0 |      0 |            1 |
|   genblk1[35].mac_i  |            mac_27 |         35 |         35 |       0 |    0 |    0 |      0 |      0 |            1 |
|   genblk1[36].mac_i  |            mac_28 |         34 |         34 |       0 |    0 |    0 |      0 |      0 |            1 |
|   genblk1[37].mac_i  |            mac_29 |         98 |         98 |       0 |    0 |    0 |      0 |      0 |            1 |
|   genblk1[38].mac_i  |            mac_30 |         81 |         81 |       0 |    0 |    0 |      0 |      0 |            1 |
|   genblk1[39].mac_i  |            mac_31 |         62 |         62 |       0 |    0 |    0 |      0 |      0 |            1 |
|   genblk1[3].mac_i   |            mac_32 |        105 |        105 |       0 |    0 |    0 |      0 |      0 |            1 |
|   genblk1[40].mac_i  |            mac_33 |         96 |         96 |       0 |    0 |    0 |      0 |      0 |            1 |
|   genblk1[41].mac_i  |            mac_34 |        111 |        111 |       0 |    0 |    0 |      0 |      0 |            1 |
|   genblk1[42].mac_i  |            mac_35 |        104 |        104 |       0 |    0 |    0 |      0 |      0 |            1 |
|   genblk1[43].mac_i  |            mac_36 |         95 |         95 |       0 |    0 |    0 |      0 |      0 |            1 |
|   genblk1[44].mac_i  |            mac_37 |         83 |         83 |       0 |    0 |    0 |      0 |      0 |            1 |
|   genblk1[45].mac_i  |            mac_38 |        103 |        103 |       0 |    0 |    0 |      0 |      0 |            1 |
|   genblk1[46].mac_i  |            mac_39 |        101 |        101 |       0 |    0 |    0 |      0 |      0 |            1 |
|   genblk1[47].mac_i  |            mac_40 |         59 |         59 |       0 |    0 |    0 |      0 |      0 |            1 |
|   genblk1[48].mac_i  |            mac_41 |         62 |         62 |       0 |    0 |    0 |      0 |      0 |            1 |
|   genblk1[49].mac_i  |            mac_42 |         97 |         97 |       0 |    0 |    0 |      0 |      0 |            1 |
|   genblk1[4].mac_i   |            mac_43 |        103 |        103 |       0 |    0 |    0 |      0 |      0 |            1 |
|   genblk1[50].mac_i  |            mac_44 |        106 |        106 |       0 |    0 |    0 |      0 |      0 |            1 |
|   genblk1[51].mac_i  |            mac_45 |         97 |         97 |       0 |    0 |    0 |      0 |      0 |            1 |
|   genblk1[52].mac_i  |            mac_46 |         97 |         97 |       0 |    0 |    0 |      0 |      0 |            1 |
|   genblk1[53].mac_i  |            mac_47 |         61 |         61 |       0 |    0 |    0 |      0 |      0 |            1 |
|   genblk1[54].mac_i  |            mac_48 |         80 |         80 |       0 |    0 |    0 |      0 |      0 |            1 |
|   genblk1[55].mac_i  |            mac_49 |         63 |         63 |       0 |    0 |    0 |      0 |      0 |            1 |
|   genblk1[56].mac_i  |            mac_50 |         37 |         37 |       0 |    0 |    0 |      0 |      0 |            1 |
|   genblk1[57].mac_i  |            mac_51 |         95 |         95 |       0 |    0 |    0 |      0 |      0 |            1 |
|   genblk1[58].mac_i  |            mac_52 |         76 |         76 |       0 |    0 |    0 |      0 |      0 |            1 |
|   genblk1[59].mac_i  |            mac_53 |        102 |        102 |       0 |    0 |    0 |      0 |      0 |            1 |
|   genblk1[5].mac_i   |            mac_54 |         95 |         95 |       0 |    0 |    0 |      0 |      0 |            1 |
|   genblk1[60].mac_i  |            mac_55 |        102 |        102 |       0 |    0 |    0 |      0 |      0 |            1 |
|   genblk1[61].mac_i  |            mac_56 |        101 |        101 |       0 |    0 |    0 |      0 |      0 |            1 |
|   genblk1[62].mac_i  |            mac_57 |        104 |        104 |       0 |    0 |    0 |      0 |      0 |            1 |
|   genblk1[63].mac_i  |            mac_58 |         63 |         63 |       0 |    0 |    0 |      0 |      0 |            1 |
|   genblk1[6].mac_i   |            mac_59 |        102 |        102 |       0 |    0 |    0 |      0 |      0 |            1 |
|   genblk1[7].mac_i   |            mac_60 |         98 |         98 |       0 |    0 |    0 |      0 |      0 |            1 |
|   genblk1[8].mac_i   |            mac_61 |         99 |         99 |       0 |    0 |    0 |      0 |      0 |            1 |
|   genblk1[9].mac_i   |            mac_62 |         60 |         60 |       0 |    0 |    0 |      0 |      0 |            1 |
|   u_2                | wrapper_rom_fire2 |        869 |        869 |       0 |    0 |    0 |      0 |      0 |            0 |
|     u1               | rom_fire2_expand3 |        869 |        869 |       0 |    0 |    0 |      0 |      0 |            0 |
|   u_3                | wrapper_rom_fire3 |        219 |        219 |       0 |    0 |    0 |      0 |      0 |            0 |
|     u1               | rom_fire3_expand3 |        219 |        219 |       0 |    0 |    0 |      0 |      0 |            0 |
+----------------------+-------------------+------------+------------+---------+------+------+--------+--------+--------------+


