#-----------------------------------------------------------
# Vivado v2018.3 (64-bit)
# SW Build 2405991 on Thu Dec  6 23:36:41 MST 2018
# IP Build 2404404 on Fri Dec  7 01:43:56 MST 2018
# Start of session at: Mon Mar 16 13:01:30 2020
# Process ID: 25776
# Current directory: /home/gsaied/Desktop/old_rtl/fire2_3_expand3
# Command line: vivado -mode tcl -source synth.tcl
# Log file: /home/gsaied/Desktop/old_rtl/fire2_3_expand3/vivado.log
# Journal file: /home/gsaied/Desktop/old_rtl/fire2_3_expand3/vivado.jou
#-----------------------------------------------------------
source synth.tcl
# read_verilog -sv [ glob *.sv ] 
# create_fileset -constrset constr
# add_files -fileset constr temp.xdc
# set_param synth.elaboration.rodinMoreOptions "rt::set_parameter var_size_limit 4194304"
# synth_design -top [lindex [find_top] 0] -part xc7vx690t -flatten_hierarchy rebuilt -directive AreaOptimized_high -constrset constr -mode out_of_context
Command: synth_design -top fire2_3_expand_3 -part xc7vx690t -flatten_hierarchy rebuilt -directive AreaOptimized_high -constrset constr -mode out_of_context
Starting synth_design
Attempting to get a license for feature 'Synthesis' and/or device 'xc7vx690t'
INFO: [Common 17-349] Got license for feature 'Synthesis' and/or device 'xc7vx690t'
INFO: Launching helper process for spawning children vivado processes
INFO: Helper process launched with PID 25789 
---------------------------------------------------------------------------------
Starting RTL Elaboration : Time (s): cpu = 00:00:03 ; elapsed = 00:00:03 . Memory (MB): peak = 1426.461 ; gain = 71.000 ; free physical = 2497 ; free virtual = 5302
---------------------------------------------------------------------------------
INFO: [Synth 8-6157] synthesizing module 'fire2_3_expand_3' [/home/gsaied/Desktop/old_rtl/fire2_3_expand3/fire2_3_expand3.sv:10]
	Parameter WOUT bound to: 64 - type: integer 
	Parameter DSP_NO bound to: 64 - type: integer 
	Parameter W_IN bound to: 64 - type: integer 
	Parameter WIDTH bound to: 16 - type: integer 
	Parameter CHIN bound to: 16 - type: integer 
	Parameter KERNEL_DIM bound to: 3 - type: integer 
	Parameter CHOUT bound to: 64 - type: integer 
INFO: [Synth 8-6157] synthesizing module 'mac' [/home/gsaied/Desktop/old_rtl/fire2_3_expand3/mac.sv:1]
INFO: [Synth 8-6155] done synthesizing module 'mac' (1#1) [/home/gsaied/Desktop/old_rtl/fire2_3_expand3/mac.sv:1]
INFO: [Synth 8-5534] Detected attribute (* dont_touch = "yes" *) [/home/gsaied/Desktop/old_rtl/fire2_3_expand3/fire2_3_expand3.sv:221]
INFO: [Synth 8-5534] Detected attribute (* dont_touch = "yes" *) [/home/gsaied/Desktop/old_rtl/fire2_3_expand3/fire2_3_expand3.sv:223]
INFO: [Synth 8-6157] synthesizing module 'biasing_fire2_expand3' [/home/gsaied/Desktop/old_rtl/fire2_3_expand3/biasing_fire2_expand3.sv:2]
INFO: [Synth 8-6155] done synthesizing module 'biasing_fire2_expand3' (2#1) [/home/gsaied/Desktop/old_rtl/fire2_3_expand3/biasing_fire2_expand3.sv:2]
INFO: [Synth 8-6157] synthesizing module 'biasing_fire3_expand3' [/home/gsaied/Desktop/old_rtl/fire2_3_expand3/biasing_fire3_expand3.sv:2]
INFO: [Synth 8-6155] done synthesizing module 'biasing_fire3_expand3' (3#1) [/home/gsaied/Desktop/old_rtl/fire2_3_expand3/biasing_fire3_expand3.sv:2]
INFO: [Synth 8-6157] synthesizing module 'wrapper_rom_fire2' [/home/gsaied/Desktop/old_rtl/fire2_3_expand3/wrapper_rom_fire2.sv:3]
	Parameter WIDTH bound to: 16 - type: integer 
	Parameter KERNEL bound to: 3 - type: integer 
	Parameter ADDR bound to: 8 - type: integer 
	Parameter NUM bound to: 64 - type: integer 
INFO: [Synth 8-6157] synthesizing module 'rom_fire2_expand3' [/home/gsaied/Desktop/old_rtl/fire2_3_expand3/rom_fire2_expand3.sv:3]
	Parameter WIDTH bound to: 16 - type: integer 
	Parameter KERNEL bound to: 3 - type: integer 
	Parameter ADDR bound to: 7 - type: integer 
	Parameter NUM bound to: 64 - type: integer 
INFO: [Synth 8-5534] Detected attribute (* rom_style = "{distributed}" *) [/home/gsaied/Desktop/old_rtl/fire2_3_expand3/rom_fire2_expand3.sv:16]
INFO: [Synth 8-5534] Detected attribute (* rom_style = "{distributed}" *) [/home/gsaied/Desktop/old_rtl/fire2_3_expand3/rom_fire2_expand3.sv:19]
INFO: [Synth 8-5534] Detected attribute (* rom_style = "{distributed}" *) [/home/gsaied/Desktop/old_rtl/fire2_3_expand3/rom_fire2_expand3.sv:22]
INFO: [Synth 8-5534] Detected attribute (* rom_style = "{distributed}" *) [/home/gsaied/Desktop/old_rtl/fire2_3_expand3/rom_fire2_expand3.sv:25]
INFO: [Synth 8-5534] Detected attribute (* rom_style = "{distributed}" *) [/home/gsaied/Desktop/old_rtl/fire2_3_expand3/rom_fire2_expand3.sv:28]
INFO: [Synth 8-5534] Detected attribute (* rom_style = "{distributed}" *) [/home/gsaied/Desktop/old_rtl/fire2_3_expand3/rom_fire2_expand3.sv:31]
INFO: [Synth 8-5534] Detected attribute (* rom_style = "{distributed}" *) [/home/gsaied/Desktop/old_rtl/fire2_3_expand3/rom_fire2_expand3.sv:34]
INFO: [Synth 8-5534] Detected attribute (* rom_style = "{distributed}" *) [/home/gsaied/Desktop/old_rtl/fire2_3_expand3/rom_fire2_expand3.sv:37]
INFO: [Synth 8-5534] Detected attribute (* rom_style = "{distributed}" *) [/home/gsaied/Desktop/old_rtl/fire2_3_expand3/rom_fire2_expand3.sv:40]
INFO: [Synth 8-5534] Detected attribute (* rom_style = "{distributed}" *) [/home/gsaied/Desktop/old_rtl/fire2_3_expand3/rom_fire2_expand3.sv:43]
INFO: [Synth 8-5534] Detected attribute (* rom_style = "{distributed}" *) [/home/gsaied/Desktop/old_rtl/fire2_3_expand3/rom_fire2_expand3.sv:46]
INFO: [Synth 8-5534] Detected attribute (* rom_style = "{distributed}" *) [/home/gsaied/Desktop/old_rtl/fire2_3_expand3/rom_fire2_expand3.sv:49]
INFO: [Synth 8-5534] Detected attribute (* rom_style = "{distributed}" *) [/home/gsaied/Desktop/old_rtl/fire2_3_expand3/rom_fire2_expand3.sv:52]
INFO: [Synth 8-5534] Detected attribute (* rom_style = "{distributed}" *) [/home/gsaied/Desktop/old_rtl/fire2_3_expand3/rom_fire2_expand3.sv:55]
INFO: [Synth 8-5534] Detected attribute (* rom_style = "{distributed}" *) [/home/gsaied/Desktop/old_rtl/fire2_3_expand3/rom_fire2_expand3.sv:58]
INFO: [Synth 8-5534] Detected attribute (* rom_style = "{distributed}" *) [/home/gsaied/Desktop/old_rtl/fire2_3_expand3/rom_fire2_expand3.sv:61]
INFO: [Synth 8-5534] Detected attribute (* rom_style = "{distributed}" *) [/home/gsaied/Desktop/old_rtl/fire2_3_expand3/rom_fire2_expand3.sv:64]
INFO: [Synth 8-5534] Detected attribute (* rom_style = "{distributed}" *) [/home/gsaied/Desktop/old_rtl/fire2_3_expand3/rom_fire2_expand3.sv:67]
INFO: [Synth 8-5534] Detected attribute (* rom_style = "{distributed}" *) [/home/gsaied/Desktop/old_rtl/fire2_3_expand3/rom_fire2_expand3.sv:70]
INFO: [Synth 8-5534] Detected attribute (* rom_style = "{distributed}" *) [/home/gsaied/Desktop/old_rtl/fire2_3_expand3/rom_fire2_expand3.sv:73]
INFO: [Synth 8-5534] Detected attribute (* rom_style = "{distributed}" *) [/home/gsaied/Desktop/old_rtl/fire2_3_expand3/rom_fire2_expand3.sv:76]
INFO: [Synth 8-5534] Detected attribute (* rom_style = "{distributed}" *) [/home/gsaied/Desktop/old_rtl/fire2_3_expand3/rom_fire2_expand3.sv:79]
INFO: [Synth 8-5534] Detected attribute (* rom_style = "{distributed}" *) [/home/gsaied/Desktop/old_rtl/fire2_3_expand3/rom_fire2_expand3.sv:82]
INFO: [Synth 8-5534] Detected attribute (* rom_style = "{distributed}" *) [/home/gsaied/Desktop/old_rtl/fire2_3_expand3/rom_fire2_expand3.sv:85]
INFO: [Synth 8-5534] Detected attribute (* rom_style = "{distributed}" *) [/home/gsaied/Desktop/old_rtl/fire2_3_expand3/rom_fire2_expand3.sv:88]
INFO: [Synth 8-5534] Detected attribute (* rom_style = "{distributed}" *) [/home/gsaied/Desktop/old_rtl/fire2_3_expand3/rom_fire2_expand3.sv:91]
INFO: [Synth 8-5534] Detected attribute (* rom_style = "{distributed}" *) [/home/gsaied/Desktop/old_rtl/fire2_3_expand3/rom_fire2_expand3.sv:94]
INFO: [Synth 8-5534] Detected attribute (* rom_style = "{distributed}" *) [/home/gsaied/Desktop/old_rtl/fire2_3_expand3/rom_fire2_expand3.sv:97]
INFO: [Synth 8-5534] Detected attribute (* rom_style = "{distributed}" *) [/home/gsaied/Desktop/old_rtl/fire2_3_expand3/rom_fire2_expand3.sv:100]
INFO: [Synth 8-5534] Detected attribute (* rom_style = "{distributed}" *) [/home/gsaied/Desktop/old_rtl/fire2_3_expand3/rom_fire2_expand3.sv:103]
INFO: [Synth 8-5534] Detected attribute (* rom_style = "{distributed}" *) [/home/gsaied/Desktop/old_rtl/fire2_3_expand3/rom_fire2_expand3.sv:106]
INFO: [Synth 8-5534] Detected attribute (* rom_style = "{distributed}" *) [/home/gsaied/Desktop/old_rtl/fire2_3_expand3/rom_fire2_expand3.sv:109]
INFO: [Synth 8-5534] Detected attribute (* rom_style = "{distributed}" *) [/home/gsaied/Desktop/old_rtl/fire2_3_expand3/rom_fire2_expand3.sv:112]
INFO: [Synth 8-5534] Detected attribute (* rom_style = "{distributed}" *) [/home/gsaied/Desktop/old_rtl/fire2_3_expand3/rom_fire2_expand3.sv:115]
INFO: [Synth 8-5534] Detected attribute (* rom_style = "{distributed}" *) [/home/gsaied/Desktop/old_rtl/fire2_3_expand3/rom_fire2_expand3.sv:118]
INFO: [Synth 8-5534] Detected attribute (* rom_style = "{distributed}" *) [/home/gsaied/Desktop/old_rtl/fire2_3_expand3/rom_fire2_expand3.sv:121]
INFO: [Synth 8-5534] Detected attribute (* rom_style = "{distributed}" *) [/home/gsaied/Desktop/old_rtl/fire2_3_expand3/rom_fire2_expand3.sv:124]
INFO: [Synth 8-5534] Detected attribute (* rom_style = "{distributed}" *) [/home/gsaied/Desktop/old_rtl/fire2_3_expand3/rom_fire2_expand3.sv:127]
INFO: [Synth 8-5534] Detected attribute (* rom_style = "{distributed}" *) [/home/gsaied/Desktop/old_rtl/fire2_3_expand3/rom_fire2_expand3.sv:130]
INFO: [Synth 8-5534] Detected attribute (* rom_style = "{distributed}" *) [/home/gsaied/Desktop/old_rtl/fire2_3_expand3/rom_fire2_expand3.sv:133]
INFO: [Synth 8-5534] Detected attribute (* rom_style = "{distributed}" *) [/home/gsaied/Desktop/old_rtl/fire2_3_expand3/rom_fire2_expand3.sv:136]
INFO: [Synth 8-5534] Detected attribute (* rom_style = "{distributed}" *) [/home/gsaied/Desktop/old_rtl/fire2_3_expand3/rom_fire2_expand3.sv:139]
INFO: [Synth 8-5534] Detected attribute (* rom_style = "{distributed}" *) [/home/gsaied/Desktop/old_rtl/fire2_3_expand3/rom_fire2_expand3.sv:142]
INFO: [Synth 8-5534] Detected attribute (* rom_style = "{distributed}" *) [/home/gsaied/Desktop/old_rtl/fire2_3_expand3/rom_fire2_expand3.sv:145]
INFO: [Synth 8-5534] Detected attribute (* rom_style = "{distributed}" *) [/home/gsaied/Desktop/old_rtl/fire2_3_expand3/rom_fire2_expand3.sv:148]
INFO: [Synth 8-5534] Detected attribute (* rom_style = "{distributed}" *) [/home/gsaied/Desktop/old_rtl/fire2_3_expand3/rom_fire2_expand3.sv:151]
INFO: [Synth 8-5534] Detected attribute (* rom_style = "{distributed}" *) [/home/gsaied/Desktop/old_rtl/fire2_3_expand3/rom_fire2_expand3.sv:154]
INFO: [Synth 8-5534] Detected attribute (* rom_style = "{distributed}" *) [/home/gsaied/Desktop/old_rtl/fire2_3_expand3/rom_fire2_expand3.sv:157]
INFO: [Synth 8-5534] Detected attribute (* rom_style = "{distributed}" *) [/home/gsaied/Desktop/old_rtl/fire2_3_expand3/rom_fire2_expand3.sv:160]
INFO: [Synth 8-5534] Detected attribute (* rom_style = "{distributed}" *) [/home/gsaied/Desktop/old_rtl/fire2_3_expand3/rom_fire2_expand3.sv:163]
INFO: [Synth 8-5534] Detected attribute (* rom_style = "{distributed}" *) [/home/gsaied/Desktop/old_rtl/fire2_3_expand3/rom_fire2_expand3.sv:166]
INFO: [Synth 8-5534] Detected attribute (* rom_style = "{distributed}" *) [/home/gsaied/Desktop/old_rtl/fire2_3_expand3/rom_fire2_expand3.sv:169]
INFO: [Synth 8-5534] Detected attribute (* rom_style = "{distributed}" *) [/home/gsaied/Desktop/old_rtl/fire2_3_expand3/rom_fire2_expand3.sv:172]
INFO: [Synth 8-5534] Detected attribute (* rom_style = "{distributed}" *) [/home/gsaied/Desktop/old_rtl/fire2_3_expand3/rom_fire2_expand3.sv:175]
INFO: [Synth 8-5534] Detected attribute (* rom_style = "{distributed}" *) [/home/gsaied/Desktop/old_rtl/fire2_3_expand3/rom_fire2_expand3.sv:178]
INFO: [Synth 8-5534] Detected attribute (* rom_style = "{distributed}" *) [/home/gsaied/Desktop/old_rtl/fire2_3_expand3/rom_fire2_expand3.sv:181]
INFO: [Synth 8-5534] Detected attribute (* rom_style = "{distributed}" *) [/home/gsaied/Desktop/old_rtl/fire2_3_expand3/rom_fire2_expand3.sv:184]
INFO: [Synth 8-5534] Detected attribute (* rom_style = "{distributed}" *) [/home/gsaied/Desktop/old_rtl/fire2_3_expand3/rom_fire2_expand3.sv:187]
INFO: [Synth 8-5534] Detected attribute (* rom_style = "{distributed}" *) [/home/gsaied/Desktop/old_rtl/fire2_3_expand3/rom_fire2_expand3.sv:190]
INFO: [Synth 8-5534] Detected attribute (* rom_style = "{distributed}" *) [/home/gsaied/Desktop/old_rtl/fire2_3_expand3/rom_fire2_expand3.sv:193]
INFO: [Synth 8-5534] Detected attribute (* rom_style = "{distributed}" *) [/home/gsaied/Desktop/old_rtl/fire2_3_expand3/rom_fire2_expand3.sv:196]
INFO: [Synth 8-5534] Detected attribute (* rom_style = "{distributed}" *) [/home/gsaied/Desktop/old_rtl/fire2_3_expand3/rom_fire2_expand3.sv:199]
INFO: [Synth 8-5534] Detected attribute (* rom_style = "{distributed}" *) [/home/gsaied/Desktop/old_rtl/fire2_3_expand3/rom_fire2_expand3.sv:202]
INFO: [Synth 8-5534] Detected attribute (* rom_style = "{distributed}" *) [/home/gsaied/Desktop/old_rtl/fire2_3_expand3/rom_fire2_expand3.sv:205]
INFO: [Synth 8-3876] $readmem data file 'file_fire2_expand3_1.mem' is read successfully [/home/gsaied/Desktop/old_rtl/fire2_3_expand3/rom_fire2_expand3.sv:207]
INFO: [Synth 8-3876] $readmem data file 'file_fire2_expand3_2.mem' is read successfully [/home/gsaied/Desktop/old_rtl/fire2_3_expand3/rom_fire2_expand3.sv:208]
INFO: [Synth 8-3876] $readmem data file 'file_fire2_expand3_3.mem' is read successfully [/home/gsaied/Desktop/old_rtl/fire2_3_expand3/rom_fire2_expand3.sv:209]
INFO: [Synth 8-3876] $readmem data file 'file_fire2_expand3_4.mem' is read successfully [/home/gsaied/Desktop/old_rtl/fire2_3_expand3/rom_fire2_expand3.sv:210]
INFO: [Synth 8-3876] $readmem data file 'file_fire2_expand3_5.mem' is read successfully [/home/gsaied/Desktop/old_rtl/fire2_3_expand3/rom_fire2_expand3.sv:211]
INFO: [Synth 8-3876] $readmem data file 'file_fire2_expand3_6.mem' is read successfully [/home/gsaied/Desktop/old_rtl/fire2_3_expand3/rom_fire2_expand3.sv:212]
INFO: [Synth 8-3876] $readmem data file 'file_fire2_expand3_7.mem' is read successfully [/home/gsaied/Desktop/old_rtl/fire2_3_expand3/rom_fire2_expand3.sv:213]
INFO: [Synth 8-3876] $readmem data file 'file_fire2_expand3_8.mem' is read successfully [/home/gsaied/Desktop/old_rtl/fire2_3_expand3/rom_fire2_expand3.sv:214]
INFO: [Synth 8-3876] $readmem data file 'file_fire2_expand3_9.mem' is read successfully [/home/gsaied/Desktop/old_rtl/fire2_3_expand3/rom_fire2_expand3.sv:215]
INFO: [Synth 8-3876] $readmem data file 'file_fire2_expand3_10.mem' is read successfully [/home/gsaied/Desktop/old_rtl/fire2_3_expand3/rom_fire2_expand3.sv:216]
INFO: [Synth 8-3876] $readmem data file 'file_fire2_expand3_11.mem' is read successfully [/home/gsaied/Desktop/old_rtl/fire2_3_expand3/rom_fire2_expand3.sv:217]
INFO: [Synth 8-3876] $readmem data file 'file_fire2_expand3_12.mem' is read successfully [/home/gsaied/Desktop/old_rtl/fire2_3_expand3/rom_fire2_expand3.sv:218]
INFO: [Synth 8-3876] $readmem data file 'file_fire2_expand3_13.mem' is read successfully [/home/gsaied/Desktop/old_rtl/fire2_3_expand3/rom_fire2_expand3.sv:219]
INFO: [Synth 8-3876] $readmem data file 'file_fire2_expand3_14.mem' is read successfully [/home/gsaied/Desktop/old_rtl/fire2_3_expand3/rom_fire2_expand3.sv:220]
INFO: [Synth 8-3876] $readmem data file 'file_fire2_expand3_15.mem' is read successfully [/home/gsaied/Desktop/old_rtl/fire2_3_expand3/rom_fire2_expand3.sv:221]
INFO: [Synth 8-3876] $readmem data file 'file_fire2_expand3_16.mem' is read successfully [/home/gsaied/Desktop/old_rtl/fire2_3_expand3/rom_fire2_expand3.sv:222]
INFO: [Synth 8-3876] $readmem data file 'file_fire2_expand3_17.mem' is read successfully [/home/gsaied/Desktop/old_rtl/fire2_3_expand3/rom_fire2_expand3.sv:223]
INFO: [Synth 8-3876] $readmem data file 'file_fire2_expand3_18.mem' is read successfully [/home/gsaied/Desktop/old_rtl/fire2_3_expand3/rom_fire2_expand3.sv:224]
INFO: [Synth 8-3876] $readmem data file 'file_fire2_expand3_19.mem' is read successfully [/home/gsaied/Desktop/old_rtl/fire2_3_expand3/rom_fire2_expand3.sv:225]
INFO: [Synth 8-3876] $readmem data file 'file_fire2_expand3_20.mem' is read successfully [/home/gsaied/Desktop/old_rtl/fire2_3_expand3/rom_fire2_expand3.sv:226]
INFO: [Synth 8-3876] $readmem data file 'file_fire2_expand3_21.mem' is read successfully [/home/gsaied/Desktop/old_rtl/fire2_3_expand3/rom_fire2_expand3.sv:227]
INFO: [Synth 8-3876] $readmem data file 'file_fire2_expand3_22.mem' is read successfully [/home/gsaied/Desktop/old_rtl/fire2_3_expand3/rom_fire2_expand3.sv:228]
INFO: [Synth 8-3876] $readmem data file 'file_fire2_expand3_23.mem' is read successfully [/home/gsaied/Desktop/old_rtl/fire2_3_expand3/rom_fire2_expand3.sv:229]
INFO: [Synth 8-3876] $readmem data file 'file_fire2_expand3_24.mem' is read successfully [/home/gsaied/Desktop/old_rtl/fire2_3_expand3/rom_fire2_expand3.sv:230]
INFO: [Synth 8-3876] $readmem data file 'file_fire2_expand3_25.mem' is read successfully [/home/gsaied/Desktop/old_rtl/fire2_3_expand3/rom_fire2_expand3.sv:231]
INFO: [Synth 8-3876] $readmem data file 'file_fire2_expand3_26.mem' is read successfully [/home/gsaied/Desktop/old_rtl/fire2_3_expand3/rom_fire2_expand3.sv:232]
INFO: [Synth 8-3876] $readmem data file 'file_fire2_expand3_27.mem' is read successfully [/home/gsaied/Desktop/old_rtl/fire2_3_expand3/rom_fire2_expand3.sv:233]
INFO: [Synth 8-3876] $readmem data file 'file_fire2_expand3_28.mem' is read successfully [/home/gsaied/Desktop/old_rtl/fire2_3_expand3/rom_fire2_expand3.sv:234]
INFO: [Synth 8-3876] $readmem data file 'file_fire2_expand3_29.mem' is read successfully [/home/gsaied/Desktop/old_rtl/fire2_3_expand3/rom_fire2_expand3.sv:235]
INFO: [Synth 8-3876] $readmem data file 'file_fire2_expand3_30.mem' is read successfully [/home/gsaied/Desktop/old_rtl/fire2_3_expand3/rom_fire2_expand3.sv:236]
INFO: [Synth 8-3876] $readmem data file 'file_fire2_expand3_31.mem' is read successfully [/home/gsaied/Desktop/old_rtl/fire2_3_expand3/rom_fire2_expand3.sv:237]
INFO: [Synth 8-3876] $readmem data file 'file_fire2_expand3_32.mem' is read successfully [/home/gsaied/Desktop/old_rtl/fire2_3_expand3/rom_fire2_expand3.sv:238]
INFO: [Synth 8-3876] $readmem data file 'file_fire2_expand3_33.mem' is read successfully [/home/gsaied/Desktop/old_rtl/fire2_3_expand3/rom_fire2_expand3.sv:239]
INFO: [Synth 8-3876] $readmem data file 'file_fire2_expand3_34.mem' is read successfully [/home/gsaied/Desktop/old_rtl/fire2_3_expand3/rom_fire2_expand3.sv:240]
INFO: [Synth 8-3876] $readmem data file 'file_fire2_expand3_35.mem' is read successfully [/home/gsaied/Desktop/old_rtl/fire2_3_expand3/rom_fire2_expand3.sv:241]
INFO: [Synth 8-3876] $readmem data file 'file_fire2_expand3_36.mem' is read successfully [/home/gsaied/Desktop/old_rtl/fire2_3_expand3/rom_fire2_expand3.sv:242]
INFO: [Synth 8-3876] $readmem data file 'file_fire2_expand3_37.mem' is read successfully [/home/gsaied/Desktop/old_rtl/fire2_3_expand3/rom_fire2_expand3.sv:243]
INFO: [Synth 8-3876] $readmem data file 'file_fire2_expand3_38.mem' is read successfully [/home/gsaied/Desktop/old_rtl/fire2_3_expand3/rom_fire2_expand3.sv:244]
INFO: [Synth 8-3876] $readmem data file 'file_fire2_expand3_39.mem' is read successfully [/home/gsaied/Desktop/old_rtl/fire2_3_expand3/rom_fire2_expand3.sv:245]
INFO: [Synth 8-3876] $readmem data file 'file_fire2_expand3_40.mem' is read successfully [/home/gsaied/Desktop/old_rtl/fire2_3_expand3/rom_fire2_expand3.sv:246]
INFO: [Synth 8-3876] $readmem data file 'file_fire2_expand3_41.mem' is read successfully [/home/gsaied/Desktop/old_rtl/fire2_3_expand3/rom_fire2_expand3.sv:247]
INFO: [Synth 8-3876] $readmem data file 'file_fire2_expand3_42.mem' is read successfully [/home/gsaied/Desktop/old_rtl/fire2_3_expand3/rom_fire2_expand3.sv:248]
INFO: [Synth 8-3876] $readmem data file 'file_fire2_expand3_43.mem' is read successfully [/home/gsaied/Desktop/old_rtl/fire2_3_expand3/rom_fire2_expand3.sv:249]
INFO: [Synth 8-3876] $readmem data file 'file_fire2_expand3_44.mem' is read successfully [/home/gsaied/Desktop/old_rtl/fire2_3_expand3/rom_fire2_expand3.sv:250]
INFO: [Synth 8-3876] $readmem data file 'file_fire2_expand3_45.mem' is read successfully [/home/gsaied/Desktop/old_rtl/fire2_3_expand3/rom_fire2_expand3.sv:251]
INFO: [Synth 8-3876] $readmem data file 'file_fire2_expand3_46.mem' is read successfully [/home/gsaied/Desktop/old_rtl/fire2_3_expand3/rom_fire2_expand3.sv:252]
INFO: [Synth 8-3876] $readmem data file 'file_fire2_expand3_47.mem' is read successfully [/home/gsaied/Desktop/old_rtl/fire2_3_expand3/rom_fire2_expand3.sv:253]
INFO: [Synth 8-3876] $readmem data file 'file_fire2_expand3_48.mem' is read successfully [/home/gsaied/Desktop/old_rtl/fire2_3_expand3/rom_fire2_expand3.sv:254]
INFO: [Synth 8-3876] $readmem data file 'file_fire2_expand3_49.mem' is read successfully [/home/gsaied/Desktop/old_rtl/fire2_3_expand3/rom_fire2_expand3.sv:255]
INFO: [Synth 8-3876] $readmem data file 'file_fire2_expand3_50.mem' is read successfully [/home/gsaied/Desktop/old_rtl/fire2_3_expand3/rom_fire2_expand3.sv:256]
INFO: [Synth 8-3876] $readmem data file 'file_fire2_expand3_51.mem' is read successfully [/home/gsaied/Desktop/old_rtl/fire2_3_expand3/rom_fire2_expand3.sv:257]
INFO: [Synth 8-3876] $readmem data file 'file_fire2_expand3_52.mem' is read successfully [/home/gsaied/Desktop/old_rtl/fire2_3_expand3/rom_fire2_expand3.sv:258]
INFO: [Synth 8-3876] $readmem data file 'file_fire2_expand3_53.mem' is read successfully [/home/gsaied/Desktop/old_rtl/fire2_3_expand3/rom_fire2_expand3.sv:259]
INFO: [Synth 8-3876] $readmem data file 'file_fire2_expand3_54.mem' is read successfully [/home/gsaied/Desktop/old_rtl/fire2_3_expand3/rom_fire2_expand3.sv:260]
INFO: [Synth 8-3876] $readmem data file 'file_fire2_expand3_55.mem' is read successfully [/home/gsaied/Desktop/old_rtl/fire2_3_expand3/rom_fire2_expand3.sv:261]
INFO: [Synth 8-3876] $readmem data file 'file_fire2_expand3_56.mem' is read successfully [/home/gsaied/Desktop/old_rtl/fire2_3_expand3/rom_fire2_expand3.sv:262]
INFO: [Synth 8-3876] $readmem data file 'file_fire2_expand3_57.mem' is read successfully [/home/gsaied/Desktop/old_rtl/fire2_3_expand3/rom_fire2_expand3.sv:263]
INFO: [Synth 8-3876] $readmem data file 'file_fire2_expand3_58.mem' is read successfully [/home/gsaied/Desktop/old_rtl/fire2_3_expand3/rom_fire2_expand3.sv:264]
INFO: [Synth 8-3876] $readmem data file 'file_fire2_expand3_59.mem' is read successfully [/home/gsaied/Desktop/old_rtl/fire2_3_expand3/rom_fire2_expand3.sv:265]
INFO: [Synth 8-3876] $readmem data file 'file_fire2_expand3_60.mem' is read successfully [/home/gsaied/Desktop/old_rtl/fire2_3_expand3/rom_fire2_expand3.sv:266]
INFO: [Synth 8-3876] $readmem data file 'file_fire2_expand3_61.mem' is read successfully [/home/gsaied/Desktop/old_rtl/fire2_3_expand3/rom_fire2_expand3.sv:267]
INFO: [Synth 8-3876] $readmem data file 'file_fire2_expand3_62.mem' is read successfully [/home/gsaied/Desktop/old_rtl/fire2_3_expand3/rom_fire2_expand3.sv:268]
INFO: [Synth 8-3876] $readmem data file 'file_fire2_expand3_63.mem' is read successfully [/home/gsaied/Desktop/old_rtl/fire2_3_expand3/rom_fire2_expand3.sv:269]
INFO: [Synth 8-3876] $readmem data file 'file_fire2_expand3_64.mem' is read successfully [/home/gsaied/Desktop/old_rtl/fire2_3_expand3/rom_fire2_expand3.sv:270]
INFO: [Synth 8-6155] done synthesizing module 'rom_fire2_expand3' (4#1) [/home/gsaied/Desktop/old_rtl/fire2_3_expand3/rom_fire2_expand3.sv:3]
INFO: [Synth 8-6157] synthesizing module 'rom2_fire2_expand3' [/home/gsaied/Desktop/old_rtl/fire2_3_expand3/rom2_fire2_expand3.sv:3]
	Parameter WIDTH bound to: 16 - type: integer 
	Parameter KERNEL bound to: 3 - type: integer 
	Parameter ADDR bound to: 4 - type: integer 
	Parameter NUM bound to: 64 - type: integer 
INFO: [Synth 8-5534] Detected attribute (* rom_style = "{distributed}" *) [/home/gsaied/Desktop/old_rtl/fire2_3_expand3/rom2_fire2_expand3.sv:15]
INFO: [Synth 8-5534] Detected attribute (* rom_style = "{distributed}" *) [/home/gsaied/Desktop/old_rtl/fire2_3_expand3/rom2_fire2_expand3.sv:18]
INFO: [Synth 8-5534] Detected attribute (* rom_style = "{distributed}" *) [/home/gsaied/Desktop/old_rtl/fire2_3_expand3/rom2_fire2_expand3.sv:21]
INFO: [Synth 8-5534] Detected attribute (* rom_style = "{distributed}" *) [/home/gsaied/Desktop/old_rtl/fire2_3_expand3/rom2_fire2_expand3.sv:24]
INFO: [Synth 8-5534] Detected attribute (* rom_style = "{distributed}" *) [/home/gsaied/Desktop/old_rtl/fire2_3_expand3/rom2_fire2_expand3.sv:27]
INFO: [Synth 8-5534] Detected attribute (* rom_style = "{distributed}" *) [/home/gsaied/Desktop/old_rtl/fire2_3_expand3/rom2_fire2_expand3.sv:30]
INFO: [Synth 8-5534] Detected attribute (* rom_style = "{distributed}" *) [/home/gsaied/Desktop/old_rtl/fire2_3_expand3/rom2_fire2_expand3.sv:33]
INFO: [Synth 8-5534] Detected attribute (* rom_style = "{distributed}" *) [/home/gsaied/Desktop/old_rtl/fire2_3_expand3/rom2_fire2_expand3.sv:36]
INFO: [Synth 8-5534] Detected attribute (* rom_style = "{distributed}" *) [/home/gsaied/Desktop/old_rtl/fire2_3_expand3/rom2_fire2_expand3.sv:39]
INFO: [Synth 8-5534] Detected attribute (* rom_style = "{distributed}" *) [/home/gsaied/Desktop/old_rtl/fire2_3_expand3/rom2_fire2_expand3.sv:42]
INFO: [Synth 8-5534] Detected attribute (* rom_style = "{distributed}" *) [/home/gsaied/Desktop/old_rtl/fire2_3_expand3/rom2_fire2_expand3.sv:45]
INFO: [Synth 8-5534] Detected attribute (* rom_style = "{distributed}" *) [/home/gsaied/Desktop/old_rtl/fire2_3_expand3/rom2_fire2_expand3.sv:48]
INFO: [Synth 8-5534] Detected attribute (* rom_style = "{distributed}" *) [/home/gsaied/Desktop/old_rtl/fire2_3_expand3/rom2_fire2_expand3.sv:51]
INFO: [Synth 8-5534] Detected attribute (* rom_style = "{distributed}" *) [/home/gsaied/Desktop/old_rtl/fire2_3_expand3/rom2_fire2_expand3.sv:54]
INFO: [Synth 8-5534] Detected attribute (* rom_style = "{distributed}" *) [/home/gsaied/Desktop/old_rtl/fire2_3_expand3/rom2_fire2_expand3.sv:57]
INFO: [Synth 8-5534] Detected attribute (* rom_style = "{distributed}" *) [/home/gsaied/Desktop/old_rtl/fire2_3_expand3/rom2_fire2_expand3.sv:60]
INFO: [Synth 8-5534] Detected attribute (* rom_style = "{distributed}" *) [/home/gsaied/Desktop/old_rtl/fire2_3_expand3/rom2_fire2_expand3.sv:63]
INFO: [Synth 8-5534] Detected attribute (* rom_style = "{distributed}" *) [/home/gsaied/Desktop/old_rtl/fire2_3_expand3/rom2_fire2_expand3.sv:66]
INFO: [Synth 8-5534] Detected attribute (* rom_style = "{distributed}" *) [/home/gsaied/Desktop/old_rtl/fire2_3_expand3/rom2_fire2_expand3.sv:69]
INFO: [Synth 8-5534] Detected attribute (* rom_style = "{distributed}" *) [/home/gsaied/Desktop/old_rtl/fire2_3_expand3/rom2_fire2_expand3.sv:72]
INFO: [Synth 8-5534] Detected attribute (* rom_style = "{distributed}" *) [/home/gsaied/Desktop/old_rtl/fire2_3_expand3/rom2_fire2_expand3.sv:75]
INFO: [Synth 8-5534] Detected attribute (* rom_style = "{distributed}" *) [/home/gsaied/Desktop/old_rtl/fire2_3_expand3/rom2_fire2_expand3.sv:78]
INFO: [Synth 8-5534] Detected attribute (* rom_style = "{distributed}" *) [/home/gsaied/Desktop/old_rtl/fire2_3_expand3/rom2_fire2_expand3.sv:81]
INFO: [Synth 8-5534] Detected attribute (* rom_style = "{distributed}" *) [/home/gsaied/Desktop/old_rtl/fire2_3_expand3/rom2_fire2_expand3.sv:84]
INFO: [Synth 8-5534] Detected attribute (* rom_style = "{distributed}" *) [/home/gsaied/Desktop/old_rtl/fire2_3_expand3/rom2_fire2_expand3.sv:87]
INFO: [Synth 8-5534] Detected attribute (* rom_style = "{distributed}" *) [/home/gsaied/Desktop/old_rtl/fire2_3_expand3/rom2_fire2_expand3.sv:90]
INFO: [Synth 8-5534] Detected attribute (* rom_style = "{distributed}" *) [/home/gsaied/Desktop/old_rtl/fire2_3_expand3/rom2_fire2_expand3.sv:93]
INFO: [Synth 8-5534] Detected attribute (* rom_style = "{distributed}" *) [/home/gsaied/Desktop/old_rtl/fire2_3_expand3/rom2_fire2_expand3.sv:96]
INFO: [Synth 8-5534] Detected attribute (* rom_style = "{distributed}" *) [/home/gsaied/Desktop/old_rtl/fire2_3_expand3/rom2_fire2_expand3.sv:99]
INFO: [Synth 8-5534] Detected attribute (* rom_style = "{distributed}" *) [/home/gsaied/Desktop/old_rtl/fire2_3_expand3/rom2_fire2_expand3.sv:102]
INFO: [Synth 8-5534] Detected attribute (* rom_style = "{distributed}" *) [/home/gsaied/Desktop/old_rtl/fire2_3_expand3/rom2_fire2_expand3.sv:105]
INFO: [Synth 8-5534] Detected attribute (* rom_style = "{distributed}" *) [/home/gsaied/Desktop/old_rtl/fire2_3_expand3/rom2_fire2_expand3.sv:108]
INFO: [Synth 8-5534] Detected attribute (* rom_style = "{distributed}" *) [/home/gsaied/Desktop/old_rtl/fire2_3_expand3/rom2_fire2_expand3.sv:111]
INFO: [Synth 8-5534] Detected attribute (* rom_style = "{distributed}" *) [/home/gsaied/Desktop/old_rtl/fire2_3_expand3/rom2_fire2_expand3.sv:114]
INFO: [Common 17-14] Message 'Synth 8-5534' appears 100 times and further instances of the messages will be disabled. Use the Tcl command set_msg_config to change the current settings.
INFO: [Synth 8-3876] $readmem data file 'extend__file_fire2_expand3_1.mem' is read successfully [/home/gsaied/Desktop/old_rtl/fire2_3_expand3/rom2_fire2_expand3.sv:206]
INFO: [Synth 8-3876] $readmem data file 'extend__file_fire2_expand3_2.mem' is read successfully [/home/gsaied/Desktop/old_rtl/fire2_3_expand3/rom2_fire2_expand3.sv:207]
INFO: [Synth 8-3876] $readmem data file 'extend__file_fire2_expand3_3.mem' is read successfully [/home/gsaied/Desktop/old_rtl/fire2_3_expand3/rom2_fire2_expand3.sv:208]
INFO: [Synth 8-3876] $readmem data file 'extend__file_fire2_expand3_4.mem' is read successfully [/home/gsaied/Desktop/old_rtl/fire2_3_expand3/rom2_fire2_expand3.sv:209]
INFO: [Synth 8-3876] $readmem data file 'extend__file_fire2_expand3_5.mem' is read successfully [/home/gsaied/Desktop/old_rtl/fire2_3_expand3/rom2_fire2_expand3.sv:210]
INFO: [Synth 8-3876] $readmem data file 'extend__file_fire2_expand3_6.mem' is read successfully [/home/gsaied/Desktop/old_rtl/fire2_3_expand3/rom2_fire2_expand3.sv:211]
INFO: [Synth 8-3876] $readmem data file 'extend__file_fire2_expand3_7.mem' is read successfully [/home/gsaied/Desktop/old_rtl/fire2_3_expand3/rom2_fire2_expand3.sv:212]
INFO: [Synth 8-3876] $readmem data file 'extend__file_fire2_expand3_8.mem' is read successfully [/home/gsaied/Desktop/old_rtl/fire2_3_expand3/rom2_fire2_expand3.sv:213]
INFO: [Synth 8-3876] $readmem data file 'extend__file_fire2_expand3_9.mem' is read successfully [/home/gsaied/Desktop/old_rtl/fire2_3_expand3/rom2_fire2_expand3.sv:214]
INFO: [Synth 8-3876] $readmem data file 'extend__file_fire2_expand3_10.mem' is read successfully [/home/gsaied/Desktop/old_rtl/fire2_3_expand3/rom2_fire2_expand3.sv:215]
INFO: [Synth 8-3876] $readmem data file 'extend__file_fire2_expand3_11.mem' is read successfully [/home/gsaied/Desktop/old_rtl/fire2_3_expand3/rom2_fire2_expand3.sv:216]
INFO: [Synth 8-3876] $readmem data file 'extend__file_fire2_expand3_12.mem' is read successfully [/home/gsaied/Desktop/old_rtl/fire2_3_expand3/rom2_fire2_expand3.sv:217]
INFO: [Synth 8-3876] $readmem data file 'extend__file_fire2_expand3_13.mem' is read successfully [/home/gsaied/Desktop/old_rtl/fire2_3_expand3/rom2_fire2_expand3.sv:218]
INFO: [Synth 8-3876] $readmem data file 'extend__file_fire2_expand3_14.mem' is read successfully [/home/gsaied/Desktop/old_rtl/fire2_3_expand3/rom2_fire2_expand3.sv:219]
INFO: [Synth 8-3876] $readmem data file 'extend__file_fire2_expand3_15.mem' is read successfully [/home/gsaied/Desktop/old_rtl/fire2_3_expand3/rom2_fire2_expand3.sv:220]
INFO: [Synth 8-3876] $readmem data file 'extend__file_fire2_expand3_16.mem' is read successfully [/home/gsaied/Desktop/old_rtl/fire2_3_expand3/rom2_fire2_expand3.sv:221]
INFO: [Synth 8-3876] $readmem data file 'extend__file_fire2_expand3_17.mem' is read successfully [/home/gsaied/Desktop/old_rtl/fire2_3_expand3/rom2_fire2_expand3.sv:222]
INFO: [Synth 8-3876] $readmem data file 'extend__file_fire2_expand3_18.mem' is read successfully [/home/gsaied/Desktop/old_rtl/fire2_3_expand3/rom2_fire2_expand3.sv:223]
INFO: [Synth 8-3876] $readmem data file 'extend__file_fire2_expand3_19.mem' is read successfully [/home/gsaied/Desktop/old_rtl/fire2_3_expand3/rom2_fire2_expand3.sv:224]
INFO: [Synth 8-3876] $readmem data file 'extend__file_fire2_expand3_20.mem' is read successfully [/home/gsaied/Desktop/old_rtl/fire2_3_expand3/rom2_fire2_expand3.sv:225]
INFO: [Synth 8-3876] $readmem data file 'extend__file_fire2_expand3_21.mem' is read successfully [/home/gsaied/Desktop/old_rtl/fire2_3_expand3/rom2_fire2_expand3.sv:226]
INFO: [Synth 8-3876] $readmem data file 'extend__file_fire2_expand3_22.mem' is read successfully [/home/gsaied/Desktop/old_rtl/fire2_3_expand3/rom2_fire2_expand3.sv:227]
INFO: [Synth 8-3876] $readmem data file 'extend__file_fire2_expand3_23.mem' is read successfully [/home/gsaied/Desktop/old_rtl/fire2_3_expand3/rom2_fire2_expand3.sv:228]
INFO: [Synth 8-3876] $readmem data file 'extend__file_fire2_expand3_24.mem' is read successfully [/home/gsaied/Desktop/old_rtl/fire2_3_expand3/rom2_fire2_expand3.sv:229]
INFO: [Synth 8-3876] $readmem data file 'extend__file_fire2_expand3_25.mem' is read successfully [/home/gsaied/Desktop/old_rtl/fire2_3_expand3/rom2_fire2_expand3.sv:230]
INFO: [Synth 8-3876] $readmem data file 'extend__file_fire2_expand3_26.mem' is read successfully [/home/gsaied/Desktop/old_rtl/fire2_3_expand3/rom2_fire2_expand3.sv:231]
INFO: [Synth 8-3876] $readmem data file 'extend__file_fire2_expand3_27.mem' is read successfully [/home/gsaied/Desktop/old_rtl/fire2_3_expand3/rom2_fire2_expand3.sv:232]
INFO: [Synth 8-3876] $readmem data file 'extend__file_fire2_expand3_28.mem' is read successfully [/home/gsaied/Desktop/old_rtl/fire2_3_expand3/rom2_fire2_expand3.sv:233]
INFO: [Synth 8-3876] $readmem data file 'extend__file_fire2_expand3_29.mem' is read successfully [/home/gsaied/Desktop/old_rtl/fire2_3_expand3/rom2_fire2_expand3.sv:234]
INFO: [Synth 8-3876] $readmem data file 'extend__file_fire2_expand3_30.mem' is read successfully [/home/gsaied/Desktop/old_rtl/fire2_3_expand3/rom2_fire2_expand3.sv:235]
INFO: [Synth 8-3876] $readmem data file 'extend__file_fire2_expand3_31.mem' is read successfully [/home/gsaied/Desktop/old_rtl/fire2_3_expand3/rom2_fire2_expand3.sv:236]
INFO: [Synth 8-3876] $readmem data file 'extend__file_fire2_expand3_32.mem' is read successfully [/home/gsaied/Desktop/old_rtl/fire2_3_expand3/rom2_fire2_expand3.sv:237]
INFO: [Synth 8-3876] $readmem data file 'extend__file_fire2_expand3_33.mem' is read successfully [/home/gsaied/Desktop/old_rtl/fire2_3_expand3/rom2_fire2_expand3.sv:238]
INFO: [Synth 8-3876] $readmem data file 'extend__file_fire2_expand3_34.mem' is read successfully [/home/gsaied/Desktop/old_rtl/fire2_3_expand3/rom2_fire2_expand3.sv:239]
INFO: [Synth 8-3876] $readmem data file 'extend__file_fire2_expand3_35.mem' is read successfully [/home/gsaied/Desktop/old_rtl/fire2_3_expand3/rom2_fire2_expand3.sv:240]
INFO: [Synth 8-3876] $readmem data file 'extend__file_fire2_expand3_36.mem' is read successfully [/home/gsaied/Desktop/old_rtl/fire2_3_expand3/rom2_fire2_expand3.sv:241]
INFO: [Common 17-14] Message 'Synth 8-3876' appears 100 times and further instances of the messages will be disabled. Use the Tcl command set_msg_config to change the current settings.
INFO: [Synth 8-6155] done synthesizing module 'rom2_fire2_expand3' (5#1) [/home/gsaied/Desktop/old_rtl/fire2_3_expand3/rom2_fire2_expand3.sv:3]
INFO: [Synth 8-6155] done synthesizing module 'wrapper_rom_fire2' (6#1) [/home/gsaied/Desktop/old_rtl/fire2_3_expand3/wrapper_rom_fire2.sv:3]
INFO: [Synth 8-6157] synthesizing module 'wrapper_rom_fire3' [/home/gsaied/Desktop/old_rtl/fire2_3_expand3/wrapper_rom_fire3.sv:3]
	Parameter WIDTH bound to: 16 - type: integer 
	Parameter KERNEL bound to: 3 - type: integer 
	Parameter ADDR bound to: 8 - type: integer 
	Parameter NUM bound to: 64 - type: integer 
INFO: [Synth 8-6157] synthesizing module 'rom_fire3_expand3' [/home/gsaied/Desktop/old_rtl/fire2_3_expand3/rom_fire3_expand3.sv:3]
	Parameter WIDTH bound to: 16 - type: integer 
	Parameter KERNEL bound to: 3 - type: integer 
	Parameter ADDR bound to: 7 - type: integer 
	Parameter NUM bound to: 64 - type: integer 
INFO: [Synth 8-6155] done synthesizing module 'rom_fire3_expand3' (7#1) [/home/gsaied/Desktop/old_rtl/fire2_3_expand3/rom_fire3_expand3.sv:3]
INFO: [Synth 8-6157] synthesizing module 'rom2_fire3_expand3' [/home/gsaied/Desktop/old_rtl/fire2_3_expand3/rom2_fire3_expand3.sv:3]
	Parameter WIDTH bound to: 16 - type: integer 
	Parameter KERNEL bound to: 3 - type: integer 
	Parameter ADDR bound to: 4 - type: integer 
	Parameter NUM bound to: 64 - type: integer 
INFO: [Synth 8-6155] done synthesizing module 'rom2_fire3_expand3' (8#1) [/home/gsaied/Desktop/old_rtl/fire2_3_expand3/rom2_fire3_expand3.sv:3]
INFO: [Synth 8-6155] done synthesizing module 'wrapper_rom_fire3' (9#1) [/home/gsaied/Desktop/old_rtl/fire2_3_expand3/wrapper_rom_fire3.sv:3]
WARNING: [Synth 8-3848] Net ofm_2[0] in module/entity fire2_3_expand_3 does not have driver. [/home/gsaied/Desktop/old_rtl/fire2_3_expand3/fire2_3_expand3.sv:31]
WARNING: [Synth 8-3848] Net ofm_2[1] in module/entity fire2_3_expand_3 does not have driver. [/home/gsaied/Desktop/old_rtl/fire2_3_expand3/fire2_3_expand3.sv:31]
WARNING: [Synth 8-3848] Net ofm_2[2] in module/entity fire2_3_expand_3 does not have driver. [/home/gsaied/Desktop/old_rtl/fire2_3_expand3/fire2_3_expand3.sv:31]
WARNING: [Synth 8-3848] Net ofm_2[3] in module/entity fire2_3_expand_3 does not have driver. [/home/gsaied/Desktop/old_rtl/fire2_3_expand3/fire2_3_expand3.sv:31]
WARNING: [Synth 8-3848] Net ofm_2[4] in module/entity fire2_3_expand_3 does not have driver. [/home/gsaied/Desktop/old_rtl/fire2_3_expand3/fire2_3_expand3.sv:31]
WARNING: [Synth 8-3848] Net ofm_2[5] in module/entity fire2_3_expand_3 does not have driver. [/home/gsaied/Desktop/old_rtl/fire2_3_expand3/fire2_3_expand3.sv:31]
WARNING: [Synth 8-3848] Net ofm_2[6] in module/entity fire2_3_expand_3 does not have driver. [/home/gsaied/Desktop/old_rtl/fire2_3_expand3/fire2_3_expand3.sv:31]
WARNING: [Synth 8-3848] Net ofm_2[7] in module/entity fire2_3_expand_3 does not have driver. [/home/gsaied/Desktop/old_rtl/fire2_3_expand3/fire2_3_expand3.sv:31]
WARNING: [Synth 8-3848] Net ofm_2[8] in module/entity fire2_3_expand_3 does not have driver. [/home/gsaied/Desktop/old_rtl/fire2_3_expand3/fire2_3_expand3.sv:31]
WARNING: [Synth 8-3848] Net ofm_2[9] in module/entity fire2_3_expand_3 does not have driver. [/home/gsaied/Desktop/old_rtl/fire2_3_expand3/fire2_3_expand3.sv:31]
WARNING: [Synth 8-3848] Net ofm_2[10] in module/entity fire2_3_expand_3 does not have driver. [/home/gsaied/Desktop/old_rtl/fire2_3_expand3/fire2_3_expand3.sv:31]
WARNING: [Synth 8-3848] Net ofm_2[11] in module/entity fire2_3_expand_3 does not have driver. [/home/gsaied/Desktop/old_rtl/fire2_3_expand3/fire2_3_expand3.sv:31]
WARNING: [Synth 8-3848] Net ofm_2[12] in module/entity fire2_3_expand_3 does not have driver. [/home/gsaied/Desktop/old_rtl/fire2_3_expand3/fire2_3_expand3.sv:31]
WARNING: [Synth 8-3848] Net ofm_2[13] in module/entity fire2_3_expand_3 does not have driver. [/home/gsaied/Desktop/old_rtl/fire2_3_expand3/fire2_3_expand3.sv:31]
WARNING: [Synth 8-3848] Net ofm_2[14] in module/entity fire2_3_expand_3 does not have driver. [/home/gsaied/Desktop/old_rtl/fire2_3_expand3/fire2_3_expand3.sv:31]
WARNING: [Synth 8-3848] Net ofm_2[15] in module/entity fire2_3_expand_3 does not have driver. [/home/gsaied/Desktop/old_rtl/fire2_3_expand3/fire2_3_expand3.sv:31]
WARNING: [Synth 8-3848] Net ofm_2[16] in module/entity fire2_3_expand_3 does not have driver. [/home/gsaied/Desktop/old_rtl/fire2_3_expand3/fire2_3_expand3.sv:31]
WARNING: [Synth 8-3848] Net ofm_2[17] in module/entity fire2_3_expand_3 does not have driver. [/home/gsaied/Desktop/old_rtl/fire2_3_expand3/fire2_3_expand3.sv:31]
WARNING: [Synth 8-3848] Net ofm_2[18] in module/entity fire2_3_expand_3 does not have driver. [/home/gsaied/Desktop/old_rtl/fire2_3_expand3/fire2_3_expand3.sv:31]
WARNING: [Synth 8-3848] Net ofm_2[19] in module/entity fire2_3_expand_3 does not have driver. [/home/gsaied/Desktop/old_rtl/fire2_3_expand3/fire2_3_expand3.sv:31]
WARNING: [Synth 8-3848] Net ofm_2[20] in module/entity fire2_3_expand_3 does not have driver. [/home/gsaied/Desktop/old_rtl/fire2_3_expand3/fire2_3_expand3.sv:31]
WARNING: [Synth 8-3848] Net ofm_2[21] in module/entity fire2_3_expand_3 does not have driver. [/home/gsaied/Desktop/old_rtl/fire2_3_expand3/fire2_3_expand3.sv:31]
WARNING: [Synth 8-3848] Net ofm_2[22] in module/entity fire2_3_expand_3 does not have driver. [/home/gsaied/Desktop/old_rtl/fire2_3_expand3/fire2_3_expand3.sv:31]
WARNING: [Synth 8-3848] Net ofm_2[23] in module/entity fire2_3_expand_3 does not have driver. [/home/gsaied/Desktop/old_rtl/fire2_3_expand3/fire2_3_expand3.sv:31]
WARNING: [Synth 8-3848] Net ofm_2[24] in module/entity fire2_3_expand_3 does not have driver. [/home/gsaied/Desktop/old_rtl/fire2_3_expand3/fire2_3_expand3.sv:31]
WARNING: [Synth 8-3848] Net ofm_2[25] in module/entity fire2_3_expand_3 does not have driver. [/home/gsaied/Desktop/old_rtl/fire2_3_expand3/fire2_3_expand3.sv:31]
WARNING: [Synth 8-3848] Net ofm_2[26] in module/entity fire2_3_expand_3 does not have driver. [/home/gsaied/Desktop/old_rtl/fire2_3_expand3/fire2_3_expand3.sv:31]
WARNING: [Synth 8-3848] Net ofm_2[27] in module/entity fire2_3_expand_3 does not have driver. [/home/gsaied/Desktop/old_rtl/fire2_3_expand3/fire2_3_expand3.sv:31]
WARNING: [Synth 8-3848] Net ofm_2[28] in module/entity fire2_3_expand_3 does not have driver. [/home/gsaied/Desktop/old_rtl/fire2_3_expand3/fire2_3_expand3.sv:31]
WARNING: [Synth 8-3848] Net ofm_2[29] in module/entity fire2_3_expand_3 does not have driver. [/home/gsaied/Desktop/old_rtl/fire2_3_expand3/fire2_3_expand3.sv:31]
WARNING: [Synth 8-3848] Net ofm_2[30] in module/entity fire2_3_expand_3 does not have driver. [/home/gsaied/Desktop/old_rtl/fire2_3_expand3/fire2_3_expand3.sv:31]
WARNING: [Synth 8-3848] Net ofm_2[31] in module/entity fire2_3_expand_3 does not have driver. [/home/gsaied/Desktop/old_rtl/fire2_3_expand3/fire2_3_expand3.sv:31]
WARNING: [Synth 8-3848] Net ofm_2[32] in module/entity fire2_3_expand_3 does not have driver. [/home/gsaied/Desktop/old_rtl/fire2_3_expand3/fire2_3_expand3.sv:31]
WARNING: [Synth 8-3848] Net ofm_2[33] in module/entity fire2_3_expand_3 does not have driver. [/home/gsaied/Desktop/old_rtl/fire2_3_expand3/fire2_3_expand3.sv:31]
WARNING: [Synth 8-3848] Net ofm_2[34] in module/entity fire2_3_expand_3 does not have driver. [/home/gsaied/Desktop/old_rtl/fire2_3_expand3/fire2_3_expand3.sv:31]
WARNING: [Synth 8-3848] Net ofm_2[35] in module/entity fire2_3_expand_3 does not have driver. [/home/gsaied/Desktop/old_rtl/fire2_3_expand3/fire2_3_expand3.sv:31]
WARNING: [Synth 8-3848] Net ofm_2[36] in module/entity fire2_3_expand_3 does not have driver. [/home/gsaied/Desktop/old_rtl/fire2_3_expand3/fire2_3_expand3.sv:31]
WARNING: [Synth 8-3848] Net ofm_2[37] in module/entity fire2_3_expand_3 does not have driver. [/home/gsaied/Desktop/old_rtl/fire2_3_expand3/fire2_3_expand3.sv:31]
WARNING: [Synth 8-3848] Net ofm_2[38] in module/entity fire2_3_expand_3 does not have driver. [/home/gsaied/Desktop/old_rtl/fire2_3_expand3/fire2_3_expand3.sv:31]
WARNING: [Synth 8-3848] Net ofm_2[39] in module/entity fire2_3_expand_3 does not have driver. [/home/gsaied/Desktop/old_rtl/fire2_3_expand3/fire2_3_expand3.sv:31]
WARNING: [Synth 8-3848] Net ofm_2[40] in module/entity fire2_3_expand_3 does not have driver. [/home/gsaied/Desktop/old_rtl/fire2_3_expand3/fire2_3_expand3.sv:31]
WARNING: [Synth 8-3848] Net ofm_2[41] in module/entity fire2_3_expand_3 does not have driver. [/home/gsaied/Desktop/old_rtl/fire2_3_expand3/fire2_3_expand3.sv:31]
WARNING: [Synth 8-3848] Net ofm_2[42] in module/entity fire2_3_expand_3 does not have driver. [/home/gsaied/Desktop/old_rtl/fire2_3_expand3/fire2_3_expand3.sv:31]
WARNING: [Synth 8-3848] Net ofm_2[43] in module/entity fire2_3_expand_3 does not have driver. [/home/gsaied/Desktop/old_rtl/fire2_3_expand3/fire2_3_expand3.sv:31]
WARNING: [Synth 8-3848] Net ofm_2[44] in module/entity fire2_3_expand_3 does not have driver. [/home/gsaied/Desktop/old_rtl/fire2_3_expand3/fire2_3_expand3.sv:31]
WARNING: [Synth 8-3848] Net ofm_2[45] in module/entity fire2_3_expand_3 does not have driver. [/home/gsaied/Desktop/old_rtl/fire2_3_expand3/fire2_3_expand3.sv:31]
WARNING: [Synth 8-3848] Net ofm_2[46] in module/entity fire2_3_expand_3 does not have driver. [/home/gsaied/Desktop/old_rtl/fire2_3_expand3/fire2_3_expand3.sv:31]
WARNING: [Synth 8-3848] Net ofm_2[47] in module/entity fire2_3_expand_3 does not have driver. [/home/gsaied/Desktop/old_rtl/fire2_3_expand3/fire2_3_expand3.sv:31]
WARNING: [Synth 8-3848] Net ofm_2[48] in module/entity fire2_3_expand_3 does not have driver. [/home/gsaied/Desktop/old_rtl/fire2_3_expand3/fire2_3_expand3.sv:31]
WARNING: [Synth 8-3848] Net ofm_2[49] in module/entity fire2_3_expand_3 does not have driver. [/home/gsaied/Desktop/old_rtl/fire2_3_expand3/fire2_3_expand3.sv:31]
WARNING: [Synth 8-3848] Net ofm_2[50] in module/entity fire2_3_expand_3 does not have driver. [/home/gsaied/Desktop/old_rtl/fire2_3_expand3/fire2_3_expand3.sv:31]
WARNING: [Synth 8-3848] Net ofm_2[51] in module/entity fire2_3_expand_3 does not have driver. [/home/gsaied/Desktop/old_rtl/fire2_3_expand3/fire2_3_expand3.sv:31]
WARNING: [Synth 8-3848] Net ofm_2[52] in module/entity fire2_3_expand_3 does not have driver. [/home/gsaied/Desktop/old_rtl/fire2_3_expand3/fire2_3_expand3.sv:31]
WARNING: [Synth 8-3848] Net ofm_2[53] in module/entity fire2_3_expand_3 does not have driver. [/home/gsaied/Desktop/old_rtl/fire2_3_expand3/fire2_3_expand3.sv:31]
WARNING: [Synth 8-3848] Net ofm_2[54] in module/entity fire2_3_expand_3 does not have driver. [/home/gsaied/Desktop/old_rtl/fire2_3_expand3/fire2_3_expand3.sv:31]
WARNING: [Synth 8-3848] Net ofm_2[55] in module/entity fire2_3_expand_3 does not have driver. [/home/gsaied/Desktop/old_rtl/fire2_3_expand3/fire2_3_expand3.sv:31]
WARNING: [Synth 8-3848] Net ofm_2[56] in module/entity fire2_3_expand_3 does not have driver. [/home/gsaied/Desktop/old_rtl/fire2_3_expand3/fire2_3_expand3.sv:31]
WARNING: [Synth 8-3848] Net ofm_2[57] in module/entity fire2_3_expand_3 does not have driver. [/home/gsaied/Desktop/old_rtl/fire2_3_expand3/fire2_3_expand3.sv:31]
WARNING: [Synth 8-3848] Net ofm_2[58] in module/entity fire2_3_expand_3 does not have driver. [/home/gsaied/Desktop/old_rtl/fire2_3_expand3/fire2_3_expand3.sv:31]
WARNING: [Synth 8-3848] Net ofm_2[59] in module/entity fire2_3_expand_3 does not have driver. [/home/gsaied/Desktop/old_rtl/fire2_3_expand3/fire2_3_expand3.sv:31]
WARNING: [Synth 8-3848] Net ofm_2[60] in module/entity fire2_3_expand_3 does not have driver. [/home/gsaied/Desktop/old_rtl/fire2_3_expand3/fire2_3_expand3.sv:31]
WARNING: [Synth 8-3848] Net ofm_2[61] in module/entity fire2_3_expand_3 does not have driver. [/home/gsaied/Desktop/old_rtl/fire2_3_expand3/fire2_3_expand3.sv:31]
WARNING: [Synth 8-3848] Net ofm_2[62] in module/entity fire2_3_expand_3 does not have driver. [/home/gsaied/Desktop/old_rtl/fire2_3_expand3/fire2_3_expand3.sv:31]
WARNING: [Synth 8-3848] Net ofm_2[63] in module/entity fire2_3_expand_3 does not have driver. [/home/gsaied/Desktop/old_rtl/fire2_3_expand3/fire2_3_expand3.sv:31]
INFO: [Synth 8-6155] done synthesizing module 'fire2_3_expand_3' (10#1) [/home/gsaied/Desktop/old_rtl/fire2_3_expand3/fire2_3_expand3.sv:10]
WARNING: [Synth 8-3331] design fire2_3_expand_3 has unconnected port ofm_2[0][15]
WARNING: [Synth 8-3331] design fire2_3_expand_3 has unconnected port ofm_2[0][14]
WARNING: [Synth 8-3331] design fire2_3_expand_3 has unconnected port ofm_2[0][13]
WARNING: [Synth 8-3331] design fire2_3_expand_3 has unconnected port ofm_2[0][12]
WARNING: [Synth 8-3331] design fire2_3_expand_3 has unconnected port ofm_2[0][11]
WARNING: [Synth 8-3331] design fire2_3_expand_3 has unconnected port ofm_2[0][10]
WARNING: [Synth 8-3331] design fire2_3_expand_3 has unconnected port ofm_2[0][9]
WARNING: [Synth 8-3331] design fire2_3_expand_3 has unconnected port ofm_2[0][8]
WARNING: [Synth 8-3331] design fire2_3_expand_3 has unconnected port ofm_2[0][7]
WARNING: [Synth 8-3331] design fire2_3_expand_3 has unconnected port ofm_2[0][6]
WARNING: [Synth 8-3331] design fire2_3_expand_3 has unconnected port ofm_2[0][5]
WARNING: [Synth 8-3331] design fire2_3_expand_3 has unconnected port ofm_2[0][4]
WARNING: [Synth 8-3331] design fire2_3_expand_3 has unconnected port ofm_2[0][3]
WARNING: [Synth 8-3331] design fire2_3_expand_3 has unconnected port ofm_2[0][2]
WARNING: [Synth 8-3331] design fire2_3_expand_3 has unconnected port ofm_2[0][1]
WARNING: [Synth 8-3331] design fire2_3_expand_3 has unconnected port ofm_2[0][0]
WARNING: [Synth 8-3331] design fire2_3_expand_3 has unconnected port ofm_2[1][15]
WARNING: [Synth 8-3331] design fire2_3_expand_3 has unconnected port ofm_2[1][14]
WARNING: [Synth 8-3331] design fire2_3_expand_3 has unconnected port ofm_2[1][13]
WARNING: [Synth 8-3331] design fire2_3_expand_3 has unconnected port ofm_2[1][12]
WARNING: [Synth 8-3331] design fire2_3_expand_3 has unconnected port ofm_2[1][11]
WARNING: [Synth 8-3331] design fire2_3_expand_3 has unconnected port ofm_2[1][10]
WARNING: [Synth 8-3331] design fire2_3_expand_3 has unconnected port ofm_2[1][9]
WARNING: [Synth 8-3331] design fire2_3_expand_3 has unconnected port ofm_2[1][8]
WARNING: [Synth 8-3331] design fire2_3_expand_3 has unconnected port ofm_2[1][7]
WARNING: [Synth 8-3331] design fire2_3_expand_3 has unconnected port ofm_2[1][6]
WARNING: [Synth 8-3331] design fire2_3_expand_3 has unconnected port ofm_2[1][5]
WARNING: [Synth 8-3331] design fire2_3_expand_3 has unconnected port ofm_2[1][4]
WARNING: [Synth 8-3331] design fire2_3_expand_3 has unconnected port ofm_2[1][3]
WARNING: [Synth 8-3331] design fire2_3_expand_3 has unconnected port ofm_2[1][2]
WARNING: [Synth 8-3331] design fire2_3_expand_3 has unconnected port ofm_2[1][1]
WARNING: [Synth 8-3331] design fire2_3_expand_3 has unconnected port ofm_2[1][0]
WARNING: [Synth 8-3331] design fire2_3_expand_3 has unconnected port ofm_2[2][15]
WARNING: [Synth 8-3331] design fire2_3_expand_3 has unconnected port ofm_2[2][14]
WARNING: [Synth 8-3331] design fire2_3_expand_3 has unconnected port ofm_2[2][13]
WARNING: [Synth 8-3331] design fire2_3_expand_3 has unconnected port ofm_2[2][12]
WARNING: [Synth 8-3331] design fire2_3_expand_3 has unconnected port ofm_2[2][11]
WARNING: [Synth 8-3331] design fire2_3_expand_3 has unconnected port ofm_2[2][10]
WARNING: [Synth 8-3331] design fire2_3_expand_3 has unconnected port ofm_2[2][9]
WARNING: [Synth 8-3331] design fire2_3_expand_3 has unconnected port ofm_2[2][8]
WARNING: [Synth 8-3331] design fire2_3_expand_3 has unconnected port ofm_2[2][7]
WARNING: [Synth 8-3331] design fire2_3_expand_3 has unconnected port ofm_2[2][6]
WARNING: [Synth 8-3331] design fire2_3_expand_3 has unconnected port ofm_2[2][5]
WARNING: [Synth 8-3331] design fire2_3_expand_3 has unconnected port ofm_2[2][4]
WARNING: [Synth 8-3331] design fire2_3_expand_3 has unconnected port ofm_2[2][3]
WARNING: [Synth 8-3331] design fire2_3_expand_3 has unconnected port ofm_2[2][2]
WARNING: [Synth 8-3331] design fire2_3_expand_3 has unconnected port ofm_2[2][1]
WARNING: [Synth 8-3331] design fire2_3_expand_3 has unconnected port ofm_2[2][0]
WARNING: [Synth 8-3331] design fire2_3_expand_3 has unconnected port ofm_2[3][15]
WARNING: [Synth 8-3331] design fire2_3_expand_3 has unconnected port ofm_2[3][14]
WARNING: [Synth 8-3331] design fire2_3_expand_3 has unconnected port ofm_2[3][13]
WARNING: [Synth 8-3331] design fire2_3_expand_3 has unconnected port ofm_2[3][12]
WARNING: [Synth 8-3331] design fire2_3_expand_3 has unconnected port ofm_2[3][11]
WARNING: [Synth 8-3331] design fire2_3_expand_3 has unconnected port ofm_2[3][10]
WARNING: [Synth 8-3331] design fire2_3_expand_3 has unconnected port ofm_2[3][9]
WARNING: [Synth 8-3331] design fire2_3_expand_3 has unconnected port ofm_2[3][8]
WARNING: [Synth 8-3331] design fire2_3_expand_3 has unconnected port ofm_2[3][7]
WARNING: [Synth 8-3331] design fire2_3_expand_3 has unconnected port ofm_2[3][6]
WARNING: [Synth 8-3331] design fire2_3_expand_3 has unconnected port ofm_2[3][5]
WARNING: [Synth 8-3331] design fire2_3_expand_3 has unconnected port ofm_2[3][4]
WARNING: [Synth 8-3331] design fire2_3_expand_3 has unconnected port ofm_2[3][3]
WARNING: [Synth 8-3331] design fire2_3_expand_3 has unconnected port ofm_2[3][2]
WARNING: [Synth 8-3331] design fire2_3_expand_3 has unconnected port ofm_2[3][1]
WARNING: [Synth 8-3331] design fire2_3_expand_3 has unconnected port ofm_2[3][0]
WARNING: [Synth 8-3331] design fire2_3_expand_3 has unconnected port ofm_2[4][15]
WARNING: [Synth 8-3331] design fire2_3_expand_3 has unconnected port ofm_2[4][14]
WARNING: [Synth 8-3331] design fire2_3_expand_3 has unconnected port ofm_2[4][13]
WARNING: [Synth 8-3331] design fire2_3_expand_3 has unconnected port ofm_2[4][12]
WARNING: [Synth 8-3331] design fire2_3_expand_3 has unconnected port ofm_2[4][11]
WARNING: [Synth 8-3331] design fire2_3_expand_3 has unconnected port ofm_2[4][10]
WARNING: [Synth 8-3331] design fire2_3_expand_3 has unconnected port ofm_2[4][9]
WARNING: [Synth 8-3331] design fire2_3_expand_3 has unconnected port ofm_2[4][8]
WARNING: [Synth 8-3331] design fire2_3_expand_3 has unconnected port ofm_2[4][7]
WARNING: [Synth 8-3331] design fire2_3_expand_3 has unconnected port ofm_2[4][6]
WARNING: [Synth 8-3331] design fire2_3_expand_3 has unconnected port ofm_2[4][5]
WARNING: [Synth 8-3331] design fire2_3_expand_3 has unconnected port ofm_2[4][4]
WARNING: [Synth 8-3331] design fire2_3_expand_3 has unconnected port ofm_2[4][3]
WARNING: [Synth 8-3331] design fire2_3_expand_3 has unconnected port ofm_2[4][2]
WARNING: [Synth 8-3331] design fire2_3_expand_3 has unconnected port ofm_2[4][1]
WARNING: [Synth 8-3331] design fire2_3_expand_3 has unconnected port ofm_2[4][0]
WARNING: [Synth 8-3331] design fire2_3_expand_3 has unconnected port ofm_2[5][15]
WARNING: [Synth 8-3331] design fire2_3_expand_3 has unconnected port ofm_2[5][14]
WARNING: [Synth 8-3331] design fire2_3_expand_3 has unconnected port ofm_2[5][13]
WARNING: [Synth 8-3331] design fire2_3_expand_3 has unconnected port ofm_2[5][12]
WARNING: [Synth 8-3331] design fire2_3_expand_3 has unconnected port ofm_2[5][11]
WARNING: [Synth 8-3331] design fire2_3_expand_3 has unconnected port ofm_2[5][10]
WARNING: [Synth 8-3331] design fire2_3_expand_3 has unconnected port ofm_2[5][9]
WARNING: [Synth 8-3331] design fire2_3_expand_3 has unconnected port ofm_2[5][8]
WARNING: [Synth 8-3331] design fire2_3_expand_3 has unconnected port ofm_2[5][7]
WARNING: [Synth 8-3331] design fire2_3_expand_3 has unconnected port ofm_2[5][6]
WARNING: [Synth 8-3331] design fire2_3_expand_3 has unconnected port ofm_2[5][5]
WARNING: [Synth 8-3331] design fire2_3_expand_3 has unconnected port ofm_2[5][4]
WARNING: [Synth 8-3331] design fire2_3_expand_3 has unconnected port ofm_2[5][3]
WARNING: [Synth 8-3331] design fire2_3_expand_3 has unconnected port ofm_2[5][2]
WARNING: [Synth 8-3331] design fire2_3_expand_3 has unconnected port ofm_2[5][1]
WARNING: [Synth 8-3331] design fire2_3_expand_3 has unconnected port ofm_2[5][0]
WARNING: [Synth 8-3331] design fire2_3_expand_3 has unconnected port ofm_2[6][15]
WARNING: [Synth 8-3331] design fire2_3_expand_3 has unconnected port ofm_2[6][14]
WARNING: [Synth 8-3331] design fire2_3_expand_3 has unconnected port ofm_2[6][13]
WARNING: [Synth 8-3331] design fire2_3_expand_3 has unconnected port ofm_2[6][12]
INFO: [Common 17-14] Message 'Synth 8-3331' appears 100 times and further instances of the messages will be disabled. Use the Tcl command set_msg_config to change the current settings.
---------------------------------------------------------------------------------
Finished RTL Elaboration : Time (s): cpu = 00:00:05 ; elapsed = 00:00:06 . Memory (MB): peak = 1498.211 ; gain = 142.750 ; free physical = 2448 ; free virtual = 5267
---------------------------------------------------------------------------------

Report Check Netlist: 
+------+------------------+-------+---------+-------+------------------+
|      |Item              |Errors |Warnings |Status |Description       |
+------+------------------+-------+---------+-------+------------------+
|1     |multi_driven_nets |      0|        0|Passed |Multi driven nets |
+------+------------------+-------+---------+-------+------------------+
---------------------------------------------------------------------------------
Start Handling Custom Attributes
---------------------------------------------------------------------------------
---------------------------------------------------------------------------------
Finished Handling Custom Attributes : Time (s): cpu = 00:00:05 ; elapsed = 00:00:06 . Memory (MB): peak = 1498.211 ; gain = 142.750 ; free physical = 2445 ; free virtual = 5264
---------------------------------------------------------------------------------
---------------------------------------------------------------------------------
Finished RTL Optimization Phase 1 : Time (s): cpu = 00:00:05 ; elapsed = 00:00:06 . Memory (MB): peak = 1498.211 ; gain = 142.750 ; free physical = 2445 ; free virtual = 5264
---------------------------------------------------------------------------------
INFO: [Device 21-403] Loading part xc7vx690tffg1157-3
INFO: [Common 17-41] Interrupt caught. Command should exit soon.
INFO: [Common 17-83] Releasing license: Synthesis
227 Infos, 164 Warnings, 0 Critical Warnings and 1 Errors encountered.
synth_design failed
INFO: [Common 17-344] 'synth_design' was cancelled
INFO: [Common 17-344] 'source' was cancelled
vi fire2_3_expand3.sv
WARNING: [Common 17-259] Unknown Tcl command 'vi fire2_3_expand3.sv' sending command to the OS shell for execution. It is recommended to use 'exec' to send the command to the OS shell.
exit
INFO: [Common 17-206] Exiting Vivado at Mon Mar 16 13:02:20 2020...
