#
# An unexpected error has occurred (11)
#
Stack:
/lib/x86_64-linux-gnu/libc.so.6(+0x3ef20) [0x7f66db633f20]
/tools/Xilinx/Vivado/2018.3/lib/lnx64.o/librdi_synth.so(NTargetLibC::findCell(UString const&) const+0x9) [0x7f66a1322279]
/tools/Xilinx/Vivado/2018.3/lib/lnx64.o/librdi_synth.so(HARTLutMap::HARTLutMap(NRealMod)+0x481) [0x7f66a0663c51]
/tools/Xilinx/Vivado/2018.3/lib/lnx64.o/librdi_synth.so(HARTNlOptimizeFrameWork::domap(NRealMod, int&, int&, int&)+0x2f) [0x7f66a07ffccf]
/tools/Xilinx/Vivado/2018.3/lib/lnx64.o/librdi_synth.so(HARTNlOptimizeFrameWork::_convertToPrimitivesAndEstimate1(Cudd&, int, int, bool, bool)+0x3d2) [0x7f66a0807602]
/tools/Xilinx/Vivado/2018.3/lib/lnx64.o/librdi_synth.so(HARTNlOptimizeFrameWork::_algCommon(int)+0x454) [0x7f66a0819c54]
/tools/Xilinx/Vivado/2018.3/lib/lnx64.o/librdi_synth.so(HARTNlOptimizeFrameWork::_runNalgorithms(bool)+0x602) [0x7f66a0817b72]
/tools/Xilinx/Vivado/2018.3/lib/lnx64.o/librdi_synth.so(HARTNlOptimizeFrameWork::optimize(int&)+0x1a9) [0x7f66a081c2f9]
/tools/Xilinx/Vivado/2018.3/lib/lnx64.o/librdi_synth.so(HARTNlOptimize::modOptimize(NRealMod, char const*, NInstC*)+0x118) [0x7f66a08dd258]
/tools/Xilinx/Vivado/2018.3/lib/lnx64.o/librdi_synth.so(HARTNlOptimize::optimizeRecurse(NRealMod, char const*, NInstC*)+0xb6) [0x7f66a08dd796]
/tools/Xilinx/Vivado/2018.3/lib/lnx64.o/librdi_synth.so(HARTNlOptimize::optimizeTop(char const*, NInstC*)+0x416) [0x7f66a08ddc66]
/tools/Xilinx/Vivado/2018.3/lib/lnx64.o/librdi_synth.so(HARTLOptAbc::runNlOpt(LOptAbc*, NTargetLib&, UList<NInstC*, UListNode<NInstC*>, NInstC*, UEValue<NInstC*, UListNode<NInstC*> > >&, UHashMapList<NPinC*, int, NPinC*, UEKey<NPinC*> >&, int&, int&, _IO_FILE*, _IO_FILE*)+0x3fb) [0x7f66a077f0fb]
/tools/Xilinx/Vivado/2018.3/lib/lnx64.o/librdi_synth.so(LOptAbc::doOpt(NRealMod, bool, bool, bool, TTime, long long&, TTime&, NPin&, bool&, int&, int&)+0x11f6) [0x7f66a0f1e456]
/tools/Xilinx/Vivado/2018.3/lib/lnx64.o/librdi_synth.so(HARTLOptAbc::doOpt(NRealMod, bool, bool, bool, TTime, long long&, TTime&, NPin&, bool&, int&, int&)+0x297) [0x7f66a0783b17]
/tools/Xilinx/Vivado/2018.3/lib/lnx64.o/librdi_synth.so(LOptAbc::optimize(NRealMod, bool, bool, bool, TTime, TTime&, bool&, int&, int&)+0xac) [0x7f66a0f1973c]
/tools/Xilinx/Vivado/2018.3/lib/lnx64.o/librdi_synth.so(NDes::optimizeLogic(bool, bool, bool, bool, TTime&, bool&)+0x2c1) [0x7f66a0f22251]
/tools/Xilinx/Vivado/2018.3/lib/lnx64.o/librdi_synth.so(Optimize1::optimize(OptActions, NEqPinArray)+0x876) [0x7f66a0f29f46]
/tools/Xilinx/Vivado/2018.3/lib/lnx64.o/librdi_synth.so(Optimize1::Optimize1(NDes, bool, bool, bool, bool, OptActions, NEqPinArray)+0xaf) [0x7f66a0f2b8ef]
/tools/Xilinx/Vivado/2018.3/lib/lnx64.o/librdi_synth.so(Optimize2::areaOpt(bool, bool, bool, bool)+0x3f) [0x7f66a0f3118f]
/tools/Xilinx/Vivado/2018.3/lib/lnx64.o/librdi_synth.so(Optimize2::Optimize2(NDes, bool, bool, bool, bool, bool, float, TTime, bool, bool)+0x96b) [0x7f66a0f5504b]
/tools/Xilinx/Vivado/2018.3/lib/lnx64.o/librdi_synth.so(NDes::optimize(bool, bool, bool, bool, bool, float, TTime, bool, bool)+0x14a) [0x7f66a0f238ba]
/tools/Xilinx/Vivado/2018.3/lib/lnx64.o/librdi_synth.so(+0xdd1ec6) [0x7f66a038fec6]
/tools/Xilinx/Vivado/2018.3/lib/lnx64.o/librdi_synth.so(+0xc8900d) [0x7f66a024700d]
/tools/Xilinx/Vivado/2018.3/lib/lnx64.o/libtcl8.5.so(+0x334af) [0x7f66d6ab44af]
/tools/Xilinx/Vivado/2018.3/lib/lnx64.o/libtcl8.5.so(+0x76875) [0x7f66d6af7875]
/tools/Xilinx/Vivado/2018.3/lib/lnx64.o/libtcl8.5.so(TclObjInterpProcCore+0x420) [0x7f66d6b38df0]
/tools/Xilinx/Vivado/2018.3/lib/lnx64.o/libtcl8.5.so(+0x334af) [0x7f66d6ab44af]
/tools/Xilinx/Vivado/2018.3/lib/lnx64.o/libtcl8.5.so(+0x34b38) [0x7f66d6ab5b38]
/tools/Xilinx/Vivado/2018.3/lib/lnx64.o/libtcl8.5.so(Tcl_EvalEx+0x13) [0x7f66d6ab60a3]
/tools/Xilinx/Vivado/2018.3/lib/lnx64.o/libtcl8.5.so(TclEvalObjEx+0x1e0) [0x7f66d6ab62c0]
/tools/Xilinx/Vivado/2018.3/lib/lnx64.o/libtcl8.5.so(+0x3b375) [0x7f66d6abc375]
/tools/Xilinx/Vivado/2018.3/lib/lnx64.o/libtcl8.5.so(+0x334af) [0x7f66d6ab44af]
/tools/Xilinx/Vivado/2018.3/lib/lnx64.o/libtcl8.5.so(+0x76875) [0x7f66d6af7875]
/tools/Xilinx/Vivado/2018.3/lib/lnx64.o/libtcl8.5.so(+0x7e029) [0x7f66d6aff029]
/tools/Xilinx/Vivado/2018.3/lib/lnx64.o/libtcl8.5.so(TclEvalObjEx+0x76) [0x7f66d6ab6156]
/tools/Xilinx/Vivado/2018.3/lib/lnx64.o/librdi_commontasks.so(+0x1d9887) [0x7f66d0b56887]
/tools/Xilinx/Vivado/2018.3/lib/lnx64.o/libtcl8.5.so(+0x334af) [0x7f66d6ab44af]
/tools/Xilinx/Vivado/2018.3/lib/lnx64.o/libtcl8.5.so(+0x76875) [0x7f66d6af7875]
/tools/Xilinx/Vivado/2018.3/lib/lnx64.o/libtcl8.5.so(TclObjInterpProcCore+0x420) [0x7f66d6b38df0]
/tools/Xilinx/Vivado/2018.3/lib/lnx64.o/libtcl8.5.so(+0x334af) [0x7f66d6ab44af]
/tools/Xilinx/Vivado/2018.3/lib/lnx64.o/libtcl8.5.so(+0x76875) [0x7f66d6af7875]
/tools/Xilinx/Vivado/2018.3/lib/lnx64.o/libtcl8.5.so(TclObjInterpProcCore+0x420) [0x7f66d6b38df0]
/tools/Xilinx/Vivado/2018.3/lib/lnx64.o/libtcl8.5.so(+0x334af) [0x7f66d6ab44af]
/tools/Xilinx/Vivado/2018.3/lib/lnx64.o/libtcl8.5.so(+0x76875) [0x7f66d6af7875]
/tools/Xilinx/Vivado/2018.3/lib/lnx64.o/libtcl8.5.so(TclObjInterpProcCore+0x420) [0x7f66d6b38df0]
/tools/Xilinx/Vivado/2018.3/lib/lnx64.o/libtcl8.5.so(+0x334af) [0x7f66d6ab44af]
/tools/Xilinx/Vivado/2018.3/lib/lnx64.o/libtcl8.5.so(+0x34b38) [0x7f66d6ab5b38]
/tools/Xilinx/Vivado/2018.3/lib/lnx64.o/libtcl8.5.so(Tcl_EvalEx+0x13) [0x7f66d6ab60a3]
/tools/Xilinx/Vivado/2018.3/lib/lnx64.o/libtcl8.5.so(TclEvalObjEx+0x1e0) [0x7f66d6ab62c0]
/tools/Xilinx/Vivado/2018.3/lib/lnx64.o/libtcl8.5.so(+0x3b375) [0x7f66d6abc375]
/tools/Xilinx/Vivado/2018.3/lib/lnx64.o/libtcl8.5.so(+0x334af) [0x7f66d6ab44af]
/tools/Xilinx/Vivado/2018.3/lib/lnx64.o/libtcl8.5.so(+0x76875) [0x7f66d6af7875]
/tools/Xilinx/Vivado/2018.3/lib/lnx64.o/libtcl8.5.so(+0x7e029) [0x7f66d6aff029]
/tools/Xilinx/Vivado/2018.3/lib/lnx64.o/libtcl8.5.so(TclEvalObjEx+0x76) [0x7f66d6ab6156]
/tools/Xilinx/Vivado/2018.3/lib/lnx64.o/libtcl8.5.so(+0x3e754) [0x7f66d6abf754]
/tools/Xilinx/Vivado/2018.3/lib/lnx64.o/libtcl8.5.so(+0x334af) [0x7f66d6ab44af]
/tools/Xilinx/Vivado/2018.3/lib/lnx64.o/libtcl8.5.so(+0x34b38) [0x7f66d6ab5b38]
/tools/Xilinx/Vivado/2018.3/lib/lnx64.o/libtcl8.5.so(Tcl_EvalEx+0x13) [0x7f66d6ab60a3]
/tools/Xilinx/Vivado/2018.3/lib/lnx64.o/libtcl8.5.so(Tcl_FSEvalFileEx+0x1da) [0x7f66d6b1ac5a]
/tools/Xilinx/Vivado/2018.3/lib/lnx64.o/librdi_commontasks.so(+0x1f6abd) [0x7f66d0b73abd]
/tools/Xilinx/Vivado/2018.3/lib/lnx64.o/librdi_common.so(+0x7ef352) [0x7f66dc976352]
/tools/Xilinx/Vivado/2018.3/lib/lnx64.o/libtcl8.5.so(+0x334af) [0x7f66d6ab44af]
/tools/Xilinx/Vivado/2018.3/lib/lnx64.o/libtcl8.5.so(+0x34b38) [0x7f66d6ab5b38]
/tools/Xilinx/Vivado/2018.3/lib/lnx64.o/libtcl8.5.so(Tcl_EvalEx+0x13) [0x7f66d6ab60a3]
/tools/Xilinx/Vivado/2018.3/lib/lnx64.o/libtcl8.5.so(Tcl_FSEvalFileEx+0x1da) [0x7f66d6b1ac5a]
/tools/Xilinx/Vivado/2018.3/lib/lnx64.o/librdi_commontasks.so(+0x1f6abd) [0x7f66d0b73abd]
/tools/Xilinx/Vivado/2018.3/lib/lnx64.o/librdi_common.so(+0x7ef352) [0x7f66dc976352]
/tools/Xilinx/Vivado/2018.3/lib/lnx64.o/libtcl8.5.so(+0x334af) [0x7f66d6ab44af]
/tools/Xilinx/Vivado/2018.3/lib/lnx64.o/libtcl8.5.so(+0x34b38) [0x7f66d6ab5b38]
/tools/Xilinx/Vivado/2018.3/lib/lnx64.o/libtcl8.5.so(Tcl_EvalEx+0x13) [0x7f66d6ab60a3]
/tools/Xilinx/Vivado/2018.3/lib/lnx64.o/libtcl8.5.so(TclEvalObjEx+0x3cf) [0x7f66d6ab64af]
/tools/Xilinx/Vivado/2018.3/lib/lnx64.o/libtcl8.5.so(+0xb74a9) [0x7f66d6b384a9]
/tools/Xilinx/Vivado/2018.3/lib/lnx64.o/libtcl8.5.so(+0x334af) [0x7f66d6ab44af]
/tools/Xilinx/Vivado/2018.3/lib/lnx64.o/libtcl8.5.so(+0x76875) [0x7f66d6af7875]
/tools/Xilinx/Vivado/2018.3/lib/lnx64.o/libtcl8.5.so(TclObjInterpProcCore+0x420) [0x7f66d6b38df0]
/tools/Xilinx/Vivado/2018.3/lib/lnx64.o/libtcl8.5.so(+0x334af) [0x7f66d6ab44af]
/tools/Xilinx/Vivado/2018.3/lib/lnx64.o/libtcl8.5.so(+0x34b38) [0x7f66d6ab5b38]
/tools/Xilinx/Vivado/2018.3/lib/lnx64.o/libtcl8.5.so(Tcl_EvalEx+0x13) [0x7f66d6ab60a3]
/tools/Xilinx/Vivado/2018.3/lib/lnx64.o/libtcl8.5.so(TclEvalObjEx+0x3cf) [0x7f66d6ab64af]
/tools/Xilinx/Vivado/2018.3/lib/lnx64.o/libtcl8.5.so(+0xb74a9) [0x7f66d6b384a9]
/tools/Xilinx/Vivado/2018.3/lib/lnx64.o/libtcl8.5.so(+0x334af) [0x7f66d6ab44af]
/tools/Xilinx/Vivado/2018.3/lib/lnx64.o/libtcl8.5.so(+0x76875) [0x7f66d6af7875]
/tools/Xilinx/Vivado/2018.3/lib/lnx64.o/libtcl8.5.so(TclObjInterpProcCore+0x420) [0x7f66d6b38df0]
/tools/Xilinx/Vivado/2018.3/lib/lnx64.o/libtcl8.5.so(+0x334af) [0x7f66d6ab44af]
/tools/Xilinx/Vivado/2018.3/lib/lnx64.o/libtcl8.5.so(+0x34b38) [0x7f66d6ab5b38]
/tools/Xilinx/Vivado/2018.3/lib/lnx64.o/libtcl8.5.so(Tcl_EvalEx+0x13) [0x7f66d6ab60a3]
/tools/Xilinx/Vivado/2018.3/lib/lnx64.o/libtcl8.5.so(TclEvalObjEx+0x1e0) [0x7f66d6ab62c0]
/tools/Xilinx/Vivado/2018.3/lib/lnx64.o/libtcl8.5.so(+0x3b375) [0x7f66d6abc375]
/tools/Xilinx/Vivado/2018.3/lib/lnx64.o/libtcl8.5.so(+0x334af) [0x7f66d6ab44af]
/tools/Xilinx/Vivado/2018.3/lib/lnx64.o/libtcl8.5.so(+0x76875) [0x7f66d6af7875]
/tools/Xilinx/Vivado/2018.3/lib/lnx64.o/libtcl8.5.so(+0x7e029) [0x7f66d6aff029]
/tools/Xilinx/Vivado/2018.3/lib/lnx64.o/libtcl8.5.so(TclEvalObjEx+0x76) [0x7f66d6ab6156]
/tools/Xilinx/Vivado/2018.3/lib/lnx64.o/librdi_commontasks.so(+0x1d9887) [0x7f66d0b56887]
/tools/Xilinx/Vivado/2018.3/lib/lnx64.o/libtcl8.5.so(+0x334af) [0x7f66d6ab44af]
/tools/Xilinx/Vivado/2018.3/lib/lnx64.o/libtcl8.5.so(+0x76875) [0x7f66d6af7875]
/tools/Xilinx/Vivado/2018.3/lib/lnx64.o/libtcl8.5.so(TclObjInterpProcCore+0x420) [0x7f66d6b38df0]
/tools/Xilinx/Vivado/2018.3/lib/lnx64.o/libtcl8.5.so(+0x334af) [0x7f66d6ab44af]
/tools/Xilinx/Vivado/2018.3/lib/lnx64.o/libtcl8.5.so(Tcl_EvalObjv+0x32) [0x7f66d6ab45e2]
/tools/Xilinx/Vivado/2018.3/lib/lnx64.o/libtcl8.5.so(TclEvalObjEx+0x322) [0x7f66d6ab6402]
/tools/Xilinx/Vivado/2018.3/lib/lnx64.o/librdi_common.so(hdi::tcltasks::task_manager::eval_in_tcl(Tcl_Interp*, Tcl_Obj*, char const*, bool)+0xab9) [0x7f66dc978189]
/tools/Xilinx/Vivado/2018.3/lib/lnx64.o/librdi_synth.so(HARTSWorker::runInternal()+0x131) [0x7f66a0b09411]
/tools/Xilinx/Vivado/2018.3/lib/lnx64.o/librdi_synth.so(HARTSWorker::runJob(HARTSWorkerConfig&)+0x3f) [0x7f66a0b0c7ef]
/tools/Xilinx/Vivado/2018.3/lib/lnx64.o/librdi_synth.so(HARTSWorker::mainLoop()+0x83) [0x7f66a0b0c8d3]
/tools/Xilinx/Vivado/2018.3/lib/lnx64.o/librdi_synth.so(HARTNDb::parallelListen(char const*, char const*, char const*)+0x39) [0x7f66a01cfee9]
/tools/Xilinx/Vivado/2018.3/lib/lnx64.o/librdi_synth.so(+0xdb2e54) [0x7f66a0370e54]
/tools/Xilinx/Vivado/2018.3/lib/lnx64.o/librdi_synth.so(+0xc8900d) [0x7f66a024700d]
/tools/Xilinx/Vivado/2018.3/lib/lnx64.o/libtcl8.5.so(+0x334af) [0x7f66d6ab44af]
/tools/Xilinx/Vivado/2018.3/lib/lnx64.o/libtcl8.5.so(+0x34b38) [0x7f66d6ab5b38]
/tools/Xilinx/Vivado/2018.3/lib/lnx64.o/libtcl8.5.so(Tcl_EvalEx+0x13) [0x7f66d6ab60a3]
/tools/Xilinx/Vivado/2018.3/lib/lnx64.o/libtcl8.5.so(TclEvalObjEx+0x1e0) [0x7f66d6ab62c0]
/tools/Xilinx/Vivado/2018.3/lib/lnx64.o/libtcl8.5.so(+0x3b375) [0x7f66d6abc375]
/tools/Xilinx/Vivado/2018.3/lib/lnx64.o/libtcl8.5.so(+0x334af) [0x7f66d6ab44af]
/tools/Xilinx/Vivado/2018.3/lib/lnx64.o/libtcl8.5.so(+0x76875) [0x7f66d6af7875]
/tools/Xilinx/Vivado/2018.3/lib/lnx64.o/libtcl8.5.so(+0x7e029) [0x7f66d6aff029]
/tools/Xilinx/Vivado/2018.3/lib/lnx64.o/libtcl8.5.so(TclEvalObjEx+0x76) [0x7f66d6ab6156]
/tools/Xilinx/Vivado/2018.3/lib/lnx64.o/librdi_commontasks.so(+0x1d9924) [0x7f66d0b56924]
/tools/Xilinx/Vivado/2018.3/lib/lnx64.o/libtcl8.5.so(+0x334af) [0x7f66d6ab44af]
/tools/Xilinx/Vivado/2018.3/lib/lnx64.o/libtcl8.5.so(+0x76875) [0x7f66d6af7875]
/tools/Xilinx/Vivado/2018.3/lib/lnx64.o/libtcl8.5.so(TclObjInterpProcCore+0x420) [0x7f66d6b38df0]
/tools/Xilinx/Vivado/2018.3/lib/lnx64.o/libtcl8.5.so(+0x334af) [0x7f66d6ab44af]
/tools/Xilinx/Vivado/2018.3/lib/lnx64.o/libtcl8.5.so(+0x76875) [0x7f66d6af7875]
/tools/Xilinx/Vivado/2018.3/lib/lnx64.o/libtcl8.5.so(+0x7e029) [0x7f66d6aff029]
/tools/Xilinx/Vivado/2018.3/lib/lnx64.o/libtcl8.5.so(TclEvalObjEx+0x76) [0x7f66d6ab6156]
/tools/Xilinx/Vivado/2018.3/lib/lnx64.o/libtcl8.5.so(+0x3e754) [0x7f66d6abf754]
/tools/Xilinx/Vivado/2018.3/lib/lnx64.o/libtcl8.5.so(+0x334af) [0x7f66d6ab44af]
/tools/Xilinx/Vivado/2018.3/lib/lnx64.o/libtcl8.5.so(+0x34b38) [0x7f66d6ab5b38]
/tools/Xilinx/Vivado/2018.3/lib/lnx64.o/libtcl8.5.so(Tcl_EvalEx+0x13) [0x7f66d6ab60a3]
/tools/Xilinx/Vivado/2018.3/lib/lnx64.o/libtcl8.5.so(Tcl_FSEvalFileEx+0x1da) [0x7f66d6b1ac5a]
/tools/Xilinx/Vivado/2018.3/lib/lnx64.o/librdi_commontasks.so(+0x1f6abd) [0x7f66d0b73abd]
/tools/Xilinx/Vivado/2018.3/lib/lnx64.o/librdi_common.so(+0x7ef352) [0x7f66dc976352]
/tools/Xilinx/Vivado/2018.3/lib/lnx64.o/libtcl8.5.so(+0x334af) [0x7f66d6ab44af]
/tools/Xilinx/Vivado/2018.3/lib/lnx64.o/libtcl8.5.so(Tcl_EvalObjv+0x32) [0x7f66d6ab45e2]
/tools/Xilinx/Vivado/2018.3/lib/lnx64.o/libtcl8.5.so(TclEvalObjEx+0x322) [0x7f66d6ab6402]
/tools/Xilinx/Vivado/2018.3/lib/lnx64.o/librdi_commontasks.so(+0x2280ff) [0x7f66d0ba50ff]
/tools/Xilinx/Vivado/2018.3/lib/lnx64.o/librdi_commontasks.so(+0x2297ce) [0x7f66d0ba67ce]
/tools/Xilinx/Vivado/2018.3/lib/lnx64.o/librdi_common.so(+0x7ef352) [0x7f66dc976352]
/tools/Xilinx/Vivado/2018.3/lib/lnx64.o/libtcl8.5.so(+0x334af) [0x7f66d6ab44af]
/tools/Xilinx/Vivado/2018.3/lib/lnx64.o/libtcl8.5.so(Tcl_EvalObjv+0x32) [0x7f66d6ab45e2]
/tools/Xilinx/Vivado/2018.3/lib/lnx64.o/libtcl8.5.so(TclEvalObjEx+0x322) [0x7f66d6ab6402]
/tools/Xilinx/Vivado/2018.3/lib/lnx64.o/librdi_commonmain.so(+0x7414) [0x7f66dbf83414]
/tools/Xilinx/Vivado/2018.3/lib/lnx64.o/libtcl8.5.so(Tcl_Main+0x1d0) [0x7f66d6b21210]
/tools/Xilinx/Vivado/2018.3/lib/lnx64.o/librdi_common.so(+0x83363b) [0x7f66dc9ba63b]
/lib/x86_64-linux-gnu/libpthread.so.0(+0x76db) [0x7f66db3dd6db]
/lib/x86_64-linux-gnu/libc.so.6(clone+0x3f) [0x7f66db71688f]
