#
# An unexpected error has occurred (11)
#
Stack:
/lib/x86_64-linux-gnu/libc.so.6(+0x3ef20) [0x7fe49c7fbf20]
/tools/Xilinx/Vivado/2018.3/lib/lnx64.o/librdi_synth.so(NTargetLibC::findCell(UString const&) const+0x9) [0x7fe4624ea279]
/tools/Xilinx/Vivado/2018.3/lib/lnx64.o/librdi_synth.so(HARTLutMap::HARTLutMap(NRealMod)+0x481) [0x7fe46182bc51]
/tools/Xilinx/Vivado/2018.3/lib/lnx64.o/librdi_synth.so(HARTNlOptimizeFrameWork::domap(NRealMod, int&, int&, int&)+0x2f) [0x7fe4619c7ccf]
/tools/Xilinx/Vivado/2018.3/lib/lnx64.o/librdi_synth.so(HARTNlOptimizeFrameWork::_convertToPrimitivesAndEstimate1(Cudd&, int, int, bool, bool)+0x3d2) [0x7fe4619cf602]
/tools/Xilinx/Vivado/2018.3/lib/lnx64.o/librdi_synth.so(HARTNlOptimizeFrameWork::_algBdd(int)+0x9bb) [0x7fe4619da71b]
/tools/Xilinx/Vivado/2018.3/lib/lnx64.o/librdi_synth.so(HARTNlOptimizeFrameWork::_runNalgorithms(bool)+0x602) [0x7fe4619dfb72]
/tools/Xilinx/Vivado/2018.3/lib/lnx64.o/librdi_synth.so(HARTNlOptimizeFrameWork::optimize(int&)+0x1a9) [0x7fe4619e42f9]
/tools/Xilinx/Vivado/2018.3/lib/lnx64.o/librdi_synth.so(HARTNlOptimize::modOptimize(NRealMod, char const*, NInstC*)+0x118) [0x7fe461aa5258]
/tools/Xilinx/Vivado/2018.3/lib/lnx64.o/librdi_synth.so(HARTNlOptimize::optimizeRecurse(NRealMod, char const*, NInstC*)+0xb6) [0x7fe461aa5796]
/tools/Xilinx/Vivado/2018.3/lib/lnx64.o/librdi_synth.so(HARTNlOptimize::optimizeTop(char const*, NInstC*)+0x416) [0x7fe461aa5c66]
/tools/Xilinx/Vivado/2018.3/lib/lnx64.o/librdi_synth.so(HARTLOptAbc::runNlOpt(LOptAbc*, NTargetLib&, UList<NInstC*, UListNode<NInstC*>, NInstC*, UEValue<NInstC*, UListNode<NInstC*> > >&, UHashMapList<NPinC*, int, NPinC*, UEKey<NPinC*> >&, int&, int&, _IO_FILE*, _IO_FILE*)+0x3fb) [0x7fe4619470fb]
/tools/Xilinx/Vivado/2018.3/lib/lnx64.o/librdi_synth.so(LOptAbc::doOpt(NRealMod, bool, bool, bool, TTime, long long&, TTime&, NPin&, bool&, int&, int&)+0x11f6) [0x7fe4620e6456]
/tools/Xilinx/Vivado/2018.3/lib/lnx64.o/librdi_synth.so(HARTLOptAbc::doOpt(NRealMod, bool, bool, bool, TTime, long long&, TTime&, NPin&, bool&, int&, int&)+0x297) [0x7fe46194bb17]
/tools/Xilinx/Vivado/2018.3/lib/lnx64.o/librdi_synth.so(LOptAbc::optimize(NRealMod, bool, bool, bool, TTime, TTime&, bool&, int&, int&)+0xac) [0x7fe4620e173c]
/tools/Xilinx/Vivado/2018.3/lib/lnx64.o/librdi_synth.so(NDes::optimizeLogic(bool, bool, bool, bool, TTime&, bool&)+0x2c1) [0x7fe4620ea251]
/tools/Xilinx/Vivado/2018.3/lib/lnx64.o/librdi_synth.so(Optimize1::optimize(OptActions, NEqPinArray)+0x876) [0x7fe4620f1f46]
/tools/Xilinx/Vivado/2018.3/lib/lnx64.o/librdi_synth.so(Optimize1::Optimize1(NDes, bool, bool, bool, bool, OptActions, NEqPinArray)+0xaf) [0x7fe4620f38ef]
/tools/Xilinx/Vivado/2018.3/lib/lnx64.o/librdi_synth.so(Optimize2::areaOpt(bool, bool, bool, bool)+0x3f) [0x7fe4620f918f]
/tools/Xilinx/Vivado/2018.3/lib/lnx64.o/librdi_synth.so(Optimize2::Optimize2(NDes, bool, bool, bool, bool, bool, float, TTime, bool, bool)+0x96b) [0x7fe46211d04b]
/tools/Xilinx/Vivado/2018.3/lib/lnx64.o/librdi_synth.so(NDes::optimize(bool, bool, bool, bool, bool, float, TTime, bool, bool)+0x14a) [0x7fe4620eb8ba]
/tools/Xilinx/Vivado/2018.3/lib/lnx64.o/librdi_synth.so(+0xdd1ec6) [0x7fe461557ec6]
/tools/Xilinx/Vivado/2018.3/lib/lnx64.o/librdi_synth.so(+0xc8900d) [0x7fe46140f00d]
/tools/Xilinx/Vivado/2018.3/lib/lnx64.o/libtcl8.5.so(+0x334af) [0x7fe497c7c4af]
/tools/Xilinx/Vivado/2018.3/lib/lnx64.o/libtcl8.5.so(+0x76875) [0x7fe497cbf875]
/tools/Xilinx/Vivado/2018.3/lib/lnx64.o/libtcl8.5.so(TclObjInterpProcCore+0x420) [0x7fe497d00df0]
/tools/Xilinx/Vivado/2018.3/lib/lnx64.o/libtcl8.5.so(+0x334af) [0x7fe497c7c4af]
/tools/Xilinx/Vivado/2018.3/lib/lnx64.o/libtcl8.5.so(+0x34b38) [0x7fe497c7db38]
/tools/Xilinx/Vivado/2018.3/lib/lnx64.o/libtcl8.5.so(Tcl_EvalEx+0x13) [0x7fe497c7e0a3]
/tools/Xilinx/Vivado/2018.3/lib/lnx64.o/libtcl8.5.so(TclEvalObjEx+0x1e0) [0x7fe497c7e2c0]
/tools/Xilinx/Vivado/2018.3/lib/lnx64.o/libtcl8.5.so(+0x3b375) [0x7fe497c84375]
/tools/Xilinx/Vivado/2018.3/lib/lnx64.o/libtcl8.5.so(+0x334af) [0x7fe497c7c4af]
/tools/Xilinx/Vivado/2018.3/lib/lnx64.o/libtcl8.5.so(+0x76875) [0x7fe497cbf875]
/tools/Xilinx/Vivado/2018.3/lib/lnx64.o/libtcl8.5.so(+0x7e029) [0x7fe497cc7029]
/tools/Xilinx/Vivado/2018.3/lib/lnx64.o/libtcl8.5.so(TclEvalObjEx+0x76) [0x7fe497c7e156]
/tools/Xilinx/Vivado/2018.3/lib/lnx64.o/librdi_commontasks.so(+0x1d9887) [0x7fe491d1e887]
/tools/Xilinx/Vivado/2018.3/lib/lnx64.o/libtcl8.5.so(+0x334af) [0x7fe497c7c4af]
/tools/Xilinx/Vivado/2018.3/lib/lnx64.o/libtcl8.5.so(+0x76875) [0x7fe497cbf875]
/tools/Xilinx/Vivado/2018.3/lib/lnx64.o/libtcl8.5.so(TclObjInterpProcCore+0x420) [0x7fe497d00df0]
/tools/Xilinx/Vivado/2018.3/lib/lnx64.o/libtcl8.5.so(+0x334af) [0x7fe497c7c4af]
/tools/Xilinx/Vivado/2018.3/lib/lnx64.o/libtcl8.5.so(+0x76875) [0x7fe497cbf875]
/tools/Xilinx/Vivado/2018.3/lib/lnx64.o/libtcl8.5.so(TclObjInterpProcCore+0x420) [0x7fe497d00df0]
/tools/Xilinx/Vivado/2018.3/lib/lnx64.o/libtcl8.5.so(+0x334af) [0x7fe497c7c4af]
/tools/Xilinx/Vivado/2018.3/lib/lnx64.o/libtcl8.5.so(+0x76875) [0x7fe497cbf875]
/tools/Xilinx/Vivado/2018.3/lib/lnx64.o/libtcl8.5.so(TclObjInterpProcCore+0x420) [0x7fe497d00df0]
/tools/Xilinx/Vivado/2018.3/lib/lnx64.o/libtcl8.5.so(+0x334af) [0x7fe497c7c4af]
/tools/Xilinx/Vivado/2018.3/lib/lnx64.o/libtcl8.5.so(+0x34b38) [0x7fe497c7db38]
/tools/Xilinx/Vivado/2018.3/lib/lnx64.o/libtcl8.5.so(Tcl_EvalEx+0x13) [0x7fe497c7e0a3]
/tools/Xilinx/Vivado/2018.3/lib/lnx64.o/libtcl8.5.so(TclEvalObjEx+0x1e0) [0x7fe497c7e2c0]
/tools/Xilinx/Vivado/2018.3/lib/lnx64.o/libtcl8.5.so(+0x3b375) [0x7fe497c84375]
/tools/Xilinx/Vivado/2018.3/lib/lnx64.o/libtcl8.5.so(+0x334af) [0x7fe497c7c4af]
/tools/Xilinx/Vivado/2018.3/lib/lnx64.o/libtcl8.5.so(+0x76875) [0x7fe497cbf875]
/tools/Xilinx/Vivado/2018.3/lib/lnx64.o/libtcl8.5.so(+0x7e029) [0x7fe497cc7029]
/tools/Xilinx/Vivado/2018.3/lib/lnx64.o/libtcl8.5.so(TclEvalObjEx+0x76) [0x7fe497c7e156]
/tools/Xilinx/Vivado/2018.3/lib/lnx64.o/libtcl8.5.so(+0x3e754) [0x7fe497c87754]
/tools/Xilinx/Vivado/2018.3/lib/lnx64.o/libtcl8.5.so(+0x334af) [0x7fe497c7c4af]
/tools/Xilinx/Vivado/2018.3/lib/lnx64.o/libtcl8.5.so(+0x34b38) [0x7fe497c7db38]
/tools/Xilinx/Vivado/2018.3/lib/lnx64.o/libtcl8.5.so(Tcl_EvalEx+0x13) [0x7fe497c7e0a3]
/tools/Xilinx/Vivado/2018.3/lib/lnx64.o/libtcl8.5.so(Tcl_FSEvalFileEx+0x1da) [0x7fe497ce2c5a]
/tools/Xilinx/Vivado/2018.3/lib/lnx64.o/librdi_commontasks.so(+0x1f6abd) [0x7fe491d3babd]
/tools/Xilinx/Vivado/2018.3/lib/lnx64.o/librdi_common.so(+0x7ef352) [0x7fe49db3e352]
/tools/Xilinx/Vivado/2018.3/lib/lnx64.o/libtcl8.5.so(+0x334af) [0x7fe497c7c4af]
/tools/Xilinx/Vivado/2018.3/lib/lnx64.o/libtcl8.5.so(+0x34b38) [0x7fe497c7db38]
/tools/Xilinx/Vivado/2018.3/lib/lnx64.o/libtcl8.5.so(Tcl_EvalEx+0x13) [0x7fe497c7e0a3]
/tools/Xilinx/Vivado/2018.3/lib/lnx64.o/libtcl8.5.so(Tcl_FSEvalFileEx+0x1da) [0x7fe497ce2c5a]
/tools/Xilinx/Vivado/2018.3/lib/lnx64.o/librdi_commontasks.so(+0x1f6abd) [0x7fe491d3babd]
/tools/Xilinx/Vivado/2018.3/lib/lnx64.o/librdi_common.so(+0x7ef352) [0x7fe49db3e352]
/tools/Xilinx/Vivado/2018.3/lib/lnx64.o/libtcl8.5.so(+0x334af) [0x7fe497c7c4af]
/tools/Xilinx/Vivado/2018.3/lib/lnx64.o/libtcl8.5.so(+0x34b38) [0x7fe497c7db38]
/tools/Xilinx/Vivado/2018.3/lib/lnx64.o/libtcl8.5.so(Tcl_EvalEx+0x13) [0x7fe497c7e0a3]
/tools/Xilinx/Vivado/2018.3/lib/lnx64.o/libtcl8.5.so(TclEvalObjEx+0x3cf) [0x7fe497c7e4af]
/tools/Xilinx/Vivado/2018.3/lib/lnx64.o/libtcl8.5.so(+0xb74a9) [0x7fe497d004a9]
/tools/Xilinx/Vivado/2018.3/lib/lnx64.o/libtcl8.5.so(+0x334af) [0x7fe497c7c4af]
/tools/Xilinx/Vivado/2018.3/lib/lnx64.o/libtcl8.5.so(+0x76875) [0x7fe497cbf875]
/tools/Xilinx/Vivado/2018.3/lib/lnx64.o/libtcl8.5.so(TclObjInterpProcCore+0x420) [0x7fe497d00df0]
/tools/Xilinx/Vivado/2018.3/lib/lnx64.o/libtcl8.5.so(+0x334af) [0x7fe497c7c4af]
/tools/Xilinx/Vivado/2018.3/lib/lnx64.o/libtcl8.5.so(+0x34b38) [0x7fe497c7db38]
/tools/Xilinx/Vivado/2018.3/lib/lnx64.o/libtcl8.5.so(Tcl_EvalEx+0x13) [0x7fe497c7e0a3]
/tools/Xilinx/Vivado/2018.3/lib/lnx64.o/libtcl8.5.so(TclEvalObjEx+0x3cf) [0x7fe497c7e4af]
/tools/Xilinx/Vivado/2018.3/lib/lnx64.o/libtcl8.5.so(+0xb74a9) [0x7fe497d004a9]
/tools/Xilinx/Vivado/2018.3/lib/lnx64.o/libtcl8.5.so(+0x334af) [0x7fe497c7c4af]
/tools/Xilinx/Vivado/2018.3/lib/lnx64.o/libtcl8.5.so(+0x76875) [0x7fe497cbf875]
/tools/Xilinx/Vivado/2018.3/lib/lnx64.o/libtcl8.5.so(TclObjInterpProcCore+0x420) [0x7fe497d00df0]
/tools/Xilinx/Vivado/2018.3/lib/lnx64.o/libtcl8.5.so(+0x334af) [0x7fe497c7c4af]
/tools/Xilinx/Vivado/2018.3/lib/lnx64.o/libtcl8.5.so(+0x34b38) [0x7fe497c7db38]
/tools/Xilinx/Vivado/2018.3/lib/lnx64.o/libtcl8.5.so(Tcl_EvalEx+0x13) [0x7fe497c7e0a3]
/tools/Xilinx/Vivado/2018.3/lib/lnx64.o/libtcl8.5.so(TclEvalObjEx+0x1e0) [0x7fe497c7e2c0]
/tools/Xilinx/Vivado/2018.3/lib/lnx64.o/libtcl8.5.so(+0x3b375) [0x7fe497c84375]
/tools/Xilinx/Vivado/2018.3/lib/lnx64.o/libtcl8.5.so(+0x334af) [0x7fe497c7c4af]
/tools/Xilinx/Vivado/2018.3/lib/lnx64.o/libtcl8.5.so(+0x76875) [0x7fe497cbf875]
/tools/Xilinx/Vivado/2018.3/lib/lnx64.o/libtcl8.5.so(+0x7e029) [0x7fe497cc7029]
/tools/Xilinx/Vivado/2018.3/lib/lnx64.o/libtcl8.5.so(TclEvalObjEx+0x76) [0x7fe497c7e156]
/tools/Xilinx/Vivado/2018.3/lib/lnx64.o/librdi_commontasks.so(+0x1d9887) [0x7fe491d1e887]
/tools/Xilinx/Vivado/2018.3/lib/lnx64.o/libtcl8.5.so(+0x334af) [0x7fe497c7c4af]
/tools/Xilinx/Vivado/2018.3/lib/lnx64.o/libtcl8.5.so(+0x76875) [0x7fe497cbf875]
/tools/Xilinx/Vivado/2018.3/lib/lnx64.o/libtcl8.5.so(TclObjInterpProcCore+0x420) [0x7fe497d00df0]
/tools/Xilinx/Vivado/2018.3/lib/lnx64.o/libtcl8.5.so(+0x334af) [0x7fe497c7c4af]
/tools/Xilinx/Vivado/2018.3/lib/lnx64.o/libtcl8.5.so(Tcl_EvalObjv+0x32) [0x7fe497c7c5e2]
/tools/Xilinx/Vivado/2018.3/lib/lnx64.o/libtcl8.5.so(TclEvalObjEx+0x322) [0x7fe497c7e402]
/tools/Xilinx/Vivado/2018.3/lib/lnx64.o/librdi_common.so(hdi::tcltasks::task_manager::eval_in_tcl(Tcl_Interp*, Tcl_Obj*, char const*, bool)+0xab9) [0x7fe49db40189]
/tools/Xilinx/Vivado/2018.3/lib/lnx64.o/librdi_synth.so(HARTSWorker::runInternal()+0x131) [0x7fe461cd1411]
/tools/Xilinx/Vivado/2018.3/lib/lnx64.o/librdi_synth.so(HARTSWorker::runJob(HARTSWorkerConfig&)+0x3f) [0x7fe461cd47ef]
/tools/Xilinx/Vivado/2018.3/lib/lnx64.o/librdi_synth.so(HARTSWorker::mainLoop()+0x83) [0x7fe461cd48d3]
/tools/Xilinx/Vivado/2018.3/lib/lnx64.o/librdi_synth.so(HARTNDb::parallelListen(char const*, char const*, char const*)+0x39) [0x7fe461397ee9]
/tools/Xilinx/Vivado/2018.3/lib/lnx64.o/librdi_synth.so(+0xdb2e54) [0x7fe461538e54]
/tools/Xilinx/Vivado/2018.3/lib/lnx64.o/librdi_synth.so(+0xc8900d) [0x7fe46140f00d]
/tools/Xilinx/Vivado/2018.3/lib/lnx64.o/libtcl8.5.so(+0x334af) [0x7fe497c7c4af]
/tools/Xilinx/Vivado/2018.3/lib/lnx64.o/libtcl8.5.so(+0x34b38) [0x7fe497c7db38]
/tools/Xilinx/Vivado/2018.3/lib/lnx64.o/libtcl8.5.so(Tcl_EvalEx+0x13) [0x7fe497c7e0a3]
/tools/Xilinx/Vivado/2018.3/lib/lnx64.o/libtcl8.5.so(TclEvalObjEx+0x1e0) [0x7fe497c7e2c0]
/tools/Xilinx/Vivado/2018.3/lib/lnx64.o/libtcl8.5.so(+0x3b375) [0x7fe497c84375]
/tools/Xilinx/Vivado/2018.3/lib/lnx64.o/libtcl8.5.so(+0x334af) [0x7fe497c7c4af]
/tools/Xilinx/Vivado/2018.3/lib/lnx64.o/libtcl8.5.so(+0x76875) [0x7fe497cbf875]
/tools/Xilinx/Vivado/2018.3/lib/lnx64.o/libtcl8.5.so(+0x7e029) [0x7fe497cc7029]
/tools/Xilinx/Vivado/2018.3/lib/lnx64.o/libtcl8.5.so(TclEvalObjEx+0x76) [0x7fe497c7e156]
/tools/Xilinx/Vivado/2018.3/lib/lnx64.o/librdi_commontasks.so(+0x1d9924) [0x7fe491d1e924]
/tools/Xilinx/Vivado/2018.3/lib/lnx64.o/libtcl8.5.so(+0x334af) [0x7fe497c7c4af]
/tools/Xilinx/Vivado/2018.3/lib/lnx64.o/libtcl8.5.so(+0x76875) [0x7fe497cbf875]
/tools/Xilinx/Vivado/2018.3/lib/lnx64.o/libtcl8.5.so(TclObjInterpProcCore+0x420) [0x7fe497d00df0]
/tools/Xilinx/Vivado/2018.3/lib/lnx64.o/libtcl8.5.so(+0x334af) [0x7fe497c7c4af]
/tools/Xilinx/Vivado/2018.3/lib/lnx64.o/libtcl8.5.so(+0x76875) [0x7fe497cbf875]
/tools/Xilinx/Vivado/2018.3/lib/lnx64.o/libtcl8.5.so(+0x7e029) [0x7fe497cc7029]
/tools/Xilinx/Vivado/2018.3/lib/lnx64.o/libtcl8.5.so(TclEvalObjEx+0x76) [0x7fe497c7e156]
/tools/Xilinx/Vivado/2018.3/lib/lnx64.o/libtcl8.5.so(+0x3e754) [0x7fe497c87754]
/tools/Xilinx/Vivado/2018.3/lib/lnx64.o/libtcl8.5.so(+0x334af) [0x7fe497c7c4af]
/tools/Xilinx/Vivado/2018.3/lib/lnx64.o/libtcl8.5.so(+0x34b38) [0x7fe497c7db38]
/tools/Xilinx/Vivado/2018.3/lib/lnx64.o/libtcl8.5.so(Tcl_EvalEx+0x13) [0x7fe497c7e0a3]
/tools/Xilinx/Vivado/2018.3/lib/lnx64.o/libtcl8.5.so(Tcl_FSEvalFileEx+0x1da) [0x7fe497ce2c5a]
/tools/Xilinx/Vivado/2018.3/lib/lnx64.o/librdi_commontasks.so(+0x1f6abd) [0x7fe491d3babd]
/tools/Xilinx/Vivado/2018.3/lib/lnx64.o/librdi_common.so(+0x7ef352) [0x7fe49db3e352]
/tools/Xilinx/Vivado/2018.3/lib/lnx64.o/libtcl8.5.so(+0x334af) [0x7fe497c7c4af]
/tools/Xilinx/Vivado/2018.3/lib/lnx64.o/libtcl8.5.so(Tcl_EvalObjv+0x32) [0x7fe497c7c5e2]
/tools/Xilinx/Vivado/2018.3/lib/lnx64.o/libtcl8.5.so(TclEvalObjEx+0x322) [0x7fe497c7e402]
/tools/Xilinx/Vivado/2018.3/lib/lnx64.o/librdi_commontasks.so(+0x2280ff) [0x7fe491d6d0ff]
/tools/Xilinx/Vivado/2018.3/lib/lnx64.o/librdi_commontasks.so(+0x2297ce) [0x7fe491d6e7ce]
/tools/Xilinx/Vivado/2018.3/lib/lnx64.o/librdi_common.so(+0x7ef352) [0x7fe49db3e352]
/tools/Xilinx/Vivado/2018.3/lib/lnx64.o/libtcl8.5.so(+0x334af) [0x7fe497c7c4af]
/tools/Xilinx/Vivado/2018.3/lib/lnx64.o/libtcl8.5.so(Tcl_EvalObjv+0x32) [0x7fe497c7c5e2]
/tools/Xilinx/Vivado/2018.3/lib/lnx64.o/libtcl8.5.so(TclEvalObjEx+0x322) [0x7fe497c7e402]
/tools/Xilinx/Vivado/2018.3/lib/lnx64.o/librdi_commonmain.so(+0x7414) [0x7fe49d14b414]
/tools/Xilinx/Vivado/2018.3/lib/lnx64.o/libtcl8.5.so(Tcl_Main+0x1d0) [0x7fe497ce9210]
/tools/Xilinx/Vivado/2018.3/lib/lnx64.o/librdi_common.so(+0x83363b) [0x7fe49db8263b]
/lib/x86_64-linux-gnu/libpthread.so.0(+0x76db) [0x7fe49c5a56db]
/lib/x86_64-linux-gnu/libc.so.6(clone+0x3f) [0x7fe49c8de88f]
