#-----------------------------------------------------------
# Vivado v2018.3 (64-bit)
# SW Build 2405991 on Thu Dec  6 23:36:41 MST 2018
# IP Build 2404404 on Fri Dec  7 01:43:56 MST 2018
# Start of session at: Sat Feb 29 02:57:24 2020
# Process ID: 24016
# Current directory: /home/gsaied/Desktop/old_rtl/conv10
# Command line: vivado -mode tcl -source synth.tcl
# Log file: /home/gsaied/Desktop/old_rtl/conv10/vivado.log
# Journal file: /home/gsaied/Desktop/old_rtl/conv10/vivado.jou
#-----------------------------------------------------------
source synth.tcl
# read_verilog -sv [ glob *.sv ] 
# create_fileset -constrset constr
# add_files -fileset constr const_conv10.xdc
# synth_design -top [lindex [find_top] 0] -part xc7vx690t -flatten_hierarchy full -directive AreaOptimized_high -constrset constr
Command: synth_design -top conv10_1_2 -part xc7vx690t -flatten_hierarchy full -directive AreaOptimized_high -constrset constr
Starting synth_design
Attempting to get a license for feature 'Synthesis' and/or device 'xc7vx690t'
INFO: [Common 17-349] Got license for feature 'Synthesis' and/or device 'xc7vx690t'
INFO: Launching helper process for spawning children vivado processes
INFO: Helper process launched with PID 24027 
---------------------------------------------------------------------------------
Starting RTL Elaboration : Time (s): cpu = 00:00:03 ; elapsed = 00:00:03 . Memory (MB): peak = 1431.734 ; gain = 59.000 ; free physical = 248 ; free virtual = 3113
---------------------------------------------------------------------------------
INFO: [Common 17-41] Interrupt caught. Command should exit soon.
1
INFO: [Common 17-83] Releasing license: Synthesis
3 Infos, 0 Warnings, 0 Critical Warnings and 1 Errors encountered.
synth_design failed
INFO: [Common 17-344] 'source' was cancelled
exit
INFO: [Common 17-206] Exiting Vivado at Sat Feb 29 02:57:44 2020...
