Copyright 1986-2018 Xilinx, Inc. All Rights Reserved.
------------------------------------------------------------------------------------
| Tool Version : Vivado v.2018.3 (lin64) Build 2405991 Thu Dec  6 23:36:41 MST 2018
| Date         : Sat Mar 14 15:43:53 2020
| Host         : GCS running 64-bit unknown
| Command      : report_timing -file final_slack.rpt
| Design       : fire4_5_expand_1
| Device       : 7vx690t-ffg1157
| Speed File   : -3  PRODUCTION 1.11 2014-09-11
------------------------------------------------------------------------------------

Timing Report

Slack (VIOLATED) :        -1.115ns  (required time - arrival time)
  Source:                 ifm_4_reg[6]/C
                            (rising edge-triggered cell FDRE clocked by clk  {rise@0.000ns fall@1.600ns period=3.200ns})
  Destination:            genblk1[103].mac_i/mul_out_reg/A[6]
                            (rising edge-triggered cell DSP48E1 clocked by clk  {rise@0.000ns fall@1.600ns period=3.200ns})
  Path Group:             clk
  Path Type:              Setup (Max at Slow Process Corner)
  Requirement:            3.200ns  (clk rise@3.200ns - clk rise@0.000ns)
  Data Path Delay:        1.934ns  (logic 0.259ns (13.392%)  route 1.675ns (86.608%))
  Logic Levels:           1  (LUT3=1)
  Clock Path Skew:        -0.025ns (DCD - SCD + CPR)
    Destination Clock Delay (DCD):    0.483ns = ( 3.683 - 3.200 ) 
    Source Clock Delay      (SCD):    0.508ns
    Clock Pessimism Removal (CPR):    0.000ns
  Clock Uncertainty:      0.035ns  ((TSJ^2 + TIJ^2)^1/2 + DJ) / 2 + PE
    Total System Jitter     (TSJ):    0.071ns
    Total Input Jitter      (TIJ):    0.000ns
    Discrete Jitter          (DJ):    0.000ns
    Phase Error              (PE):    0.000ns

    Location             Delay type                Incr(ns)  Path(ns)    Netlist Resource(s)
  -------------------------------------------------------------------    -------------------
                         (clock clk rise edge)        0.000     0.000 r  
                                                      0.000     0.000 r  clk (IN)
                         net (fo=5231, unset)         0.508     0.508    clk
    SLICE_X79Y38         FDRE                                         r  ifm_4_reg[6]/C
  -------------------------------------------------------------------    -------------------
    SLICE_X79Y38         FDRE (Prop_fdre_C_Q)         0.216     0.724 r  ifm_4_reg[6]/Q
                         net (fo=7, routed)           0.434     1.158    genblk1[127].mac_i/Q[6]
    SLICE_X77Y42         LUT3 (Prop_lut3_I0_O)        0.043     1.201 r  genblk1[127].mac_i/mul_out_reg_i_24_replica/O
                         net (fo=2, routed)           1.241     2.442    genblk1[103].mac_i/A[6]_repN_alias
    DSP48_X2Y17          DSP48E1                                      r  genblk1[103].mac_i/mul_out_reg/A[6]
  -------------------------------------------------------------------    -------------------

                         (clock clk rise edge)        3.200     3.200 r  
                                                      0.000     3.200 r  clk (IN)
                         net (fo=5231, unset)         0.483     3.683    genblk1[103].mac_i/clk
    DSP48_X2Y17          DSP48E1                                      r  genblk1[103].mac_i/mul_out_reg/CLK
                         clock pessimism              0.000     3.683    
                         clock uncertainty           -0.035     3.647    
    DSP48_X2Y17          DSP48E1 (Setup_dsp48e1_CLK_A[6])
                                                     -2.320     1.327    genblk1[103].mac_i/mul_out_reg
  -------------------------------------------------------------------
                         required time                          1.327    
                         arrival time                          -2.442    
  -------------------------------------------------------------------
                         slack                                 -1.115    




